L 12/03/2016 - 11:27:09: Start of error session.
L 12/03/2016 - 11:27:09: Info (map "deathrun_trap_canyon") (file "addons/amxmodx/logs/error_20161203.log")
L 12/03/2016 - 11:27:09: Forward-ul nu s-a putut executa.
L 12/03/2016 - 11:27:09: [AMXX] Displaying debug trace (plugin "comp_timer2.amxx", version "1.0-beta")
L 12/03/2016 - 11:27:09: [AMXX] Run time error 1: forced exit 
L 12/03/2016 - 11:27:09: [AMXX]    [0] comp_timer2.sma::checkSQLConditions (line 179)
L 12/03/2016 - 11:27:09: [AMXX]    [1] comp_timer2.sma::SetUserSettings (line 157)
L 12/03/2016 - 11:27:10: Forward-ul nu s-a putut executa.
L 12/03/2016 - 11:27:10: [AMXX] Displaying debug trace (plugin "comp_timer2.amxx", version "1.0-beta")
L 12/03/2016 - 11:27:10: [AMXX] Run time error 1: forced exit 
L 12/03/2016 - 11:27:10: [AMXX]    [0] comp_timer2.sma::checkSQLConditions (line 179)
L 12/03/2016 - 11:27:10: [AMXX]    [1] comp_timer2.sma::SetUserSettings (line 157)
L 12/03/2016 - 11:27:10: Forward-ul nu s-a putut executa.
L 12/03/2016 - 11:27:10: [AMXX] Displaying debug trace (plugin "comp_timer2.amxx", version "1.0-beta")
L 12/03/2016 - 11:27:10: [AMXX] Run time error 1: forced exit 
L 12/03/2016 - 11:27:10: [AMXX]    [0] comp_timer2.sma::checkSQLConditions (line 179)
L 12/03/2016 - 11:27:10: [AMXX]    [1] comp_timer2.sma::SetUserSettings (line 157)
L 12/03/2016 - 11:27:13: Forward-ul nu s-a putut executa.
L 12/03/2016 - 11:27:13: [AMXX] Displaying debug trace (plugin "comp_timer2.amxx", version "1.0-beta")
L 12/03/2016 - 11:27:13: [AMXX] Run time error 1: forced exit 
L 12/03/2016 - 11:27:13: [AMXX]    [0] comp_timer2.sma::checkSQLConditions (line 179)
L 12/03/2016 - 11:27:13: [AMXX]    [1] comp_timer2.sma::SetUserSettings (line 157)
L 12/03/2016 - 11:27:31: Forward-ul nu s-a putut executa.
L 12/03/2016 - 11:27:31: [AMXX] Displaying debug trace (plugin "comp_timer2.amxx", version "1.0-beta")
L 12/03/2016 - 11:27:31: [AMXX] Run time error 1: forced exit 
L 12/03/2016 - 11:27:31: [AMXX]    [0] comp_timer2.sma::checkSQLConditions (line 179)
L 12/03/2016 - 11:27:31: [AMXX]    [1] comp_timer2.sma::SetUserSettings (line 157)
L 12/03/2016 - 11:27:48: Start of error session.
L 12/03/2016 - 11:27:48: Info (map "deathrun_blabla_hard") (file "addons/amxmodx/logs/error_20161203.log")
L 12/03/2016 - 11:27:48: Forward-ul nu s-a putut executa.
L 12/03/2016 - 11:27:48: [AMXX] Displaying debug trace (plugin "comp_timer2.amxx", version "1.0-beta")
L 12/03/2016 - 11:27:48: [AMXX] Run time error 1: forced exit 
L 12/03/2016 - 11:27:48: [AMXX]    [0] comp_timer2.sma::checkSQLConditions (line 179)
L 12/03/2016 - 11:27:48: [AMXX]    [1] comp_timer2.sma::SetUserSettings (line 157)
L 12/03/2016 - 13:48:05: Start of error session.
L 12/03/2016 - 13:48:05: Info (map "deathrun_aztecan_beta1") (file "addons/amxmodx/logs/error_20161203.log")
L 12/03/2016 - 13:48:05: Forward-ul nu s-a putut executa.
L 12/03/2016 - 13:48:05: [AMXX] Run time error 1 (plugin "allchat3.amxx") - forced exit
L 12/03/2016 - 15:42:59: Start of error session.
L 12/03/2016 - 15:42:59: Info (map "deathrun_latexx") (file "addons/amxmodx/logs/error_20161203.log")
L 12/03/2016 - 15:42:59: [FAKEMETA] Invalid entity
L 12/03/2016 - 15:42:59: [AMXX] Displaying debug trace (plugin "use_button_once.amxx", version "1.3")
L 12/03/2016 - 15:42:59: [AMXX] Run time error 10: native error (native "pev")
L 12/03/2016 - 15:42:59: [AMXX]    [0] use_button_once.sma::get_ent_index (line 225)
L 12/03/2016 - 15:42:59: [AMXX]    [1] use_button_once.sma::set_start_value (line 212)
L 12/03/2016 - 15:42:59: [AMXX]    [2] use_button_once.sma::plugin_cfg (line 173)
L 12/03/2016 - 19:26:19: Start of error session.
L 12/03/2016 - 19:26:19: Info (map "deathrun_adelina") (file "addons/amxmodx/logs/error_20161203.log")
L 12/03/2016 - 19:26:19: Forward-ul nu s-a putut executa.
L 12/03/2016 - 19:26:19: [AMXX] Run time error 1 (plugin "allchat3.amxx") - forced exit
L 12/03/2016 - 19:40:33: Start of error session.
L 12/03/2016 - 19:40:33: Info (map "deathrun_laikiux9") (file "addons/amxmodx/logs/error_20161203.log")
L 12/03/2016 - 19:40:33: Forward-ul nu s-a putut executa.
L 12/03/2016 - 19:40:33: [AMXX] Run time error 1 (plugin "allchat3.amxx") - forced exit
L 12/03/2016 - 20:23:27: Start of error session.
L 12/03/2016 - 20:23:27: Info (map "deathrun_raykium_xf") (file "addons/amxmodx/logs/error_20161203.log")
L 12/03/2016 - 20:23:27: Forward-ul nu s-a putut executa.
L 12/03/2016 - 20:23:27: [AMXX] Displaying debug trace (plugin "comp_timer2.amxx", version "1.0-beta")
L 12/03/2016 - 20:23:27: [AMXX] Run time error 1: forced exit 
L 12/03/2016 - 20:23:27: [AMXX]    [0] comp_timer2.sma::checkSQLConditions (line 179)
L 12/03/2016 - 20:23:27: [AMXX]    [1] comp_timer2.sma::SetUserSettings (line 157)
L 12/03/2016 - 20:23:27: Forward-ul nu s-a putut executa.
L 12/03/2016 - 20:23:27: [AMXX] Displaying debug trace (plugin "comp_timer2.amxx", version "1.0-beta")
L 12/03/2016 - 20:23:27: [AMXX] Run time error 1: forced exit 
L 12/03/2016 - 20:23:27: [AMXX]    [0] comp_timer2.sma::checkSQLConditions (line 179)
L 12/03/2016 - 20:23:27: [AMXX]    [1] comp_timer2.sma::SetUserSettings (line 157)
L 12/03/2016 - 20:23:27: Forward-ul nu s-a putut executa.
L 12/03/2016 - 20:23:27: [AMXX] Displaying debug trace (plugin "comp_timer2.amxx", version "1.0-beta")
L 12/03/2016 - 20:23:27: [AMXX] Run time error 1: forced exit 
L 12/03/2016 - 20:23:27: [AMXX]    [0] comp_timer2.sma::checkSQLConditions (line 179)
L 12/03/2016 - 20:23:27: [AMXX]    [1] comp_timer2.sma::SetUserSettings (line 157)
L 12/03/2016 - 20:23:40: Forward-ul nu s-a putut executa.
L 12/03/2016 - 20:23:40: [AMXX] Displaying debug trace (plugin "comp_timer2.amxx", version "1.0-beta")
L 12/03/2016 - 20:23:40: [AMXX] Run time error 1: forced exit 
L 12/03/2016 - 20:23:40: [AMXX]    [0] comp_timer2.sma::checkSQLConditions (line 179)
L 12/03/2016 - 20:23:40: [AMXX]    [1] comp_timer2.sma::SetUserSettings (line 157)
L 12/03/2016 - 20:23:44: Forward-ul nu s-a putut executa.
L 12/03/2016 - 20:23:44: [AMXX] Displaying debug trace (plugin "comp_timer2.amxx", version "1.0-beta")
L 12/03/2016 - 20:23:44: [AMXX] Run time error 1: forced exit 
L 12/03/2016 - 20:23:44: [AMXX]    [0] comp_timer2.sma::checkSQLConditions (line 179)
L 12/03/2016 - 20:23:44: [AMXX]    [1] comp_timer2.sma::SetUserSettings (line 157)
L 12/03/2016 - 20:24:33: Forward-ul nu s-a putut executa.
L 12/03/2016 - 20:24:33: [AMXX] Displaying debug trace (plugin "comp_timer2.amxx", version "1.0-beta")
L 12/03/2016 - 20:24:33: [AMXX] Run time error 1: forced exit 
L 12/03/2016 - 20:24:33: [AMXX]    [0] comp_timer2.sma::checkSQLConditions (line 179)
L 12/03/2016 - 20:24:33: [AMXX]    [1] comp_timer2.sma::SetUserSettings (line 157)
L 12/03/2016 - 20:24:40: Start of error session.
L 12/03/2016 - 20:24:40: Info (map "deathrun_winterfg_lux") (file "addons/amxmodx/logs/error_20161203.log")
L 12/03/2016 - 20:24:40: Forward-ul nu s-a putut executa.
L 12/03/2016 - 20:24:40: [AMXX] Displaying debug trace (plugin "comp_timer2.amxx", version "1.0-beta")
L 12/03/2016 - 20:24:40: [AMXX] Run time error 1: forced exit 
L 12/03/2016 - 20:24:40: [AMXX]    [0] comp_timer2.sma::checkSQLConditions (line 179)
L 12/03/2016 - 20:24:40: [AMXX]    [1] comp_timer2.sma::SetUserSettings (line 157)
L 12/03/2016 - 20:24:57: Start of error session.
L 12/03/2016 - 20:24:57: Info (map "deathrun_abtropicano2") (file "addons/amxmodx/logs/error_20161203.log")
L 12/03/2016 - 20:24:57: Forward-ul nu s-a putut executa.
L 12/03/2016 - 20:24:57: [AMXX] Displaying debug trace (plugin "comp_timer2.amxx", version "1.0-beta")
L 12/03/2016 - 20:24:57: [AMXX] Run time error 1: forced exit 
L 12/03/2016 - 20:24:57: [AMXX]    [0] comp_timer2.sma::checkSQLConditions (line 179)
L 12/03/2016 - 20:24:57: [AMXX]    [1] comp_timer2.sma::SetUserSettings (line 157)
L 12/03/2016 - 20:24:57: Forward-ul nu s-a putut executa.
L 12/03/2016 - 20:24:57: [AMXX] Displaying debug trace (plugin "comp_timer2.amxx", version "1.0-beta")
L 12/03/2016 - 20:24:57: [AMXX] Run time error 1: forced exit 
L 12/03/2016 - 20:24:57: [AMXX]    [0] comp_timer2.sma::checkSQLConditions (line 179)
L 12/03/2016 - 20:24:57: [AMXX]    [1] comp_timer2.sma::SetUserSettings (line 157)
L 12/03/2016 - 20:25:06: Forward-ul nu s-a putut executa.
L 12/03/2016 - 20:25:06: [AMXX] Displaying debug trace (plugin "comp_timer2.amxx", version "1.0-beta")
L 12/03/2016 - 20:25:06: [AMXX] Run time error 1: forced exit 
L 12/03/2016 - 20:25:06: [AMXX]    [0] comp_timer2.sma::checkSQLConditions (line 179)
L 12/03/2016 - 20:25:06: [AMXX]    [1] comp_timer2.sma::SetUserSettings (line 157)
L 12/03/2016 - 22:05:43: Start of error session.
L 12/03/2016 - 22:05:43: Info (map "deathrun_sfa!") (file "addons/amxmodx/logs/error_20161203.log")
L 12/03/2016 - 22:05:43: Forward-ul nu s-a putut executa.
L 12/03/2016 - 22:05:43: [AMXX] Displaying debug trace (plugin "comp_timer2.amxx", version "1.0-beta")
L 12/03/2016 - 22:05:43: [AMXX] Run time error 1: forced exit 
L 12/03/2016 - 22:05:43: [AMXX]    [0] comp_timer2.sma::checkSQLConditions (line 179)
L 12/03/2016 - 22:05:43: [AMXX]    [1] comp_timer2.sma::SetUserSettings (line 157)
L 12/03/2016 - 22:05:43: Forward-ul nu s-a putut executa.
L 12/03/2016 - 22:05:43: [AMXX] Displaying debug trace (plugin "comp_timer2.amxx", version "1.0-beta")
L 12/03/2016 - 22:05:43: [AMXX] Run time error 1: forced exit 
L 12/03/2016 - 22:05:43: [AMXX]    [0] comp_timer2.sma::checkSQLConditions (line 179)
L 12/03/2016 - 22:05:43: [AMXX]    [1] comp_timer2.sma::SetUserSettings (line 157)
L 12/03/2016 - 22:05:43: Forward-ul nu s-a putut executa.
L 12/03/2016 - 22:05:43: [AMXX] Displaying debug trace (plugin "comp_timer2.amxx", version "1.0-beta")
L 12/03/2016 - 22:05:43: [AMXX] Run time error 1: forced exit 
L 12/03/2016 - 22:05:43: [AMXX]    [0] comp_timer2.sma::checkSQLConditions (line 179)
L 12/03/2016 - 22:05:43: [AMXX]    [1] comp_timer2.sma::SetUserSettings (line 157)
L 12/03/2016 - 22:05:48: Forward-ul nu s-a putut executa.
L 12/03/2016 - 22:05:48: [AMXX] Displaying debug trace (plugin "comp_timer2.amxx", version "1.0-beta")
L 12/03/2016 - 22:05:48: [AMXX] Run time error 1: forced exit 
L 12/03/2016 - 22:05:48: [AMXX]    [0] comp_timer2.sma::checkSQLConditions (line 179)
L 12/03/2016 - 22:05:48: [AMXX]    [1] comp_timer2.sma::SetUserSettings (line 157)
L 12/03/2016 - 22:06:53: Forward-ul nu s-a putut executa.
L 12/03/2016 - 22:06:53: [AMXX] Displaying debug trace (plugin "comp_timer2.amxx", version "1.0-beta")
L 12/03/2016 - 22:06:53: [AMXX] Run time error 1: forced exit 
L 12/03/2016 - 22:06:53: [AMXX]    [0] comp_timer2.sma::checkSQLConditions (line 179)
L 12/03/2016 - 22:06:53: [AMXX]    [1] comp_timer2.sma::checkIfNameExists (line 706)
L 12/03/2016 - 23:20:18: Start of error session.
L 12/03/2016 - 23:20:18: Info (map "deathrun_laikiux") (file "addons/amxmodx/logs/error_20161203.log")
L 12/03/2016 - 23:20:18: Forward-ul nu s-a putut executa.
L 12/03/2016 - 23:20:18: [AMXX] Displaying debug trace (plugin "comp_timer2.amxx", version "1.0-beta")
L 12/03/2016 - 23:20:18: [AMXX] Run time error 1: forced exit 
L 12/03/2016 - 23:20:18: [AMXX]    [0] comp_timer2.sma::checkSQLConditions (line 179)
L 12/03/2016 - 23:20:18: [AMXX]    [1] comp_timer2.sma::SetUserSettings (line 157)
L 12/03/2016 - 23:20:18: Forward-ul nu s-a putut executa.
L 12/03/2016 - 23:20:18: [AMXX] Displaying debug trace (plugin "comp_timer2.amxx", version "1.0-beta")
L 12/03/2016 - 23:20:18: [AMXX] Run time error 1: forced exit 
L 12/03/2016 - 23:20:18: [AMXX]    [0] comp_timer2.sma::checkSQLConditions (line 179)
L 12/03/2016 - 23:20:18: [AMXX]    [1] comp_timer2.sma::SetUserSettings (line 157)
L 12/03/2016 - 23:20:18: Forward-ul nu s-a putut executa.
L 12/03/2016 - 23:20:18: [AMXX] Displaying debug trace (plugin "comp_timer2.amxx", version "1.0-beta")
L 12/03/2016 - 23:20:18: [AMXX] Run time error 1: forced exit 
L 12/03/2016 - 23:20:18: [AMXX]    [0] comp_timer2.sma::checkSQLConditions (line 179)
L 12/03/2016 - 23:20:18: [AMXX]    [1] comp_timer2.sma::SetUserSettings (line 157)
L 12/03/2016 - 23:20:32: Forward-ul nu s-a putut executa.
L 12/03/2016 - 23:20:32: [AMXX] Displaying debug trace (plugin "comp_timer2.amxx", version "1.0-beta")
L 12/03/2016 - 23:20:32: [AMXX] Run time error 1: forced exit 
L 12/03/2016 - 23:20:32: [AMXX]    [0] comp_timer2.sma::checkSQLConditions (line 179)
L 12/03/2016 - 23:20:32: [AMXX]    [1] comp_timer2.sma::SetUserSettings (line 157)
