L 11/19/2016 - 00:14:46: Start of error session.
L 11/19/2016 - 00:14:46: Info (map "deathrun_purplez") (file "addons/amxmodx/logs/error_20161119.log")
L 11/19/2016 - 00:14:46: Forward-ul nu s-a putut executa.
L 11/19/2016 - 00:14:46: [AMXX] Run time error 1 (plugin "allchat3.amxx") - forced exit
L 11/19/2016 - 12:26:27: Start of error session.
L 11/19/2016 - 12:26:27: Info (map "deathrun_4rooms_fg") (file "addons/amxmodx/logs/error_20161119.log")
L 11/19/2016 - 12:26:27: Forward-ul nu s-a putut executa.
L 11/19/2016 - 12:26:27: [AMXX] Displaying debug trace (plugin "comp_timer2.amxx", version "1.0-beta")
L 11/19/2016 - 12:26:27: [AMXX] Run time error 1: forced exit 
L 11/19/2016 - 12:26:27: [AMXX]    [0] comp_timer2.sma::checkSQLConditions (line 179)
L 11/19/2016 - 12:26:27: [AMXX]    [1] comp_timer2.sma::SetUserSettings (line 157)
L 11/19/2016 - 12:26:27: Forward-ul nu s-a putut executa.
L 11/19/2016 - 12:26:27: [AMXX] Displaying debug trace (plugin "comp_timer2.amxx", version "1.0-beta")
L 11/19/2016 - 12:26:27: [AMXX] Run time error 1: forced exit 
L 11/19/2016 - 12:26:27: [AMXX]    [0] comp_timer2.sma::checkSQLConditions (line 179)
L 11/19/2016 - 12:26:27: [AMXX]    [1] comp_timer2.sma::SetUserSettings (line 157)
L 11/19/2016 - 12:26:27: Forward-ul nu s-a putut executa.
L 11/19/2016 - 12:26:27: [AMXX] Displaying debug trace (plugin "comp_timer2.amxx", version "1.0-beta")
L 11/19/2016 - 12:26:27: [AMXX] Run time error 1: forced exit 
L 11/19/2016 - 12:26:27: [AMXX]    [0] comp_timer2.sma::checkSQLConditions (line 179)
L 11/19/2016 - 12:26:27: [AMXX]    [1] comp_timer2.sma::SetUserSettings (line 157)
L 11/19/2016 - 12:26:39: Forward-ul nu s-a putut executa.
L 11/19/2016 - 12:26:39: [AMXX] Displaying debug trace (plugin "comp_timer2.amxx", version "1.0-beta")
L 11/19/2016 - 12:26:39: [AMXX] Run time error 1: forced exit 
L 11/19/2016 - 12:26:39: [AMXX]    [0] comp_timer2.sma::checkSQLConditions (line 179)
L 11/19/2016 - 12:26:39: [AMXX]    [1] comp_timer2.sma::SetUserSettings (line 157)
L 11/19/2016 - 12:26:44: Start of error session.
L 11/19/2016 - 12:26:44: Info (map "deathrun_hard_cspgames2") (file "addons/amxmodx/logs/error_20161119.log")
L 11/19/2016 - 12:26:44: Forward-ul nu s-a putut executa.
L 11/19/2016 - 12:26:44: [AMXX] Displaying debug trace (plugin "comp_timer2.amxx", version "1.0-beta")
L 11/19/2016 - 12:26:44: [AMXX] Run time error 1: forced exit 
L 11/19/2016 - 12:26:44: [AMXX]    [0] comp_timer2.sma::checkSQLConditions (line 179)
L 11/19/2016 - 12:26:44: [AMXX]    [1] comp_timer2.sma::SetUserSettings (line 157)
L 11/19/2016 - 12:26:54: Forward-ul nu s-a putut executa.
L 11/19/2016 - 12:26:54: [AMXX] Displaying debug trace (plugin "comp_timer2.amxx", version "1.0-beta")
L 11/19/2016 - 12:26:54: [AMXX] Run time error 1: forced exit 
L 11/19/2016 - 12:26:54: [AMXX]    [0] comp_timer2.sma::checkSQLConditions (line 179)
L 11/19/2016 - 12:26:54: [AMXX]    [1] comp_timer2.sma::SetUserSettings (line 157)
L 11/19/2016 - 12:27:13: Forward-ul nu s-a putut executa.
L 11/19/2016 - 12:27:13: [AMXX] Displaying debug trace (plugin "comp_timer2.amxx", version "1.0-beta")
L 11/19/2016 - 12:27:13: [AMXX] Run time error 1: forced exit 
L 11/19/2016 - 12:27:13: [AMXX]    [0] comp_timer2.sma::checkSQLConditions (line 179)
L 11/19/2016 - 12:27:13: [AMXX]    [1] comp_timer2.sma::SetUserSettings (line 157)
L 11/19/2016 - 13:16:25: Start of error session.
L 11/19/2016 - 13:16:25: Info (map "deathrun_3sixty_fg_fix3") (file "addons/amxmodx/logs/error_20161119.log")
L 11/19/2016 - 13:16:25: Forward-ul nu s-a putut executa.
L 11/19/2016 - 13:16:25: [AMXX] Displaying debug trace (plugin "comp_timer2.amxx", version "1.0-beta")
L 11/19/2016 - 13:16:25: [AMXX] Run time error 1: forced exit 
L 11/19/2016 - 13:16:25: [AMXX]    [0] comp_timer2.sma::checkSQLConditions (line 179)
L 11/19/2016 - 13:16:25: [AMXX]    [1] comp_timer2.sma::SetUserSettings (line 157)
L 11/19/2016 - 13:16:25: Forward-ul nu s-a putut executa.
L 11/19/2016 - 13:16:25: [AMXX] Displaying debug trace (plugin "comp_timer2.amxx", version "1.0-beta")
L 11/19/2016 - 13:16:25: [AMXX] Run time error 1: forced exit 
L 11/19/2016 - 13:16:25: [AMXX]    [0] comp_timer2.sma::checkSQLConditions (line 179)
L 11/19/2016 - 13:16:25: [AMXX]    [1] comp_timer2.sma::SetUserSettings (line 157)
L 11/19/2016 - 13:16:25: Forward-ul nu s-a putut executa.
L 11/19/2016 - 13:16:25: [AMXX] Displaying debug trace (plugin "comp_timer2.amxx", version "1.0-beta")
L 11/19/2016 - 13:16:25: [AMXX] Run time error 1: forced exit 
L 11/19/2016 - 13:16:25: [AMXX]    [0] comp_timer2.sma::checkSQLConditions (line 179)
L 11/19/2016 - 13:16:25: [AMXX]    [1] comp_timer2.sma::SetUserSettings (line 157)
L 11/19/2016 - 13:16:28: Forward-ul nu s-a putut executa.
L 11/19/2016 - 13:16:28: [AMXX] Displaying debug trace (plugin "comp_timer2.amxx", version "1.0-beta")
L 11/19/2016 - 13:16:28: [AMXX] Run time error 1: forced exit 
L 11/19/2016 - 13:16:28: [AMXX]    [0] comp_timer2.sma::checkSQLConditions (line 179)
L 11/19/2016 - 13:16:28: [AMXX]    [1] comp_timer2.sma::SetUserSettings (line 157)
L 11/19/2016 - 14:16:10: Start of error session.
L 11/19/2016 - 14:16:10: Info (map "deathrun_expres-game") (file "addons/amxmodx/logs/error_20161119.log")
L 11/19/2016 - 14:16:10: Forward-ul nu s-a putut executa.
L 11/19/2016 - 14:16:10: [AMXX] Run time error 1 (plugin "pistols_sql.amxx") - forced exit
L 11/19/2016 - 14:42:04: Start of error session.
L 11/19/2016 - 14:42:04: Info (map "deathrun_latexx") (file "addons/amxmodx/logs/error_20161119.log")
L 11/19/2016 - 14:42:04: [FAKEMETA] Invalid entity
L 11/19/2016 - 14:42:04: [AMXX] Displaying debug trace (plugin "use_button_once.amxx", version "1.3")
L 11/19/2016 - 14:42:04: [AMXX] Run time error 10: native error (native "pev")
L 11/19/2016 - 14:42:04: [AMXX]    [0] use_button_once.sma::get_ent_index (line 225)
L 11/19/2016 - 14:42:04: [AMXX]    [1] use_button_once.sma::set_start_value (line 212)
L 11/19/2016 - 14:42:04: [AMXX]    [2] use_button_once.sma::plugin_cfg (line 173)
L 11/19/2016 - 16:37:30: Start of error session.
L 11/19/2016 - 16:37:30: Info (map "deathrun_genius") (file "addons/amxmodx/logs/error_20161119.log")
L 11/19/2016 - 16:37:30: Forward-ul nu s-a putut executa.
L 11/19/2016 - 16:37:30: [AMXX] Displaying debug trace (plugin "comp_timer2.amxx", version "1.0-beta")
L 11/19/2016 - 16:37:30: [AMXX] Run time error 1: forced exit 
L 11/19/2016 - 16:37:30: [AMXX]    [0] comp_timer2.sma::checkSQLConditions (line 179)
L 11/19/2016 - 16:37:30: [AMXX]    [1] comp_timer2.sma::SetUserSettings (line 157)
L 11/19/2016 - 16:37:30: Forward-ul nu s-a putut executa.
L 11/19/2016 - 16:37:30: [AMXX] Displaying debug trace (plugin "comp_timer2.amxx", version "1.0-beta")
L 11/19/2016 - 16:37:30: [AMXX] Run time error 1: forced exit 
L 11/19/2016 - 16:37:30: [AMXX]    [0] comp_timer2.sma::checkSQLConditions (line 179)
L 11/19/2016 - 16:37:30: [AMXX]    [1] comp_timer2.sma::SetUserSettings (line 157)
L 11/19/2016 - 16:37:30: Forward-ul nu s-a putut executa.
L 11/19/2016 - 16:37:30: [AMXX] Displaying debug trace (plugin "comp_timer2.amxx", version "1.0-beta")
L 11/19/2016 - 16:37:30: [AMXX] Run time error 1: forced exit 
L 11/19/2016 - 16:37:30: [AMXX]    [0] comp_timer2.sma::checkSQLConditions (line 179)
L 11/19/2016 - 16:37:30: [AMXX]    [1] comp_timer2.sma::SetUserSettings (line 157)
L 11/19/2016 - 16:37:34: Forward-ul nu s-a putut executa.
L 11/19/2016 - 16:37:34: [AMXX] Displaying debug trace (plugin "comp_timer2.amxx", version "1.0-beta")
L 11/19/2016 - 16:37:34: [AMXX] Run time error 1: forced exit 
L 11/19/2016 - 16:37:34: [AMXX]    [0] comp_timer2.sma::checkSQLConditions (line 179)
L 11/19/2016 - 16:37:34: [AMXX]    [1] comp_timer2.sma::SetUserSettings (line 157)
L 11/19/2016 - 16:51:51: Start of error session.
L 11/19/2016 - 16:51:51: Info (map "deathrun_alpin_spring") (file "addons/amxmodx/logs/error_20161119.log")
L 11/19/2016 - 16:51:51: Forward-ul nu s-a putut executa.
L 11/19/2016 - 16:51:51: [AMXX] Displaying debug trace (plugin "comp_timer2.amxx", version "1.0-beta")
L 11/19/2016 - 16:51:51: [AMXX] Run time error 1: forced exit 
L 11/19/2016 - 16:51:51: [AMXX]    [0] comp_timer2.sma::checkSQLConditions (line 179)
L 11/19/2016 - 16:51:51: [AMXX]    [1] comp_timer2.sma::SetUserSettings (line 157)
L 11/19/2016 - 16:51:55: Forward-ul nu s-a putut executa.
L 11/19/2016 - 16:51:55: [AMXX] Displaying debug trace (plugin "comp_timer2.amxx", version "1.0-beta")
L 11/19/2016 - 16:51:55: [AMXX] Run time error 1: forced exit 
L 11/19/2016 - 16:51:55: [AMXX]    [0] comp_timer2.sma::checkSQLConditions (line 179)
L 11/19/2016 - 16:51:55: [AMXX]    [1] comp_timer2.sma::SetUserSettings (line 157)
L 11/19/2016 - 16:52:50: Forward-ul nu s-a putut executa.
L 11/19/2016 - 16:52:50: [AMXX] Run time error 1 (plugin "allchat3.amxx") - forced exit
L 11/19/2016 - 16:56:40: Forward-ul nu s-a putut executa.
L 11/19/2016 - 16:56:40: [AMXX] Run time error 1 (plugin "allchat3.amxx") - forced exit
L 11/19/2016 - 17:37:32: Start of error session.
L 11/19/2016 - 17:37:32: Info (map "deathrun_unreal") (file "addons/amxmodx/logs/error_20161119.log")
L 11/19/2016 - 17:37:32: Forward-ul nu s-a putut executa.
L 11/19/2016 - 17:37:32: [AMXX] Displaying debug trace (plugin "comp_timer2.amxx", version "1.0-beta")
L 11/19/2016 - 17:37:32: [AMXX] Run time error 1: forced exit 
L 11/19/2016 - 17:37:32: [AMXX]    [0] comp_timer2.sma::checkSQLConditions (line 179)
L 11/19/2016 - 17:37:32: [AMXX]    [1] comp_timer2.sma::SetUserSettings (line 157)
L 11/19/2016 - 17:37:32: Forward-ul nu s-a putut executa.
L 11/19/2016 - 17:37:32: [AMXX] Displaying debug trace (plugin "comp_timer2.amxx", version "1.0-beta")
L 11/19/2016 - 17:37:32: [AMXX] Run time error 1: forced exit 
L 11/19/2016 - 17:37:32: [AMXX]    [0] comp_timer2.sma::checkSQLConditions (line 179)
L 11/19/2016 - 17:37:32: [AMXX]    [1] comp_timer2.sma::SetUserSettings (line 157)
L 11/19/2016 - 17:37:32: Forward-ul nu s-a putut executa.
L 11/19/2016 - 17:37:32: [AMXX] Displaying debug trace (plugin "comp_timer2.amxx", version "1.0-beta")
L 11/19/2016 - 17:37:32: [AMXX] Run time error 1: forced exit 
L 11/19/2016 - 17:37:32: [AMXX]    [0] comp_timer2.sma::checkSQLConditions (line 179)
L 11/19/2016 - 17:37:32: [AMXX]    [1] comp_timer2.sma::SetUserSettings (line 157)
L 11/19/2016 - 17:37:36: Forward-ul nu s-a putut executa.
L 11/19/2016 - 17:37:36: [AMXX] Displaying debug trace (plugin "comp_timer2.amxx", version "1.0-beta")
L 11/19/2016 - 17:37:36: [AMXX] Run time error 1: forced exit 
L 11/19/2016 - 17:37:36: [AMXX]    [0] comp_timer2.sma::checkSQLConditions (line 179)
L 11/19/2016 - 17:37:36: [AMXX]    [1] comp_timer2.sma::SetUserSettings (line 157)
L 11/19/2016 - 17:37:54: Forward-ul nu s-a putut executa.
L 11/19/2016 - 17:37:54: [AMXX] Run time error 1 (plugin "allchat3.amxx") - forced exit
L 11/19/2016 - 17:44:45: Start of error session.
L 11/19/2016 - 17:44:45: Info (map "deathrun_expres-winter") (file "addons/amxmodx/logs/error_20161119.log")
L 11/19/2016 - 17:44:45: Forward-ul nu s-a putut executa.
L 11/19/2016 - 17:44:45: [AMXX] Displaying debug trace (plugin "comp_timer2.amxx", version "1.0-beta")
L 11/19/2016 - 17:44:45: [AMXX] Run time error 1: forced exit 
L 11/19/2016 - 17:44:45: [AMXX]    [0] comp_timer2.sma::checkSQLConditions (line 179)
L 11/19/2016 - 17:44:45: [AMXX]    [1] comp_timer2.sma::SetUserSettings (line 157)
L 11/19/2016 - 17:44:52: Forward-ul nu s-a putut executa.
L 11/19/2016 - 17:44:52: [AMXX] Displaying debug trace (plugin "comp_timer2.amxx", version "1.0-beta")
L 11/19/2016 - 17:44:52: [AMXX] Run time error 1: forced exit 
L 11/19/2016 - 17:44:52: [AMXX]    [0] comp_timer2.sma::checkSQLConditions (line 179)
L 11/19/2016 - 17:44:52: [AMXX]    [1] comp_timer2.sma::SetUserSettings (line 157)
L 11/19/2016 - 17:45:11: Forward-ul nu s-a putut executa.
L 11/19/2016 - 17:45:11: [AMXX] Run time error 1 (plugin "allchat3.amxx") - forced exit
L 11/19/2016 - 17:58:00: Forward-ul nu s-a putut executa.
L 11/19/2016 - 17:58:00: [AMXX] Displaying debug trace (plugin "comp_timer2.amxx", version "1.0-beta")
L 11/19/2016 - 17:58:00: [AMXX] Run time error 1: forced exit 
L 11/19/2016 - 17:58:00: [AMXX]    [0] comp_timer2.sma::checkSQLConditions (line 179)
L 11/19/2016 - 17:58:00: [AMXX]    [1] comp_timer2.sma::SetUserSettings (line 157)
L 11/19/2016 - 23:12:16: Start of error session.
L 11/19/2016 - 23:12:16: Info (map "deathrun_astro") (file "addons/amxmodx/logs/error_20161119.log")
L 11/19/2016 - 23:12:16: Forward-ul nu s-a putut executa.
L 11/19/2016 - 23:12:16: [AMXX] Run time error 1 (plugin "allchat3.amxx") - forced exit
