L 11/20/2016 - 01:34:55: Start of error session.
L 11/20/2016 - 01:34:55: Info (map "deathrun_latexx") (file "addons/amxmodx/logs/error_20161120.log")
L 11/20/2016 - 01:34:55: [FAKEMETA] Invalid entity
L 11/20/2016 - 01:34:55: [AMXX] Displaying debug trace (plugin "use_button_once.amxx", version "1.3")
L 11/20/2016 - 01:34:55: [AMXX] Run time error 10: native error (native "pev")
L 11/20/2016 - 01:34:55: [AMXX]    [0] use_button_once.sma::get_ent_index (line 225)
L 11/20/2016 - 01:34:55: [AMXX]    [1] use_button_once.sma::set_start_value (line 212)
L 11/20/2016 - 01:34:55: [AMXX]    [2] use_button_once.sma::plugin_cfg (line 173)
L 11/20/2016 - 17:24:55: Start of error session.
L 11/20/2016 - 17:24:55: Info (map "deathrun_clarion_dojo_b3") (file "addons/amxmodx/logs/error_20161120.log")
L 11/20/2016 - 17:24:55: Forward-ul nu s-a putut executa.
L 11/20/2016 - 17:24:55: [AMXX] Displaying debug trace (plugin "comp_timer2.amxx", version "1.0-beta")
L 11/20/2016 - 17:24:55: [AMXX] Run time error 1: forced exit 
L 11/20/2016 - 17:24:55: [AMXX]    [0] comp_timer2.sma::checkSQLConditions (line 179)
L 11/20/2016 - 17:24:55: [AMXX]    [1] comp_timer2.sma::SetUserSettings (line 157)
L 11/20/2016 - 17:24:55: Forward-ul nu s-a putut executa.
L 11/20/2016 - 17:24:55: [AMXX] Displaying debug trace (plugin "comp_timer2.amxx", version "1.0-beta")
L 11/20/2016 - 17:24:55: [AMXX] Run time error 1: forced exit 
L 11/20/2016 - 17:24:55: [AMXX]    [0] comp_timer2.sma::checkSQLConditions (line 179)
L 11/20/2016 - 17:24:55: [AMXX]    [1] comp_timer2.sma::SetUserSettings (line 157)
L 11/20/2016 - 17:24:58: Forward-ul nu s-a putut executa.
L 11/20/2016 - 17:24:58: [AMXX] Displaying debug trace (plugin "comp_timer2.amxx", version "1.0-beta")
L 11/20/2016 - 17:24:58: [AMXX] Run time error 1: forced exit 
L 11/20/2016 - 17:24:58: [AMXX]    [0] comp_timer2.sma::checkSQLConditions (line 179)
L 11/20/2016 - 17:24:58: [AMXX]    [1] comp_timer2.sma::SetUserSettings (line 157)
L 11/20/2016 - 21:16:01: Start of error session.
L 11/20/2016 - 21:16:01: Info (map "deathrun_holiday") (file "addons/amxmodx/logs/error_20161120.log")
L 11/20/2016 - 21:16:01: Forward-ul nu s-a putut executa.
L 11/20/2016 - 21:16:01: [AMXX] Displaying debug trace (plugin "comp_timer2.amxx", version "1.0-beta")
L 11/20/2016 - 21:16:01: [AMXX] Run time error 1: forced exit 
L 11/20/2016 - 21:16:01: [AMXX]    [0] comp_timer2.sma::checkSQLConditions (line 179)
L 11/20/2016 - 21:16:01: [AMXX]    [1] comp_timer2.sma::addInSql (line 750)
L 11/20/2016 - 21:38:15: Forward-ul nu s-a putut executa.
L 11/20/2016 - 21:38:15: [AMXX] Run time error 1 (plugin "allchat3.amxx") - forced exit
