L 06/25/2017 - 20:23:55: Start of error session.
L 06/25/2017 - 20:23:55: Info (map "deathrun_christmas") (file "addons/amxmodx/logs/error_20170625.log")
L 06/25/2017 - 20:23:55: [AMXX] Run time error 4 (plugin "uq_jumpstats.amxx") - debug not enabled!
L 06/25/2017 - 20:23:55: [AMXX] To enable debug mode, add "debug" after the plugin name in plugins.ini (without quotes).
L 06/25/2017 - 20:23:56: [AMXX] Run time error 4 (plugin "uq_jumpstats.amxx") - debug not enabled!
L 06/25/2017 - 20:23:56: [AMXX] To enable debug mode, add "debug" after the plugin name in plugins.ini (without quotes).
L 06/25/2017 - 20:23:56: [AMXX] Run time error 4 (plugin "uq_jumpstats.amxx") - debug not enabled!
L 06/25/2017 - 20:23:56: [AMXX] To enable debug mode, add "debug" after the plugin name in plugins.ini (without quotes).
L 06/25/2017 - 20:23:56: [AMXX] Run time error 4 (plugin "uq_jumpstats.amxx") - debug not enabled!
L 06/25/2017 - 20:23:56: [AMXX] To enable debug mode, add "debug" after the plugin name in plugins.ini (without quotes).
L 06/25/2017 - 20:23:56: [AMXX] Run time error 4 (plugin "uq_jumpstats.amxx") - debug not enabled!
L 06/25/2017 - 20:23:56: [AMXX] To enable debug mode, add "debug" after the plugin name in plugins.ini (without quotes).
L 06/25/2017 - 20:23:57: [AMXX] Run time error 4 (plugin "uq_jumpstats.amxx") - debug not enabled!
L 06/25/2017 - 20:23:57: [AMXX] To enable debug mode, add "debug" after the plugin name in plugins.ini (without quotes).
L 06/25/2017 - 20:23:57: [AMXX] Run time error 4 (plugin "uq_jumpstats.amxx") - debug not enabled!
L 06/25/2017 - 20:23:57: [AMXX] To enable debug mode, add "debug" after the plugin name in plugins.ini (without quotes).
L 06/25/2017 - 20:23:57: [AMXX] Run time error 4 (plugin "uq_jumpstats.amxx") - debug not enabled!
L 06/25/2017 - 20:23:57: [AMXX] To enable debug mode, add "debug" after the plugin name in plugins.ini (without quotes).
L 06/25/2017 - 20:23:57: [AMXX] Run time error 4 (plugin "uq_jumpstats.amxx") - debug not enabled!
L 06/25/2017 - 20:23:57: [AMXX] To enable debug mode, add "debug" after the plugin name in plugins.ini (without quotes).
L 06/25/2017 - 20:23:58: [AMXX] Run time error 4 (plugin "uq_jumpstats.amxx") - debug not enabled!
L 06/25/2017 - 20:23:58: [AMXX] To enable debug mode, add "debug" after the plugin name in plugins.ini (without quotes).
L 06/25/2017 - 20:23:58: [AMXX] Run time error 4 (plugin "uq_jumpstats.amxx") - debug not enabled!
L 06/25/2017 - 20:23:58: [AMXX] To enable debug mode, add "debug" after the plugin name in plugins.ini (without quotes).
L 06/25/2017 - 20:23:58: [AMXX] Run time error 4 (plugin "uq_jumpstats.amxx") - debug not enabled!
L 06/25/2017 - 20:23:58: [AMXX] To enable debug mode, add "debug" after the plugin name in plugins.ini (without quotes).
L 06/25/2017 - 20:23:58: [AMXX] Run time error 4 (plugin "uq_jumpstats.amxx") - debug not enabled!
L 06/25/2017 - 20:23:58: [AMXX] To enable debug mode, add "debug" after the plugin name in plugins.ini (without quotes).
L 06/25/2017 - 20:23:59: [AMXX] Run time error 4 (plugin "uq_jumpstats.amxx") - debug not enabled!
L 06/25/2017 - 20:23:59: [AMXX] To enable debug mode, add "debug" after the plugin name in plugins.ini (without quotes).
L 06/25/2017 - 20:23:59: [AMXX] Run time error 4 (plugin "uq_jumpstats.amxx") - debug not enabled!
L 06/25/2017 - 20:23:59: [AMXX] To enable debug mode, add "debug" after the plugin name in plugins.ini (without quotes).
L 06/25/2017 - 20:23:59: [AMXX] Run time error 4 (plugin "uq_jumpstats.amxx") - debug not enabled!
L 06/25/2017 - 20:23:59: [AMXX] To enable debug mode, add "debug" after the plugin name in plugins.ini (without quotes).
L 06/25/2017 - 20:23:59: [AMXX] Run time error 4 (plugin "uq_jumpstats.amxx") - debug not enabled!
L 06/25/2017 - 20:23:59: [AMXX] To enable debug mode, add "debug" after the plugin name in plugins.ini (without quotes).
L 06/25/2017 - 20:23:59: [AMXX] Run time error 4 (plugin "uq_jumpstats.amxx") - debug not enabled!
L 06/25/2017 - 20:23:59: [AMXX] To enable debug mode, add "debug" after the plugin name in plugins.ini (without quotes).
L 06/25/2017 - 20:24:00: [AMXX] Run time error 4 (plugin "uq_jumpstats.amxx") - debug not enabled!
L 06/25/2017 - 20:24:00: [AMXX] To enable debug mode, add "debug" after the plugin name in plugins.ini (without quotes).
L 06/25/2017 - 20:24:00: [AMXX] Run time error 4 (plugin "uq_jumpstats.amxx") - debug not enabled!
L 06/25/2017 - 20:24:00: [AMXX] To enable debug mode, add "debug" after the plugin name in plugins.ini (without quotes).
L 06/25/2017 - 20:24:00: [AMXX] Run time error 4 (plugin "uq_jumpstats.amxx") - debug not enabled!
L 06/25/2017 - 20:24:00: [AMXX] To enable debug mode, add "debug" after the plugin name in plugins.ini (without quotes).
L 06/25/2017 - 20:24:00: [AMXX] Run time error 4 (plugin "uq_jumpstats.amxx") - debug not enabled!
L 06/25/2017 - 20:24:00: [AMXX] To enable debug mode, add "debug" after the plugin name in plugins.ini (without quotes).
L 06/25/2017 - 20:24:01: [AMXX] Run time error 4 (plugin "uq_jumpstats.amxx") - debug not enabled!
L 06/25/2017 - 20:24:01: [AMXX] To enable debug mode, add "debug" after the plugin name in plugins.ini (without quotes).
L 06/25/2017 - 20:24:01: [AMXX] Run time error 4 (plugin "uq_jumpstats.amxx") - debug not enabled!
L 06/25/2017 - 20:24:01: [AMXX] To enable debug mode, add "debug" after the plugin name in plugins.ini (without quotes).
L 06/25/2017 - 20:24:01: [AMXX] Run time error 4 (plugin "uq_jumpstats.amxx") - debug not enabled!
L 06/25/2017 - 20:24:01: [AMXX] To enable debug mode, add "debug" after the plugin name in plugins.ini (without quotes).
L 06/25/2017 - 20:24:01: [AMXX] Run time error 4 (plugin "uq_jumpstats.amxx") - debug not enabled!
L 06/25/2017 - 20:24:01: [AMXX] To enable debug mode, add "debug" after the plugin name in plugins.ini (without quotes).
L 06/25/2017 - 20:24:02: [AMXX] Run time error 4 (plugin "uq_jumpstats.amxx") - debug not enabled!
L 06/25/2017 - 20:24:02: [AMXX] To enable debug mode, add "debug" after the plugin name in plugins.ini (without quotes).
L 06/25/2017 - 20:24:02: [AMXX] Run time error 4 (plugin "uq_jumpstats.amxx") - debug not enabled!
L 06/25/2017 - 20:24:02: [AMXX] To enable debug mode, add "debug" after the plugin name in plugins.ini (without quotes).
L 06/25/2017 - 20:24:02: [AMXX] Run time error 4 (plugin "uq_jumpstats.amxx") - debug not enabled!
L 06/25/2017 - 20:24:02: [AMXX] To enable debug mode, add "debug" after the plugin name in plugins.ini (without quotes).
L 06/25/2017 - 20:24:02: [AMXX] Run time error 4 (plugin "uq_jumpstats.amxx") - debug not enabled!
L 06/25/2017 - 20:24:02: [AMXX] To enable debug mode, add "debug" after the plugin name in plugins.ini (without quotes).
L 06/25/2017 - 20:24:03: [AMXX] Run time error 4 (plugin "uq_jumpstats.amxx") - debug not enabled!
L 06/25/2017 - 20:24:03: [AMXX] To enable debug mode, add "debug" after the plugin name in plugins.ini (without quotes).
L 06/25/2017 - 20:24:03: [AMXX] Run time error 4 (plugin "uq_jumpstats.amxx") - debug not enabled!
L 06/25/2017 - 20:24:03: [AMXX] To enable debug mode, add "debug" after the plugin name in plugins.ini (without quotes).
L 06/25/2017 - 20:24:03: [AMXX] Run time error 4 (plugin "uq_jumpstats.amxx") - debug not enabled!
L 06/25/2017 - 20:24:03: [AMXX] To enable debug mode, add "debug" after the plugin name in plugins.ini (without quotes).
L 06/25/2017 - 20:24:03: [AMXX] Run time error 4 (plugin "uq_jumpstats.amxx") - debug not enabled!
L 06/25/2017 - 20:24:03: [AMXX] To enable debug mode, add "debug" after the plugin name in plugins.ini (without quotes).
L 06/25/2017 - 20:24:04: [AMXX] Run time error 4 (plugin "uq_jumpstats.amxx") - debug not enabled!
L 06/25/2017 - 20:24:04: [AMXX] To enable debug mode, add "debug" after the plugin name in plugins.ini (without quotes).
L 06/25/2017 - 20:24:04: [AMXX] Run time error 4 (plugin "uq_jumpstats.amxx") - debug not enabled!
L 06/25/2017 - 20:24:04: [AMXX] To enable debug mode, add "debug" after the plugin name in plugins.ini (without quotes).
L 06/25/2017 - 20:24:04: [AMXX] Run time error 4 (plugin "uq_jumpstats.amxx") - debug not enabled!
L 06/25/2017 - 20:24:04: [AMXX] To enable debug mode, add "debug" after the plugin name in plugins.ini (without quotes).
L 06/25/2017 - 20:24:04: [AMXX] Run time error 4 (plugin "uq_jumpstats.amxx") - debug not enabled!
L 06/25/2017 - 20:24:04: [AMXX] To enable debug mode, add "debug" after the plugin name in plugins.ini (without quotes).
L 06/25/2017 - 20:24:05: [AMXX] Run time error 4 (plugin "uq_jumpstats.amxx") - debug not enabled!
L 06/25/2017 - 20:24:05: [AMXX] To enable debug mode, add "debug" after the plugin name in plugins.ini (without quotes).
L 06/25/2017 - 20:24:05: [AMXX] Run time error 4 (plugin "uq_jumpstats.amxx") - debug not enabled!
L 06/25/2017 - 20:24:05: [AMXX] To enable debug mode, add "debug" after the plugin name in plugins.ini (without quotes).
L 06/25/2017 - 20:24:05: [AMXX] Run time error 4 (plugin "uq_jumpstats.amxx") - debug not enabled!
L 06/25/2017 - 20:24:05: [AMXX] To enable debug mode, add "debug" after the plugin name in plugins.ini (without quotes).
L 06/25/2017 - 20:24:05: [AMXX] Run time error 4 (plugin "uq_jumpstats.amxx") - debug not enabled!
L 06/25/2017 - 20:24:05: [AMXX] To enable debug mode, add "debug" after the plugin name in plugins.ini (without quotes).
L 06/25/2017 - 20:24:06: [AMXX] Run time error 4 (plugin "uq_jumpstats.amxx") - debug not enabled!
L 06/25/2017 - 20:24:06: [AMXX] To enable debug mode, add "debug" after the plugin name in plugins.ini (without quotes).
L 06/25/2017 - 20:24:06: [AMXX] Run time error 4 (plugin "uq_jumpstats.amxx") - debug not enabled!
L 06/25/2017 - 20:24:06: [AMXX] To enable debug mode, add "debug" after the plugin name in plugins.ini (without quotes).
L 06/25/2017 - 20:24:06: [AMXX] Run time error 4 (plugin "uq_jumpstats.amxx") - debug not enabled!
L 06/25/2017 - 20:24:06: [AMXX] To enable debug mode, add "debug" after the plugin name in plugins.ini (without quotes).
L 06/25/2017 - 20:24:06: [AMXX] Run time error 4 (plugin "uq_jumpstats.amxx") - debug not enabled!
L 06/25/2017 - 20:24:06: [AMXX] To enable debug mode, add "debug" after the plugin name in plugins.ini (without quotes).
L 06/25/2017 - 20:24:07: [AMXX] Run time error 4 (plugin "uq_jumpstats.amxx") - debug not enabled!
L 06/25/2017 - 20:24:07: [AMXX] To enable debug mode, add "debug" after the plugin name in plugins.ini (without quotes).
L 06/25/2017 - 20:24:07: [AMXX] Run time error 4 (plugin "uq_jumpstats.amxx") - debug not enabled!
L 06/25/2017 - 20:24:07: [AMXX] To enable debug mode, add "debug" after the plugin name in plugins.ini (without quotes).
L 06/25/2017 - 20:24:07: [AMXX] Run time error 4 (plugin "uq_jumpstats.amxx") - debug not enabled!
L 06/25/2017 - 20:24:07: [AMXX] To enable debug mode, add "debug" after the plugin name in plugins.ini (without quotes).
L 06/25/2017 - 20:24:07: [AMXX] Run time error 4 (plugin "uq_jumpstats.amxx") - debug not enabled!
L 06/25/2017 - 20:24:07: [AMXX] To enable debug mode, add "debug" after the plugin name in plugins.ini (without quotes).
L 06/25/2017 - 20:24:07: [AMXX] Run time error 4 (plugin "uq_jumpstats.amxx") - debug not enabled!
L 06/25/2017 - 20:24:07: [AMXX] To enable debug mode, add "debug" after the plugin name in plugins.ini (without quotes).
L 06/25/2017 - 20:24:08: [AMXX] Run time error 4 (plugin "uq_jumpstats.amxx") - debug not enabled!
L 06/25/2017 - 20:24:08: [AMXX] To enable debug mode, add "debug" after the plugin name in plugins.ini (without quotes).
L 06/25/2017 - 20:24:08: [AMXX] Run time error 4 (plugin "uq_jumpstats.amxx") - debug not enabled!
L 06/25/2017 - 20:24:08: [AMXX] To enable debug mode, add "debug" after the plugin name in plugins.ini (without quotes).
L 06/25/2017 - 20:24:08: [AMXX] Run time error 4 (plugin "uq_jumpstats.amxx") - debug not enabled!
L 06/25/2017 - 20:24:08: [AMXX] To enable debug mode, add "debug" after the plugin name in plugins.ini (without quotes).
L 06/25/2017 - 20:24:08: [AMXX] Run time error 4 (plugin "uq_jumpstats.amxx") - debug not enabled!
L 06/25/2017 - 20:24:08: [AMXX] To enable debug mode, add "debug" after the plugin name in plugins.ini (without quotes).
L 06/25/2017 - 20:24:09: [AMXX] Run time error 4 (plugin "uq_jumpstats.amxx") - debug not enabled!
L 06/25/2017 - 20:24:09: [AMXX] To enable debug mode, add "debug" after the plugin name in plugins.ini (without quotes).
L 06/25/2017 - 20:24:09: [AMXX] Run time error 4 (plugin "uq_jumpstats.amxx") - debug not enabled!
L 06/25/2017 - 20:24:09: [AMXX] To enable debug mode, add "debug" after the plugin name in plugins.ini (without quotes).
L 06/25/2017 - 20:24:09: [AMXX] Run time error 4 (plugin "uq_jumpstats.amxx") - debug not enabled!
L 06/25/2017 - 20:24:09: [AMXX] To enable debug mode, add "debug" after the plugin name in plugins.ini (without quotes).
L 06/25/2017 - 20:24:09: [AMXX] Run time error 4 (plugin "uq_jumpstats.amxx") - debug not enabled!
L 06/25/2017 - 20:24:09: [AMXX] To enable debug mode, add "debug" after the plugin name in plugins.ini (without quotes).
L 06/25/2017 - 20:24:10: [AMXX] Run time error 4 (plugin "uq_jumpstats.amxx") - debug not enabled!
L 06/25/2017 - 20:24:10: [AMXX] To enable debug mode, add "debug" after the plugin name in plugins.ini (without quotes).
L 06/25/2017 - 20:24:10: [AMXX] Run time error 4 (plugin "uq_jumpstats.amxx") - debug not enabled!
L 06/25/2017 - 20:24:10: [AMXX] To enable debug mode, add "debug" after the plugin name in plugins.ini (without quotes).
L 06/25/2017 - 20:24:10: [AMXX] Run time error 4 (plugin "uq_jumpstats.amxx") - debug not enabled!
L 06/25/2017 - 20:24:10: [AMXX] To enable debug mode, add "debug" after the plugin name in plugins.ini (without quotes).
L 06/25/2017 - 20:24:10: [AMXX] Run time error 4 (plugin "uq_jumpstats.amxx") - debug not enabled!
L 06/25/2017 - 20:24:10: [AMXX] To enable debug mode, add "debug" after the plugin name in plugins.ini (without quotes).
L 06/25/2017 - 20:24:11: [AMXX] Run time error 4 (plugin "uq_jumpstats.amxx") - debug not enabled!
L 06/25/2017 - 20:24:11: [AMXX] To enable debug mode, add "debug" after the plugin name in plugins.ini (without quotes).
L 06/25/2017 - 20:24:11: [AMXX] Run time error 4 (plugin "uq_jumpstats.amxx") - debug not enabled!
L 06/25/2017 - 20:24:11: [AMXX] To enable debug mode, add "debug" after the plugin name in plugins.ini (without quotes).
L 06/25/2017 - 20:24:11: [AMXX] Run time error 4 (plugin "uq_jumpstats.amxx") - debug not enabled!
L 06/25/2017 - 20:24:11: [AMXX] To enable debug mode, add "debug" after the plugin name in plugins.ini (without quotes).
L 06/25/2017 - 20:24:11: [AMXX] Run time error 4 (plugin "uq_jumpstats.amxx") - debug not enabled!
L 06/25/2017 - 20:24:11: [AMXX] To enable debug mode, add "debug" after the plugin name in plugins.ini (without quotes).
L 06/25/2017 - 20:24:12: [AMXX] Run time error 4 (plugin "uq_jumpstats.amxx") - debug not enabled!
L 06/25/2017 - 20:24:12: [AMXX] To enable debug mode, add "debug" after the plugin name in plugins.ini (without quotes).
L 06/25/2017 - 20:24:12: [AMXX] Run time error 4 (plugin "uq_jumpstats.amxx") - debug not enabled!
L 06/25/2017 - 20:24:12: [AMXX] To enable debug mode, add "debug" after the plugin name in plugins.ini (without quotes).
L 06/25/2017 - 20:24:12: [AMXX] Run time error 4 (plugin "uq_jumpstats.amxx") - debug not enabled!
L 06/25/2017 - 20:24:12: [AMXX] To enable debug mode, add "debug" after the plugin name in plugins.ini (without quotes).
L 06/25/2017 - 20:24:12: [AMXX] Run time error 4 (plugin "uq_jumpstats.amxx") - debug not enabled!
L 06/25/2017 - 20:24:12: [AMXX] To enable debug mode, add "debug" after the plugin name in plugins.ini (without quotes).
L 06/25/2017 - 20:24:13: [AMXX] Run time error 4 (plugin "uq_jumpstats.amxx") - debug not enabled!
L 06/25/2017 - 20:24:13: [AMXX] To enable debug mode, add "debug" after the plugin name in plugins.ini (without quotes).
L 06/25/2017 - 20:24:13: [AMXX] Run time error 4 (plugin "uq_jumpstats.amxx") - debug not enabled!
L 06/25/2017 - 20:24:13: [AMXX] To enable debug mode, add "debug" after the plugin name in plugins.ini (without quotes).
L 06/25/2017 - 20:24:13: [AMXX] Run time error 4 (plugin "uq_jumpstats.amxx") - debug not enabled!
L 06/25/2017 - 20:24:13: [AMXX] To enable debug mode, add "debug" after the plugin name in plugins.ini (without quotes).
L 06/25/2017 - 20:24:13: [AMXX] Run time error 4 (plugin "uq_jumpstats.amxx") - debug not enabled!
L 06/25/2017 - 20:24:13: [AMXX] To enable debug mode, add "debug" after the plugin name in plugins.ini (without quotes).
L 06/25/2017 - 20:24:13: [AMXX] Run time error 4 (plugin "uq_jumpstats.amxx") - debug not enabled!
L 06/25/2017 - 20:24:13: [AMXX] To enable debug mode, add "debug" after the plugin name in plugins.ini (without quotes).
L 06/25/2017 - 20:24:14: [AMXX] Run time error 4 (plugin "uq_jumpstats.amxx") - debug not enabled!
L 06/25/2017 - 20:24:14: [AMXX] To enable debug mode, add "debug" after the plugin name in plugins.ini (without quotes).
L 06/25/2017 - 20:24:14: [AMXX] Run time error 4 (plugin "uq_jumpstats.amxx") - debug not enabled!
L 06/25/2017 - 20:24:14: [AMXX] To enable debug mode, add "debug" after the plugin name in plugins.ini (without quotes).
L 06/25/2017 - 20:24:14: [AMXX] Run time error 4 (plugin "uq_jumpstats.amxx") - debug not enabled!
L 06/25/2017 - 20:24:14: [AMXX] To enable debug mode, add "debug" after the plugin name in plugins.ini (without quotes).
L 06/25/2017 - 20:24:14: [AMXX] Run time error 4 (plugin "uq_jumpstats.amxx") - debug not enabled!
L 06/25/2017 - 20:24:14: [AMXX] To enable debug mode, add "debug" after the plugin name in plugins.ini (without quotes).
L 06/25/2017 - 20:24:15: [AMXX] Run time error 4 (plugin "uq_jumpstats.amxx") - debug not enabled!
L 06/25/2017 - 20:24:15: [AMXX] To enable debug mode, add "debug" after the plugin name in plugins.ini (without quotes).
L 06/25/2017 - 20:24:15: [AMXX] Run time error 4 (plugin "uq_jumpstats.amxx") - debug not enabled!
L 06/25/2017 - 20:24:15: [AMXX] To enable debug mode, add "debug" after the plugin name in plugins.ini (without quotes).
L 06/25/2017 - 20:24:15: [AMXX] Run time error 4 (plugin "uq_jumpstats.amxx") - debug not enabled!
L 06/25/2017 - 20:24:15: [AMXX] To enable debug mode, add "debug" after the plugin name in plugins.ini (without quotes).
L 06/25/2017 - 20:24:15: [AMXX] Run time error 4 (plugin "uq_jumpstats.amxx") - debug not enabled!
L 06/25/2017 - 20:24:15: [AMXX] To enable debug mode, add "debug" after the plugin name in plugins.ini (without quotes).
L 06/25/2017 - 20:24:16: [AMXX] Run time error 4 (plugin "uq_jumpstats.amxx") - debug not enabled!
L 06/25/2017 - 20:24:16: [AMXX] To enable debug mode, add "debug" after the plugin name in plugins.ini (without quotes).
L 06/25/2017 - 20:24:16: [AMXX] Run time error 4 (plugin "uq_jumpstats.amxx") - debug not enabled!
L 06/25/2017 - 20:24:16: [AMXX] To enable debug mode, add "debug" after the plugin name in plugins.ini (without quotes).
L 06/25/2017 - 20:24:16: [AMXX] Run time error 4 (plugin "uq_jumpstats.amxx") - debug not enabled!
L 06/25/2017 - 20:24:16: [AMXX] To enable debug mode, add "debug" after the plugin name in plugins.ini (without quotes).
L 06/25/2017 - 20:24:16: [AMXX] Run time error 4 (plugin "uq_jumpstats.amxx") - debug not enabled!
L 06/25/2017 - 20:24:16: [AMXX] To enable debug mode, add "debug" after the plugin name in plugins.ini (without quotes).
L 06/25/2017 - 20:24:17: [AMXX] Run time error 4 (plugin "uq_jumpstats.amxx") - debug not enabled!
L 06/25/2017 - 20:24:17: [AMXX] To enable debug mode, add "debug" after the plugin name in plugins.ini (without quotes).
L 06/25/2017 - 20:24:17: [AMXX] Run time error 4 (plugin "uq_jumpstats.amxx") - debug not enabled!
L 06/25/2017 - 20:24:17: [AMXX] To enable debug mode, add "debug" after the plugin name in plugins.ini (without quotes).
L 06/25/2017 - 20:24:17: [AMXX] Run time error 4 (plugin "uq_jumpstats.amxx") - debug not enabled!
L 06/25/2017 - 20:24:17: [AMXX] To enable debug mode, add "debug" after the plugin name in plugins.ini (without quotes).
L 06/25/2017 - 20:24:17: [AMXX] Run time error 4 (plugin "uq_jumpstats.amxx") - debug not enabled!
L 06/25/2017 - 20:24:17: [AMXX] To enable debug mode, add "debug" after the plugin name in plugins.ini (without quotes).
L 06/25/2017 - 20:24:18: [AMXX] Run time error 4 (plugin "uq_jumpstats.amxx") - debug not enabled!
L 06/25/2017 - 20:24:18: [AMXX] To enable debug mode, add "debug" after the plugin name in plugins.ini (without quotes).
L 06/25/2017 - 20:24:18: [AMXX] Run time error 4 (plugin "uq_jumpstats.amxx") - debug not enabled!
L 06/25/2017 - 20:24:18: [AMXX] To enable debug mode, add "debug" after the plugin name in plugins.ini (without quotes).
L 06/25/2017 - 20:24:18: [AMXX] Run time error 4 (plugin "uq_jumpstats.amxx") - debug not enabled!
L 06/25/2017 - 20:24:18: [AMXX] To enable debug mode, add "debug" after the plugin name in plugins.ini (without quotes).
L 06/25/2017 - 20:24:18: [AMXX] Run time error 4 (plugin "uq_jumpstats.amxx") - debug not enabled!
L 06/25/2017 - 20:24:18: [AMXX] To enable debug mode, add "debug" after the plugin name in plugins.ini (without quotes).
L 06/25/2017 - 20:24:19: [AMXX] Run time error 4 (plugin "uq_jumpstats.amxx") - debug not enabled!
L 06/25/2017 - 20:24:19: [AMXX] To enable debug mode, add "debug" after the plugin name in plugins.ini (without quotes).
L 06/25/2017 - 20:24:19: [AMXX] Run time error 4 (plugin "uq_jumpstats.amxx") - debug not enabled!
L 06/25/2017 - 20:24:19: [AMXX] To enable debug mode, add "debug" after the plugin name in plugins.ini (without quotes).
L 06/25/2017 - 20:24:19: [AMXX] Run time error 4 (plugin "uq_jumpstats.amxx") - debug not enabled!
L 06/25/2017 - 20:24:19: [AMXX] To enable debug mode, add "debug" after the plugin name in plugins.ini (without quotes).
L 06/25/2017 - 20:24:19: [AMXX] Run time error 4 (plugin "uq_jumpstats.amxx") - debug not enabled!
L 06/25/2017 - 20:24:19: [AMXX] To enable debug mode, add "debug" after the plugin name in plugins.ini (without quotes).
L 06/25/2017 - 20:24:20: [AMXX] Run time error 4 (plugin "uq_jumpstats.amxx") - debug not enabled!
L 06/25/2017 - 20:24:20: [AMXX] To enable debug mode, add "debug" after the plugin name in plugins.ini (without quotes).
L 06/25/2017 - 20:24:20: [AMXX] Run time error 4 (plugin "uq_jumpstats.amxx") - debug not enabled!
L 06/25/2017 - 20:24:20: [AMXX] To enable debug mode, add "debug" after the plugin name in plugins.ini (without quotes).
L 06/25/2017 - 20:24:20: [AMXX] Run time error 4 (plugin "uq_jumpstats.amxx") - debug not enabled!
L 06/25/2017 - 20:24:20: [AMXX] To enable debug mode, add "debug" after the plugin name in plugins.ini (without quotes).
L 06/25/2017 - 20:24:20: [AMXX] Run time error 4 (plugin "uq_jumpstats.amxx") - debug not enabled!
L 06/25/2017 - 20:24:20: [AMXX] To enable debug mode, add "debug" after the plugin name in plugins.ini (without quotes).
L 06/25/2017 - 20:24:20: [AMXX] Run time error 4 (plugin "uq_jumpstats.amxx") - debug not enabled!
L 06/25/2017 - 20:24:20: [AMXX] To enable debug mode, add "debug" after the plugin name in plugins.ini (without quotes).
L 06/25/2017 - 20:24:21: [AMXX] Run time error 4 (plugin "uq_jumpstats.amxx") - debug not enabled!
L 06/25/2017 - 20:24:21: [AMXX] To enable debug mode, add "debug" after the plugin name in plugins.ini (without quotes).
L 06/25/2017 - 20:24:21: [AMXX] Run time error 4 (plugin "uq_jumpstats.amxx") - debug not enabled!
L 06/25/2017 - 20:24:21: [AMXX] To enable debug mode, add "debug" after the plugin name in plugins.ini (without quotes).
L 06/25/2017 - 20:24:21: [AMXX] Run time error 4 (plugin "uq_jumpstats.amxx") - debug not enabled!
L 06/25/2017 - 20:24:21: [AMXX] To enable debug mode, add "debug" after the plugin name in plugins.ini (without quotes).
L 06/25/2017 - 20:24:21: [AMXX] Run time error 4 (plugin "uq_jumpstats.amxx") - debug not enabled!
L 06/25/2017 - 20:24:21: [AMXX] To enable debug mode, add "debug" after the plugin name in plugins.ini (without quotes).
L 06/25/2017 - 20:24:22: [AMXX] Run time error 4 (plugin "uq_jumpstats.amxx") - debug not enabled!
L 06/25/2017 - 20:24:22: [AMXX] To enable debug mode, add "debug" after the plugin name in plugins.ini (without quotes).
L 06/25/2017 - 20:24:22: [AMXX] Run time error 4 (plugin "uq_jumpstats.amxx") - debug not enabled!
L 06/25/2017 - 20:24:22: [AMXX] To enable debug mode, add "debug" after the plugin name in plugins.ini (without quotes).
L 06/25/2017 - 20:24:22: [AMXX] Run time error 4 (plugin "uq_jumpstats.amxx") - debug not enabled!
L 06/25/2017 - 20:24:22: [AMXX] To enable debug mode, add "debug" after the plugin name in plugins.ini (without quotes).
L 06/25/2017 - 20:24:22: [AMXX] Run time error 4 (plugin "uq_jumpstats.amxx") - debug not enabled!
L 06/25/2017 - 20:24:22: [AMXX] To enable debug mode, add "debug" after the plugin name in plugins.ini (without quotes).
L 06/25/2017 - 20:24:23: [AMXX] Run time error 4 (plugin "uq_jumpstats.amxx") - debug not enabled!
L 06/25/2017 - 20:24:23: [AMXX] To enable debug mode, add "debug" after the plugin name in plugins.ini (without quotes).
L 06/25/2017 - 20:24:23: [AMXX] Run time error 4 (plugin "uq_jumpstats.amxx") - debug not enabled!
L 06/25/2017 - 20:24:23: [AMXX] To enable debug mode, add "debug" after the plugin name in plugins.ini (without quotes).
L 06/25/2017 - 20:24:23: [AMXX] Run time error 4 (plugin "uq_jumpstats.amxx") - debug not enabled!
L 06/25/2017 - 20:24:23: [AMXX] To enable debug mode, add "debug" after the plugin name in plugins.ini (without quotes).
L 06/25/2017 - 20:24:23: [AMXX] Run time error 4 (plugin "uq_jumpstats.amxx") - debug not enabled!
L 06/25/2017 - 20:24:23: [AMXX] To enable debug mode, add "debug" after the plugin name in plugins.ini (without quotes).
L 06/25/2017 - 20:24:24: [AMXX] Run time error 4 (plugin "uq_jumpstats.amxx") - debug not enabled!
L 06/25/2017 - 20:24:24: [AMXX] To enable debug mode, add "debug" after the plugin name in plugins.ini (without quotes).
L 06/25/2017 - 20:24:24: [AMXX] Run time error 4 (plugin "uq_jumpstats.amxx") - debug not enabled!
L 06/25/2017 - 20:24:24: [AMXX] To enable debug mode, add "debug" after the plugin name in plugins.ini (without quotes).
L 06/25/2017 - 20:24:24: [AMXX] Run time error 4 (plugin "uq_jumpstats.amxx") - debug not enabled!
L 06/25/2017 - 20:24:24: [AMXX] To enable debug mode, add "debug" after the plugin name in plugins.ini (without quotes).
L 06/25/2017 - 20:24:24: [AMXX] Run time error 4 (plugin "uq_jumpstats.amxx") - debug not enabled!
L 06/25/2017 - 20:24:24: [AMXX] To enable debug mode, add "debug" after the plugin name in plugins.ini (without quotes).
L 06/25/2017 - 20:24:25: [AMXX] Run time error 4 (plugin "uq_jumpstats.amxx") - debug not enabled!
L 06/25/2017 - 20:24:25: [AMXX] To enable debug mode, add "debug" after the plugin name in plugins.ini (without quotes).
L 06/25/2017 - 20:24:25: [AMXX] Run time error 4 (plugin "uq_jumpstats.amxx") - debug not enabled!
L 06/25/2017 - 20:24:25: [AMXX] To enable debug mode, add "debug" after the plugin name in plugins.ini (without quotes).
L 06/25/2017 - 20:24:25: [AMXX] Run time error 4 (plugin "uq_jumpstats.amxx") - debug not enabled!
L 06/25/2017 - 20:24:25: [AMXX] To enable debug mode, add "debug" after the plugin name in plugins.ini (without quotes).
L 06/25/2017 - 20:24:25: [AMXX] Run time error 4 (plugin "uq_jumpstats.amxx") - debug not enabled!
L 06/25/2017 - 20:24:25: [AMXX] To enable debug mode, add "debug" after the plugin name in plugins.ini (without quotes).
L 06/25/2017 - 20:24:26: [AMXX] Run time error 4 (plugin "uq_jumpstats.amxx") - debug not enabled!
L 06/25/2017 - 20:24:26: [AMXX] To enable debug mode, add "debug" after the plugin name in plugins.ini (without quotes).
L 06/25/2017 - 20:24:26: [AMXX] Run time error 4 (plugin "uq_jumpstats.amxx") - debug not enabled!
L 06/25/2017 - 20:24:26: [AMXX] To enable debug mode, add "debug" after the plugin name in plugins.ini (without quotes).
L 06/25/2017 - 20:24:26: [AMXX] Run time error 4 (plugin "uq_jumpstats.amxx") - debug not enabled!
L 06/25/2017 - 20:24:26: [AMXX] To enable debug mode, add "debug" after the plugin name in plugins.ini (without quotes).
L 06/25/2017 - 20:24:26: [AMXX] Run time error 4 (plugin "uq_jumpstats.amxx") - debug not enabled!
L 06/25/2017 - 20:24:26: [AMXX] To enable debug mode, add "debug" after the plugin name in plugins.ini (without quotes).
L 06/25/2017 - 20:24:26: [AMXX] Run time error 4 (plugin "uq_jumpstats.amxx") - debug not enabled!
L 06/25/2017 - 20:24:26: [AMXX] To enable debug mode, add "debug" after the plugin name in plugins.ini (without quotes).
L 06/25/2017 - 20:24:27: [AMXX] Run time error 4 (plugin "uq_jumpstats.amxx") - debug not enabled!
L 06/25/2017 - 20:24:27: [AMXX] To enable debug mode, add "debug" after the plugin name in plugins.ini (without quotes).
L 06/25/2017 - 20:24:27: [AMXX] Run time error 4 (plugin "uq_jumpstats.amxx") - debug not enabled!
L 06/25/2017 - 20:24:27: [AMXX] To enable debug mode, add "debug" after the plugin name in plugins.ini (without quotes).
L 06/25/2017 - 20:24:27: [AMXX] Run time error 4 (plugin "uq_jumpstats.amxx") - debug not enabled!
L 06/25/2017 - 20:24:27: [AMXX] To enable debug mode, add "debug" after the plugin name in plugins.ini (without quotes).
L 06/25/2017 - 20:24:27: [AMXX] Run time error 4 (plugin "uq_jumpstats.amxx") - debug not enabled!
L 06/25/2017 - 20:24:27: [AMXX] To enable debug mode, add "debug" after the plugin name in plugins.ini (without quotes).
L 06/25/2017 - 20:24:28: [AMXX] Run time error 4 (plugin "uq_jumpstats.amxx") - debug not enabled!
L 06/25/2017 - 20:24:28: [AMXX] To enable debug mode, add "debug" after the plugin name in plugins.ini (without quotes).
L 06/25/2017 - 20:24:28: [AMXX] Run time error 4 (plugin "uq_jumpstats.amxx") - debug not enabled!
L 06/25/2017 - 20:24:28: [AMXX] To enable debug mode, add "debug" after the plugin name in plugins.ini (without quotes).
L 06/25/2017 - 20:24:28: [AMXX] Run time error 4 (plugin "uq_jumpstats.amxx") - debug not enabled!
L 06/25/2017 - 20:24:28: [AMXX] To enable debug mode, add "debug" after the plugin name in plugins.ini (without quotes).
L 06/25/2017 - 20:24:28: [AMXX] Run time error 4 (plugin "uq_jumpstats.amxx") - debug not enabled!
L 06/25/2017 - 20:24:28: [AMXX] To enable debug mode, add "debug" after the plugin name in plugins.ini (without quotes).
L 06/25/2017 - 20:24:29: [AMXX] Run time error 4 (plugin "uq_jumpstats.amxx") - debug not enabled!
L 06/25/2017 - 20:24:29: [AMXX] To enable debug mode, add "debug" after the plugin name in plugins.ini (without quotes).
L 06/25/2017 - 20:24:29: [AMXX] Run time error 4 (plugin "uq_jumpstats.amxx") - debug not enabled!
L 06/25/2017 - 20:24:29: [AMXX] To enable debug mode, add "debug" after the plugin name in plugins.ini (without quotes).
L 06/25/2017 - 20:24:29: [AMXX] Run time error 4 (plugin "uq_jumpstats.amxx") - debug not enabled!
L 06/25/2017 - 20:24:29: [AMXX] To enable debug mode, add "debug" after the plugin name in plugins.ini (without quotes).
L 06/25/2017 - 20:24:29: [AMXX] Run time error 4 (plugin "uq_jumpstats.amxx") - debug not enabled!
L 06/25/2017 - 20:24:29: [AMXX] To enable debug mode, add "debug" after the plugin name in plugins.ini (without quotes).
L 06/25/2017 - 20:24:30: [AMXX] Run time error 4 (plugin "uq_jumpstats.amxx") - debug not enabled!
L 06/25/2017 - 20:24:30: [AMXX] To enable debug mode, add "debug" after the plugin name in plugins.ini (without quotes).
L 06/25/2017 - 20:24:30: [AMXX] Run time error 4 (plugin "uq_jumpstats.amxx") - debug not enabled!
L 06/25/2017 - 20:24:30: [AMXX] To enable debug mode, add "debug" after the plugin name in plugins.ini (without quotes).
L 06/25/2017 - 20:24:30: [AMXX] Run time error 4 (plugin "uq_jumpstats.amxx") - debug not enabled!
L 06/25/2017 - 20:24:30: [AMXX] To enable debug mode, add "debug" after the plugin name in plugins.ini (without quotes).
L 06/25/2017 - 20:24:30: [AMXX] Run time error 4 (plugin "uq_jumpstats.amxx") - debug not enabled!
L 06/25/2017 - 20:24:30: [AMXX] To enable debug mode, add "debug" after the plugin name in plugins.ini (without quotes).
L 06/25/2017 - 20:24:31: [AMXX] Run time error 4 (plugin "uq_jumpstats.amxx") - debug not enabled!
L 06/25/2017 - 20:24:31: [AMXX] To enable debug mode, add "debug" after the plugin name in plugins.ini (without quotes).
L 06/25/2017 - 20:24:31: [AMXX] Run time error 4 (plugin "uq_jumpstats.amxx") - debug not enabled!
L 06/25/2017 - 20:24:31: [AMXX] To enable debug mode, add "debug" after the plugin name in plugins.ini (without quotes).
L 06/25/2017 - 20:24:31: [AMXX] Run time error 4 (plugin "uq_jumpstats.amxx") - debug not enabled!
L 06/25/2017 - 20:24:31: [AMXX] To enable debug mode, add "debug" after the plugin name in plugins.ini (without quotes).
L 06/25/2017 - 20:24:31: [AMXX] Run time error 4 (plugin "uq_jumpstats.amxx") - debug not enabled!
L 06/25/2017 - 20:24:31: [AMXX] To enable debug mode, add "debug" after the plugin name in plugins.ini (without quotes).
L 06/25/2017 - 20:24:32: [AMXX] Run time error 4 (plugin "uq_jumpstats.amxx") - debug not enabled!
L 06/25/2017 - 20:24:32: [AMXX] To enable debug mode, add "debug" after the plugin name in plugins.ini (without quotes).
L 06/25/2017 - 20:24:32: [AMXX] Run time error 4 (plugin "uq_jumpstats.amxx") - debug not enabled!
L 06/25/2017 - 20:24:32: [AMXX] To enable debug mode, add "debug" after the plugin name in plugins.ini (without quotes).
L 06/25/2017 - 20:24:32: [AMXX] Run time error 4 (plugin "uq_jumpstats.amxx") - debug not enabled!
L 06/25/2017 - 20:24:32: [AMXX] To enable debug mode, add "debug" after the plugin name in plugins.ini (without quotes).
L 06/25/2017 - 20:24:32: [AMXX] Run time error 4 (plugin "uq_jumpstats.amxx") - debug not enabled!
L 06/25/2017 - 20:24:32: [AMXX] To enable debug mode, add "debug" after the plugin name in plugins.ini (without quotes).
L 06/25/2017 - 20:24:33: [AMXX] Run time error 4 (plugin "uq_jumpstats.amxx") - debug not enabled!
L 06/25/2017 - 20:24:33: [AMXX] To enable debug mode, add "debug" after the plugin name in plugins.ini (without quotes).
L 06/25/2017 - 20:24:33: [AMXX] Run time error 4 (plugin "uq_jumpstats.amxx") - debug not enabled!
L 06/25/2017 - 20:24:33: [AMXX] To enable debug mode, add "debug" after the plugin name in plugins.ini (without quotes).
L 06/25/2017 - 20:24:33: [AMXX] Run time error 4 (plugin "uq_jumpstats.amxx") - debug not enabled!
L 06/25/2017 - 20:24:33: [AMXX] To enable debug mode, add "debug" after the plugin name in plugins.ini (without quotes).
L 06/25/2017 - 20:24:33: [AMXX] Run time error 4 (plugin "uq_jumpstats.amxx") - debug not enabled!
L 06/25/2017 - 20:24:33: [AMXX] To enable debug mode, add "debug" after the plugin name in plugins.ini (without quotes).
L 06/25/2017 - 20:24:33: [AMXX] Run time error 4 (plugin "uq_jumpstats.amxx") - debug not enabled!
L 06/25/2017 - 20:24:33: [AMXX] To enable debug mode, add "debug" after the plugin name in plugins.ini (without quotes).
L 06/25/2017 - 20:24:34: [AMXX] Run time error 4 (plugin "uq_jumpstats.amxx") - debug not enabled!
L 06/25/2017 - 20:24:34: [AMXX] To enable debug mode, add "debug" after the plugin name in plugins.ini (without quotes).
L 06/25/2017 - 20:24:34: [AMXX] Run time error 4 (plugin "uq_jumpstats.amxx") - debug not enabled!
L 06/25/2017 - 20:24:34: [AMXX] To enable debug mode, add "debug" after the plugin name in plugins.ini (without quotes).
L 06/25/2017 - 20:24:34: [AMXX] Run time error 4 (plugin "uq_jumpstats.amxx") - debug not enabled!
L 06/25/2017 - 20:24:34: [AMXX] To enable debug mode, add "debug" after the plugin name in plugins.ini (without quotes).
L 06/25/2017 - 20:24:34: [AMXX] Run time error 4 (plugin "uq_jumpstats.amxx") - debug not enabled!
L 06/25/2017 - 20:24:34: [AMXX] To enable debug mode, add "debug" after the plugin name in plugins.ini (without quotes).
L 06/25/2017 - 20:24:35: [AMXX] Run time error 4 (plugin "uq_jumpstats.amxx") - debug not enabled!
L 06/25/2017 - 20:24:35: [AMXX] To enable debug mode, add "debug" after the plugin name in plugins.ini (without quotes).
L 06/25/2017 - 20:24:35: [AMXX] Run time error 4 (plugin "uq_jumpstats.amxx") - debug not enabled!
L 06/25/2017 - 20:24:35: [AMXX] To enable debug mode, add "debug" after the plugin name in plugins.ini (without quotes).
L 06/25/2017 - 20:24:35: [AMXX] Run time error 4 (plugin "uq_jumpstats.amxx") - debug not enabled!
L 06/25/2017 - 20:24:35: [AMXX] To enable debug mode, add "debug" after the plugin name in plugins.ini (without quotes).
L 06/25/2017 - 20:24:35: [AMXX] Run time error 4 (plugin "uq_jumpstats.amxx") - debug not enabled!
L 06/25/2017 - 20:24:35: [AMXX] To enable debug mode, add "debug" after the plugin name in plugins.ini (without quotes).
L 06/25/2017 - 20:24:36: [AMXX] Run time error 4 (plugin "uq_jumpstats.amxx") - debug not enabled!
L 06/25/2017 - 20:24:36: [AMXX] To enable debug mode, add "debug" after the plugin name in plugins.ini (without quotes).
L 06/25/2017 - 20:24:36: [AMXX] Run time error 4 (plugin "uq_jumpstats.amxx") - debug not enabled!
L 06/25/2017 - 20:24:36: [AMXX] To enable debug mode, add "debug" after the plugin name in plugins.ini (without quotes).
L 06/25/2017 - 20:24:36: [AMXX] Run time error 4 (plugin "uq_jumpstats.amxx") - debug not enabled!
L 06/25/2017 - 20:24:36: [AMXX] To enable debug mode, add "debug" after the plugin name in plugins.ini (without quotes).
L 06/25/2017 - 20:24:36: [AMXX] Run time error 4 (plugin "uq_jumpstats.amxx") - debug not enabled!
L 06/25/2017 - 20:24:36: [AMXX] To enable debug mode, add "debug" after the plugin name in plugins.ini (without quotes).
L 06/25/2017 - 20:24:37: [AMXX] Run time error 4 (plugin "uq_jumpstats.amxx") - debug not enabled!
L 06/25/2017 - 20:24:37: [AMXX] To enable debug mode, add "debug" after the plugin name in plugins.ini (without quotes).
L 06/25/2017 - 20:24:37: [AMXX] Run time error 4 (plugin "uq_jumpstats.amxx") - debug not enabled!
L 06/25/2017 - 20:24:37: [AMXX] To enable debug mode, add "debug" after the plugin name in plugins.ini (without quotes).
L 06/25/2017 - 20:24:37: [AMXX] Run time error 4 (plugin "uq_jumpstats.amxx") - debug not enabled!
L 06/25/2017 - 20:24:37: [AMXX] To enable debug mode, add "debug" after the plugin name in plugins.ini (without quotes).
L 06/25/2017 - 20:24:37: [AMXX] Run time error 4 (plugin "uq_jumpstats.amxx") - debug not enabled!
L 06/25/2017 - 20:24:37: [AMXX] To enable debug mode, add "debug" after the plugin name in plugins.ini (without quotes).
L 06/25/2017 - 20:24:38: [AMXX] Run time error 4 (plugin "uq_jumpstats.amxx") - debug not enabled!
L 06/25/2017 - 20:24:38: [AMXX] To enable debug mode, add "debug" after the plugin name in plugins.ini (without quotes).
L 06/25/2017 - 20:24:38: [AMXX] Run time error 4 (plugin "uq_jumpstats.amxx") - debug not enabled!
L 06/25/2017 - 20:24:38: [AMXX] To enable debug mode, add "debug" after the plugin name in plugins.ini (without quotes).
L 06/25/2017 - 20:24:38: [AMXX] Run time error 4 (plugin "uq_jumpstats.amxx") - debug not enabled!
L 06/25/2017 - 20:24:38: [AMXX] To enable debug mode, add "debug" after the plugin name in plugins.ini (without quotes).
L 06/25/2017 - 20:24:38: [AMXX] Run time error 4 (plugin "uq_jumpstats.amxx") - debug not enabled!
L 06/25/2017 - 20:24:38: [AMXX] To enable debug mode, add "debug" after the plugin name in plugins.ini (without quotes).
L 06/25/2017 - 20:24:39: [AMXX] Run time error 4 (plugin "uq_jumpstats.amxx") - debug not enabled!
L 06/25/2017 - 20:24:39: [AMXX] To enable debug mode, add "debug" after the plugin name in plugins.ini (without quotes).
L 06/25/2017 - 20:24:39: [AMXX] Run time error 4 (plugin "uq_jumpstats.amxx") - debug not enabled!
L 06/25/2017 - 20:24:39: [AMXX] To enable debug mode, add "debug" after the plugin name in plugins.ini (without quotes).
L 06/25/2017 - 20:24:39: [AMXX] Run time error 4 (plugin "uq_jumpstats.amxx") - debug not enabled!
L 06/25/2017 - 20:24:39: [AMXX] To enable debug mode, add "debug" after the plugin name in plugins.ini (without quotes).
L 06/25/2017 - 20:24:39: [AMXX] Run time error 4 (plugin "uq_jumpstats.amxx") - debug not enabled!
L 06/25/2017 - 20:24:39: [AMXX] To enable debug mode, add "debug" after the plugin name in plugins.ini (without quotes).
L 06/25/2017 - 20:24:40: [AMXX] Run time error 4 (plugin "uq_jumpstats.amxx") - debug not enabled!
L 06/25/2017 - 20:24:40: [AMXX] To enable debug mode, add "debug" after the plugin name in plugins.ini (without quotes).
L 06/25/2017 - 20:24:40: [AMXX] Run time error 4 (plugin "uq_jumpstats.amxx") - debug not enabled!
L 06/25/2017 - 20:24:40: [AMXX] To enable debug mode, add "debug" after the plugin name in plugins.ini (without quotes).
L 06/25/2017 - 20:24:40: [AMXX] Run time error 4 (plugin "uq_jumpstats.amxx") - debug not enabled!
L 06/25/2017 - 20:24:40: [AMXX] To enable debug mode, add "debug" after the plugin name in plugins.ini (without quotes).
L 06/25/2017 - 20:24:40: [AMXX] Run time error 4 (plugin "uq_jumpstats.amxx") - debug not enabled!
L 06/25/2017 - 20:24:40: [AMXX] To enable debug mode, add "debug" after the plugin name in plugins.ini (without quotes).
L 06/25/2017 - 20:24:40: [AMXX] Run time error 4 (plugin "uq_jumpstats.amxx") - debug not enabled!
L 06/25/2017 - 20:24:40: [AMXX] To enable debug mode, add "debug" after the plugin name in plugins.ini (without quotes).
L 06/25/2017 - 20:24:41: [AMXX] Run time error 4 (plugin "uq_jumpstats.amxx") - debug not enabled!
L 06/25/2017 - 20:24:41: [AMXX] To enable debug mode, add "debug" after the plugin name in plugins.ini (without quotes).
L 06/25/2017 - 20:24:41: [AMXX] Run time error 4 (plugin "uq_jumpstats.amxx") - debug not enabled!
L 06/25/2017 - 20:24:41: [AMXX] To enable debug mode, add "debug" after the plugin name in plugins.ini (without quotes).
L 06/25/2017 - 20:24:41: [AMXX] Run time error 4 (plugin "uq_jumpstats.amxx") - debug not enabled!
L 06/25/2017 - 20:24:41: [AMXX] To enable debug mode, add "debug" after the plugin name in plugins.ini (without quotes).
L 06/25/2017 - 20:24:41: [AMXX] Run time error 4 (plugin "uq_jumpstats.amxx") - debug not enabled!
L 06/25/2017 - 20:24:41: [AMXX] To enable debug mode, add "debug" after the plugin name in plugins.ini (without quotes).
L 06/25/2017 - 20:24:42: [AMXX] Run time error 4 (plugin "uq_jumpstats.amxx") - debug not enabled!
L 06/25/2017 - 20:24:42: [AMXX] To enable debug mode, add "debug" after the plugin name in plugins.ini (without quotes).
L 06/25/2017 - 20:24:42: [AMXX] Run time error 4 (plugin "uq_jumpstats.amxx") - debug not enabled!
L 06/25/2017 - 20:24:42: [AMXX] To enable debug mode, add "debug" after the plugin name in plugins.ini (without quotes).
L 06/25/2017 - 20:24:42: [AMXX] Run time error 4 (plugin "uq_jumpstats.amxx") - debug not enabled!
L 06/25/2017 - 20:24:42: [AMXX] To enable debug mode, add "debug" after the plugin name in plugins.ini (without quotes).
L 06/25/2017 - 20:24:42: [AMXX] Run time error 4 (plugin "uq_jumpstats.amxx") - debug not enabled!
L 06/25/2017 - 20:24:42: [AMXX] To enable debug mode, add "debug" after the plugin name in plugins.ini (without quotes).
L 06/25/2017 - 20:24:43: [AMXX] Run time error 4 (plugin "uq_jumpstats.amxx") - debug not enabled!
L 06/25/2017 - 20:24:43: [AMXX] To enable debug mode, add "debug" after the plugin name in plugins.ini (without quotes).
L 06/25/2017 - 20:24:43: [AMXX] Run time error 4 (plugin "uq_jumpstats.amxx") - debug not enabled!
L 06/25/2017 - 20:24:43: [AMXX] To enable debug mode, add "debug" after the plugin name in plugins.ini (without quotes).
L 06/25/2017 - 20:24:43: [AMXX] Run time error 4 (plugin "uq_jumpstats.amxx") - debug not enabled!
L 06/25/2017 - 20:24:43: [AMXX] To enable debug mode, add "debug" after the plugin name in plugins.ini (without quotes).
L 06/25/2017 - 20:24:43: [AMXX] Run time error 4 (plugin "uq_jumpstats.amxx") - debug not enabled!
L 06/25/2017 - 20:24:43: [AMXX] To enable debug mode, add "debug" after the plugin name in plugins.ini (without quotes).
L 06/25/2017 - 20:24:44: [AMXX] Run time error 4 (plugin "uq_jumpstats.amxx") - debug not enabled!
L 06/25/2017 - 20:24:44: [AMXX] To enable debug mode, add "debug" after the plugin name in plugins.ini (without quotes).
L 06/25/2017 - 20:24:44: [AMXX] Run time error 4 (plugin "uq_jumpstats.amxx") - debug not enabled!
L 06/25/2017 - 20:24:44: [AMXX] To enable debug mode, add "debug" after the plugin name in plugins.ini (without quotes).
L 06/25/2017 - 20:24:44: [AMXX] Run time error 4 (plugin "uq_jumpstats.amxx") - debug not enabled!
L 06/25/2017 - 20:24:44: [AMXX] To enable debug mode, add "debug" after the plugin name in plugins.ini (without quotes).
L 06/25/2017 - 20:24:44: [AMXX] Run time error 4 (plugin "uq_jumpstats.amxx") - debug not enabled!
L 06/25/2017 - 20:24:44: [AMXX] To enable debug mode, add "debug" after the plugin name in plugins.ini (without quotes).
L 06/25/2017 - 20:38:00: [AMXX] Run time error 4 (plugin "uq_jumpstats.amxx") - debug not enabled!
L 06/25/2017 - 20:38:00: [AMXX] To enable debug mode, add "debug" after the plugin name in plugins.ini (without quotes).
L 06/25/2017 - 20:38:01: [AMXX] Run time error 4 (plugin "uq_jumpstats.amxx") - debug not enabled!
L 06/25/2017 - 20:38:01: [AMXX] To enable debug mode, add "debug" after the plugin name in plugins.ini (without quotes).
L 06/25/2017 - 20:38:01: [AMXX] Run time error 4 (plugin "uq_jumpstats.amxx") - debug not enabled!
L 06/25/2017 - 20:38:01: [AMXX] To enable debug mode, add "debug" after the plugin name in plugins.ini (without quotes).
L 06/25/2017 - 20:38:01: [AMXX] Run time error 4 (plugin "uq_jumpstats.amxx") - debug not enabled!
L 06/25/2017 - 20:38:01: [AMXX] To enable debug mode, add "debug" after the plugin name in plugins.ini (without quotes).
L 06/25/2017 - 20:38:01: [AMXX] Run time error 4 (plugin "uq_jumpstats.amxx") - debug not enabled!
L 06/25/2017 - 20:38:01: [AMXX] To enable debug mode, add "debug" after the plugin name in plugins.ini (without quotes).
L 06/25/2017 - 20:38:01: [AMXX] Run time error 4 (plugin "uq_jumpstats.amxx") - debug not enabled!
L 06/25/2017 - 20:38:01: [AMXX] To enable debug mode, add "debug" after the plugin name in plugins.ini (without quotes).
L 06/25/2017 - 20:38:02: [AMXX] Run time error 4 (plugin "uq_jumpstats.amxx") - debug not enabled!
L 06/25/2017 - 20:38:02: [AMXX] To enable debug mode, add "debug" after the plugin name in plugins.ini (without quotes).
L 06/25/2017 - 20:38:02: [AMXX] Run time error 4 (plugin "uq_jumpstats.amxx") - debug not enabled!
L 06/25/2017 - 20:38:02: [AMXX] To enable debug mode, add "debug" after the plugin name in plugins.ini (without quotes).
L 06/25/2017 - 20:38:02: [AMXX] Run time error 4 (plugin "uq_jumpstats.amxx") - debug not enabled!
L 06/25/2017 - 20:38:02: [AMXX] To enable debug mode, add "debug" after the plugin name in plugins.ini (without quotes).
L 06/25/2017 - 20:38:02: [AMXX] Run time error 4 (plugin "uq_jumpstats.amxx") - debug not enabled!
L 06/25/2017 - 20:38:02: [AMXX] To enable debug mode, add "debug" after the plugin name in plugins.ini (without quotes).
L 06/25/2017 - 20:38:03: [AMXX] Run time error 4 (plugin "uq_jumpstats.amxx") - debug not enabled!
L 06/25/2017 - 20:38:03: [AMXX] To enable debug mode, add "debug" after the plugin name in plugins.ini (without quotes).
L 06/25/2017 - 20:38:03: [AMXX] Run time error 4 (plugin "uq_jumpstats.amxx") - debug not enabled!
L 06/25/2017 - 20:38:03: [AMXX] To enable debug mode, add "debug" after the plugin name in plugins.ini (without quotes).
L 06/25/2017 - 20:38:03: [AMXX] Run time error 4 (plugin "uq_jumpstats.amxx") - debug not enabled!
L 06/25/2017 - 20:38:03: [AMXX] To enable debug mode, add "debug" after the plugin name in plugins.ini (without quotes).
L 06/25/2017 - 20:38:03: [AMXX] Run time error 4 (plugin "uq_jumpstats.amxx") - debug not enabled!
L 06/25/2017 - 20:38:03: [AMXX] To enable debug mode, add "debug" after the plugin name in plugins.ini (without quotes).
L 06/25/2017 - 20:38:04: [AMXX] Run time error 4 (plugin "uq_jumpstats.amxx") - debug not enabled!
L 06/25/2017 - 20:38:04: [AMXX] To enable debug mode, add "debug" after the plugin name in plugins.ini (without quotes).
L 06/25/2017 - 20:38:04: [AMXX] Run time error 4 (plugin "uq_jumpstats.amxx") - debug not enabled!
L 06/25/2017 - 20:38:04: [AMXX] To enable debug mode, add "debug" after the plugin name in plugins.ini (without quotes).
L 06/25/2017 - 20:38:04: [AMXX] Run time error 4 (plugin "uq_jumpstats.amxx") - debug not enabled!
L 06/25/2017 - 20:38:04: [AMXX] To enable debug mode, add "debug" after the plugin name in plugins.ini (without quotes).
L 06/25/2017 - 20:38:04: [AMXX] Run time error 4 (plugin "uq_jumpstats.amxx") - debug not enabled!
L 06/25/2017 - 20:38:04: [AMXX] To enable debug mode, add "debug" after the plugin name in plugins.ini (without quotes).
L 06/25/2017 - 20:38:05: [AMXX] Run time error 4 (plugin "uq_jumpstats.amxx") - debug not enabled!
L 06/25/2017 - 20:38:05: [AMXX] To enable debug mode, add "debug" after the plugin name in plugins.ini (without quotes).
L 06/25/2017 - 20:38:05: [AMXX] Run time error 4 (plugin "uq_jumpstats.amxx") - debug not enabled!
L 06/25/2017 - 20:38:05: [AMXX] To enable debug mode, add "debug" after the plugin name in plugins.ini (without quotes).
L 06/25/2017 - 20:38:05: [AMXX] Run time error 4 (plugin "uq_jumpstats.amxx") - debug not enabled!
L 06/25/2017 - 20:38:05: [AMXX] To enable debug mode, add "debug" after the plugin name in plugins.ini (without quotes).
L 06/25/2017 - 20:38:05: [AMXX] Run time error 4 (plugin "uq_jumpstats.amxx") - debug not enabled!
L 06/25/2017 - 20:38:05: [AMXX] To enable debug mode, add "debug" after the plugin name in plugins.ini (without quotes).
L 06/25/2017 - 20:38:06: [AMXX] Run time error 4 (plugin "uq_jumpstats.amxx") - debug not enabled!
L 06/25/2017 - 20:38:06: [AMXX] To enable debug mode, add "debug" after the plugin name in plugins.ini (without quotes).
L 06/25/2017 - 20:38:06: [AMXX] Run time error 4 (plugin "uq_jumpstats.amxx") - debug not enabled!
L 06/25/2017 - 20:38:06: [AMXX] To enable debug mode, add "debug" after the plugin name in plugins.ini (without quotes).
L 06/25/2017 - 20:38:06: [AMXX] Run time error 4 (plugin "uq_jumpstats.amxx") - debug not enabled!
L 06/25/2017 - 20:38:06: [AMXX] To enable debug mode, add "debug" after the plugin name in plugins.ini (without quotes).
L 06/25/2017 - 20:38:06: [AMXX] Run time error 4 (plugin "uq_jumpstats.amxx") - debug not enabled!
L 06/25/2017 - 20:38:06: [AMXX] To enable debug mode, add "debug" after the plugin name in plugins.ini (without quotes).
L 06/25/2017 - 20:38:07: [AMXX] Run time error 4 (plugin "uq_jumpstats.amxx") - debug not enabled!
L 06/25/2017 - 20:38:07: [AMXX] To enable debug mode, add "debug" after the plugin name in plugins.ini (without quotes).
L 06/25/2017 - 20:38:07: [AMXX] Run time error 4 (plugin "uq_jumpstats.amxx") - debug not enabled!
L 06/25/2017 - 20:38:07: [AMXX] To enable debug mode, add "debug" after the plugin name in plugins.ini (without quotes).
L 06/25/2017 - 20:38:07: [AMXX] Run time error 4 (plugin "uq_jumpstats.amxx") - debug not enabled!
L 06/25/2017 - 20:38:07: [AMXX] To enable debug mode, add "debug" after the plugin name in plugins.ini (without quotes).
L 06/25/2017 - 20:38:07: [AMXX] Run time error 4 (plugin "uq_jumpstats.amxx") - debug not enabled!
L 06/25/2017 - 20:38:07: [AMXX] To enable debug mode, add "debug" after the plugin name in plugins.ini (without quotes).
L 06/25/2017 - 20:38:08: [AMXX] Run time error 4 (plugin "uq_jumpstats.amxx") - debug not enabled!
L 06/25/2017 - 20:38:08: [AMXX] To enable debug mode, add "debug" after the plugin name in plugins.ini (without quotes).
L 06/25/2017 - 20:38:08: [AMXX] Run time error 4 (plugin "uq_jumpstats.amxx") - debug not enabled!
L 06/25/2017 - 20:38:08: [AMXX] To enable debug mode, add "debug" after the plugin name in plugins.ini (without quotes).
L 06/25/2017 - 20:38:08: [AMXX] Run time error 4 (plugin "uq_jumpstats.amxx") - debug not enabled!
L 06/25/2017 - 20:38:08: [AMXX] To enable debug mode, add "debug" after the plugin name in plugins.ini (without quotes).
L 06/25/2017 - 20:38:08: [AMXX] Run time error 4 (plugin "uq_jumpstats.amxx") - debug not enabled!
L 06/25/2017 - 20:38:08: [AMXX] To enable debug mode, add "debug" after the plugin name in plugins.ini (without quotes).
L 06/25/2017 - 20:38:08: [AMXX] Run time error 4 (plugin "uq_jumpstats.amxx") - debug not enabled!
L 06/25/2017 - 20:38:08: [AMXX] To enable debug mode, add "debug" after the plugin name in plugins.ini (without quotes).
L 06/25/2017 - 20:38:09: [AMXX] Run time error 4 (plugin "uq_jumpstats.amxx") - debug not enabled!
L 06/25/2017 - 20:38:09: [AMXX] To enable debug mode, add "debug" after the plugin name in plugins.ini (without quotes).
L 06/25/2017 - 20:38:09: [AMXX] Run time error 4 (plugin "uq_jumpstats.amxx") - debug not enabled!
L 06/25/2017 - 20:38:09: [AMXX] To enable debug mode, add "debug" after the plugin name in plugins.ini (without quotes).
L 06/25/2017 - 20:38:09: [AMXX] Run time error 4 (plugin "uq_jumpstats.amxx") - debug not enabled!
L 06/25/2017 - 20:38:09: [AMXX] To enable debug mode, add "debug" after the plugin name in plugins.ini (without quotes).
L 06/25/2017 - 20:38:09: [AMXX] Run time error 4 (plugin "uq_jumpstats.amxx") - debug not enabled!
L 06/25/2017 - 20:38:09: [AMXX] To enable debug mode, add "debug" after the plugin name in plugins.ini (without quotes).
L 06/25/2017 - 20:38:10: [AMXX] Run time error 4 (plugin "uq_jumpstats.amxx") - debug not enabled!
L 06/25/2017 - 20:38:10: [AMXX] To enable debug mode, add "debug" after the plugin name in plugins.ini (without quotes).
L 06/25/2017 - 20:38:10: [AMXX] Run time error 4 (plugin "uq_jumpstats.amxx") - debug not enabled!
L 06/25/2017 - 20:38:10: [AMXX] To enable debug mode, add "debug" after the plugin name in plugins.ini (without quotes).
L 06/25/2017 - 20:38:10: [AMXX] Run time error 4 (plugin "uq_jumpstats.amxx") - debug not enabled!
L 06/25/2017 - 20:38:10: [AMXX] To enable debug mode, add "debug" after the plugin name in plugins.ini (without quotes).
L 06/25/2017 - 20:38:10: [AMXX] Run time error 4 (plugin "uq_jumpstats.amxx") - debug not enabled!
L 06/25/2017 - 20:38:10: [AMXX] To enable debug mode, add "debug" after the plugin name in plugins.ini (without quotes).
L 06/25/2017 - 20:38:11: [AMXX] Run time error 4 (plugin "uq_jumpstats.amxx") - debug not enabled!
L 06/25/2017 - 20:38:11: [AMXX] To enable debug mode, add "debug" after the plugin name in plugins.ini (without quotes).
L 06/25/2017 - 20:38:11: [AMXX] Run time error 4 (plugin "uq_jumpstats.amxx") - debug not enabled!
L 06/25/2017 - 20:38:11: [AMXX] To enable debug mode, add "debug" after the plugin name in plugins.ini (without quotes).
L 06/25/2017 - 20:38:11: [AMXX] Run time error 4 (plugin "uq_jumpstats.amxx") - debug not enabled!
L 06/25/2017 - 20:38:11: [AMXX] To enable debug mode, add "debug" after the plugin name in plugins.ini (without quotes).
L 06/25/2017 - 20:38:11: [AMXX] Run time error 4 (plugin "uq_jumpstats.amxx") - debug not enabled!
L 06/25/2017 - 20:38:11: [AMXX] To enable debug mode, add "debug" after the plugin name in plugins.ini (without quotes).
L 06/25/2017 - 20:38:12: [AMXX] Run time error 4 (plugin "uq_jumpstats.amxx") - debug not enabled!
L 06/25/2017 - 20:38:12: [AMXX] To enable debug mode, add "debug" after the plugin name in plugins.ini (without quotes).
L 06/25/2017 - 20:38:12: [AMXX] Run time error 4 (plugin "uq_jumpstats.amxx") - debug not enabled!
L 06/25/2017 - 20:38:12: [AMXX] To enable debug mode, add "debug" after the plugin name in plugins.ini (without quotes).
L 06/25/2017 - 20:38:12: [AMXX] Run time error 4 (plugin "uq_jumpstats.amxx") - debug not enabled!
L 06/25/2017 - 20:38:12: [AMXX] To enable debug mode, add "debug" after the plugin name in plugins.ini (without quotes).
L 06/25/2017 - 20:38:12: [AMXX] Run time error 4 (plugin "uq_jumpstats.amxx") - debug not enabled!
L 06/25/2017 - 20:38:12: [AMXX] To enable debug mode, add "debug" after the plugin name in plugins.ini (without quotes).
L 06/25/2017 - 20:38:13: [AMXX] Run time error 4 (plugin "uq_jumpstats.amxx") - debug not enabled!
L 06/25/2017 - 20:38:13: [AMXX] To enable debug mode, add "debug" after the plugin name in plugins.ini (without quotes).
L 06/25/2017 - 20:38:13: [AMXX] Run time error 4 (plugin "uq_jumpstats.amxx") - debug not enabled!
L 06/25/2017 - 20:38:13: [AMXX] To enable debug mode, add "debug" after the plugin name in plugins.ini (without quotes).
L 06/25/2017 - 20:38:13: [AMXX] Run time error 4 (plugin "uq_jumpstats.amxx") - debug not enabled!
L 06/25/2017 - 20:38:13: [AMXX] To enable debug mode, add "debug" after the plugin name in plugins.ini (without quotes).
L 06/25/2017 - 20:38:13: [AMXX] Run time error 4 (plugin "uq_jumpstats.amxx") - debug not enabled!
L 06/25/2017 - 20:38:13: [AMXX] To enable debug mode, add "debug" after the plugin name in plugins.ini (without quotes).
L 06/25/2017 - 20:38:14: [AMXX] Run time error 4 (plugin "uq_jumpstats.amxx") - debug not enabled!
L 06/25/2017 - 20:38:14: [AMXX] To enable debug mode, add "debug" after the plugin name in plugins.ini (without quotes).
L 06/25/2017 - 20:38:14: [AMXX] Run time error 4 (plugin "uq_jumpstats.amxx") - debug not enabled!
L 06/25/2017 - 20:38:14: [AMXX] To enable debug mode, add "debug" after the plugin name in plugins.ini (without quotes).
L 06/25/2017 - 20:38:14: [AMXX] Run time error 4 (plugin "uq_jumpstats.amxx") - debug not enabled!
L 06/25/2017 - 20:38:14: [AMXX] To enable debug mode, add "debug" after the plugin name in plugins.ini (without quotes).
L 06/25/2017 - 20:38:14: [AMXX] Run time error 4 (plugin "uq_jumpstats.amxx") - debug not enabled!
L 06/25/2017 - 20:38:14: [AMXX] To enable debug mode, add "debug" after the plugin name in plugins.ini (without quotes).
L 06/25/2017 - 20:38:15: [AMXX] Run time error 4 (plugin "uq_jumpstats.amxx") - debug not enabled!
L 06/25/2017 - 20:38:15: [AMXX] To enable debug mode, add "debug" after the plugin name in plugins.ini (without quotes).
L 06/25/2017 - 20:38:15: [AMXX] Run time error 4 (plugin "uq_jumpstats.amxx") - debug not enabled!
L 06/25/2017 - 20:38:15: [AMXX] To enable debug mode, add "debug" after the plugin name in plugins.ini (without quotes).
L 06/25/2017 - 20:38:15: [AMXX] Run time error 4 (plugin "uq_jumpstats.amxx") - debug not enabled!
L 06/25/2017 - 20:38:15: [AMXX] To enable debug mode, add "debug" after the plugin name in plugins.ini (without quotes).
L 06/25/2017 - 20:38:15: [AMXX] Run time error 4 (plugin "uq_jumpstats.amxx") - debug not enabled!
L 06/25/2017 - 20:38:15: [AMXX] To enable debug mode, add "debug" after the plugin name in plugins.ini (without quotes).
L 06/25/2017 - 20:38:16: [AMXX] Run time error 4 (plugin "uq_jumpstats.amxx") - debug not enabled!
L 06/25/2017 - 20:38:16: [AMXX] To enable debug mode, add "debug" after the plugin name in plugins.ini (without quotes).
L 06/25/2017 - 20:38:16: [AMXX] Run time error 4 (plugin "uq_jumpstats.amxx") - debug not enabled!
L 06/25/2017 - 20:38:16: [AMXX] To enable debug mode, add "debug" after the plugin name in plugins.ini (without quotes).
L 06/25/2017 - 20:38:16: [AMXX] Run time error 4 (plugin "uq_jumpstats.amxx") - debug not enabled!
L 06/25/2017 - 20:38:16: [AMXX] To enable debug mode, add "debug" after the plugin name in plugins.ini (without quotes).
L 06/25/2017 - 20:38:16: [AMXX] Run time error 4 (plugin "uq_jumpstats.amxx") - debug not enabled!
L 06/25/2017 - 20:38:16: [AMXX] To enable debug mode, add "debug" after the plugin name in plugins.ini (without quotes).
L 06/25/2017 - 20:38:16: [AMXX] Run time error 4 (plugin "uq_jumpstats.amxx") - debug not enabled!
L 06/25/2017 - 20:38:16: [AMXX] To enable debug mode, add "debug" after the plugin name in plugins.ini (without quotes).
L 06/25/2017 - 20:38:17: [AMXX] Run time error 4 (plugin "uq_jumpstats.amxx") - debug not enabled!
L 06/25/2017 - 20:38:17: [AMXX] To enable debug mode, add "debug" after the plugin name in plugins.ini (without quotes).
L 06/25/2017 - 20:38:17: [AMXX] Run time error 4 (plugin "uq_jumpstats.amxx") - debug not enabled!
L 06/25/2017 - 20:38:17: [AMXX] To enable debug mode, add "debug" after the plugin name in plugins.ini (without quotes).
L 06/25/2017 - 20:38:17: [AMXX] Run time error 4 (plugin "uq_jumpstats.amxx") - debug not enabled!
L 06/25/2017 - 20:38:17: [AMXX] To enable debug mode, add "debug" after the plugin name in plugins.ini (without quotes).
L 06/25/2017 - 20:38:17: [AMXX] Run time error 4 (plugin "uq_jumpstats.amxx") - debug not enabled!
L 06/25/2017 - 20:38:17: [AMXX] To enable debug mode, add "debug" after the plugin name in plugins.ini (without quotes).
L 06/25/2017 - 20:38:18: [AMXX] Run time error 4 (plugin "uq_jumpstats.amxx") - debug not enabled!
L 06/25/2017 - 20:38:18: [AMXX] To enable debug mode, add "debug" after the plugin name in plugins.ini (without quotes).
L 06/25/2017 - 20:38:18: [AMXX] Run time error 4 (plugin "uq_jumpstats.amxx") - debug not enabled!
L 06/25/2017 - 20:38:18: [AMXX] To enable debug mode, add "debug" after the plugin name in plugins.ini (without quotes).
