L 01/01/2017 - 17:37:03: Start of error session.
L 01/01/2017 - 17:37:03: Info (map "deathrun_latexx") (file "addons/amxmodx/logs/error_20170101.log")
L 01/01/2017 - 17:37:03: [FAKEMETA] Invalid entity
L 01/01/2017 - 17:37:03: [AMXX] Displaying debug trace (plugin "use_button_once.amxx", version "1.3")
L 01/01/2017 - 17:37:03: [AMXX] Run time error 10: native error (native "pev")
L 01/01/2017 - 17:37:03: [AMXX]    [0] use_button_once.sma::get_ent_index (line 225)
L 01/01/2017 - 17:37:03: [AMXX]    [1] use_button_once.sma::set_start_value (line 212)
L 01/01/2017 - 17:37:03: [AMXX]    [2] use_button_once.sma::plugin_cfg (line 173)
L 01/01/2017 - 17:43:21: String formatted incorrectly - parameter 2 (total 1)
L 01/01/2017 - 17:43:21: [AMXX] Displaying debug trace (plugin "comp_timer2.amxx", version "1.0-beta")
L 01/01/2017 - 17:43:21: [AMXX] Run time error 25: parameter error 
L 01/01/2017 - 17:43:21: [AMXX]    [0] comp_timer2.sma::hookChat (line 411)
L 01/01/2017 - 17:43:24: String formatted incorrectly - parameter 2 (total 1)
L 01/01/2017 - 17:43:24: [AMXX] Displaying debug trace (plugin "comp_timer2.amxx", version "1.0-beta")
L 01/01/2017 - 17:43:24: [AMXX] Run time error 25: parameter error 
L 01/01/2017 - 17:43:24: [AMXX]    [0] comp_timer2.sma::hookChat (line 411)
L 01/01/2017 - 17:43:31: String formatted incorrectly - parameter 2 (total 1)
L 01/01/2017 - 17:43:31: [AMXX] Displaying debug trace (plugin "comp_timer2.amxx", version "1.0-beta")
L 01/01/2017 - 17:43:31: [AMXX] Run time error 25: parameter error 
L 01/01/2017 - 17:43:31: [AMXX]    [0] comp_timer2.sma::hookChat (line 411)
L 01/01/2017 - 17:43:35: String formatted incorrectly - parameter 2 (total 1)
L 01/01/2017 - 17:43:35: [AMXX] Displaying debug trace (plugin "comp_timer2.amxx", version "1.0-beta")
L 01/01/2017 - 17:43:35: [AMXX] Run time error 25: parameter error 
L 01/01/2017 - 17:43:35: [AMXX]    [0] comp_timer2.sma::hookChat (line 411)
L 01/01/2017 - 20:53:07: Start of error session.
L 01/01/2017 - 20:53:07: Info (map "deathrun_bhopz_v2") (file "addons/amxmodx/logs/error_20170101.log")
L 01/01/2017 - 20:53:07: String formatted incorrectly - parameter 2 (total 1)
L 01/01/2017 - 20:53:07: [AMXX] Displaying debug trace (plugin "comp_timer2.amxx", version "1.0-beta")
L 01/01/2017 - 20:53:07: [AMXX] Run time error 25: parameter error 
L 01/01/2017 - 20:53:07: [AMXX]    [0] comp_timer2.sma::hookChat (line 411)
L 01/01/2017 - 20:53:20: String formatted incorrectly - parameter 2 (total 1)
L 01/01/2017 - 20:53:20: [AMXX] Displaying debug trace (plugin "comp_timer2.amxx", version "1.0-beta")
L 01/01/2017 - 20:53:20: [AMXX] Run time error 25: parameter error 
L 01/01/2017 - 20:53:20: [AMXX]    [0] comp_timer2.sma::hookChat (line 411)
L 01/01/2017 - 23:45:48: Start of error session.
L 01/01/2017 - 23:45:48: Info (map "deathrun_latexx") (file "addons/amxmodx/logs/error_20170101.log")
L 01/01/2017 - 23:45:48: [FAKEMETA] Invalid entity
L 01/01/2017 - 23:45:48: [AMXX] Displaying debug trace (plugin "use_button_once.amxx", version "1.3")
L 01/01/2017 - 23:45:48: [AMXX] Run time error 10: native error (native "pev")
L 01/01/2017 - 23:45:48: [AMXX]    [0] use_button_once.sma::get_ent_index (line 225)
L 01/01/2017 - 23:45:48: [AMXX]    [1] use_button_once.sma::set_start_value (line 212)
L 01/01/2017 - 23:45:48: [AMXX]    [2] use_button_once.sma::plugin_cfg (line 173)
