L 11/29/2016 - 17:45:33: Start of error session.
L 11/29/2016 - 17:45:33: Info (map "deathrun_latexx") (file "addons/amxmodx/logs/error_20161129.log")
L 11/29/2016 - 17:45:33: [FAKEMETA] Invalid entity
L 11/29/2016 - 17:45:33: [AMXX] Displaying debug trace (plugin "use_button_once.amxx", version "1.3")
L 11/29/2016 - 17:45:33: [AMXX] Run time error 10: native error (native "pev")
L 11/29/2016 - 17:45:33: [AMXX]    [0] use_button_once.sma::get_ent_index (line 225)
L 11/29/2016 - 17:45:33: [AMXX]    [1] use_button_once.sma::set_start_value (line 212)
L 11/29/2016 - 17:45:33: [AMXX]    [2] use_button_once.sma::plugin_cfg (line 173)
L 11/29/2016 - 19:17:33: Start of error session.
L 11/29/2016 - 19:17:33: Info (map "deathrun_3sixty_fg_fix3") (file "addons/amxmodx/logs/error_20161129.log")
L 11/29/2016 - 19:17:33: Forward-ul nu s-a putut executa.
L 11/29/2016 - 19:17:33: [AMXX] Run time error 1 (plugin "allchat3.amxx") - forced exit
L 11/29/2016 - 19:24:54: Forward-ul nu s-a putut executa.
L 11/29/2016 - 19:24:54: [AMXX] Displaying debug trace (plugin "comp_timer2.amxx", version "1.0-beta")
L 11/29/2016 - 19:24:54: [AMXX] Run time error 1: forced exit 
L 11/29/2016 - 19:24:54: [AMXX]    [0] comp_timer2.sma::checkSQLConditions (line 179)
L 11/29/2016 - 19:24:54: [AMXX]    [1] comp_timer2.sma::SetUserSettings (line 157)
L 11/29/2016 - 19:24:55: Forward-ul nu s-a putut executa.
L 11/29/2016 - 19:24:55: [AMXX] Displaying debug trace (plugin "comp_timer2.amxx", version "1.0-beta")
L 11/29/2016 - 19:24:55: [AMXX] Run time error 1: forced exit 
L 11/29/2016 - 19:24:55: [AMXX]    [0] comp_timer2.sma::checkSQLConditions (line 179)
L 11/29/2016 - 19:24:55: [AMXX]    [1] comp_timer2.sma::SetUserSettings (line 157)
L 11/29/2016 - 19:25:01: Forward-ul nu s-a putut executa.
L 11/29/2016 - 19:25:01: [AMXX] Displaying debug trace (plugin "comp_timer2.amxx", version "1.0-beta")
L 11/29/2016 - 19:25:01: [AMXX] Run time error 1: forced exit 
L 11/29/2016 - 19:25:01: [AMXX]    [0] comp_timer2.sma::checkSQLConditions (line 179)
L 11/29/2016 - 19:25:01: [AMXX]    [1] comp_timer2.sma::SetUserSettings (line 157)
L 11/29/2016 - 19:29:48: Start of error session.
L 11/29/2016 - 19:29:48: Info (map "deathrun_wild") (file "addons/amxmodx/logs/error_20161129.log")
L 11/29/2016 - 19:29:48: Forward-ul nu s-a putut executa.
L 11/29/2016 - 19:29:48: [AMXX] Displaying debug trace (plugin "comp_timer2.amxx", version "1.0-beta")
L 11/29/2016 - 19:29:48: [AMXX] Run time error 1: forced exit 
L 11/29/2016 - 19:29:48: [AMXX]    [0] comp_timer2.sma::checkSQLConditions (line 179)
L 11/29/2016 - 19:29:48: [AMXX]    [1] comp_timer2.sma::SetUserSettings (line 157)
L 11/29/2016 - 19:29:52: Forward-ul nu s-a putut executa.
L 11/29/2016 - 19:29:52: [AMXX] Displaying debug trace (plugin "comp_timer2.amxx", version "1.0-beta")
L 11/29/2016 - 19:29:52: [AMXX] Run time error 1: forced exit 
L 11/29/2016 - 19:29:52: [AMXX]    [0] comp_timer2.sma::checkSQLConditions (line 179)
L 11/29/2016 - 19:29:52: [AMXX]    [1] comp_timer2.sma::SetUserSettings (line 157)
L 11/29/2016 - 21:31:32: Start of error session.
L 11/29/2016 - 21:31:32: Info (map "deathrun_challenge_x") (file "addons/amxmodx/logs/error_20161129.log")
L 11/29/2016 - 21:31:32: Forward-ul nu s-a putut executa.
L 11/29/2016 - 21:31:32: [AMXX] Displaying debug trace (plugin "comp_timer2.amxx", version "1.0-beta")
L 11/29/2016 - 21:31:32: [AMXX] Run time error 1: forced exit 
L 11/29/2016 - 21:31:32: [AMXX]    [0] comp_timer2.sma::checkSQLConditions (line 179)
L 11/29/2016 - 21:31:32: [AMXX]    [1] comp_timer2.sma::SetUserSettings (line 157)
L 11/29/2016 - 21:31:32: Forward-ul nu s-a putut executa.
L 11/29/2016 - 21:31:32: [AMXX] Displaying debug trace (plugin "comp_timer2.amxx", version "1.0-beta")
L 11/29/2016 - 21:31:32: [AMXX] Run time error 1: forced exit 
L 11/29/2016 - 21:31:32: [AMXX]    [0] comp_timer2.sma::checkSQLConditions (line 179)
L 11/29/2016 - 21:31:32: [AMXX]    [1] comp_timer2.sma::SetUserSettings (line 157)
L 11/29/2016 - 21:31:32: Forward-ul nu s-a putut executa.
L 11/29/2016 - 21:31:32: [AMXX] Displaying debug trace (plugin "comp_timer2.amxx", version "1.0-beta")
L 11/29/2016 - 21:31:32: [AMXX] Run time error 1: forced exit 
L 11/29/2016 - 21:31:32: [AMXX]    [0] comp_timer2.sma::checkSQLConditions (line 179)
L 11/29/2016 - 21:31:32: [AMXX]    [1] comp_timer2.sma::SetUserSettings (line 157)
L 11/29/2016 - 21:38:21: Forward-ul nu s-a putut executa.
L 11/29/2016 - 21:38:21: [AMXX] Run time error 1 (plugin "allchat3.amxx") - forced exit
L 11/29/2016 - 22:12:32: Start of error session.
L 11/29/2016 - 22:12:32: Info (map "deathrun_hell1337_final") (file "addons/amxmodx/logs/error_20161129.log")
L 11/29/2016 - 22:12:32: Forward-ul nu s-a putut executa.
L 11/29/2016 - 22:12:32: [AMXX] Displaying debug trace (plugin "comp_timer2.amxx", version "1.0-beta")
L 11/29/2016 - 22:12:32: [AMXX] Run time error 1: forced exit 
L 11/29/2016 - 22:12:32: [AMXX]    [0] comp_timer2.sma::checkSQLConditions (line 179)
L 11/29/2016 - 22:12:32: [AMXX]    [1] comp_timer2.sma::SetUserSettings (line 157)
L 11/29/2016 - 22:12:32: Forward-ul nu s-a putut executa.
L 11/29/2016 - 22:12:32: [AMXX] Displaying debug trace (plugin "comp_timer2.amxx", version "1.0-beta")
L 11/29/2016 - 22:12:32: [AMXX] Run time error 1: forced exit 
L 11/29/2016 - 22:12:32: [AMXX]    [0] comp_timer2.sma::checkSQLConditions (line 179)
L 11/29/2016 - 22:12:32: [AMXX]    [1] comp_timer2.sma::SetUserSettings (line 157)
L 11/29/2016 - 22:12:32: Forward-ul nu s-a putut executa.
L 11/29/2016 - 22:12:32: [AMXX] Displaying debug trace (plugin "comp_timer2.amxx", version "1.0-beta")
L 11/29/2016 - 22:12:32: [AMXX] Run time error 1: forced exit 
L 11/29/2016 - 22:12:32: [AMXX]    [0] comp_timer2.sma::checkSQLConditions (line 179)
L 11/29/2016 - 22:12:32: [AMXX]    [1] comp_timer2.sma::SetUserSettings (line 157)
