L 02/02/2017 - 15:30:04: Start of error session.
L 02/02/2017 - 15:30:04: Info (map "deathrun_genius") (file "addons/amxmodx/logs/error_20170202.log")
L 02/02/2017 - 15:30:04: Forward-ul nu s-a putut executa.
L 02/02/2017 - 15:30:04: [AMXX] Run time error 1 (plugin "pistols_sql.amxx") - forced exit
L 02/02/2017 - 15:30:04: Forward-ul nu s-a putut executa.
L 02/02/2017 - 15:30:04: [AMXX] Run time error 1 (plugin "pistols_sql.amxx") - forced exit
L 02/02/2017 - 15:30:19: Forward-ul nu s-a putut executa.
L 02/02/2017 - 15:30:19: [AMXX] Run time error 1 (plugin "pistols_sql.amxx") - forced exit
L 02/02/2017 - 20:11:05: Start of error session.
L 02/02/2017 - 20:11:05: Info (map "deathrun_sentinel") (file "addons/amxmodx/logs/error_20170202.log")
L 02/02/2017 - 20:11:05: Forward-ul nu s-a putut executa.
L 02/02/2017 - 20:11:05: [AMXX] Run time error 1 (plugin "pistols_sql.amxx") - forced exit
L 02/02/2017 - 20:11:05: Forward-ul nu s-a putut executa.
L 02/02/2017 - 20:11:05: [AMXX] Run time error 1 (plugin "pistols_sql.amxx") - forced exit
L 02/02/2017 - 22:08:35: Start of error session.
L 02/02/2017 - 22:08:35: Info (map "deathrun_latexx") (file "addons/amxmodx/logs/error_20170202.log")
L 02/02/2017 - 22:08:35: [FAKEMETA] Invalid entity
L 02/02/2017 - 22:08:35: [AMXX] Displaying debug trace (plugin "use_button_once.amxx", version "1.3")
L 02/02/2017 - 22:08:35: [AMXX] Run time error 10: native error (native "pev")
L 02/02/2017 - 22:08:35: [AMXX]    [0] use_button_once.sma::get_ent_index (line 225)
L 02/02/2017 - 22:08:35: [AMXX]    [1] use_button_once.sma::set_start_value (line 212)
L 02/02/2017 - 22:08:35: [AMXX]    [2] use_button_once.sma::plugin_cfg (line 173)
