L 02/16/2017 - 03:18:41: Start of error session.
L 02/16/2017 - 03:18:41: Info (map "deathrun_latexx") (file "addons/amxmodx/logs/error_20170216.log")
L 02/16/2017 - 03:18:41: [FAKEMETA] Invalid entity
L 02/16/2017 - 03:18:41: [AMXX] Displaying debug trace (plugin "use_button_once.amxx", version "1.3")
L 02/16/2017 - 03:18:41: [AMXX] Run time error 10: native error (native "pev")
L 02/16/2017 - 03:18:41: [AMXX]    [0] use_button_once.sma::get_ent_index (line 225)
L 02/16/2017 - 03:18:41: [AMXX]    [1] use_button_once.sma::set_start_value (line 212)
L 02/16/2017 - 03:18:41: [AMXX]    [2] use_button_once.sma::plugin_cfg (line 173)
L 02/16/2017 - 16:28:26: Start of error session.
L 02/16/2017 - 16:28:26: Info (map "deathrun_inferno_beta1") (file "addons/amxmodx/logs/error_20170216.log")
L 02/16/2017 - 16:28:26: Forward-ul nu s-a putut executa.
L 02/16/2017 - 16:28:26: [AMXX] Run time error 1 (plugin "pistols_sql.amxx") - forced exit
L 02/16/2017 - 18:47:35: Start of error session.
L 02/16/2017 - 18:47:35: Info (map "deathrun_laikiux_rawr") (file "addons/amxmodx/logs/error_20170216.log")
L 02/16/2017 - 18:47:35: Forward-ul nu s-a putut executa.
L 02/16/2017 - 18:47:35: [AMXX] Run time error 1 (plugin "pistols_sql.amxx") - forced exit
L 02/16/2017 - 22:17:52: Start of error session.
L 02/16/2017 - 22:17:52: Info (map "deathrun_hertz") (file "addons/amxmodx/logs/error_20170216.log")
L 02/16/2017 - 22:17:52: Forward-ul nu s-a putut executa.
L 02/16/2017 - 22:17:52: [AMXX] Run time error 1 (plugin "pistols_sql.amxx") - forced exit
