L 03/31/2017 - 04:03:51: Start of error session.
L 03/31/2017 - 04:03:51: Info (map "deathrun_lies_f") (file "addons/amxmodx/logs/error_20170331.log")
L 03/31/2017 - 04:03:51: [AMXX] Plugin ("advanced_bans_sql.amxx") is setting itself as failed.
L 03/31/2017 - 04:03:51: [AMXX] Plugin says: Could not connect to database.
L 03/31/2017 - 04:03:51: [AMXX] Displaying debug trace (plugin "advanced_bans_sql.amxx", version "0.8.1")
L 03/31/2017 - 04:03:51: [AMXX] Run time error 1: forced exit 
L 03/31/2017 - 04:03:51: [AMXX]    [0] advanced_bans_sql.sma::QueryLoadBans (line 694)
L 03/31/2017 - 07:18:44: Start of error session.
L 03/31/2017 - 07:18:44: Info (map "deathrun_latexx") (file "addons/amxmodx/logs/error_20170331.log")
L 03/31/2017 - 07:18:44: [FAKEMETA] Invalid entity
L 03/31/2017 - 07:18:44: [AMXX] Displaying debug trace (plugin "use_button_once.amxx", version "1.3")
L 03/31/2017 - 07:18:44: [AMXX] Run time error 10: native error (native "pev")
L 03/31/2017 - 07:18:44: [AMXX]    [0] use_button_once.sma::get_ent_index (line 225)
L 03/31/2017 - 07:18:44: [AMXX]    [1] use_button_once.sma::set_start_value (line 212)
L 03/31/2017 - 07:18:44: [AMXX]    [2] use_button_once.sma::plugin_cfg (line 173)
L 03/31/2017 - 19:39:27: Start of error session.
L 03/31/2017 - 19:39:27: Info (map "deathrun_bhopz") (file "addons/amxmodx/logs/error_20170331.log")
L 03/31/2017 - 19:39:27: [AMXX] Plugin ("advanced_bans_sql.amxx") is setting itself as failed.
L 03/31/2017 - 19:39:27: [AMXX] Plugin says: Could not connect to database.
L 03/31/2017 - 19:39:27: [AMXX] Displaying debug trace (plugin "advanced_bans_sql.amxx", version "0.8.1")
L 03/31/2017 - 19:39:27: [AMXX] Run time error 1: forced exit 
L 03/31/2017 - 19:39:27: [AMXX]    [0] advanced_bans_sql.sma::QueryLoadBans (line 694)
