L 12/06/2016 - 16:23:00: Start of error session.
L 12/06/2016 - 16:23:00: Info (map "deathrun_gb_winter_final4") (file "addons/amxmodx/logs/error_20161206.log")
L 12/06/2016 - 16:23:00: Forward-ul nu s-a putut executa.
L 12/06/2016 - 16:23:00: [AMXX] Displaying debug trace (plugin "comp_timer2.amxx", version "1.0-beta")
L 12/06/2016 - 16:23:00: [AMXX] Run time error 1: forced exit 
L 12/06/2016 - 16:23:00: [AMXX]    [0] comp_timer2.sma::checkSQLConditions (line 179)
L 12/06/2016 - 16:23:00: [AMXX]    [1] comp_timer2.sma::SetUserSettings (line 157)
L 12/06/2016 - 16:23:00: Forward-ul nu s-a putut executa.
L 12/06/2016 - 16:23:00: [AMXX] Displaying debug trace (plugin "comp_timer2.amxx", version "1.0-beta")
L 12/06/2016 - 16:23:00: [AMXX] Run time error 1: forced exit 
L 12/06/2016 - 16:23:00: [AMXX]    [0] comp_timer2.sma::checkSQLConditions (line 179)
L 12/06/2016 - 16:23:00: [AMXX]    [1] comp_timer2.sma::SetUserSettings (line 157)
L 12/06/2016 - 16:23:00: Forward-ul nu s-a putut executa.
L 12/06/2016 - 16:23:00: [AMXX] Displaying debug trace (plugin "comp_timer2.amxx", version "1.0-beta")
L 12/06/2016 - 16:23:00: [AMXX] Run time error 1: forced exit 
L 12/06/2016 - 16:23:00: [AMXX]    [0] comp_timer2.sma::checkSQLConditions (line 179)
L 12/06/2016 - 16:23:00: [AMXX]    [1] comp_timer2.sma::SetUserSettings (line 157)
L 12/06/2016 - 16:23:13: Forward-ul nu s-a putut executa.
L 12/06/2016 - 16:23:13: [AMXX] Displaying debug trace (plugin "comp_timer2.amxx", version "1.0-beta")
L 12/06/2016 - 16:23:13: [AMXX] Run time error 1: forced exit 
L 12/06/2016 - 16:23:13: [AMXX]    [0] comp_timer2.sma::checkSQLConditions (line 179)
L 12/06/2016 - 16:23:13: [AMXX]    [1] comp_timer2.sma::SetUserSettings (line 157)
L 12/06/2016 - 17:08:20: Start of error session.
L 12/06/2016 - 17:08:20: Info (map "deathrun_inferno_beta1") (file "addons/amxmodx/logs/error_20161206.log")
L 12/06/2016 - 17:08:20: Forward-ul nu s-a putut executa.
L 12/06/2016 - 17:08:20: [AMXX] Run time error 1 (plugin "allchat3.amxx") - forced exit
L 12/06/2016 - 19:53:16: Start of error session.
L 12/06/2016 - 19:53:16: Info (map "deathrun_adelina") (file "addons/amxmodx/logs/error_20161206.log")
L 12/06/2016 - 19:53:16: Forward-ul nu s-a putut executa.
L 12/06/2016 - 19:53:16: [AMXX] Run time error 1 (plugin "allchat3.amxx") - forced exit
