L 12/09/2016 - 10:52:04: Start of error session.
L 12/09/2016 - 10:52:04: Info (map "deathrun_dojo") (file "addons/amxmodx/logs/error_20161209.log")
L 12/09/2016 - 10:52:04: Forward-ul nu s-a putut executa.
L 12/09/2016 - 10:52:04: [AMXX] Displaying debug trace (plugin "comp_timer2.amxx", version "1.0-beta")
L 12/09/2016 - 10:52:04: [AMXX] Run time error 1: forced exit 
L 12/09/2016 - 10:52:04: [AMXX]    [0] comp_timer2.sma::checkSQLConditions (line 179)
L 12/09/2016 - 10:52:04: [AMXX]    [1] comp_timer2.sma::SetUserSettings (line 157)
L 12/09/2016 - 10:52:04: Forward-ul nu s-a putut executa.
L 12/09/2016 - 10:52:04: [AMXX] Displaying debug trace (plugin "comp_timer2.amxx", version "1.0-beta")
L 12/09/2016 - 10:52:04: [AMXX] Run time error 1: forced exit 
L 12/09/2016 - 10:52:04: [AMXX]    [0] comp_timer2.sma::checkSQLConditions (line 179)
L 12/09/2016 - 10:52:04: [AMXX]    [1] comp_timer2.sma::SetUserSettings (line 157)
L 12/09/2016 - 10:52:04: Forward-ul nu s-a putut executa.
L 12/09/2016 - 10:52:04: [AMXX] Displaying debug trace (plugin "comp_timer2.amxx", version "1.0-beta")
L 12/09/2016 - 10:52:04: [AMXX] Run time error 1: forced exit 
L 12/09/2016 - 10:52:04: [AMXX]    [0] comp_timer2.sma::checkSQLConditions (line 179)
L 12/09/2016 - 10:52:04: [AMXX]    [1] comp_timer2.sma::SetUserSettings (line 157)
L 12/09/2016 - 10:52:32: Forward-ul nu s-a putut executa.
L 12/09/2016 - 10:52:32: [AMXX] Displaying debug trace (plugin "comp_timer2.amxx", version "1.0-beta")
L 12/09/2016 - 10:52:32: [AMXX] Run time error 1: forced exit 
L 12/09/2016 - 10:52:32: [AMXX]    [0] comp_timer2.sma::checkSQLConditions (line 179)
L 12/09/2016 - 10:52:32: [AMXX]    [1] comp_timer2.sma::SetUserSettings (line 157)
L 12/09/2016 - 13:46:52: Start of error session.
L 12/09/2016 - 13:46:52: Info (map "deathrun_jinglebells") (file "addons/amxmodx/logs/error_20161209.log")
L 12/09/2016 - 13:46:52: Forward-ul nu s-a putut executa.
L 12/09/2016 - 13:46:52: [AMXX] Displaying debug trace (plugin "comp_timer2.amxx", version "1.0-beta")
L 12/09/2016 - 13:46:52: [AMXX] Run time error 1: forced exit 
L 12/09/2016 - 13:46:52: [AMXX]    [0] comp_timer2.sma::checkSQLConditions (line 179)
L 12/09/2016 - 13:46:52: [AMXX]    [1] comp_timer2.sma::SetUserSettings (line 157)
L 12/09/2016 - 13:46:52: Forward-ul nu s-a putut executa.
L 12/09/2016 - 13:46:52: [AMXX] Displaying debug trace (plugin "comp_timer2.amxx", version "1.0-beta")
L 12/09/2016 - 13:46:52: [AMXX] Run time error 1: forced exit 
L 12/09/2016 - 13:46:52: [AMXX]    [0] comp_timer2.sma::checkSQLConditions (line 179)
L 12/09/2016 - 13:46:52: [AMXX]    [1] comp_timer2.sma::SetUserSettings (line 157)
L 12/09/2016 - 13:46:52: Forward-ul nu s-a putut executa.
L 12/09/2016 - 13:46:52: [AMXX] Displaying debug trace (plugin "comp_timer2.amxx", version "1.0-beta")
L 12/09/2016 - 13:46:52: [AMXX] Run time error 1: forced exit 
L 12/09/2016 - 13:46:52: [AMXX]    [0] comp_timer2.sma::checkSQLConditions (line 179)
L 12/09/2016 - 13:46:52: [AMXX]    [1] comp_timer2.sma::SetUserSettings (line 157)
L 12/09/2016 - 13:47:01: Forward-ul nu s-a putut executa.
L 12/09/2016 - 13:47:01: [AMXX] Displaying debug trace (plugin "comp_timer2.amxx", version "1.0-beta")
L 12/09/2016 - 13:47:01: [AMXX] Run time error 1: forced exit 
L 12/09/2016 - 13:47:01: [AMXX]    [0] comp_timer2.sma::checkSQLConditions (line 179)
L 12/09/2016 - 13:47:01: [AMXX]    [1] comp_timer2.sma::SetUserSettings (line 157)
L 12/09/2016 - 13:47:31: Forward-ul nu s-a putut executa.
L 12/09/2016 - 13:47:31: [AMXX] Displaying debug trace (plugin "comp_timer2.amxx", version "1.0-beta")
L 12/09/2016 - 13:47:31: [AMXX] Run time error 1: forced exit 
L 12/09/2016 - 13:47:31: [AMXX]    [0] comp_timer2.sma::checkSQLConditions (line 179)
L 12/09/2016 - 13:47:31: [AMXX]    [1] comp_timer2.sma::SetUserSettings (line 157)
L 12/09/2016 - 13:47:31: Forward-ul nu s-a putut executa.
L 12/09/2016 - 13:47:31: [AMXX] Displaying debug trace (plugin "comp_timer2.amxx", version "1.0-beta")
L 12/09/2016 - 13:47:31: [AMXX] Run time error 1: forced exit 
L 12/09/2016 - 13:47:31: [AMXX]    [0] comp_timer2.sma::checkSQLConditions (line 179)
L 12/09/2016 - 13:47:31: [AMXX]    [1] comp_timer2.sma::SetUserSettings (line 157)
L 12/09/2016 - 13:47:31: Forward-ul nu s-a putut executa.
L 12/09/2016 - 13:47:31: [AMXX] Displaying debug trace (plugin "comp_timer2.amxx", version "1.0-beta")
L 12/09/2016 - 13:47:31: [AMXX] Run time error 1: forced exit 
L 12/09/2016 - 13:47:31: [AMXX]    [0] comp_timer2.sma::checkSQLConditions (line 179)
L 12/09/2016 - 13:47:31: [AMXX]    [1] comp_timer2.sma::SetUserSettings (line 157)
L 12/09/2016 - 18:11:50: Start of error session.
L 12/09/2016 - 18:11:50: Info (map "deathrun_sentinel") (file "addons/amxmodx/logs/error_20161209.log")
L 12/09/2016 - 18:11:50: [AMXX] Plugin ("allchat3.amxx") is setting itself as failed.
L 12/09/2016 - 18:11:50: [AMXX] Plugin says: Can't connect to MySQL server on '89.40.104.2' (4)
L 12/09/2016 - 18:11:50: [AMXX] Run time error 1 (plugin "allchat3.amxx") - forced exit
L 12/09/2016 - 18:11:50: Forward-ul nu s-a putut executa.
L 12/09/2016 - 18:11:50: [AMXX] Run time error 1 (plugin "allchat3.amxx") - forced exit
L 12/09/2016 - 19:47:33: Start of error session.
L 12/09/2016 - 19:47:33: Info (map "deathrun_jinglebells") (file "addons/amxmodx/logs/error_20161209.log")
L 12/09/2016 - 19:47:33: Forward-ul nu s-a putut executa.
L 12/09/2016 - 19:47:33: [AMXX] Displaying debug trace (plugin "comp_timer2.amxx", version "1.0-beta")
L 12/09/2016 - 19:47:33: [AMXX] Run time error 1: forced exit 
L 12/09/2016 - 19:47:33: [AMXX]    [0] comp_timer2.sma::checkSQLConditions (line 179)
L 12/09/2016 - 19:47:33: [AMXX]    [1] comp_timer2.sma::SetUserSettings (line 157)
L 12/09/2016 - 19:47:33: Forward-ul nu s-a putut executa.
L 12/09/2016 - 19:47:33: [AMXX] Displaying debug trace (plugin "comp_timer2.amxx", version "1.0-beta")
L 12/09/2016 - 19:47:33: [AMXX] Run time error 1: forced exit 
L 12/09/2016 - 19:47:33: [AMXX]    [0] comp_timer2.sma::checkSQLConditions (line 179)
L 12/09/2016 - 19:47:33: [AMXX]    [1] comp_timer2.sma::SetUserSettings (line 157)
L 12/09/2016 - 19:47:33: Forward-ul nu s-a putut executa.
L 12/09/2016 - 19:47:33: [AMXX] Displaying debug trace (plugin "comp_timer2.amxx", version "1.0-beta")
L 12/09/2016 - 19:47:33: [AMXX] Run time error 1: forced exit 
L 12/09/2016 - 19:47:33: [AMXX]    [0] comp_timer2.sma::checkSQLConditions (line 179)
L 12/09/2016 - 19:47:33: [AMXX]    [1] comp_timer2.sma::SetUserSettings (line 157)
L 12/09/2016 - 19:47:45: Forward-ul nu s-a putut executa.
L 12/09/2016 - 19:47:45: [AMXX] Displaying debug trace (plugin "comp_timer2.amxx", version "1.0-beta")
L 12/09/2016 - 19:47:45: [AMXX] Run time error 1: forced exit 
L 12/09/2016 - 19:47:45: [AMXX]    [0] comp_timer2.sma::checkSQLConditions (line 179)
L 12/09/2016 - 19:47:45: [AMXX]    [1] comp_timer2.sma::SetUserSettings (line 157)
L 12/09/2016 - 19:48:20: Forward-ul nu s-a putut executa.
L 12/09/2016 - 19:48:20: [AMXX] Displaying debug trace (plugin "comp_timer2.amxx", version "1.0-beta")
L 12/09/2016 - 19:48:20: [AMXX] Run time error 1: forced exit 
L 12/09/2016 - 19:48:20: [AMXX]    [0] comp_timer2.sma::checkSQLConditions (line 179)
L 12/09/2016 - 19:48:20: [AMXX]    [1] comp_timer2.sma::SetUserSettings (line 157)
L 12/09/2016 - 19:48:52: Forward-ul nu s-a putut executa.
L 12/09/2016 - 19:48:52: [AMXX] Displaying debug trace (plugin "comp_timer2.amxx", version "1.0-beta")
L 12/09/2016 - 19:48:52: [AMXX] Run time error 1: forced exit 
L 12/09/2016 - 19:48:52: [AMXX]    [0] comp_timer2.sma::checkSQLConditions (line 179)
L 12/09/2016 - 19:48:52: [AMXX]    [1] comp_timer2.sma::SetUserSettings (line 157)
L 12/09/2016 - 20:19:40: Start of error session.
L 12/09/2016 - 20:19:40: Info (map "deathrun_stronghold_beta1") (file "addons/amxmodx/logs/error_20161209.log")
L 12/09/2016 - 20:19:40: Forward-ul nu s-a putut executa.
L 12/09/2016 - 20:19:40: [AMXX] Run time error 1 (plugin "allchat3.amxx") - forced exit
L 12/09/2016 - 20:58:35: Start of error session.
L 12/09/2016 - 20:58:35: Info (map "deathrun_rizzy_x") (file "addons/amxmodx/logs/error_20161209.log")
L 12/09/2016 - 20:58:35: Forward-ul nu s-a putut executa.
L 12/09/2016 - 20:58:35: [AMXX] Run time error 1 (plugin "allchat3.amxx") - forced exit
L 12/09/2016 - 21:27:53: Start of error session.
L 12/09/2016 - 21:27:53: Info (map "deathrun_forest") (file "addons/amxmodx/logs/error_20161209.log")
L 12/09/2016 - 21:27:53: Forward-ul nu s-a putut executa.
L 12/09/2016 - 21:27:53: [AMXX] Run time error 1 (plugin "allchat3.amxx") - forced exit
L 12/09/2016 - 21:38:02: Start of error session.
L 12/09/2016 - 21:38:02: Info (map "deathrun_laikiux6") (file "addons/amxmodx/logs/error_20161209.log")
L 12/09/2016 - 21:38:02: Forward-ul nu s-a putut executa.
L 12/09/2016 - 21:38:02: [AMXX] Run time error 1 (plugin "allchat3.amxx") - forced exit
L 12/09/2016 - 23:19:28: Start of error session.
L 12/09/2016 - 23:19:28: Info (map "deathrun_latexx") (file "addons/amxmodx/logs/error_20161209.log")
L 12/09/2016 - 23:19:28: [FAKEMETA] Invalid entity
L 12/09/2016 - 23:19:28: [AMXX] Displaying debug trace (plugin "use_button_once.amxx", version "1.3")
L 12/09/2016 - 23:19:28: [AMXX] Run time error 10: native error (native "pev")
L 12/09/2016 - 23:19:28: [AMXX]    [0] use_button_once.sma::get_ent_index (line 225)
L 12/09/2016 - 23:19:28: [AMXX]    [1] use_button_once.sma::set_start_value (line 212)
L 12/09/2016 - 23:19:28: [AMXX]    [2] use_button_once.sma::plugin_cfg (line 173)
