L 12/15/2016 - 05:20:18: Start of error session.
L 12/15/2016 - 05:20:18: Info (map "deathrun_latexx") (file "addons/amxmodx/logs/error_20161215.log")
L 12/15/2016 - 05:20:18: [FAKEMETA] Invalid entity
L 12/15/2016 - 05:20:18: [AMXX] Displaying debug trace (plugin "use_button_once.amxx", version "1.3")
L 12/15/2016 - 05:20:18: [AMXX] Run time error 10: native error (native "pev")
L 12/15/2016 - 05:20:18: [AMXX]    [0] use_button_once.sma::get_ent_index (line 225)
L 12/15/2016 - 05:20:18: [AMXX]    [1] use_button_once.sma::set_start_value (line 212)
L 12/15/2016 - 05:20:18: [AMXX]    [2] use_button_once.sma::plugin_cfg (line 173)
L 12/15/2016 - 15:38:52: Start of error session.
L 12/15/2016 - 15:38:52: Info (map "deathrun_forest") (file "addons/amxmodx/logs/error_20161215.log")
L 12/15/2016 - 15:38:52: Forward-ul nu s-a putut executa.
L 12/15/2016 - 15:38:52: [AMXX] Run time error 1 (plugin "allchat3.amxx") - forced exit
L 12/15/2016 - 15:43:56: Forward-ul nu s-a putut executa.
L 12/15/2016 - 15:43:56: [AMXX] Displaying debug trace (plugin "comp_timer2.amxx", version "1.0-beta")
L 12/15/2016 - 15:43:56: [AMXX] Run time error 1: forced exit 
L 12/15/2016 - 15:43:56: [AMXX]    [0] comp_timer2.sma::checkSQLConditions (line 179)
L 12/15/2016 - 15:43:56: [AMXX]    [1] comp_timer2.sma::SetUserSettings (line 157)
L 12/15/2016 - 15:43:56: Forward-ul nu s-a putut executa.
L 12/15/2016 - 15:43:56: [AMXX] Displaying debug trace (plugin "comp_timer2.amxx", version "1.0-beta")
L 12/15/2016 - 15:43:56: [AMXX] Run time error 1: forced exit 
L 12/15/2016 - 15:43:56: [AMXX]    [0] comp_timer2.sma::checkSQLConditions (line 179)
L 12/15/2016 - 15:43:56: [AMXX]    [1] comp_timer2.sma::SetUserSettings (line 157)
L 12/15/2016 - 15:44:06: Forward-ul nu s-a putut executa.
L 12/15/2016 - 15:44:06: [AMXX] Displaying debug trace (plugin "comp_timer2.amxx", version "1.0-beta")
L 12/15/2016 - 15:44:06: [AMXX] Run time error 1: forced exit 
L 12/15/2016 - 15:44:06: [AMXX]    [0] comp_timer2.sma::checkSQLConditions (line 179)
L 12/15/2016 - 15:44:06: [AMXX]    [1] comp_timer2.sma::SetUserSettings (line 157)
L 12/15/2016 - 15:48:04: Forward-ul nu s-a putut executa.
L 12/15/2016 - 15:48:04: [AMXX] Displaying debug trace (plugin "comp_timer2.amxx", version "1.0-beta")
L 12/15/2016 - 15:48:04: [AMXX] Run time error 1: forced exit 
L 12/15/2016 - 15:48:04: [AMXX]    [0] comp_timer2.sma::checkSQLConditions (line 179)
L 12/15/2016 - 15:48:04: [AMXX]    [1] comp_timer2.sma::SetUserSettings (line 157)
L 12/15/2016 - 15:48:04: Forward-ul nu s-a putut executa.
L 12/15/2016 - 15:48:04: [AMXX] Displaying debug trace (plugin "comp_timer2.amxx", version "1.0-beta")
L 12/15/2016 - 15:48:04: [AMXX] Run time error 1: forced exit 
L 12/15/2016 - 15:48:04: [AMXX]    [0] comp_timer2.sma::checkSQLConditions (line 179)
L 12/15/2016 - 15:48:04: [AMXX]    [1] comp_timer2.sma::SetUserSettings (line 157)
L 12/15/2016 - 15:48:04: Forward-ul nu s-a putut executa.
L 12/15/2016 - 15:48:04: [AMXX] Displaying debug trace (plugin "comp_timer2.amxx", version "1.0-beta")
L 12/15/2016 - 15:48:04: [AMXX] Run time error 1: forced exit 
L 12/15/2016 - 15:48:04: [AMXX]    [0] comp_timer2.sma::checkSQLConditions (line 179)
L 12/15/2016 - 15:48:04: [AMXX]    [1] comp_timer2.sma::SetUserSettings (line 157)
L 12/15/2016 - 15:48:17: Forward-ul nu s-a putut executa.
L 12/15/2016 - 15:48:17: [AMXX] Displaying debug trace (plugin "comp_timer2.amxx", version "1.0-beta")
L 12/15/2016 - 15:48:17: [AMXX] Run time error 1: forced exit 
L 12/15/2016 - 15:48:17: [AMXX]    [0] comp_timer2.sma::checkSQLConditions (line 179)
L 12/15/2016 - 15:48:17: [AMXX]    [1] comp_timer2.sma::SetUserSettings (line 157)
L 12/15/2016 - 15:52:52: Forward-ul nu s-a putut executa.
L 12/15/2016 - 15:52:52: [AMXX] Displaying debug trace (plugin "comp_timer2.amxx", version "1.0-beta")
L 12/15/2016 - 15:52:52: [AMXX] Run time error 1: forced exit 
L 12/15/2016 - 15:52:52: [AMXX]    [0] comp_timer2.sma::checkSQLConditions (line 179)
L 12/15/2016 - 15:52:52: [AMXX]    [1] comp_timer2.sma::checkIfNameExists (line 706)
L 12/15/2016 - 16:43:56: Start of error session.
L 12/15/2016 - 16:43:56: Info (map "deathrun_mici_f") (file "addons/amxmodx/logs/error_20161215.log")
L 12/15/2016 - 16:43:56: Forward-ul nu s-a putut executa.
L 12/15/2016 - 16:43:56: [AMXX] Displaying debug trace (plugin "comp_timer2.amxx", version "1.0-beta")
L 12/15/2016 - 16:43:56: [AMXX] Run time error 1: forced exit 
L 12/15/2016 - 16:43:56: [AMXX]    [0] comp_timer2.sma::checkSQLConditions (line 179)
L 12/15/2016 - 16:43:56: [AMXX]    [1] comp_timer2.sma::SetUserSettings (line 157)
L 12/15/2016 - 16:43:56: Forward-ul nu s-a putut executa.
L 12/15/2016 - 16:43:56: [AMXX] Displaying debug trace (plugin "comp_timer2.amxx", version "1.0-beta")
L 12/15/2016 - 16:43:56: [AMXX] Run time error 1: forced exit 
L 12/15/2016 - 16:43:56: [AMXX]    [0] comp_timer2.sma::checkSQLConditions (line 179)
L 12/15/2016 - 16:43:56: [AMXX]    [1] comp_timer2.sma::SetUserSettings (line 157)
L 12/15/2016 - 16:43:58: Forward-ul nu s-a putut executa.
L 12/15/2016 - 16:43:58: [AMXX] Displaying debug trace (plugin "comp_timer2.amxx", version "1.0-beta")
L 12/15/2016 - 16:43:58: [AMXX] Run time error 1: forced exit 
L 12/15/2016 - 16:43:58: [AMXX]    [0] comp_timer2.sma::checkSQLConditions (line 179)
L 12/15/2016 - 16:43:58: [AMXX]    [1] comp_timer2.sma::SetUserSettings (line 157)
L 12/15/2016 - 17:03:59: Start of error session.
L 12/15/2016 - 17:03:59: Info (map "deathrun_challenge_x") (file "addons/amxmodx/logs/error_20161215.log")
L 12/15/2016 - 17:03:59: Forward-ul nu s-a putut executa.
L 12/15/2016 - 17:03:59: [AMXX] Displaying debug trace (plugin "comp_timer2.amxx", version "1.0-beta")
L 12/15/2016 - 17:03:59: [AMXX] Run time error 1: forced exit 
L 12/15/2016 - 17:03:59: [AMXX]    [0] comp_timer2.sma::checkSQLConditions (line 179)
L 12/15/2016 - 17:03:59: [AMXX]    [1] comp_timer2.sma::SetUserSettings (line 157)
L 12/15/2016 - 17:03:59: Forward-ul nu s-a putut executa.
L 12/15/2016 - 17:03:59: [AMXX] Displaying debug trace (plugin "comp_timer2.amxx", version "1.0-beta")
L 12/15/2016 - 17:03:59: [AMXX] Run time error 1: forced exit 
L 12/15/2016 - 17:03:59: [AMXX]    [0] comp_timer2.sma::checkSQLConditions (line 179)
L 12/15/2016 - 17:03:59: [AMXX]    [1] comp_timer2.sma::SetUserSettings (line 157)
L 12/15/2016 - 17:03:59: Forward-ul nu s-a putut executa.
L 12/15/2016 - 17:03:59: [AMXX] Displaying debug trace (plugin "comp_timer2.amxx", version "1.0-beta")
L 12/15/2016 - 17:03:59: [AMXX] Run time error 1: forced exit 
L 12/15/2016 - 17:03:59: [AMXX]    [0] comp_timer2.sma::checkSQLConditions (line 179)
L 12/15/2016 - 17:03:59: [AMXX]    [1] comp_timer2.sma::SetUserSettings (line 157)
L 12/15/2016 - 17:04:16: Forward-ul nu s-a putut executa.
L 12/15/2016 - 17:04:16: [AMXX] Displaying debug trace (plugin "comp_timer2.amxx", version "1.0-beta")
L 12/15/2016 - 17:04:16: [AMXX] Run time error 1: forced exit 
L 12/15/2016 - 17:04:16: [AMXX]    [0] comp_timer2.sma::checkSQLConditions (line 179)
L 12/15/2016 - 17:04:16: [AMXX]    [1] comp_timer2.sma::SetUserSettings (line 157)
L 12/15/2016 - 17:04:16: Forward-ul nu s-a putut executa.
L 12/15/2016 - 17:04:16: [AMXX] Displaying debug trace (plugin "comp_timer2.amxx", version "1.0-beta")
L 12/15/2016 - 17:04:16: [AMXX] Run time error 1: forced exit 
L 12/15/2016 - 17:04:16: [AMXX]    [0] comp_timer2.sma::checkSQLConditions (line 179)
L 12/15/2016 - 17:04:16: [AMXX]    [1] comp_timer2.sma::SetUserSettings (line 157)
L 12/15/2016 - 17:08:00: Forward-ul nu s-a putut executa.
L 12/15/2016 - 17:08:00: [AMXX] Displaying debug trace (plugin "comp_timer2.amxx", version "1.0-beta")
L 12/15/2016 - 17:08:00: [AMXX] Run time error 1: forced exit 
L 12/15/2016 - 17:08:00: [AMXX]    [0] comp_timer2.sma::checkSQLConditions (line 179)
L 12/15/2016 - 17:08:00: [AMXX]    [1] comp_timer2.sma::SetUserSettings (line 157)
L 12/15/2016 - 17:18:58: Start of error session.
L 12/15/2016 - 17:18:58: Info (map "deathrun_purplez_v2_b3") (file "addons/amxmodx/logs/error_20161215.log")
L 12/15/2016 - 17:18:58: Forward-ul nu s-a putut executa.
L 12/15/2016 - 17:18:58: [AMXX] Displaying debug trace (plugin "comp_timer2.amxx", version "1.0-beta")
L 12/15/2016 - 17:18:58: [AMXX] Run time error 1: forced exit 
L 12/15/2016 - 17:18:58: [AMXX]    [0] comp_timer2.sma::checkSQLConditions (line 179)
L 12/15/2016 - 17:18:58: [AMXX]    [1] comp_timer2.sma::SetUserSettings (line 157)
L 12/15/2016 - 17:19:06: Forward-ul nu s-a putut executa.
L 12/15/2016 - 17:19:06: [AMXX] Displaying debug trace (plugin "comp_timer2.amxx", version "1.0-beta")
L 12/15/2016 - 17:19:06: [AMXX] Run time error 1: forced exit 
L 12/15/2016 - 17:19:06: [AMXX]    [0] comp_timer2.sma::checkSQLConditions (line 179)
L 12/15/2016 - 17:19:06: [AMXX]    [1] comp_timer2.sma::SetUserSettings (line 157)
L 12/15/2016 - 18:13:25: Start of error session.
L 12/15/2016 - 18:13:25: Info (map "deathrun_mario_nigga2") (file "addons/amxmodx/logs/error_20161215.log")
L 12/15/2016 - 18:13:25: Forward-ul nu s-a putut executa.
L 12/15/2016 - 18:13:25: [AMXX] Displaying debug trace (plugin "comp_timer2.amxx", version "1.0-beta")
L 12/15/2016 - 18:13:25: [AMXX] Run time error 1: forced exit 
L 12/15/2016 - 18:13:25: [AMXX]    [0] comp_timer2.sma::checkSQLConditions (line 179)
L 12/15/2016 - 18:13:25: [AMXX]    [1] comp_timer2.sma::SetUserSettings (line 157)
L 12/15/2016 - 18:13:25: Forward-ul nu s-a putut executa.
L 12/15/2016 - 18:13:25: [AMXX] Displaying debug trace (plugin "comp_timer2.amxx", version "1.0-beta")
L 12/15/2016 - 18:13:25: [AMXX] Run time error 1: forced exit 
L 12/15/2016 - 18:13:25: [AMXX]    [0] comp_timer2.sma::checkSQLConditions (line 179)
L 12/15/2016 - 18:13:25: [AMXX]    [1] comp_timer2.sma::SetUserSettings (line 157)
L 12/15/2016 - 18:13:46: Forward-ul nu s-a putut executa.
L 12/15/2016 - 18:13:46: [AMXX] Displaying debug trace (plugin "comp_timer2.amxx", version "1.0-beta")
L 12/15/2016 - 18:13:46: [AMXX] Run time error 1: forced exit 
L 12/15/2016 - 18:13:46: [AMXX]    [0] comp_timer2.sma::checkSQLConditions (line 179)
L 12/15/2016 - 18:13:46: [AMXX]    [1] comp_timer2.sma::SetUserSettings (line 157)
L 12/15/2016 - 18:28:52: Forward-ul nu s-a putut executa.
L 12/15/2016 - 18:28:52: [AMXX] Displaying debug trace (plugin "comp_timer2.amxx", version "1.0-beta")
L 12/15/2016 - 18:28:52: [AMXX] Run time error 1: forced exit 
L 12/15/2016 - 18:28:52: [AMXX]    [0] comp_timer2.sma::checkSQLConditions (line 179)
L 12/15/2016 - 18:28:52: [AMXX]    [1] comp_timer2.sma::checkIfNameExists (line 706)
L 12/15/2016 - 18:30:48: Start of error session.
L 12/15/2016 - 18:30:48: Info (map "deathrun_av2009_recolored-ez") (file "addons/amxmodx/logs/error_20161215.log")
L 12/15/2016 - 18:30:48: Forward-ul nu s-a putut executa.
L 12/15/2016 - 18:30:48: [AMXX] Displaying debug trace (plugin "comp_timer2.amxx", version "1.0-beta")
L 12/15/2016 - 18:30:48: [AMXX] Run time error 1: forced exit 
L 12/15/2016 - 18:30:48: [AMXX]    [0] comp_timer2.sma::checkSQLConditions (line 179)
L 12/15/2016 - 18:30:48: [AMXX]    [1] comp_timer2.sma::SetUserSettings (line 157)
L 12/15/2016 - 18:30:56: Forward-ul nu s-a putut executa.
L 12/15/2016 - 18:30:56: [AMXX] Displaying debug trace (plugin "comp_timer2.amxx", version "1.0-beta")
L 12/15/2016 - 18:30:56: [AMXX] Run time error 1: forced exit 
L 12/15/2016 - 18:30:56: [AMXX]    [0] comp_timer2.sma::checkSQLConditions (line 179)
L 12/15/2016 - 18:30:56: [AMXX]    [1] comp_timer2.sma::SetUserSettings (line 157)
L 12/15/2016 - 19:42:05: Start of error session.
L 12/15/2016 - 19:42:05: Info (map "deathrun_bhopz_v2") (file "addons/amxmodx/logs/error_20161215.log")
L 12/15/2016 - 19:42:05: Forward-ul nu s-a putut executa.
L 12/15/2016 - 19:42:05: [AMXX] Displaying debug trace (plugin "comp_timer2.amxx", version "1.0-beta")
L 12/15/2016 - 19:42:05: [AMXX] Run time error 1: forced exit 
L 12/15/2016 - 19:42:05: [AMXX]    [0] comp_timer2.sma::checkSQLConditions (line 179)
L 12/15/2016 - 19:42:05: [AMXX]    [1] comp_timer2.sma::SetUserSettings (line 157)
