L 04/23/2017 - 20:04:02: Start of error session.
L 04/23/2017 - 20:04:02: Info (map "deathrun_skyzzar") (file "addons/amxmodx/logs/error_20170423.log")
L 04/23/2017 - 20:04:02: Forward-ul nu s-a putut executa.
L 04/23/2017 - 20:04:02: [AMXX] Run time error 1 (plugin "pistols_sql.amxx") - forced exit
L 04/23/2017 - 20:21:40: [AMXX] Run time error 4 (plugin "uq_jumpstats.amxx") - debug not enabled!
L 04/23/2017 - 20:21:40: [AMXX] To enable debug mode, add "debug" after the plugin name in plugins.ini (without quotes).
L 04/23/2017 - 20:21:40: [AMXX] Run time error 4 (plugin "uq_jumpstats.amxx") - debug not enabled!
L 04/23/2017 - 20:21:40: [AMXX] To enable debug mode, add "debug" after the plugin name in plugins.ini (without quotes).
L 04/23/2017 - 20:21:40: [AMXX] Run time error 4 (plugin "uq_jumpstats.amxx") - debug not enabled!
L 04/23/2017 - 20:21:40: [AMXX] To enable debug mode, add "debug" after the plugin name in plugins.ini (without quotes).
L 04/23/2017 - 20:21:40: [AMXX] Run time error 4 (plugin "uq_jumpstats.amxx") - debug not enabled!
L 04/23/2017 - 20:21:40: [AMXX] To enable debug mode, add "debug" after the plugin name in plugins.ini (without quotes).
L 04/23/2017 - 20:21:40: [AMXX] Run time error 4 (plugin "uq_jumpstats.amxx") - debug not enabled!
L 04/23/2017 - 20:21:40: [AMXX] To enable debug mode, add "debug" after the plugin name in plugins.ini (without quotes).
L 04/23/2017 - 20:21:40: [AMXX] Run time error 4 (plugin "uq_jumpstats.amxx") - debug not enabled!
L 04/23/2017 - 20:21:40: [AMXX] To enable debug mode, add "debug" after the plugin name in plugins.ini (without quotes).
L 04/23/2017 - 20:21:40: [AMXX] Run time error 4 (plugin "uq_jumpstats.amxx") - debug not enabled!
L 04/23/2017 - 20:21:40: [AMXX] To enable debug mode, add "debug" after the plugin name in plugins.ini (without quotes).
L 04/23/2017 - 20:21:40: [AMXX] Run time error 4 (plugin "uq_jumpstats.amxx") - debug not enabled!
L 04/23/2017 - 20:21:40: [AMXX] To enable debug mode, add "debug" after the plugin name in plugins.ini (without quotes).
L 04/23/2017 - 20:21:40: [AMXX] Run time error 4 (plugin "uq_jumpstats.amxx") - debug not enabled!
L 04/23/2017 - 20:21:40: [AMXX] To enable debug mode, add "debug" after the plugin name in plugins.ini (without quotes).
L 04/23/2017 - 20:21:40: [AMXX] Run time error 4 (plugin "uq_jumpstats.amxx") - debug not enabled!
L 04/23/2017 - 20:21:40: [AMXX] To enable debug mode, add "debug" after the plugin name in plugins.ini (without quotes).
L 04/23/2017 - 20:21:40: [AMXX] Run time error 4 (plugin "uq_jumpstats.amxx") - debug not enabled!
L 04/23/2017 - 20:21:40: [AMXX] To enable debug mode, add "debug" after the plugin name in plugins.ini (without quotes).
L 04/23/2017 - 20:21:40: [AMXX] Run time error 4 (plugin "uq_jumpstats.amxx") - debug not enabled!
L 04/23/2017 - 20:21:40: [AMXX] To enable debug mode, add "debug" after the plugin name in plugins.ini (without quotes).
L 04/23/2017 - 20:21:40: [AMXX] Run time error 4 (plugin "uq_jumpstats.amxx") - debug not enabled!
L 04/23/2017 - 20:21:40: [AMXX] To enable debug mode, add "debug" after the plugin name in plugins.ini (without quotes).
L 04/23/2017 - 20:21:40: [AMXX] Run time error 4 (plugin "uq_jumpstats.amxx") - debug not enabled!
L 04/23/2017 - 20:21:40: [AMXX] To enable debug mode, add "debug" after the plugin name in plugins.ini (without quotes).
L 04/23/2017 - 20:21:40: [AMXX] Run time error 4 (plugin "uq_jumpstats.amxx") - debug not enabled!
L 04/23/2017 - 20:21:40: [AMXX] To enable debug mode, add "debug" after the plugin name in plugins.ini (without quotes).
L 04/23/2017 - 20:21:40: [AMXX] Run time error 4 (plugin "uq_jumpstats.amxx") - debug not enabled!
L 04/23/2017 - 20:21:40: [AMXX] To enable debug mode, add "debug" after the plugin name in plugins.ini (without quotes).
L 04/23/2017 - 20:21:40: [AMXX] Run time error 4 (plugin "uq_jumpstats.amxx") - debug not enabled!
L 04/23/2017 - 20:21:40: [AMXX] To enable debug mode, add "debug" after the plugin name in plugins.ini (without quotes).
L 04/23/2017 - 20:21:40: [AMXX] Run time error 4 (plugin "uq_jumpstats.amxx") - debug not enabled!
L 04/23/2017 - 20:21:40: [AMXX] To enable debug mode, add "debug" after the plugin name in plugins.ini (without quotes).
L 04/23/2017 - 20:21:40: [AMXX] Run time error 4 (plugin "uq_jumpstats.amxx") - debug not enabled!
L 04/23/2017 - 20:21:40: [AMXX] To enable debug mode, add "debug" after the plugin name in plugins.ini (without quotes).
L 04/23/2017 - 20:21:40: [AMXX] Run time error 4 (plugin "uq_jumpstats.amxx") - debug not enabled!
L 04/23/2017 - 20:21:40: [AMXX] To enable debug mode, add "debug" after the plugin name in plugins.ini (without quotes).
L 04/23/2017 - 20:21:41: [AMXX] Run time error 4 (plugin "uq_jumpstats.amxx") - debug not enabled!
L 04/23/2017 - 20:21:41: [AMXX] To enable debug mode, add "debug" after the plugin name in plugins.ini (without quotes).
L 04/23/2017 - 20:21:41: [AMXX] Run time error 4 (plugin "uq_jumpstats.amxx") - debug not enabled!
L 04/23/2017 - 20:21:41: [AMXX] To enable debug mode, add "debug" after the plugin name in plugins.ini (without quotes).
L 04/23/2017 - 20:21:41: [AMXX] Run time error 4 (plugin "uq_jumpstats.amxx") - debug not enabled!
L 04/23/2017 - 20:21:41: [AMXX] To enable debug mode, add "debug" after the plugin name in plugins.ini (without quotes).
L 04/23/2017 - 20:21:41: [AMXX] Run time error 4 (plugin "uq_jumpstats.amxx") - debug not enabled!
L 04/23/2017 - 20:21:41: [AMXX] To enable debug mode, add "debug" after the plugin name in plugins.ini (without quotes).
L 04/23/2017 - 20:21:41: [AMXX] Run time error 4 (plugin "uq_jumpstats.amxx") - debug not enabled!
L 04/23/2017 - 20:21:41: [AMXX] To enable debug mode, add "debug" after the plugin name in plugins.ini (without quotes).
L 04/23/2017 - 20:21:41: [AMXX] Run time error 4 (plugin "uq_jumpstats.amxx") - debug not enabled!
L 04/23/2017 - 20:21:41: [AMXX] To enable debug mode, add "debug" after the plugin name in plugins.ini (without quotes).
L 04/23/2017 - 20:21:41: [AMXX] Run time error 4 (plugin "uq_jumpstats.amxx") - debug not enabled!
L 04/23/2017 - 20:21:41: [AMXX] To enable debug mode, add "debug" after the plugin name in plugins.ini (without quotes).
L 04/23/2017 - 20:21:41: [AMXX] Run time error 4 (plugin "uq_jumpstats.amxx") - debug not enabled!
L 04/23/2017 - 20:21:41: [AMXX] To enable debug mode, add "debug" after the plugin name in plugins.ini (without quotes).
