L 12/31/2016 - 14:27:40: Start of error session.
L 12/31/2016 - 14:27:40: Info (map "deathrun_pasable") (file "addons/amxmodx/logs/error_20161231.log")
L 12/31/2016 - 14:27:40: String formatted incorrectly - parameter 2 (total 1)
L 12/31/2016 - 14:27:40: [AMXX] Displaying debug trace (plugin "comp_timer2.amxx", version "1.0-beta")
L 12/31/2016 - 14:27:40: [AMXX] Run time error 25: parameter error 
L 12/31/2016 - 14:27:40: [AMXX]    [0] comp_timer2.sma::hookChat (line 411)
L 12/31/2016 - 14:27:44: String formatted incorrectly - parameter 2 (total 1)
L 12/31/2016 - 14:27:44: [AMXX] Displaying debug trace (plugin "comp_timer2.amxx", version "1.0-beta")
L 12/31/2016 - 14:27:44: [AMXX] Run time error 25: parameter error 
L 12/31/2016 - 14:27:44: [AMXX]    [0] comp_timer2.sma::hookChat (line 411)
L 12/31/2016 - 17:02:02: Start of error session.
L 12/31/2016 - 17:02:02: Info (map "deathrun_latexx") (file "addons/amxmodx/logs/error_20161231.log")
L 12/31/2016 - 17:02:02: [FAKEMETA] Invalid entity
L 12/31/2016 - 17:02:02: [AMXX] Displaying debug trace (plugin "use_button_once.amxx", version "1.3")
L 12/31/2016 - 17:02:02: [AMXX] Run time error 10: native error (native "pev")
L 12/31/2016 - 17:02:02: [AMXX]    [0] use_button_once.sma::get_ent_index (line 225)
L 12/31/2016 - 17:02:02: [AMXX]    [1] use_button_once.sma::set_start_value (line 212)
L 12/31/2016 - 17:02:02: [AMXX]    [2] use_button_once.sma::plugin_cfg (line 173)
L 12/31/2016 - 18:50:57: Start of error session.
L 12/31/2016 - 18:50:57: Info (map "deathrun_bhopz_v2") (file "addons/amxmodx/logs/error_20161231.log")
L 12/31/2016 - 18:50:57: String formatted incorrectly - parameter 2 (total 1)
L 12/31/2016 - 18:50:57: [AMXX] Displaying debug trace (plugin "comp_timer2.amxx", version "1.0-beta")
L 12/31/2016 - 18:50:57: [AMXX] Run time error 25: parameter error 
L 12/31/2016 - 18:50:57: [AMXX]    [0] comp_timer2.sma::hookChat (line 411)
L 12/31/2016 - 20:35:36: Start of error session.
L 12/31/2016 - 20:35:36: Info (map "deathrun_latexx") (file "addons/amxmodx/logs/error_20161231.log")
L 12/31/2016 - 20:35:36: [FAKEMETA] Invalid entity
L 12/31/2016 - 20:35:36: [AMXX] Displaying debug trace (plugin "use_button_once.amxx", version "1.3")
L 12/31/2016 - 20:35:36: [AMXX] Run time error 10: native error (native "pev")
L 12/31/2016 - 20:35:36: [AMXX]    [0] use_button_once.sma::get_ent_index (line 225)
L 12/31/2016 - 20:35:36: [AMXX]    [1] use_button_once.sma::set_start_value (line 212)
L 12/31/2016 - 20:35:36: [AMXX]    [2] use_button_once.sma::plugin_cfg (line 173)
L 12/31/2016 - 21:04:46: Start of error session.
L 12/31/2016 - 21:04:46: Info (map "deathrun_toony_beta1") (file "addons/amxmodx/logs/error_20161231.log")
L 12/31/2016 - 21:04:46: String formatted incorrectly - parameter 2 (total 1)
L 12/31/2016 - 21:04:46: [AMXX] Displaying debug trace (plugin "comp_timer2.amxx", version "1.0-beta")
L 12/31/2016 - 21:04:46: [AMXX] Run time error 25: parameter error 
L 12/31/2016 - 21:04:46: [AMXX]    [0] comp_timer2.sma::hookChat (line 411)
L 12/31/2016 - 21:04:56: String formatted incorrectly - parameter 2 (total 1)
L 12/31/2016 - 21:04:56: [AMXX] Displaying debug trace (plugin "comp_timer2.amxx", version "1.0-beta")
L 12/31/2016 - 21:04:56: [AMXX] Run time error 25: parameter error 
L 12/31/2016 - 21:04:56: [AMXX]    [0] comp_timer2.sma::hookChat (line 411)
L 12/31/2016 - 21:05:54: String formatted incorrectly - parameter 2 (total 1)
L 12/31/2016 - 21:05:54: [AMXX] Displaying debug trace (plugin "comp_timer2.amxx", version "1.0-beta")
L 12/31/2016 - 21:05:54: [AMXX] Run time error 25: parameter error 
L 12/31/2016 - 21:05:54: [AMXX]    [0] comp_timer2.sma::hookChat (line 411)
