L 11/27/2016 - 10:35:40: Start of error session.
L 11/27/2016 - 10:35:40: Info (map "deathrun_flipfloodz") (file "addons/amxmodx/logs/error_20161127.log")
L 11/27/2016 - 10:35:40: Forward-ul nu s-a putut executa.
L 11/27/2016 - 10:35:40: [AMXX] Displaying debug trace (plugin "comp_timer2.amxx", version "1.0-beta")
L 11/27/2016 - 10:35:40: [AMXX] Run time error 1: forced exit 
L 11/27/2016 - 10:35:40: [AMXX]    [0] comp_timer2.sma::checkSQLConditions (line 179)
L 11/27/2016 - 10:35:40: [AMXX]    [1] comp_timer2.sma::SetUserSettings (line 157)
L 11/27/2016 - 10:35:40: Forward-ul nu s-a putut executa.
L 11/27/2016 - 10:35:40: [AMXX] Displaying debug trace (plugin "comp_timer2.amxx", version "1.0-beta")
L 11/27/2016 - 10:35:40: [AMXX] Run time error 1: forced exit 
L 11/27/2016 - 10:35:40: [AMXX]    [0] comp_timer2.sma::checkSQLConditions (line 179)
L 11/27/2016 - 10:35:40: [AMXX]    [1] comp_timer2.sma::SetUserSettings (line 157)
L 11/27/2016 - 10:35:40: Forward-ul nu s-a putut executa.
L 11/27/2016 - 10:35:40: [AMXX] Displaying debug trace (plugin "comp_timer2.amxx", version "1.0-beta")
L 11/27/2016 - 10:35:40: [AMXX] Run time error 1: forced exit 
L 11/27/2016 - 10:35:40: [AMXX]    [0] comp_timer2.sma::checkSQLConditions (line 179)
L 11/27/2016 - 10:35:40: [AMXX]    [1] comp_timer2.sma::SetUserSettings (line 157)
L 11/27/2016 - 10:35:41: Forward-ul nu s-a putut executa.
L 11/27/2016 - 10:35:41: [AMXX] Displaying debug trace (plugin "comp_timer2.amxx", version "1.0-beta")
L 11/27/2016 - 10:35:41: [AMXX] Run time error 1: forced exit 
L 11/27/2016 - 10:35:41: [AMXX]    [0] comp_timer2.sma::checkSQLConditions (line 179)
L 11/27/2016 - 10:35:41: [AMXX]    [1] comp_timer2.sma::SetUserSettings (line 157)
L 11/27/2016 - 10:36:41: Forward-ul nu s-a putut executa.
L 11/27/2016 - 10:36:41: [AMXX] Displaying debug trace (plugin "comp_timer2.amxx", version "1.0-beta")
L 11/27/2016 - 10:36:41: [AMXX] Run time error 1: forced exit 
L 11/27/2016 - 10:36:41: [AMXX]    [0] comp_timer2.sma::checkSQLConditions (line 179)
L 11/27/2016 - 10:36:41: [AMXX]    [1] comp_timer2.sma::SetUserSettings (line 157)
L 11/27/2016 - 10:36:46: Forward-ul nu s-a putut executa.
L 11/27/2016 - 10:36:46: [AMXX] Displaying debug trace (plugin "comp_timer2.amxx", version "1.0-beta")
L 11/27/2016 - 10:36:46: [AMXX] Run time error 1: forced exit 
L 11/27/2016 - 10:36:46: [AMXX]    [0] comp_timer2.sma::checkSQLConditions (line 179)
L 11/27/2016 - 10:36:46: [AMXX]    [1] comp_timer2.sma::SetUserSettings (line 157)
L 11/27/2016 - 10:36:52: Forward-ul nu s-a putut executa.
L 11/27/2016 - 10:36:52: [AMXX] Displaying debug trace (plugin "comp_timer2.amxx", version "1.0-beta")
L 11/27/2016 - 10:36:52: [AMXX] Run time error 1: forced exit 
L 11/27/2016 - 10:36:52: [AMXX]    [0] comp_timer2.sma::checkSQLConditions (line 179)
L 11/27/2016 - 10:36:52: [AMXX]    [1] comp_timer2.sma::SetUserSettings (line 157)
L 11/27/2016 - 10:39:11: Forward-ul nu s-a putut executa.
L 11/27/2016 - 10:39:11: [AMXX] Displaying debug trace (plugin "comp_timer2.amxx", version "1.0-beta")
L 11/27/2016 - 10:39:11: [AMXX] Run time error 1: forced exit 
L 11/27/2016 - 10:39:11: [AMXX]    [0] comp_timer2.sma::checkSQLConditions (line 179)
L 11/27/2016 - 10:39:11: [AMXX]    [1] comp_timer2.sma::SetUserSettings (line 157)
L 11/27/2016 - 10:39:16: Forward-ul nu s-a putut executa.
L 11/27/2016 - 10:39:16: [AMXX] Displaying debug trace (plugin "comp_timer2.amxx", version "1.0-beta")
L 11/27/2016 - 10:39:16: [AMXX] Run time error 1: forced exit 
L 11/27/2016 - 10:39:16: [AMXX]    [0] comp_timer2.sma::checkSQLConditions (line 179)
L 11/27/2016 - 10:39:16: [AMXX]    [1] comp_timer2.sma::SetUserSettings (line 157)
L 11/27/2016 - 10:39:26: Forward-ul nu s-a putut executa.
L 11/27/2016 - 10:39:26: [AMXX] Displaying debug trace (plugin "comp_timer2.amxx", version "1.0-beta")
L 11/27/2016 - 10:39:26: [AMXX] Run time error 1: forced exit 
L 11/27/2016 - 10:39:26: [AMXX]    [0] comp_timer2.sma::checkSQLConditions (line 179)
L 11/27/2016 - 10:39:26: [AMXX]    [1] comp_timer2.sma::SetUserSettings (line 157)
L 11/27/2016 - 11:14:14: Start of error session.
L 11/27/2016 - 11:14:14: Info (map "deathrun_expres-game") (file "addons/amxmodx/logs/error_20161127.log")
L 11/27/2016 - 11:14:14: Forward-ul nu s-a putut executa.
L 11/27/2016 - 11:14:14: [AMXX] Displaying debug trace (plugin "comp_timer2.amxx", version "1.0-beta")
L 11/27/2016 - 11:14:14: [AMXX] Run time error 1: forced exit 
L 11/27/2016 - 11:14:14: [AMXX]    [0] comp_timer2.sma::checkSQLConditions (line 179)
L 11/27/2016 - 11:14:14: [AMXX]    [1] comp_timer2.sma::SetUserSettings (line 157)
L 11/27/2016 - 11:14:14: Forward-ul nu s-a putut executa.
L 11/27/2016 - 11:14:14: [AMXX] Displaying debug trace (plugin "comp_timer2.amxx", version "1.0-beta")
L 11/27/2016 - 11:14:14: [AMXX] Run time error 1: forced exit 
L 11/27/2016 - 11:14:14: [AMXX]    [0] comp_timer2.sma::checkSQLConditions (line 179)
L 11/27/2016 - 11:14:14: [AMXX]    [1] comp_timer2.sma::SetUserSettings (line 157)
L 11/27/2016 - 11:14:14: Forward-ul nu s-a putut executa.
L 11/27/2016 - 11:14:14: [AMXX] Displaying debug trace (plugin "comp_timer2.amxx", version "1.0-beta")
L 11/27/2016 - 11:14:14: [AMXX] Run time error 1: forced exit 
L 11/27/2016 - 11:14:14: [AMXX]    [0] comp_timer2.sma::checkSQLConditions (line 179)
L 11/27/2016 - 11:14:14: [AMXX]    [1] comp_timer2.sma::SetUserSettings (line 157)
L 11/27/2016 - 11:16:29: Start of error session.
L 11/27/2016 - 11:16:29: Info (map "deathrun_legendz") (file "addons/amxmodx/logs/error_20161127.log")
L 11/27/2016 - 11:16:29: Forward-ul nu s-a putut executa.
L 11/27/2016 - 11:16:29: [AMXX] Displaying debug trace (plugin "comp_timer2.amxx", version "1.0-beta")
L 11/27/2016 - 11:16:29: [AMXX] Run time error 1: forced exit 
L 11/27/2016 - 11:16:29: [AMXX]    [0] comp_timer2.sma::checkSQLConditions (line 179)
L 11/27/2016 - 11:16:29: [AMXX]    [1] comp_timer2.sma::SetUserSettings (line 157)
L 11/27/2016 - 11:16:30: Forward-ul nu s-a putut executa.
L 11/27/2016 - 11:16:30: [AMXX] Displaying debug trace (plugin "comp_timer2.amxx", version "1.0-beta")
L 11/27/2016 - 11:16:30: [AMXX] Run time error 1: forced exit 
L 11/27/2016 - 11:16:30: [AMXX]    [0] comp_timer2.sma::checkSQLConditions (line 179)
L 11/27/2016 - 11:16:30: [AMXX]    [1] comp_timer2.sma::SetUserSettings (line 157)
L 11/27/2016 - 11:43:28: Forward-ul nu s-a putut executa.
L 11/27/2016 - 11:43:28: [AMXX] Displaying debug trace (plugin "comp_timer2.amxx", version "1.0-beta")
L 11/27/2016 - 11:43:28: [AMXX] Run time error 1: forced exit 
L 11/27/2016 - 11:43:28: [AMXX]    [0] comp_timer2.sma::checkSQLConditions (line 179)
L 11/27/2016 - 11:43:28: [AMXX]    [1] comp_timer2.sma::SetUserSettings (line 157)
L 11/27/2016 - 11:43:28: Forward-ul nu s-a putut executa.
L 11/27/2016 - 11:43:28: [AMXX] Displaying debug trace (plugin "comp_timer2.amxx", version "1.0-beta")
L 11/27/2016 - 11:43:28: [AMXX] Run time error 1: forced exit 
L 11/27/2016 - 11:43:28: [AMXX]    [0] comp_timer2.sma::checkSQLConditions (line 179)
L 11/27/2016 - 11:43:28: [AMXX]    [1] comp_timer2.sma::SetUserSettings (line 157)
L 11/27/2016 - 11:43:28: Forward-ul nu s-a putut executa.
L 11/27/2016 - 11:43:28: [AMXX] Displaying debug trace (plugin "comp_timer2.amxx", version "1.0-beta")
L 11/27/2016 - 11:43:28: [AMXX] Run time error 1: forced exit 
L 11/27/2016 - 11:43:28: [AMXX]    [0] comp_timer2.sma::checkSQLConditions (line 179)
L 11/27/2016 - 11:43:28: [AMXX]    [1] comp_timer2.sma::SetUserSettings (line 157)
L 11/27/2016 - 11:44:01: Start of error session.
L 11/27/2016 - 11:44:01: Info (map "deathrun_snow_wind") (file "addons/amxmodx/logs/error_20161127.log")
L 11/27/2016 - 11:44:01: Forward-ul nu s-a putut executa.
L 11/27/2016 - 11:44:01: [AMXX] Displaying debug trace (plugin "comp_timer2.amxx", version "1.0-beta")
L 11/27/2016 - 11:44:01: [AMXX] Run time error 1: forced exit 
L 11/27/2016 - 11:44:01: [AMXX]    [0] comp_timer2.sma::checkSQLConditions (line 179)
L 11/27/2016 - 11:44:01: [AMXX]    [1] comp_timer2.sma::SetUserSettings (line 157)
L 11/27/2016 - 11:44:03: Forward-ul nu s-a putut executa.
L 11/27/2016 - 11:44:03: [AMXX] Displaying debug trace (plugin "comp_timer2.amxx", version "1.0-beta")
L 11/27/2016 - 11:44:03: [AMXX] Run time error 1: forced exit 
L 11/27/2016 - 11:44:03: [AMXX]    [0] comp_timer2.sma::checkSQLConditions (line 179)
L 11/27/2016 - 11:44:03: [AMXX]    [1] comp_timer2.sma::SetUserSettings (line 157)
L 11/27/2016 - 15:42:36: Start of error session.
L 11/27/2016 - 15:42:36: Info (map "deathrun_latexx") (file "addons/amxmodx/logs/error_20161127.log")
L 11/27/2016 - 15:42:36: [FAKEMETA] Invalid entity
L 11/27/2016 - 15:42:36: [AMXX] Displaying debug trace (plugin "use_button_once.amxx", version "1.3")
L 11/27/2016 - 15:42:36: [AMXX] Run time error 10: native error (native "pev")
L 11/27/2016 - 15:42:36: [AMXX]    [0] use_button_once.sma::get_ent_index (line 225)
L 11/27/2016 - 15:42:36: [AMXX]    [1] use_button_once.sma::set_start_value (line 212)
L 11/27/2016 - 15:42:36: [AMXX]    [2] use_button_once.sma::plugin_cfg (line 173)
L 11/27/2016 - 17:36:35: Start of error session.
L 11/27/2016 - 17:36:35: Info (map "deathrun_qu_4_clarion") (file "addons/amxmodx/logs/error_20161127.log")
L 11/27/2016 - 17:36:35: Forward-ul nu s-a putut executa.
L 11/27/2016 - 17:36:35: [AMXX] Run time error 1 (plugin "allchat3.amxx") - forced exit
L 11/27/2016 - 23:56:07: Start of error session.
L 11/27/2016 - 23:56:07: Info (map "deathrun_mc_nwk") (file "addons/amxmodx/logs/error_20161127.log")
L 11/27/2016 - 23:56:07: Forward-ul nu s-a putut executa.
L 11/27/2016 - 23:56:07: [AMXX] Displaying debug trace (plugin "comp_timer2.amxx", version "1.0-beta")
L 11/27/2016 - 23:56:07: [AMXX] Run time error 1: forced exit 
L 11/27/2016 - 23:56:07: [AMXX]    [0] comp_timer2.sma::checkSQLConditions (line 179)
L 11/27/2016 - 23:56:07: [AMXX]    [1] comp_timer2.sma::addInSql (line 750)
