L 04/15/2017 - 12:21:37: Start of error session.
L 04/15/2017 - 12:21:37: Info (map "deathrun_bhopz_v2") (file "addons/amxmodx/logs/error_20170415.log")
L 04/15/2017 - 12:21:37: Forward-ul nu s-a putut executa.
L 04/15/2017 - 12:21:37: [AMXX] Run time error 1 (plugin "pistols_sql.amxx") - forced exit
L 04/15/2017 - 16:28:21: Start of error session.
L 04/15/2017 - 16:28:21: Info (map "deathrun_latexx") (file "addons/amxmodx/logs/error_20170415.log")
L 04/15/2017 - 16:28:21: [FAKEMETA] Invalid entity
L 04/15/2017 - 16:28:21: [AMXX] Displaying debug trace (plugin "use_button_once.amxx", version "1.3")
L 04/15/2017 - 16:28:21: [AMXX] Run time error 10: native error (native "pev")
L 04/15/2017 - 16:28:21: [AMXX]    [0] use_button_once.sma::get_ent_index (line 225)
L 04/15/2017 - 16:28:21: [AMXX]    [1] use_button_once.sma::set_start_value (line 212)
L 04/15/2017 - 16:28:21: [AMXX]    [2] use_button_once.sma::plugin_cfg (line 173)
L 04/15/2017 - 20:05:21: Start of error session.
L 04/15/2017 - 20:05:21: Info (map "deathrun_lies_f") (file "addons/amxmodx/logs/error_20170415.log")
L 04/15/2017 - 20:05:21: [HAMSANDWICH] Function TakeDamage_Pre not found.
L 04/15/2017 - 20:05:21: [AMXX] Run time error 10 (plugin "hev.amxx") (native "RegisterHam") - debug not enabled!
L 04/15/2017 - 20:05:21: [AMXX] To enable debug mode, add "debug" after the plugin name in plugins.ini (without quotes).
L 04/15/2017 - 20:11:02: Start of error session.
L 04/15/2017 - 20:11:02: Info (map "deathrun_lies_f") (file "addons/amxmodx/logs/error_20170415.log")
L 04/15/2017 - 20:11:02: [HAMSANDWICH] Function TakeDamage_Pre not found.
L 04/15/2017 - 20:11:02: [AMXX] Run time error 10 (plugin "hev.amxx") (native "RegisterHam") - debug not enabled!
L 04/15/2017 - 20:11:02: [AMXX] To enable debug mode, add "debug" after the plugin name in plugins.ini (without quotes).
L 04/15/2017 - 20:27:01: Start of error session.
L 04/15/2017 - 20:27:01: Info (map "deathrun_lies_f") (file "addons/amxmodx/logs/error_20170415.log")
L 04/15/2017 - 20:27:01: Invalid player id 400
L 04/15/2017 - 20:27:01: [AMXX] Run time error 10 (plugin "hev.amxx") (native "client_print") - debug not enabled!
L 04/15/2017 - 20:27:01: [AMXX] To enable debug mode, add "debug" after the plugin name in plugins.ini (without quotes).
L 04/15/2017 - 20:29:36: Invalid player id 600
L 04/15/2017 - 20:29:36: [AMXX] Run time error 10 (plugin "hev.amxx") (native "client_print") - debug not enabled!
L 04/15/2017 - 20:29:36: [AMXX] To enable debug mode, add "debug" after the plugin name in plugins.ini (without quotes).
L 04/15/2017 - 20:30:16: Invalid player id 600
L 04/15/2017 - 20:30:16: [AMXX] Run time error 10 (plugin "hev.amxx") (native "client_print") - debug not enabled!
L 04/15/2017 - 20:30:16: [AMXX] To enable debug mode, add "debug" after the plugin name in plugins.ini (without quotes).
L 04/15/2017 - 20:41:30: Start of error session.
L 04/15/2017 - 20:41:30: Info (map "deathrun_expres-game") (file "addons/amxmodx/logs/error_20170415.log")
L 04/15/2017 - 20:41:30: Function "newRound" was not found
L 04/15/2017 - 20:41:30: [AMXX] Run time error 19 (plugin "hev.amxx") - debug not enabled!
L 04/15/2017 - 20:41:30: [AMXX] To enable debug mode, add "debug" after the plugin name in plugins.ini (without quotes).
L 04/15/2017 - 20:48:37: Start of error session.
L 04/15/2017 - 20:48:37: Info (map "deathrun_expres-game") (file "addons/amxmodx/logs/error_20170415.log")
L 04/15/2017 - 20:48:37: [FUN] Player out of range (0)
L 04/15/2017 - 20:48:37: [AMXX] Run time error 10 (plugin "hev.amxx") (native "set_user_health") - debug not enabled!
L 04/15/2017 - 20:48:37: [AMXX] To enable debug mode, add "debug" after the plugin name in plugins.ini (without quotes).
L 04/15/2017 - 20:52:35: Start of error session.
L 04/15/2017 - 20:52:35: Info (map "deathrun_expres-game") (file "addons/amxmodx/logs/error_20170415.log")
L 04/15/2017 - 20:52:35: [FUN] Player out of range (0)
L 04/15/2017 - 20:52:35: [AMXX] Run time error 10 (plugin "hev.amxx") (native "set_user_health") - debug not enabled!
L 04/15/2017 - 20:52:35: [AMXX] To enable debug mode, add "debug" after the plugin name in plugins.ini (without quotes).
L 04/15/2017 - 20:53:30: [FUN] Player out of range (0)
L 04/15/2017 - 20:53:30: [AMXX] Run time error 10 (plugin "hev.amxx") (native "set_user_health") - debug not enabled!
L 04/15/2017 - 20:53:30: [AMXX] To enable debug mode, add "debug" after the plugin name in plugins.ini (without quotes).
L 04/15/2017 - 20:53:53: [FUN] Player out of range (0)
L 04/15/2017 - 20:53:53: [AMXX] Run time error 10 (plugin "hev.amxx") (native "set_user_health") - debug not enabled!
L 04/15/2017 - 20:53:53: [AMXX] To enable debug mode, add "debug" after the plugin name in plugins.ini (without quotes).
L 04/15/2017 - 20:54:05: [FUN] Player out of range (0)
L 04/15/2017 - 20:54:05: [AMXX] Run time error 10 (plugin "hev.amxx") (native "set_user_health") - debug not enabled!
L 04/15/2017 - 20:54:05: [AMXX] To enable debug mode, add "debug" after the plugin name in plugins.ini (without quotes).
L 04/15/2017 - 20:54:09: [FUN] Player out of range (0)
L 04/15/2017 - 20:54:09: [AMXX] Run time error 10 (plugin "hev.amxx") (native "set_user_health") - debug not enabled!
L 04/15/2017 - 20:54:09: [AMXX] To enable debug mode, add "debug" after the plugin name in plugins.ini (without quotes).
L 04/15/2017 - 20:54:11: [FUN] Player out of range (0)
L 04/15/2017 - 20:54:11: [AMXX] Run time error 10 (plugin "hev.amxx") (native "set_user_health") - debug not enabled!
L 04/15/2017 - 20:54:11: [AMXX] To enable debug mode, add "debug" after the plugin name in plugins.ini (without quotes).
L 04/15/2017 - 20:54:23: [FUN] Player out of range (0)
L 04/15/2017 - 20:54:23: [AMXX] Run time error 10 (plugin "hev.amxx") (native "set_user_health") - debug not enabled!
L 04/15/2017 - 20:54:23: [AMXX] To enable debug mode, add "debug" after the plugin name in plugins.ini (without quotes).
L 04/15/2017 - 20:54:29: [FUN] Player out of range (0)
L 04/15/2017 - 20:54:29: [AMXX] Run time error 10 (plugin "hev.amxx") (native "set_user_health") - debug not enabled!
L 04/15/2017 - 20:54:29: [AMXX] To enable debug mode, add "debug" after the plugin name in plugins.ini (without quotes).
L 04/15/2017 - 20:54:32: [FUN] Player out of range (0)
L 04/15/2017 - 20:54:32: [AMXX] Run time error 10 (plugin "hev.amxx") (native "set_user_health") - debug not enabled!
L 04/15/2017 - 20:54:32: [AMXX] To enable debug mode, add "debug" after the plugin name in plugins.ini (without quotes).
L 04/15/2017 - 20:54:34: [FUN] Player out of range (0)
L 04/15/2017 - 20:54:34: [AMXX] Run time error 10 (plugin "hev.amxx") (native "set_user_health") - debug not enabled!
L 04/15/2017 - 20:54:34: [AMXX] To enable debug mode, add "debug" after the plugin name in plugins.ini (without quotes).
L 04/15/2017 - 20:54:43: [FUN] Player out of range (0)
L 04/15/2017 - 20:54:43: [AMXX] Run time error 10 (plugin "hev.amxx") (native "set_user_health") - debug not enabled!
L 04/15/2017 - 20:54:43: [AMXX] To enable debug mode, add "debug" after the plugin name in plugins.ini (without quotes).
L 04/15/2017 - 20:54:46: [FUN] Player out of range (0)
L 04/15/2017 - 20:54:46: [AMXX] Run time error 10 (plugin "hev.amxx") (native "set_user_health") - debug not enabled!
L 04/15/2017 - 20:54:46: [AMXX] To enable debug mode, add "debug" after the plugin name in plugins.ini (without quotes).
L 04/15/2017 - 21:01:27: Start of error session.
L 04/15/2017 - 21:01:27: Info (map "deathrun_3sixty_fg_fix3") (file "addons/amxmodx/logs/error_20170415.log")
L 04/15/2017 - 21:01:27: [FUN] Player out of range (0)
L 04/15/2017 - 21:01:27: [AMXX] Run time error 10 (plugin "hev.amxx") (native "set_user_health") - debug not enabled!
L 04/15/2017 - 21:01:27: [AMXX] To enable debug mode, add "debug" after the plugin name in plugins.ini (without quotes).
