L 12/22/2016 - 12:14:24: Start of error session.
L 12/22/2016 - 12:14:24: Info (map "deathrun_latexx") (file "addons/amxmodx/logs/error_20161222.log")
L 12/22/2016 - 12:14:24: [FAKEMETA] Invalid entity
L 12/22/2016 - 12:14:24: [AMXX] Displaying debug trace (plugin "use_button_once.amxx", version "1.3")
L 12/22/2016 - 12:14:24: [AMXX] Run time error 10: native error (native "pev")
L 12/22/2016 - 12:14:24: [AMXX]    [0] use_button_once.sma::get_ent_index (line 225)
L 12/22/2016 - 12:14:24: [AMXX]    [1] use_button_once.sma::set_start_value (line 212)
L 12/22/2016 - 12:14:24: [AMXX]    [2] use_button_once.sma::plugin_cfg (line 173)
L 12/22/2016 - 16:53:58: Start of error session.
L 12/22/2016 - 16:53:58: Info (map "deathrun_clarion_pch") (file "addons/amxmodx/logs/error_20161222.log")
L 12/22/2016 - 16:53:58: Forward-ul nu s-a putut executa.
L 12/22/2016 - 16:53:58: [AMXX] Run time error 1 (plugin "allchat3.amxx") - forced exit
L 12/22/2016 - 21:11:23: Start of error session.
L 12/22/2016 - 21:11:23: Info (map "deathrun_hertz") (file "addons/amxmodx/logs/error_20161222.log")
L 12/22/2016 - 21:11:23: Forward-ul nu s-a putut executa.
L 12/22/2016 - 21:11:23: [AMXX] Displaying debug trace (plugin "comp_timer2.amxx", version "1.0-beta")
L 12/22/2016 - 21:11:23: [AMXX] Run time error 1: forced exit 
L 12/22/2016 - 21:11:23: [AMXX]    [0] comp_timer2.sma::checkSQLConditions (line 191)
L 12/22/2016 - 21:11:23: [AMXX]    [1] comp_timer2.sma::addInSql (line 780)
L 12/22/2016 - 21:11:23: Forward-ul nu s-a putut executa.
L 12/22/2016 - 21:11:23: [AMXX] Displaying debug trace (plugin "comp_timer2.amxx", version "1.0-beta")
L 12/22/2016 - 21:11:23: [AMXX] Run time error 1: forced exit 
L 12/22/2016 - 21:11:23: [AMXX]    [0] comp_timer2.sma::checkSQLConditions (line 191)
L 12/22/2016 - 21:11:23: [AMXX]    [1] comp_timer2.sma::addInSql (line 780)
L 12/22/2016 - 21:11:23: Forward-ul nu s-a putut executa.
L 12/22/2016 - 21:11:23: [AMXX] Displaying debug trace (plugin "comp_timer2.amxx", version "1.0-beta")
L 12/22/2016 - 21:11:23: [AMXX] Run time error 1: forced exit 
L 12/22/2016 - 21:11:23: [AMXX]    [0] comp_timer2.sma::checkSQLConditions (line 191)
L 12/22/2016 - 21:11:23: [AMXX]    [1] comp_timer2.sma::addInSql (line 780)
L 12/22/2016 - 21:11:24: Forward-ul nu s-a putut executa.
L 12/22/2016 - 21:11:24: [AMXX] Displaying debug trace (plugin "comp_timer2.amxx", version "1.0-beta")
L 12/22/2016 - 21:11:24: [AMXX] Run time error 1: forced exit 
L 12/22/2016 - 21:11:24: [AMXX]    [0] comp_timer2.sma::checkSQLConditions (line 191)
L 12/22/2016 - 21:11:24: [AMXX]    [1] comp_timer2.sma::addInSql (line 780)
L 12/22/2016 - 21:11:25: Forward-ul nu s-a putut executa.
L 12/22/2016 - 21:11:25: [AMXX] Displaying debug trace (plugin "comp_timer2.amxx", version "1.0-beta")
L 12/22/2016 - 21:11:25: [AMXX] Run time error 1: forced exit 
L 12/22/2016 - 21:11:25: [AMXX]    [0] comp_timer2.sma::checkSQLConditions (line 191)
L 12/22/2016 - 21:11:25: [AMXX]    [1] comp_timer2.sma::addInSql (line 780)
L 12/22/2016 - 21:11:25: Forward-ul nu s-a putut executa.
L 12/22/2016 - 21:11:25: [AMXX] Displaying debug trace (plugin "comp_timer2.amxx", version "1.0-beta")
L 12/22/2016 - 21:11:25: [AMXX] Run time error 1: forced exit 
L 12/22/2016 - 21:11:25: [AMXX]    [0] comp_timer2.sma::checkSQLConditions (line 191)
L 12/22/2016 - 21:11:25: [AMXX]    [1] comp_timer2.sma::addInSql (line 780)
L 12/22/2016 - 21:11:25: Forward-ul nu s-a putut executa.
L 12/22/2016 - 21:11:25: [AMXX] Displaying debug trace (plugin "comp_timer2.amxx", version "1.0-beta")
L 12/22/2016 - 21:11:25: [AMXX] Run time error 1: forced exit 
L 12/22/2016 - 21:11:25: [AMXX]    [0] comp_timer2.sma::checkSQLConditions (line 191)
L 12/22/2016 - 21:11:25: [AMXX]    [1] comp_timer2.sma::addInSql (line 780)
L 12/22/2016 - 21:11:25: Forward-ul nu s-a putut executa.
L 12/22/2016 - 21:11:25: [AMXX] Displaying debug trace (plugin "comp_timer2.amxx", version "1.0-beta")
L 12/22/2016 - 21:11:25: [AMXX] Run time error 1: forced exit 
L 12/22/2016 - 21:11:25: [AMXX]    [0] comp_timer2.sma::checkSQLConditions (line 191)
L 12/22/2016 - 21:11:25: [AMXX]    [1] comp_timer2.sma::addInSql (line 780)
L 12/22/2016 - 21:11:25: Forward-ul nu s-a putut executa.
L 12/22/2016 - 21:11:25: [AMXX] Displaying debug trace (plugin "comp_timer2.amxx", version "1.0-beta")
L 12/22/2016 - 21:11:25: [AMXX] Run time error 1: forced exit 
L 12/22/2016 - 21:11:25: [AMXX]    [0] comp_timer2.sma::checkSQLConditions (line 191)
L 12/22/2016 - 21:11:25: [AMXX]    [1] comp_timer2.sma::addInSql (line 780)
L 12/22/2016 - 21:11:25: Forward-ul nu s-a putut executa.
L 12/22/2016 - 21:11:25: [AMXX] Displaying debug trace (plugin "comp_timer2.amxx", version "1.0-beta")
L 12/22/2016 - 21:11:25: [AMXX] Run time error 1: forced exit 
L 12/22/2016 - 21:11:25: [AMXX]    [0] comp_timer2.sma::checkSQLConditions (line 191)
L 12/22/2016 - 21:11:25: [AMXX]    [1] comp_timer2.sma::addInSql (line 780)
L 12/22/2016 - 21:11:25: Forward-ul nu s-a putut executa.
L 12/22/2016 - 21:11:25: [AMXX] Displaying debug trace (plugin "comp_timer2.amxx", version "1.0-beta")
L 12/22/2016 - 21:11:25: [AMXX] Run time error 1: forced exit 
L 12/22/2016 - 21:11:25: [AMXX]    [0] comp_timer2.sma::checkSQLConditions (line 191)
L 12/22/2016 - 21:11:25: [AMXX]    [1] comp_timer2.sma::addInSql (line 780)
L 12/22/2016 - 21:11:25: Forward-ul nu s-a putut executa.
L 12/22/2016 - 21:11:25: [AMXX] Displaying debug trace (plugin "comp_timer2.amxx", version "1.0-beta")
L 12/22/2016 - 21:11:25: [AMXX] Run time error 1: forced exit 
L 12/22/2016 - 21:11:25: [AMXX]    [0] comp_timer2.sma::checkSQLConditions (line 191)
L 12/22/2016 - 21:11:25: [AMXX]    [1] comp_timer2.sma::addInSql (line 780)
L 12/22/2016 - 21:11:25: Forward-ul nu s-a putut executa.
L 12/22/2016 - 21:11:25: [AMXX] Displaying debug trace (plugin "comp_timer2.amxx", version "1.0-beta")
L 12/22/2016 - 21:11:25: [AMXX] Run time error 1: forced exit 
L 12/22/2016 - 21:11:25: [AMXX]    [0] comp_timer2.sma::checkSQLConditions (line 191)
L 12/22/2016 - 21:11:25: [AMXX]    [1] comp_timer2.sma::addInSql (line 780)
L 12/22/2016 - 21:11:25: Forward-ul nu s-a putut executa.
L 12/22/2016 - 21:11:25: [AMXX] Displaying debug trace (plugin "comp_timer2.amxx", version "1.0-beta")
L 12/22/2016 - 21:11:25: [AMXX] Run time error 1: forced exit 
L 12/22/2016 - 21:11:25: [AMXX]    [0] comp_timer2.sma::checkSQLConditions (line 191)
L 12/22/2016 - 21:11:25: [AMXX]    [1] comp_timer2.sma::addInSql (line 780)
L 12/22/2016 - 21:11:26: Forward-ul nu s-a putut executa.
L 12/22/2016 - 21:11:26: [AMXX] Displaying debug trace (plugin "comp_timer2.amxx", version "1.0-beta")
L 12/22/2016 - 21:11:26: [AMXX] Run time error 1: forced exit 
L 12/22/2016 - 21:11:26: [AMXX]    [0] comp_timer2.sma::checkSQLConditions (line 191)
L 12/22/2016 - 21:11:26: [AMXX]    [1] comp_timer2.sma::addInSql (line 780)
L 12/22/2016 - 21:11:26: Forward-ul nu s-a putut executa.
L 12/22/2016 - 21:11:26: [AMXX] Displaying debug trace (plugin "comp_timer2.amxx", version "1.0-beta")
L 12/22/2016 - 21:11:26: [AMXX] Run time error 1: forced exit 
L 12/22/2016 - 21:11:26: [AMXX]    [0] comp_timer2.sma::checkSQLConditions (line 191)
L 12/22/2016 - 21:11:26: [AMXX]    [1] comp_timer2.sma::addInSql (line 780)
L 12/22/2016 - 21:11:26: Forward-ul nu s-a putut executa.
L 12/22/2016 - 21:11:26: [AMXX] Displaying debug trace (plugin "comp_timer2.amxx", version "1.0-beta")
L 12/22/2016 - 21:11:26: [AMXX] Run time error 1: forced exit 
L 12/22/2016 - 21:11:26: [AMXX]    [0] comp_timer2.sma::checkSQLConditions (line 191)
L 12/22/2016 - 21:11:26: [AMXX]    [1] comp_timer2.sma::addInSql (line 780)
L 12/22/2016 - 21:11:26: Forward-ul nu s-a putut executa.
L 12/22/2016 - 21:11:26: [AMXX] Displaying debug trace (plugin "comp_timer2.amxx", version "1.0-beta")
L 12/22/2016 - 21:11:26: [AMXX] Run time error 1: forced exit 
L 12/22/2016 - 21:11:26: [AMXX]    [0] comp_timer2.sma::checkSQLConditions (line 191)
L 12/22/2016 - 21:11:26: [AMXX]    [1] comp_timer2.sma::addInSql (line 780)
L 12/22/2016 - 21:11:26: Forward-ul nu s-a putut executa.
L 12/22/2016 - 21:11:26: [AMXX] Displaying debug trace (plugin "comp_timer2.amxx", version "1.0-beta")
L 12/22/2016 - 21:11:26: [AMXX] Run time error 1: forced exit 
L 12/22/2016 - 21:11:26: [AMXX]    [0] comp_timer2.sma::checkSQLConditions (line 191)
L 12/22/2016 - 21:11:26: [AMXX]    [1] comp_timer2.sma::addInSql (line 780)
L 12/22/2016 - 21:11:26: Forward-ul nu s-a putut executa.
L 12/22/2016 - 21:11:26: [AMXX] Displaying debug trace (plugin "comp_timer2.amxx", version "1.0-beta")
L 12/22/2016 - 21:11:26: [AMXX] Run time error 1: forced exit 
L 12/22/2016 - 21:11:26: [AMXX]    [0] comp_timer2.sma::checkSQLConditions (line 191)
L 12/22/2016 - 21:11:26: [AMXX]    [1] comp_timer2.sma::addInSql (line 780)
L 12/22/2016 - 21:39:23: Start of error session.
L 12/22/2016 - 21:39:23: Info (map "deathrun_bhopz_v2") (file "addons/amxmodx/logs/error_20161222.log")
L 12/22/2016 - 21:39:23: Forward-ul nu s-a putut executa.
L 12/22/2016 - 21:39:23: [AMXX] Displaying debug trace (plugin "comp_timer2.amxx", version "1.0-beta")
L 12/22/2016 - 21:39:23: [AMXX] Run time error 1: forced exit 
L 12/22/2016 - 21:39:23: [AMXX]    [0] comp_timer2.sma::checkSQLConditions (line 191)
L 12/22/2016 - 21:39:23: [AMXX]    [1] comp_timer2.sma::addInSql (line 780)
L 12/22/2016 - 21:39:24: Forward-ul nu s-a putut executa.
L 12/22/2016 - 21:39:24: [AMXX] Displaying debug trace (plugin "comp_timer2.amxx", version "1.0-beta")
L 12/22/2016 - 21:39:24: [AMXX] Run time error 1: forced exit 
L 12/22/2016 - 21:39:24: [AMXX]    [0] comp_timer2.sma::checkSQLConditions (line 191)
L 12/22/2016 - 21:39:24: [AMXX]    [1] comp_timer2.sma::addInSql (line 780)
L 12/22/2016 - 21:39:24: Forward-ul nu s-a putut executa.
L 12/22/2016 - 21:39:24: [AMXX] Displaying debug trace (plugin "comp_timer2.amxx", version "1.0-beta")
L 12/22/2016 - 21:39:24: [AMXX] Run time error 1: forced exit 
L 12/22/2016 - 21:39:24: [AMXX]    [0] comp_timer2.sma::checkSQLConditions (line 191)
L 12/22/2016 - 21:39:24: [AMXX]    [1] comp_timer2.sma::addInSql (line 780)
L 12/22/2016 - 21:39:24: Forward-ul nu s-a putut executa.
L 12/22/2016 - 21:39:24: [AMXX] Displaying debug trace (plugin "comp_timer2.amxx", version "1.0-beta")
L 12/22/2016 - 21:39:24: [AMXX] Run time error 1: forced exit 
L 12/22/2016 - 21:39:24: [AMXX]    [0] comp_timer2.sma::checkSQLConditions (line 191)
L 12/22/2016 - 21:39:24: [AMXX]    [1] comp_timer2.sma::addInSql (line 780)
L 12/22/2016 - 21:39:25: Forward-ul nu s-a putut executa.
L 12/22/2016 - 21:39:25: [AMXX] Displaying debug trace (plugin "comp_timer2.amxx", version "1.0-beta")
L 12/22/2016 - 21:39:25: [AMXX] Run time error 1: forced exit 
L 12/22/2016 - 21:39:25: [AMXX]    [0] comp_timer2.sma::checkSQLConditions (line 191)
L 12/22/2016 - 21:39:25: [AMXX]    [1] comp_timer2.sma::addInSql (line 780)
L 12/22/2016 - 21:39:25: Forward-ul nu s-a putut executa.
L 12/22/2016 - 21:39:25: [AMXX] Displaying debug trace (plugin "comp_timer2.amxx", version "1.0-beta")
L 12/22/2016 - 21:39:25: [AMXX] Run time error 1: forced exit 
L 12/22/2016 - 21:39:25: [AMXX]    [0] comp_timer2.sma::checkSQLConditions (line 191)
L 12/22/2016 - 21:39:25: [AMXX]    [1] comp_timer2.sma::addInSql (line 780)
L 12/22/2016 - 21:39:25: Forward-ul nu s-a putut executa.
L 12/22/2016 - 21:39:25: [AMXX] Displaying debug trace (plugin "comp_timer2.amxx", version "1.0-beta")
L 12/22/2016 - 21:39:25: [AMXX] Run time error 1: forced exit 
L 12/22/2016 - 21:39:25: [AMXX]    [0] comp_timer2.sma::checkSQLConditions (line 191)
L 12/22/2016 - 21:39:25: [AMXX]    [1] comp_timer2.sma::addInSql (line 780)
L 12/22/2016 - 21:39:25: Forward-ul nu s-a putut executa.
L 12/22/2016 - 21:39:25: [AMXX] Displaying debug trace (plugin "comp_timer2.amxx", version "1.0-beta")
L 12/22/2016 - 21:39:25: [AMXX] Run time error 1: forced exit 
L 12/22/2016 - 21:39:25: [AMXX]    [0] comp_timer2.sma::checkSQLConditions (line 191)
L 12/22/2016 - 21:39:25: [AMXX]    [1] comp_timer2.sma::addInSql (line 780)
L 12/22/2016 - 21:39:25: Forward-ul nu s-a putut executa.
L 12/22/2016 - 21:39:25: [AMXX] Displaying debug trace (plugin "comp_timer2.amxx", version "1.0-beta")
L 12/22/2016 - 21:39:25: [AMXX] Run time error 1: forced exit 
L 12/22/2016 - 21:39:25: [AMXX]    [0] comp_timer2.sma::checkSQLConditions (line 191)
L 12/22/2016 - 21:39:25: [AMXX]    [1] comp_timer2.sma::addInSql (line 780)
L 12/22/2016 - 21:39:25: Forward-ul nu s-a putut executa.
L 12/22/2016 - 21:39:25: [AMXX] Displaying debug trace (plugin "comp_timer2.amxx", version "1.0-beta")
L 12/22/2016 - 21:39:25: [AMXX] Run time error 1: forced exit 
L 12/22/2016 - 21:39:25: [AMXX]    [0] comp_timer2.sma::checkSQLConditions (line 191)
L 12/22/2016 - 21:39:25: [AMXX]    [1] comp_timer2.sma::addInSql (line 780)
L 12/22/2016 - 21:39:25: Forward-ul nu s-a putut executa.
L 12/22/2016 - 21:39:25: [AMXX] Displaying debug trace (plugin "comp_timer2.amxx", version "1.0-beta")
L 12/22/2016 - 21:39:25: [AMXX] Run time error 1: forced exit 
L 12/22/2016 - 21:39:25: [AMXX]    [0] comp_timer2.sma::checkSQLConditions (line 191)
L 12/22/2016 - 21:39:25: [AMXX]    [1] comp_timer2.sma::addInSql (line 780)
L 12/22/2016 - 21:39:25: Forward-ul nu s-a putut executa.
L 12/22/2016 - 21:39:25: [AMXX] Displaying debug trace (plugin "comp_timer2.amxx", version "1.0-beta")
L 12/22/2016 - 21:39:25: [AMXX] Run time error 1: forced exit 
L 12/22/2016 - 21:39:25: [AMXX]    [0] comp_timer2.sma::checkSQLConditions (line 191)
L 12/22/2016 - 21:39:25: [AMXX]    [1] comp_timer2.sma::addInSql (line 780)
L 12/22/2016 - 21:39:25: Forward-ul nu s-a putut executa.
L 12/22/2016 - 21:39:25: [AMXX] Displaying debug trace (plugin "comp_timer2.amxx", version "1.0-beta")
L 12/22/2016 - 21:39:25: [AMXX] Run time error 1: forced exit 
L 12/22/2016 - 21:39:25: [AMXX]    [0] comp_timer2.sma::checkSQLConditions (line 191)
L 12/22/2016 - 21:39:25: [AMXX]    [1] comp_timer2.sma::addInSql (line 780)
L 12/22/2016 - 21:39:25: Forward-ul nu s-a putut executa.
L 12/22/2016 - 21:39:25: [AMXX] Displaying debug trace (plugin "comp_timer2.amxx", version "1.0-beta")
L 12/22/2016 - 21:39:25: [AMXX] Run time error 1: forced exit 
L 12/22/2016 - 21:39:25: [AMXX]    [0] comp_timer2.sma::checkSQLConditions (line 191)
L 12/22/2016 - 21:39:25: [AMXX]    [1] comp_timer2.sma::addInSql (line 780)
L 12/22/2016 - 21:39:25: Forward-ul nu s-a putut executa.
L 12/22/2016 - 21:39:25: [AMXX] Displaying debug trace (plugin "comp_timer2.amxx", version "1.0-beta")
L 12/22/2016 - 21:39:25: [AMXX] Run time error 1: forced exit 
L 12/22/2016 - 21:39:25: [AMXX]    [0] comp_timer2.sma::checkSQLConditions (line 191)
L 12/22/2016 - 21:39:25: [AMXX]    [1] comp_timer2.sma::addInSql (line 780)
L 12/22/2016 - 21:39:25: Forward-ul nu s-a putut executa.
L 12/22/2016 - 21:39:25: [AMXX] Displaying debug trace (plugin "comp_timer2.amxx", version "1.0-beta")
L 12/22/2016 - 21:39:25: [AMXX] Run time error 1: forced exit 
L 12/22/2016 - 21:39:25: [AMXX]    [0] comp_timer2.sma::checkSQLConditions (line 191)
L 12/22/2016 - 21:39:25: [AMXX]    [1] comp_timer2.sma::addInSql (line 780)
L 12/22/2016 - 21:39:26: Forward-ul nu s-a putut executa.
L 12/22/2016 - 21:39:26: [AMXX] Displaying debug trace (plugin "comp_timer2.amxx", version "1.0-beta")
L 12/22/2016 - 21:39:26: [AMXX] Run time error 1: forced exit 
L 12/22/2016 - 21:39:26: [AMXX]    [0] comp_timer2.sma::checkSQLConditions (line 191)
L 12/22/2016 - 21:39:26: [AMXX]    [1] comp_timer2.sma::addInSql (line 780)
L 12/22/2016 - 21:39:26: Forward-ul nu s-a putut executa.
L 12/22/2016 - 21:39:26: [AMXX] Displaying debug trace (plugin "comp_timer2.amxx", version "1.0-beta")
L 12/22/2016 - 21:39:26: [AMXX] Run time error 1: forced exit 
L 12/22/2016 - 21:39:26: [AMXX]    [0] comp_timer2.sma::checkSQLConditions (line 191)
L 12/22/2016 - 21:39:26: [AMXX]    [1] comp_timer2.sma::addInSql (line 780)
L 12/22/2016 - 21:39:26: Forward-ul nu s-a putut executa.
L 12/22/2016 - 21:39:26: [AMXX] Displaying debug trace (plugin "comp_timer2.amxx", version "1.0-beta")
L 12/22/2016 - 21:39:26: [AMXX] Run time error 1: forced exit 
L 12/22/2016 - 21:39:26: [AMXX]    [0] comp_timer2.sma::checkSQLConditions (line 191)
L 12/22/2016 - 21:39:26: [AMXX]    [1] comp_timer2.sma::addInSql (line 780)
L 12/22/2016 - 21:39:26: Forward-ul nu s-a putut executa.
L 12/22/2016 - 21:39:26: [AMXX] Displaying debug trace (plugin "comp_timer2.amxx", version "1.0-beta")
L 12/22/2016 - 21:39:26: [AMXX] Run time error 1: forced exit 
L 12/22/2016 - 21:39:26: [AMXX]    [0] comp_timer2.sma::checkSQLConditions (line 191)
L 12/22/2016 - 21:39:26: [AMXX]    [1] comp_timer2.sma::addInSql (line 780)
L 12/22/2016 - 22:05:59: Start of error session.
L 12/22/2016 - 22:05:59: Info (map "deathrun_anca") (file "addons/amxmodx/logs/error_20161222.log")
L 12/22/2016 - 22:05:59: Forward-ul nu s-a putut executa.
L 12/22/2016 - 22:05:59: [AMXX] Displaying debug trace (plugin "comp_timer2.amxx", version "1.0-beta")
L 12/22/2016 - 22:05:59: [AMXX] Run time error 1: forced exit 
L 12/22/2016 - 22:05:59: [AMXX]    [0] comp_timer2.sma::checkSQLConditions (line 191)
L 12/22/2016 - 22:05:59: [AMXX]    [1] comp_timer2.sma::addInSql (line 780)
L 12/22/2016 - 22:05:59: Forward-ul nu s-a putut executa.
L 12/22/2016 - 22:05:59: [AMXX] Displaying debug trace (plugin "comp_timer2.amxx", version "1.0-beta")
L 12/22/2016 - 22:05:59: [AMXX] Run time error 1: forced exit 
L 12/22/2016 - 22:05:59: [AMXX]    [0] comp_timer2.sma::checkSQLConditions (line 191)
L 12/22/2016 - 22:05:59: [AMXX]    [1] comp_timer2.sma::addInSql (line 780)
L 12/22/2016 - 22:06:00: Forward-ul nu s-a putut executa.
L 12/22/2016 - 22:06:00: [AMXX] Displaying debug trace (plugin "comp_timer2.amxx", version "1.0-beta")
L 12/22/2016 - 22:06:00: [AMXX] Run time error 1: forced exit 
L 12/22/2016 - 22:06:00: [AMXX]    [0] comp_timer2.sma::checkSQLConditions (line 191)
L 12/22/2016 - 22:06:00: [AMXX]    [1] comp_timer2.sma::addInSql (line 780)
L 12/22/2016 - 22:06:01: Forward-ul nu s-a putut executa.
L 12/22/2016 - 22:06:01: [AMXX] Displaying debug trace (plugin "comp_timer2.amxx", version "1.0-beta")
L 12/22/2016 - 22:06:01: [AMXX] Run time error 1: forced exit 
L 12/22/2016 - 22:06:01: [AMXX]    [0] comp_timer2.sma::checkSQLConditions (line 191)
L 12/22/2016 - 22:06:01: [AMXX]    [1] comp_timer2.sma::addInSql (line 780)
L 12/22/2016 - 22:06:01: Forward-ul nu s-a putut executa.
L 12/22/2016 - 22:06:01: [AMXX] Displaying debug trace (plugin "comp_timer2.amxx", version "1.0-beta")
L 12/22/2016 - 22:06:01: [AMXX] Run time error 1: forced exit 
L 12/22/2016 - 22:06:01: [AMXX]    [0] comp_timer2.sma::checkSQLConditions (line 191)
L 12/22/2016 - 22:06:01: [AMXX]    [1] comp_timer2.sma::addInSql (line 780)
L 12/22/2016 - 22:06:01: Forward-ul nu s-a putut executa.
L 12/22/2016 - 22:06:01: [AMXX] Displaying debug trace (plugin "comp_timer2.amxx", version "1.0-beta")
L 12/22/2016 - 22:06:01: [AMXX] Run time error 1: forced exit 
L 12/22/2016 - 22:06:01: [AMXX]    [0] comp_timer2.sma::checkSQLConditions (line 191)
L 12/22/2016 - 22:06:01: [AMXX]    [1] comp_timer2.sma::addInSql (line 780)
L 12/22/2016 - 22:06:01: Forward-ul nu s-a putut executa.
L 12/22/2016 - 22:06:01: [AMXX] Displaying debug trace (plugin "comp_timer2.amxx", version "1.0-beta")
L 12/22/2016 - 22:06:01: [AMXX] Run time error 1: forced exit 
L 12/22/2016 - 22:06:01: [AMXX]    [0] comp_timer2.sma::checkSQLConditions (line 191)
L 12/22/2016 - 22:06:01: [AMXX]    [1] comp_timer2.sma::addInSql (line 780)
L 12/22/2016 - 22:06:01: Forward-ul nu s-a putut executa.
L 12/22/2016 - 22:06:01: [AMXX] Displaying debug trace (plugin "comp_timer2.amxx", version "1.0-beta")
L 12/22/2016 - 22:06:01: [AMXX] Run time error 1: forced exit 
L 12/22/2016 - 22:06:01: [AMXX]    [0] comp_timer2.sma::checkSQLConditions (line 191)
L 12/22/2016 - 22:06:01: [AMXX]    [1] comp_timer2.sma::addInSql (line 780)
L 12/22/2016 - 22:06:01: Forward-ul nu s-a putut executa.
L 12/22/2016 - 22:06:01: [AMXX] Displaying debug trace (plugin "comp_timer2.amxx", version "1.0-beta")
L 12/22/2016 - 22:06:01: [AMXX] Run time error 1: forced exit 
L 12/22/2016 - 22:06:01: [AMXX]    [0] comp_timer2.sma::checkSQLConditions (line 191)
L 12/22/2016 - 22:06:01: [AMXX]    [1] comp_timer2.sma::addInSql (line 780)
L 12/22/2016 - 22:06:02: Forward-ul nu s-a putut executa.
L 12/22/2016 - 22:06:02: [AMXX] Displaying debug trace (plugin "comp_timer2.amxx", version "1.0-beta")
L 12/22/2016 - 22:06:02: [AMXX] Run time error 1: forced exit 
L 12/22/2016 - 22:06:02: [AMXX]    [0] comp_timer2.sma::checkSQLConditions (line 191)
L 12/22/2016 - 22:06:02: [AMXX]    [1] comp_timer2.sma::addInSql (line 780)
L 12/22/2016 - 22:06:02: Forward-ul nu s-a putut executa.
L 12/22/2016 - 22:06:02: [AMXX] Displaying debug trace (plugin "comp_timer2.amxx", version "1.0-beta")
L 12/22/2016 - 22:06:02: [AMXX] Run time error 1: forced exit 
L 12/22/2016 - 22:06:02: [AMXX]    [0] comp_timer2.sma::checkSQLConditions (line 191)
L 12/22/2016 - 22:06:02: [AMXX]    [1] comp_timer2.sma::addInSql (line 780)
L 12/22/2016 - 22:06:02: Forward-ul nu s-a putut executa.
L 12/22/2016 - 22:06:02: [AMXX] Displaying debug trace (plugin "comp_timer2.amxx", version "1.0-beta")
L 12/22/2016 - 22:06:02: [AMXX] Run time error 1: forced exit 
L 12/22/2016 - 22:06:02: [AMXX]    [0] comp_timer2.sma::checkSQLConditions (line 191)
L 12/22/2016 - 22:06:02: [AMXX]    [1] comp_timer2.sma::addInSql (line 780)
L 12/22/2016 - 22:06:02: Forward-ul nu s-a putut executa.
L 12/22/2016 - 22:06:02: [AMXX] Displaying debug trace (plugin "comp_timer2.amxx", version "1.0-beta")
L 12/22/2016 - 22:06:02: [AMXX] Run time error 1: forced exit 
L 12/22/2016 - 22:06:02: [AMXX]    [0] comp_timer2.sma::checkSQLConditions (line 191)
L 12/22/2016 - 22:06:02: [AMXX]    [1] comp_timer2.sma::addInSql (line 780)
L 12/22/2016 - 22:06:02: Forward-ul nu s-a putut executa.
L 12/22/2016 - 22:06:02: [AMXX] Displaying debug trace (plugin "comp_timer2.amxx", version "1.0-beta")
L 12/22/2016 - 22:06:02: [AMXX] Run time error 1: forced exit 
L 12/22/2016 - 22:06:02: [AMXX]    [0] comp_timer2.sma::checkSQLConditions (line 191)
L 12/22/2016 - 22:06:02: [AMXX]    [1] comp_timer2.sma::addInSql (line 780)
L 12/22/2016 - 22:06:02: Forward-ul nu s-a putut executa.
L 12/22/2016 - 22:06:02: [AMXX] Displaying debug trace (plugin "comp_timer2.amxx", version "1.0-beta")
L 12/22/2016 - 22:06:02: [AMXX] Run time error 1: forced exit 
L 12/22/2016 - 22:06:02: [AMXX]    [0] comp_timer2.sma::checkSQLConditions (line 191)
L 12/22/2016 - 22:06:02: [AMXX]    [1] comp_timer2.sma::addInSql (line 780)
L 12/22/2016 - 22:06:02: Forward-ul nu s-a putut executa.
L 12/22/2016 - 22:06:02: [AMXX] Displaying debug trace (plugin "comp_timer2.amxx", version "1.0-beta")
L 12/22/2016 - 22:06:02: [AMXX] Run time error 1: forced exit 
L 12/22/2016 - 22:06:02: [AMXX]    [0] comp_timer2.sma::checkSQLConditions (line 191)
L 12/22/2016 - 22:06:02: [AMXX]    [1] comp_timer2.sma::addInSql (line 780)
L 12/22/2016 - 22:06:02: Forward-ul nu s-a putut executa.
L 12/22/2016 - 22:06:02: [AMXX] Displaying debug trace (plugin "comp_timer2.amxx", version "1.0-beta")
L 12/22/2016 - 22:06:02: [AMXX] Run time error 1: forced exit 
L 12/22/2016 - 22:06:02: [AMXX]    [0] comp_timer2.sma::checkSQLConditions (line 191)
L 12/22/2016 - 22:06:02: [AMXX]    [1] comp_timer2.sma::addInSql (line 780)
L 12/22/2016 - 22:06:02: Forward-ul nu s-a putut executa.
L 12/22/2016 - 22:06:02: [AMXX] Displaying debug trace (plugin "comp_timer2.amxx", version "1.0-beta")
L 12/22/2016 - 22:06:02: [AMXX] Run time error 1: forced exit 
L 12/22/2016 - 22:06:02: [AMXX]    [0] comp_timer2.sma::checkSQLConditions (line 191)
L 12/22/2016 - 22:06:02: [AMXX]    [1] comp_timer2.sma::addInSql (line 780)
L 12/22/2016 - 22:06:02: Forward-ul nu s-a putut executa.
L 12/22/2016 - 22:06:02: [AMXX] Displaying debug trace (plugin "comp_timer2.amxx", version "1.0-beta")
L 12/22/2016 - 22:06:02: [AMXX] Run time error 1: forced exit 
L 12/22/2016 - 22:06:02: [AMXX]    [0] comp_timer2.sma::checkSQLConditions (line 191)
L 12/22/2016 - 22:06:02: [AMXX]    [1] comp_timer2.sma::addInSql (line 780)
L 12/22/2016 - 22:06:02: Forward-ul nu s-a putut executa.
L 12/22/2016 - 22:06:02: [AMXX] Displaying debug trace (plugin "comp_timer2.amxx", version "1.0-beta")
L 12/22/2016 - 22:06:02: [AMXX] Run time error 1: forced exit 
L 12/22/2016 - 22:06:02: [AMXX]    [0] comp_timer2.sma::checkSQLConditions (line 191)
L 12/22/2016 - 22:06:02: [AMXX]    [1] comp_timer2.sma::addInSql (line 780)
L 12/22/2016 - 22:26:11: Forward-ul nu s-a putut executa.
L 12/22/2016 - 22:26:11: [AMXX] Displaying debug trace (plugin "comp_timer2.amxx", version "1.0-beta")
L 12/22/2016 - 22:26:11: [AMXX] Run time error 1: forced exit 
L 12/22/2016 - 22:26:11: [AMXX]    [0] comp_timer2.sma::checkSQLConditions (line 191)
L 12/22/2016 - 22:26:11: [AMXX]    [1] comp_timer2.sma::checkIfNameExists (line 729)
L 12/22/2016 - 22:26:11: Forward-ul nu s-a putut executa.
L 12/22/2016 - 22:26:11: [AMXX] Displaying debug trace (plugin "comp_timer2.amxx", version "1.0-beta")
L 12/22/2016 - 22:26:11: [AMXX] Run time error 1: forced exit 
L 12/22/2016 - 22:26:11: [AMXX]    [0] comp_timer2.sma::checkSQLConditions (line 191)
L 12/22/2016 - 22:26:11: [AMXX]    [1] comp_timer2.sma::addInSql (line 780)
L 12/22/2016 - 22:26:11: Forward-ul nu s-a putut executa.
L 12/22/2016 - 22:26:11: [AMXX] Displaying debug trace (plugin "comp_timer2.amxx", version "1.0-beta")
L 12/22/2016 - 22:26:11: [AMXX] Run time error 1: forced exit 
L 12/22/2016 - 22:26:11: [AMXX]    [0] comp_timer2.sma::checkSQLConditions (line 191)
L 12/22/2016 - 22:26:11: [AMXX]    [1] comp_timer2.sma::addInSql (line 780)
L 12/22/2016 - 22:26:11: Forward-ul nu s-a putut executa.
L 12/22/2016 - 22:26:11: [AMXX] Displaying debug trace (plugin "comp_timer2.amxx", version "1.0-beta")
L 12/22/2016 - 22:26:11: [AMXX] Run time error 1: forced exit 
L 12/22/2016 - 22:26:11: [AMXX]    [0] comp_timer2.sma::checkSQLConditions (line 191)
L 12/22/2016 - 22:26:11: [AMXX]    [1] comp_timer2.sma::addInSql (line 780)
L 12/22/2016 - 22:26:11: Forward-ul nu s-a putut executa.
L 12/22/2016 - 22:26:11: [AMXX] Displaying debug trace (plugin "comp_timer2.amxx", version "1.0-beta")
L 12/22/2016 - 22:26:11: [AMXX] Run time error 1: forced exit 
L 12/22/2016 - 22:26:11: [AMXX]    [0] comp_timer2.sma::checkSQLConditions (line 191)
L 12/22/2016 - 22:26:11: [AMXX]    [1] comp_timer2.sma::addInSql (line 780)
L 12/22/2016 - 22:26:12: Forward-ul nu s-a putut executa.
L 12/22/2016 - 22:26:12: [AMXX] Displaying debug trace (plugin "comp_timer2.amxx", version "1.0-beta")
L 12/22/2016 - 22:26:12: [AMXX] Run time error 1: forced exit 
L 12/22/2016 - 22:26:12: [AMXX]    [0] comp_timer2.sma::checkSQLConditions (line 191)
L 12/22/2016 - 22:26:12: [AMXX]    [1] comp_timer2.sma::addInSql (line 780)
L 12/22/2016 - 22:26:12: Forward-ul nu s-a putut executa.
L 12/22/2016 - 22:26:12: [AMXX] Displaying debug trace (plugin "comp_timer2.amxx", version "1.0-beta")
L 12/22/2016 - 22:26:12: [AMXX] Run time error 1: forced exit 
L 12/22/2016 - 22:26:12: [AMXX]    [0] comp_timer2.sma::checkSQLConditions (line 191)
L 12/22/2016 - 22:26:12: [AMXX]    [1] comp_timer2.sma::addInSql (line 780)
L 12/22/2016 - 22:26:12: Forward-ul nu s-a putut executa.
L 12/22/2016 - 22:26:12: [AMXX] Displaying debug trace (plugin "comp_timer2.amxx", version "1.0-beta")
L 12/22/2016 - 22:26:12: [AMXX] Run time error 1: forced exit 
L 12/22/2016 - 22:26:12: [AMXX]    [0] comp_timer2.sma::checkSQLConditions (line 191)
L 12/22/2016 - 22:26:12: [AMXX]    [1] comp_timer2.sma::addInSql (line 780)
L 12/22/2016 - 22:26:12: Forward-ul nu s-a putut executa.
L 12/22/2016 - 22:26:12: [AMXX] Displaying debug trace (plugin "comp_timer2.amxx", version "1.0-beta")
L 12/22/2016 - 22:26:12: [AMXX] Run time error 1: forced exit 
L 12/22/2016 - 22:26:12: [AMXX]    [0] comp_timer2.sma::checkSQLConditions (line 191)
L 12/22/2016 - 22:26:12: [AMXX]    [1] comp_timer2.sma::addInSql (line 780)
L 12/22/2016 - 22:26:12: Forward-ul nu s-a putut executa.
L 12/22/2016 - 22:26:12: [AMXX] Displaying debug trace (plugin "comp_timer2.amxx", version "1.0-beta")
L 12/22/2016 - 22:26:12: [AMXX] Run time error 1: forced exit 
L 12/22/2016 - 22:26:12: [AMXX]    [0] comp_timer2.sma::checkSQLConditions (line 191)
L 12/22/2016 - 22:26:12: [AMXX]    [1] comp_timer2.sma::addInSql (line 780)
L 12/22/2016 - 22:26:12: Forward-ul nu s-a putut executa.
L 12/22/2016 - 22:26:12: [AMXX] Displaying debug trace (plugin "comp_timer2.amxx", version "1.0-beta")
L 12/22/2016 - 22:26:12: [AMXX] Run time error 1: forced exit 
L 12/22/2016 - 22:26:12: [AMXX]    [0] comp_timer2.sma::checkSQLConditions (line 191)
L 12/22/2016 - 22:26:12: [AMXX]    [1] comp_timer2.sma::addInSql (line 780)
L 12/22/2016 - 22:26:12: Forward-ul nu s-a putut executa.
L 12/22/2016 - 22:26:12: [AMXX] Displaying debug trace (plugin "comp_timer2.amxx", version "1.0-beta")
L 12/22/2016 - 22:26:12: [AMXX] Run time error 1: forced exit 
L 12/22/2016 - 22:26:12: [AMXX]    [0] comp_timer2.sma::checkSQLConditions (line 191)
L 12/22/2016 - 22:26:12: [AMXX]    [1] comp_timer2.sma::addInSql (line 780)
L 12/22/2016 - 22:26:12: Forward-ul nu s-a putut executa.
L 12/22/2016 - 22:26:12: [AMXX] Displaying debug trace (plugin "comp_timer2.amxx", version "1.0-beta")
L 12/22/2016 - 22:26:12: [AMXX] Run time error 1: forced exit 
L 12/22/2016 - 22:26:12: [AMXX]    [0] comp_timer2.sma::checkSQLConditions (line 191)
L 12/22/2016 - 22:26:12: [AMXX]    [1] comp_timer2.sma::addInSql (line 780)
L 12/22/2016 - 22:26:12: Forward-ul nu s-a putut executa.
L 12/22/2016 - 22:26:12: [AMXX] Displaying debug trace (plugin "comp_timer2.amxx", version "1.0-beta")
L 12/22/2016 - 22:26:12: [AMXX] Run time error 1: forced exit 
L 12/22/2016 - 22:26:12: [AMXX]    [0] comp_timer2.sma::checkSQLConditions (line 191)
L 12/22/2016 - 22:26:12: [AMXX]    [1] comp_timer2.sma::addInSql (line 780)
L 12/22/2016 - 22:26:12: Forward-ul nu s-a putut executa.
L 12/22/2016 - 22:26:12: [AMXX] Displaying debug trace (plugin "comp_timer2.amxx", version "1.0-beta")
L 12/22/2016 - 22:26:12: [AMXX] Run time error 1: forced exit 
L 12/22/2016 - 22:26:12: [AMXX]    [0] comp_timer2.sma::checkSQLConditions (line 191)
L 12/22/2016 - 22:26:12: [AMXX]    [1] comp_timer2.sma::addInSql (line 780)
L 12/22/2016 - 22:26:12: Forward-ul nu s-a putut executa.
L 12/22/2016 - 22:26:12: [AMXX] Displaying debug trace (plugin "comp_timer2.amxx", version "1.0-beta")
L 12/22/2016 - 22:26:12: [AMXX] Run time error 1: forced exit 
L 12/22/2016 - 22:26:12: [AMXX]    [0] comp_timer2.sma::checkSQLConditions (line 191)
L 12/22/2016 - 22:26:12: [AMXX]    [1] comp_timer2.sma::addInSql (line 780)
L 12/22/2016 - 22:26:12: Forward-ul nu s-a putut executa.
L 12/22/2016 - 22:26:12: [AMXX] Displaying debug trace (plugin "comp_timer2.amxx", version "1.0-beta")
L 12/22/2016 - 22:26:12: [AMXX] Run time error 1: forced exit 
L 12/22/2016 - 22:26:12: [AMXX]    [0] comp_timer2.sma::checkSQLConditions (line 191)
L 12/22/2016 - 22:26:12: [AMXX]    [1] comp_timer2.sma::addInSql (line 780)
L 12/22/2016 - 22:26:12: Forward-ul nu s-a putut executa.
L 12/22/2016 - 22:26:12: [AMXX] Displaying debug trace (plugin "comp_timer2.amxx", version "1.0-beta")
L 12/22/2016 - 22:26:12: [AMXX] Run time error 1: forced exit 
L 12/22/2016 - 22:26:12: [AMXX]    [0] comp_timer2.sma::checkSQLConditions (line 191)
L 12/22/2016 - 22:26:12: [AMXX]    [1] comp_timer2.sma::addInSql (line 780)
L 12/22/2016 - 22:26:13: Forward-ul nu s-a putut executa.
L 12/22/2016 - 22:26:13: [AMXX] Displaying debug trace (plugin "comp_timer2.amxx", version "1.0-beta")
L 12/22/2016 - 22:26:13: [AMXX] Run time error 1: forced exit 
L 12/22/2016 - 22:26:13: [AMXX]    [0] comp_timer2.sma::checkSQLConditions (line 191)
L 12/22/2016 - 22:26:13: [AMXX]    [1] comp_timer2.sma::addInSql (line 780)
L 12/22/2016 - 22:26:13: Forward-ul nu s-a putut executa.
L 12/22/2016 - 22:26:13: [AMXX] Displaying debug trace (plugin "comp_timer2.amxx", version "1.0-beta")
L 12/22/2016 - 22:26:13: [AMXX] Run time error 1: forced exit 
L 12/22/2016 - 22:26:13: [AMXX]    [0] comp_timer2.sma::checkSQLConditions (line 191)
L 12/22/2016 - 22:26:13: [AMXX]    [1] comp_timer2.sma::addInSql (line 780)
L 12/22/2016 - 22:32:06: Start of error session.
L 12/22/2016 - 22:32:06: Info (map "deathrun_challenge_x") (file "addons/amxmodx/logs/error_20161222.log")
L 12/22/2016 - 22:32:06: Forward-ul nu s-a putut executa.
L 12/22/2016 - 22:32:06: [AMXX] Displaying debug trace (plugin "comp_timer2.amxx", version "1.0-beta")
L 12/22/2016 - 22:32:06: [AMXX] Run time error 1: forced exit 
L 12/22/2016 - 22:32:06: [AMXX]    [0] comp_timer2.sma::checkSQLConditions (line 191)
L 12/22/2016 - 22:32:06: [AMXX]    [1] comp_timer2.sma::addInSql (line 780)
L 12/22/2016 - 22:32:06: Forward-ul nu s-a putut executa.
L 12/22/2016 - 22:32:06: [AMXX] Displaying debug trace (plugin "comp_timer2.amxx", version "1.0-beta")
L 12/22/2016 - 22:32:06: [AMXX] Run time error 1: forced exit 
L 12/22/2016 - 22:32:06: [AMXX]    [0] comp_timer2.sma::checkSQLConditions (line 191)
L 12/22/2016 - 22:32:06: [AMXX]    [1] comp_timer2.sma::addInSql (line 780)
L 12/22/2016 - 22:32:06: Forward-ul nu s-a putut executa.
L 12/22/2016 - 22:32:06: [AMXX] Displaying debug trace (plugin "comp_timer2.amxx", version "1.0-beta")
L 12/22/2016 - 22:32:06: [AMXX] Run time error 1: forced exit 
L 12/22/2016 - 22:32:06: [AMXX]    [0] comp_timer2.sma::checkSQLConditions (line 191)
L 12/22/2016 - 22:32:06: [AMXX]    [1] comp_timer2.sma::addInSql (line 780)
L 12/22/2016 - 22:32:07: Forward-ul nu s-a putut executa.
L 12/22/2016 - 22:32:07: [AMXX] Displaying debug trace (plugin "comp_timer2.amxx", version "1.0-beta")
L 12/22/2016 - 22:32:07: [AMXX] Run time error 1: forced exit 
L 12/22/2016 - 22:32:07: [AMXX]    [0] comp_timer2.sma::checkSQLConditions (line 191)
L 12/22/2016 - 22:32:07: [AMXX]    [1] comp_timer2.sma::addInSql (line 780)
L 12/22/2016 - 22:32:08: Forward-ul nu s-a putut executa.
L 12/22/2016 - 22:32:08: [AMXX] Displaying debug trace (plugin "comp_timer2.amxx", version "1.0-beta")
L 12/22/2016 - 22:32:08: [AMXX] Run time error 1: forced exit 
L 12/22/2016 - 22:32:08: [AMXX]    [0] comp_timer2.sma::checkSQLConditions (line 191)
L 12/22/2016 - 22:32:08: [AMXX]    [1] comp_timer2.sma::addInSql (line 780)
L 12/22/2016 - 22:32:08: Forward-ul nu s-a putut executa.
L 12/22/2016 - 22:32:08: [AMXX] Displaying debug trace (plugin "comp_timer2.amxx", version "1.0-beta")
L 12/22/2016 - 22:32:08: [AMXX] Run time error 1: forced exit 
L 12/22/2016 - 22:32:08: [AMXX]    [0] comp_timer2.sma::checkSQLConditions (line 191)
L 12/22/2016 - 22:32:08: [AMXX]    [1] comp_timer2.sma::addInSql (line 780)
L 12/22/2016 - 22:32:08: Forward-ul nu s-a putut executa.
L 12/22/2016 - 22:32:08: [AMXX] Displaying debug trace (plugin "comp_timer2.amxx", version "1.0-beta")
L 12/22/2016 - 22:32:08: [AMXX] Run time error 1: forced exit 
L 12/22/2016 - 22:32:08: [AMXX]    [0] comp_timer2.sma::checkSQLConditions (line 191)
L 12/22/2016 - 22:32:08: [AMXX]    [1] comp_timer2.sma::addInSql (line 780)
L 12/22/2016 - 22:32:08: Forward-ul nu s-a putut executa.
L 12/22/2016 - 22:32:08: [AMXX] Displaying debug trace (plugin "comp_timer2.amxx", version "1.0-beta")
L 12/22/2016 - 22:32:08: [AMXX] Run time error 1: forced exit 
L 12/22/2016 - 22:32:08: [AMXX]    [0] comp_timer2.sma::checkSQLConditions (line 191)
L 12/22/2016 - 22:32:08: [AMXX]    [1] comp_timer2.sma::addInSql (line 780)
L 12/22/2016 - 22:32:08: Forward-ul nu s-a putut executa.
L 12/22/2016 - 22:32:08: [AMXX] Displaying debug trace (plugin "comp_timer2.amxx", version "1.0-beta")
L 12/22/2016 - 22:32:08: [AMXX] Run time error 1: forced exit 
L 12/22/2016 - 22:32:08: [AMXX]    [0] comp_timer2.sma::checkSQLConditions (line 191)
L 12/22/2016 - 22:32:08: [AMXX]    [1] comp_timer2.sma::addInSql (line 780)
L 12/22/2016 - 22:32:08: Forward-ul nu s-a putut executa.
L 12/22/2016 - 22:32:08: [AMXX] Displaying debug trace (plugin "comp_timer2.amxx", version "1.0-beta")
L 12/22/2016 - 22:32:08: [AMXX] Run time error 1: forced exit 
L 12/22/2016 - 22:32:08: [AMXX]    [0] comp_timer2.sma::checkSQLConditions (line 191)
L 12/22/2016 - 22:32:08: [AMXX]    [1] comp_timer2.sma::addInSql (line 780)
L 12/22/2016 - 22:32:08: Forward-ul nu s-a putut executa.
L 12/22/2016 - 22:32:08: [AMXX] Displaying debug trace (plugin "comp_timer2.amxx", version "1.0-beta")
L 12/22/2016 - 22:32:08: [AMXX] Run time error 1: forced exit 
L 12/22/2016 - 22:32:08: [AMXX]    [0] comp_timer2.sma::checkSQLConditions (line 191)
L 12/22/2016 - 22:32:08: [AMXX]    [1] comp_timer2.sma::addInSql (line 780)
L 12/22/2016 - 22:32:08: Forward-ul nu s-a putut executa.
L 12/22/2016 - 22:32:08: [AMXX] Displaying debug trace (plugin "comp_timer2.amxx", version "1.0-beta")
L 12/22/2016 - 22:32:08: [AMXX] Run time error 1: forced exit 
L 12/22/2016 - 22:32:08: [AMXX]    [0] comp_timer2.sma::checkSQLConditions (line 191)
L 12/22/2016 - 22:32:08: [AMXX]    [1] comp_timer2.sma::addInSql (line 780)
L 12/22/2016 - 22:32:08: Forward-ul nu s-a putut executa.
L 12/22/2016 - 22:32:08: [AMXX] Displaying debug trace (plugin "comp_timer2.amxx", version "1.0-beta")
L 12/22/2016 - 22:32:08: [AMXX] Run time error 1: forced exit 
L 12/22/2016 - 22:32:08: [AMXX]    [0] comp_timer2.sma::checkSQLConditions (line 191)
L 12/22/2016 - 22:32:08: [AMXX]    [1] comp_timer2.sma::addInSql (line 780)
L 12/22/2016 - 22:32:08: Forward-ul nu s-a putut executa.
L 12/22/2016 - 22:32:08: [AMXX] Displaying debug trace (plugin "comp_timer2.amxx", version "1.0-beta")
L 12/22/2016 - 22:32:08: [AMXX] Run time error 1: forced exit 
L 12/22/2016 - 22:32:08: [AMXX]    [0] comp_timer2.sma::checkSQLConditions (line 191)
L 12/22/2016 - 22:32:08: [AMXX]    [1] comp_timer2.sma::addInSql (line 780)
L 12/22/2016 - 22:32:09: Forward-ul nu s-a putut executa.
L 12/22/2016 - 22:32:09: [AMXX] Displaying debug trace (plugin "comp_timer2.amxx", version "1.0-beta")
L 12/22/2016 - 22:32:09: [AMXX] Run time error 1: forced exit 
L 12/22/2016 - 22:32:09: [AMXX]    [0] comp_timer2.sma::checkSQLConditions (line 191)
L 12/22/2016 - 22:32:09: [AMXX]    [1] comp_timer2.sma::addInSql (line 780)
L 12/22/2016 - 22:32:09: Forward-ul nu s-a putut executa.
L 12/22/2016 - 22:32:09: [AMXX] Displaying debug trace (plugin "comp_timer2.amxx", version "1.0-beta")
L 12/22/2016 - 22:32:09: [AMXX] Run time error 1: forced exit 
L 12/22/2016 - 22:32:09: [AMXX]    [0] comp_timer2.sma::checkSQLConditions (line 191)
L 12/22/2016 - 22:32:09: [AMXX]    [1] comp_timer2.sma::addInSql (line 780)
L 12/22/2016 - 22:32:09: Forward-ul nu s-a putut executa.
L 12/22/2016 - 22:32:09: [AMXX] Displaying debug trace (plugin "comp_timer2.amxx", version "1.0-beta")
L 12/22/2016 - 22:32:09: [AMXX] Run time error 1: forced exit 
L 12/22/2016 - 22:32:09: [AMXX]    [0] comp_timer2.sma::checkSQLConditions (line 191)
L 12/22/2016 - 22:32:09: [AMXX]    [1] comp_timer2.sma::addInSql (line 780)
L 12/22/2016 - 22:32:09: Forward-ul nu s-a putut executa.
L 12/22/2016 - 22:32:09: [AMXX] Displaying debug trace (plugin "comp_timer2.amxx", version "1.0-beta")
L 12/22/2016 - 22:32:09: [AMXX] Run time error 1: forced exit 
L 12/22/2016 - 22:32:09: [AMXX]    [0] comp_timer2.sma::checkSQLConditions (line 191)
L 12/22/2016 - 22:32:09: [AMXX]    [1] comp_timer2.sma::addInSql (line 780)
L 12/22/2016 - 22:32:09: Forward-ul nu s-a putut executa.
L 12/22/2016 - 22:32:09: [AMXX] Displaying debug trace (plugin "comp_timer2.amxx", version "1.0-beta")
L 12/22/2016 - 22:32:09: [AMXX] Run time error 1: forced exit 
L 12/22/2016 - 22:32:09: [AMXX]    [0] comp_timer2.sma::checkSQLConditions (line 191)
L 12/22/2016 - 22:32:09: [AMXX]    [1] comp_timer2.sma::addInSql (line 780)
L 12/22/2016 - 22:32:09: Forward-ul nu s-a putut executa.
L 12/22/2016 - 22:32:09: [AMXX] Displaying debug trace (plugin "comp_timer2.amxx", version "1.0-beta")
L 12/22/2016 - 22:32:09: [AMXX] Run time error 1: forced exit 
L 12/22/2016 - 22:32:09: [AMXX]    [0] comp_timer2.sma::checkSQLConditions (line 191)
L 12/22/2016 - 22:32:09: [AMXX]    [1] comp_timer2.sma::addInSql (line 780)
L 12/22/2016 - 23:00:09: Start of error session.
L 12/22/2016 - 23:00:09: Info (map "deathrun_green_h") (file "addons/amxmodx/logs/error_20161222.log")
L 12/22/2016 - 23:00:09: Forward-ul nu s-a putut executa.
L 12/22/2016 - 23:00:09: [AMXX] Displaying debug trace (plugin "comp_timer2.amxx", version "1.0-beta")
L 12/22/2016 - 23:00:09: [AMXX] Run time error 1: forced exit 
L 12/22/2016 - 23:00:09: [AMXX]    [0] comp_timer2.sma::checkSQLConditions (line 191)
L 12/22/2016 - 23:00:09: [AMXX]    [1] comp_timer2.sma::addInSql (line 780)
L 12/22/2016 - 23:00:10: Forward-ul nu s-a putut executa.
L 12/22/2016 - 23:00:10: [AMXX] Displaying debug trace (plugin "comp_timer2.amxx", version "1.0-beta")
L 12/22/2016 - 23:00:10: [AMXX] Run time error 1: forced exit 
L 12/22/2016 - 23:00:10: [AMXX]    [0] comp_timer2.sma::checkSQLConditions (line 191)
L 12/22/2016 - 23:00:10: [AMXX]    [1] comp_timer2.sma::addInSql (line 780)
L 12/22/2016 - 23:00:10: Forward-ul nu s-a putut executa.
L 12/22/2016 - 23:00:10: [AMXX] Displaying debug trace (plugin "comp_timer2.amxx", version "1.0-beta")
L 12/22/2016 - 23:00:10: [AMXX] Run time error 1: forced exit 
L 12/22/2016 - 23:00:10: [AMXX]    [0] comp_timer2.sma::checkSQLConditions (line 191)
L 12/22/2016 - 23:00:10: [AMXX]    [1] comp_timer2.sma::addInSql (line 780)
L 12/22/2016 - 23:00:10: Forward-ul nu s-a putut executa.
L 12/22/2016 - 23:00:10: [AMXX] Displaying debug trace (plugin "comp_timer2.amxx", version "1.0-beta")
L 12/22/2016 - 23:00:10: [AMXX] Run time error 1: forced exit 
L 12/22/2016 - 23:00:10: [AMXX]    [0] comp_timer2.sma::checkSQLConditions (line 191)
L 12/22/2016 - 23:00:10: [AMXX]    [1] comp_timer2.sma::addInSql (line 780)
L 12/22/2016 - 23:00:11: Forward-ul nu s-a putut executa.
L 12/22/2016 - 23:00:11: [AMXX] Displaying debug trace (plugin "comp_timer2.amxx", version "1.0-beta")
L 12/22/2016 - 23:00:11: [AMXX] Run time error 1: forced exit 
L 12/22/2016 - 23:00:11: [AMXX]    [0] comp_timer2.sma::checkSQLConditions (line 191)
L 12/22/2016 - 23:00:11: [AMXX]    [1] comp_timer2.sma::addInSql (line 780)
L 12/22/2016 - 23:00:11: Forward-ul nu s-a putut executa.
L 12/22/2016 - 23:00:11: [AMXX] Displaying debug trace (plugin "comp_timer2.amxx", version "1.0-beta")
L 12/22/2016 - 23:00:11: [AMXX] Run time error 1: forced exit 
L 12/22/2016 - 23:00:11: [AMXX]    [0] comp_timer2.sma::checkSQLConditions (line 191)
L 12/22/2016 - 23:00:11: [AMXX]    [1] comp_timer2.sma::addInSql (line 780)
L 12/22/2016 - 23:00:11: Forward-ul nu s-a putut executa.
L 12/22/2016 - 23:00:11: [AMXX] Displaying debug trace (plugin "comp_timer2.amxx", version "1.0-beta")
L 12/22/2016 - 23:00:11: [AMXX] Run time error 1: forced exit 
L 12/22/2016 - 23:00:11: [AMXX]    [0] comp_timer2.sma::checkSQLConditions (line 191)
L 12/22/2016 - 23:00:11: [AMXX]    [1] comp_timer2.sma::addInSql (line 780)
L 12/22/2016 - 23:00:11: Forward-ul nu s-a putut executa.
L 12/22/2016 - 23:00:11: [AMXX] Displaying debug trace (plugin "comp_timer2.amxx", version "1.0-beta")
L 12/22/2016 - 23:00:11: [AMXX] Run time error 1: forced exit 
L 12/22/2016 - 23:00:11: [AMXX]    [0] comp_timer2.sma::checkSQLConditions (line 191)
L 12/22/2016 - 23:00:11: [AMXX]    [1] comp_timer2.sma::addInSql (line 780)
L 12/22/2016 - 23:00:11: Forward-ul nu s-a putut executa.
L 12/22/2016 - 23:00:11: [AMXX] Displaying debug trace (plugin "comp_timer2.amxx", version "1.0-beta")
L 12/22/2016 - 23:00:11: [AMXX] Run time error 1: forced exit 
L 12/22/2016 - 23:00:11: [AMXX]    [0] comp_timer2.sma::checkSQLConditions (line 191)
L 12/22/2016 - 23:00:11: [AMXX]    [1] comp_timer2.sma::addInSql (line 780)
L 12/22/2016 - 23:00:11: Forward-ul nu s-a putut executa.
L 12/22/2016 - 23:00:11: [AMXX] Displaying debug trace (plugin "comp_timer2.amxx", version "1.0-beta")
L 12/22/2016 - 23:00:11: [AMXX] Run time error 1: forced exit 
L 12/22/2016 - 23:00:11: [AMXX]    [0] comp_timer2.sma::checkSQLConditions (line 191)
L 12/22/2016 - 23:00:11: [AMXX]    [1] comp_timer2.sma::addInSql (line 780)
L 12/22/2016 - 23:00:11: Forward-ul nu s-a putut executa.
L 12/22/2016 - 23:00:11: [AMXX] Displaying debug trace (plugin "comp_timer2.amxx", version "1.0-beta")
L 12/22/2016 - 23:00:11: [AMXX] Run time error 1: forced exit 
L 12/22/2016 - 23:00:11: [AMXX]    [0] comp_timer2.sma::checkSQLConditions (line 191)
L 12/22/2016 - 23:00:11: [AMXX]    [1] comp_timer2.sma::addInSql (line 780)
L 12/22/2016 - 23:00:11: Forward-ul nu s-a putut executa.
L 12/22/2016 - 23:00:11: [AMXX] Displaying debug trace (plugin "comp_timer2.amxx", version "1.0-beta")
L 12/22/2016 - 23:00:11: [AMXX] Run time error 1: forced exit 
L 12/22/2016 - 23:00:11: [AMXX]    [0] comp_timer2.sma::checkSQLConditions (line 191)
L 12/22/2016 - 23:00:11: [AMXX]    [1] comp_timer2.sma::addInSql (line 780)
L 12/22/2016 - 23:00:11: Forward-ul nu s-a putut executa.
L 12/22/2016 - 23:00:11: [AMXX] Displaying debug trace (plugin "comp_timer2.amxx", version "1.0-beta")
L 12/22/2016 - 23:00:11: [AMXX] Run time error 1: forced exit 
L 12/22/2016 - 23:00:11: [AMXX]    [0] comp_timer2.sma::checkSQLConditions (line 191)
L 12/22/2016 - 23:00:11: [AMXX]    [1] comp_timer2.sma::addInSql (line 780)
L 12/22/2016 - 23:00:11: Forward-ul nu s-a putut executa.
L 12/22/2016 - 23:00:11: [AMXX] Displaying debug trace (plugin "comp_timer2.amxx", version "1.0-beta")
L 12/22/2016 - 23:00:11: [AMXX] Run time error 1: forced exit 
L 12/22/2016 - 23:00:11: [AMXX]    [0] comp_timer2.sma::checkSQLConditions (line 191)
L 12/22/2016 - 23:00:11: [AMXX]    [1] comp_timer2.sma::addInSql (line 780)
L 12/22/2016 - 23:00:11: Forward-ul nu s-a putut executa.
L 12/22/2016 - 23:00:11: [AMXX] Displaying debug trace (plugin "comp_timer2.amxx", version "1.0-beta")
L 12/22/2016 - 23:00:11: [AMXX] Run time error 1: forced exit 
L 12/22/2016 - 23:00:11: [AMXX]    [0] comp_timer2.sma::checkSQLConditions (line 191)
L 12/22/2016 - 23:00:11: [AMXX]    [1] comp_timer2.sma::addInSql (line 780)
L 12/22/2016 - 23:00:12: Forward-ul nu s-a putut executa.
L 12/22/2016 - 23:00:12: [AMXX] Displaying debug trace (plugin "comp_timer2.amxx", version "1.0-beta")
L 12/22/2016 - 23:00:12: [AMXX] Run time error 1: forced exit 
L 12/22/2016 - 23:00:12: [AMXX]    [0] comp_timer2.sma::checkSQLConditions (line 191)
L 12/22/2016 - 23:00:12: [AMXX]    [1] comp_timer2.sma::addInSql (line 780)
L 12/22/2016 - 23:00:12: Forward-ul nu s-a putut executa.
L 12/22/2016 - 23:00:12: [AMXX] Displaying debug trace (plugin "comp_timer2.amxx", version "1.0-beta")
L 12/22/2016 - 23:00:12: [AMXX] Run time error 1: forced exit 
L 12/22/2016 - 23:00:12: [AMXX]    [0] comp_timer2.sma::checkSQLConditions (line 191)
L 12/22/2016 - 23:00:12: [AMXX]    [1] comp_timer2.sma::addInSql (line 780)
L 12/22/2016 - 23:00:12: Forward-ul nu s-a putut executa.
L 12/22/2016 - 23:00:12: [AMXX] Displaying debug trace (plugin "comp_timer2.amxx", version "1.0-beta")
L 12/22/2016 - 23:00:12: [AMXX] Run time error 1: forced exit 
L 12/22/2016 - 23:00:12: [AMXX]    [0] comp_timer2.sma::checkSQLConditions (line 191)
L 12/22/2016 - 23:00:12: [AMXX]    [1] comp_timer2.sma::addInSql (line 780)
L 12/22/2016 - 23:00:12: Forward-ul nu s-a putut executa.
L 12/22/2016 - 23:00:12: [AMXX] Displaying debug trace (plugin "comp_timer2.amxx", version "1.0-beta")
L 12/22/2016 - 23:00:12: [AMXX] Run time error 1: forced exit 
L 12/22/2016 - 23:00:12: [AMXX]    [0] comp_timer2.sma::checkSQLConditions (line 191)
L 12/22/2016 - 23:00:12: [AMXX]    [1] comp_timer2.sma::addInSql (line 780)
L 12/22/2016 - 23:00:12: Forward-ul nu s-a putut executa.
L 12/22/2016 - 23:00:12: [AMXX] Displaying debug trace (plugin "comp_timer2.amxx", version "1.0-beta")
L 12/22/2016 - 23:00:12: [AMXX] Run time error 1: forced exit 
L 12/22/2016 - 23:00:12: [AMXX]    [0] comp_timer2.sma::checkSQLConditions (line 191)
L 12/22/2016 - 23:00:12: [AMXX]    [1] comp_timer2.sma::addInSql (line 780)
L 12/22/2016 - 23:25:32: Start of error session.
L 12/22/2016 - 23:25:32: Info (map "deathrun_faraway") (file "addons/amxmodx/logs/error_20161222.log")
L 12/22/2016 - 23:25:32: Forward-ul nu s-a putut executa.
L 12/22/2016 - 23:25:32: [AMXX] Displaying debug trace (plugin "comp_timer2.amxx", version "1.0-beta")
L 12/22/2016 - 23:25:32: [AMXX] Run time error 1: forced exit 
L 12/22/2016 - 23:25:32: [AMXX]    [0] comp_timer2.sma::checkSQLConditions (line 191)
L 12/22/2016 - 23:25:32: [AMXX]    [1] comp_timer2.sma::addInSql (line 780)
L 12/22/2016 - 23:25:32: Forward-ul nu s-a putut executa.
L 12/22/2016 - 23:25:32: [AMXX] Displaying debug trace (plugin "comp_timer2.amxx", version "1.0-beta")
L 12/22/2016 - 23:25:32: [AMXX] Run time error 1: forced exit 
L 12/22/2016 - 23:25:32: [AMXX]    [0] comp_timer2.sma::checkSQLConditions (line 191)
L 12/22/2016 - 23:25:32: [AMXX]    [1] comp_timer2.sma::addInSql (line 780)
L 12/22/2016 - 23:25:32: Forward-ul nu s-a putut executa.
L 12/22/2016 - 23:25:32: [AMXX] Displaying debug trace (plugin "comp_timer2.amxx", version "1.0-beta")
L 12/22/2016 - 23:25:32: [AMXX] Run time error 1: forced exit 
L 12/22/2016 - 23:25:32: [AMXX]    [0] comp_timer2.sma::checkSQLConditions (line 191)
L 12/22/2016 - 23:25:32: [AMXX]    [1] comp_timer2.sma::addInSql (line 780)
L 12/22/2016 - 23:25:32: Forward-ul nu s-a putut executa.
L 12/22/2016 - 23:25:32: [AMXX] Displaying debug trace (plugin "comp_timer2.amxx", version "1.0-beta")
L 12/22/2016 - 23:25:32: [AMXX] Run time error 1: forced exit 
L 12/22/2016 - 23:25:32: [AMXX]    [0] comp_timer2.sma::checkSQLConditions (line 191)
L 12/22/2016 - 23:25:32: [AMXX]    [1] comp_timer2.sma::addInSql (line 780)
L 12/22/2016 - 23:25:32: Forward-ul nu s-a putut executa.
L 12/22/2016 - 23:25:32: [AMXX] Displaying debug trace (plugin "comp_timer2.amxx", version "1.0-beta")
L 12/22/2016 - 23:25:32: [AMXX] Run time error 1: forced exit 
L 12/22/2016 - 23:25:32: [AMXX]    [0] comp_timer2.sma::checkSQLConditions (line 191)
L 12/22/2016 - 23:25:32: [AMXX]    [1] comp_timer2.sma::addInSql (line 780)
L 12/22/2016 - 23:25:32: Forward-ul nu s-a putut executa.
L 12/22/2016 - 23:25:32: [AMXX] Displaying debug trace (plugin "comp_timer2.amxx", version "1.0-beta")
L 12/22/2016 - 23:25:32: [AMXX] Run time error 1: forced exit 
L 12/22/2016 - 23:25:32: [AMXX]    [0] comp_timer2.sma::checkSQLConditions (line 191)
L 12/22/2016 - 23:25:32: [AMXX]    [1] comp_timer2.sma::addInSql (line 780)
L 12/22/2016 - 23:25:32: Forward-ul nu s-a putut executa.
L 12/22/2016 - 23:25:32: [AMXX] Displaying debug trace (plugin "comp_timer2.amxx", version "1.0-beta")
L 12/22/2016 - 23:25:32: [AMXX] Run time error 1: forced exit 
L 12/22/2016 - 23:25:32: [AMXX]    [0] comp_timer2.sma::checkSQLConditions (line 191)
L 12/22/2016 - 23:25:32: [AMXX]    [1] comp_timer2.sma::addInSql (line 780)
L 12/22/2016 - 23:25:32: Forward-ul nu s-a putut executa.
L 12/22/2016 - 23:25:32: [AMXX] Displaying debug trace (plugin "comp_timer2.amxx", version "1.0-beta")
L 12/22/2016 - 23:25:32: [AMXX] Run time error 1: forced exit 
L 12/22/2016 - 23:25:32: [AMXX]    [0] comp_timer2.sma::checkSQLConditions (line 191)
L 12/22/2016 - 23:25:32: [AMXX]    [1] comp_timer2.sma::addInSql (line 780)
L 12/22/2016 - 23:25:33: Forward-ul nu s-a putut executa.
L 12/22/2016 - 23:25:33: [AMXX] Displaying debug trace (plugin "comp_timer2.amxx", version "1.0-beta")
L 12/22/2016 - 23:25:33: [AMXX] Run time error 1: forced exit 
L 12/22/2016 - 23:25:33: [AMXX]    [0] comp_timer2.sma::checkSQLConditions (line 191)
L 12/22/2016 - 23:25:33: [AMXX]    [1] comp_timer2.sma::addInSql (line 780)
L 12/22/2016 - 23:25:33: Forward-ul nu s-a putut executa.
L 12/22/2016 - 23:25:33: [AMXX] Displaying debug trace (plugin "comp_timer2.amxx", version "1.0-beta")
L 12/22/2016 - 23:25:33: [AMXX] Run time error 1: forced exit 
L 12/22/2016 - 23:25:33: [AMXX]    [0] comp_timer2.sma::checkSQLConditions (line 191)
L 12/22/2016 - 23:25:33: [AMXX]    [1] comp_timer2.sma::addInSql (line 780)
L 12/22/2016 - 23:25:33: Forward-ul nu s-a putut executa.
L 12/22/2016 - 23:25:33: [AMXX] Displaying debug trace (plugin "comp_timer2.amxx", version "1.0-beta")
L 12/22/2016 - 23:25:33: [AMXX] Run time error 1: forced exit 
L 12/22/2016 - 23:25:33: [AMXX]    [0] comp_timer2.sma::checkSQLConditions (line 191)
L 12/22/2016 - 23:25:33: [AMXX]    [1] comp_timer2.sma::addInSql (line 780)
L 12/22/2016 - 23:25:33: Forward-ul nu s-a putut executa.
L 12/22/2016 - 23:25:33: [AMXX] Displaying debug trace (plugin "comp_timer2.amxx", version "1.0-beta")
L 12/22/2016 - 23:25:33: [AMXX] Run time error 1: forced exit 
L 12/22/2016 - 23:25:33: [AMXX]    [0] comp_timer2.sma::checkSQLConditions (line 191)
L 12/22/2016 - 23:25:33: [AMXX]    [1] comp_timer2.sma::addInSql (line 780)
L 12/22/2016 - 23:25:33: Forward-ul nu s-a putut executa.
L 12/22/2016 - 23:25:33: [AMXX] Displaying debug trace (plugin "comp_timer2.amxx", version "1.0-beta")
L 12/22/2016 - 23:25:33: [AMXX] Run time error 1: forced exit 
L 12/22/2016 - 23:25:33: [AMXX]    [0] comp_timer2.sma::checkSQLConditions (line 191)
L 12/22/2016 - 23:25:33: [AMXX]    [1] comp_timer2.sma::addInSql (line 780)
L 12/22/2016 - 23:25:33: Forward-ul nu s-a putut executa.
L 12/22/2016 - 23:25:33: [AMXX] Displaying debug trace (plugin "comp_timer2.amxx", version "1.0-beta")
L 12/22/2016 - 23:25:33: [AMXX] Run time error 1: forced exit 
L 12/22/2016 - 23:25:33: [AMXX]    [0] comp_timer2.sma::checkSQLConditions (line 191)
L 12/22/2016 - 23:25:33: [AMXX]    [1] comp_timer2.sma::addInSql (line 780)
L 12/22/2016 - 23:25:33: Forward-ul nu s-a putut executa.
L 12/22/2016 - 23:25:33: [AMXX] Displaying debug trace (plugin "comp_timer2.amxx", version "1.0-beta")
L 12/22/2016 - 23:25:33: [AMXX] Run time error 1: forced exit 
L 12/22/2016 - 23:25:33: [AMXX]    [0] comp_timer2.sma::checkSQLConditions (line 191)
L 12/22/2016 - 23:25:33: [AMXX]    [1] comp_timer2.sma::addInSql (line 780)
L 12/22/2016 - 23:25:33: Forward-ul nu s-a putut executa.
L 12/22/2016 - 23:25:33: [AMXX] Displaying debug trace (plugin "comp_timer2.amxx", version "1.0-beta")
L 12/22/2016 - 23:25:33: [AMXX] Run time error 1: forced exit 
L 12/22/2016 - 23:25:33: [AMXX]    [0] comp_timer2.sma::checkSQLConditions (line 191)
L 12/22/2016 - 23:25:33: [AMXX]    [1] comp_timer2.sma::addInSql (line 780)
L 12/22/2016 - 23:25:33: Forward-ul nu s-a putut executa.
L 12/22/2016 - 23:25:33: [AMXX] Displaying debug trace (plugin "comp_timer2.amxx", version "1.0-beta")
L 12/22/2016 - 23:25:33: [AMXX] Run time error 1: forced exit 
L 12/22/2016 - 23:25:33: [AMXX]    [0] comp_timer2.sma::checkSQLConditions (line 191)
L 12/22/2016 - 23:25:33: [AMXX]    [1] comp_timer2.sma::addInSql (line 780)
L 12/22/2016 - 23:25:33: Forward-ul nu s-a putut executa.
L 12/22/2016 - 23:25:33: [AMXX] Displaying debug trace (plugin "comp_timer2.amxx", version "1.0-beta")
L 12/22/2016 - 23:25:33: [AMXX] Run time error 1: forced exit 
L 12/22/2016 - 23:25:33: [AMXX]    [0] comp_timer2.sma::checkSQLConditions (line 191)
L 12/22/2016 - 23:25:33: [AMXX]    [1] comp_timer2.sma::addInSql (line 780)
L 12/22/2016 - 23:25:33: Forward-ul nu s-a putut executa.
L 12/22/2016 - 23:25:33: [AMXX] Displaying debug trace (plugin "comp_timer2.amxx", version "1.0-beta")
L 12/22/2016 - 23:25:33: [AMXX] Run time error 1: forced exit 
L 12/22/2016 - 23:25:33: [AMXX]    [0] comp_timer2.sma::checkSQLConditions (line 191)
L 12/22/2016 - 23:25:33: [AMXX]    [1] comp_timer2.sma::addInSql (line 780)
L 12/22/2016 - 23:25:33: Forward-ul nu s-a putut executa.
L 12/22/2016 - 23:25:33: [AMXX] Displaying debug trace (plugin "comp_timer2.amxx", version "1.0-beta")
L 12/22/2016 - 23:25:33: [AMXX] Run time error 1: forced exit 
L 12/22/2016 - 23:25:33: [AMXX]    [0] comp_timer2.sma::checkSQLConditions (line 191)
L 12/22/2016 - 23:25:33: [AMXX]    [1] comp_timer2.sma::addInSql (line 780)
L 12/22/2016 - 23:53:02: Start of error session.
L 12/22/2016 - 23:53:02: Info (map "deathrun_scooby-doo") (file "addons/amxmodx/logs/error_20161222.log")
L 12/22/2016 - 23:53:02: Forward-ul nu s-a putut executa.
L 12/22/2016 - 23:53:02: [AMXX] Displaying debug trace (plugin "comp_timer2.amxx", version "1.0-beta")
L 12/22/2016 - 23:53:02: [AMXX] Run time error 1: forced exit 
L 12/22/2016 - 23:53:02: [AMXX]    [0] comp_timer2.sma::checkSQLConditions (line 191)
L 12/22/2016 - 23:53:02: [AMXX]    [1] comp_timer2.sma::addInSql (line 780)
L 12/22/2016 - 23:53:03: Forward-ul nu s-a putut executa.
L 12/22/2016 - 23:53:03: [AMXX] Displaying debug trace (plugin "comp_timer2.amxx", version "1.0-beta")
L 12/22/2016 - 23:53:03: [AMXX] Run time error 1: forced exit 
L 12/22/2016 - 23:53:03: [AMXX]    [0] comp_timer2.sma::checkSQLConditions (line 191)
L 12/22/2016 - 23:53:03: [AMXX]    [1] comp_timer2.sma::addInSql (line 780)
L 12/22/2016 - 23:53:03: Forward-ul nu s-a putut executa.
L 12/22/2016 - 23:53:03: [AMXX] Displaying debug trace (plugin "comp_timer2.amxx", version "1.0-beta")
L 12/22/2016 - 23:53:03: [AMXX] Run time error 1: forced exit 
L 12/22/2016 - 23:53:03: [AMXX]    [0] comp_timer2.sma::checkSQLConditions (line 191)
L 12/22/2016 - 23:53:03: [AMXX]    [1] comp_timer2.sma::addInSql (line 780)
L 12/22/2016 - 23:53:03: Forward-ul nu s-a putut executa.
L 12/22/2016 - 23:53:03: [AMXX] Displaying debug trace (plugin "comp_timer2.amxx", version "1.0-beta")
L 12/22/2016 - 23:53:03: [AMXX] Run time error 1: forced exit 
L 12/22/2016 - 23:53:03: [AMXX]    [0] comp_timer2.sma::checkSQLConditions (line 191)
L 12/22/2016 - 23:53:03: [AMXX]    [1] comp_timer2.sma::addInSql (line 780)
L 12/22/2016 - 23:53:04: Forward-ul nu s-a putut executa.
L 12/22/2016 - 23:53:04: [AMXX] Displaying debug trace (plugin "comp_timer2.amxx", version "1.0-beta")
L 12/22/2016 - 23:53:04: [AMXX] Run time error 1: forced exit 
L 12/22/2016 - 23:53:04: [AMXX]    [0] comp_timer2.sma::checkSQLConditions (line 191)
L 12/22/2016 - 23:53:04: [AMXX]    [1] comp_timer2.sma::addInSql (line 780)
L 12/22/2016 - 23:53:04: Forward-ul nu s-a putut executa.
L 12/22/2016 - 23:53:04: [AMXX] Displaying debug trace (plugin "comp_timer2.amxx", version "1.0-beta")
L 12/22/2016 - 23:53:04: [AMXX] Run time error 1: forced exit 
L 12/22/2016 - 23:53:04: [AMXX]    [0] comp_timer2.sma::checkSQLConditions (line 191)
L 12/22/2016 - 23:53:04: [AMXX]    [1] comp_timer2.sma::addInSql (line 780)
L 12/22/2016 - 23:53:04: Forward-ul nu s-a putut executa.
L 12/22/2016 - 23:53:04: [AMXX] Displaying debug trace (plugin "comp_timer2.amxx", version "1.0-beta")
L 12/22/2016 - 23:53:04: [AMXX] Run time error 1: forced exit 
L 12/22/2016 - 23:53:04: [AMXX]    [0] comp_timer2.sma::checkSQLConditions (line 191)
L 12/22/2016 - 23:53:04: [AMXX]    [1] comp_timer2.sma::addInSql (line 780)
L 12/22/2016 - 23:53:04: Forward-ul nu s-a putut executa.
L 12/22/2016 - 23:53:04: [AMXX] Displaying debug trace (plugin "comp_timer2.amxx", version "1.0-beta")
L 12/22/2016 - 23:53:04: [AMXX] Run time error 1: forced exit 
L 12/22/2016 - 23:53:04: [AMXX]    [0] comp_timer2.sma::checkSQLConditions (line 191)
L 12/22/2016 - 23:53:04: [AMXX]    [1] comp_timer2.sma::addInSql (line 780)
L 12/22/2016 - 23:53:04: Forward-ul nu s-a putut executa.
L 12/22/2016 - 23:53:04: [AMXX] Displaying debug trace (plugin "comp_timer2.amxx", version "1.0-beta")
L 12/22/2016 - 23:53:04: [AMXX] Run time error 1: forced exit 
L 12/22/2016 - 23:53:04: [AMXX]    [0] comp_timer2.sma::checkSQLConditions (line 191)
L 12/22/2016 - 23:53:04: [AMXX]    [1] comp_timer2.sma::addInSql (line 780)
L 12/22/2016 - 23:53:04: Forward-ul nu s-a putut executa.
L 12/22/2016 - 23:53:04: [AMXX] Displaying debug trace (plugin "comp_timer2.amxx", version "1.0-beta")
L 12/22/2016 - 23:53:04: [AMXX] Run time error 1: forced exit 
L 12/22/2016 - 23:53:04: [AMXX]    [0] comp_timer2.sma::checkSQLConditions (line 191)
L 12/22/2016 - 23:53:04: [AMXX]    [1] comp_timer2.sma::addInSql (line 780)
L 12/22/2016 - 23:53:04: Forward-ul nu s-a putut executa.
L 12/22/2016 - 23:53:04: [AMXX] Displaying debug trace (plugin "comp_timer2.amxx", version "1.0-beta")
L 12/22/2016 - 23:53:04: [AMXX] Run time error 1: forced exit 
L 12/22/2016 - 23:53:04: [AMXX]    [0] comp_timer2.sma::checkSQLConditions (line 191)
L 12/22/2016 - 23:53:04: [AMXX]    [1] comp_timer2.sma::addInSql (line 780)
L 12/22/2016 - 23:53:04: Forward-ul nu s-a putut executa.
L 12/22/2016 - 23:53:04: [AMXX] Displaying debug trace (plugin "comp_timer2.amxx", version "1.0-beta")
L 12/22/2016 - 23:53:04: [AMXX] Run time error 1: forced exit 
L 12/22/2016 - 23:53:04: [AMXX]    [0] comp_timer2.sma::checkSQLConditions (line 191)
L 12/22/2016 - 23:53:04: [AMXX]    [1] comp_timer2.sma::addInSql (line 780)
L 12/22/2016 - 23:53:04: Forward-ul nu s-a putut executa.
L 12/22/2016 - 23:53:04: [AMXX] Displaying debug trace (plugin "comp_timer2.amxx", version "1.0-beta")
L 12/22/2016 - 23:53:04: [AMXX] Run time error 1: forced exit 
L 12/22/2016 - 23:53:04: [AMXX]    [0] comp_timer2.sma::checkSQLConditions (line 191)
L 12/22/2016 - 23:53:04: [AMXX]    [1] comp_timer2.sma::addInSql (line 780)
L 12/22/2016 - 23:53:04: Forward-ul nu s-a putut executa.
L 12/22/2016 - 23:53:04: [AMXX] Displaying debug trace (plugin "comp_timer2.amxx", version "1.0-beta")
L 12/22/2016 - 23:53:04: [AMXX] Run time error 1: forced exit 
L 12/22/2016 - 23:53:04: [AMXX]    [0] comp_timer2.sma::checkSQLConditions (line 191)
L 12/22/2016 - 23:53:04: [AMXX]    [1] comp_timer2.sma::addInSql (line 780)
L 12/22/2016 - 23:53:05: Forward-ul nu s-a putut executa.
L 12/22/2016 - 23:53:05: [AMXX] Displaying debug trace (plugin "comp_timer2.amxx", version "1.0-beta")
L 12/22/2016 - 23:53:05: [AMXX] Run time error 1: forced exit 
L 12/22/2016 - 23:53:05: [AMXX]    [0] comp_timer2.sma::checkSQLConditions (line 191)
L 12/22/2016 - 23:53:05: [AMXX]    [1] comp_timer2.sma::addInSql (line 780)
L 12/22/2016 - 23:53:05: Forward-ul nu s-a putut executa.
L 12/22/2016 - 23:53:05: [AMXX] Displaying debug trace (plugin "comp_timer2.amxx", version "1.0-beta")
L 12/22/2016 - 23:53:05: [AMXX] Run time error 1: forced exit 
L 12/22/2016 - 23:53:05: [AMXX]    [0] comp_timer2.sma::checkSQLConditions (line 191)
L 12/22/2016 - 23:53:05: [AMXX]    [1] comp_timer2.sma::addInSql (line 780)
L 12/22/2016 - 23:53:05: Forward-ul nu s-a putut executa.
L 12/22/2016 - 23:53:05: [AMXX] Displaying debug trace (plugin "comp_timer2.amxx", version "1.0-beta")
L 12/22/2016 - 23:53:05: [AMXX] Run time error 1: forced exit 
L 12/22/2016 - 23:53:05: [AMXX]    [0] comp_timer2.sma::checkSQLConditions (line 191)
L 12/22/2016 - 23:53:05: [AMXX]    [1] comp_timer2.sma::addInSql (line 780)
L 12/22/2016 - 23:53:05: Forward-ul nu s-a putut executa.
L 12/22/2016 - 23:53:05: [AMXX] Displaying debug trace (plugin "comp_timer2.amxx", version "1.0-beta")
L 12/22/2016 - 23:53:05: [AMXX] Run time error 1: forced exit 
L 12/22/2016 - 23:53:05: [AMXX]    [0] comp_timer2.sma::checkSQLConditions (line 191)
L 12/22/2016 - 23:53:05: [AMXX]    [1] comp_timer2.sma::addInSql (line 780)
L 12/22/2016 - 23:53:05: Forward-ul nu s-a putut executa.
L 12/22/2016 - 23:53:05: [AMXX] Displaying debug trace (plugin "comp_timer2.amxx", version "1.0-beta")
L 12/22/2016 - 23:53:05: [AMXX] Run time error 1: forced exit 
L 12/22/2016 - 23:53:05: [AMXX]    [0] comp_timer2.sma::checkSQLConditions (line 191)
L 12/22/2016 - 23:53:05: [AMXX]    [1] comp_timer2.sma::addInSql (line 780)
L 12/22/2016 - 23:53:05: Forward-ul nu s-a putut executa.
L 12/22/2016 - 23:53:05: [AMXX] Displaying debug trace (plugin "comp_timer2.amxx", version "1.0-beta")
L 12/22/2016 - 23:53:05: [AMXX] Run time error 1: forced exit 
L 12/22/2016 - 23:53:05: [AMXX]    [0] comp_timer2.sma::checkSQLConditions (line 191)
L 12/22/2016 - 23:53:05: [AMXX]    [1] comp_timer2.sma::addInSql (line 780)
