L 10/13/2016 - 13:31:12: Start of error session.
L 10/13/2016 - 13:31:12: Info (map "deathrun_winterfg_lux") (file "addons/amxmodx/logs/error_20161013.log")
L 10/13/2016 - 13:31:12: Forward-ul nu s-a putut executa.
L 10/13/2016 - 13:31:12: [AMXX] Run time error 1 (plugin "pistols_sql.amxx") - forced exit
L 10/13/2016 - 13:31:42: Forward-ul nu s-a putut executa.
L 10/13/2016 - 13:31:42: [AMXX] Run time error 1 (plugin "pistols_sql.amxx") - forced exit
L 10/13/2016 - 13:38:26: Forward-ul nu s-a putut executa.
L 10/13/2016 - 13:38:26: [AMXX] Run time error 1 (plugin "pistols_sql.amxx") - forced exit
L 10/13/2016 - 13:38:36: Forward-ul nu s-a putut executa.
L 10/13/2016 - 13:38:36: [AMXX] Run time error 1 (plugin "pistols_sql.amxx") - forced exit
L 10/13/2016 - 13:38:40: Forward-ul nu s-a putut executa.
L 10/13/2016 - 13:38:40: [AMXX] Run time error 1 (plugin "pistols_sql.amxx") - forced exit
L 10/13/2016 - 13:39:24: Forward-ul nu s-a putut executa.
L 10/13/2016 - 13:39:24: [AMXX] Run time error 1 (plugin "pistols_sql.amxx") - forced exit
L 10/13/2016 - 13:39:26: Forward-ul nu s-a putut executa.
L 10/13/2016 - 13:39:26: [AMXX] Run time error 1 (plugin "pistols_sql.amxx") - forced exit
L 10/13/2016 - 16:05:58: Start of error session.
L 10/13/2016 - 16:05:58: Info (map "deathrun_workshop_b1") (file "addons/amxmodx/logs/error_20161013.log")
L 10/13/2016 - 16:05:58: Forward-ul nu s-a putut executa.
L 10/13/2016 - 16:05:58: [AMXX] Run time error 1 (plugin "pistols_sql.amxx") - forced exit
L 10/13/2016 - 16:06:49: Forward-ul nu s-a putut executa.
L 10/13/2016 - 16:06:49: [AMXX] Run time error 1 (plugin "pistols_sql.amxx") - forced exit
