L 11/26/2016 - 09:10:38: Start of error session.
L 11/26/2016 - 09:10:38: Info (map "deathrun_clarion_pch") (file "addons/amxmodx/logs/error_20161126.log")
L 11/26/2016 - 09:10:38: Forward-ul nu s-a putut executa.
L 11/26/2016 - 09:10:38: [AMXX] Displaying debug trace (plugin "comp_timer2.amxx", version "1.0-beta")
L 11/26/2016 - 09:10:38: [AMXX] Run time error 1: forced exit 
L 11/26/2016 - 09:10:38: [AMXX]    [0] comp_timer2.sma::checkSQLConditions (line 179)
L 11/26/2016 - 09:10:38: [AMXX]    [1] comp_timer2.sma::SetUserSettings (line 157)
L 11/26/2016 - 09:10:38: Forward-ul nu s-a putut executa.
L 11/26/2016 - 09:10:38: [AMXX] Displaying debug trace (plugin "comp_timer2.amxx", version "1.0-beta")
L 11/26/2016 - 09:10:38: [AMXX] Run time error 1: forced exit 
L 11/26/2016 - 09:10:38: [AMXX]    [0] comp_timer2.sma::checkSQLConditions (line 179)
L 11/26/2016 - 09:10:38: [AMXX]    [1] comp_timer2.sma::SetUserSettings (line 157)
L 11/26/2016 - 09:10:38: Forward-ul nu s-a putut executa.
L 11/26/2016 - 09:10:38: [AMXX] Displaying debug trace (plugin "comp_timer2.amxx", version "1.0-beta")
L 11/26/2016 - 09:10:38: [AMXX] Run time error 1: forced exit 
L 11/26/2016 - 09:10:38: [AMXX]    [0] comp_timer2.sma::checkSQLConditions (line 179)
L 11/26/2016 - 09:10:38: [AMXX]    [1] comp_timer2.sma::SetUserSettings (line 157)
L 11/26/2016 - 09:10:54: Forward-ul nu s-a putut executa.
L 11/26/2016 - 09:10:54: [AMXX] Displaying debug trace (plugin "comp_timer2.amxx", version "1.0-beta")
L 11/26/2016 - 09:10:54: [AMXX] Run time error 1: forced exit 
L 11/26/2016 - 09:10:54: [AMXX]    [0] comp_timer2.sma::checkSQLConditions (line 179)
L 11/26/2016 - 09:10:54: [AMXX]    [1] comp_timer2.sma::SetUserSettings (line 157)
L 11/26/2016 - 09:10:54: Forward-ul nu s-a putut executa.
L 11/26/2016 - 09:10:54: [AMXX] Displaying debug trace (plugin "comp_timer2.amxx", version "1.0-beta")
L 11/26/2016 - 09:10:54: [AMXX] Run time error 1: forced exit 
L 11/26/2016 - 09:10:54: [AMXX]    [0] comp_timer2.sma::checkSQLConditions (line 179)
L 11/26/2016 - 09:10:54: [AMXX]    [1] comp_timer2.sma::SetUserSettings (line 157)
L 11/26/2016 - 09:10:54: Forward-ul nu s-a putut executa.
L 11/26/2016 - 09:10:54: [AMXX] Displaying debug trace (plugin "comp_timer2.amxx", version "1.0-beta")
L 11/26/2016 - 09:10:54: [AMXX] Run time error 1: forced exit 
L 11/26/2016 - 09:10:54: [AMXX]    [0] comp_timer2.sma::checkSQLConditions (line 179)
L 11/26/2016 - 09:10:54: [AMXX]    [1] comp_timer2.sma::SetUserSettings (line 157)
L 11/26/2016 - 10:32:09: Start of error session.
L 11/26/2016 - 10:32:09: Info (map "deathrun_shit_v2") (file "addons/amxmodx/logs/error_20161126.log")
L 11/26/2016 - 10:32:09: Forward-ul nu s-a putut executa.
L 11/26/2016 - 10:32:09: [AMXX] Displaying debug trace (plugin "comp_timer2.amxx", version "1.0-beta")
L 11/26/2016 - 10:32:09: [AMXX] Run time error 1: forced exit 
L 11/26/2016 - 10:32:09: [AMXX]    [0] comp_timer2.sma::checkSQLConditions (line 179)
L 11/26/2016 - 10:32:09: [AMXX]    [1] comp_timer2.sma::SetUserSettings (line 157)
L 11/26/2016 - 10:32:09: Forward-ul nu s-a putut executa.
L 11/26/2016 - 10:32:09: [AMXX] Displaying debug trace (plugin "comp_timer2.amxx", version "1.0-beta")
L 11/26/2016 - 10:32:09: [AMXX] Run time error 1: forced exit 
L 11/26/2016 - 10:32:09: [AMXX]    [0] comp_timer2.sma::checkSQLConditions (line 179)
L 11/26/2016 - 10:32:09: [AMXX]    [1] comp_timer2.sma::SetUserSettings (line 157)
L 11/26/2016 - 10:32:09: Forward-ul nu s-a putut executa.
L 11/26/2016 - 10:32:09: [AMXX] Displaying debug trace (plugin "comp_timer2.amxx", version "1.0-beta")
L 11/26/2016 - 10:32:09: [AMXX] Run time error 1: forced exit 
L 11/26/2016 - 10:32:09: [AMXX]    [0] comp_timer2.sma::checkSQLConditions (line 179)
L 11/26/2016 - 10:32:09: [AMXX]    [1] comp_timer2.sma::SetUserSettings (line 157)
L 11/26/2016 - 10:32:12: Forward-ul nu s-a putut executa.
L 11/26/2016 - 10:32:12: [AMXX] Displaying debug trace (plugin "comp_timer2.amxx", version "1.0-beta")
L 11/26/2016 - 10:32:12: [AMXX] Run time error 1: forced exit 
L 11/26/2016 - 10:32:12: [AMXX]    [0] comp_timer2.sma::checkSQLConditions (line 179)
L 11/26/2016 - 10:32:12: [AMXX]    [1] comp_timer2.sma::SetUserSettings (line 157)
L 11/26/2016 - 10:54:48: Forward-ul nu s-a putut executa.
L 11/26/2016 - 10:54:48: [AMXX] Displaying debug trace (plugin "comp_timer2.amxx", version "1.0-beta")
L 11/26/2016 - 10:54:48: [AMXX] Run time error 1: forced exit 
L 11/26/2016 - 10:54:48: [AMXX]    [0] comp_timer2.sma::checkSQLConditions (line 179)
L 11/26/2016 - 10:54:48: [AMXX]    [1] comp_timer2.sma::checkIfNameExists (line 706)
L 11/26/2016 - 10:57:33: Forward-ul nu s-a putut executa.
L 11/26/2016 - 10:57:33: [AMXX] Displaying debug trace (plugin "comp_timer2.amxx", version "1.0-beta")
L 11/26/2016 - 10:57:33: [AMXX] Run time error 1: forced exit 
L 11/26/2016 - 10:57:33: [AMXX]    [0] comp_timer2.sma::checkSQLConditions (line 179)
L 11/26/2016 - 10:57:33: [AMXX]    [1] comp_timer2.sma::checkIfNameExists (line 706)
L 11/26/2016 - 10:58:26: Forward-ul nu s-a putut executa.
L 11/26/2016 - 10:58:26: [AMXX] Run time error 1 (plugin "allchat3.amxx") - forced exit
L 11/26/2016 - 10:59:02: Start of error session.
L 11/26/2016 - 10:59:02: Info (map "deathrun_kings_never_die") (file "addons/amxmodx/logs/error_20161126.log")
L 11/26/2016 - 10:59:02: Forward-ul nu s-a putut executa.
L 11/26/2016 - 10:59:02: [AMXX] Displaying debug trace (plugin "comp_timer2.amxx", version "1.0-beta")
L 11/26/2016 - 10:59:02: [AMXX] Run time error 1: forced exit 
L 11/26/2016 - 10:59:02: [AMXX]    [0] comp_timer2.sma::checkSQLConditions (line 179)
L 11/26/2016 - 10:59:02: [AMXX]    [1] comp_timer2.sma::SetUserSettings (line 157)
L 11/26/2016 - 10:59:03: Forward-ul nu s-a putut executa.
L 11/26/2016 - 10:59:03: [AMXX] Displaying debug trace (plugin "comp_timer2.amxx", version "1.0-beta")
L 11/26/2016 - 10:59:03: [AMXX] Run time error 1: forced exit 
L 11/26/2016 - 10:59:03: [AMXX]    [0] comp_timer2.sma::checkSQLConditions (line 179)
L 11/26/2016 - 10:59:03: [AMXX]    [1] comp_timer2.sma::SetUserSettings (line 157)
L 11/26/2016 - 12:20:47: Start of error session.
L 11/26/2016 - 12:20:47: Info (map "deathrun_demonlished_fix2") (file "addons/amxmodx/logs/error_20161126.log")
L 11/26/2016 - 12:20:47: Forward-ul nu s-a putut executa.
L 11/26/2016 - 12:20:47: [AMXX] Run time error 1 (plugin "allchat3.amxx") - forced exit
L 11/26/2016 - 13:51:51: Start of error session.
L 11/26/2016 - 13:51:51: Info (map "deathrun_forest") (file "addons/amxmodx/logs/error_20161126.log")
L 11/26/2016 - 13:51:51: Forward-ul nu s-a putut executa.
L 11/26/2016 - 13:51:51: [AMXX] Displaying debug trace (plugin "comp_timer2.amxx", version "1.0-beta")
L 11/26/2016 - 13:51:51: [AMXX] Run time error 1: forced exit 
L 11/26/2016 - 13:51:51: [AMXX]    [0] comp_timer2.sma::checkSQLConditions (line 179)
L 11/26/2016 - 13:51:51: [AMXX]    [1] comp_timer2.sma::SetUserSettings (line 157)
L 11/26/2016 - 13:51:51: Forward-ul nu s-a putut executa.
L 11/26/2016 - 13:51:51: [AMXX] Displaying debug trace (plugin "comp_timer2.amxx", version "1.0-beta")
L 11/26/2016 - 13:51:51: [AMXX] Run time error 1: forced exit 
L 11/26/2016 - 13:51:51: [AMXX]    [0] comp_timer2.sma::checkSQLConditions (line 179)
L 11/26/2016 - 13:51:51: [AMXX]    [1] comp_timer2.sma::SetUserSettings (line 157)
L 11/26/2016 - 13:51:51: Forward-ul nu s-a putut executa.
L 11/26/2016 - 13:51:51: [AMXX] Displaying debug trace (plugin "comp_timer2.amxx", version "1.0-beta")
L 11/26/2016 - 13:51:51: [AMXX] Run time error 1: forced exit 
L 11/26/2016 - 13:51:51: [AMXX]    [0] comp_timer2.sma::checkSQLConditions (line 179)
L 11/26/2016 - 13:51:51: [AMXX]    [1] comp_timer2.sma::SetUserSettings (line 157)
L 11/26/2016 - 13:51:54: Forward-ul nu s-a putut executa.
L 11/26/2016 - 13:51:54: [AMXX] Displaying debug trace (plugin "comp_timer2.amxx", version "1.0-beta")
L 11/26/2016 - 13:51:54: [AMXX] Run time error 1: forced exit 
L 11/26/2016 - 13:51:54: [AMXX]    [0] comp_timer2.sma::checkSQLConditions (line 179)
L 11/26/2016 - 13:51:54: [AMXX]    [1] comp_timer2.sma::SetUserSettings (line 157)
L 11/26/2016 - 14:19:44: Start of error session.
L 11/26/2016 - 14:19:44: Info (map "deathrun_bhopz_v2") (file "addons/amxmodx/logs/error_20161126.log")
L 11/26/2016 - 14:19:44: Forward-ul nu s-a putut executa.
L 11/26/2016 - 14:19:44: [AMXX] Displaying debug trace (plugin "comp_timer2.amxx", version "1.0-beta")
L 11/26/2016 - 14:19:44: [AMXX] Run time error 1: forced exit 
L 11/26/2016 - 14:19:44: [AMXX]    [0] comp_timer2.sma::checkSQLConditions (line 179)
L 11/26/2016 - 14:19:44: [AMXX]    [1] comp_timer2.sma::SetUserSettings (line 157)
L 11/26/2016 - 14:19:44: Forward-ul nu s-a putut executa.
L 11/26/2016 - 14:19:44: [AMXX] Displaying debug trace (plugin "comp_timer2.amxx", version "1.0-beta")
L 11/26/2016 - 14:19:44: [AMXX] Run time error 1: forced exit 
L 11/26/2016 - 14:19:44: [AMXX]    [0] comp_timer2.sma::checkSQLConditions (line 179)
L 11/26/2016 - 14:19:44: [AMXX]    [1] comp_timer2.sma::SetUserSettings (line 157)
L 11/26/2016 - 14:19:44: Forward-ul nu s-a putut executa.
L 11/26/2016 - 14:19:44: [AMXX] Displaying debug trace (plugin "comp_timer2.amxx", version "1.0-beta")
L 11/26/2016 - 14:19:44: [AMXX] Run time error 1: forced exit 
L 11/26/2016 - 14:19:44: [AMXX]    [0] comp_timer2.sma::checkSQLConditions (line 179)
L 11/26/2016 - 14:19:44: [AMXX]    [1] comp_timer2.sma::SetUserSettings (line 157)
L 11/26/2016 - 14:19:47: Forward-ul nu s-a putut executa.
L 11/26/2016 - 14:19:47: [AMXX] Displaying debug trace (plugin "comp_timer2.amxx", version "1.0-beta")
L 11/26/2016 - 14:19:47: [AMXX] Run time error 1: forced exit 
L 11/26/2016 - 14:19:47: [AMXX]    [0] comp_timer2.sma::checkSQLConditions (line 179)
L 11/26/2016 - 14:19:47: [AMXX]    [1] comp_timer2.sma::SetUserSettings (line 157)
L 11/26/2016 - 15:32:26: Start of error session.
L 11/26/2016 - 15:32:26: Info (map "deathrun_standup2") (file "addons/amxmodx/logs/error_20161126.log")
L 11/26/2016 - 15:32:26: Forward-ul nu s-a putut executa.
L 11/26/2016 - 15:32:26: [AMXX] Displaying debug trace (plugin "comp_timer2.amxx", version "1.0-beta")
L 11/26/2016 - 15:32:26: [AMXX] Run time error 1: forced exit 
L 11/26/2016 - 15:32:26: [AMXX]    [0] comp_timer2.sma::checkSQLConditions (line 179)
L 11/26/2016 - 15:32:26: [AMXX]    [1] comp_timer2.sma::SetUserSettings (line 157)
L 11/26/2016 - 15:32:26: Forward-ul nu s-a putut executa.
L 11/26/2016 - 15:32:26: [AMXX] Displaying debug trace (plugin "comp_timer2.amxx", version "1.0-beta")
L 11/26/2016 - 15:32:26: [AMXX] Run time error 1: forced exit 
L 11/26/2016 - 15:32:26: [AMXX]    [0] comp_timer2.sma::checkSQLConditions (line 179)
L 11/26/2016 - 15:32:26: [AMXX]    [1] comp_timer2.sma::SetUserSettings (line 157)
L 11/26/2016 - 15:32:27: Forward-ul nu s-a putut executa.
L 11/26/2016 - 15:32:27: [AMXX] Displaying debug trace (plugin "comp_timer2.amxx", version "1.0-beta")
L 11/26/2016 - 15:32:27: [AMXX] Run time error 1: forced exit 
L 11/26/2016 - 15:32:27: [AMXX]    [0] comp_timer2.sma::checkSQLConditions (line 179)
L 11/26/2016 - 15:32:27: [AMXX]    [1] comp_timer2.sma::SetUserSettings (line 157)
L 11/26/2016 - 15:32:29: Forward-ul nu s-a putut executa.
L 11/26/2016 - 15:32:29: [AMXX] Displaying debug trace (plugin "comp_timer2.amxx", version "1.0-beta")
L 11/26/2016 - 15:32:29: [AMXX] Run time error 1: forced exit 
L 11/26/2016 - 15:32:29: [AMXX]    [0] comp_timer2.sma::checkSQLConditions (line 179)
L 11/26/2016 - 15:32:29: [AMXX]    [1] comp_timer2.sma::SetUserSettings (line 157)
L 11/26/2016 - 15:50:46: Forward-ul nu s-a putut executa.
L 11/26/2016 - 15:50:46: [AMXX] Displaying debug trace (plugin "comp_timer2.amxx", version "1.0-beta")
L 11/26/2016 - 15:50:46: [AMXX] Run time error 1: forced exit 
L 11/26/2016 - 15:50:46: [AMXX]    [0] comp_timer2.sma::checkSQLConditions (line 179)
L 11/26/2016 - 15:50:46: [AMXX]    [1] comp_timer2.sma::SetUserSettings (line 157)
L 11/26/2016 - 15:50:46: Forward-ul nu s-a putut executa.
L 11/26/2016 - 15:50:46: [AMXX] Displaying debug trace (plugin "comp_timer2.amxx", version "1.0-beta")
L 11/26/2016 - 15:50:46: [AMXX] Run time error 1: forced exit 
L 11/26/2016 - 15:50:46: [AMXX]    [0] comp_timer2.sma::checkSQLConditions (line 179)
L 11/26/2016 - 15:50:46: [AMXX]    [1] comp_timer2.sma::SetUserSettings (line 157)
L 11/26/2016 - 15:50:46: Forward-ul nu s-a putut executa.
L 11/26/2016 - 15:50:46: [AMXX] Displaying debug trace (plugin "comp_timer2.amxx", version "1.0-beta")
L 11/26/2016 - 15:50:46: [AMXX] Run time error 1: forced exit 
L 11/26/2016 - 15:50:46: [AMXX]    [0] comp_timer2.sma::checkSQLConditions (line 179)
L 11/26/2016 - 15:50:46: [AMXX]    [1] comp_timer2.sma::SetUserSettings (line 157)
L 11/26/2016 - 22:14:38: Start of error session.
L 11/26/2016 - 22:14:38: Info (map "deathrun_badblood") (file "addons/amxmodx/logs/error_20161126.log")
L 11/26/2016 - 22:14:38: Forward-ul nu s-a putut executa.
L 11/26/2016 - 22:14:38: [AMXX] Displaying debug trace (plugin "comp_timer2.amxx", version "1.0-beta")
L 11/26/2016 - 22:14:38: [AMXX] Run time error 1: forced exit 
L 11/26/2016 - 22:14:38: [AMXX]    [0] comp_timer2.sma::checkSQLConditions (line 179)
L 11/26/2016 - 22:14:38: [AMXX]    [1] comp_timer2.sma::SetUserSettings (line 157)
L 11/26/2016 - 22:14:38: Forward-ul nu s-a putut executa.
L 11/26/2016 - 22:14:38: [AMXX] Displaying debug trace (plugin "comp_timer2.amxx", version "1.0-beta")
L 11/26/2016 - 22:14:38: [AMXX] Run time error 1: forced exit 
L 11/26/2016 - 22:14:38: [AMXX]    [0] comp_timer2.sma::checkSQLConditions (line 179)
L 11/26/2016 - 22:14:38: [AMXX]    [1] comp_timer2.sma::SetUserSettings (line 157)
L 11/26/2016 - 22:14:38: Forward-ul nu s-a putut executa.
L 11/26/2016 - 22:14:38: [AMXX] Displaying debug trace (plugin "comp_timer2.amxx", version "1.0-beta")
L 11/26/2016 - 22:14:38: [AMXX] Run time error 1: forced exit 
L 11/26/2016 - 22:14:38: [AMXX]    [0] comp_timer2.sma::checkSQLConditions (line 179)
L 11/26/2016 - 22:14:38: [AMXX]    [1] comp_timer2.sma::SetUserSettings (line 157)
L 11/26/2016 - 22:14:41: Forward-ul nu s-a putut executa.
L 11/26/2016 - 22:14:41: [AMXX] Displaying debug trace (plugin "comp_timer2.amxx", version "1.0-beta")
L 11/26/2016 - 22:14:41: [AMXX] Run time error 1: forced exit 
L 11/26/2016 - 22:14:41: [AMXX]    [0] comp_timer2.sma::checkSQLConditions (line 179)
L 11/26/2016 - 22:14:41: [AMXX]    [1] comp_timer2.sma::SetUserSettings (line 157)
L 11/26/2016 - 22:19:41: Forward-ul nu s-a putut executa.
L 11/26/2016 - 22:19:41: [AMXX] Displaying debug trace (plugin "comp_timer2.amxx", version "1.0-beta")
L 11/26/2016 - 22:19:41: [AMXX] Run time error 1: forced exit 
L 11/26/2016 - 22:19:41: [AMXX]    [0] comp_timer2.sma::checkSQLConditions (line 179)
L 11/26/2016 - 22:19:41: [AMXX]    [1] comp_timer2.sma::SetUserSettings (line 157)
L 11/26/2016 - 22:19:41: Forward-ul nu s-a putut executa.
L 11/26/2016 - 22:19:41: [AMXX] Displaying debug trace (plugin "comp_timer2.amxx", version "1.0-beta")
L 11/26/2016 - 22:19:41: [AMXX] Run time error 1: forced exit 
L 11/26/2016 - 22:19:41: [AMXX]    [0] comp_timer2.sma::checkSQLConditions (line 179)
L 11/26/2016 - 22:19:41: [AMXX]    [1] comp_timer2.sma::SetUserSettings (line 157)
L 11/26/2016 - 22:19:45: Forward-ul nu s-a putut executa.
L 11/26/2016 - 22:19:45: [AMXX] Displaying debug trace (plugin "comp_timer2.amxx", version "1.0-beta")
L 11/26/2016 - 22:19:45: [AMXX] Run time error 1: forced exit 
L 11/26/2016 - 22:19:45: [AMXX]    [0] comp_timer2.sma::checkSQLConditions (line 179)
L 11/26/2016 - 22:19:45: [AMXX]    [1] comp_timer2.sma::SetUserSettings (line 157)
L 11/26/2016 - 22:34:57: Forward-ul nu s-a putut executa.
L 11/26/2016 - 22:34:57: [AMXX] Displaying debug trace (plugin "comp_timer2.amxx", version "1.0-beta")
L 11/26/2016 - 22:34:57: [AMXX] Run time error 1: forced exit 
L 11/26/2016 - 22:34:57: [AMXX]    [0] comp_timer2.sma::checkSQLConditions (line 179)
L 11/26/2016 - 22:34:57: [AMXX]    [1] comp_timer2.sma::checkIfNameExists (line 706)
L 11/26/2016 - 22:40:30: Start of error session.
L 11/26/2016 - 22:40:30: Info (map "deathrun_bhopz_v2") (file "addons/amxmodx/logs/error_20161126.log")
L 11/26/2016 - 22:40:30: Forward-ul nu s-a putut executa.
L 11/26/2016 - 22:40:30: [AMXX] Displaying debug trace (plugin "comp_timer2.amxx", version "1.0-beta")
L 11/26/2016 - 22:40:30: [AMXX] Run time error 1: forced exit 
L 11/26/2016 - 22:40:30: [AMXX]    [0] comp_timer2.sma::checkSQLConditions (line 179)
L 11/26/2016 - 22:40:30: [AMXX]    [1] comp_timer2.sma::SetUserSettings (line 157)
L 11/26/2016 - 22:45:01: Forward-ul nu s-a putut executa.
L 11/26/2016 - 22:45:01: [AMXX] Displaying debug trace (plugin "comp_timer2.amxx", version "1.0-beta")
L 11/26/2016 - 22:45:01: [AMXX] Run time error 1: forced exit 
L 11/26/2016 - 22:45:01: [AMXX]    [0] comp_timer2.sma::checkSQLConditions (line 179)
L 11/26/2016 - 22:45:01: [AMXX]    [1] comp_timer2.sma::SetUserSettings (line 157)
L 11/26/2016 - 22:45:01: Forward-ul nu s-a putut executa.
L 11/26/2016 - 22:45:01: [AMXX] Displaying debug trace (plugin "comp_timer2.amxx", version "1.0-beta")
L 11/26/2016 - 22:45:01: [AMXX] Run time error 1: forced exit 
L 11/26/2016 - 22:45:01: [AMXX]    [0] comp_timer2.sma::checkSQLConditions (line 179)
L 11/26/2016 - 22:45:01: [AMXX]    [1] comp_timer2.sma::SetUserSettings (line 157)
L 11/26/2016 - 23:25:49: Start of error session.
L 11/26/2016 - 23:25:49: Info (map "deathrun_challenge_x") (file "addons/amxmodx/logs/error_20161126.log")
L 11/26/2016 - 23:25:49: Forward-ul nu s-a putut executa.
L 11/26/2016 - 23:25:49: [AMXX] Displaying debug trace (plugin "comp_timer2.amxx", version "1.0-beta")
L 11/26/2016 - 23:25:49: [AMXX] Run time error 1: forced exit 
L 11/26/2016 - 23:25:49: [AMXX]    [0] comp_timer2.sma::checkSQLConditions (line 179)
L 11/26/2016 - 23:25:49: [AMXX]    [1] comp_timer2.sma::SetUserSettings (line 157)
L 11/26/2016 - 23:25:49: Forward-ul nu s-a putut executa.
L 11/26/2016 - 23:25:49: [AMXX] Displaying debug trace (plugin "comp_timer2.amxx", version "1.0-beta")
L 11/26/2016 - 23:25:49: [AMXX] Run time error 1: forced exit 
L 11/26/2016 - 23:25:49: [AMXX]    [0] comp_timer2.sma::checkSQLConditions (line 179)
L 11/26/2016 - 23:25:49: [AMXX]    [1] comp_timer2.sma::SetUserSettings (line 157)
L 11/26/2016 - 23:25:49: Forward-ul nu s-a putut executa.
L 11/26/2016 - 23:25:49: [AMXX] Displaying debug trace (plugin "comp_timer2.amxx", version "1.0-beta")
L 11/26/2016 - 23:25:49: [AMXX] Run time error 1: forced exit 
L 11/26/2016 - 23:25:49: [AMXX]    [0] comp_timer2.sma::checkSQLConditions (line 179)
L 11/26/2016 - 23:25:49: [AMXX]    [1] comp_timer2.sma::SetUserSettings (line 157)
L 11/26/2016 - 23:25:52: Forward-ul nu s-a putut executa.
L 11/26/2016 - 23:25:52: [AMXX] Displaying debug trace (plugin "comp_timer2.amxx", version "1.0-beta")
L 11/26/2016 - 23:25:52: [AMXX] Run time error 1: forced exit 
L 11/26/2016 - 23:25:52: [AMXX]    [0] comp_timer2.sma::checkSQLConditions (line 179)
L 11/26/2016 - 23:25:52: [AMXX]    [1] comp_timer2.sma::SetUserSettings (line 157)
