L 01/07/2017 - 14:09:16: Start of error session.
L 01/07/2017 - 14:09:16: Info (map "deathrun_latexx") (file "addons/amxmodx/logs/error_20170107.log")
L 01/07/2017 - 14:09:16: [FAKEMETA] Invalid entity
L 01/07/2017 - 14:09:16: [AMXX] Displaying debug trace (plugin "use_button_once.amxx", version "1.3")
L 01/07/2017 - 14:09:16: [AMXX] Run time error 10: native error (native "pev")
L 01/07/2017 - 14:09:16: [AMXX]    [0] use_button_once.sma::get_ent_index (line 225)
L 01/07/2017 - 14:09:16: [AMXX]    [1] use_button_once.sma::set_start_value (line 212)
L 01/07/2017 - 14:09:16: [AMXX]    [2] use_button_once.sma::plugin_cfg (line 173)
L 01/07/2017 - 16:31:01: Start of error session.
L 01/07/2017 - 16:31:01: Info (map "deathrun_challenge_x") (file "addons/amxmodx/logs/error_20170107.log")
L 01/07/2017 - 16:31:01: Forward-ul nu s-a putut executa.
L 01/07/2017 - 16:31:01: [AMXX] Run time error 1 (plugin "gravity.amxx") - forced exit
L 01/07/2017 - 17:47:34: Start of error session.
L 01/07/2017 - 17:47:34: Info (map "deathrun_expres-winter") (file "addons/amxmodx/logs/error_20170107.log")
L 01/07/2017 - 17:47:34: Forward-ul nu s-a putut executa.
L 01/07/2017 - 17:47:34: [AMXX] Run time error 1 (plugin "pistols_sql.amxx") - forced exit
L 01/07/2017 - 17:47:34: Forward-ul nu s-a putut executa.
L 01/07/2017 - 17:47:34: [AMXX] Run time error 1 (plugin "pistols_sql.amxx") - forced exit
L 01/07/2017 - 21:02:01: Start of error session.
L 01/07/2017 - 21:02:01: Info (map "deathrun_latexx") (file "addons/amxmodx/logs/error_20170107.log")
L 01/07/2017 - 21:02:01: [FAKEMETA] Invalid entity
L 01/07/2017 - 21:02:01: [AMXX] Displaying debug trace (plugin "use_button_once.amxx", version "1.3")
L 01/07/2017 - 21:02:01: [AMXX] Run time error 10: native error (native "pev")
L 01/07/2017 - 21:02:01: [AMXX]    [0] use_button_once.sma::get_ent_index (line 225)
L 01/07/2017 - 21:02:01: [AMXX]    [1] use_button_once.sma::set_start_value (line 212)
L 01/07/2017 - 21:02:01: [AMXX]    [2] use_button_once.sma::plugin_cfg (line 173)
