L 12/19/2016 - 01:42:20: Start of error session.
L 12/19/2016 - 01:42:20: Info (map "deathrun_laikiux_dev") (file "addons/amxmodx/logs/error_20161219.log")
L 12/19/2016 - 01:42:20: Forward-ul nu s-a putut executa.
L 12/19/2016 - 01:42:20: [AMXX] Run time error 1 (plugin "allchat3.amxx") - forced exit
L 12/19/2016 - 13:23:10: Start of error session.
L 12/19/2016 - 13:23:10: Info (map "deathrun_blabla_hard") (file "addons/amxmodx/logs/error_20161219.log")
L 12/19/2016 - 13:23:10: Forward-ul nu s-a putut executa.
L 12/19/2016 - 13:23:10: [AMXX] Run time error 1 (plugin "allchat3.amxx") - forced exit
L 12/19/2016 - 14:00:43: Start of error session.
L 12/19/2016 - 14:00:43: Info (map "deathrun_challenge_x") (file "addons/amxmodx/logs/error_20161219.log")
L 12/19/2016 - 14:00:43: Forward-ul nu s-a putut executa.
L 12/19/2016 - 14:00:43: [AMXX] Run time error 1 (plugin "allchat3.amxx") - forced exit
L 12/19/2016 - 19:45:59: Start of error session.
L 12/19/2016 - 19:45:59: Info (map "deathrun_av2009_recolored-ez") (file "addons/amxmodx/logs/error_20161219.log")
L 12/19/2016 - 19:45:59: Forward-ul nu s-a putut executa.
L 12/19/2016 - 19:45:59: [AMXX] Run time error 1 (plugin "allchat3.amxx") - forced exit
L 12/19/2016 - 20:15:12: Start of error session.
L 12/19/2016 - 20:15:12: Info (map "deathrun_inferno_beta1") (file "addons/amxmodx/logs/error_20161219.log")
L 12/19/2016 - 20:15:12: Forward-ul nu s-a putut executa.
L 12/19/2016 - 20:15:12: [AMXX] Run time error 1 (plugin "allchat3.amxx") - forced exit
L 12/19/2016 - 21:57:53: Start of error session.
L 12/19/2016 - 21:57:53: Info (map "deathrun_hybrid") (file "addons/amxmodx/logs/error_20161219.log")
L 12/19/2016 - 21:57:53: Forward-ul nu s-a putut executa.
L 12/19/2016 - 21:57:53: [AMXX] Run time error 1 (plugin "allchat3.amxx") - forced exit
