L 12/04/2016 - 01:01:14: Start of error session.
L 12/04/2016 - 01:01:14: Info (map "deathrun_latexx") (file "addons/amxmodx/logs/error_20161204.log")
L 12/04/2016 - 01:01:14: [FAKEMETA] Invalid entity
L 12/04/2016 - 01:01:14: [AMXX] Displaying debug trace (plugin "use_button_once.amxx", version "1.3")
L 12/04/2016 - 01:01:14: [AMXX] Run time error 10: native error (native "pev")
L 12/04/2016 - 01:01:14: [AMXX]    [0] use_button_once.sma::get_ent_index (line 225)
L 12/04/2016 - 01:01:14: [AMXX]    [1] use_button_once.sma::set_start_value (line 212)
L 12/04/2016 - 01:01:14: [AMXX]    [2] use_button_once.sma::plugin_cfg (line 173)
L 12/04/2016 - 10:42:55: Start of error session.
L 12/04/2016 - 10:42:55: Info (map "deathrun_bhopz_v2") (file "addons/amxmodx/logs/error_20161204.log")
L 12/04/2016 - 10:42:55: Forward-ul nu s-a putut executa.
L 12/04/2016 - 10:42:55: [AMXX] Run time error 1 (plugin "allchat3.amxx") - forced exit
L 12/04/2016 - 13:51:24: Start of error session.
L 12/04/2016 - 13:51:24: Info (map "deathrun_xstrafers") (file "addons/amxmodx/logs/error_20161204.log")
L 12/04/2016 - 13:51:24: Forward-ul nu s-a putut executa.
L 12/04/2016 - 13:51:24: [AMXX] Displaying debug trace (plugin "comp_timer2.amxx", version "1.0-beta")
L 12/04/2016 - 13:51:24: [AMXX] Run time error 1: forced exit 
L 12/04/2016 - 13:51:24: [AMXX]    [0] comp_timer2.sma::checkSQLConditions (line 179)
L 12/04/2016 - 13:51:24: [AMXX]    [1] comp_timer2.sma::SetUserSettings (line 157)
L 12/04/2016 - 13:51:24: Forward-ul nu s-a putut executa.
L 12/04/2016 - 13:51:24: [AMXX] Displaying debug trace (plugin "comp_timer2.amxx", version "1.0-beta")
L 12/04/2016 - 13:51:24: [AMXX] Run time error 1: forced exit 
L 12/04/2016 - 13:51:24: [AMXX]    [0] comp_timer2.sma::checkSQLConditions (line 179)
L 12/04/2016 - 13:51:24: [AMXX]    [1] comp_timer2.sma::SetUserSettings (line 157)
L 12/04/2016 - 13:52:02: Forward-ul nu s-a putut executa.
L 12/04/2016 - 13:52:02: [AMXX] Displaying debug trace (plugin "comp_timer2.amxx", version "1.0-beta")
L 12/04/2016 - 13:52:02: [AMXX] Run time error 1: forced exit 
L 12/04/2016 - 13:52:02: [AMXX]    [0] comp_timer2.sma::checkSQLConditions (line 179)
L 12/04/2016 - 13:52:02: [AMXX]    [1] comp_timer2.sma::SetUserSettings (line 157)
L 12/04/2016 - 13:52:02: Forward-ul nu s-a putut executa.
L 12/04/2016 - 13:52:02: [AMXX] Displaying debug trace (plugin "comp_timer2.amxx", version "1.0-beta")
L 12/04/2016 - 13:52:02: [AMXX] Run time error 1: forced exit 
L 12/04/2016 - 13:52:02: [AMXX]    [0] comp_timer2.sma::checkSQLConditions (line 179)
L 12/04/2016 - 13:52:02: [AMXX]    [1] comp_timer2.sma::SetUserSettings (line 157)
L 12/04/2016 - 13:52:09: Forward-ul nu s-a putut executa.
L 12/04/2016 - 13:52:09: [AMXX] Displaying debug trace (plugin "comp_timer2.amxx", version "1.0-beta")
L 12/04/2016 - 13:52:09: [AMXX] Run time error 1: forced exit 
L 12/04/2016 - 13:52:09: [AMXX]    [0] comp_timer2.sma::checkSQLConditions (line 179)
L 12/04/2016 - 13:52:09: [AMXX]    [1] comp_timer2.sma::SetUserSettings (line 157)
L 12/04/2016 - 16:32:20: Start of error session.
L 12/04/2016 - 16:32:20: Info (map "deathrun_sentinel") (file "addons/amxmodx/logs/error_20161204.log")
L 12/04/2016 - 16:32:20: Forward-ul nu s-a putut executa.
L 12/04/2016 - 16:32:20: [AMXX] Displaying debug trace (plugin "comp_timer2.amxx", version "1.0-beta")
L 12/04/2016 - 16:32:20: [AMXX] Run time error 1: forced exit 
L 12/04/2016 - 16:32:20: [AMXX]    [0] comp_timer2.sma::checkSQLConditions (line 179)
L 12/04/2016 - 16:32:20: [AMXX]    [1] comp_timer2.sma::SetUserSettings (line 157)
L 12/04/2016 - 16:32:20: Forward-ul nu s-a putut executa.
L 12/04/2016 - 16:32:20: [AMXX] Displaying debug trace (plugin "comp_timer2.amxx", version "1.0-beta")
L 12/04/2016 - 16:32:20: [AMXX] Run time error 1: forced exit 
L 12/04/2016 - 16:32:20: [AMXX]    [0] comp_timer2.sma::checkSQLConditions (line 179)
L 12/04/2016 - 16:32:20: [AMXX]    [1] comp_timer2.sma::SetUserSettings (line 157)
L 12/04/2016 - 16:32:20: Forward-ul nu s-a putut executa.
L 12/04/2016 - 16:32:20: [AMXX] Displaying debug trace (plugin "comp_timer2.amxx", version "1.0-beta")
L 12/04/2016 - 16:32:20: [AMXX] Run time error 1: forced exit 
L 12/04/2016 - 16:32:20: [AMXX]    [0] comp_timer2.sma::checkSQLConditions (line 179)
L 12/04/2016 - 16:32:20: [AMXX]    [1] comp_timer2.sma::SetUserSettings (line 157)
L 12/04/2016 - 16:36:38: Forward-ul nu s-a putut executa.
L 12/04/2016 - 16:36:38: [AMXX] Displaying debug trace (plugin "comp_timer2.amxx", version "1.0-beta")
L 12/04/2016 - 16:36:38: [AMXX] Run time error 1: forced exit 
L 12/04/2016 - 16:36:38: [AMXX]    [0] comp_timer2.sma::checkSQLConditions (line 179)
L 12/04/2016 - 16:36:38: [AMXX]    [1] comp_timer2.sma::SetUserSettings (line 157)
L 12/04/2016 - 18:36:43: Start of error session.
L 12/04/2016 - 18:36:43: Info (map "deathrun_psihocube") (file "addons/amxmodx/logs/error_20161204.log")
L 12/04/2016 - 18:36:43: [AMXX] Plugin ("allchat3.amxx") is setting itself as failed.
L 12/04/2016 - 18:36:43: [AMXX] Plugin says: Can't connect to MySQL server on '89.40.104.2' (4)
L 12/04/2016 - 18:36:43: [AMXX] Run time error 1 (plugin "allchat3.amxx") - forced exit
L 12/04/2016 - 18:36:43: Forward-ul nu s-a putut executa.
L 12/04/2016 - 18:36:43: [AMXX] Run time error 1 (plugin "allchat3.amxx") - forced exit
L 12/04/2016 - 19:17:37: Start of error session.
L 12/04/2016 - 19:17:37: Info (map "deathrun_forest") (file "addons/amxmodx/logs/error_20161204.log")
L 12/04/2016 - 19:17:37: Forward-ul nu s-a putut executa.
L 12/04/2016 - 19:17:37: [AMXX] Displaying debug trace (plugin "comp_timer2.amxx", version "1.0-beta")
L 12/04/2016 - 19:17:37: [AMXX] Run time error 1: forced exit 
L 12/04/2016 - 19:17:37: [AMXX]    [0] comp_timer2.sma::checkSQLConditions (line 179)
L 12/04/2016 - 19:17:37: [AMXX]    [1] comp_timer2.sma::addInSql (line 750)
L 12/04/2016 - 20:07:37: Start of error session.
L 12/04/2016 - 20:07:37: Info (map "deathrun_caves") (file "addons/amxmodx/logs/error_20161204.log")
L 12/04/2016 - 20:07:37: Forward-ul nu s-a putut executa.
L 12/04/2016 - 20:07:37: [AMXX] Displaying debug trace (plugin "comp_timer2.amxx", version "1.0-beta")
L 12/04/2016 - 20:07:37: [AMXX] Run time error 1: forced exit 
L 12/04/2016 - 20:07:37: [AMXX]    [0] comp_timer2.sma::checkSQLConditions (line 179)
L 12/04/2016 - 20:07:37: [AMXX]    [1] comp_timer2.sma::SetUserSettings (line 157)
L 12/04/2016 - 20:07:37: Forward-ul nu s-a putut executa.
L 12/04/2016 - 20:07:37: [AMXX] Displaying debug trace (plugin "comp_timer2.amxx", version "1.0-beta")
L 12/04/2016 - 20:07:37: [AMXX] Run time error 1: forced exit 
L 12/04/2016 - 20:07:37: [AMXX]    [0] comp_timer2.sma::checkSQLConditions (line 179)
L 12/04/2016 - 20:07:37: [AMXX]    [1] comp_timer2.sma::SetUserSettings (line 157)
L 12/04/2016 - 20:07:40: Forward-ul nu s-a putut executa.
L 12/04/2016 - 20:07:40: [AMXX] Displaying debug trace (plugin "comp_timer2.amxx", version "1.0-beta")
L 12/04/2016 - 20:07:40: [AMXX] Run time error 1: forced exit 
L 12/04/2016 - 20:07:40: [AMXX]    [0] comp_timer2.sma::checkSQLConditions (line 179)
L 12/04/2016 - 20:07:40: [AMXX]    [1] comp_timer2.sma::SetUserSettings (line 157)
L 12/04/2016 - 20:10:59: Forward-ul nu s-a putut executa.
L 12/04/2016 - 20:10:59: [AMXX] Displaying debug trace (plugin "comp_timer2.amxx", version "1.0-beta")
L 12/04/2016 - 20:10:59: [AMXX] Run time error 1: forced exit 
L 12/04/2016 - 20:10:59: [AMXX]    [0] comp_timer2.sma::checkSQLConditions (line 179)
L 12/04/2016 - 20:10:59: [AMXX]    [1] comp_timer2.sma::checkIfNameExists (line 706)
L 12/04/2016 - 20:15:45: Forward-ul nu s-a putut executa.
L 12/04/2016 - 20:15:45: [AMXX] Displaying debug trace (plugin "comp_timer2.amxx", version "1.0-beta")
L 12/04/2016 - 20:15:45: [AMXX] Run time error 1: forced exit 
L 12/04/2016 - 20:15:45: [AMXX]    [0] comp_timer2.sma::checkSQLConditions (line 179)
L 12/04/2016 - 20:15:45: [AMXX]    [1] comp_timer2.sma::checkIfNameExists (line 706)
L 12/04/2016 - 20:16:52: Forward-ul nu s-a putut executa.
L 12/04/2016 - 20:16:52: [AMXX] Displaying debug trace (plugin "comp_timer2.amxx", version "1.0-beta")
L 12/04/2016 - 20:16:52: [AMXX] Run time error 1: forced exit 
L 12/04/2016 - 20:16:52: [AMXX]    [0] comp_timer2.sma::checkSQLConditions (line 179)
L 12/04/2016 - 20:16:52: [AMXX]    [1] comp_timer2.sma::checkIfNameExists (line 706)
L 12/04/2016 - 20:39:42: Start of error session.
L 12/04/2016 - 20:39:42: Info (map "deathrun_pacman_v2") (file "addons/amxmodx/logs/error_20161204.log")
L 12/04/2016 - 20:39:42: Forward-ul nu s-a putut executa.
L 12/04/2016 - 20:39:42: [AMXX] Run time error 1 (plugin "allchat3.amxx") - forced exit
L 12/04/2016 - 22:11:32: Start of error session.
L 12/04/2016 - 22:11:32: Info (map "deathrun_clarion_dojo_b3") (file "addons/amxmodx/logs/error_20161204.log")
L 12/04/2016 - 22:11:32: Forward-ul nu s-a putut executa.
L 12/04/2016 - 22:11:32: [AMXX] Displaying debug trace (plugin "comp_timer2.amxx", version "1.0-beta")
L 12/04/2016 - 22:11:32: [AMXX] Run time error 1: forced exit 
L 12/04/2016 - 22:11:32: [AMXX]    [0] comp_timer2.sma::checkSQLConditions (line 179)
L 12/04/2016 - 22:11:32: [AMXX]    [1] comp_timer2.sma::SetUserSettings (line 157)
L 12/04/2016 - 22:11:32: Forward-ul nu s-a putut executa.
L 12/04/2016 - 22:11:32: [AMXX] Displaying debug trace (plugin "comp_timer2.amxx", version "1.0-beta")
L 12/04/2016 - 22:11:32: [AMXX] Run time error 1: forced exit 
L 12/04/2016 - 22:11:32: [AMXX]    [0] comp_timer2.sma::checkSQLConditions (line 179)
L 12/04/2016 - 22:11:32: [AMXX]    [1] comp_timer2.sma::SetUserSettings (line 157)
L 12/04/2016 - 22:11:33: Forward-ul nu s-a putut executa.
L 12/04/2016 - 22:11:33: [AMXX] Displaying debug trace (plugin "comp_timer2.amxx", version "1.0-beta")
L 12/04/2016 - 22:11:33: [AMXX] Run time error 1: forced exit 
L 12/04/2016 - 22:11:33: [AMXX]    [0] comp_timer2.sma::checkSQLConditions (line 179)
L 12/04/2016 - 22:11:33: [AMXX]    [1] comp_timer2.sma::SetUserSettings (line 157)
L 12/04/2016 - 22:11:44: Forward-ul nu s-a putut executa.
L 12/04/2016 - 22:11:44: [AMXX] Displaying debug trace (plugin "comp_timer2.amxx", version "1.0-beta")
L 12/04/2016 - 22:11:44: [AMXX] Run time error 1: forced exit 
L 12/04/2016 - 22:11:44: [AMXX]    [0] comp_timer2.sma::checkSQLConditions (line 179)
L 12/04/2016 - 22:11:44: [AMXX]    [1] comp_timer2.sma::SetUserSettings (line 157)
