L 03/07/2017 - 00:02:38: [admin.amxx] Login: "SWAGGIE. XD<907><VALVE_0:4:862961770><>" became an admin (account "SWAGGIE. XD") (access "bi") (address "109.98.131.207")
L 03/07/2017 - 00:04:28: [admin.amxx] Login: "J.Smith<908><STEAM_0:0:59563675><>" became an admin (account "J.Smith") (access "bi") (address "109.185.5.238")
L 03/07/2017 - 00:14:23: [slayafk.amxx] tiganu a primit slay, deoarece a fost afk mai mult de 30 secunde
L 03/07/2017 - 00:15:59: -------- Mapchange to deathrun_isle_beta1 --------
L 03/07/2017 - 00:16:01: [AMXX] Failed to open dictionary file: cstrike/addons/amxmodx/data/lang/walkguard.txt
L 03/07/2017 - 00:16:02: [walkguard.amxx] no zone-file found
L 03/07/2017 - 00:45:36: -------- Mapchange to deathrun_finland --------
L 03/07/2017 - 00:45:37: [AMXX] Failed to open dictionary file: cstrike/addons/amxmodx/data/lang/walkguard.txt
L 03/07/2017 - 00:45:38: [walkguard.amxx] no zone-file found
L 03/07/2017 - 00:49:03: [slayafk.amxx] [FaNtA]StIc. a primit slay, deoarece a fost afk mai mult de 30 secunde
L 03/07/2017 - 00:50:27: [admincmd.amxx] Cmd: "Dr.FioriGinal.Ro ~ Server Clasi<0><><>" slay "syntynyt<924><STEAM_0:0:15949717><>"
L 03/07/2017 - 00:50:35: [admincmd.amxx] Cmd: "Dr.FioriGinal.Ro ~ Server Clasi<0><><>" slay "syntynyt<925><STEAM_0:0:15949717><>"
L 03/07/2017 - 01:05:31: [admincmd.amxx] Cmd: "Dr.FioriGinal.Ro ~ Server Clasi<0><><>" slay "syntynyt<927><STEAM_0:0:15949717><>"
L 03/07/2017 - 01:06:39: [admincmd.amxx] Cmd: "Dr.FioriGinal.Ro ~ Server Clasi<0><><>" slay "syntynyt<930><STEAM_0:0:15949717><>"
L 03/07/2017 - 01:08:28: [admincmd.amxx] Cmd: "Dr.FioriGinal.Ro ~ Server Clasi<0><><>" slay "DarkWalkerz # brazzer^s.<932><VALVE_0:4:1806048900><>"
L 03/07/2017 - 01:12:33: [admincmd.amxx] Cmd: "Dr.FioriGinal.Ro ~ Server Clasi<0><><>" slay "syntynyt<934><STEAM_0:0:15949717><>"
L 03/07/2017 - 01:16:01: [admin.amxx] Login: "SWAGGIE. XD<935><VALVE_0:4:862961770><>" became an admin (account "SWAGGIE. XD") (access "bi") (address "109.98.131.207")
L 03/07/2017 - 01:16:58: -------- Mapchange to deathrun_insider --------
L 03/07/2017 - 01:17:00: [AMXX] Failed to open dictionary file: cstrike/addons/amxmodx/data/lang/walkguard.txt
L 03/07/2017 - 01:17:01: [walkguard.amxx] no zone-file found
L 03/07/2017 - 01:17:01: [admin.amxx] Login: "SWAGGIE. XD<935><VALVE_0:4:862961770><>" became an admin (account "SWAGGIE. XD") (access "bi") (address "109.98.131.207")
L 03/07/2017 - 01:17:02: [admin.amxx] Login: "SWAGGIE. XD<936><VALVE_0:4:862961770><>" became an admin (account "SWAGGIE. XD") (access "bi") (address "109.98.131.207")
L 03/07/2017 - 01:17:27: [admincmd.amxx] Cmd: "Dr.FioriGinal.Ro ~ Server Clasi<0><><>" slay "syntynyt<941><STEAM_0:0:15949717><>"
L 03/07/2017 - 01:38:38: [admincmd.amxx] Cmd: "Dr.FioriGinal.Ro ~ Server Clasi<0><><>" slay "syntynyt<944><STEAM_0:0:15949717><>"
L 03/07/2017 - 01:42:23: -------- Mapchange to deathrun_snow_wind_v2 --------
L 03/07/2017 - 01:42:25: [AMXX] Failed to open dictionary file: cstrike/addons/amxmodx/data/lang/walkguard.txt
L 03/07/2017 - 01:42:26: [walkguard.amxx] no zone-file found
L 03/07/2017 - 02:22:54: -------- Mapchange to deathrun_astro --------
L 03/07/2017 - 02:22:56: [AMXX] Failed to open dictionary file: cstrike/addons/amxmodx/data/lang/walkguard.txt
L 03/07/2017 - 02:22:58: [walkguard.amxx] no zone-file found
L 03/07/2017 - 02:48:07: -------- Mapchange to deathrun_lies_f --------
L 03/07/2017 - 02:48:09: [AMXX] Failed to open dictionary file: cstrike/addons/amxmodx/data/lang/walkguard.txt
L 03/07/2017 - 02:48:10: [walkguard.amxx] no zone-file found
L 03/07/2017 - 03:26:00: -------- Mapchange to deathrun_minecraft_final --------
L 03/07/2017 - 03:26:01: [AMXX] Failed to open dictionary file: cstrike/addons/amxmodx/data/lang/walkguard.txt
L 03/07/2017 - 03:26:02: [walkguard.amxx] no zone-file found
L 03/07/2017 - 03:51:17: -------- Mapchange to deathrun_latexx --------
L 03/07/2017 - 03:51:18: [AMXX] Failed to open dictionary file: cstrike/addons/amxmodx/data/lang/walkguard.txt
L 03/07/2017 - 03:51:19: [walkguard.amxx] no zone-file found
L 03/07/2017 - 04:48:07: -------- Mapchange to deathrun_kolor_v2 --------
L 03/07/2017 - 04:48:09: [AMXX] Failed to open dictionary file: cstrike/addons/amxmodx/data/lang/walkguard.txt
L 03/07/2017 - 04:48:10: [walkguard.amxx] no zone-file found
L 03/07/2017 - 05:13:28: -------- Mapchange to deathrun_jinglebells --------
L 03/07/2017 - 05:13:30: [AMXX] Failed to open dictionary file: cstrike/addons/amxmodx/data/lang/walkguard.txt
L 03/07/2017 - 05:13:31: [walkguard.amxx] no zone-file found
L 03/07/2017 - 05:46:05: -------- Mapchange to deathrun_wild --------
L 03/07/2017 - 05:46:06: [AMXX] Failed to open dictionary file: cstrike/addons/amxmodx/data/lang/walkguard.txt
L 03/07/2017 - 05:46:07: [walkguard.amxx] no zone-file found
L 03/07/2017 - 06:16:28: -------- Mapchange to deathrun_all_green --------
L 03/07/2017 - 06:16:30: [AMXX] Failed to open dictionary file: cstrike/addons/amxmodx/data/lang/walkguard.txt
L 03/07/2017 - 06:16:31: [walkguard.amxx] no zone-file found
L 03/07/2017 - 08:01:15: -------- Mapchange to deathrun_av2009 --------
L 03/07/2017 - 08:01:16: [AMXX] Failed to open dictionary file: cstrike/addons/amxmodx/data/lang/walkguard.txt
L 03/07/2017 - 08:01:17: [walkguard.amxx] no zone-file found
L 03/07/2017 - 09:03:55: -------- Mapchange to deathrun_insider --------
L 03/07/2017 - 09:03:57: [AMXX] Failed to open dictionary file: cstrike/addons/amxmodx/data/lang/walkguard.txt
L 03/07/2017 - 09:03:58: [walkguard.amxx] no zone-file found
L 03/07/2017 - 09:51:26: -------- Mapchange to deathrun_hell1337_final --------
L 03/07/2017 - 09:51:28: [AMXX] Failed to open dictionary file: cstrike/addons/amxmodx/data/lang/walkguard.txt
L 03/07/2017 - 09:51:29: [walkguard.amxx] no zone-file found
L 03/07/2017 - 10:02:13: [slayafk.amxx] Weebo. a primit slay, deoarece a fost afk mai mult de 30 secunde
L 03/07/2017 - 10:02:58: [slayafk.amxx] Weebo. a primit slay, deoarece a fost afk mai mult de 30 secunde
L 03/07/2017 - 10:15:22: -------- Mapchange to deathrun_bhopz --------
L 03/07/2017 - 10:15:24: [AMXX] Failed to open dictionary file: cstrike/addons/amxmodx/data/lang/walkguard.txt
L 03/07/2017 - 10:15:25: [walkguard.amxx] no zone-file found
L 03/07/2017 - 10:18:48: [pistols_sql.amxx] FailState == TQUERY_QUERY_FAILED, Query failed.
L 03/07/2017 - 10:59:26: [admin.amxx] Login: "Levi99<1036><STEAM_0:0:183716598><>" became an admin (account "Levi99") (access "bi") (address "79.115.7.91")
L 03/07/2017 - 10:59:28: [admin.amxx] Login: "Levi99<1037><STEAM_0:0:183716598><>" became an admin (account "Levi99") (access "bi") (address "79.115.7.91")
L 03/07/2017 - 11:00:27: -------- Mapchange to deathrun_3sixty_fg_fix2 --------
L 03/07/2017 - 11:00:28: [AMXX] Failed to open dictionary file: cstrike/addons/amxmodx/data/lang/walkguard.txt
L 03/07/2017 - 11:00:30: [admin.amxx] Login: "Levi99<1037><STEAM_0:0:183716598><>" became an admin (account "Levi99") (access "bi") (address "79.115.7.91")
L 03/07/2017 - 11:00:30: [walkguard.amxx] no zone-file found
L 03/07/2017 - 11:00:31: [admin.amxx] Login: "Levi99<1038><STEAM_0:0:183716598><>" became an admin (account "Levi99") (access "bi") (address "79.115.7.91")
L 03/07/2017 - 11:25:55: -------- Mapchange to deathrun_army_blue_beta1 --------
L 03/07/2017 - 11:25:57: [AMXX] Failed to open dictionary file: cstrike/addons/amxmodx/data/lang/walkguard.txt
L 03/07/2017 - 11:25:58: [walkguard.amxx] no zone-file found
L 03/07/2017 - 11:32:19: [admin.amxx] Login: "cool<1055><STEAM_0:1:25922700><>" became an admin (account "cool") (access "bi") (address "5.14.100.218")
L 03/07/2017 - 11:32:21: [admin.amxx] Login: "cool<1056><STEAM_0:1:25922700><>" became an admin (account "cool") (access "bi") (address "5.14.100.218")
L 03/07/2017 - 11:33:27: [slayafk.amxx] cool a primit slay, deoarece a fost afk mai mult de 30 secunde
L 03/07/2017 - 11:34:07: [slayafk.amxx] cool a primit slay, deoarece a fost afk mai mult de 30 secunde
L 03/07/2017 - 11:34:47: [slayafk.amxx] cool a primit slay, deoarece a fost afk mai mult de 30 secunde
L 03/07/2017 - 11:35:27: [slayafk.amxx] cool a primit slay, deoarece a fost afk mai mult de 30 secunde
L 03/07/2017 - 11:38:42: [slayafk.amxx] cool a primit slay, deoarece a fost afk mai mult de 30 secunde
L 03/07/2017 - 11:39:04: [admin.amxx] Login: "Spectru<1057><STEAM_0:1:191882096><>" kicked due to invalid password (account "Spectru") (address "79.118.26.62")
L 03/07/2017 - 11:39:08: [admin.amxx] Login: "Spectru<1058><STEAM_0:1:191882096><>" became an admin (account "Spectru") (access "bi") (address "79.118.26.62")
L 03/07/2017 - 11:40:51: [mapsmenu.amxx] Cmd: "Spectru<1058><STEAM_0:1:191882096><>" changelevel "deathrun_clarion_dojo_b3"
L 03/07/2017 - 11:40:53: -------- Mapchange to deathrun_clarion_dojo_b3 --------
L 03/07/2017 - 11:40:55: [AMXX] Failed to open dictionary file: cstrike/addons/amxmodx/data/lang/walkguard.txt
L 03/07/2017 - 11:40:56: [walkguard.amxx] no zone-file found
L 03/07/2017 - 11:40:56: [admin.amxx] Login: "Spectru<1058><STEAM_0:1:191882096><>" became an admin (account "Spectru") (access "bi") (address "79.118.26.62")
L 03/07/2017 - 11:40:56: [admin.amxx] Login: "cool<1056><STEAM_0:1:25922700><>" became an admin (account "cool") (access "bi") (address "5.14.100.218")
L 03/07/2017 - 11:41:57: [mapsmenu.amxx] Vote: "Spectru<1058><STEAM_0:1:191882096><>" vote maps (map#1 "deathrun_long_run") (map#2 "deathrun_virtualstrike") (map#3 "deathrun_jinglebells") (map#4 "")
L 03/07/2017 - 11:42:05: [mapsmenu.amxx] Vote: Cancel vote session
L 03/07/2017 - 11:42:56: [adminvote.amxx] Vote: "Spectru<1058><STEAM_0:1:191882096><>" vote custom (question "ImHighSkilled") (option#1 "Da") (option#2 "Nu")
L 03/07/2017 - 11:43:09: [adminvote.amxx] Vote: Voting failed (got "0") (needed "1")
L 03/07/2017 - 11:43:09: [admincmd.amxx] Cmd: "Spectru<1058><STEAM_0:1:191882096><>" ask for players list
L 03/07/2017 - 11:59:58: [admincmd.amxx] Cmd: "Dr.FioriGinal.Ro ~ Server Clasi<0><><>" slay "dNk|sCaRy<1070><VALVE_0:4:396842867><>"
L 03/07/2017 - 12:06:38: -------- Mapchange to deathrun_laikiux7 --------
L 03/07/2017 - 12:06:40: [AMXX] Failed to open dictionary file: cstrike/addons/amxmodx/data/lang/walkguard.txt
L 03/07/2017 - 12:06:41: [walkguard.amxx] no zone-file found
L 03/07/2017 - 12:20:40: [admincmd.amxx] Cmd: "Dr.FioriGinal.Ro ~ Server Clasi<0><><>" slay "syntynyt<1083><STEAM_0:0:15949717><>"
L 03/07/2017 - 12:21:56: [admincmd.amxx] Cmd: "Dr.FioriGinal.Ro ~ Server Clasi<0><><>" slay "syntynyt<1085><STEAM_0:0:15949717><>"
L 03/07/2017 - 12:29:24: [admin.amxx] Login: "cool<1088><STEAM_0:1:25922700><>" became an admin (account "cool") (access "bi") (address "5.14.100.218")
L 03/07/2017 - 12:29:26: [admin.amxx] Login: "cool<1089><STEAM_0:1:25922700><>" became an admin (account "cool") (access "bi") (address "5.14.100.218")
L 03/07/2017 - 12:31:00: [slayafk.amxx] cool a primit slay, deoarece a fost afk mai mult de 30 secunde
L 03/07/2017 - 12:37:23: [admin.amxx] Login: "cool<1093><STEAM_0:1:25922700><>" became an admin (account "cool") (access "bi") (address "5.14.100.218")
L 03/07/2017 - 12:39:08: [admin.amxx] Login: "cool<1096><STEAM_0:1:25922700><>" became an admin (account "cool") (access "bi") (address "5.14.100.218")
L 03/07/2017 - 12:41:40: [admincmd.amxx] Cmd: "Dr.FioriGinal.Ro ~ Server Clasi<0><><>" slay "FONAT M9SA<1099><STEAM_0:0:176235181><>"
L 03/07/2017 - 12:54:45: [admincmd.amxx] Cmd: "Dr.FioriGinal.Ro ~ Server Clasi<0><><>" slay "slayer<1102><VALVE_0:4:1457206845><>"
L 03/07/2017 - 13:02:13: [admin.amxx] Login: "IrreguLar<1104><STEAM_0:0:740700675><>" became an admin (account "Irregular") (access "bi") (address "79.119.226.224")
L 03/07/2017 - 13:02:16: [admin.amxx] Login: "IrreguLar<1105><STEAM_0:0:740700675><>" became an admin (account "Irregular") (access "bi") (address "79.119.226.224")
L 03/07/2017 - 13:26:42: [admin.amxx] Login: "cool<1109><STEAM_0:1:25922700><>" became an admin (account "cool") (access "bi") (address "5.14.100.218")
L 03/07/2017 - 13:27:28: -------- Mapchange to deathrun_aventure --------
L 03/07/2017 - 13:27:30: [AMXX] Failed to open dictionary file: cstrike/addons/amxmodx/data/lang/walkguard.txt
L 03/07/2017 - 13:27:31: [walkguard.amxx] no zone-file found
L 03/07/2017 - 13:27:38: [admin.amxx] Login: "Spectru<1110><STEAM_0:1:191882096><>" kicked due to invalid password (account "Spectru") (address "79.118.26.62")
L 03/07/2017 - 13:29:41: [admin.amxx] Login: "Joker$*<1114><VALVE_0:4:2071222386><>" became an admin (account "Joker$*") (access "bi") (address "92.82.180.95")
L 03/07/2017 - 13:29:50: [admin.amxx] Login: "Joker$*<1115><VALVE_0:4:2071222386><>" became an admin (account "Joker$*") (access "bi") (address "92.82.180.95")
L 03/07/2017 - 13:30:08: [admin.amxx] Login: "cool<1117><STEAM_0:1:25922700><>" became an admin (account "cool") (access "bi") (address "5.14.100.218")
L 03/07/2017 - 13:30:10: [admin.amxx] Login: "cool<1118><STEAM_0:1:25922700><>" became an admin (account "cool") (access "bi") (address "5.14.100.218")
L 03/07/2017 - 13:56:32: -------- Mapchange to deathrun_neon --------
L 03/07/2017 - 13:56:34: [AMXX] Failed to open dictionary file: cstrike/addons/amxmodx/data/lang/walkguard.txt
L 03/07/2017 - 13:56:35: [walkguard.amxx] no zone-file found
L 03/07/2017 - 13:56:35: [admin.amxx] Login: "cool<1118><STEAM_0:1:25922700><>" became an admin (account "cool") (access "bi") (address "5.14.100.218")
L 03/07/2017 - 13:56:36: [admin.amxx] Login: "cool<1133><STEAM_0:1:25922700><>" became an admin (account "cool") (access "bi") (address "5.14.100.218")
L 03/07/2017 - 13:58:54: [admin.amxx] Login: "-rTg|maEsTrOo<1137><STEAM_0:1:154430568><>" became an admin (account "-rTg|maEsTrOo") (access "bit") (address "89.123.94.138")
L 03/07/2017 - 13:58:57: [admin.amxx] Login: "-rTg|maEsTrOo<1138><STEAM_0:1:154430568><>" became an admin (account "-rTg|maEsTrOo") (access "bit") (address "89.123.94.138")
L 03/07/2017 - 14:04:12: [admincmd.amxx] Cmd: "-rTg|maEsTrOo<1138><STEAM_0:1:154430568><>" changelevel "deathrun_c00l_f"
L 03/07/2017 - 14:04:14: -------- Mapchange to deathrun_c00l_f --------
L 03/07/2017 - 14:04:16: [AMXX] Failed to open dictionary file: cstrike/addons/amxmodx/data/lang/walkguard.txt
L 03/07/2017 - 14:04:17: [walkguard.amxx] no zone-file found
L 03/07/2017 - 14:04:17: [admin.amxx] Login: "cool<1133><STEAM_0:1:25922700><>" became an admin (account "cool") (access "bi") (address "5.14.100.218")
L 03/07/2017 - 14:04:17: [admin.amxx] Login: "-rTg|maEsTrOo<1138><STEAM_0:1:154430568><>" became an admin (account "-rTg|maEsTrOo") (access "bit") (address "89.123.94.138")
L 03/07/2017 - 14:04:19: [admin.amxx] Login: "cool<1139><STEAM_0:1:25922700><>" became an admin (account "cool") (access "bi") (address "5.14.100.218")
L 03/07/2017 - 14:08:11: [adminchat.amxx] Chat: "-rTg|maEsTrOo<1138><STEAM_0:1:154430568><>" chat ""
L 03/07/2017 - 14:08:29: [admincmd.amxx] Cmd: "-rTg|maEsTrOo<1138><STEAM_0:1:154430568><>" ask for players list
L 03/07/2017 - 14:08:53: [adminchat.amxx] Chat: "cool<1139><STEAM_0:1:25922700><>" chat ""
L 03/07/2017 - 14:20:07: [slayafk.amxx] cool a primit slay, deoarece a fost afk mai mult de 30 secunde
L 03/07/2017 - 14:22:12: [admin.amxx] Login: "cool<1149><STEAM_0:1:25922700><>" became an admin (account "cool") (access "bi") (address "5.14.100.218")
L 03/07/2017 - 14:22:18: [admincmd.amxx] Cmd: "Dr.FioriGinal.Ro ~ Server Clasi<0><><>" slay "cool<1149><STEAM_0:1:25922700><>"
L 03/07/2017 - 14:24:41: [admincmd.amxx] Cmd: "-rTg|maEsTrOo<1138><STEAM_0:1:154430568><>" slay "ALI<1151><STEAM_0:0:510621288><>"
L 03/07/2017 - 14:27:05: [admin.amxx] Login: "Joker$*<1154><VALVE_0:4:2071222386><>" became an admin (account "Joker$*") (access "bi") (address "92.82.180.95")
L 03/07/2017 - 14:27:10: [admin.amxx] Login: "Joker$*<1155><VALVE_0:4:2071222386><>" became an admin (account "Joker$*") (access "bi") (address "92.82.180.95")
L 03/07/2017 - 14:27:16: [admincmd.amxx] Cmd: "Dr.FioriGinal.Ro ~ Server Clasi<0><><>" slay "Joker$*<1155><VALVE_0:4:2071222386><>"
L 03/07/2017 - 14:30:03: [telemenu.amxx] Cmd: "-rTg|maEsTrOo<1138><STEAM_0:1:154430568><>" teleport "Joker$*<1155><VALVE_0:4:2071222386><>"
L 03/07/2017 - 14:30:10: [admin.amxx] Login: "Joker$*<1159><VALVE_0:4:2071222386><>" became an admin (account "Joker$*") (access "bi") (address "92.82.180.95")
L 03/07/2017 - 14:30:16: [admin.amxx] Login: "-rTg|maEsTrOo<1160><STEAM_0:1:154430568><>" became an admin (account "-rTg|maEsTrOo") (access "bit") (address "89.123.94.138")
L 03/07/2017 - 14:30:17: [admincmd.amxx] Cmd: "Dr.FioriGinal.Ro ~ Server Clasi<0><><>" slay "Joker$*<1159><VALVE_0:4:2071222386><>"
L 03/07/2017 - 14:32:10: [admin.amxx] Login: "J.Smith<1161><STEAM_0:0:59563675><>" became an admin (account "J.Smith") (access "bi") (address "109.185.5.238")
L 03/07/2017 - 14:32:17: [admin.amxx] Login: "J.Smith<1162><STEAM_0:0:59563675><>" became an admin (account "J.Smith") (access "bi") (address "109.185.5.238")
L 03/07/2017 - 14:36:22: [slayafk.amxx] -rTg|maEsTrOo a primit slay, deoarece a fost afk mai mult de 30 secunde
L 03/07/2017 - 14:37:46: [admincmd.amxx] Cmd: "Joker$*<1159><VALVE_0:4:2071222386><>" slay "Joker$*<1159><VALVE_0:4:2071222386><>"
L 03/07/2017 - 14:38:02: [slayafk.amxx] -rTg|maEsTrOo a primit slay, deoarece a fost afk mai mult de 30 secunde
L 03/07/2017 - 14:38:04: [admincmd.amxx] Cmd: "Joker$*<1159><VALVE_0:4:2071222386><>" slay "Joker$*<1159><VALVE_0:4:2071222386><>"
L 03/07/2017 - 14:38:35: [admincmd.amxx] Cmd: "Joker$*<1159><VALVE_0:4:2071222386><>" slay "Joker$*<1159><VALVE_0:4:2071222386><>"
L 03/07/2017 - 14:39:17: [admincmd.amxx] Cmd: "Joker$*<1159><VALVE_0:4:2071222386><>" slay "Joker$*<1159><VALVE_0:4:2071222386><>"
L 03/07/2017 - 14:39:37: [admincmd.amxx] Cmd: "Joker$*<1159><VALVE_0:4:2071222386><>" slay "Joker$*<1159><VALVE_0:4:2071222386><>"
L 03/07/2017 - 14:39:59: [admincmd.amxx] Cmd: "Joker$*<1159><VALVE_0:4:2071222386><>" slay "Joker$*<1159><VALVE_0:4:2071222386><>"
L 03/07/2017 - 14:41:47: [slayafk.amxx] -rTg|maEsTrOo a primit slay, deoarece a fost afk mai mult de 30 secunde
L 03/07/2017 - 14:42:14: [adminchat.amxx] Chat: "Joker$*<1159><VALVE_0:4:2071222386><>" say "eu sunt JokerDolarSteluta"
L 03/07/2017 - 14:42:22: [slayafk.amxx] -rTg|maEsTrOo a primit slay, deoarece a fost afk mai mult de 30 secunde
L 03/07/2017 - 14:42:57: [slayafk.amxx] -rTg|maEsTrOo a primit slay, deoarece a fost afk mai mult de 30 secunde
L 03/07/2017 - 14:43:32: [slayafk.amxx] -rTg|maEsTrOo a primit slay, deoarece a fost afk mai mult de 30 secunde
L 03/07/2017 - 14:44:01: [plmenu.amxx] Cmd: "Joker$*<1159><VALVE_0:4:2071222386><>" slay "J O K E R<1164><STEAM_0:0:1998895289><>"
L 03/07/2017 - 14:44:07: [adminchat.amxx] Chat: "Joker$*<1159><VALVE_0:4:2071222386><>" say "e afk"
L 03/07/2017 - 14:44:07: [slayafk.amxx] -rTg|maEsTrOo a primit slay, deoarece a fost afk mai mult de 30 secunde
L 03/07/2017 - 14:44:26: [adminchat.amxx] Chat: "Joker$*<1159><VALVE_0:4:2071222386><>" say "da.."
L 03/07/2017 - 14:44:32: [adminchat.amxx] Chat: "Joker$*<1159><VALVE_0:4:2071222386><>" say "joaca.."
L 03/07/2017 - 14:44:42: [slayafk.amxx] -rTg|maEsTrOo a primit slay, deoarece a fost afk mai mult de 30 secunde
L 03/07/2017 - 14:44:53: [adminchat.amxx] Chat: "Joker$*<1159><VALVE_0:4:2071222386><>" say "aia din mijloc nu e buna"
L 03/07/2017 - 14:45:00: [plmenu.amxx] Cmd: "Joker$*<1159><VALVE_0:4:2071222386><>" slay "Joker$*<1159><VALVE_0:4:2071222386><>"
L 03/07/2017 - 14:45:17: [slayafk.amxx] -rTg|maEsTrOo a primit slay, deoarece a fost afk mai mult de 30 secunde
L 03/07/2017 - 14:45:43: [adminchat.amxx] Chat: "Joker$*<1159><VALVE_0:4:2071222386><>" say "vrei admin pe sv asta ?"
L 03/07/2017 - 14:45:52: [slayafk.amxx] -rTg|maEsTrOo a primit slay, deoarece a fost afk mai mult de 30 secunde
L 03/07/2017 - 14:46:11: [adminchat.amxx] Chat: "Joker$*<1159><VALVE_0:4:2071222386><>" say "poti sa iei admin ori cu bani  / ori cu activitate"
L 03/07/2017 - 14:46:30: [adminchat.amxx] Chat: "Joker$*<1159><VALVE_0:4:2071222386><>" say "cerere admin pe forum daca ai peste 30 de ore jucate..."
L 03/07/2017 - 14:46:42: [adminchat.amxx] Chat: "Joker$*<1159><VALVE_0:4:2071222386><>" say "esti nou pe sv ?"
L 03/07/2017 - 14:46:57: [adminchat.amxx] Chat: "Joker$*<1159><VALVE_0:4:2071222386><>" say "trebuie sa faci ore.."
L 03/07/2017 - 14:47:04: [adminchat.amxx] Chat: "Joker$*<1159><VALVE_0:4:2071222386><>" say "sau sa iei cu bani"
L 03/07/2017 - 14:47:33: [adminchat.amxx] Chat: "Joker$*<1159><VALVE_0:4:2071222386><>" say "eu joc numai cu usp"
L 03/07/2017 - 14:47:57: [slayafk.amxx] -rTg|maEsTrOo a primit slay, deoarece a fost afk mai mult de 30 secunde
L 03/07/2017 - 14:48:37: [slayafk.amxx] -rTg|maEsTrOo a primit slay, deoarece a fost afk mai mult de 30 secunde
L 03/07/2017 - 14:49:12: [slayafk.amxx] -rTg|maEsTrOo a primit slay, deoarece a fost afk mai mult de 30 secunde
L 03/07/2017 - 14:49:47: [slayafk.amxx] -rTg|maEsTrOo a primit slay, deoarece a fost afk mai mult de 30 secunde
L 03/07/2017 - 14:50:58: [mapsmenu.amxx] Vote: "Joker$*<1159><VALVE_0:4:2071222386><>" vote maps (map#1 "deathrun_projetocs2") (map#2 "deathrun_expres-game") (map#3 "") (map#4 "")
L 03/07/2017 - 14:51:10: [mapsmenu.amxx] Vote: Voting successful. Map will be changed to deathrun_projetocs2
L 03/07/2017 - 14:51:27: [slayafk.amxx] -rTg|maEsTrOo a primit slay, deoarece a fost afk mai mult de 30 secunde
L 03/07/2017 - 14:52:07: [slayafk.amxx] -rTg|maEsTrOo a primit slay, deoarece a fost afk mai mult de 30 secunde
L 03/07/2017 - 14:52:50: [plmenu.amxx] Cmd: "Joker$*<1159><VALVE_0:4:2071222386><>" slay "Joker$*<1159><VALVE_0:4:2071222386><>"
L 03/07/2017 - 14:52:58: [plmenu.amxx] Cmd: "Joker$*<1159><VALVE_0:4:2071222386><>" slay "J O K E R<1164><STEAM_0:0:1998895289><>"
L 03/07/2017 - 14:53:34: [plmenu.amxx] Cmd: "Joker$*<1159><VALVE_0:4:2071222386><>" slap with 0 damage "Joker$*<1159><VALVE_0:4:2071222386><>"
L 03/07/2017 - 14:53:35: [plmenu.amxx] Cmd: "Joker$*<1159><VALVE_0:4:2071222386><>" slap with 0 damage "Joker$*<1159><VALVE_0:4:2071222386><>"
L 03/07/2017 - 14:53:35: [plmenu.amxx] Cmd: "Joker$*<1159><VALVE_0:4:2071222386><>" slap with 0 damage "Joker$*<1159><VALVE_0:4:2071222386><>"
L 03/07/2017 - 14:53:35: [plmenu.amxx] Cmd: "Joker$*<1159><VALVE_0:4:2071222386><>" slap with 0 damage "Joker$*<1159><VALVE_0:4:2071222386><>"
L 03/07/2017 - 14:53:35: [plmenu.amxx] Cmd: "Joker$*<1159><VALVE_0:4:2071222386><>" slap with 0 damage "Joker$*<1159><VALVE_0:4:2071222386><>"
L 03/07/2017 - 14:53:35: [plmenu.amxx] Cmd: "Joker$*<1159><VALVE_0:4:2071222386><>" slap with 0 damage "Joker$*<1159><VALVE_0:4:2071222386><>"
L 03/07/2017 - 14:53:35: [plmenu.amxx] Cmd: "Joker$*<1159><VALVE_0:4:2071222386><>" slap with 0 damage "Joker$*<1159><VALVE_0:4:2071222386><>"
L 03/07/2017 - 14:53:36: [plmenu.amxx] Cmd: "Joker$*<1159><VALVE_0:4:2071222386><>" slap with 0 damage "Joker$*<1159><VALVE_0:4:2071222386><>"
L 03/07/2017 - 14:53:36: [plmenu.amxx] Cmd: "Joker$*<1159><VALVE_0:4:2071222386><>" slap with 0 damage "Joker$*<1159><VALVE_0:4:2071222386><>"
L 03/07/2017 - 14:53:36: [plmenu.amxx] Cmd: "Joker$*<1159><VALVE_0:4:2071222386><>" slap with 0 damage "Joker$*<1159><VALVE_0:4:2071222386><>"
L 03/07/2017 - 14:53:36: [plmenu.amxx] Cmd: "Joker$*<1159><VALVE_0:4:2071222386><>" slap with 0 damage "Joker$*<1159><VALVE_0:4:2071222386><>"
L 03/07/2017 - 14:53:36: [plmenu.amxx] Cmd: "Joker$*<1159><VALVE_0:4:2071222386><>" slap with 0 damage "Joker$*<1159><VALVE_0:4:2071222386><>"
L 03/07/2017 - 14:53:36: [plmenu.amxx] Cmd: "Joker$*<1159><VALVE_0:4:2071222386><>" slap with 0 damage "Joker$*<1159><VALVE_0:4:2071222386><>"
L 03/07/2017 - 14:53:37: [plmenu.amxx] Cmd: "Joker$*<1159><VALVE_0:4:2071222386><>" slap with 0 damage "Joker$*<1159><VALVE_0:4:2071222386><>"
L 03/07/2017 - 14:53:37: [plmenu.amxx] Cmd: "Joker$*<1159><VALVE_0:4:2071222386><>" slap with 0 damage "Joker$*<1159><VALVE_0:4:2071222386><>"
L 03/07/2017 - 14:53:37: [plmenu.amxx] Cmd: "Joker$*<1159><VALVE_0:4:2071222386><>" slap with 0 damage "Joker$*<1159><VALVE_0:4:2071222386><>"
L 03/07/2017 - 14:53:37: [plmenu.amxx] Cmd: "Joker$*<1159><VALVE_0:4:2071222386><>" slap with 0 damage "Joker$*<1159><VALVE_0:4:2071222386><>"
L 03/07/2017 - 14:53:37: [plmenu.amxx] Cmd: "Joker$*<1159><VALVE_0:4:2071222386><>" slap with 0 damage "Joker$*<1159><VALVE_0:4:2071222386><>"
L 03/07/2017 - 14:53:38: [plmenu.amxx] Cmd: "Joker$*<1159><VALVE_0:4:2071222386><>" slap with 0 damage "Joker$*<1159><VALVE_0:4:2071222386><>"
L 03/07/2017 - 14:53:38: [plmenu.amxx] Cmd: "Joker$*<1159><VALVE_0:4:2071222386><>" slap with 0 damage "Joker$*<1159><VALVE_0:4:2071222386><>"
L 03/07/2017 - 14:53:38: [plmenu.amxx] Cmd: "Joker$*<1159><VALVE_0:4:2071222386><>" slap with 0 damage "Joker$*<1159><VALVE_0:4:2071222386><>"
L 03/07/2017 - 14:53:38: [plmenu.amxx] Cmd: "Joker$*<1159><VALVE_0:4:2071222386><>" slap with 0 damage "Joker$*<1159><VALVE_0:4:2071222386><>"
L 03/07/2017 - 14:53:38: [plmenu.amxx] Cmd: "Joker$*<1159><VALVE_0:4:2071222386><>" slap with 0 damage "Joker$*<1159><VALVE_0:4:2071222386><>"
L 03/07/2017 - 14:53:38: [plmenu.amxx] Cmd: "Joker$*<1159><VALVE_0:4:2071222386><>" slap with 0 damage "Joker$*<1159><VALVE_0:4:2071222386><>"
L 03/07/2017 - 14:53:39: [plmenu.amxx] Cmd: "Joker$*<1159><VALVE_0:4:2071222386><>" slap with 0 damage "Joker$*<1159><VALVE_0:4:2071222386><>"
L 03/07/2017 - 14:53:39: [plmenu.amxx] Cmd: "Joker$*<1159><VALVE_0:4:2071222386><>" slap with 0 damage "Joker$*<1159><VALVE_0:4:2071222386><>"
L 03/07/2017 - 14:53:39: [plmenu.amxx] Cmd: "Joker$*<1159><VALVE_0:4:2071222386><>" slap with 0 damage "Joker$*<1159><VALVE_0:4:2071222386><>"
L 03/07/2017 - 14:53:39: [plmenu.amxx] Cmd: "Joker$*<1159><VALVE_0:4:2071222386><>" slap with 0 damage "Joker$*<1159><VALVE_0:4:2071222386><>"
L 03/07/2017 - 14:53:39: [plmenu.amxx] Cmd: "Joker$*<1159><VALVE_0:4:2071222386><>" slap with 0 damage "Joker$*<1159><VALVE_0:4:2071222386><>"
L 03/07/2017 - 14:53:40: [plmenu.amxx] Cmd: "Joker$*<1159><VALVE_0:4:2071222386><>" slap with 0 damage "Joker$*<1159><VALVE_0:4:2071222386><>"
L 03/07/2017 - 14:53:40: [plmenu.amxx] Cmd: "Joker$*<1159><VALVE_0:4:2071222386><>" slap with 0 damage "Joker$*<1159><VALVE_0:4:2071222386><>"
L 03/07/2017 - 14:53:40: [plmenu.amxx] Cmd: "Joker$*<1159><VALVE_0:4:2071222386><>" slap with 0 damage "Joker$*<1159><VALVE_0:4:2071222386><>"
L 03/07/2017 - 14:53:40: [plmenu.amxx] Cmd: "Joker$*<1159><VALVE_0:4:2071222386><>" slap with 0 damage "Joker$*<1159><VALVE_0:4:2071222386><>"
L 03/07/2017 - 14:53:40: [plmenu.amxx] Cmd: "Joker$*<1159><VALVE_0:4:2071222386><>" slap with 0 damage "Joker$*<1159><VALVE_0:4:2071222386><>"
L 03/07/2017 - 14:53:40: [plmenu.amxx] Cmd: "Joker$*<1159><VALVE_0:4:2071222386><>" slap with 0 damage "Joker$*<1159><VALVE_0:4:2071222386><>"
L 03/07/2017 - 14:53:41: [plmenu.amxx] Cmd: "Joker$*<1159><VALVE_0:4:2071222386><>" slap with 0 damage "Joker$*<1159><VALVE_0:4:2071222386><>"
L 03/07/2017 - 14:53:41: [plmenu.amxx] Cmd: "Joker$*<1159><VALVE_0:4:2071222386><>" slap with 0 damage "Joker$*<1159><VALVE_0:4:2071222386><>"
L 03/07/2017 - 14:53:41: [plmenu.amxx] Cmd: "Joker$*<1159><VALVE_0:4:2071222386><>" slap with 0 damage "Joker$*<1159><VALVE_0:4:2071222386><>"
L 03/07/2017 - 14:53:41: [plmenu.amxx] Cmd: "Joker$*<1159><VALVE_0:4:2071222386><>" slap with 0 damage "Joker$*<1159><VALVE_0:4:2071222386><>"
L 03/07/2017 - 14:53:41: [plmenu.amxx] Cmd: "Joker$*<1159><VALVE_0:4:2071222386><>" slap with 0 damage "Joker$*<1159><VALVE_0:4:2071222386><>"
L 03/07/2017 - 14:53:41: [plmenu.amxx] Cmd: "Joker$*<1159><VALVE_0:4:2071222386><>" slap with 0 damage "Joker$*<1159><VALVE_0:4:2071222386><>"
L 03/07/2017 - 14:53:42: [plmenu.amxx] Cmd: "Joker$*<1159><VALVE_0:4:2071222386><>" slap with 0 damage "Joker$*<1159><VALVE_0:4:2071222386><>"
L 03/07/2017 - 14:53:42: [plmenu.amxx] Cmd: "Joker$*<1159><VALVE_0:4:2071222386><>" slap with 0 damage "Joker$*<1159><VALVE_0:4:2071222386><>"
L 03/07/2017 - 14:53:42: [plmenu.amxx] Cmd: "Joker$*<1159><VALVE_0:4:2071222386><>" slap with 0 damage "Joker$*<1159><VALVE_0:4:2071222386><>"
L 03/07/2017 - 14:53:42: [plmenu.amxx] Cmd: "Joker$*<1159><VALVE_0:4:2071222386><>" slap with 0 damage "Joker$*<1159><VALVE_0:4:2071222386><>"
L 03/07/2017 - 14:53:42: [plmenu.amxx] Cmd: "Joker$*<1159><VALVE_0:4:2071222386><>" slap with 0 damage "Joker$*<1159><VALVE_0:4:2071222386><>"
L 03/07/2017 - 14:53:43: [plmenu.amxx] Cmd: "Joker$*<1159><VALVE_0:4:2071222386><>" slap with 0 damage "Joker$*<1159><VALVE_0:4:2071222386><>"
L 03/07/2017 - 14:53:43: [plmenu.amxx] Cmd: "Joker$*<1159><VALVE_0:4:2071222386><>" slap with 0 damage "Joker$*<1159><VALVE_0:4:2071222386><>"
L 03/07/2017 - 14:53:43: [plmenu.amxx] Cmd: "Joker$*<1159><VALVE_0:4:2071222386><>" slap with 0 damage "Joker$*<1159><VALVE_0:4:2071222386><>"
L 03/07/2017 - 14:55:26: -------- Mapchange to deathrun_projetocs2 --------
L 03/07/2017 - 14:55:28: [AMXX] Failed to open dictionary file: cstrike/addons/amxmodx/data/lang/walkguard.txt
L 03/07/2017 - 14:55:29: [walkguard.amxx] no zone-file found
L 03/07/2017 - 14:55:29: [admin.amxx] Login: "Joker$*<1159><VALVE_0:4:2071222386><>" became an admin (account "Joker$*") (access "bi") (address "92.82.180.95")
L 03/07/2017 - 14:56:18: [adminchat.amxx] Chat: "Joker$*<1159><VALVE_0:4:2071222386><>" say "vezi ca e o capcana mai in fata"
L 03/07/2017 - 14:56:24: [adminchat.amxx] Chat: "Joker$*<1159><VALVE_0:4:2071222386><>" say "ti-am spus"
L 03/07/2017 - 14:59:07: [adminchat.amxx] Chat: "Joker$*<1159><VALVE_0:4:2071222386><>" say "acolo ti apasat pe space"
L 03/07/2017 - 14:59:51: [adminchat.amxx] Chat: "Joker$*<1159><VALVE_0:4:2071222386><>" say "nu prea mai joc.."
L 03/07/2017 - 15:01:29: [adminchat.amxx] Chat: "Joker$*<1159><VALVE_0:4:2071222386><>" say "eu ies.."
L 03/07/2017 - 15:01:44: [adminchat.amxx] Chat: "Joker$*<1159><VALVE_0:4:2071222386><>" say "scrie !givelife si dai pe mine"
L 03/07/2017 - 15:01:57: [adminchat.amxx] Chat: "Joker$*<1159><VALVE_0:4:2071222386><>" say "imi dai life pentru 15 sec si te trec eu"
L 03/07/2017 - 15:02:21: [adminchat.amxx] Chat: "Joker$*<1159><VALVE_0:4:2071222386><>" say "!givelife"
L 03/07/2017 - 15:02:32: [adminchat.amxx] Chat: "Joker$*<1159><VALVE_0:4:2071222386><>" say "!givelife  ( legat )"
L 03/07/2017 - 15:02:32: [adminchat.amxx] Chat: "Joker$*<1159><VALVE_0:4:2071222386><>" say "!givelife  ( legat ) "
L 03/07/2017 - 15:03:50: [adminchat.amxx] Chat: "Joker$*<1159><VALVE_0:4:2071222386><>" say "mergi"
L 03/07/2017 - 15:03:56: [adminchat.amxx] Chat: "Joker$*<1159><VALVE_0:4:2071222386><>" say "te busesti in ea"
L 03/07/2017 - 15:05:14: [adminchat.amxx] Chat: "Joker$*<1159><VALVE_0:4:2071222386><>" say "fac 18 vineri acum"
L 03/07/2017 - 15:05:54: [adminchat.amxx] Chat: "Joker$*<1159><VALVE_0:4:2071222386><>" say "Multumesc !"
L 03/07/2017 - 15:05:59: [adminchat.amxx] Chat: "Joker$*<1159><VALVE_0:4:2071222386><>" say "tu ?"
L 03/07/2017 - 15:06:32: [adminchat.amxx] Chat: "Joker$*<1159><VALVE_0:4:2071222386><>" say "Multi inainte"
L 03/07/2017 - 15:06:44: [adminchat.amxx] Chat: "Joker$*<1159><VALVE_0:4:2071222386><>" say "hei.."
L 03/07/2017 - 15:06:54: [adminchat.amxx] Chat: "Joker$*<1159><VALVE_0:4:2071222386><>" say "numai vorbi vulgar..."
L 03/07/2017 - 15:07:11: [admin.amxx] Login: "wadafac!<1178><VALVE_0:4:1896958843><>" became an admin (account "wadafac!") (access "bi") (address "79.116.126.75")
L 03/07/2017 - 15:07:38: [adminchat.amxx] Chat: "Joker$*<1159><VALVE_0:4:2071222386><>" say "ies la o tigare.. revin"
L 03/07/2017 - 15:12:27: [admin.amxx] Login: "deadpool<1180><STEAM_0:0:30403765><>" kicked due to invalid password (account "deadpool") (address "86.125.82.233")
L 03/07/2017 - 15:12:36: [admin.amxx] Login: "deadpool<1181><STEAM_0:0:30403765><>" became an admin (account "deadpool") (access "bit") (address "86.125.82.233")
L 03/07/2017 - 15:14:35: [adminchat.amxx] Chat: "Joker$*<1159><VALVE_0:4:2071222386><>" say "Hai pe drx fioriginal ro"
L 03/07/2017 - 15:14:38: [adminchat.amxx] Chat: "Joker$*<1159><VALVE_0:4:2071222386><>" say "Hai pe drx fioriginal ro "
L 03/07/2017 - 15:32:20: [admincmd.amxx] Cmd: "Dr.FioriGinal.Ro ~ Server Clasi<0><><>" slay "kNIFE. SEries<1193><VALVE_0:4:141250032><>"
L 03/07/2017 - 15:33:31: [admincmd.amxx] Cmd: "Dr.FioriGinal.Ro ~ Server Clasi<0><><>" slay "ssaacc.<1196><STEAM_0:0:1844758109><>"
L 03/07/2017 - 15:41:56: -------- Mapchange to deathrun_unreal_air --------
L 03/07/2017 - 15:41:58: [AMXX] Failed to open dictionary file: cstrike/addons/amxmodx/data/lang/walkguard.txt
L 03/07/2017 - 15:41:59: [walkguard.amxx] no zone-file found
L 03/07/2017 - 16:06:16: [admincmd.amxx] Cmd: "Dr.FioriGinal.Ro ~ Server Clasi<0><><>" slay "Cataa<1211><STEAM_0:0:1960989564><>"
L 03/07/2017 - 16:25:19: [slayafk.amxx] Cataa a primit slay, deoarece a fost afk mai mult de 30 secunde
L 03/07/2017 - 16:28:09: [slayafk.amxx] Cataa a primit slay, deoarece a fost afk mai mult de 30 secunde
L 03/07/2017 - 16:32:24: [slayafk.amxx] Cataa a primit slay, deoarece a fost afk mai mult de 30 secunde
L 03/07/2017 - 16:35:44: [slayafk.amxx] Cataa a primit slay, deoarece a fost afk mai mult de 30 secunde
L 03/07/2017 - 16:36:24: [admin.amxx] Login: "NevA.<1230><VALVE_0:4:1609425392><>" kicked due to invalid password (account "NevA.") (address "89.33.135.22")
L 03/07/2017 - 16:36:50: [admin.amxx] Login: "NevA.<1231><VALVE_0:4:1609425392><>" became an admin (account "NevA.") (access "bit") (address "89.33.135.22")
L 03/07/2017 - 16:36:54: [admin.amxx] Login: "NevA.<1232><VALVE_0:4:1609425392><>" became an admin (account "NevA.") (access "bit") (address "89.33.135.22")
L 03/07/2017 - 16:37:21: [admincmd.amxx] Cmd: "NevA.<1232><VALVE_0:4:1609425392><>" ask for players list
L 03/07/2017 - 16:37:39: -------- Mapchange to deathrun_mc_nwk --------
L 03/07/2017 - 16:37:41: [AMXX] Failed to open dictionary file: cstrike/addons/amxmodx/data/lang/walkguard.txt
L 03/07/2017 - 16:37:42: [walkguard.amxx] no zone-file found
L 03/07/2017 - 16:37:42: [admin.amxx] Login: "NevA.<1232><VALVE_0:4:1609425392><>" became an admin (account "NevA.") (access "bit") (address "89.33.135.22")
L 03/07/2017 - 16:37:45: [admin.amxx] Login: "NevA.<1237><VALVE_0:4:1609425392><>" became an admin (account "NevA.") (access "bit") (address "89.33.135.22")
L 03/07/2017 - 16:41:16: [pistols_sql.amxx] FailState == TQUERY_QUERY_FAILED, Query failed.
L 03/07/2017 - 17:01:26: [admincmd.amxx] Cmd: "Dr.FioriGinal.Ro ~ Server Clasi<0><><>" slay "RuslaNNN<1252><STEAM_0:0:80262703><>"
L 03/07/2017 - 17:05:10: -------- Mapchange to deathrun_gb_winter_final4 --------
L 03/07/2017 - 17:05:12: [AMXX] Failed to open dictionary file: cstrike/addons/amxmodx/data/lang/walkguard.txt
L 03/07/2017 - 17:05:13: [walkguard.amxx] no zone-file found
L 03/07/2017 - 17:17:35: [admincmd.amxx] Cmd: "Dr.FioriGinal.Ro ~ Server Clasi<0><><>" slay "RuslaNNN<1270><STEAM_0:0:80262703><>"
L 03/07/2017 - 17:31:49: [admincmd.amxx] Cmd: "Dr.FioriGinal.Ro ~ Server Clasi<0><><>" slay "RuslaNNN<1276><STEAM_0:0:80262703><>"
L 03/07/2017 - 17:31:52: [admincmd.amxx] Cmd: "Dr.FioriGinal.Ro ~ Server Clasi<0><><>" slay "nk3<1277><VALVE_0:4:1126344578><>"
L 03/07/2017 - 17:31:54: [admincmd.amxx] Cmd: "Dr.FioriGinal.Ro ~ Server Clasi<0><><>" slay "FONAT M9SA<1278><STEAM_0:0:176235181><>"
L 03/07/2017 - 17:32:03: [admincmd.amxx] Cmd: "Dr.FioriGinal.Ro ~ Server Clasi<0><><>" slay "RuslaNNN<1279><STEAM_0:0:80262703><>"
L 03/07/2017 - 17:32:07: [admincmd.amxx] Cmd: "Dr.FioriGinal.Ro ~ Server Clasi<0><><>" slay "nk3<1280><VALVE_0:4:1126344578><>"
L 03/07/2017 - 17:32:18: [admincmd.amxx] Cmd: "Dr.FioriGinal.Ro ~ Server Clasi<0><><>" slay "nk3<1282><VALVE_0:4:1126344578><>"
L 03/07/2017 - 17:36:33: [admincmd.amxx] Cmd: "Dr.FioriGinal.Ro ~ Server Clasi<0><><>" slay "nk3<1291><VALVE_0:4:1126344578><>"
L 03/07/2017 - 17:36:35: [admincmd.amxx] Cmd: "Dr.FioriGinal.Ro ~ Server Clasi<0><><>" slay "w0anted # qeeLen<1292><STEAM_0:0:148036594><>"
L 03/07/2017 - 17:36:44: [admincmd.amxx] Cmd: "Dr.FioriGinal.Ro ~ Server Clasi<0><><>" slay "w0anted # qeeLen<1293><STEAM_0:0:148036594><>"
L 03/07/2017 - 17:36:46: [admincmd.amxx] Cmd: "Dr.FioriGinal.Ro ~ Server Clasi<0><><>" slay "nk3<1294><VALVE_0:4:1126344578><>"
L 03/07/2017 - 17:37:32: [admincmd.amxx] Cmd: "Dr.FioriGinal.Ro ~ Server Clasi<0><><>" slay "w0anted # qeeLen<1295><STEAM_0:0:148036594><>"
L 03/07/2017 - 17:37:37: [admincmd.amxx] Cmd: "Dr.FioriGinal.Ro ~ Server Clasi<0><><>" slay "nk3<1297><VALVE_0:4:1126344578><>"
L 03/07/2017 - 17:39:25: [admin.amxx] Login: "cool<1298><STEAM_0:1:25922700><>" became an admin (account "cool") (access "bi") (address "5.14.100.218")
L 03/07/2017 - 17:39:27: [admin.amxx] Login: "cool<1299><STEAM_0:1:25922700><>" became an admin (account "cool") (access "bi") (address "5.14.100.218")
L 03/07/2017 - 17:41:32: [adminchat.amxx] Chat: "nk3<1297><VALVE_0:4:1126344578><>" chat "L-am injurat pentru ca nu statea tero niciodata pana sa intri tu."
L 03/07/2017 - 17:41:35: [adminchat.amxx] Chat: "nk3<1297><VALVE_0:4:1126344578><>" chat "voia doar sa joace."
L 03/07/2017 - 17:41:38: [adminchat.amxx] Chat: "nk3<1297><VALVE_0:4:1126344578><>" chat "Ca sa stii motivul."
L 03/07/2017 - 17:45:15: [pistols_sql.amxx] FailState == TQUERY_QUERY_FAILED, Query failed.
L 03/07/2017 - 17:45:15: [pistols_sql.amxx] SqlConnection == Empty_Handle, SqlError: Can't connect to MySQL server on '89.40.104.2' (4)
L 03/07/2017 - 17:47:47: [admin.amxx] Login: "SWAGGIE. XD<1303><VALVE_0:4:862961770><>" became an admin (account "SWAGGIE. XD") (access "bi") (address "109.98.131.207")
L 03/07/2017 - 17:49:30: [admin.amxx] Login: "J.Smith<1306><STEAM_0:0:59563675><>" became an admin (account "J.Smith") (access "bi") (address "109.185.5.238")
L 03/07/2017 - 17:49:46: [admincmd.amxx] Cmd: "J.Smith<1306><STEAM_0:0:59563675><>" ask for players list
L 03/07/2017 - 17:51:14: [admin.amxx] Login: "SWAGGIE. XD<1307><VALVE_0:4:862961770><>" became an admin (account "SWAGGIE. XD") (access "bi") (address "109.98.131.207")
L 03/07/2017 - 17:57:40: [admincmd.amxx] Cmd: "Dr.FioriGinal.Ro ~ Server Clasi<0><><>" slay "FONAT M9SA<1311><STEAM_0:0:176235181><>"
L 03/07/2017 - 17:57:48: [admincmd.amxx] Cmd: "Dr.FioriGinal.Ro ~ Server Clasi<0><><>" slay "DoZe<1312><STEAM_0:0:1518108911><>"
L 03/07/2017 - 17:57:57: [admincmd.amxx] Cmd: "Dr.FioriGinal.Ro ~ Server Clasi<0><><>" slay "FONAT M9SA<1313><STEAM_0:0:176235181><>"
L 03/07/2017 - 17:58:18: [admincmd.amxx] Cmd: "Dr.FioriGinal.Ro ~ Server Clasi<0><><>" slay "nk3<1314><VALVE_0:4:1126344578><>"
L 03/07/2017 - 18:04:01: -------- Mapchange to deathrun_death --------
L 03/07/2017 - 18:04:04: [AMXX] Failed to open dictionary file: cstrike/addons/amxmodx/data/lang/walkguard.txt
L 03/07/2017 - 18:04:05: [walkguard.amxx] no zone-file found
L 03/07/2017 - 18:05:30: [admincmd.amxx] Cmd: "Dr.FioriGinal.Ro ~ Server Clasi<0><><>" slay "nk3<1325><VALVE_0:4:1126344578><>"
L 03/07/2017 - 18:08:11: [admincmd.amxx] Cmd: "Dr.FioriGinal.Ro ~ Server Clasi<0><><>" slay "Zetox<1332><STEAM_0:0:1321687310><>"
L 03/07/2017 - 18:15:05: [admin.amxx] Login: "SWAGGIE. XD<1333><VALVE_0:4:862961770><>" became an admin (account "SWAGGIE. XD") (access "bi") (address "109.98.131.207")
L 03/07/2017 - 18:20:45: [admincmd.amxx] Cmd: "SWAGGIE. XD<1333><VALVE_0:4:862961770><>" slay "PriNce<1335><STEAM_0:1:90372952><>"
L 03/07/2017 - 18:26:32: [mapsmenu.amxx] Vote: "SWAGGIE. XD<1333><VALVE_0:4:862961770><>" vote maps (map#1 "deathrun_spuf") (map#2 "deathrun_forest") (map#3 "") (map#4 "")
L 03/07/2017 - 18:26:44: [mapsmenu.amxx] Vote: Voting successful. Map will be changed to deathrun_spuf
L 03/07/2017 - 18:31:41: -------- Mapchange to deathrun_spuf --------
L 03/07/2017 - 18:31:43: [AMXX] Failed to open dictionary file: cstrike/addons/amxmodx/data/lang/walkguard.txt
L 03/07/2017 - 18:31:45: [walkguard.amxx] no zone-file found
L 03/07/2017 - 18:31:45: [admin.amxx] Login: "SWAGGIE. XD<1333><VALVE_0:4:862961770><>" became an admin (account "SWAGGIE. XD") (access "bi") (address "109.98.131.207")
L 03/07/2017 - 18:37:09: [slayafk.amxx] DoZe a primit slay, deoarece a fost afk mai mult de 30 secunde
L 03/07/2017 - 18:48:56: [admin.amxx] Login: "FAKE ^^<1359><STEAM_0:0:334408724><>" became an admin (account "FAKE ^^") (access "bi") (address "95.76.1.39")
L 03/07/2017 - 18:51:16: [mapsmenu.amxx] Vote: "FAKE ^^<1359><STEAM_0:0:334408724><>" vote maps (map#1 "deathrun_shit_v2") (map#2 "deathrun_absolute") (map#3 "") (map#4 "")
L 03/07/2017 - 18:51:28: [mapsmenu.amxx] Vote: Voting successful. Map will be changed to deathrun_shit_v2
L 03/07/2017 - 18:57:44: -------- Mapchange to deathrun_shit_v2 --------
L 03/07/2017 - 18:57:46: [AMXX] Failed to open dictionary file: cstrike/addons/amxmodx/data/lang/walkguard.txt
L 03/07/2017 - 18:57:47: [walkguard.amxx] no zone-file found
L 03/07/2017 - 18:57:47: [admin.amxx] Login: "FAKE ^^<1359><STEAM_0:0:334408724><>" became an admin (account "FAKE ^^") (access "bi") (address "95.76.1.39")
L 03/07/2017 - 18:57:47: [admin.amxx] Login: "SWAGGIE. XD<1333><VALVE_0:4:862961770><>" became an admin (account "SWAGGIE. XD") (access "bi") (address "109.98.131.207")
L 03/07/2017 - 18:58:26: [slayafk.amxx] SWAGGIE. XD a primit slay, deoarece a fost afk mai mult de 30 secunde
L 03/07/2017 - 18:58:26: [slayafk.amxx] DoZe a primit slay, deoarece a fost afk mai mult de 30 secunde
L 03/07/2017 - 19:00:16: [slayafk.amxx] SWAGGIE. XD a primit slay, deoarece a fost afk mai mult de 30 secunde
L 03/07/2017 - 19:00:16: [slayafk.amxx] DoZe a primit slay, deoarece a fost afk mai mult de 30 secunde
L 03/07/2017 - 19:01:27: [slayafk.amxx] DoZe a primit slay, deoarece a fost afk mai mult de 30 secunde
L 03/07/2017 - 19:02:56: [slayafk.amxx] SWAGGIE. XD a primit slay, deoarece a fost afk mai mult de 30 secunde
L 03/07/2017 - 19:04:16: [slayafk.amxx] DoZe a primit slay, deoarece a fost afk mai mult de 30 secunde
L 03/07/2017 - 19:05:51: [slayafk.amxx] SWAGGIE. XD a primit slay, deoarece a fost afk mai mult de 30 secunde
L 03/07/2017 - 19:06:56: [slayafk.amxx] SWAGGIE. XD a primit slay, deoarece a fost afk mai mult de 30 secunde
L 03/07/2017 - 19:06:56: [slayafk.amxx] DoZe a primit slay, deoarece a fost afk mai mult de 30 secunde
L 03/07/2017 - 19:08:31: [slayafk.amxx] SWAGGIE. XD a primit slay, deoarece a fost afk mai mult de 30 secunde
L 03/07/2017 - 19:08:31: [slayafk.amxx] DoZe a primit slay, deoarece a fost afk mai mult de 30 secunde
L 03/07/2017 - 19:10:01: [slayafk.amxx] SWAGGIE. XD a primit slay, deoarece a fost afk mai mult de 30 secunde
L 03/07/2017 - 19:10:01: [slayafk.amxx] DoZe a primit slay, deoarece a fost afk mai mult de 30 secunde
L 03/07/2017 - 19:11:11: [slayafk.amxx] DoZe a primit slay, deoarece a fost afk mai mult de 30 secunde
L 03/07/2017 - 19:12:22: [slayafk.amxx] SWAGGIE. XD a primit slay, deoarece a fost afk mai mult de 30 secunde
L 03/07/2017 - 19:12:22: [slayafk.amxx] DoZe a primit slay, deoarece a fost afk mai mult de 30 secunde
L 03/07/2017 - 19:13:27: [slayafk.amxx] SWAGGIE. XD a primit slay, deoarece a fost afk mai mult de 30 secunde
L 03/07/2017 - 19:13:27: [slayafk.amxx] DoZe a primit slay, deoarece a fost afk mai mult de 30 secunde
L 03/07/2017 - 19:14:11: [slayafk.amxx] SWAGGIE. XD a primit slay, deoarece a fost afk mai mult de 30 secunde
L 03/07/2017 - 19:16:36: [slayafk.amxx] SWAGGIE. XD a primit slay, deoarece a fost afk mai mult de 30 secunde
L 03/07/2017 - 19:17:56: [slayafk.amxx] SWAGGIE. XD a primit slay, deoarece a fost afk mai mult de 30 secunde
L 03/07/2017 - 19:19:01: [slayafk.amxx] SWAGGIE. XD a primit slay, deoarece a fost afk mai mult de 30 secunde
L 03/07/2017 - 19:20:22: [slayafk.amxx] SWAGGIE. XD a primit slay, deoarece a fost afk mai mult de 30 secunde
L 03/07/2017 - 19:21:21: [slayafk.amxx] SWAGGIE. XD a primit slay, deoarece a fost afk mai mult de 30 secunde
L 03/07/2017 - 19:22:21: [slayafk.amxx] Buffz #Al3x Al3x a primit slay, deoarece a fost afk mai mult de 30 secunde
L 03/07/2017 - 19:23:17: [slayafk.amxx] SWAGGIE. XD a primit slay, deoarece a fost afk mai mult de 30 secunde
L 03/07/2017 - 19:23:56: -------- Mapchange to deathrun_death_hard --------
L 03/07/2017 - 19:23:58: [AMXX] Failed to open dictionary file: cstrike/addons/amxmodx/data/lang/walkguard.txt
L 03/07/2017 - 19:23:59: [walkguard.amxx] no zone-file found
L 03/07/2017 - 19:24:01: [admin.amxx] Login: "SWAGGIE. XD<1333><VALVE_0:4:862961770><>" became an admin (account "SWAGGIE. XD") (access "bi") (address "109.98.131.207")
L 03/07/2017 - 19:24:02: [admin.amxx] Login: "SWAGGIE. XD<1388><VALVE_0:4:862961770><>" became an admin (account "SWAGGIE. XD") (access "bi") (address "109.98.131.207")
L 03/07/2017 - 19:29:48: [admincmd.amxx] Cmd: "Dr.FioriGinal.Ro ~ Server Clasi<0><><>" slay "tiganu<1396><STEAM_0:0:1715760849><>"
L 03/07/2017 - 19:39:46: [admin.amxx] Login: "J.Smith<1406><STEAM_0:0:59563675><>" became an admin (account "J.Smith") (access "bi") (address "109.185.5.238")
L 03/07/2017 - 19:39:55: [admin.amxx] Login: "J.Smith<1407><STEAM_0:0:59563675><>" became an admin (account "J.Smith") (access "bi") (address "109.185.5.238")
L 03/07/2017 - 19:47:53: [mapsmenu.amxx] Vote: "J.Smith<1407><STEAM_0:0:59563675><>" vote maps (map#1 "deathrun_bhopz_v2") (map#2 "deathrun_snow_wind_v2") (map#3 "") (map#4 "")
L 03/07/2017 - 19:48:05: [mapsmenu.amxx] Vote: Voting successful. Map will be changed to deathrun_bhopz_v2
L 03/07/2017 - 19:49:44: -------- Mapchange to deathrun_bhopz_v2 --------
L 03/07/2017 - 19:49:46: [AMXX] Failed to open dictionary file: cstrike/addons/amxmodx/data/lang/walkguard.txt
L 03/07/2017 - 19:49:48: [walkguard.amxx] no zone-file found
L 03/07/2017 - 19:49:48: [admin.amxx] Login: "SWAGGIE. XD<1388><VALVE_0:4:862961770><>" became an admin (account "SWAGGIE. XD") (access "bi") (address "109.98.131.207")
L 03/07/2017 - 19:49:48: [admin.amxx] Login: "J.Smith<1407><STEAM_0:0:59563675><>" became an admin (account "J.Smith") (access "bi") (address "109.185.5.238")
L 03/07/2017 - 19:51:58: [admin.amxx] Login: "Joker$*<1416><VALVE_0:4:2071222386><>" became an admin (account "Joker$*") (access "bi") (address "92.82.180.95")
L 03/07/2017 - 19:53:22: [adminchat.amxx] Chat: "Joker$*<1416><VALVE_0:4:2071222386><>" say "scrie !givelife, apasa 7 de 3 ori si dai pe mine daca vrei"
L 03/07/2017 - 19:54:04: [adminchat.amxx] Chat: "Joker$*<1416><VALVE_0:4:2071222386><>" say "depinde..."
L 03/07/2017 - 19:54:12: [adminchat.amxx] Chat: "hody<1424><STEAM_0:0:2044483464><>" chat "slay flvxsow"
L 03/07/2017 - 19:54:17: [adminchat.amxx] Chat: "hody<1424><STEAM_0:0:2044483464><>" chat "datii odata slay"
L 03/07/2017 - 19:54:26: [adminchat.amxx] Chat: "Joker$*<1416><VALVE_0:4:2071222386><>" say "cu mine poti da pe bhopz,clarion dojo b3, latexx ( usoare )"
L 03/07/2017 - 19:54:35: [adminchat.amxx] Chat: "Joker$*<1416><VALVE_0:4:2071222386><>" say "dar trebuie sa joci perfect..."
L 03/07/2017 - 19:54:58: [adminchat.amxx] Chat: "Joker$*<1416><VALVE_0:4:2071222386><>" say "daca vrei mai lejer putin.. hertz, v2.."
L 03/07/2017 - 19:55:29: [adminchat.amxx] Chat: "Joker$*<1416><VALVE_0:4:2071222386><>" say "zice flux care e in strange.."
L 03/07/2017 - 19:55:45: [adminchat.amxx] Chat: "Joker$*<1416><VALVE_0:4:2071222386><>" say "cerere pe forum / proba"
L 03/07/2017 - 19:56:01: [adminchat.amxx] Chat: "Joker$*<1416><VALVE_0:4:2071222386><>" say "cand faci cererea"
L 03/07/2017 - 19:56:11: [adminchat.amxx] Chat: "Joker$*<1416><VALVE_0:4:2071222386><>" say "daca o faci cum trebuie ti-o accept si dai proba"
L 03/07/2017 - 19:56:29: [adminchat.amxx] Chat: "Joker$*<1416><VALVE_0:4:2071222386><>" say "care smith ?"
L 03/07/2017 - 19:56:48: [adminchat.amxx] Chat: "Joker$*<1416><VALVE_0:4:2071222386><>" say "sunt slabi"
L 03/07/2017 - 19:56:57: [adminchat.amxx] Chat: "Joker$*<1416><VALVE_0:4:2071222386><>" say "nici macar 1 nu-i bun.."
L 03/07/2017 - 19:57:05: [adminchat.amxx] Chat: "Joker$*<1416><VALVE_0:4:2071222386><>" say "make tiganu ce mai misca putin.."
L 03/07/2017 - 19:58:03: [adminchat.amxx] Chat: "Joker$*<1416><VALVE_0:4:2071222386><>" say "daca ai observat pe unele mape suntem egali, pe altele la 1, 2 sec. diferenta"
L 03/07/2017 - 19:58:24: [adminchat.amxx] Chat: "Joker$*<1416><VALVE_0:4:2071222386><>" say "da redbulll"
L 03/07/2017 - 19:58:42: [adminchat.amxx] Chat: "Joker$*<1416><VALVE_0:4:2071222386><>" say "el cand se apuca de record.. pai nu se lasa"
L 03/07/2017 - 19:58:48: [adminchat.amxx] Chat: "Joker$*<1416><VALVE_0:4:2071222386><>" say "eu ma plictisesc repede"
L 03/07/2017 - 19:59:14: [adminchat.amxx] Chat: "Joker$*<1416><VALVE_0:4:2071222386><>" say "flux"
L 03/07/2017 - 19:59:43: [adminchat.amxx] Chat: "Joker$*<1416><VALVE_0:4:2071222386><>" say "pe atuncii daca iesea?i din clan cu greu mai intrai la loc"
L 03/07/2017 - 19:59:50: [adminchat.amxx] Chat: "Joker$*<1416><VALVE_0:4:2071222386><>" say "totusi eu am iesit de 4 ori .."
L 03/07/2017 - 20:00:30: [adminchat.amxx] Chat: "Joker$*<1416><VALVE_0:4:2071222386><>" say "sau il confund.."
L 03/07/2017 - 20:01:15: [adminchat.amxx] Chat: "Joker$*<1416><VALVE_0:4:2071222386><>" say "cand eram in equal a dat cooper un meci cu voi ( 1337 )"
L 03/07/2017 - 20:01:34: [adminchat.amxx] Chat: "Joker$*<1416><VALVE_0:4:2071222386><>" say "a?ti batut cu 3-2.. daca eram si eu o luati"
L 03/07/2017 - 20:01:41: [adminchat.amxx] Chat: "Joker$*<1416><VALVE_0:4:2071222386><>" say "cooper a jucat cu unu Rawl"
L 03/07/2017 - 20:02:32: [adminchat.amxx] Chat: "Joker$*<1416><VALVE_0:4:2071222386><>" say "daca nu era el cred ca si acum eram interzis pe sv asta =))"
L 03/07/2017 - 20:03:18: [adminchat.amxx] Chat: "Joker$*<1416><VALVE_0:4:2071222386><>" say "veneam de pe sv lui cooper sa fac reclama aici si erau vreo 20+ playeri pe el"
L 03/07/2017 - 20:03:28: [adminchat.amxx] Chat: "Joker$*<1416><VALVE_0:4:2071222386><>" say "dintre care si luxor,anca"
L 03/07/2017 - 20:04:11: [adminchat.amxx] Chat: "Joker$*<1416><VALVE_0:4:2071222386><>" say "Gabiiiiii"
L 03/07/2017 - 20:04:31: [adminchat.amxx] Chat: "Joker$*<1416><VALVE_0:4:2071222386><>" say "Redbull.. scoala.. etc"
L 03/07/2017 - 20:04:59: [adminchat.amxx] Chat: "Joker$*<1416><VALVE_0:4:2071222386><>" say "am intrat si eu de vreo 2 ori"
L 03/07/2017 - 20:05:07: [admincmd.amxx] Cmd: "Dr.FioriGinal.Ro ~ Server Clasi<0><><>" slay "PriNce<1434><STEAM_0:1:90372952><>"
L 03/07/2017 - 20:06:18: [adminchat.amxx] Chat: "Joker$*<1416><VALVE_0:4:2071222386><>" say "i keep my promise.."
L 03/07/2017 - 20:07:29: [adminchat.amxx] Chat: "Joker$*<1416><VALVE_0:4:2071222386><>" say "eu nu joc sw.. joc d g"
L 03/07/2017 - 20:07:37: [adminchat.amxx] Chat: "Joker$*<1416><VALVE_0:4:2071222386><>" say "nu-mi merge a-ul si joc pe r f d g"
L 03/07/2017 - 20:09:16: [adminchat.amxx] Chat: "Joker$*<1416><VALVE_0:4:2071222386><>" say "3 days - it s my birthday"
L 03/07/2017 - 20:10:27: [adminchat.amxx] Chat: "Joker$*<1416><VALVE_0:4:2071222386><>" say "nu bag la pacanele.. doar pariuri sportive"
L 03/07/2017 - 20:11:02: [adminchat.amxx] Chat: "Joker$*<1416><VALVE_0:4:2071222386><>" say "eu m-am pus cu burta pe carte.. inca nu iau in serios.. dar trebuie"
L 03/07/2017 - 20:11:15: [adminchat.amxx] Chat: "Joker$*<1416><VALVE_0:4:2071222386><>" say "deja ma axez pe astea de bac si engleza"
L 03/07/2017 - 20:12:20: [adminchat.amxx] Chat: "Joker$*<1416><VALVE_0:4:2071222386><>" say "unu de la mn din clasa pleaca.. salariu 1300 / cazare..."
L 03/07/2017 - 20:12:28: [adminchat.amxx] Chat: "Joker$*<1416><VALVE_0:4:2071222386><>" say "in a 12-a a zis.."
L 03/07/2017 - 20:15:17: [mapsmenu.amxx] Vote: "Joker$*<1416><VALVE_0:4:2071222386><>" vote maps (map#1 "deathrun_shit_v2") (map#2 "deathrun_0mega") (map#3 "") (map#4 "")
L 03/07/2017 - 20:15:29: [mapsmenu.amxx] Vote: Voting successful. Map will be changed to deathrun_0mega
L 03/07/2017 - 20:17:49: -------- Mapchange to deathrun_0mega --------
L 03/07/2017 - 20:17:51: [AMXX] Failed to open dictionary file: cstrike/addons/amxmodx/data/lang/walkguard.txt
L 03/07/2017 - 20:17:52: [walkguard.amxx] no zone-file found
L 03/07/2017 - 20:17:52: [admin.amxx] Login: "Joker$*<1416><VALVE_0:4:2071222386><>" became an admin (account "Joker$*") (access "bi") (address "92.82.180.95")
L 03/07/2017 - 20:17:53: [admin.amxx] Login: "SWAGGIE. XD<1388><VALVE_0:4:862961770><>" became an admin (account "SWAGGIE. XD") (access "bi") (address "109.98.131.207")
L 03/07/2017 - 20:18:27: [slayafk.amxx] SWAGGIE. XD a primit slay, deoarece a fost afk mai mult de 30 secunde
L 03/07/2017 - 20:19:02: [slayafk.amxx] SWAGGIE. XD a primit slay, deoarece a fost afk mai mult de 30 secunde
L 03/07/2017 - 20:19:16: [admin.amxx] Login: "Spectru<1447><STEAM_0:1:191882096><>" became an admin (account "Spectru") (access "bi") (address "79.118.31.25")
L 03/07/2017 - 20:21:22: [admincmd.amxx] Cmd: "Spectru<1447><STEAM_0:1:191882096><>" slay counter-terrorists team
L 03/07/2017 - 20:22:02: [slayafk.amxx] SWAGGIE. XD a primit slay, deoarece a fost afk mai mult de 30 secunde
L 03/07/2017 - 20:25:21: [slayafk.amxx] SWAGGIE. XD a primit slay, deoarece a fost afk mai mult de 30 secunde
L 03/07/2017 - 20:28:22: [slayafk.amxx] SWAGGIE. XD a primit slay, deoarece a fost afk mai mult de 30 secunde
L 03/07/2017 - 20:29:05: [mapsmenu.amxx] Vote: "Spectru<1447><STEAM_0:1:191882096><>" vote maps (map#1 "deathrun_clarion_dojo_b3") (map#2 "deathrun_4rooms_fg") (map#3 "deathrun_projetocs2") (map#4 "")
L 03/07/2017 - 20:29:17: [slayafk.amxx] SWAGGIE. XD a primit slay, deoarece a fost afk mai mult de 30 secunde
L 03/07/2017 - 20:29:17: [mapsmenu.amxx] Vote: Voting successful. Map will be changed to deathrun_clarion_dojo_b3
L 03/07/2017 - 20:30:13: [mapsmenu.amxx] Cmd: "Spectru<1447><STEAM_0:1:191882096><>" changelevel "deathrun_clarion_dojo_b3"
L 03/07/2017 - 20:30:15: -------- Mapchange to deathrun_clarion_dojo_b3 --------
L 03/07/2017 - 20:30:17: [AMXX] Failed to open dictionary file: cstrike/addons/amxmodx/data/lang/walkguard.txt
L 03/07/2017 - 20:30:18: [walkguard.amxx] no zone-file found
L 03/07/2017 - 20:30:18: [admin.amxx] Login: "SWAGGIE. XD<1388><VALVE_0:4:862961770><>" became an admin (account "SWAGGIE. XD") (access "bi") (address "109.98.131.207")
L 03/07/2017 - 20:30:18: [admin.amxx] Login: "Spectru<1447><STEAM_0:1:191882096><>" became an admin (account "Spectru") (access "bi") (address "79.118.31.25")
L 03/07/2017 - 20:30:44: [admincmd.amxx] Cmd: "Dr.FioriGinal.Ro ~ Server Clasi<0><><>" slay "MiB #CTC Sfanta Treime<1472><STEAM_0:0:1940015179><>"
L 03/07/2017 - 20:43:56: [admin.amxx] Login: "wadafac!<1485><VALVE_0:4:1939669699><>" became an admin (account "wadafac!") (access "bi") (address "62.231.102.78")
L 03/07/2017 - 20:58:39: [admincmd.amxx] Cmd: "wadafac!<1485><VALVE_0:4:1939669699><>" slay "VLAD<1489><STEAM_0:0:43187033><>"
L 03/07/2017 - 21:04:29: [mapsmenu.amxx] Vote: "wadafac!<1485><VALVE_0:4:1939669699><>" vote maps (map#1 "deathrun_hertz") (map#2 "") (map#3 "") (map#4 "")
L 03/07/2017 - 21:04:41: [mapsmenu.amxx] Vote: Voting failed
L 03/07/2017 - 21:04:56: [mapsmenu.amxx] Vote: "wadafac!<1485><VALVE_0:4:1939669699><>" vote maps (map#1 "deathrun_hertz") (map#2 "deathrun_bhopz_v2") (map#3 "") (map#4 "")
L 03/07/2017 - 21:05:08: [mapsmenu.amxx] Vote: Voting successful. Map will be changed to deathrun_hertz
L 03/07/2017 - 21:05:18: [slayafk.amxx] Ultima*MKS a primit slay, deoarece a fost afk mai mult de 30 secunde
L 03/07/2017 - 21:05:41: [admin.amxx] Login: "cool<1507><STEAM_0:1:25922700><>" became an admin (account "cool") (access "bi") (address "5.14.100.218")
L 03/07/2017 - 21:07:22: [admincmd.amxx] Cmd: "wadafac!<1485><VALVE_0:4:1939669699><>" slap with 0 damage "Ultima*MKS<1491><STEAM_0:0:1088164935><>"
L 03/07/2017 - 21:07:22: [admincmd.amxx] Cmd: "wadafac!<1485><VALVE_0:4:1939669699><>" slap with 0 damage "Ultima*MKS<1491><STEAM_0:0:1088164935><>"
L 03/07/2017 - 21:07:22: [admincmd.amxx] Cmd: "wadafac!<1485><VALVE_0:4:1939669699><>" slap with 0 damage "Ultima*MKS<1491><STEAM_0:0:1088164935><>"
L 03/07/2017 - 21:07:22: [admincmd.amxx] Cmd: "wadafac!<1485><VALVE_0:4:1939669699><>" slap with 0 damage "Ultima*MKS<1491><STEAM_0:0:1088164935><>"
L 03/07/2017 - 21:07:23: [admincmd.amxx] Cmd: "wadafac!<1485><VALVE_0:4:1939669699><>" slap with 0 damage "Ultima*MKS<1491><STEAM_0:0:1088164935><>"
L 03/07/2017 - 21:07:23: [admincmd.amxx] Cmd: "wadafac!<1485><VALVE_0:4:1939669699><>" slap with 0 damage "Ultima*MKS<1491><STEAM_0:0:1088164935><>"
L 03/07/2017 - 21:07:23: [admincmd.amxx] Cmd: "wadafac!<1485><VALVE_0:4:1939669699><>" slap with 0 damage "Ultima*MKS<1491><STEAM_0:0:1088164935><>"
L 03/07/2017 - 21:07:23: [admincmd.amxx] Cmd: "wadafac!<1485><VALVE_0:4:1939669699><>" slap with 0 damage "Ultima*MKS<1491><STEAM_0:0:1088164935><>"
L 03/07/2017 - 21:07:23: [admincmd.amxx] Cmd: "wadafac!<1485><VALVE_0:4:1939669699><>" slap with 0 damage "Ultima*MKS<1491><STEAM_0:0:1088164935><>"
L 03/07/2017 - 21:07:24: [admincmd.amxx] Cmd: "wadafac!<1485><VALVE_0:4:1939669699><>" slap with 0 damage "Ultima*MKS<1491><STEAM_0:0:1088164935><>"
L 03/07/2017 - 21:07:24: [admincmd.amxx] Cmd: "wadafac!<1485><VALVE_0:4:1939669699><>" slap with 0 damage "Ultima*MKS<1491><STEAM_0:0:1088164935><>"
L 03/07/2017 - 21:07:31: [admincmd.amxx] Cmd: "wadafac!<1485><VALVE_0:4:1939669699><>" slap with 0 damage "Ultima*MKS<1491><STEAM_0:0:1088164935><>"
L 03/07/2017 - 21:07:31: [admincmd.amxx] Cmd: "wadafac!<1485><VALVE_0:4:1939669699><>" slap with 0 damage "Ultima*MKS<1491><STEAM_0:0:1088164935><>"
L 03/07/2017 - 21:07:32: [admincmd.amxx] Cmd: "wadafac!<1485><VALVE_0:4:1939669699><>" slap with 0 damage "Ultima*MKS<1491><STEAM_0:0:1088164935><>"
L 03/07/2017 - 21:07:32: [admincmd.amxx] Cmd: "wadafac!<1485><VALVE_0:4:1939669699><>" slap with 0 damage "Ultima*MKS<1491><STEAM_0:0:1088164935><>"
L 03/07/2017 - 21:07:32: [admincmd.amxx] Cmd: "wadafac!<1485><VALVE_0:4:1939669699><>" slap with 0 damage "Ultima*MKS<1491><STEAM_0:0:1088164935><>"
L 03/07/2017 - 21:07:35: [admincmd.amxx] Cmd: "wadafac!<1485><VALVE_0:4:1939669699><>" slap with 0 damage "Ultima*MKS<1491><STEAM_0:0:1088164935><>"
L 03/07/2017 - 21:07:35: [admincmd.amxx] Cmd: "wadafac!<1485><VALVE_0:4:1939669699><>" slap with 0 damage "Ultima*MKS<1491><STEAM_0:0:1088164935><>"
L 03/07/2017 - 21:07:35: [admincmd.amxx] Cmd: "wadafac!<1485><VALVE_0:4:1939669699><>" slap with 0 damage "Ultima*MKS<1491><STEAM_0:0:1088164935><>"
L 03/07/2017 - 21:07:41: [admincmd.amxx] Cmd: "wadafac!<1485><VALVE_0:4:1939669699><>" ask for players list
L 03/07/2017 - 21:08:33: -------- Mapchange to deathrun_hertz --------
L 03/07/2017 - 21:08:34: [AMXX] Failed to open dictionary file: cstrike/addons/amxmodx/data/lang/walkguard.txt
L 03/07/2017 - 21:08:36: [walkguard.amxx] no zone-file found
L 03/07/2017 - 21:08:36: [admin.amxx] Login: "SWAGGIE. XD<1388><VALVE_0:4:862961770><>" became an admin (account "SWAGGIE. XD") (access "bi") (address "109.98.131.207")
L 03/07/2017 - 21:08:36: [admin.amxx] Login: "wadafac!<1485><VALVE_0:4:1939669699><>" became an admin (account "wadafac!") (access "bi") (address "62.231.102.78")
L 03/07/2017 - 21:08:36: [admin.amxx] Login: "cool<1507><STEAM_0:1:25922700><>" became an admin (account "cool") (access "bi") (address "5.14.100.218")
L 03/07/2017 - 21:08:38: [admin.amxx] Login: "cool<1508><STEAM_0:1:25922700><>" became an admin (account "cool") (access "bi") (address "5.14.100.218")
L 03/07/2017 - 21:10:30: [slayafk.amxx] SWAGGIE. XD a primit slay, deoarece a fost afk mai mult de 30 secunde
L 03/07/2017 - 21:11:05: [slayafk.amxx] SWAGGIE. XD a primit slay, deoarece a fost afk mai mult de 30 secunde
L 03/07/2017 - 21:11:07: [admin.amxx] Login: "Joker$*<1515><VALVE_0:4:2071222386><>" became an admin (account "Joker$*") (access "bi") (address "92.82.180.95")
L 03/07/2017 - 21:12:30: [slayafk.amxx] SWAGGIE. XD a primit slay, deoarece a fost afk mai mult de 30 secunde
L 03/07/2017 - 21:15:25: [slayafk.amxx] SWAGGIE. XD a primit slay, deoarece a fost afk mai mult de 30 secunde
L 03/07/2017 - 21:19:35: [slayafk.amxx] SWAGGIE. XD a primit slay, deoarece a fost afk mai mult de 30 secunde
L 03/07/2017 - 21:22:55: [slayafk.amxx] SWAGGIE. XD a primit slay, deoarece a fost afk mai mult de 30 secunde
L 03/07/2017 - 21:24:00: [slayafk.amxx] SWAGGIE. XD a primit slay, deoarece a fost afk mai mult de 30 secunde
L 03/07/2017 - 21:26:57: [adminchat.amxx] Chat: "wadafac!<1485><VALVE_0:4:1939669699><>" chat "luxor"
L 03/07/2017 - 21:27:10: [slayafk.amxx] SWAGGIE. XD a primit slay, deoarece a fost afk mai mult de 30 secunde
L 03/07/2017 - 21:27:15: [slayafk.amxx] VrinceanAlex.luxor a primit slay, deoarece a fost afk mai mult de 30 secunde
L 03/07/2017 - 21:28:45: [slayafk.amxx] VrinceanAlex.luxor a primit slay, deoarece a fost afk mai mult de 30 secunde
L 03/07/2017 - 21:29:55: [slayafk.amxx] SWAGGIE. XD a primit slay, deoarece a fost afk mai mult de 30 secunde
L 03/07/2017 - 21:30:00: [slayafk.amxx] VrinceanAlex.luxor a primit slay, deoarece a fost afk mai mult de 30 secunde
L 03/07/2017 - 21:32:15: [slayafk.amxx] VrinceanAlex.luxor a primit slay, deoarece a fost afk mai mult de 30 secunde
L 03/07/2017 - 21:33:15: [slayafk.amxx] SWAGGIE. XD a primit slay, deoarece a fost afk mai mult de 30 secunde
L 03/07/2017 - 21:33:20: [slayafk.amxx] VrinceanAlex.luxor a primit slay, deoarece a fost afk mai mult de 30 secunde
L 03/07/2017 - 21:33:48: -------- Mapchange to deathrun_shit_v2 --------
L 03/07/2017 - 21:33:50: [AMXX] Failed to open dictionary file: cstrike/addons/amxmodx/data/lang/walkguard.txt
L 03/07/2017 - 21:33:51: [walkguard.amxx] no zone-file found
L 03/07/2017 - 21:33:51: [admin.amxx] Login: "wadafac!<1485><VALVE_0:4:1939669699><>" became an admin (account "wadafac!") (access "bi") (address "62.231.102.78")
L 03/07/2017 - 21:33:53: [admin.amxx] Login: "SWAGGIE. XD<1388><VALVE_0:4:862961770><>" became an admin (account "SWAGGIE. XD") (access "bi") (address "109.98.131.207")
L 03/07/2017 - 21:33:55: [admin.amxx] Login: "wadafac!<1530><VALVE_0:4:1939669699><>" became an admin (account "wadafac!") (access "bi") (address "62.231.102.78")
L 03/07/2017 - 21:34:26: [slayafk.amxx] SWAGGIE. XD a primit slay, deoarece a fost afk mai mult de 30 secunde
L 03/07/2017 - 21:34:26: [slayafk.amxx] VrinceanAlex.luxor a primit slay, deoarece a fost afk mai mult de 30 secunde
L 03/07/2017 - 21:35:01: [slayafk.amxx] SWAGGIE. XD a primit slay, deoarece a fost afk mai mult de 30 secunde
L 03/07/2017 - 21:35:01: [slayafk.amxx] VrinceanAlex.luxor a primit slay, deoarece a fost afk mai mult de 30 secunde
L 03/07/2017 - 21:36:31: [slayafk.amxx] SWAGGIE. XD a primit slay, deoarece a fost afk mai mult de 30 secunde
L 03/07/2017 - 21:36:31: [slayafk.amxx] VrinceanAlex.luxor a primit slay, deoarece a fost afk mai mult de 30 secunde
L 03/07/2017 - 21:37:56: [slayafk.amxx] VrinceanAlex.luxor a primit slay, deoarece a fost afk mai mult de 30 secunde
L 03/07/2017 - 21:38:36: [slayafk.amxx] SWAGGIE. XD a primit slay, deoarece a fost afk mai mult de 30 secunde
L 03/07/2017 - 21:38:41: [slayafk.amxx] VrinceanAlex.luxor a primit slay, deoarece a fost afk mai mult de 30 secunde
L 03/07/2017 - 21:39:36: [slayafk.amxx] SWAGGIE. XD a primit slay, deoarece a fost afk mai mult de 30 secunde
L 03/07/2017 - 21:39:36: [slayafk.amxx] VrinceanAlex.luxor a primit slay, deoarece a fost afk mai mult de 30 secunde
L 03/07/2017 - 21:40:31: [slayafk.amxx] SWAGGIE. XD a primit slay, deoarece a fost afk mai mult de 30 secunde
L 03/07/2017 - 21:40:31: [slayafk.amxx] VrinceanAlex.luxor a primit slay, deoarece a fost afk mai mult de 30 secunde
L 03/07/2017 - 21:41:21: [slayafk.amxx] VrinceanAlex.luxor a primit slay, deoarece a fost afk mai mult de 30 secunde
L 03/07/2017 - 21:42:41: [slayafk.amxx] SWAGGIE. XD a primit slay, deoarece a fost afk mai mult de 30 secunde
L 03/07/2017 - 21:42:41: [slayafk.amxx] VrinceanAlex.luxor a primit slay, deoarece a fost afk mai mult de 30 secunde
L 03/07/2017 - 21:43:56: [slayafk.amxx] SWAGGIE. XD a primit slay, deoarece a fost afk mai mult de 30 secunde
L 03/07/2017 - 21:43:56: [slayafk.amxx] VrinceanAlex.luxor a primit slay, deoarece a fost afk mai mult de 30 secunde
L 03/07/2017 - 21:45:16: [slayafk.amxx] SWAGGIE. XD a primit slay, deoarece a fost afk mai mult de 30 secunde
L 03/07/2017 - 21:45:16: [slayafk.amxx] VrinceanAlex.luxor a primit slay, deoarece a fost afk mai mult de 30 secunde
L 03/07/2017 - 21:46:31: [slayafk.amxx] SWAGGIE. XD a primit slay, deoarece a fost afk mai mult de 30 secunde
L 03/07/2017 - 21:46:31: [slayafk.amxx] FLVXSOW;[ <strange> a primit slay, deoarece a fost afk mai mult de 30 secunde
L 03/07/2017 - 21:47:31: [slayafk.amxx] VrinceanAlex.luxor a primit slay, deoarece a fost afk mai mult de 30 secunde
L 03/07/2017 - 21:48:21: [slayafk.amxx] SWAGGIE. XD a primit slay, deoarece a fost afk mai mult de 30 secunde
L 03/07/2017 - 21:48:26: [slayafk.amxx] VrinceanAlex.luxor a primit slay, deoarece a fost afk mai mult de 30 secunde
L 03/07/2017 - 21:50:11: [slayafk.amxx] SWAGGIE. XD a primit slay, deoarece a fost afk mai mult de 30 secunde
L 03/07/2017 - 21:50:11: [slayafk.amxx] VrinceanAlex.luxor a primit slay, deoarece a fost afk mai mult de 30 secunde
L 03/07/2017 - 21:51:31: [slayafk.amxx] SWAGGIE. XD a primit slay, deoarece a fost afk mai mult de 30 secunde
L 03/07/2017 - 21:51:31: [slayafk.amxx] VrinceanAlex.luxor a primit slay, deoarece a fost afk mai mult de 30 secunde
L 03/07/2017 - 21:52:41: [slayafk.amxx] SWAGGIE. XD a primit slay, deoarece a fost afk mai mult de 30 secunde
L 03/07/2017 - 21:52:41: [slayafk.amxx] VrinceanAlex.luxor a primit slay, deoarece a fost afk mai mult de 30 secunde
L 03/07/2017 - 21:53:36: [slayafk.amxx] SWAGGIE. XD a primit slay, deoarece a fost afk mai mult de 30 secunde
L 03/07/2017 - 21:53:36: [slayafk.amxx] VrinceanAlex.luxor a primit slay, deoarece a fost afk mai mult de 30 secunde
L 03/07/2017 - 21:54:26: [slayafk.amxx] SWAGGIE. XD a primit slay, deoarece a fost afk mai mult de 30 secunde
L 03/07/2017 - 21:54:26: [slayafk.amxx] VrinceanAlex.luxor a primit slay, deoarece a fost afk mai mult de 30 secunde
L 03/07/2017 - 21:55:31: [slayafk.amxx] VrinceanAlex.luxor a primit slay, deoarece a fost afk mai mult de 30 secunde
L 03/07/2017 - 21:57:56: [slayafk.amxx] SWAGGIE. XD a primit slay, deoarece a fost afk mai mult de 30 secunde
L 03/07/2017 - 21:57:56: [slayafk.amxx] VrinceanAlex.luxor a primit slay, deoarece a fost afk mai mult de 30 secunde
L 03/07/2017 - 21:59:11: [slayafk.amxx] SWAGGIE. XD a primit slay, deoarece a fost afk mai mult de 30 secunde
L 03/07/2017 - 21:59:11: [slayafk.amxx] VrinceanAlex.luxor a primit slay, deoarece a fost afk mai mult de 30 secunde
L 03/07/2017 - 21:59:20: -------- Mapchange to deathrun_kings_never_die --------
L 03/07/2017 - 21:59:21: [AMXX] Failed to open dictionary file: cstrike/addons/amxmodx/data/lang/walkguard.txt
L 03/07/2017 - 21:59:22: [walkguard.amxx] no zone-file found
L 03/07/2017 - 21:59:22: [admin.amxx] Login: "SWAGGIE. XD<1388><VALVE_0:4:862961770><>" became an admin (account "SWAGGIE. XD") (access "bi") (address "109.98.131.207")
L 03/07/2017 - 21:59:57: [slayafk.amxx] SWAGGIE. XD a primit slay, deoarece a fost afk mai mult de 30 secunde
L 03/07/2017 - 22:00:17: [slayafk.amxx] VrinceanAlex.luxor a primit slay, deoarece a fost afk mai mult de 30 secunde
L 03/07/2017 - 22:00:32: [slayafk.amxx] SWAGGIE. XD a primit slay, deoarece a fost afk mai mult de 30 secunde
L 03/07/2017 - 22:01:12: [slayafk.amxx] VrinceanAlex.luxor a primit slay, deoarece a fost afk mai mult de 30 secunde
L 03/07/2017 - 22:01:47: [slayafk.amxx] SWAGGIE. XD a primit slay, deoarece a fost afk mai mult de 30 secunde
L 03/07/2017 - 22:01:52: [slayafk.amxx] VrinceanAlex.luxor a primit slay, deoarece a fost afk mai mult de 30 secunde
L 03/07/2017 - 22:02:32: [slayafk.amxx] VrinceanAlex.luxor a primit slay, deoarece a fost afk mai mult de 30 secunde
L 03/07/2017 - 22:03:12: [slayafk.amxx] SWAGGIE. XD a primit slay, deoarece a fost afk mai mult de 30 secunde
L 03/07/2017 - 22:03:12: [slayafk.amxx] VrinceanAlex.luxor a primit slay, deoarece a fost afk mai mult de 30 secunde
L 03/07/2017 - 22:03:52: [slayafk.amxx] VrinceanAlex.luxor a primit slay, deoarece a fost afk mai mult de 30 secunde
L 03/07/2017 - 22:04:27: [slayafk.amxx] SWAGGIE. XD a primit slay, deoarece a fost afk mai mult de 30 secunde
L 03/07/2017 - 22:05:07: [slayafk.amxx] SWAGGIE. XD a primit slay, deoarece a fost afk mai mult de 30 secunde
L 03/07/2017 - 22:05:47: [slayafk.amxx] SWAGGIE. XD a primit slay, deoarece a fost afk mai mult de 30 secunde
L 03/07/2017 - 22:06:28: [admincmd.amxx] Cmd: "Dr.FioriGinal.Ro ~ Server Clasi<0><><>" slay "Tr3fla<1556><STEAM_0:0:30052801><>"
L 03/07/2017 - 22:06:37: [slayafk.amxx] VrinceanAlex.luxor a primit slay, deoarece a fost afk mai mult de 30 secunde
L 03/07/2017 - 22:07:12: [slayafk.amxx] VrinceanAlex.luxor a primit slay, deoarece a fost afk mai mult de 30 secunde
L 03/07/2017 - 22:08:07: [slayafk.amxx] VrinceanAlex.luxor a primit slay, deoarece a fost afk mai mult de 30 secunde
L 03/07/2017 - 22:08:47: [slayafk.amxx] SWAGGIE. XD a primit slay, deoarece a fost afk mai mult de 30 secunde
L 03/07/2017 - 22:10:12: [slayafk.amxx] VrinceanAlex.luxor a primit slay, deoarece a fost afk mai mult de 30 secunde
L 03/07/2017 - 22:10:52: [slayafk.amxx] VrinceanAlex.luxor a primit slay, deoarece a fost afk mai mult de 30 secunde
L 03/07/2017 - 22:11:27: [slayafk.amxx] SWAGGIE. XD a primit slay, deoarece a fost afk mai mult de 30 secunde
L 03/07/2017 - 22:11:57: [slayafk.amxx] VrinceanAlex.luxor a primit slay, deoarece a fost afk mai mult de 30 secunde
L 03/07/2017 - 22:12:37: [slayafk.amxx] SWAGGIE. XD a primit slay, deoarece a fost afk mai mult de 30 secunde
L 03/07/2017 - 22:13:07: [slayafk.amxx] VrinceanAlex.luxor a primit slay, deoarece a fost afk mai mult de 30 secunde
L 03/07/2017 - 22:13:42: [slayafk.amxx] SWAGGIE. XD a primit slay, deoarece a fost afk mai mult de 30 secunde
L 03/07/2017 - 22:14:17: [slayafk.amxx] VrinceanAlex.luxor a primit slay, deoarece a fost afk mai mult de 30 secunde
L 03/07/2017 - 22:14:52: [slayafk.amxx] SWAGGIE. XD a primit slay, deoarece a fost afk mai mult de 30 secunde
L 03/07/2017 - 22:15:22: [slayafk.amxx] VrinceanAlex.luxor a primit slay, deoarece a fost afk mai mult de 30 secunde
L 03/07/2017 - 22:16:02: [slayafk.amxx] SWAGGIE. XD a primit slay, deoarece a fost afk mai mult de 30 secunde
L 03/07/2017 - 22:16:37: [slayafk.amxx] VrinceanAlex.luxor a primit slay, deoarece a fost afk mai mult de 30 secunde
L 03/07/2017 - 22:17:12: [slayafk.amxx] SWAGGIE. XD a primit slay, deoarece a fost afk mai mult de 30 secunde
L 03/07/2017 - 22:17:42: [slayafk.amxx] VrinceanAlex.luxor a primit slay, deoarece a fost afk mai mult de 30 secunde
L 03/07/2017 - 22:18:17: [slayafk.amxx] SWAGGIE. XD a primit slay, deoarece a fost afk mai mult de 30 secunde
L 03/07/2017 - 22:18:47: [slayafk.amxx] VrinceanAlex.luxor a primit slay, deoarece a fost afk mai mult de 30 secunde
L 03/07/2017 - 22:19:27: [slayafk.amxx] SWAGGIE. XD a primit slay, deoarece a fost afk mai mult de 30 secunde
L 03/07/2017 - 22:19:35: [admincmd.amxx] Cmd: "Dr.FioriGinal.Ro ~ Server Clasi<0><><>" slay "zivoin<1558><STEAM_0:0:582226405><>"
L 03/07/2017 - 22:20:02: [slayafk.amxx] VrinceanAlex.luxor a primit slay, deoarece a fost afk mai mult de 30 secunde
L 03/07/2017 - 22:20:37: [slayafk.amxx] SWAGGIE. XD a primit slay, deoarece a fost afk mai mult de 30 secunde
L 03/07/2017 - 22:21:17: [slayafk.amxx] SWAGGIE. XD a primit slay, deoarece a fost afk mai mult de 30 secunde
L 03/07/2017 - 22:21:52: [slayafk.amxx] VrinceanAlex.luxor a primit slay, deoarece a fost afk mai mult de 30 secunde
L 03/07/2017 - 22:22:27: [slayafk.amxx] SWAGGIE. XD a primit slay, deoarece a fost afk mai mult de 30 secunde
L 03/07/2017 - 22:22:57: [slayafk.amxx] VrinceanAlex.luxor a primit slay, deoarece a fost afk mai mult de 30 secunde
L 03/07/2017 - 22:23:32: [slayafk.amxx] SWAGGIE. XD a primit slay, deoarece a fost afk mai mult de 30 secunde
L 03/07/2017 - 22:23:46: [admin.amxx] Login: "deadpool<1559><STEAM_0:0:30403765><>" kicked due to invalid password (account "deadpool") (address "86.125.82.233")
L 03/07/2017 - 22:24:07: [slayafk.amxx] VrinceanAlex.luxor a primit slay, deoarece a fost afk mai mult de 30 secunde
L 03/07/2017 - 22:24:42: [slayafk.amxx] SWAGGIE. XD a primit slay, deoarece a fost afk mai mult de 30 secunde
L 03/07/2017 - 22:24:45: -------- Mapchange to deathrun_inferno_beta1 --------
L 03/07/2017 - 22:24:47: [AMXX] Failed to open dictionary file: cstrike/addons/amxmodx/data/lang/walkguard.txt
L 03/07/2017 - 22:24:48: [walkguard.amxx] no zone-file found
L 03/07/2017 - 22:24:49: [admin.amxx] Login: "SWAGGIE. XD<1388><VALVE_0:4:862961770><>" became an admin (account "SWAGGIE. XD") (access "bi") (address "109.98.131.207")
L 03/07/2017 - 22:29:02: [slayafk.amxx] VrinceanAlex.luxor a primit slay, deoarece a fost afk mai mult de 30 secunde
L 03/07/2017 - 22:30:23: [admin.amxx] Login: "deadpool<1565><STEAM_0:0:30403765><>" became an admin (account "deadpool") (access "bit") (address "86.125.82.233")
L 03/07/2017 - 22:30:28: [slayafk.amxx] VrinceanAlex.luxor a primit slay, deoarece a fost afk mai mult de 30 secunde
L 03/07/2017 - 22:31:22: [slayafk.amxx] SWAGGIE. XD a primit slay, deoarece a fost afk mai mult de 30 secunde
L 03/07/2017 - 22:42:22: [slayafk.amxx] SWAGGIE. XD a primit slay, deoarece a fost afk mai mult de 30 secunde
L 03/07/2017 - 22:46:43: [slayafk.amxx] SWAGGIE. XD a primit slay, deoarece a fost afk mai mult de 30 secunde
L 03/07/2017 - 22:50:14: -------- Mapchange to deathrun_coolf4 --------
L 03/07/2017 - 22:50:15: [AMXX] Failed to open dictionary file: cstrike/addons/amxmodx/data/lang/walkguard.txt
L 03/07/2017 - 22:50:17: [walkguard.amxx] no zone-file found
L 03/07/2017 - 22:52:46: [admincmd.amxx] Cmd: "Dr.FioriGinal.Ro ~ Server Clasi<0><><>" slay "qeCe<1569><STEAM_0:0:178764779><>"
L 03/07/2017 - 23:07:50: [admincmd.amxx] Cmd: "Dr.FioriGinal.Ro ~ Server Clasi<0><><>" slay "tiganu<1578><STEAM_0:0:1715760849><>"
L 03/07/2017 - 23:08:03: [admincmd.amxx] Cmd: "Dr.FioriGinal.Ro ~ Server Clasi<0><><>" slay "tiganu<1579><STEAM_0:0:1715760849><>"
L 03/07/2017 - 23:25:02: [admincmd.amxx] Cmd: "Dr.FioriGinal.Ro ~ Server Clasi<0><><>" slay "tiganu<1582><STEAM_0:0:1715760849><>"
L 03/07/2017 - 23:33:02: -------- Mapchange to deathrun_demolish --------
L 03/07/2017 - 23:33:03: [AMXX] Failed to open dictionary file: cstrike/addons/amxmodx/data/lang/walkguard.txt
L 03/07/2017 - 23:33:04: [walkguard.amxx] no zone-file found
L 03/07/2017 - 23:37:47: [admincmd.amxx] Cmd: "Dr.FioriGinal.Ro ~ Server Clasi<0><><>" slay "tiganu<1589><STEAM_0:0:1715760849><>"
L 03/07/2017 - 23:38:24: [slayafk.amxx] tiganu a primit slay, deoarece a fost afk mai mult de 30 secunde
L 03/07/2017 - 23:41:26: [admincmd.amxx] Cmd: "Dr.FioriGinal.Ro ~ Server Clasi<0><><>" slay "tiganu<1591><STEAM_0:0:1715760849><>"
L 03/07/2017 - 23:41:54: [admincmd.amxx] Cmd: "Dr.FioriGinal.Ro ~ Server Clasi<0><><>" slay "tiganu<1592><STEAM_0:0:1715760849><>"
