L 05/28/2017 - 00:57:57: -------- Mapchange to deathrun_trenal_lux --------
L 05/28/2017 - 00:57:59: [AMXX] Failed to open dictionary file: cstrike/addons/amxmodx/data/lang/walkguard.txt
L 05/28/2017 - 00:58:00: [walkguard.amxx] no zone-file found
L 05/28/2017 - 00:59:30: [slayafk.amxx] nVidia E7 Player a primit slay, deoarece a fost afk mai mult de 30 secunde
L 05/28/2017 - 01:23:43: -------- Mapchange to deathrun_greyskull --------
L 05/28/2017 - 01:23:44: [AMXX] Failed to open dictionary file: cstrike/addons/amxmodx/data/lang/walkguard.txt
L 05/28/2017 - 01:23:45: [walkguard.amxx] no zone-file found
L 05/28/2017 - 01:56:58: -------- Mapchange to deathrun_stronghold_beta1 --------
L 05/28/2017 - 01:56:59: [AMXX] Failed to open dictionary file: cstrike/addons/amxmodx/data/lang/walkguard.txt
L 05/28/2017 - 01:57:00: [walkguard.amxx] no zone-file found
L 05/28/2017 - 02:23:05: [admin.amxx] Login: "SWAGGIE. XD<474><VALVE_0:4:862961770><>" became an admin (account "SWAGGIE. XD") (access "b") (address "109.98.131.207")
L 05/28/2017 - 02:23:06: [admin.amxx] Login: "SWAGGIE. XD<475><VALVE_0:4:862961770><>" became an admin (account "SWAGGIE. XD") (access "b") (address "109.98.131.207")
L 05/28/2017 - 02:23:30: -------- Mapchange to deathrun_aztecan_beta1 --------
L 05/28/2017 - 02:23:31: [AMXX] Failed to open dictionary file: cstrike/addons/amxmodx/data/lang/walkguard.txt
L 05/28/2017 - 02:23:32: [walkguard.amxx] no zone-file found
L 05/28/2017 - 06:53:00: -------- Mapchange to deathrun_pyramid --------
L 05/28/2017 - 06:53:01: [AMXX] Failed to open dictionary file: cstrike/addons/amxmodx/data/lang/walkguard.txt
L 05/28/2017 - 06:53:02: [walkguard.amxx] no zone-file found
L 05/28/2017 - 10:09:11: -------- Mapchange to deathrun_standup --------
L 05/28/2017 - 10:09:13: [AMXX] Failed to open dictionary file: cstrike/addons/amxmodx/data/lang/walkguard.txt
L 05/28/2017 - 10:09:14: [walkguard.amxx] no zone-file found
L 05/28/2017 - 10:21:39: [admincmd.amxx] Cmd: "Dr.FioriGinal.Ro ~ Server Clasi<0><><>" slay "CR^zZCristina.<512><VALVE_0:4:210946683><>"
L 05/28/2017 - 10:43:28: -------- Mapchange to deathrun_sentinel --------
L 05/28/2017 - 10:43:39: -------- Mapchange to deathrun_forest --------
L 05/28/2017 - 10:43:47: [AMXX] Failed to open dictionary file: cstrike/addons/amxmodx/data/lang/walkguard.txt
L 05/28/2017 - 10:43:49: [walkguard.amxx] no zone-file found
L 05/28/2017 - 10:43:58: Invalid multi-lingual line (file "cstrike/addons/amxmodx/data/lang/rom_protect.txt" key "// *ROM-Protect// Plugin OpenSource anti-IsFlooding/bug-fix pentru orice server." lang "")
L 05/28/2017 - 10:43:58: Invalid multi-lingual line (file "cstrike/addons/amxmodx/data/lang/rom_protect.txt" key "// Versiunea : 1.0.4s-dev. Bulid : 98. Data lansarii versiunii : 03.12.2016." lang "")
L 05/28/2017 - 10:43:58: Invalid multi-lingual line (file "cstrike/addons/amxmodx/data/lang/rom_protect.txt" key "// Autor : lüxor # Dr.Fio & DR2.IND (+ eNd.) - SteamID (contact) : luxxxoor" lang "")
L 05/28/2017 - 10:43:58: Invalid multi-lingual line (file "cstrike/addons/amxmodx/data/lang/rom_protect.txt" key "// O productie FioriGinal.ro - site : www.fioriginal.ro" lang "")
L 05/28/2017 - 10:43:58: Invalid multi-lingual line (file "cstrike/addons/amxmodx/data/lang/rom_protect.txt" key "// Link forum de dezvoltare : http://forum.fioriginal.ro/amxmodx-plugins-pluginuri/rom-protect-anti-flood-bug-fix-t28292.html" lang "")
L 05/28/2017 - 10:43:58: Invalid multi-lingual line (file "cstrike/addons/amxmodx/data/lang/rom_protect.txt" key "// Link sursa : https://github.com/luxxxoor/ROM-Protect" lang "")
L 05/28/2017 - 10:43:58: Invalid multi-lingual line (file "cstrike/addons/amxmodx/data/lang/rom_protect.txt" key "// Colori : ^1 - Culoarea aleasa de jucator cu con_color." lang "")
L 05/28/2017 - 10:43:58: Invalid multi-lingual line (file "cstrike/addons/amxmodx/data/lang/rom_protect.txt" key "//          ^3 - Culoare gri." lang "")
L 05/28/2017 - 10:43:58: Invalid multi-lingual line (file "cstrike/addons/amxmodx/data/lang/rom_protect.txt" key "//          ^4 - Culoare verde." lang "")
L 05/28/2017 - 11:06:52: [admincmd.amxx] Cmd: "Dr.FioriGinal.Ro ~ Server Clasi<0><><>" slay "TG.BOGDAN # STT1<15><VALVE_0:4:70011122><>"
L 05/28/2017 - 11:37:03: -------- Mapchange to deathrun_jinglebells --------
L 05/28/2017 - 11:37:05: [AMXX] Failed to open dictionary file: cstrike/addons/amxmodx/data/lang/walkguard.txt
L 05/28/2017 - 11:37:06: [walkguard.amxx] no zone-file found
L 05/28/2017 - 11:54:07: [admin.amxx] Login: "Stifler<27><STEAM_0:0:1784836802><>" became an admin (account "Stifler") (access "b") (address "31.5.145.190")
L 05/28/2017 - 12:02:36: -------- Mapchange to deathrun_long_run --------
L 05/28/2017 - 12:02:37: [AMXX] Failed to open dictionary file: cstrike/addons/amxmodx/data/lang/walkguard.txt
L 05/28/2017 - 12:02:38: [walkguard.amxx] no zone-file found
L 05/28/2017 - 12:13:08: [admin.amxx] Login: "Stifler<37><STEAM_0:0:1784836802><>" became an admin (account "Stifler") (access "b") (address "31.5.145.190")
L 05/28/2017 - 12:26:08: [slayafk.amxx] joro a primit slay, deoarece a fost afk mai mult de 30 secunde
L 05/28/2017 - 12:26:23: [admincmd.amxx] Cmd: "Dr.FioriGinal.Ro ~ Server Clasi<0><><>" slay "Darren<49><VALVE_0:4:1245203579><>"
L 05/28/2017 - 12:34:08: [slayafk.amxx] Darren a primit slay, deoarece a fost afk mai mult de 30 secunde
L 05/28/2017 - 12:35:18: [admincmd.amxx] Cmd: "Dr.FioriGinal.Ro ~ Server Clasi<0><><>" slay "Darren<57><VALVE_0:4:1245203579><>"
L 05/28/2017 - 12:35:42: [admin.amxx] Login: "Stifler<58><STEAM_0:0:1784836802><>" became an admin (account "Stifler") (access "b") (address "31.5.145.190")
L 05/28/2017 - 12:36:08: [admincmd.amxx] Cmd: "Dr.FioriGinal.Ro ~ Server Clasi<0><><>" slay "Darren<59><VALVE_0:4:1245203579><>"
L 05/28/2017 - 12:40:48: [slayafk.amxx] Darren a primit slay, deoarece a fost afk mai mult de 30 secunde
L 05/28/2017 - 12:41:28: [slayafk.amxx] Darren a primit slay, deoarece a fost afk mai mult de 30 secunde
L 05/28/2017 - 13:21:18: -------- Mapchange to deathrun_virtualstrike --------
L 05/28/2017 - 13:21:20: [AMXX] Failed to open dictionary file: cstrike/addons/amxmodx/data/lang/walkguard.txt
L 05/28/2017 - 13:21:21: [walkguard.amxx] no zone-file found
L 05/28/2017 - 13:43:15: [slayafk.amxx] Darren a primit slay, deoarece a fost afk mai mult de 30 secunde
L 05/28/2017 - 13:45:40: [slayafk.amxx] Darren a primit slay, deoarece a fost afk mai mult de 30 secunde
L 05/28/2017 - 13:47:00: [slayafk.amxx] Darren a primit slay, deoarece a fost afk mai mult de 30 secunde
L 05/28/2017 - 13:57:58: [admin.amxx] Login: "SWAGGIE. XD<89><STEAM_0:1:120414993><>" became an admin (account "SWAGGIE. XD") (access "b") (address "109.98.131.207")
L 05/28/2017 - 13:58:00: [admin.amxx] Login: "SWAGGIE. XD<90><STEAM_0:1:120414993><>" became an admin (account "SWAGGIE. XD") (access "b") (address "109.98.131.207")
L 05/28/2017 - 13:58:53: [mapsmenu.amxx] Vote: "SWAGGIE. XD<90><STEAM_0:1:120414993><>" vote maps (map#1 "deathrun_raykium_xf") (map#2 "deathrun_jinglebells") (map#3 "") (map#4 "")
L 05/28/2017 - 13:58:55: [slayafk.amxx] Darren a primit slay, deoarece a fost afk mai mult de 30 secunde
L 05/28/2017 - 13:58:55: [slayafk.amxx] wicked e numefain a primit slay, deoarece a fost afk mai mult de 30 secunde
L 05/28/2017 - 13:59:05: [mapsmenu.amxx] Vote: Voting successful. Map will be changed to deathrun_raykium_xf
L 05/28/2017 - 14:00:05: [slayafk.amxx] wicked e numefain a primit slay, deoarece a fost afk mai mult de 30 secunde
L 05/28/2017 - 14:00:39: [admincmd.amxx] Cmd: "SWAGGIE. XD<90><STEAM_0:1:120414993><>" changelevel "deathrun_raykium_xf"
L 05/28/2017 - 14:00:41: -------- Mapchange to deathrun_raykium_xf --------
L 05/28/2017 - 14:00:43: [AMXX] Failed to open dictionary file: cstrike/addons/amxmodx/data/lang/walkguard.txt
L 05/28/2017 - 14:00:44: [walkguard.amxx] no zone-file found
L 05/28/2017 - 14:00:44: [admin.amxx] Login: "SWAGGIE. XD<90><STEAM_0:1:120414993><>" became an admin (account "SWAGGIE. XD") (access "b") (address "109.98.131.207")
L 05/28/2017 - 14:00:46: [admin.amxx] Login: "SWAGGIE. XD<94><STEAM_0:1:120414993><>" became an admin (account "SWAGGIE. XD") (access "b") (address "109.98.131.207")
L 05/28/2017 - 14:01:28: [admincmd.amxx] Cmd: "Dr.FioriGinal.Ro ~ Server Clasi<0><><>" slay "[mr] isam ghaith<100><STEAM_0:0:997819823><>"
L 05/28/2017 - 14:26:28: -------- Mapchange to deathrun_0mega --------
L 05/28/2017 - 14:26:29: [AMXX] Failed to open dictionary file: cstrike/addons/amxmodx/data/lang/walkguard.txt
L 05/28/2017 - 14:26:30: [walkguard.amxx] no zone-file found
L 05/28/2017 - 14:42:30: [slayafk.amxx] Flash* a primit slay, deoarece a fost afk mai mult de 30 secunde
L 05/28/2017 - 14:45:29: [admin.amxx] Login: "OreD<128><VALVE_0:4:1997207262><>" became an admin (account "OreD") (access "b") (address "5.15.73.71")
L 05/28/2017 - 14:45:31: [admin.amxx] Login: "OreD<129><VALVE_0:4:1997207262><>" became an admin (account "OreD") (access "b") (address "5.15.73.71")
L 05/28/2017 - 14:45:44: [admin.amxx] Login: "OreD<130><VALVE_0:4:1997207262><>" became an admin (account "OreD") (access "b") (address "5.15.73.71")
L 05/28/2017 - 14:45:50: [admincmd.amxx] Cmd: "Dr.FioriGinal.Ro ~ Server Clasi<0><><>" slay "OreD<130><VALVE_0:4:1997207262><>"
L 05/28/2017 - 14:46:46: [admin.amxx] Login: "OreD<132><VALVE_0:4:1997207262><>" became an admin (account "OreD") (access "b") (address "5.15.73.71")
L 05/28/2017 - 14:46:51: [admincmd.amxx] Cmd: "Dr.FioriGinal.Ro ~ Server Clasi<0><><>" slay "OreD<132><VALVE_0:4:1997207262><>"
L 05/28/2017 - 14:48:06: [admin.amxx] Login: "OreD<134><VALVE_0:4:1997207262><>" became an admin (account "OreD") (access "b") (address "5.15.73.71")
L 05/28/2017 - 14:48:12: [admincmd.amxx] Cmd: "Dr.FioriGinal.Ro ~ Server Clasi<0><><>" slay "OreD<134><VALVE_0:4:1997207262><>"
L 05/28/2017 - 14:52:25: -------- Mapchange to deathrun_discovery3 --------
L 05/28/2017 - 14:52:27: [AMXX] Failed to open dictionary file: cstrike/addons/amxmodx/data/lang/walkguard.txt
L 05/28/2017 - 14:52:28: [walkguard.amxx] no zone-file found
L 05/28/2017 - 14:53:15: [admincmd.amxx] Cmd: "Dr.FioriGinal.Ro ~ Server Clasi<0><><>" slay "Mr. NoBody<145><VALVE_0:4:1534587039><>"
L 05/28/2017 - 15:06:15: [admincmd.amxx] Cmd: "Dr.FioriGinal.Ro ~ Server Clasi<0><><>" slay "Ticnanana<150><STEAM_0:0:130124966><>"
L 05/28/2017 - 15:06:25: [admin.amxx] Login: "wKn<151><STEAM_0:0:196614190><>" kicked due to invalid password (account "wKn") (address "92.80.90.74")
L 05/28/2017 - 15:32:25: -------- Mapchange to deathrun_adi_blurez --------
L 05/28/2017 - 15:32:26: [AMXX] Failed to open dictionary file: cstrike/addons/amxmodx/data/lang/walkguard.txt
L 05/28/2017 - 15:32:27: [walkguard.amxx] no zone-file found
L 05/28/2017 - 15:45:00: [admin.amxx] Login: "tiganu<170><STEAM_0:0:187978272><>" became an admin (account "tiganu") (access "b") (address "79.117.128.134")
L 05/28/2017 - 15:46:27: [admin.amxx] Login: "tiganu<171><STEAM_0:0:187978272><>" became an admin (account "tiganu") (access "b") (address "79.117.128.134")
L 05/28/2017 - 15:46:33: [admincmd.amxx] Cmd: "Dr.FioriGinal.Ro ~ Server Clasi<0><><>" slay "tiganu<171><STEAM_0:0:187978272><>"
L 05/28/2017 - 16:06:27: [slayafk.amxx] Killer 161 Rus a primit slay, deoarece a fost afk mai mult de 30 secunde
L 05/28/2017 - 16:15:21: [admincmd.amxx] Cmd: "Dr.FioriGinal.Ro ~ Server Clasi<0><><>" slay "roLy<184><STEAM_0:0:1331322501><>"
L 05/28/2017 - 16:24:52: [slayafk.amxx] nVidia E8 Player a primit slay, deoarece a fost afk mai mult de 30 secunde
L 05/28/2017 - 16:25:32: [slayafk.amxx] nVidia E8 Player a primit slay, deoarece a fost afk mai mult de 30 secunde
L 05/28/2017 - 16:25:59: [admincmd.amxx] Cmd: "Dr.FioriGinal.Ro ~ Server Clasi<0><><>" slay "nVidia E8 Player<190><VALVE_0:4:555432255><>"
L 05/28/2017 - 16:47:59: [admin.amxx] Login: "tiganu<194><STEAM_0:0:187978272><>" became an admin (account "tiganu") (access "b") (address "79.117.128.134")
L 05/28/2017 - 16:50:49: [admincmd.amxx] Cmd: "Dr.FioriGinal.Ro ~ Server Clasi<0><><>" slay "wicked e numefain<198><VALVE_0:4:920577648><>"
L 05/28/2017 - 17:01:50: [admincmd.amxx] Cmd: "Dr.FioriGinal.Ro ~ Server Clasi<0><><>" slay "wicked e numefain<200><VALVE_0:4:920577648><>"
L 05/28/2017 - 17:02:27: [slayafk.amxx] wicked e numefain a primit slay, deoarece a fost afk mai mult de 30 secunde
L 05/28/2017 - 17:06:52: [admin.amxx] Login: "NebunieX<201><STEAM_0:0:53596872><>" became an admin (account "Nebuniex") (access "bit") (address "188.24.154.216")
L 05/28/2017 - 17:06:54: [admin.amxx] Login: "NebunieX<202><STEAM_0:0:53596872><>" became an admin (account "Nebuniex") (access "bit") (address "188.24.154.216")
L 05/28/2017 - 17:24:14: -------- Mapchange to deathrun_2h_estonia --------
L 05/28/2017 - 17:24:16: [AMXX] Failed to open dictionary file: cstrike/addons/amxmodx/data/lang/walkguard.txt
L 05/28/2017 - 17:24:17: [walkguard.amxx] no zone-file found
L 05/28/2017 - 17:24:44: [admincmd.amxx] Cmd: "Dr.FioriGinal.Ro ~ Server Clasi<0><><>" slay "Lucas<213><VALVE_0:4:2126642434><>"
L 05/28/2017 - 18:11:02: -------- Mapchange to deathrun_y_underground --------
L 05/28/2017 - 18:11:03: [AMXX] Failed to open dictionary file: cstrike/addons/amxmodx/data/lang/walkguard.txt
L 05/28/2017 - 18:11:04: [walkguard.amxx] no zone-file found
L 05/28/2017 - 18:13:32: [admincmd.amxx] Cmd: "Dr.FioriGinal.Ro ~ Server Clasi<0><><>" slay "slavik.<227><STEAM_0:0:2127527200><>"
L 05/28/2017 - 18:29:54: [slayafk.amxx] Darren a primit slay, deoarece a fost afk mai mult de 30 secunde
L 05/28/2017 - 18:34:39: [slayafk.amxx] eXe a primit slay, deoarece a fost afk mai mult de 30 secunde
L 05/28/2017 - 18:36:09: [slayafk.amxx] Darren a primit slay, deoarece a fost afk mai mult de 30 secunde
L 05/28/2017 - 18:36:54: [slayafk.amxx] Darren a primit slay, deoarece a fost afk mai mult de 30 secunde
L 05/28/2017 - 18:37:49: [slayafk.amxx] Darren a primit slay, deoarece a fost afk mai mult de 30 secunde
L 05/28/2017 - 18:39:24: [slayafk.amxx] Darren a primit slay, deoarece a fost afk mai mult de 30 secunde
L 05/28/2017 - 18:54:10: -------- Mapchange to deathrun_privateers --------
L 05/28/2017 - 18:54:12: [AMXX] Failed to open dictionary file: cstrike/addons/amxmodx/data/lang/walkguard.txt
L 05/28/2017 - 18:54:13: [walkguard.amxx] no zone-file found
L 05/28/2017 - 18:55:47: [slayafk.amxx] KILLer a primit slay, deoarece a fost afk mai mult de 30 secunde
L 05/28/2017 - 19:00:37: [slayafk.amxx] KILLer a primit slay, deoarece a fost afk mai mult de 30 secunde
L 05/28/2017 - 19:02:12: [slayafk.amxx] KILLer a primit slay, deoarece a fost afk mai mult de 30 secunde
L 05/28/2017 - 19:03:02: [slayafk.amxx] KILLer a primit slay, deoarece a fost afk mai mult de 30 secunde
L 05/28/2017 - 19:04:52: [slayafk.amxx] KILLer a primit slay, deoarece a fost afk mai mult de 30 secunde
L 05/28/2017 - 19:06:07: [slayafk.amxx] KILLer a primit slay, deoarece a fost afk mai mult de 30 secunde
L 05/28/2017 - 19:22:19: [admincmd.amxx] Cmd: "Dr.FioriGinal.Ro ~ Server Clasi<0><><>" slay "sf<259><STEAM_0:0:1522747117><>"
L 05/28/2017 - 19:35:49: [admin.amxx] Login: "Stifler<266><STEAM_0:0:1784836802><>" became an admin (account "Stifler") (access "b") (address "31.5.145.190")
L 05/28/2017 - 19:49:38: [admin.amxx] Login: "Stifler<270><STEAM_0:0:1784836802><>" became an admin (account "Stifler") (access "b") (address "31.5.145.190")
L 05/28/2017 - 20:23:28: -------- Mapchange to deathrun_rizzy_x --------
L 05/28/2017 - 20:23:29: [AMXX] Failed to open dictionary file: cstrike/addons/amxmodx/data/lang/walkguard.txt
L 05/28/2017 - 20:23:31: [walkguard.amxx] no zone-file found
L 05/28/2017 - 20:31:20: [admin.amxx] Login: "Stifler<289><STEAM_0:0:1784836802><>" became an admin (account "Stifler") (access "b") (address "31.5.145.190")
L 05/28/2017 - 20:32:03: [admin.amxx] Login: "Stifler<292><STEAM_0:0:1784836802><>" became an admin (account "Stifler") (access "b") (address "31.5.145.190")
L 05/28/2017 - 20:33:36: [admincmd.amxx] Cmd: "Dr.FioriGinal.Ro ~ Server Clasi<0><><>" slay "n1k0N<295><STEAM_0:0:910487252><>"
L 05/28/2017 - 20:41:38: [admincmd.amxx] Cmd: "Dr.FioriGinal.Ro ~ Server Clasi<0><><>" slay "n1k0N<299><STEAM_0:0:910487252><>"
L 05/28/2017 - 20:47:00: [admincmd.amxx] Cmd: "Dr.FioriGinal.Ro ~ Server Clasi<0><><>" slay "n1k0N<302><STEAM_0:0:910487252><>"
L 05/28/2017 - 20:48:35: [admin.amxx] Login: "vOci<303><STEAM_0:1:120471225><>" became an admin (account "vOci") (access "b") (address "188.24.212.125")
L 05/28/2017 - 20:48:53: [admincmd.amxx] Cmd: "Dr.FioriGinal.Ro ~ Server Clasi<0><><>" slay "n1k0N<304><STEAM_0:0:910487252><>"
L 05/28/2017 - 20:51:34: [admincmd.amxx] Cmd: "Dr.FioriGinal.Ro ~ Server Clasi<0><><>" slay "n1k0N<305><STEAM_0:0:910487252><>"
L 05/28/2017 - 20:54:51: [admin.amxx] Login: "Stifler<306><STEAM_0:0:1784836802><>" became an admin (account "Stifler") (access "b") (address "31.5.145.190")
L 05/28/2017 - 20:56:18: [admincmd.amxx] Cmd: "Dr.FioriGinal.Ro ~ Server Clasi<0><><>" slay "n1k0N<309><STEAM_0:0:910487252><>"
L 05/28/2017 - 20:58:24: [admincmd.amxx] Cmd: "Dr.FioriGinal.Ro ~ Server Clasi<0><><>" slay "n1k0N<311><STEAM_0:0:910487252><>"
L 05/28/2017 - 21:41:29: -------- Mapchange to deathrun_ghosts --------
L 05/28/2017 - 21:41:30: [AMXX] Failed to open dictionary file: cstrike/addons/amxmodx/data/lang/walkguard.txt
L 05/28/2017 - 21:41:31: [walkguard.amxx] no zone-file found
L 05/28/2017 - 21:45:05: [admin.amxx] Login: "Stifler<321><STEAM_0:0:1784836802><>" became an admin (account "Stifler") (access "b") (address "31.5.145.190")
L 05/28/2017 - 22:06:57: [admin.amxx] Login: "FAKE ^^<332><STEAM_0:0:272564954><>" became an admin (account "FAKE ^^") (access "bit") (address "95.76.2.228")
L 05/28/2017 - 23:11:52: -------- Mapchange to deathrun_sk_occult --------
L 05/28/2017 - 23:11:54: [AMXX] Failed to open dictionary file: cstrike/addons/amxmodx/data/lang/walkguard.txt
L 05/28/2017 - 23:11:55: [walkguard.amxx] no zone-file found
L 05/28/2017 - 23:41:53: -------- Mapchange to deathrun_jigsaw2 --------
L 05/28/2017 - 23:41:55: [AMXX] Failed to open dictionary file: cstrike/addons/amxmodx/data/lang/walkguard.txt
L 05/28/2017 - 23:41:56: [walkguard.amxx] no zone-file found
