L 06/10/2017 - 00:29:17: [admin.amxx] Login: "leet<435><STEAM_0:0:67562713><>" became an admin (account "leet") (access "b") (address "79.118.138.206")
L 06/10/2017 - 00:29:21: [admin.amxx] Login: "leet<436><STEAM_0:0:67562713><>" became an admin (account "leet") (access "b") (address "79.118.138.206")
L 06/10/2017 - 00:30:00: -------- Mapchange to deathrun_standup --------
L 06/10/2017 - 00:30:02: [AMXX] Failed to open dictionary file: cstrike/addons/amxmodx/data/lang/walkguard.txt
L 06/10/2017 - 00:30:02: [walkguard.amxx] no zone-file found
L 06/10/2017 - 01:43:37: -------- Mapchange to deathrun_sentinel --------
L 06/10/2017 - 01:43:48: -------- Mapchange to deathrun_forest --------
L 06/10/2017 - 01:43:55: [AMXX] Failed to open dictionary file: cstrike/addons/amxmodx/data/lang/walkguard.txt
L 06/10/2017 - 01:43:57: [walkguard.amxx] no zone-file found
L 06/10/2017 - 01:44:06: Invalid multi-lingual line (file "cstrike/addons/amxmodx/data/lang/rom_protect.txt" key "// *ROM-Protect// Plugin OpenSource anti-IsFlooding/bug-fix pentru orice server." lang "")
L 06/10/2017 - 01:44:06: Invalid multi-lingual line (file "cstrike/addons/amxmodx/data/lang/rom_protect.txt" key "// Versiunea : 1.0.4s-dev. Bulid : 98. Data lansarii versiunii : 03.12.2016." lang "")
L 06/10/2017 - 01:44:06: Invalid multi-lingual line (file "cstrike/addons/amxmodx/data/lang/rom_protect.txt" key "// Autor : lüxor # Dr.Fio & DR2.IND (+ eNd.) - SteamID (contact) : luxxxoor" lang "")
L 06/10/2017 - 01:44:06: Invalid multi-lingual line (file "cstrike/addons/amxmodx/data/lang/rom_protect.txt" key "// O productie FioriGinal.ro - site : www.fioriginal.ro" lang "")
L 06/10/2017 - 01:44:06: Invalid multi-lingual line (file "cstrike/addons/amxmodx/data/lang/rom_protect.txt" key "// Link forum de dezvoltare : http://forum.fioriginal.ro/amxmodx-plugins-pluginuri/rom-protect-anti-flood-bug-fix-t28292.html" lang "")
L 06/10/2017 - 01:44:06: Invalid multi-lingual line (file "cstrike/addons/amxmodx/data/lang/rom_protect.txt" key "// Link sursa : https://github.com/luxxxoor/ROM-Protect" lang "")
L 06/10/2017 - 01:44:06: Invalid multi-lingual line (file "cstrike/addons/amxmodx/data/lang/rom_protect.txt" key "// Colori : ^1 - Culoarea aleasa de jucator cu con_color." lang "")
L 06/10/2017 - 01:44:06: Invalid multi-lingual line (file "cstrike/addons/amxmodx/data/lang/rom_protect.txt" key "//          ^3 - Culoare gri." lang "")
L 06/10/2017 - 01:44:06: Invalid multi-lingual line (file "cstrike/addons/amxmodx/data/lang/rom_protect.txt" key "//          ^4 - Culoare verde." lang "")
L 06/10/2017 - 02:41:08: -------- Mapchange to deathrun_jinglebells --------
L 06/10/2017 - 02:41:10: [AMXX] Failed to open dictionary file: cstrike/addons/amxmodx/data/lang/walkguard.txt
L 06/10/2017 - 02:41:11: [walkguard.amxx] no zone-file found
L 06/10/2017 - 02:44:36: [admincmd.amxx] Cmd: "Dr.FioriGinal.Ro ~ Server Clasi<0><><>" slay "vERGA<10><STEAM_0:1:171316610><>"
L 06/10/2017 - 04:10:33: -------- Mapchange to deathrun_long_run --------
L 06/10/2017 - 04:10:35: [AMXX] Failed to open dictionary file: cstrike/addons/amxmodx/data/lang/walkguard.txt
L 06/10/2017 - 04:10:36: [walkguard.amxx] no zone-file found
L 06/10/2017 - 04:19:00: [slayafk.amxx] nVidia E7 Player a primit slay, deoarece a fost afk mai mult de 30 secunde
L 06/10/2017 - 07:14:32: -------- Mapchange to deathrun_virtualstrike --------
L 06/10/2017 - 07:14:33: [AMXX] Failed to open dictionary file: cstrike/addons/amxmodx/data/lang/walkguard.txt
L 06/10/2017 - 07:14:34: [walkguard.amxx] no zone-file found
L 06/10/2017 - 08:25:45: -------- Mapchange to deathrun_nightrun_beta3 --------
L 06/10/2017 - 08:25:47: [AMXX] Failed to open dictionary file: cstrike/addons/amxmodx/data/lang/walkguard.txt
L 06/10/2017 - 08:25:48: [walkguard.amxx] no zone-file found
L 06/10/2017 - 09:22:56: -------- Mapchange to deathrun_0mega --------
L 06/10/2017 - 09:22:57: [AMXX] Failed to open dictionary file: cstrike/addons/amxmodx/data/lang/walkguard.txt
L 06/10/2017 - 09:22:58: [walkguard.amxx] no zone-file found
L 06/10/2017 - 10:00:50: -------- Mapchange to deathrun_discovery3 --------
L 06/10/2017 - 10:00:51: [AMXX] Failed to open dictionary file: cstrike/addons/amxmodx/data/lang/walkguard.txt
L 06/10/2017 - 10:00:52: [walkguard.amxx] no zone-file found
L 06/10/2017 - 10:06:36: [slayafk.amxx] BombilO a primit slay, deoarece a fost afk mai mult de 30 secunde
L 06/10/2017 - 10:07:17: [slayafk.amxx] BombilO a primit slay, deoarece a fost afk mai mult de 30 secunde
L 06/10/2017 - 10:07:56: [slayafk.amxx] BombilO a primit slay, deoarece a fost afk mai mult de 30 secunde
L 06/10/2017 - 10:08:37: [slayafk.amxx] BombilO a primit slay, deoarece a fost afk mai mult de 30 secunde
L 06/10/2017 - 10:09:16: [slayafk.amxx] BombilO a primit slay, deoarece a fost afk mai mult de 30 secunde
L 06/10/2017 - 10:09:56: [slayafk.amxx] BombilO a primit slay, deoarece a fost afk mai mult de 30 secunde
L 06/10/2017 - 10:10:36: [slayafk.amxx] BombilO a primit slay, deoarece a fost afk mai mult de 30 secunde
L 06/10/2017 - 10:11:17: [slayafk.amxx] BombilO a primit slay, deoarece a fost afk mai mult de 30 secunde
L 06/10/2017 - 10:11:57: [slayafk.amxx] BombilO a primit slay, deoarece a fost afk mai mult de 30 secunde
L 06/10/2017 - 10:12:36: [slayafk.amxx] BombilO a primit slay, deoarece a fost afk mai mult de 30 secunde
L 06/10/2017 - 10:29:33: -------- Mapchange to deathrun_adi_blurez --------
L 06/10/2017 - 10:29:34: [AMXX] Failed to open dictionary file: cstrike/addons/amxmodx/data/lang/walkguard.txt
L 06/10/2017 - 10:29:35: [walkguard.amxx] no zone-file found
L 06/10/2017 - 10:45:21: [admin.amxx] Login: "wKn<64><STEAM_0:0:196614190><>" became an admin (account "wKn") (access "bit") (address "92.80.110.61")
L 06/10/2017 - 10:45:55: [slayafk.amxx] wKn a primit slay, deoarece a fost afk mai mult de 30 secunde
L 06/10/2017 - 11:06:55: -------- Mapchange to deathrun_2h_estonia --------
L 06/10/2017 - 11:06:56: [AMXX] Failed to open dictionary file: cstrike/addons/amxmodx/data/lang/walkguard.txt
L 06/10/2017 - 11:06:57: [walkguard.amxx] no zone-file found
L 06/10/2017 - 11:34:29: -------- Mapchange to deathrun_y_underground --------
L 06/10/2017 - 11:34:30: [AMXX] Failed to open dictionary file: cstrike/addons/amxmodx/data/lang/walkguard.txt
L 06/10/2017 - 11:34:31: [walkguard.amxx] no zone-file found
L 06/10/2017 - 11:56:47: [admincmd.amxx] Cmd: "Dr.FioriGinal.Ro ~ Server Clasi<0><><>" slay "[{RPG}]Tyk<87><STEAM_0:0:746636663><>"
L 06/10/2017 - 12:01:04: -------- Mapchange to deathrun_privateers --------
L 06/10/2017 - 12:01:05: [AMXX] Failed to open dictionary file: cstrike/addons/amxmodx/data/lang/walkguard.txt
L 06/10/2017 - 12:01:06: [walkguard.amxx] no zone-file found
L 06/10/2017 - 12:26:34: -------- Mapchange to deathrun_rizzy_x --------
L 06/10/2017 - 12:26:35: [AMXX] Failed to open dictionary file: cstrike/addons/amxmodx/data/lang/walkguard.txt
L 06/10/2017 - 12:26:36: [walkguard.amxx] no zone-file found
L 06/10/2017 - 13:29:47: -------- Mapchange to deathrun_ghosts --------
L 06/10/2017 - 13:29:49: [AMXX] Failed to open dictionary file: cstrike/addons/amxmodx/data/lang/walkguard.txt
L 06/10/2017 - 13:29:49: [walkguard.amxx] no zone-file found
L 06/10/2017 - 13:54:51: [admincmd.amxx] Cmd: "Dr.FioriGinal.Ro ~ Server Clasi<0><><>" slay "[mr] isam ghaith<122><STEAM_0:0:997819823><>"
L 06/10/2017 - 13:55:06: -------- Mapchange to deathrun_sk_occult --------
L 06/10/2017 - 13:55:08: [AMXX] Failed to open dictionary file: cstrike/addons/amxmodx/data/lang/walkguard.txt
L 06/10/2017 - 13:55:09: [walkguard.amxx] no zone-file found
L 06/10/2017 - 13:59:08: [admincmd.amxx] Cmd: "Dr.FioriGinal.Ro ~ Server Clasi<0><><>" slay "[mr] isam ghaith<128><STEAM_0:0:997819823><>"
L 06/10/2017 - 14:21:13: [slayafk.amxx] ded a primit slay, deoarece a fost afk mai mult de 30 secunde
L 06/10/2017 - 14:21:17: -------- Mapchange to deathrun_jigsaw2 --------
L 06/10/2017 - 14:21:18: [AMXX] Failed to open dictionary file: cstrike/addons/amxmodx/data/lang/walkguard.txt
L 06/10/2017 - 14:21:19: [walkguard.amxx] no zone-file found
L 06/10/2017 - 14:46:31: -------- Mapchange to deathrun_christmas --------
L 06/10/2017 - 14:46:32: [AMXX] Failed to open dictionary file: cstrike/addons/amxmodx/data/lang/walkguard.txt
L 06/10/2017 - 14:46:33: [walkguard.amxx] no zone-file found
L 06/10/2017 - 15:13:51: -------- Mapchange to deathrun_jinglebells2 --------
L 06/10/2017 - 15:13:52: [AMXX] Failed to open dictionary file: cstrike/addons/amxmodx/data/lang/walkguard.txt
L 06/10/2017 - 15:13:53: [walkguard.amxx] no zone-file found
L 06/10/2017 - 15:27:50: [admincmd.amxx] Cmd: "Dr.FioriGinal.Ro ~ Server Clasi<0><><>" slay "TG.BOGDAN # STT1<157><VALVE_0:4:70011122><>"
L 06/10/2017 - 15:45:57: -------- Mapchange to deathrun_gb_winter_final4 --------
L 06/10/2017 - 15:45:58: [AMXX] Failed to open dictionary file: cstrike/addons/amxmodx/data/lang/walkguard.txt
L 06/10/2017 - 15:45:59: [walkguard.amxx] no zone-file found
L 06/10/2017 - 15:49:09: [slayafk.amxx] EfFeC7 a primit slay, deoarece a fost afk mai mult de 30 secunde
L 06/10/2017 - 15:55:03: [admin.amxx] Login: "SWAGGIE. XD<166><STEAM_0:1:120414993><>" became an admin (account "SWAGGIE. XD") (access "b") (address "109.98.131.207")
L 06/10/2017 - 15:56:16: [admincmd.amxx] Cmd: "Dr.FioriGinal.Ro ~ Server Clasi<0><><>" slay "raiculetzz<169><STEAM_0:0:1021283018><>"
L 06/10/2017 - 16:16:36: [admincmd.amxx] Cmd: "Dr.FioriGinal.Ro ~ Server Clasi<0><><>" slay "roLy<187><STEAM_0:0:1331322501><>"
L 06/10/2017 - 16:45:30: -------- Mapchange to deathrun_expres-winter --------
L 06/10/2017 - 16:45:31: [AMXX] Failed to open dictionary file: cstrike/addons/amxmodx/data/lang/walkguard.txt
L 06/10/2017 - 16:45:32: [walkguard.amxx] no zone-file found
L 06/10/2017 - 17:16:02: [admincmd.amxx] Cmd: "Dr.FioriGinal.Ro ~ Server Clasi<0><><>" slay "mA3k.#.hns<212><VALVE_0:4:614861186><>"
L 06/10/2017 - 17:16:06: -------- Mapchange to deathrun_alleywinter --------
L 06/10/2017 - 17:16:07: [AMXX] Failed to open dictionary file: cstrike/addons/amxmodx/data/lang/walkguard.txt
L 06/10/2017 - 17:16:08: [walkguard.amxx] no zone-file found
L 06/10/2017 - 17:44:00: -------- Mapchange to deathrun_trenal_lux --------
L 06/10/2017 - 17:44:01: [AMXX] Failed to open dictionary file: cstrike/addons/amxmodx/data/lang/walkguard.txt
L 06/10/2017 - 17:44:02: [walkguard.amxx] no zone-file found
L 06/10/2017 - 18:11:58: -------- Mapchange to deathrun_greyskull --------
L 06/10/2017 - 18:11:59: [AMXX] Failed to open dictionary file: cstrike/addons/amxmodx/data/lang/walkguard.txt
L 06/10/2017 - 18:12:00: [walkguard.amxx] no zone-file found
L 06/10/2017 - 18:33:09: [admincmd.amxx] Cmd: "Dr.FioriGinal.Ro ~ Server Clasi<0><><>" slay "LALALA<252><VALVE_0:4:1589560042><>"
L 06/10/2017 - 18:44:30: [slayafk.amxx] FANAT M9SNIKA a primit slay, deoarece a fost afk mai mult de 30 secunde
L 06/10/2017 - 18:45:10: [slayafk.amxx] FANAT M9SNIKA a primit slay, deoarece a fost afk mai mult de 30 secunde
L 06/10/2017 - 18:46:15: [slayafk.amxx] FANAT M9SNIKA a primit slay, deoarece a fost afk mai mult de 30 secunde
L 06/10/2017 - 18:47:00: [slayafk.amxx] FANAT M9SNIKA a primit slay, deoarece a fost afk mai mult de 30 secunde
L 06/10/2017 - 18:50:30: [slayafk.amxx] FANAT M9SNIKA a primit slay, deoarece a fost afk mai mult de 30 secunde
L 06/10/2017 - 18:54:36: [admincmd.amxx] Cmd: "Dr.FioriGinal.Ro ~ Server Clasi<0><><>" slay "Eazy<267><VALVE_0:4:1085963266><>"
L 06/10/2017 - 19:31:09: [admincmd.amxx] Cmd: "Dr.FioriGinal.Ro ~ Server Clasi<0><><>" slay "mwheeldown.rebel1<279><STEAM_0:0:69535170><>"
L 06/10/2017 - 19:45:17: -------- Mapchange to deathrun_stronghold_beta1 --------
L 06/10/2017 - 19:45:18: [AMXX] Failed to open dictionary file: cstrike/addons/amxmodx/data/lang/walkguard.txt
L 06/10/2017 - 19:45:19: [walkguard.amxx] no zone-file found
L 06/10/2017 - 20:12:08: -------- Mapchange to deathrun_aztecan_beta1 --------
L 06/10/2017 - 20:12:09: [AMXX] Failed to open dictionary file: cstrike/addons/amxmodx/data/lang/walkguard.txt
L 06/10/2017 - 20:12:10: [walkguard.amxx] no zone-file found
L 06/10/2017 - 20:23:49: [admincmd.amxx] Cmd: "Dr.FioriGinal.Ro ~ Server Clasi<0><><>" slay "tiganu #4RUN<306><STEAM_0:0:187978272><>"
L 06/10/2017 - 20:24:19: [admincmd.amxx] Cmd: "Dr.FioriGinal.Ro ~ Server Clasi<0><><>" slay "CriMiNaLz.<308><VALVE_0:4:243575052><>"
L 06/10/2017 - 20:25:00: [slayafk.amxx] CriMiNaLz. a primit slay, deoarece a fost afk mai mult de 30 secunde
L 06/10/2017 - 20:26:00: [slayafk.amxx] CriMiNaLz. a primit slay, deoarece a fost afk mai mult de 30 secunde
L 06/10/2017 - 20:26:40: [slayafk.amxx] CriMiNaLz. a primit slay, deoarece a fost afk mai mult de 30 secunde
L 06/10/2017 - 20:27:20: [slayafk.amxx] CriMiNaLz. a primit slay, deoarece a fost afk mai mult de 30 secunde
L 06/10/2017 - 20:38:48: -------- Mapchange to deathrun_pyramid --------
L 06/10/2017 - 20:38:49: [AMXX] Failed to open dictionary file: cstrike/addons/amxmodx/data/lang/walkguard.txt
L 06/10/2017 - 20:38:50: [walkguard.amxx] no zone-file found
L 06/10/2017 - 21:17:46: -------- Mapchange to deathrun_standup --------
L 06/10/2017 - 21:17:48: [AMXX] Failed to open dictionary file: cstrike/addons/amxmodx/data/lang/walkguard.txt
L 06/10/2017 - 21:17:49: [walkguard.amxx] no zone-file found
L 06/10/2017 - 21:40:25: [admincmd.amxx] Cmd: "Dr.FioriGinal.Ro ~ Server Clasi<0><><>" slay "Eazy #1337<348><VALVE_0:4:1085963266><>"
L 06/10/2017 - 21:44:21: [admincmd.amxx] Cmd: "Dr.FioriGinal.Ro ~ Server Clasi<0><><>" slay "Eazy #1337<349><VALVE_0:4:1085963266><>"
L 06/10/2017 - 21:50:40: [admin.amxx] Login: "FAKE ^^<350><STEAM_0:0:272564954><>" became an admin (account "FAKE ^^") (access "bit") (address "95.76.2.163")
L 06/10/2017 - 21:51:41: [admin.amxx] Login: "FAKE ^^<351><STEAM_0:0:272564954><>" became an admin (account "FAKE ^^") (access "bit") (address "95.76.2.163")
L 06/10/2017 - 22:23:35: -------- Mapchange to deathrun_sentinel --------
L 06/10/2017 - 22:23:45: -------- Mapchange to deathrun_forest --------
L 06/10/2017 - 22:23:53: [AMXX] Failed to open dictionary file: cstrike/addons/amxmodx/data/lang/walkguard.txt
L 06/10/2017 - 22:23:56: [walkguard.amxx] no zone-file found
L 06/10/2017 - 22:24:04: Invalid multi-lingual line (file "cstrike/addons/amxmodx/data/lang/rom_protect.txt" key "// *ROM-Protect// Plugin OpenSource anti-IsFlooding/bug-fix pentru orice server." lang "")
L 06/10/2017 - 22:24:04: Invalid multi-lingual line (file "cstrike/addons/amxmodx/data/lang/rom_protect.txt" key "// Versiunea : 1.0.4s-dev. Bulid : 98. Data lansarii versiunii : 03.12.2016." lang "")
L 06/10/2017 - 22:24:04: Invalid multi-lingual line (file "cstrike/addons/amxmodx/data/lang/rom_protect.txt" key "// Autor : lüxor # Dr.Fio & DR2.IND (+ eNd.) - SteamID (contact) : luxxxoor" lang "")
L 06/10/2017 - 22:24:04: Invalid multi-lingual line (file "cstrike/addons/amxmodx/data/lang/rom_protect.txt" key "// O productie FioriGinal.ro - site : www.fioriginal.ro" lang "")
L 06/10/2017 - 22:24:04: Invalid multi-lingual line (file "cstrike/addons/amxmodx/data/lang/rom_protect.txt" key "// Link forum de dezvoltare : http://forum.fioriginal.ro/amxmodx-plugins-pluginuri/rom-protect-anti-flood-bug-fix-t28292.html" lang "")
L 06/10/2017 - 22:24:04: Invalid multi-lingual line (file "cstrike/addons/amxmodx/data/lang/rom_protect.txt" key "// Link sursa : https://github.com/luxxxoor/ROM-Protect" lang "")
L 06/10/2017 - 22:24:04: Invalid multi-lingual line (file "cstrike/addons/amxmodx/data/lang/rom_protect.txt" key "// Colori : ^1 - Culoarea aleasa de jucator cu con_color." lang "")
L 06/10/2017 - 22:24:04: Invalid multi-lingual line (file "cstrike/addons/amxmodx/data/lang/rom_protect.txt" key "//          ^3 - Culoare gri." lang "")
L 06/10/2017 - 22:24:04: Invalid multi-lingual line (file "cstrike/addons/amxmodx/data/lang/rom_protect.txt" key "//          ^4 - Culoare verde." lang "")
L 06/10/2017 - 22:43:55: [admin.amxx] Login: "FAKE ^^<11><STEAM_0:0:272564954><>" became an admin (account "FAKE ^^") (access "bit") (address "95.76.2.163")
L 06/10/2017 - 22:49:41: [admincmd.amxx] Cmd: "Dr.FioriGinal.Ro ~ Server Clasi<0><><>" slay "[mr] isam ghaith<13><STEAM_0:0:997819823><>"
L 06/10/2017 - 22:50:14: [admincmd.amxx] Cmd: "Dr.FioriGinal.Ro ~ Server Clasi<0><><>" slay "[mr] isam ghaith<15><STEAM_0:0:997819823><>"
L 06/10/2017 - 22:52:18: [admincmd.amxx] Cmd: "Dr.FioriGinal.Ro ~ Server Clasi<0><><>" slay "[mr] isam ghaith<17><STEAM_0:0:997819823><>"
L 06/10/2017 - 23:30:41: -------- Mapchange to deathrun_jinglebells --------
L 06/10/2017 - 23:30:43: [AMXX] Failed to open dictionary file: cstrike/addons/amxmodx/data/lang/walkguard.txt
L 06/10/2017 - 23:30:44: [walkguard.amxx] no zone-file found
