L 01/25/2017 - 00:00:08: [admin.amxx] Login: "anca<1964><STEAM_0:0:58514266><>" became an admin (account "anca") (access "bi") (address "109.103.126.196")
L 01/25/2017 - 00:00:09: [admin.amxx] Login: "anca<1965><STEAM_0:0:58514266><>" became an admin (account "anca") (access "bi") (address "109.103.126.196")
L 01/25/2017 - 00:26:48: -------- Mapchange to deathrun_jinglebells --------
L 01/25/2017 - 00:26:50: [comp_timer2.amxx] Error on query: You have an error in your SQL syntax; check the manual that corresponds to your MySQL server version for the right syntax to use near '' at line 1
L 01/25/2017 - 00:26:50: [comp_timer2.amxx] FailState == TQUERY_QUERY_FAILED, Query failed.
L 01/25/2017 - 00:38:04: [admin.amxx] Login: "trysz<1977><STEAM_0:0:151659743><>" became an admin (account "Trysz") (access "bi") (address "89.120.5.180")
L 01/25/2017 - 01:04:04: -------- Mapchange to deathrun_wild --------
L 01/25/2017 - 01:04:05: [comp_timer2.amxx] Error on query: You have an error in your SQL syntax; check the manual that corresponds to your MySQL server version for the right syntax to use near '' at line 1
L 01/25/2017 - 01:04:05: [comp_timer2.amxx] FailState == TQUERY_QUERY_FAILED, Query failed.
L 01/25/2017 - 01:07:18: [comp_timer2.amxx] Error on query: You have an error in your SQL syntax; check the manual that corresponds to your MySQL server version for the right syntax to use near 'QUESt1337.<3' AND Map = 'deathrun_wild'' at line 1
L 01/25/2017 - 01:07:18: [comp_timer2.amxx] FailState == TQUERY_QUERY_FAILED, Query failed.
L 01/25/2017 - 01:19:45: [admincmd.amxx] Cmd: "Dr.FioriGinal.Ro ~ Server Clasi<0><><>" slay "hAbsk4y.#(authority)<1988><STEAM_0:1:112936335><>"
L 01/25/2017 - 01:21:00: [admincmd.amxx] Cmd: "Dr.FioriGinal.Ro ~ Server Clasi<0><><>" slay "hAbsk4y.#(authority)<1990><STEAM_0:1:112936335><>"
L 01/25/2017 - 01:28:29: [admin.amxx] Login: "SWAGGIE. XD<1993><VALVE_0:4:862961770><>" became an admin (account "SWAGGIE. XD") (access "bi") (address "109.98.131.207")
L 01/25/2017 - 01:28:30: [admin.amxx] Login: "SWAGGIE. XD<1994><VALVE_0:4:862961770><>" became an admin (account "SWAGGIE. XD") (access "bi") (address "109.98.131.207")
L 01/25/2017 - 02:23:34: -------- Mapchange to deathrun_all_green --------
L 01/25/2017 - 02:23:35: [comp_timer2.amxx] Error on query: You have an error in your SQL syntax; check the manual that corresponds to your MySQL server version for the right syntax to use near '' at line 1
L 01/25/2017 - 02:23:35: [comp_timer2.amxx] FailState == TQUERY_QUERY_FAILED, Query failed.
L 01/25/2017 - 03:24:07: -------- Mapchange to deathrun_av2009 --------
L 01/25/2017 - 03:24:08: [comp_timer2.amxx] Error on query: You have an error in your SQL syntax; check the manual that corresponds to your MySQL server version for the right syntax to use near '' at line 1
L 01/25/2017 - 03:24:08: [comp_timer2.amxx] FailState == TQUERY_QUERY_FAILED, Query failed.
L 01/25/2017 - 05:23:49: -------- Mapchange to deathrun_insider --------
L 01/25/2017 - 05:23:51: [comp_timer2.amxx] Error on query: You have an error in your SQL syntax; check the manual that corresponds to your MySQL server version for the right syntax to use near '' at line 1
L 01/25/2017 - 05:23:51: [comp_timer2.amxx] FailState == TQUERY_QUERY_FAILED, Query failed.
L 01/25/2017 - 05:38:40: [slayafk.amxx] JustKILL a primit slay, deoarece a fost afk mai mult de 30 secunde
L 01/25/2017 - 06:40:41: -------- Mapchange to deathrun_hell1337_final --------
L 01/25/2017 - 06:40:43: [comp_timer2.amxx] Error on query: You have an error in your SQL syntax; check the manual that corresponds to your MySQL server version for the right syntax to use near '' at line 1
L 01/25/2017 - 06:40:43: [comp_timer2.amxx] FailState == TQUERY_QUERY_FAILED, Query failed.
L 01/25/2017 - 07:21:51: -------- Mapchange to deathrun_toony_beta1 --------
L 01/25/2017 - 07:21:53: [comp_timer2.amxx] Error on query: You have an error in your SQL syntax; check the manual that corresponds to your MySQL server version for the right syntax to use near '' at line 1
L 01/25/2017 - 07:21:53: [comp_timer2.amxx] FailState == TQUERY_QUERY_FAILED, Query failed.
L 01/25/2017 - 07:48:43: -------- Mapchange to deathrun_3sixty_fg_fix2 --------
L 01/25/2017 - 07:48:45: [comp_timer2.amxx] Error on query: You have an error in your SQL syntax; check the manual that corresponds to your MySQL server version for the right syntax to use near '' at line 1
L 01/25/2017 - 07:48:45: [comp_timer2.amxx] FailState == TQUERY_QUERY_FAILED, Query failed.
L 01/25/2017 - 08:15:26: -------- Mapchange to deathrun_army_blue_beta1 --------
L 01/25/2017 - 08:15:27: [comp_timer2.amxx] Error on query: You have an error in your SQL syntax; check the manual that corresponds to your MySQL server version for the right syntax to use near '' at line 1
L 01/25/2017 - 08:15:27: [comp_timer2.amxx] FailState == TQUERY_QUERY_FAILED, Query failed.
L 01/25/2017 - 08:40:47: -------- Mapchange to deathrun_expres-winter --------
L 01/25/2017 - 08:40:48: [comp_timer2.amxx] Error on query: You have an error in your SQL syntax; check the manual that corresponds to your MySQL server version for the right syntax to use near '' at line 1
L 01/25/2017 - 08:40:48: [comp_timer2.amxx] FailState == TQUERY_QUERY_FAILED, Query failed.
L 01/25/2017 - 08:51:43: [admincmd.amxx] Cmd: "Dr.FioriGinal.Ro ~ Server Clasi<0><><>" slay "Vallentina<2063><STEAM_0:0:602944204><>"
L 01/25/2017 - 09:04:31: [admincmd.amxx] Cmd: "Dr.FioriGinal.Ro ~ Server Clasi<0><><>" slay "NIDAL<2068><STEAM_0:0:1369721915><>"
L 01/25/2017 - 09:22:15: [admincmd.amxx] Cmd: "Dr.FioriGinal.Ro ~ Server Clasi<0><><>" slay "helooo<2071><VALVE_0:4:1416577514><>"
L 01/25/2017 - 09:32:50: -------- Mapchange to deathrun_laikiux7 --------
L 01/25/2017 - 09:32:51: [comp_timer2.amxx] Error on query: You have an error in your SQL syntax; check the manual that corresponds to your MySQL server version for the right syntax to use near '' at line 1
L 01/25/2017 - 09:32:51: [comp_timer2.amxx] FailState == TQUERY_QUERY_FAILED, Query failed.
L 01/25/2017 - 09:52:25: [admincmd.amxx] Cmd: "Dr.FioriGinal.Ro ~ Server Clasi<0><><>" slay "JustKILL<2086><STEAM_0:0:516949682><>"
L 01/25/2017 - 10:06:30: [admin.amxx] Login: "Andreea<2092><VALVE_0:4:1166530549><>" kicked due to invalid password (account "Andreea") (address "82.77.83.34")
L 01/25/2017 - 10:27:07: [admin.amxx] Login: "fl0ppy<2099><STEAM_0:0:1265142720><>" became an admin (account "fl0ppy") (access "bi") (address "86.127.99.205")
L 01/25/2017 - 10:27:09: [admin.amxx] Login: "fl0ppy<2100><STEAM_0:0:1265142720><>" became an admin (account "fl0ppy") (access "bi") (address "86.127.99.205")
L 01/25/2017 - 10:34:28: [admin.amxx] Login: "LinuxBENZ<2106><STEAM_0:0:1282202460><>" kicked due to invalid password (account "LinuxBENZ") (address "82.77.209.225")
L 01/25/2017 - 10:34:39: [admin.amxx] Login: "LinuxBENZ<2107><STEAM_0:0:1282202460><>" became an admin (account "LinuxBENZ") (access "bi") (address "82.77.209.225")
L 01/25/2017 - 10:34:42: [admin.amxx] Login: "LinuxBENZ<2108><STEAM_0:0:1282202460><>" became an admin (account "LinuxBENZ") (access "bi") (address "82.77.209.225")
L 01/25/2017 - 10:34:55: [adminchat.amxx] Chat: "fl0ppy<2100><STEAM_0:0:1265142720><>" chat "."
L 01/25/2017 - 10:35:00: [adminchat.amxx] Chat: "LinuxBENZ<2108><STEAM_0:0:1282202460><>" chat ""
L 01/25/2017 - 10:35:05: [adminchat.amxx] Chat: "fl0ppy<2100><STEAM_0:0:1265142720><>" chat ""
L 01/25/2017 - 10:35:09: [adminchat.amxx] Chat: "LinuxBENZ<2108><STEAM_0:0:1282202460><>" chat "|"
L 01/25/2017 - 10:35:17: [adminchat.amxx] Chat: "fl0ppy<2100><STEAM_0:0:1265142720><>" chat "linux"
L 01/25/2017 - 10:35:20: [adminchat.amxx] Chat: "fl0ppy<2100><STEAM_0:0:1265142720><>" chat "cat ai la up?"
L 01/25/2017 - 10:35:29: [adminchat.amxx] Chat: "LinuxBENZ<2108><STEAM_0:0:1282202460><>" chat " la ce ?"
L 01/25/2017 - 10:35:32: [adminchat.amxx] Chat: "fl0ppy<2100><STEAM_0:0:1265142720><>" chat "la up"
L 01/25/2017 - 10:41:11: [slayafk.amxx] Daky69 a primit slay, deoarece a fost afk mai mult de 30 secunde
L 01/25/2017 - 10:42:03: [admincmd.amxx] Cmd: "Dr.FioriGinal.Ro ~ Server Clasi<0><><>" slay "Daky69<2119><STEAM_0:0:523798960><>"
L 01/25/2017 - 11:00:28: [admincmd.amxx] Cmd: "Dr.FioriGinal.Ro ~ Server Clasi<0><><>" slay "Pyky<2126><VALVE_0:4:1771002738><>"
L 01/25/2017 - 11:02:44: [admincmd.amxx] Cmd: "Dr.FioriGinal.Ro ~ Server Clasi<0><><>" slay "RusiaNN<2128><VALVE_0:4:384300894><>"
L 01/25/2017 - 11:04:44: [admin.amxx] Login: "LoV3<2130><STEAM_0:0:137776089><>" became an admin (account "LoV3") (access "bi") (address "109.102.38.10")
L 01/25/2017 - 11:09:41: [slayafk.amxx] I LoVe YoU ! <3 a primit slay, deoarece a fost afk mai mult de 30 secunde
L 01/25/2017 - 11:21:43: [admincmd.amxx] Cmd: "Dr.FioriGinal.Ro ~ Server Clasi<0><><>" slay "Joey<2139><STEAM_0:0:923501254><>"
L 01/25/2017 - 11:34:27: [admin.amxx] Login: "Andreea<2147><VALVE_0:4:1166530549><>" kicked due to invalid password (account "Andreea") (address "82.77.83.34")
L 01/25/2017 - 11:35:06: [admincmd.amxx] Cmd: "Dr.FioriGinal.Ro ~ Server Clasi<0><><>" slay "Free ((WiFi))<2149><VALVE_0:4:1166530549><>"
L 01/25/2017 - 11:40:06: [slayafk.amxx] JustKILL a primit slay, deoarece a fost afk mai mult de 30 secunde
L 01/25/2017 - 11:43:42: [admincmd.amxx] Cmd: "Dr.FioriGinal.Ro ~ Server Clasi<0><><>" slay "MaWeRiK<2159><VALVE_0:4:645677546><>"
L 01/25/2017 - 11:50:32: [admin.amxx] Login: "LoV3<2164><STEAM_0:0:137776089><>" became an admin (account "LoV3") (access "bi") (address "109.102.38.10")
L 01/25/2017 - 11:52:49: -------- Mapchange to deathrun_aventure --------
L 01/25/2017 - 11:52:50: [comp_timer2.amxx] Error on query: You have an error in your SQL syntax; check the manual that corresponds to your MySQL server version for the right syntax to use near '' at line 1
L 01/25/2017 - 11:52:50: [comp_timer2.amxx] FailState == TQUERY_QUERY_FAILED, Query failed.
L 01/25/2017 - 11:52:51: [admin.amxx] Login: "LoV3<2164><STEAM_0:0:137776089><>" became an admin (account "LoV3") (access "bi") (address "109.102.38.10")
L 01/25/2017 - 12:19:26: -------- Mapchange to deathrun_neon --------
L 01/25/2017 - 12:19:27: [comp_timer2.amxx] Error on query: You have an error in your SQL syntax; check the manual that corresponds to your MySQL server version for the right syntax to use near '' at line 1
L 01/25/2017 - 12:19:27: [comp_timer2.amxx] FailState == TQUERY_QUERY_FAILED, Query failed.
L 01/25/2017 - 12:40:52: [admin.amxx] Login: "cool<2184><STEAM_0:1:25922700><>" became an admin (account "cool") (access "bi") (address "5.14.101.234")
L 01/25/2017 - 12:40:54: [admin.amxx] Login: "cool<2185><STEAM_0:1:25922700><>" became an admin (account "cool") (access "bi") (address "5.14.101.234")
L 01/25/2017 - 12:51:47: [slayafk.amxx] dawood eid a primit slay, deoarece a fost afk mai mult de 30 secunde
L 01/25/2017 - 12:52:47: [slayafk.amxx] dawood eid a primit slay, deoarece a fost afk mai mult de 30 secunde
L 01/25/2017 - 12:53:27: [slayafk.amxx] cool a primit slay, deoarece a fost afk mai mult de 30 secunde
L 01/25/2017 - 12:54:02: [slayafk.amxx] dawood eid a primit slay, deoarece a fost afk mai mult de 30 secunde
L 01/25/2017 - 12:54:37: [slayafk.amxx] cool a primit slay, deoarece a fost afk mai mult de 30 secunde
L 01/25/2017 - 12:55:37: [slayafk.amxx] cool a primit slay, deoarece a fost afk mai mult de 30 secunde
L 01/25/2017 - 12:56:37: [slayafk.amxx] cool a primit slay, deoarece a fost afk mai mult de 30 secunde
L 01/25/2017 - 12:56:54: [admincmd.amxx] Cmd: "Dr.FioriGinal.Ro ~ Server Clasi<0><><>" slay "Default-GB<2191><STEAM_0:0:97310199><>"
L 01/25/2017 - 12:58:17: [slayafk.amxx] cool a primit slay, deoarece a fost afk mai mult de 30 secunde
L 01/25/2017 - 12:58:57: [slayafk.amxx] cool a primit slay, deoarece a fost afk mai mult de 30 secunde
L 01/25/2017 - 12:59:37: [slayafk.amxx] cool a primit slay, deoarece a fost afk mai mult de 30 secunde
L 01/25/2017 - 13:00:27: [slayafk.amxx] cool a primit slay, deoarece a fost afk mai mult de 30 secunde
L 01/25/2017 - 13:00:32: [admin.amxx] Login: "Joker$*<2193><VALVE_0:4:1177114866><>" became an admin (account "Joker$*") (access "bi") (address "92.83.14.37")
L 01/25/2017 - 13:00:39: [admin.amxx] Login: "Joker$*<2194><VALVE_0:4:1177114866><>" became an admin (account "Joker$*") (access "bi") (address "92.83.14.37")
L 01/25/2017 - 13:01:27: [slayafk.amxx] Default-GB a primit slay, deoarece a fost afk mai mult de 30 secunde
L 01/25/2017 - 13:02:07: [slayafk.amxx] cool a primit slay, deoarece a fost afk mai mult de 30 secunde
L 01/25/2017 - 13:03:48: -------- Mapchange to deathrun_c00l_f --------
L 01/25/2017 - 13:03:50: [comp_timer2.amxx] Error on query: You have an error in your SQL syntax; check the manual that corresponds to your MySQL server version for the right syntax to use near '' at line 1
L 01/25/2017 - 13:03:50: [comp_timer2.amxx] FailState == TQUERY_QUERY_FAILED, Query failed.
L 01/25/2017 - 13:03:50: [admin.amxx] Login: "Joker$*<2194><VALVE_0:4:1177114866><>" became an admin (account "Joker$*") (access "bi") (address "92.83.14.37")
L 01/25/2017 - 13:03:56: [admin.amxx] Login: "Joker$*<2198><VALVE_0:4:1177114866><>" became an admin (account "Joker$*") (access "bi") (address "92.83.14.37")
L 01/25/2017 - 13:13:32: [admin.amxx] Login: "Joker$*<2203><VALVE_0:4:1177114866><>" became an admin (account "Joker$*") (access "bi") (address "92.83.14.37")
L 01/25/2017 - 13:17:17: [adminchat.amxx] Chat: "Joker$*<2203><VALVE_0:4:1177114866><>" say "nu am acces la amx_map.. dau vot dar tot trebuie sa asteptam"
L 01/25/2017 - 13:29:36: -------- Mapchange to deathrun_bhopz --------
L 01/25/2017 - 13:29:38: [comp_timer2.amxx] Error on query: You have an error in your SQL syntax; check the manual that corresponds to your MySQL server version for the right syntax to use near '' at line 1
L 01/25/2017 - 13:29:38: [comp_timer2.amxx] FailState == TQUERY_QUERY_FAILED, Query failed.
L 01/25/2017 - 13:32:16: [admincmd.amxx] Cmd: "Dr.FioriGinal.Ro ~ Server Clasi<0><><>" slay "Default-GB<2213><STEAM_0:0:97310199><>"
L 01/25/2017 - 13:38:01: [admin.amxx] Login: "Cuppy # LePatron<2220><STEAM_0:1:193294027><>" became an admin (account "Cuppy # LePatron") (access "bi") (address "46.253.168.87")
L 01/25/2017 - 13:39:32: [admincmd.amxx] Cmd: "Dr.FioriGinal.Ro ~ Server Clasi<0><><>" slay "that tiger' QUESt1337.<3<2223><STEAM_0:0:84612050><>"
L 01/25/2017 - 13:41:30: [admin.amxx] Login: "Joker$*<2224><VALVE_0:4:1177114866><>" became an admin (account "Joker$*") (access "bi") (address "92.83.14.37")
L 01/25/2017 - 13:43:39: [admin.amxx] Login: "cool<2225><STEAM_0:1:25922700><>" became an admin (account "cool") (access "bi") (address "5.14.101.234")
L 01/25/2017 - 13:43:41: [admin.amxx] Login: "cool<2226><STEAM_0:1:25922700><>" became an admin (account "cool") (access "bi") (address "5.14.101.234")
L 01/25/2017 - 13:46:02: [adminchat.amxx] Chat: "Joker$*<2224><VALVE_0:4:1177114866><>" say "daca prind trenul scot un 1.29"
L 01/25/2017 - 13:47:08: [admincmd.amxx] Cmd: "Joker$*<2224><VALVE_0:4:1177114866><>" slay "cool<2226><STEAM_0:1:25922700><>"
L 01/25/2017 - 13:47:15: [plmenu.amxx] Cmd: "Joker$*<2224><VALVE_0:4:1177114866><>" slap with 0 damage "Joker$*<2224><VALVE_0:4:1177114866><>"
L 01/25/2017 - 13:47:27: [plmenu.amxx] Cmd: "Joker$*<2224><VALVE_0:4:1177114866><>" slap with 0 damage "Joker$*<2224><VALVE_0:4:1177114866><>"
L 01/25/2017 - 13:47:27: [plmenu.amxx] Cmd: "Joker$*<2224><VALVE_0:4:1177114866><>" slap with 0 damage "Joker$*<2224><VALVE_0:4:1177114866><>"
L 01/25/2017 - 13:47:27: [plmenu.amxx] Cmd: "Joker$*<2224><VALVE_0:4:1177114866><>" slap with 0 damage "Joker$*<2224><VALVE_0:4:1177114866><>"
L 01/25/2017 - 13:47:28: [plmenu.amxx] Cmd: "Joker$*<2224><VALVE_0:4:1177114866><>" slap with 0 damage "Joker$*<2224><VALVE_0:4:1177114866><>"
L 01/25/2017 - 13:47:28: [plmenu.amxx] Cmd: "Joker$*<2224><VALVE_0:4:1177114866><>" slap with 0 damage "Joker$*<2224><VALVE_0:4:1177114866><>"
L 01/25/2017 - 13:47:28: [plmenu.amxx] Cmd: "Joker$*<2224><VALVE_0:4:1177114866><>" slap with 0 damage "Joker$*<2224><VALVE_0:4:1177114866><>"
L 01/25/2017 - 13:47:28: [plmenu.amxx] Cmd: "Joker$*<2224><VALVE_0:4:1177114866><>" slap with 0 damage "Joker$*<2224><VALVE_0:4:1177114866><>"
L 01/25/2017 - 13:47:28: [plmenu.amxx] Cmd: "Joker$*<2224><VALVE_0:4:1177114866><>" slap with 0 damage "Joker$*<2224><VALVE_0:4:1177114866><>"
L 01/25/2017 - 13:47:28: [plmenu.amxx] Cmd: "Joker$*<2224><VALVE_0:4:1177114866><>" slap with 0 damage "Joker$*<2224><VALVE_0:4:1177114866><>"
L 01/25/2017 - 13:47:29: [plmenu.amxx] Cmd: "Joker$*<2224><VALVE_0:4:1177114866><>" slap with 0 damage "Joker$*<2224><VALVE_0:4:1177114866><>"
L 01/25/2017 - 13:47:29: [plmenu.amxx] Cmd: "Joker$*<2224><VALVE_0:4:1177114866><>" slap with 0 damage "Joker$*<2224><VALVE_0:4:1177114866><>"
L 01/25/2017 - 13:47:29: [plmenu.amxx] Cmd: "Joker$*<2224><VALVE_0:4:1177114866><>" slap with 0 damage "Joker$*<2224><VALVE_0:4:1177114866><>"
L 01/25/2017 - 13:47:29: [plmenu.amxx] Cmd: "Joker$*<2224><VALVE_0:4:1177114866><>" slap with 0 damage "Joker$*<2224><VALVE_0:4:1177114866><>"
L 01/25/2017 - 13:47:29: [plmenu.amxx] Cmd: "Joker$*<2224><VALVE_0:4:1177114866><>" slap with 0 damage "Joker$*<2224><VALVE_0:4:1177114866><>"
L 01/25/2017 - 13:47:29: [plmenu.amxx] Cmd: "Joker$*<2224><VALVE_0:4:1177114866><>" slap with 0 damage "Joker$*<2224><VALVE_0:4:1177114866><>"
L 01/25/2017 - 13:47:30: [plmenu.amxx] Cmd: "Joker$*<2224><VALVE_0:4:1177114866><>" slap with 0 damage "Joker$*<2224><VALVE_0:4:1177114866><>"
L 01/25/2017 - 13:47:30: [plmenu.amxx] Cmd: "Joker$*<2224><VALVE_0:4:1177114866><>" slap with 0 damage "Joker$*<2224><VALVE_0:4:1177114866><>"
L 01/25/2017 - 13:47:30: [plmenu.amxx] Cmd: "Joker$*<2224><VALVE_0:4:1177114866><>" slap with 0 damage "Joker$*<2224><VALVE_0:4:1177114866><>"
L 01/25/2017 - 13:47:30: [plmenu.amxx] Cmd: "Joker$*<2224><VALVE_0:4:1177114866><>" slap with 0 damage "Joker$*<2224><VALVE_0:4:1177114866><>"
L 01/25/2017 - 13:47:30: [plmenu.amxx] Cmd: "Joker$*<2224><VALVE_0:4:1177114866><>" slap with 0 damage "Joker$*<2224><VALVE_0:4:1177114866><>"
L 01/25/2017 - 13:47:30: [plmenu.amxx] Cmd: "Joker$*<2224><VALVE_0:4:1177114866><>" slap with 0 damage "Joker$*<2224><VALVE_0:4:1177114866><>"
L 01/25/2017 - 13:47:31: [plmenu.amxx] Cmd: "Joker$*<2224><VALVE_0:4:1177114866><>" slap with 0 damage "Joker$*<2224><VALVE_0:4:1177114866><>"
L 01/25/2017 - 13:47:31: [plmenu.amxx] Cmd: "Joker$*<2224><VALVE_0:4:1177114866><>" slap with 0 damage "Joker$*<2224><VALVE_0:4:1177114866><>"
L 01/25/2017 - 13:47:31: [plmenu.amxx] Cmd: "Joker$*<2224><VALVE_0:4:1177114866><>" slap with 0 damage "Joker$*<2224><VALVE_0:4:1177114866><>"
L 01/25/2017 - 13:47:31: [plmenu.amxx] Cmd: "Joker$*<2224><VALVE_0:4:1177114866><>" slap with 0 damage "Joker$*<2224><VALVE_0:4:1177114866><>"
L 01/25/2017 - 13:47:31: [plmenu.amxx] Cmd: "Joker$*<2224><VALVE_0:4:1177114866><>" slap with 0 damage "Joker$*<2224><VALVE_0:4:1177114866><>"
L 01/25/2017 - 13:47:32: [plmenu.amxx] Cmd: "Joker$*<2224><VALVE_0:4:1177114866><>" slap with 0 damage "Joker$*<2224><VALVE_0:4:1177114866><>"
L 01/25/2017 - 13:47:32: [plmenu.amxx] Cmd: "Joker$*<2224><VALVE_0:4:1177114866><>" slap with 0 damage "Joker$*<2224><VALVE_0:4:1177114866><>"
L 01/25/2017 - 13:47:32: [plmenu.amxx] Cmd: "Joker$*<2224><VALVE_0:4:1177114866><>" slap with 0 damage "Joker$*<2224><VALVE_0:4:1177114866><>"
L 01/25/2017 - 13:47:32: [plmenu.amxx] Cmd: "Joker$*<2224><VALVE_0:4:1177114866><>" slap with 0 damage "Joker$*<2224><VALVE_0:4:1177114866><>"
L 01/25/2017 - 13:47:32: [plmenu.amxx] Cmd: "Joker$*<2224><VALVE_0:4:1177114866><>" slap with 0 damage "Joker$*<2224><VALVE_0:4:1177114866><>"
L 01/25/2017 - 13:47:32: [plmenu.amxx] Cmd: "Joker$*<2224><VALVE_0:4:1177114866><>" slap with 0 damage "Joker$*<2224><VALVE_0:4:1177114866><>"
L 01/25/2017 - 13:47:33: [plmenu.amxx] Cmd: "Joker$*<2224><VALVE_0:4:1177114866><>" slap with 0 damage "Joker$*<2224><VALVE_0:4:1177114866><>"
L 01/25/2017 - 13:47:33: [plmenu.amxx] Cmd: "Joker$*<2224><VALVE_0:4:1177114866><>" slap with 0 damage "Joker$*<2224><VALVE_0:4:1177114866><>"
L 01/25/2017 - 13:47:33: [plmenu.amxx] Cmd: "Joker$*<2224><VALVE_0:4:1177114866><>" slap with 0 damage "Joker$*<2224><VALVE_0:4:1177114866><>"
L 01/25/2017 - 13:47:33: [plmenu.amxx] Cmd: "Joker$*<2224><VALVE_0:4:1177114866><>" slap with 0 damage "Joker$*<2224><VALVE_0:4:1177114866><>"
L 01/25/2017 - 13:47:33: [plmenu.amxx] Cmd: "Joker$*<2224><VALVE_0:4:1177114866><>" slap with 0 damage "Joker$*<2224><VALVE_0:4:1177114866><>"
L 01/25/2017 - 13:47:34: [plmenu.amxx] Cmd: "Joker$*<2224><VALVE_0:4:1177114866><>" slap with 0 damage "Joker$*<2224><VALVE_0:4:1177114866><>"
L 01/25/2017 - 13:47:34: [plmenu.amxx] Cmd: "Joker$*<2224><VALVE_0:4:1177114866><>" slap with 0 damage "Joker$*<2224><VALVE_0:4:1177114866><>"
L 01/25/2017 - 13:47:34: [plmenu.amxx] Cmd: "Joker$*<2224><VALVE_0:4:1177114866><>" slap with 0 damage "Joker$*<2224><VALVE_0:4:1177114866><>"
L 01/25/2017 - 13:47:34: [plmenu.amxx] Cmd: "Joker$*<2224><VALVE_0:4:1177114866><>" slap with 0 damage "Joker$*<2224><VALVE_0:4:1177114866><>"
L 01/25/2017 - 13:47:34: [plmenu.amxx] Cmd: "Joker$*<2224><VALVE_0:4:1177114866><>" slap with 0 damage "Joker$*<2224><VALVE_0:4:1177114866><>"
L 01/25/2017 - 13:47:35: [plmenu.amxx] Cmd: "Joker$*<2224><VALVE_0:4:1177114866><>" slap with 0 damage "Joker$*<2224><VALVE_0:4:1177114866><>"
L 01/25/2017 - 13:47:35: [plmenu.amxx] Cmd: "Joker$*<2224><VALVE_0:4:1177114866><>" slap with 0 damage "Joker$*<2224><VALVE_0:4:1177114866><>"
L 01/25/2017 - 13:47:35: [plmenu.amxx] Cmd: "Joker$*<2224><VALVE_0:4:1177114866><>" slap with 0 damage "Joker$*<2224><VALVE_0:4:1177114866><>"
L 01/25/2017 - 13:47:35: [plmenu.amxx] Cmd: "Joker$*<2224><VALVE_0:4:1177114866><>" slap with 0 damage "Joker$*<2224><VALVE_0:4:1177114866><>"
L 01/25/2017 - 13:47:35: [plmenu.amxx] Cmd: "Joker$*<2224><VALVE_0:4:1177114866><>" slap with 0 damage "Joker$*<2224><VALVE_0:4:1177114866><>"
L 01/25/2017 - 13:47:35: [plmenu.amxx] Cmd: "Joker$*<2224><VALVE_0:4:1177114866><>" slap with 0 damage "Joker$*<2224><VALVE_0:4:1177114866><>"
L 01/25/2017 - 13:47:36: [plmenu.amxx] Cmd: "Joker$*<2224><VALVE_0:4:1177114866><>" slap with 0 damage "Joker$*<2224><VALVE_0:4:1177114866><>"
L 01/25/2017 - 13:47:36: [plmenu.amxx] Cmd: "Joker$*<2224><VALVE_0:4:1177114866><>" slap with 0 damage "Joker$*<2224><VALVE_0:4:1177114866><>"
L 01/25/2017 - 13:47:44: [plmenu.amxx] Cmd: "Joker$*<2224><VALVE_0:4:1177114866><>" slay "cool<2226><STEAM_0:1:25922700><>"
L 01/25/2017 - 13:49:27: [adminchat.amxx] Chat: "cool<2226><STEAM_0:1:25922700><>" chat ""
L 01/25/2017 - 13:50:19: [adminchat.amxx] Chat: "Joker$*<2224><VALVE_0:4:1177114866><>" say "i leave now.."
L 01/25/2017 - 13:57:46: [admin.amxx] Login: "cool<2234><STEAM_0:1:25922700><>" became an admin (account "cool") (access "bi") (address "5.14.101.234")
L 01/25/2017 - 14:13:08: [admincmd.amxx] Cmd: "Dr.FioriGinal.Ro ~ Server Clasi<0><><>" slay "*SpOOKy*<2245><STEAM_0:0:1306896318><>"
L 01/25/2017 - 14:39:19: -------- Mapchange to deathrun_unreal_air --------
L 01/25/2017 - 14:39:20: [comp_timer2.amxx] Error on query: You have an error in your SQL syntax; check the manual that corresponds to your MySQL server version for the right syntax to use near '' at line 1
L 01/25/2017 - 14:39:20: [comp_timer2.amxx] FailState == TQUERY_QUERY_FAILED, Query failed.
L 01/25/2017 - 14:43:09: [admincmd.amxx] Cmd: "Dr.FioriGinal.Ro ~ Server Clasi<0><><>" slay "Morocoo<2259><VALVE_0:4:1065303912><>"
L 01/25/2017 - 14:50:39: [admincmd.amxx] Cmd: "Dr.FioriGinal.Ro ~ Server Clasi<0><><>" slay "Morocoo<2262><VALVE_0:4:1065303912><>"
L 01/25/2017 - 14:51:11: [admincmd.amxx] Cmd: "Dr.FioriGinal.Ro ~ Server Clasi<0><><>" slay "Morocoo<2265><VALVE_0:4:1065303912><>"
L 01/25/2017 - 14:54:55: [admincmd.amxx] Cmd: "Dr.FioriGinal.Ro ~ Server Clasi<0><><>" slay "Morocoo<2268><VALVE_0:4:1065303912><>"
L 01/25/2017 - 14:56:15: [admincmd.amxx] Cmd: "Dr.FioriGinal.Ro ~ Server Clasi<0><><>" slay "Morocoo<2270><VALVE_0:4:1065303912><>"
L 01/25/2017 - 14:56:29: [admin.amxx] Login: "Thunder<2271><STEAM_0:0:1676344678><>" became an admin (account "Thunder") (access "bi") (address "188.241.248.70")
L 01/25/2017 - 14:56:35: [admin.amxx] Login: "Thunder<2272><STEAM_0:0:1676344678><>" became an admin (account "Thunder") (access "bi") (address "188.241.248.70")
L 01/25/2017 - 15:01:09: [admincmd.amxx] Cmd: "Dr.FioriGinal.Ro ~ Server Clasi<0><><>" slay "rwalk!<2275><STEAM_0:0:59988217><>"
L 01/25/2017 - 15:02:35: [admincmd.amxx] Cmd: "Dr.FioriGinal.Ro ~ Server Clasi<0><><>" slay "rwalk!<2277><STEAM_0:0:59988217><>"
L 01/25/2017 - 15:04:21: [admincmd.amxx] Cmd: "Dr.FioriGinal.Ro ~ Server Clasi<0><><>" slay "rwalk!<2279><STEAM_0:0:59988217><>"
L 01/25/2017 - 15:20:10: [admin.amxx] Login: "cool<2296><STEAM_0:1:25922700><>" became an admin (account "cool") (access "bi") (address "5.14.101.234")
L 01/25/2017 - 15:20:12: [admin.amxx] Login: "cool<2297><STEAM_0:1:25922700><>" became an admin (account "cool") (access "bi") (address "5.14.101.234")
L 01/25/2017 - 15:21:41: [slayafk.amxx] =MIRE a primit slay, deoarece a fost afk mai mult de 30 secunde
L 01/25/2017 - 15:27:09: [admin.amxx] Login: "Thunder<2301><STEAM_0:0:1676344678><>" became an admin (account "Thunder") (access "bi") (address "188.241.248.70")
L 01/25/2017 - 15:28:36: [mapsmenu.amxx] Vote: "Thunder<2301><STEAM_0:0:1676344678><>" vote maps (map#1 "deathrun_0mega") (map#2 "deathrun_perfect") (map#3 "") (map#4 "")
L 01/25/2017 - 15:28:49: [mapsmenu.amxx] Vote: Voting successful. Map will be changed to deathrun_perfect
L 01/25/2017 - 15:33:46: [admincmd.amxx] Cmd: "Thunder<2301><STEAM_0:0:1676344678><>" slay counter-terrorists team
L 01/25/2017 - 15:35:10: -------- Mapchange to deathrun_perfect --------
L 01/25/2017 - 15:35:11: [comp_timer2.amxx] Error on query: You have an error in your SQL syntax; check the manual that corresponds to your MySQL server version for the right syntax to use near '' at line 1
L 01/25/2017 - 15:35:11: [comp_timer2.amxx] FailState == TQUERY_QUERY_FAILED, Query failed.
L 01/25/2017 - 15:35:12: [admin.amxx] Login: "Thunder<2301><STEAM_0:0:1676344678><>" became an admin (account "Thunder") (access "bi") (address "188.241.248.70")
L 01/25/2017 - 15:38:42: [admin.amxx] Login: "cool<2320><STEAM_0:1:25922700><>" became an admin (account "cool") (access "bi") (address "5.14.101.234")
L 01/25/2017 - 15:38:43: [admin.amxx] Login: "cool<2321><STEAM_0:1:25922700><>" became an admin (account "cool") (access "bi") (address "5.14.101.234")
L 01/25/2017 - 15:43:24: [admincmd.amxx] Cmd: "cool<2321><STEAM_0:1:25922700><>" ask for players list
L 01/25/2017 - 15:45:17: [admincmd.amxx] Cmd: "Dr.FioriGinal.Ro ~ Server Clasi<0><><>" slay "maketacke<2329><STEAM_0:0:1715760849><>"
L 01/25/2017 - 15:56:59: [admin.amxx] Login: "cool<2337><STEAM_0:1:25922700><>" became an admin (account "cool") (access "bi") (address "5.14.101.234")
L 01/25/2017 - 15:58:47: [mapsmenu.amxx] Vote: "cool<2337><STEAM_0:1:25922700><>" vote maps (map#1 "deathrun_0mega") (map#2 "deathrun_greyskull") (map#3 "") (map#4 "")
L 01/25/2017 - 15:58:59: [mapsmenu.amxx] Vote: Voting successful. Map will be changed to deathrun_0mega
L 01/25/2017 - 16:01:34: [admincmd.amxx] Cmd: "cool<2337><STEAM_0:1:25922700><>" slay "cool<2337><STEAM_0:1:25922700><>"
L 01/25/2017 - 16:01:37: -------- Mapchange to deathrun_0mega --------
L 01/25/2017 - 16:01:39: [comp_timer2.amxx] Error on query: You have an error in your SQL syntax; check the manual that corresponds to your MySQL server version for the right syntax to use near '' at line 1
L 01/25/2017 - 16:01:39: [comp_timer2.amxx] FailState == TQUERY_QUERY_FAILED, Query failed.
L 01/25/2017 - 16:01:39: [admin.amxx] Login: "cool<2337><STEAM_0:1:25922700><>" became an admin (account "cool") (access "bi") (address "5.14.101.234")
L 01/25/2017 - 16:06:28: [admin.amxx] Login: "cool<2346><STEAM_0:1:25922700><>" became an admin (account "cool") (access "bi") (address "5.14.101.234")
L 01/25/2017 - 16:06:34: [admincmd.amxx] Cmd: "Dr.FioriGinal.Ro ~ Server Clasi<0><><>" slay "cool<2346><STEAM_0:1:25922700><>"
L 01/25/2017 - 16:07:40: [admin.amxx] Login: "cool<2349><STEAM_0:1:25922700><>" became an admin (account "cool") (access "bi") (address "5.14.101.234")
L 01/25/2017 - 16:07:47: [admincmd.amxx] Cmd: "Dr.FioriGinal.Ro ~ Server Clasi<0><><>" slay "cool<2349><STEAM_0:1:25922700><>"
L 01/25/2017 - 16:09:09: [slayafk.amxx] elena a primit slay, deoarece a fost afk mai mult de 30 secunde
L 01/25/2017 - 16:10:24: [slayafk.amxx] elena a primit slay, deoarece a fost afk mai mult de 30 secunde
L 01/25/2017 - 16:15:19: [slayafk.amxx] maketacke a primit slay, deoarece a fost afk mai mult de 30 secunde
L 01/25/2017 - 16:16:34: [admincmd.amxx] Cmd: "cool<2349><STEAM_0:1:25922700><>" slay "bwin<2355><STEAM_0:1:123183210><>"
L 01/25/2017 - 16:16:40: [admincmd.amxx] Cmd: "cool<2349><STEAM_0:1:25922700><>" slay "ssaacc.<2357><STEAM_0:0:1844758109><>"
L 01/25/2017 - 16:17:19: [slayafk.amxx] bwin a primit slay, deoarece a fost afk mai mult de 30 secunde
L 01/25/2017 - 16:20:27: [admin.amxx] Login: "cool<2359><STEAM_0:1:25922700><>" became an admin (account "cool") (access "bi") (address "5.14.101.234")
L 01/25/2017 - 16:20:34: [admincmd.amxx] Cmd: "Dr.FioriGinal.Ro ~ Server Clasi<0><><>" slay "cool<2359><STEAM_0:1:25922700><>"
L 01/25/2017 - 16:26:14: [slayafk.amxx] cool a primit slay, deoarece a fost afk mai mult de 30 secunde
L 01/25/2017 - 16:26:49: [slayafk.amxx] hackerul a primit slay, deoarece a fost afk mai mult de 30 secunde
L 01/25/2017 - 16:33:02: [admin.amxx] Login: "cool<2369><STEAM_0:1:25922700><>" became an admin (account "cool") (access "bi") (address "5.14.101.234")
L 01/25/2017 - 16:34:47: [admincmd.amxx] Cmd: "Dr.FioriGinal.Ro ~ Server Clasi<0><><>" slay "ssaacc.<2370><STEAM_0:0:1844758109><>"
L 01/25/2017 - 16:34:55: [admincmd.amxx] Cmd: "Dr.FioriGinal.Ro ~ Server Clasi<0><><>" slay "razer.`LynxBest ;x<2371><VALVE_0:4:1477239554><>"
L 01/25/2017 - 16:34:57: [admincmd.amxx] Cmd: "Dr.FioriGinal.Ro ~ Server Clasi<0><><>" slay "ssaacc.<2372><STEAM_0:0:1844758109><>"
L 01/25/2017 - 16:47:09: [slayafk.amxx] ssaacc. a primit slay, deoarece a fost afk mai mult de 30 secunde
L 01/25/2017 - 16:48:09: [slayafk.amxx] ssaacc. a primit slay, deoarece a fost afk mai mult de 30 secunde
L 01/25/2017 - 16:49:09: [slayafk.amxx] underground.CrimsoN a primit slay, deoarece a fost afk mai mult de 30 secunde
L 01/25/2017 - 16:50:49: [slayafk.amxx] ssaacc. a primit slay, deoarece a fost afk mai mult de 30 secunde
L 01/25/2017 - 16:51:24: [slayafk.amxx] underground.CrimsoN a primit slay, deoarece a fost afk mai mult de 30 secunde
L 01/25/2017 - 16:51:59: [slayafk.amxx] ssaacc. a primit slay, deoarece a fost afk mai mult de 30 secunde
L 01/25/2017 - 16:54:34: [slayafk.amxx] ssaacc. a primit slay, deoarece a fost afk mai mult de 30 secunde
L 01/25/2017 - 16:55:03: [admincmd.amxx] Cmd: "Dr.FioriGinal.Ro ~ Server Clasi<0><><>" slay "Ami<2389><STEAM_0:0:439989762><>"
L 01/25/2017 - 16:56:08: [admincmd.amxx] Cmd: "Dr.FioriGinal.Ro ~ Server Clasi<0><><>" slay "Ami<2391><STEAM_0:0:439989762><>"
L 01/25/2017 - 16:56:30: [admin.amxx] Login: "deadpool<2392><STEAM_0:0:30403765><>" became an admin (account "deadpool") (access "bit") (address "82.79.251.176")
L 01/25/2017 - 16:56:37: -------- Mapchange to deathrun_death --------
L 01/25/2017 - 16:56:39: [comp_timer2.amxx] Error on query: You have an error in your SQL syntax; check the manual that corresponds to your MySQL server version for the right syntax to use near '' at line 1
L 01/25/2017 - 16:56:39: [comp_timer2.amxx] FailState == TQUERY_QUERY_FAILED, Query failed.
L 01/25/2017 - 16:56:43: [admin.amxx] Login: "deadpool<2392><STEAM_0:0:30403765><>" became an admin (account "deadpool") (access "bit") (address "82.79.251.176")
L 01/25/2017 - 16:59:33: [admincmd.amxx] Cmd: "Dr.FioriGinal.Ro ~ Server Clasi<0><><>" slay "ssaacc.<2401><STEAM_0:0:1844758109><>"
L 01/25/2017 - 17:05:25: [admin.amxx] Login: "J.Smith<2404><STEAM_0:0:59563675><>" became an admin (account "J.Smith") (access "bi") (address "109.185.5.238")
L 01/25/2017 - 17:05:44: [admin.amxx] Login: "J.Smith<2405><STEAM_0:0:59563675><>" became an admin (account "J.Smith") (access "bi") (address "109.185.5.238")
L 01/25/2017 - 17:12:59: [admincmd.amxx] Cmd: "Dr.FioriGinal.Ro ~ Server Clasi<0><><>" slay "Dexteeer <3<2415><STEAM_0:0:1744309272><>"
L 01/25/2017 - 17:15:03: [admincmd.amxx] Cmd: "J.Smith<2405><STEAM_0:0:59563675><>" slay "OvErLoRd<2418><VALVE_0:4:294670071><>"
L 01/25/2017 - 17:40:54: -------- Mapchange to deathrun_forest --------
L 01/25/2017 - 17:40:58: [comp_timer2.amxx] Error on query: You have an error in your SQL syntax; check the manual that corresponds to your MySQL server version for the right syntax to use near '' at line 1
L 01/25/2017 - 17:40:58: [comp_timer2.amxx] FailState == TQUERY_QUERY_FAILED, Query failed.
L 01/25/2017 - 17:41:09: Invalid multi-lingual line (file "cstrike/addons/amxmodx/data/lang/rom_protect.txt" key "// *ROM-Protect// Plugin OpenSource anti-IsFlooding/bug-fix pentru orice server." lang "")
L 01/25/2017 - 17:41:09: Invalid multi-lingual line (file "cstrike/addons/amxmodx/data/lang/rom_protect.txt" key "// Versiunea : 1.0.4s-dev. Bulid : 98. Data lansarii versiunii : 03.12.2016." lang "")
L 01/25/2017 - 17:41:09: Invalid multi-lingual line (file "cstrike/addons/amxmodx/data/lang/rom_protect.txt" key "// Autor : lüxor # Dr.Fio & DR2.IND (+ eNd.) - SteamID (contact) : luxxxoor" lang "")
L 01/25/2017 - 17:41:09: Invalid multi-lingual line (file "cstrike/addons/amxmodx/data/lang/rom_protect.txt" key "// O productie FioriGinal.ro - site : www.fioriginal.ro" lang "")
L 01/25/2017 - 17:41:09: Invalid multi-lingual line (file "cstrike/addons/amxmodx/data/lang/rom_protect.txt" key "// Link forum de dezvoltare : http://forum.fioriginal.ro/amxmodx-plugins-pluginuri/rom-protect-anti-flood-bug-fix-t28292.html" lang "")
L 01/25/2017 - 17:41:09: Invalid multi-lingual line (file "cstrike/addons/amxmodx/data/lang/rom_protect.txt" key "// Link sursa : https://github.com/luxxxoor/ROM-Protect" lang "")
L 01/25/2017 - 17:41:09: Invalid multi-lingual line (file "cstrike/addons/amxmodx/data/lang/rom_protect.txt" key "// Colori : ^1 - Culoarea aleasa de jucator cu con_color." lang "")
L 01/25/2017 - 17:41:09: Invalid multi-lingual line (file "cstrike/addons/amxmodx/data/lang/rom_protect.txt" key "//          ^3 - Culoare gri." lang "")
L 01/25/2017 - 17:41:09: Invalid multi-lingual line (file "cstrike/addons/amxmodx/data/lang/rom_protect.txt" key "//          ^4 - Culoare verde." lang "")
L 01/25/2017 - 17:47:45: [admin.amxx] Login: "SWAGGIE. XD<11><VALVE_0:4:862961770><>" became an admin (account "SWAGGIE. XD") (access "bi") (address "109.98.131.207")
L 01/25/2017 - 18:01:51: [admin.amxx] Login: "deadpool<19><STEAM_0:0:30403765><>" became an admin (account "deadpool") (access "bit") (address "82.79.251.176")
L 01/25/2017 - 18:03:52: [admincmd.amxx] Cmd: "deadpool<19><STEAM_0:0:30403765><>" ask for players list
L 01/25/2017 - 18:05:12: [admin.amxx] Login: "Cuppy # LePatron<23><STEAM_0:1:193294027><>" became an admin (account "Cuppy # LePatron") (access "bi") (address "46.253.168.87")
L 01/25/2017 - 18:05:22: [mapsmenu.amxx] Vote: "SWAGGIE. XD<11><VALVE_0:4:862961770><>" vote maps (map#1 "deathrun_bhopz_v2") (map#2 "deathrun_challenge_x") (map#3 "") (map#4 "")
L 01/25/2017 - 18:05:34: [mapsmenu.amxx] Vote: Voting successful. Map will be changed to deathrun_bhopz_v2
L 01/25/2017 - 18:11:38: -------- Mapchange to deathrun_bhopz_v2 --------
L 01/25/2017 - 18:11:39: [comp_timer2.amxx] Error on query: You have an error in your SQL syntax; check the manual that corresponds to your MySQL server version for the right syntax to use near '' at line 1
L 01/25/2017 - 18:11:39: [comp_timer2.amxx] FailState == TQUERY_QUERY_FAILED, Query failed.
L 01/25/2017 - 18:11:40: [admin.amxx] Login: "SWAGGIE. XD<11><VALVE_0:4:862961770><>" became an admin (account "SWAGGIE. XD") (access "bi") (address "109.98.131.207")
L 01/25/2017 - 18:11:40: [admin.amxx] Login: "deadpool<19><STEAM_0:0:30403765><>" became an admin (account "deadpool") (access "bit") (address "82.79.251.176")
L 01/25/2017 - 18:15:12: [admincmd.amxx] Cmd: "SWAGGIE. XD<11><VALVE_0:4:862961770><>" slay "shto<34><STEAM_0:0:3385128><>"
L 01/25/2017 - 18:15:23: [admincmd.amxx] Cmd: "Dr.FioriGinal.Ro ~ Server Clasi<0><><>" slay "shto<35><STEAM_0:0:3385128><>"
L 01/25/2017 - 18:15:38: [admincmd.amxx] Cmd: "SWAGGIE. XD<11><VALVE_0:4:862961770><>" slay "shto<35><STEAM_0:0:3385128><>"
L 01/25/2017 - 18:32:44: [mapsmenu.amxx] Vote: "SWAGGIE. XD<11><VALVE_0:4:862961770><>" vote maps (map#1 "deathrun_challenge_x") (map#2 "deathrun_sk_occult") (map#3 "") (map#4 "")
L 01/25/2017 - 18:32:56: [mapsmenu.amxx] Vote: Voting successful. Map will be changed to deathrun_sk_occult
L 01/25/2017 - 18:34:47: [admin.amxx] Login: "spartanC3<46><STEAM_0:0:1219032291><>" became an admin (account "spartanC3") (access "bi") (address "109.97.113.204")
L 01/25/2017 - 18:38:46: -------- Mapchange to deathrun_sk_occult --------
L 01/25/2017 - 18:38:48: [comp_timer2.amxx] Error on query: You have an error in your SQL syntax; check the manual that corresponds to your MySQL server version for the right syntax to use near '' at line 1
L 01/25/2017 - 18:38:48: [comp_timer2.amxx] FailState == TQUERY_QUERY_FAILED, Query failed.
L 01/25/2017 - 18:48:51: [admin.amxx] Login: "SWAGGIE. XD<67><VALVE_0:4:862961770><>" became an admin (account "SWAGGIE. XD") (access "bi") (address "109.98.131.207")
L 01/25/2017 - 18:49:22: [admincmd.amxx] Cmd: "SWAGGIE. XD<67><VALVE_0:4:862961770><>" slay "SWAGGIE. XD<67><VALVE_0:4:862961770><>"
L 01/25/2017 - 18:57:07: [admin.amxx] Login: "SWAGGIE. XD<73><VALVE_0:4:862961770><>" became an admin (account "SWAGGIE. XD") (access "bi") (address "109.98.131.207")
L 01/25/2017 - 18:58:50: [admin.amxx] Login: "Cuppy # LePatron<76><STEAM_0:1:193294027><>" became an admin (account "Cuppy # LePatron") (access "bi") (address "46.253.168.87")
L 01/25/2017 - 19:00:23: [admin.amxx] Login: "knife<79><STEAM_0:1:118153889><>" became an admin (account "knife") (access "bi") (address "92.114.99.212")
L 01/25/2017 - 19:01:31: [adminchat.amxx] Chat: "knife<79><STEAM_0:1:118153889><>" chat "a"
L 01/25/2017 - 19:03:18: [slayafk.amxx] cplusplus a primit slay, deoarece a fost afk mai mult de 30 secunde
L 01/25/2017 - 19:05:30: [adminchat.amxx] Chat: "Cuppy # LePatron<76><STEAM_0:1:193294027><>" say "a fost vot?"
L 01/25/2017 - 19:05:31: [adminchat.amxx] Chat: "Cuppy # LePatron<76><STEAM_0:1:193294027><>" say "a fost vot?"
L 01/25/2017 - 19:05:38: [adminchat.amxx] Chat: "Cuppy # LePatron<76><STEAM_0:1:193294027><>" say "a fost vot?"
L 01/25/2017 - 19:05:39: [adminchat.amxx] Chat: "Cuppy # LePatron<76><STEAM_0:1:193294027><>" say "a fost vot?"
L 01/25/2017 - 19:05:39: [adminchat.amxx] Chat: "Cuppy # LePatron<76><STEAM_0:1:193294027><>" say "a fost vot?"
L 01/25/2017 - 19:06:21: [mapsmenu.amxx] Vote: "Cuppy # LePatron<76><STEAM_0:1:193294027><>" vote maps (map#1 "deathrun_fleury_fix2") (map#2 "deathrun_sanctuary") (map#3 "") (map#4 "")
L 01/25/2017 - 19:06:33: [mapsmenu.amxx] Vote: Voting successful. Map will be changed to deathrun_sanctuary
L 01/25/2017 - 19:13:45: -------- Mapchange to deathrun_sanctuary --------
L 01/25/2017 - 19:13:48: [comp_timer2.amxx] Error on query: You have an error in your SQL syntax; check the manual that corresponds to your MySQL server version for the right syntax to use near '' at line 1
L 01/25/2017 - 19:13:48: [comp_timer2.amxx] FailState == TQUERY_QUERY_FAILED, Query failed.
L 01/25/2017 - 19:13:48: [admin.amxx] Login: "Cuppy # LePatron<76><STEAM_0:1:193294027><>" became an admin (account "Cuppy # LePatron") (access "bi") (address "46.253.168.87")
L 01/25/2017 - 19:13:56: [admin.amxx] Login: "Cuppy # LePatron<105><STEAM_0:1:193294027><>" became an admin (account "Cuppy # LePatron") (access "bi") (address "46.253.168.87")
L 01/25/2017 - 19:14:29: [admincmd.amxx] Cmd: "Dr.FioriGinal.Ro ~ Server Clasi<0><><>" slay "Naked<112><STEAM_0:0:1246442114><>"
L 01/25/2017 - 19:17:43: [slayafk.amxx] hackerul a primit slay, deoarece a fost afk mai mult de 30 secunde
L 01/25/2017 - 19:18:03: [slayafk.amxx] cplusplus a primit slay, deoarece a fost afk mai mult de 30 secunde
L 01/25/2017 - 19:19:23: [slayafk.amxx] hackerul a primit slay, deoarece a fost afk mai mult de 30 secunde
L 01/25/2017 - 19:20:43: [slayafk.amxx] hackerul a primit slay, deoarece a fost afk mai mult de 30 secunde
L 01/25/2017 - 19:20:43: [slayafk.amxx] DeVo a primit slay, deoarece a fost afk mai mult de 30 secunde
L 01/25/2017 - 19:21:23: [slayafk.amxx] JustKILL a primit slay, deoarece a fost afk mai mult de 30 secunde
L 01/25/2017 - 19:22:03: [slayafk.amxx] hackerul a primit slay, deoarece a fost afk mai mult de 30 secunde
L 01/25/2017 - 19:22:03: [slayafk.amxx] Cuppy # LePatron a primit slay, deoarece a fost afk mai mult de 30 secunde
L 01/25/2017 - 19:23:48: [slayafk.amxx] hackerul a primit slay, deoarece a fost afk mai mult de 30 secunde
L 01/25/2017 - 19:23:48: [slayafk.amxx] Cuppy # LePatron a primit slay, deoarece a fost afk mai mult de 30 secunde
L 01/25/2017 - 19:25:03: [slayafk.amxx] hackerul a primit slay, deoarece a fost afk mai mult de 30 secunde
L 01/25/2017 - 19:27:03: [slayafk.amxx] Sn3kYs a primit slay, deoarece a fost afk mai mult de 30 secunde
L 01/25/2017 - 19:27:03: [slayafk.amxx] Cuppy # LePatron a primit slay, deoarece a fost afk mai mult de 30 secunde
L 01/25/2017 - 19:27:03: [slayafk.amxx] shto a primit slay, deoarece a fost afk mai mult de 30 secunde
L 01/25/2017 - 19:28:58: [slayafk.amxx] hackerul a primit slay, deoarece a fost afk mai mult de 30 secunde
L 01/25/2017 - 19:28:58: [slayafk.amxx] Cuppy # LePatron a primit slay, deoarece a fost afk mai mult de 30 secunde
L 01/25/2017 - 19:30:33: [slayafk.amxx] hackerul a primit slay, deoarece a fost afk mai mult de 30 secunde
L 01/25/2017 - 19:31:43: [slayafk.amxx] hackerul a primit slay, deoarece a fost afk mai mult de 30 secunde
L 01/25/2017 - 19:33:28: [slayafk.amxx] Sn3kYs a primit slay, deoarece a fost afk mai mult de 30 secunde
L 01/25/2017 - 19:34:23: [slayafk.amxx] shto a primit slay, deoarece a fost afk mai mult de 30 secunde
L 01/25/2017 - 19:36:08: [slayafk.amxx] shto a primit slay, deoarece a fost afk mai mult de 30 secunde
L 01/25/2017 - 19:39:06: -------- Mapchange to deathrun_purplez_v2_b3 --------
L 01/25/2017 - 19:39:07: [comp_timer2.amxx] Error on query: You have an error in your SQL syntax; check the manual that corresponds to your MySQL server version for the right syntax to use near '' at line 1
L 01/25/2017 - 19:39:07: [comp_timer2.amxx] FailState == TQUERY_QUERY_FAILED, Query failed.
L 01/25/2017 - 19:48:38: [admin.amxx] Login: "Cuppy # LePatron<156><STEAM_0:1:193294027><>" became an admin (account "Cuppy # LePatron") (access "bi") (address "46.253.168.87")
L 01/25/2017 - 19:50:08: [admin.amxx] Login: "knife<158><STEAM_0:1:118153889><>" became an admin (account "knife") (access "bi") (address "92.114.99.212")
L 01/25/2017 - 19:50:53: [slayafk.amxx] <Warrior> Player a primit slay, deoarece a fost afk mai mult de 30 secunde
L 01/25/2017 - 19:51:33: [slayafk.amxx] Cuppy # LePatron a primit slay, deoarece a fost afk mai mult de 30 secunde
L 01/25/2017 - 19:55:48: [slayafk.amxx] Eduard. a primit slay, deoarece a fost afk mai mult de 30 secunde
L 01/25/2017 - 19:57:23: [slayafk.amxx] FLVXSOW;[ a primit slay, deoarece a fost afk mai mult de 30 secunde
L 01/25/2017 - 19:59:04: [admincmd.amxx] Cmd: "Dr.FioriGinal.Ro ~ Server Clasi<0><><>" slay "pB. # Io VS Tu<174><STEAM_0:0:1132347000><>"
L 01/25/2017 - 20:00:28: [slayafk.amxx] FLVXSOW;[ a primit slay, deoarece a fost afk mai mult de 30 secunde
L 01/25/2017 - 20:01:18: [slayafk.amxx] FLVXSOW;[ a primit slay, deoarece a fost afk mai mult de 30 secunde
L 01/25/2017 - 20:01:52: [admin.amxx] Login: "Cuppy # LePatron<178><STEAM_0:1:193294027><>" became an admin (account "Cuppy # LePatron") (access "bi") (address "46.253.168.87")
L 01/25/2017 - 20:05:23: [slayafk.amxx] =MIRE a primit slay, deoarece a fost afk mai mult de 30 secunde
L 01/25/2017 - 20:10:38: [slayafk.amxx] Cuppy # LePatron a primit slay, deoarece a fost afk mai mult de 30 secunde
L 01/25/2017 - 20:12:13: [slayafk.amxx] Cuppy # LePatron a primit slay, deoarece a fost afk mai mult de 30 secunde
L 01/25/2017 - 20:13:13: [slayafk.amxx] Cuppy # LePatron a primit slay, deoarece a fost afk mai mult de 30 secunde
L 01/25/2017 - 20:14:51: -------- Mapchange to deathrun_shit_v2 --------
L 01/25/2017 - 20:14:52: [comp_timer2.amxx] Error on query: You have an error in your SQL syntax; check the manual that corresponds to your MySQL server version for the right syntax to use near '' at line 1
L 01/25/2017 - 20:14:52: [comp_timer2.amxx] FailState == TQUERY_QUERY_FAILED, Query failed.
L 01/25/2017 - 20:14:53: [admin.amxx] Login: "Cuppy # LePatron<178><STEAM_0:1:193294027><>" became an admin (account "Cuppy # LePatron") (access "bi") (address "46.253.168.87")
L 01/25/2017 - 20:16:13: [slayafk.amxx] Cuppy # LePatron a primit slay, deoarece a fost afk mai mult de 30 secunde
L 01/25/2017 - 20:16:47: [slayafk.amxx] Cuppy # LePatron a primit slay, deoarece a fost afk mai mult de 30 secunde
L 01/25/2017 - 20:17:38: [slayafk.amxx] Cuppy # LePatron a primit slay, deoarece a fost afk mai mult de 30 secunde
L 01/25/2017 - 20:18:22: [slayafk.amxx] Cuppy # LePatron a primit slay, deoarece a fost afk mai mult de 30 secunde
L 01/25/2017 - 20:20:28: [slayafk.amxx] Cuppy # LePatron a primit slay, deoarece a fost afk mai mult de 30 secunde
L 01/25/2017 - 20:21:22: [slayafk.amxx] Cuppy # LePatron a primit slay, deoarece a fost afk mai mult de 30 secunde
L 01/25/2017 - 20:24:22: [slayafk.amxx] Cuppy # LePatron a primit slay, deoarece a fost afk mai mult de 30 secunde
L 01/25/2017 - 20:25:53: [slayafk.amxx] Cuppy # LePatron a primit slay, deoarece a fost afk mai mult de 30 secunde
L 01/25/2017 - 20:27:07: [slayafk.amxx] Cuppy # LePatron a primit slay, deoarece a fost afk mai mult de 30 secunde
L 01/25/2017 - 20:28:13: [slayafk.amxx] FLVXSOW;[ a primit slay, deoarece a fost afk mai mult de 30 secunde
L 01/25/2017 - 20:28:13: [slayafk.amxx] Cuppy # LePatron a primit slay, deoarece a fost afk mai mult de 30 secunde
L 01/25/2017 - 20:29:42: [slayafk.amxx] Cuppy # LePatron a primit slay, deoarece a fost afk mai mult de 30 secunde
L 01/25/2017 - 20:30:18: [slayafk.amxx] PH # Daiki a primit slay, deoarece a fost afk mai mult de 30 secunde
L 01/25/2017 - 20:30:22: [slayafk.amxx] dawood eid a primit slay, deoarece a fost afk mai mult de 30 secunde
L 01/25/2017 - 20:30:53: [slayafk.amxx] Cuppy # LePatron a primit slay, deoarece a fost afk mai mult de 30 secunde
L 01/25/2017 - 20:32:47: [slayafk.amxx] Cuppy # LePatron a primit slay, deoarece a fost afk mai mult de 30 secunde
L 01/25/2017 - 20:33:58: [slayafk.amxx] Cuppy # LePatron a primit slay, deoarece a fost afk mai mult de 30 secunde
L 01/25/2017 - 20:35:11: [admin.amxx] Login: "J.Smith<209><STEAM_0:0:59563675><>" became an admin (account "J.Smith") (access "bi") (address "109.185.5.238")
L 01/25/2017 - 20:35:22: [slayafk.amxx] Cuppy # LePatron a primit slay, deoarece a fost afk mai mult de 30 secunde
L 01/25/2017 - 20:41:17: -------- Mapchange to deathrun_kings_never_die --------
L 01/25/2017 - 20:41:18: [comp_timer2.amxx] Error on query: You have an error in your SQL syntax; check the manual that corresponds to your MySQL server version for the right syntax to use near '' at line 1
L 01/25/2017 - 20:41:18: [comp_timer2.amxx] FailState == TQUERY_QUERY_FAILED, Query failed.
L 01/25/2017 - 20:41:19: [admin.amxx] Login: "J.Smith<209><STEAM_0:0:59563675><>" became an admin (account "J.Smith") (access "bi") (address "109.185.5.238")
L 01/25/2017 - 20:41:19: [admin.amxx] Login: "Cuppy # LePatron<178><STEAM_0:1:193294027><>" became an admin (account "Cuppy # LePatron") (access "bi") (address "46.253.168.87")
L 01/25/2017 - 20:41:25: [admin.amxx] Login: "J.Smith<215><STEAM_0:0:59563675><>" became an admin (account "J.Smith") (access "bi") (address "109.185.5.238")
L 01/25/2017 - 20:45:13: [slayafk.amxx] BombilO a primit slay, deoarece a fost afk mai mult de 30 secunde
L 01/25/2017 - 20:47:08: [slayafk.amxx] G2A # LULU a primit slay, deoarece a fost afk mai mult de 30 secunde
L 01/25/2017 - 20:47:08: [slayafk.amxx] BombilO a primit slay, deoarece a fost afk mai mult de 30 secunde
L 01/25/2017 - 20:49:47: [comp_timer2.amxx] Error on query: You have an error in your SQL syntax; check the manual that corresponds to your MySQL server version for the right syntax to use near 's that69' AND Map = 'deathrun_kings_never_die'' at line 1
L 01/25/2017 - 20:49:47: [comp_timer2.amxx] FailState == TQUERY_QUERY_FAILED, Query failed.
L 01/25/2017 - 20:50:28: [slayafk.amxx] BombilO a primit slay, deoarece a fost afk mai mult de 30 secunde
L 01/25/2017 - 20:50:49: [admin.amxx] Login: "SWAGGIE. XD<225><VALVE_0:4:862961770><>" became an admin (account "SWAGGIE. XD") (access "bi") (address "109.98.131.207")
L 01/25/2017 - 20:52:48: [slayafk.amxx] BombilO a primit slay, deoarece a fost afk mai mult de 30 secunde
L 01/25/2017 - 20:53:33: [slayafk.amxx] BombilO a primit slay, deoarece a fost afk mai mult de 30 secunde
L 01/25/2017 - 20:54:16: [comp_timer2.amxx] Error on query: You have an error in your SQL syntax; check the manual that corresponds to your MySQL server version for the right syntax to use near 's that69' AND Map = 'deathrun_kings_never_die'' at line 1
L 01/25/2017 - 20:54:16: [comp_timer2.amxx] FailState == TQUERY_QUERY_FAILED, Query failed.
L 01/25/2017 - 20:54:58: [slayafk.amxx] BombilO a primit slay, deoarece a fost afk mai mult de 30 secunde
L 01/25/2017 - 20:55:38: [slayafk.amxx] BombilO a primit slay, deoarece a fost afk mai mult de 30 secunde
L 01/25/2017 - 20:56:17: [comp_timer2.amxx] Error on query: You have an error in your SQL syntax; check the manual that corresponds to your MySQL server version for the right syntax to use near 's that69' AND Map = 'deathrun_kings_never_die'' at line 1
L 01/25/2017 - 20:56:17: [comp_timer2.amxx] FailState == TQUERY_QUERY_FAILED, Query failed.
L 01/25/2017 - 20:58:38: [slayafk.amxx] BombilO a primit slay, deoarece a fost afk mai mult de 30 secunde
L 01/25/2017 - 20:58:50: [admin.amxx] Login: "SWAGGIE. XD<231><VALVE_0:4:862961770><>" became an admin (account "SWAGGIE. XD") (access "bi") (address "109.98.131.207")
L 01/25/2017 - 20:59:38: [slayafk.amxx] BombilO a primit slay, deoarece a fost afk mai mult de 30 secunde
L 01/25/2017 - 21:00:33: [slayafk.amxx] BombilO a primit slay, deoarece a fost afk mai mult de 30 secunde
L 01/25/2017 - 21:00:37: [admin.amxx] Login: "-rTg|maEsTrOo<234><STEAM_0:1:154430568><>" became an admin (account "-rTg|maEsTrOo") (access "bit") (address "109.96.96.145")
L 01/25/2017 - 21:01:27: [admin.amxx] Login: "Andreea<235><STEAM_0:0:189341027><>" became an admin (account "Andreea") (access "bit") (address "2.35.160.48")
L 01/25/2017 - 21:01:51: [admin.amxx] Login: "Andreea<236><STEAM_0:0:189341027><>" became an admin (account "Andreea") (access "bit") (address "2.35.160.48")
L 01/25/2017 - 21:02:18: [slayafk.amxx] BombilO a primit slay, deoarece a fost afk mai mult de 30 secunde
L 01/25/2017 - 21:03:33: [slayafk.amxx] BombilO a primit slay, deoarece a fost afk mai mult de 30 secunde
L 01/25/2017 - 21:04:00: [mapsmenu.amxx] Vote: "-rTg|maEsTrOo<234><STEAM_0:1:154430568><>" vote maps (map#1 "deathrun_arctic") (map#2 "deathrun_massive") (map#3 "") (map#4 "")
L 01/25/2017 - 21:04:12: [mapsmenu.amxx] Vote: Voting successful. Map will be changed to deathrun_arctic
L 01/25/2017 - 21:04:58: [slayafk.amxx] BombilO a primit slay, deoarece a fost afk mai mult de 30 secunde
L 01/25/2017 - 21:07:41: -------- Mapchange to deathrun_arctic --------
L 01/25/2017 - 21:07:43: [comp_timer2.amxx] Error on query: You have an error in your SQL syntax; check the manual that corresponds to your MySQL server version for the right syntax to use near '' at line 1
L 01/25/2017 - 21:07:43: [comp_timer2.amxx] FailState == TQUERY_QUERY_FAILED, Query failed.
L 01/25/2017 - 21:07:44: [admin.amxx] Login: "-rTg|maEsTrOo<234><STEAM_0:1:154430568><>" became an admin (account "-rTg|maEsTrOo") (access "bit") (address "109.96.96.145")
L 01/25/2017 - 21:07:45: [admin.amxx] Login: "Andreea<236><STEAM_0:0:189341027><>" became an admin (account "Andreea") (access "bit") (address "2.35.160.48")
L 01/25/2017 - 21:08:33: [admincmd.amxx] Cmd: "-rTg|maEsTrOo<234><STEAM_0:1:154430568><>" slay "(R)ecord<252><VALVE_0:4:1555288960><>"
L 01/25/2017 - 21:11:37: [admincmd.amxx] Cmd: "-rTg|maEsTrOo<234><STEAM_0:1:154430568><>" slay "qeeLen<258><STEAM_0:0:148036594><>"
L 01/25/2017 - 21:19:02: [admincmd.amxx] Cmd: "Dr.FioriGinal.Ro ~ Server Clasi<0><><>" slay "hAbsk4y.#<266><STEAM_0:1:112936335><>"
L 01/25/2017 - 21:26:43: [admin.amxx] Login: "SWAGGIE. XD<275><VALVE_0:4:862961770><>" became an admin (account "SWAGGIE. XD") (access "bi") (address "109.98.131.207")
L 01/25/2017 - 21:28:01: [mapsmenu.amxx] Vote: "-rTg|maEsTrOo<234><STEAM_0:1:154430568><>" vote maps (map#1 "deathrun_gb_winter_final4") (map#2 "deathrun_pyramid") (map#3 "") (map#4 "")
L 01/25/2017 - 21:28:13: [mapsmenu.amxx] Vote: Voting successful. Map will be changed to deathrun_gb_winter_final4
L 01/25/2017 - 21:34:44: [admin.amxx] Login: "Cuppy # LePatron<280><STEAM_0:1:193294027><>" became an admin (account "Cuppy # LePatron") (access "bi") (address "46.253.168.87")
L 01/25/2017 - 21:35:09: -------- Mapchange to deathrun_gb_winter_final4 --------
L 01/25/2017 - 21:35:11: [comp_timer2.amxx] Error on query: You have an error in your SQL syntax; check the manual that corresponds to your MySQL server version for the right syntax to use near '' at line 1
L 01/25/2017 - 21:35:11: [comp_timer2.amxx] FailState == TQUERY_QUERY_FAILED, Query failed.
L 01/25/2017 - 21:35:11: [admin.amxx] Login: "-rTg|maEsTrOo<234><STEAM_0:1:154430568><>" became an admin (account "-rTg|maEsTrOo") (access "bit") (address "109.96.96.145")
L 01/25/2017 - 21:35:11: [admin.amxx] Login: "Cuppy # LePatron<280><STEAM_0:1:193294027><>" became an admin (account "Cuppy # LePatron") (access "bi") (address "46.253.168.87")
L 01/25/2017 - 21:35:11: [admin.amxx] Login: "Andreea<236><STEAM_0:0:189341027><>" became an admin (account "Andreea") (access "bit") (address "2.35.160.48")
L 01/25/2017 - 21:35:19: [admin.amxx] Login: "SWAGGIE. XD<283><VALVE_0:4:862961770><>" became an admin (account "SWAGGIE. XD") (access "bi") (address "109.98.131.207")
L 01/25/2017 - 21:37:05: [admin.amxx] Login: "Sol<287><STEAM_0:1:191882096><>" kicked due to invalid password (account "Sol") (address "79.118.77.165")
L 01/25/2017 - 21:37:07: [admin.amxx] Login: "Sol<288><STEAM_0:1:191882096><>" became an admin (account "Sol") (access "bi") (address "79.118.77.165")
L 01/25/2017 - 21:37:10: [admin.amxx] Login: "Sol<289><STEAM_0:1:191882096><>" became an admin (account "Sol") (access "bi") (address "79.118.77.165")
L 01/25/2017 - 21:41:05: [admincmd.amxx] Cmd: "-rTg|maEsTrOo<234><STEAM_0:1:154430568><>" change nick to "Nevrozata" "Nevrozatu<286><BOT><>"
L 01/25/2017 - 21:48:12: [admin.amxx] Login: "fl0ppy<301><STEAM_0:0:1265142720><>" became an admin (account "fl0ppy") (access "bi") (address "86.127.99.205")
L 01/25/2017 - 21:48:16: [admin.amxx] Login: "fl0ppy<302><STEAM_0:0:1265142720><>" became an admin (account "fl0ppy") (access "bi") (address "86.127.99.205")
L 01/25/2017 - 21:48:31: [admin.amxx] Login: "Dudu.- ;o!<303><STEAM_0:0:170398926><>" became an admin (account "Dudu.- ;o!") (access "bit") (address "5.13.8.71")
L 01/25/2017 - 21:48:42: [adminchat.amxx] Chat: "fl0ppy<302><STEAM_0:0:1265142720><>" chat "sal"
L 01/25/2017 - 21:49:25: [admin.amxx] Login: "SWAGGIE. XD<304><VALVE_0:4:862961770><>" became an admin (account "SWAGGIE. XD") (access "bi") (address "109.98.131.207")
L 01/25/2017 - 21:51:32: [admincmd.amxx] Cmd: "Sol<289><STEAM_0:1:191882096><>" slay "CumnaTu<307><STEAM_0:1:19758907><>"
L 01/25/2017 - 21:52:51: [adminchat.amxx] Chat: "fl0ppy<302><STEAM_0:0:1265142720><>" psay "FLVXSOW;[<273><STEAM_0:0:77647261><>" "add me"
L 01/25/2017 - 21:52:52: [adminchat.amxx] Chat: "fl0ppy<302><STEAM_0:0:1265142720><>" psay "FLVXSOW;[<273><STEAM_0:0:77647261><>" "add me "
L 01/25/2017 - 21:52:55: [adminchat.amxx] Chat: "fl0ppy<302><STEAM_0:0:1265142720><>" psay "FLVXSOW;[<273><STEAM_0:0:77647261><>" "add me "
L 01/25/2017 - 21:52:55: [adminchat.amxx] Chat: "fl0ppy<302><STEAM_0:0:1265142720><>" psay "FLVXSOW;[<273><STEAM_0:0:77647261><>" "add me "
L 01/25/2017 - 21:53:32: [adminchat.amxx] Chat: "fl0ppy<302><STEAM_0:0:1265142720><>" psay "FLVXSOW;[<273><STEAM_0:0:77647261><>" "add me "
L 01/25/2017 - 21:53:33: [adminchat.amxx] Chat: "fl0ppy<302><STEAM_0:0:1265142720><>" psay "FLVXSOW;[<273><STEAM_0:0:77647261><>" "add me "
L 01/25/2017 - 21:53:33: [adminchat.amxx] Chat: "fl0ppy<302><STEAM_0:0:1265142720><>" psay "FLVXSOW;[<273><STEAM_0:0:77647261><>" "add me "
L 01/25/2017 - 21:53:33: [adminchat.amxx] Chat: "fl0ppy<302><STEAM_0:0:1265142720><>" psay "FLVXSOW;[<273><STEAM_0:0:77647261><>" "add me "
L 01/25/2017 - 21:53:33: [adminchat.amxx] Chat: "fl0ppy<302><STEAM_0:0:1265142720><>" psay "FLVXSOW;[<273><STEAM_0:0:77647261><>" "add me "
L 01/25/2017 - 21:53:34: [adminchat.amxx] Chat: "fl0ppy<302><STEAM_0:0:1265142720><>" psay "FLVXSOW;[<273><STEAM_0:0:77647261><>" "add me "
L 01/25/2017 - 21:54:48: [adminchat.amxx] Chat: "fl0ppy<302><STEAM_0:0:1265142720><>" psay "FLVXSOW;[<273><STEAM_0:0:77647261><>" "add me "
L 01/25/2017 - 21:54:49: [adminchat.amxx] Chat: "fl0ppy<302><STEAM_0:0:1265142720><>" psay "FLVXSOW;[<273><STEAM_0:0:77647261><>" "add me "
L 01/25/2017 - 21:54:49: [adminchat.amxx] Chat: "fl0ppy<302><STEAM_0:0:1265142720><>" psay "FLVXSOW;[<273><STEAM_0:0:77647261><>" "add me "
L 01/25/2017 - 21:54:49: [adminchat.amxx] Chat: "fl0ppy<302><STEAM_0:0:1265142720><>" psay "FLVXSOW;[<273><STEAM_0:0:77647261><>" "add me "
L 01/25/2017 - 21:54:54: [admin.amxx] Login: "Andreea<310><STEAM_0:0:189341027><>" became an admin (account "Andreea") (access "bit") (address "2.35.160.48")
L 01/25/2017 - 21:54:59: [adminchat.amxx] Chat: "fl0ppy<302><STEAM_0:0:1265142720><>" psay "FLVXSOW;[<273><STEAM_0:0:77647261><>" "add me "
L 01/25/2017 - 21:54:59: [adminchat.amxx] Chat: "fl0ppy<302><STEAM_0:0:1265142720><>" psay "FLVXSOW;[<273><STEAM_0:0:77647261><>" "add me "
L 01/25/2017 - 21:55:01: [adminchat.amxx] Chat: "fl0ppy<302><STEAM_0:0:1265142720><>" psay "FLVXSOW;[<273><STEAM_0:0:77647261><>" "add me "
L 01/25/2017 - 21:55:01: [adminchat.amxx] Chat: "fl0ppy<302><STEAM_0:0:1265142720><>" psay "FLVXSOW;[<273><STEAM_0:0:77647261><>" "add me "
L 01/25/2017 - 21:55:01: [adminchat.amxx] Chat: "fl0ppy<302><STEAM_0:0:1265142720><>" psay "FLVXSOW;[<273><STEAM_0:0:77647261><>" "add me "
L 01/25/2017 - 21:55:02: [admincmd.amxx] Cmd: "Dr.FioriGinal.Ro ~ Server Clasi<0><><>" slay "Andreea<310><STEAM_0:0:189341027><>"
L 01/25/2017 - 21:55:17: [adminchat.amxx] Chat: "fl0ppy<302><STEAM_0:0:1265142720><>" psay "FLVXSOW;[<273><STEAM_0:0:77647261><>" "add me "
L 01/25/2017 - 21:55:17: [adminchat.amxx] Chat: "fl0ppy<302><STEAM_0:0:1265142720><>" psay "FLVXSOW;[<273><STEAM_0:0:77647261><>" "add me "
L 01/25/2017 - 21:55:18: [adminchat.amxx] Chat: "fl0ppy<302><STEAM_0:0:1265142720><>" psay "FLVXSOW;[<273><STEAM_0:0:77647261><>" "add me "
L 01/25/2017 - 21:55:18: [adminchat.amxx] Chat: "fl0ppy<302><STEAM_0:0:1265142720><>" psay "FLVXSOW;[<273><STEAM_0:0:77647261><>" "add me "
L 01/25/2017 - 21:55:19: [adminchat.amxx] Chat: "fl0ppy<302><STEAM_0:0:1265142720><>" psay "FLVXSOW;[<273><STEAM_0:0:77647261><>" "add me "
L 01/25/2017 - 21:55:19: [adminchat.amxx] Chat: "fl0ppy<302><STEAM_0:0:1265142720><>" psay "FLVXSOW;[<273><STEAM_0:0:77647261><>" "add me "
L 01/25/2017 - 21:56:03: [mapsmenu.amxx] Vote: "-rTg|maEsTrOo<234><STEAM_0:1:154430568><>" vote maps (map#1 "deathrun_dojo") (map#2 "deathrun_forest") (map#3 "") (map#4 "")
L 01/25/2017 - 21:56:16: [mapsmenu.amxx] Vote: Voting successful. Map will be changed to deathrun_dojo
L 01/25/2017 - 21:56:56: [mapsmenu.amxx] Vote: "Sol<289><STEAM_0:1:191882096><>" vote maps (map#1 "deathrun_bhopz_v2") (map#2 "deathrun_clarion_dojo_b3") (map#3 "deathrun_4rooms_fg") (map#4 "")
L 01/25/2017 - 21:57:05: [mapsmenu.amxx] Vote: Cancel vote session
L 01/25/2017 - 21:57:08: [mapsmenu.amxx] Vote: Voting successful. Map will be changed to deathrun_4rooms_fg
L 01/25/2017 - 21:57:27: [admin.amxx] Login: "Andreea<314><STEAM_0:0:189341027><>" became an admin (account "Andreea") (access "bit") (address "2.35.160.48")
L 01/25/2017 - 21:58:00: [admin.amxx] Login: "Andreea<317><STEAM_0:0:189341027><>" became an admin (account "Andreea") (access "bit") (address "2.35.160.48")
L 01/25/2017 - 22:01:04: -------- Mapchange to deathrun_4rooms_fg --------
L 01/25/2017 - 22:01:05: [comp_timer2.amxx] Error on query: You have an error in your SQL syntax; check the manual that corresponds to your MySQL server version for the right syntax to use near '' at line 1
L 01/25/2017 - 22:01:05: [comp_timer2.amxx] FailState == TQUERY_QUERY_FAILED, Query failed.
L 01/25/2017 - 22:01:06: [admin.amxx] Login: "-rTg|maEsTrOo<234><STEAM_0:1:154430568><>" became an admin (account "-rTg|maEsTrOo") (access "bit") (address "109.96.96.145")
L 01/25/2017 - 22:01:06: [admin.amxx] Login: "SWAGGIE. XD<304><VALVE_0:4:862961770><>" became an admin (account "SWAGGIE. XD") (access "bi") (address "109.98.131.207")
L 01/25/2017 - 22:01:06: [admin.amxx] Login: "Sol<289><STEAM_0:1:191882096><>" became an admin (account "Sol") (access "bi") (address "79.118.77.165")
L 01/25/2017 - 22:01:06: [admin.amxx] Login: "fl0ppy<302><STEAM_0:0:1265142720><>" became an admin (account "fl0ppy") (access "bi") (address "86.127.99.205")
L 01/25/2017 - 22:01:06: [admin.amxx] Login: "Cuppy # LePatron<280><STEAM_0:1:193294027><>" became an admin (account "Cuppy # LePatron") (access "bi") (address "46.253.168.87")
L 01/25/2017 - 22:01:06: [admin.amxx] Login: "Andreea<317><STEAM_0:0:189341027><>" became an admin (account "Andreea") (access "bit") (address "2.35.160.48")
L 01/25/2017 - 22:01:09: [admin.amxx] Login: "Sol<321><STEAM_0:1:191882096><>" became an admin (account "Sol") (access "bi") (address "79.118.77.165")
L 01/25/2017 - 22:01:11: [admin.amxx] Login: "fl0ppy<324><STEAM_0:0:1265142720><>" became an admin (account "fl0ppy") (access "bi") (address "86.127.99.205")
L 01/25/2017 - 22:01:27: [admincmd.amxx] Cmd: "Dr.FioriGinal.Ro ~ Server Clasi<0><><>" slay "qeeLen<330><STEAM_0:0:148036594><>"
L 01/25/2017 - 22:01:47: [admin.amxx] Login: "Andreea<331><STEAM_0:0:189341027><>" became an admin (account "Andreea") (access "bit") (address "2.35.160.48")
L 01/25/2017 - 22:10:02: [adminchat.amxx] Chat: "Sol<321><STEAM_0:1:191882096><>" say "Pastrati un limbaj cat mai decent altfel riscati gag/kick/ban"
L 01/25/2017 - 22:10:02: [adminchat.amxx] Chat: "Sol<321><STEAM_0:1:191882096><>" say "Pastrati un limbaj cat mai decent altfel riscati gag/kick/ban"
L 01/25/2017 - 22:22:32: [admin.amxx] Login: "Sol<342><STEAM_0:1:191882096><>" became an admin (account "Sol") (access "bi") (address "79.118.77.165")
L 01/25/2017 - 22:22:39: [admincmd.amxx] Cmd: "Dr.FioriGinal.Ro ~ Server Clasi<0><><>" slay "Sol<342><STEAM_0:1:191882096><>"
L 01/25/2017 - 22:23:31: [adminchat.amxx] Chat: "Sol<342><STEAM_0:1:191882096><>" say "Pastrati un limbaj cat mai decent altfel riscati gag/kick/ban"
L 01/25/2017 - 22:24:41: [adminchat.amxx] Chat: "SWAGGIE. XD<304><VALVE_0:4:862961770><>" chat " SOL"
L 01/25/2017 - 22:29:00: -------- Mapchange to deathrun_y_snow_wind_v3 --------
L 01/25/2017 - 22:29:02: [comp_timer2.amxx] Error on query: You have an error in your SQL syntax; check the manual that corresponds to your MySQL server version for the right syntax to use near '' at line 1
L 01/25/2017 - 22:29:02: [comp_timer2.amxx] FailState == TQUERY_QUERY_FAILED, Query failed.
L 01/25/2017 - 22:29:02: [admin.amxx] Login: "SWAGGIE. XD<304><VALVE_0:4:862961770><>" became an admin (account "SWAGGIE. XD") (access "bi") (address "109.98.131.207")
L 01/25/2017 - 22:29:03: [admin.amxx] Login: "Cuppy # LePatron<280><STEAM_0:1:193294027><>" became an admin (account "Cuppy # LePatron") (access "bi") (address "46.253.168.87")
L 01/25/2017 - 22:29:06: [admin.amxx] Login: "Sol<350><STEAM_0:1:191882096><>" became an admin (account "Sol") (access "bi") (address "79.118.77.165")
L 01/25/2017 - 22:29:08: [admin.amxx] Login: "Sol<351><STEAM_0:1:191882096><>" became an admin (account "Sol") (access "bi") (address "79.118.77.165")
L 01/25/2017 - 22:33:22: [admincmd.amxx] Cmd: "Dr.FioriGinal.Ro ~ Server Clasi<0><><>" slay "AllStar's !<358><STEAM_0:0:794202343><>"
L 01/25/2017 - 22:35:40: [admincmd.amxx] Cmd: "Dr.FioriGinal.Ro ~ Server Clasi<0><><>" slay "KLEZ;[<359><STEAM_0:0:77647261><>"
L 01/25/2017 - 22:36:01: [adminchat.amxx] Chat: "Sol<351><STEAM_0:1:191882096><>" chat "swag"
L 01/25/2017 - 22:36:03: [adminchat.amxx] Chat: "Sol<351><STEAM_0:1:191882096><>" chat "ce vroiai sa ma intrebi"
L 01/25/2017 - 22:36:09: [adminchat.amxx] Chat: "SWAGGIE. XD<304><VALVE_0:4:862961770><>" chat " baga ma eq"
L 01/25/2017 - 22:36:19: [adminchat.amxx] Chat: "SWAGGIE. XD<304><VALVE_0:4:862961770><>" chat " ca vr la voi"
L 01/25/2017 - 22:36:39: [adminchat.amxx] Chat: "Sol<351><STEAM_0:1:191882096><>" chat "si eu vreau cerere cu proba"
L 01/25/2017 - 22:36:47: [adminchat.amxx] Chat: "SWAGGIE. XD<304><VALVE_0:4:862961770><>" chat " pe altii ii bagi fara "
L 01/25/2017 - 22:36:49: [adminchat.amxx] Chat: "SWAGGIE. XD<304><VALVE_0:4:862961770><>" chat " :("
L 01/25/2017 - 22:38:22: [adminchat.amxx] Chat: "SWAGGIE. XD<304><VALVE_0:4:862961770><>" chat " HAI BA"
L 01/25/2017 - 22:39:04: [adminchat.amxx] Chat: "SWAGGIE. XD<304><VALVE_0:4:862961770><>" chat " :|"
L 01/25/2017 - 22:39:45: [adminchat.amxx] Chat: "SWAGGIE. XD<304><VALVE_0:4:862961770><>" chat " Ba sol ba:))"
L 01/25/2017 - 22:39:56: [adminchat.amxx] Chat: "SWAGGIE. XD<304><VALVE_0:4:862961770><>" chat " hai"
L 01/25/2017 - 22:40:04: [adminchat.amxx] Chat: "SWAGGIE. XD<304><VALVE_0:4:862961770><>" chat " baga ma"
L 01/25/2017 - 22:42:08: [admin.amxx] Login: "kaka<362><VALVE_0:4:1033726963><>" kicked due to invalid password (account "kaka") (address "94.53.102.210")
L 01/25/2017 - 22:42:15: [admin.amxx] Login: "kaka<363><VALVE_0:4:1033726963><>" became an admin (account "kaka") (access "bi") (address "94.53.102.210")
L 01/25/2017 - 22:42:27: [slayafk.amxx] SWAGGIE. XD a primit slay, deoarece a fost afk mai mult de 30 secunde
L 01/25/2017 - 22:42:40: [admin.amxx] Login: "Cuppy # LePatron<365><STEAM_0:1:193294027><>" became an admin (account "Cuppy # LePatron") (access "bi") (address "46.253.168.87")
L 01/25/2017 - 22:42:40: [admincmd.amxx] Cmd: "kaka<363><VALVE_0:4:1033726963><>" ask for players list
L 01/25/2017 - 22:42:51: [admincmd.amxx] Cmd: "kaka<363><VALVE_0:4:1033726963><>" ask for players list
L 01/25/2017 - 22:42:58: [adminchat.amxx] Chat: "SWAGGIE. XD<304><VALVE_0:4:862961770><>" chat " solicaaaa"
L 01/25/2017 - 22:43:01: [adminchat.amxx] Chat: "Sol<351><STEAM_0:1:191882096><>" chat "?"
L 01/25/2017 - 22:43:05: [adminchat.amxx] Chat: "SWAGGIE. XD<304><VALVE_0:4:862961770><>" chat " cmon beib"
L 01/25/2017 - 22:43:13: [adminchat.amxx] Chat: "Sol<351><STEAM_0:1:191882096><>" chat "am mai bagat pe cineva fara proba? -.-"
L 01/25/2017 - 22:43:18: [adminchat.amxx] Chat: "SWAGGIE. XD<304><VALVE_0:4:862961770><>" chat " da"
L 01/25/2017 - 22:43:20: [adminchat.amxx] Chat: "Sol<351><STEAM_0:1:191882096><>" chat "pe"
L 01/25/2017 - 22:43:24: [adminchat.amxx] Chat: "SWAGGIE. XD<304><VALVE_0:4:862961770><>" chat " eram odata pe sv"
L 01/25/2017 - 22:43:34: [adminchat.amxx] Chat: "SWAGGIE. XD<304><VALVE_0:4:862961770><>" chat " si l-ai bagat pe unu mai vechi"
L 01/25/2017 - 22:43:46: [adminchat.amxx] Chat: "Sol<351><STEAM_0:1:191882096><>" chat "care"
L 01/25/2017 - 22:43:50: [adminchat.amxx] Chat: "SWAGGIE. XD<304><VALVE_0:4:862961770><>" chat " nu mai stiu numele"
L 01/25/2017 - 22:46:52: [slayafk.amxx] KLEZ;[ a primit slay, deoarece a fost afk mai mult de 30 secunde
L 01/25/2017 - 22:49:21: [admin.amxx] Login: "SWAGGIE. XD<370><VALVE_0:4:862961770><>" became an admin (account "SWAGGIE. XD") (access "bi") (address "109.98.131.207")
L 01/25/2017 - 22:49:27: [slayafk.amxx] KLEZ;[ a primit slay, deoarece a fost afk mai mult de 30 secunde
L 01/25/2017 - 22:49:27: [slayafk.amxx] InGeR Dr0GaT a primit slay, deoarece a fost afk mai mult de 30 secunde
L 01/25/2017 - 22:50:18: [mapsmenu.amxx] Vote: "SWAGGIE. XD<370><VALVE_0:4:862961770><>" vote maps (map#1 "deathrun_challenge_x") (map#2 "deathrun_y_underground") (map#3 "") (map#4 "")
L 01/25/2017 - 22:50:30: [mapsmenu.amxx] Vote: Voting successful. Map will be changed to deathrun_challenge_x
L 01/25/2017 - 22:54:19: -------- Mapchange to deathrun_challenge_x --------
L 01/25/2017 - 22:54:20: [comp_timer2.amxx] Error on query: You have an error in your SQL syntax; check the manual that corresponds to your MySQL server version for the right syntax to use near '' at line 1
L 01/25/2017 - 22:54:20: [comp_timer2.amxx] FailState == TQUERY_QUERY_FAILED, Query failed.
L 01/25/2017 - 22:54:21: [admin.amxx] Login: "SWAGGIE. XD<370><VALVE_0:4:862961770><>" became an admin (account "SWAGGIE. XD") (access "bi") (address "109.98.131.207")
L 01/25/2017 - 22:55:15: [slayafk.amxx] InGeR Dr0GaT a primit slay, deoarece a fost afk mai mult de 30 secunde
L 01/25/2017 - 22:56:16: [admin.amxx] Login: "trysz<381><STEAM_0:0:151659743><>" became an admin (account "Trysz") (access "bi") (address "89.120.5.180")
L 01/25/2017 - 22:56:30: [admin.amxx] Login: "trysz<382><STEAM_0:0:151659743><>" became an admin (account "Trysz") (access "bi") (address "89.120.5.180")
L 01/25/2017 - 22:56:47: [admin.amxx] Login: "deadpool<383><STEAM_0:0:30403765><>" became an admin (account "deadpool") (access "bit") (address "82.79.251.176")
L 01/25/2017 - 22:57:20: [admin.amxx] Login: "kaka<384><VALVE_0:4:1033726963><>" kicked due to invalid password (account "kaka") (address "94.53.102.210")
L 01/25/2017 - 23:00:40: [slayafk.amxx] InGeR Dr0GaT a primit slay, deoarece a fost afk mai mult de 30 secunde
L 01/25/2017 - 23:05:15: [slayafk.amxx] InGeR Dr0GaT a primit slay, deoarece a fost afk mai mult de 30 secunde
L 01/25/2017 - 23:19:43: -------- Mapchange to deathrun_scooby-doo --------
L 01/25/2017 - 23:19:45: [comp_timer2.amxx] Error on query: You have an error in your SQL syntax; check the manual that corresponds to your MySQL server version for the right syntax to use near '' at line 1
L 01/25/2017 - 23:19:45: [comp_timer2.amxx] FailState == TQUERY_QUERY_FAILED, Query failed.
L 01/25/2017 - 23:26:15: [admin.amxx] Login: "J.Smith<395><STEAM_0:0:59563675><>" became an admin (account "J.Smith") (access "bi") (address "109.185.5.238")
L 01/25/2017 - 23:26:19: [admin.amxx] Login: "J.Smith<396><STEAM_0:0:59563675><>" became an admin (account "J.Smith") (access "bi") (address "109.185.5.238")
L 01/25/2017 - 23:30:15: [admin.amxx] Login: "SWAGGIE. XD<397><VALVE_0:4:862961770><>" became an admin (account "SWAGGIE. XD") (access "bi") (address "109.98.131.207")
L 01/25/2017 - 23:31:36: [admincmd.amxx] Cmd: "Dr.FioriGinal.Ro ~ Server Clasi<0><><>" slay "nVidia E8 Player<400><VALVE_0:4:840945399><>"
L 01/25/2017 - 23:32:25: [admincmd.amxx] Cmd: "Dr.FioriGinal.Ro ~ Server Clasi<0><><>" slay "nVidia E8 Player<402><VALVE_0:4:840945399><>"
L 01/25/2017 - 23:32:33: [admin.amxx] Login: "fl0ppy<402><VALVE_0:4:840945399><>" became an admin (account "fl0ppy") (access "bi") (address "86.127.99.205")
L 01/25/2017 - 23:54:29: -------- Mapchange to deathrun_laikiux_dev --------
L 01/25/2017 - 23:54:31: [comp_timer2.amxx] Error on query: You have an error in your SQL syntax; check the manual that corresponds to your MySQL server version for the right syntax to use near '' at line 1
L 01/25/2017 - 23:54:31: [comp_timer2.amxx] FailState == TQUERY_QUERY_FAILED, Query failed.
