L 07/04/2017 - 00:01:05: [admincmd.amxx] Cmd: "Dr.FioriGinal.Ro ~ Server Clasi<0><><>" slay "???<244><STEAM_0:1:167597828><>"
L 07/04/2017 - 00:26:23: -------- Mapchange to deathrun_jinglebells2 --------
L 07/04/2017 - 00:26:25: [AMXX] Failed to open dictionary file: cstrike/addons/amxmodx/data/lang/walkguard.txt
L 07/04/2017 - 00:26:26: [walkguard.amxx] no zone-file found
L 07/04/2017 - 00:51:35: -------- Mapchange to deathrun_gb_winter_final4 --------
L 07/04/2017 - 00:51:36: [AMXX] Failed to open dictionary file: cstrike/addons/amxmodx/data/lang/walkguard.txt
L 07/04/2017 - 00:51:37: [walkguard.amxx] no zone-file found
L 07/04/2017 - 01:12:51: [admincmd.amxx] Cmd: "Dr.FioriGinal.Ro ~ Server Clasi<0><><>" slay "LoLz<259><VALVE_0:4:1180290167><>"
L 07/04/2017 - 01:25:56: [admincmd.amxx] Cmd: "Dr.FioriGinal.Ro ~ Server Clasi<0><><>" slay "ENISS<265><VALVE_0:4:1919664331><>"
L 07/04/2017 - 03:07:27: -------- Mapchange to deathrun_expres-winter --------
L 07/04/2017 - 03:07:28: [AMXX] Failed to open dictionary file: cstrike/addons/amxmodx/data/lang/walkguard.txt
L 07/04/2017 - 03:07:29: [walkguard.amxx] no zone-file found
L 07/04/2017 - 03:19:44: [slayafk.amxx] popa a primit slay, deoarece a fost afk mai mult de 30 secunde
L 07/04/2017 - 03:20:24: [slayafk.amxx] popa a primit slay, deoarece a fost afk mai mult de 30 secunde
L 07/04/2017 - 03:21:04: [slayafk.amxx] popa a primit slay, deoarece a fost afk mai mult de 30 secunde
L 07/04/2017 - 03:21:44: [slayafk.amxx] popa a primit slay, deoarece a fost afk mai mult de 30 secunde
L 07/04/2017 - 03:22:24: [slayafk.amxx] popa a primit slay, deoarece a fost afk mai mult de 30 secunde
L 07/04/2017 - 03:23:04: [slayafk.amxx] popa a primit slay, deoarece a fost afk mai mult de 30 secunde
L 07/04/2017 - 03:23:49: [slayafk.amxx] popa a primit slay, deoarece a fost afk mai mult de 30 secunde
L 07/04/2017 - 08:33:28: -------- Mapchange to deathrun_alleywinter --------
L 07/04/2017 - 08:33:29: [AMXX] Failed to open dictionary file: cstrike/addons/amxmodx/data/lang/walkguard.txt
L 07/04/2017 - 08:33:30: [walkguard.amxx] no zone-file found
L 07/04/2017 - 08:59:31: -------- Mapchange to deathrun_trenal_lux --------
L 07/04/2017 - 08:59:33: [AMXX] Failed to open dictionary file: cstrike/addons/amxmodx/data/lang/walkguard.txt
L 07/04/2017 - 08:59:34: [walkguard.amxx] no zone-file found
L 07/04/2017 - 09:33:23: -------- Mapchange to deathrun_greyskull --------
L 07/04/2017 - 09:33:24: [AMXX] Failed to open dictionary file: cstrike/addons/amxmodx/data/lang/walkguard.txt
L 07/04/2017 - 09:33:25: [walkguard.amxx] no zone-file found
L 07/04/2017 - 10:09:16: -------- Mapchange to deathrun_stronghold_beta1 --------
L 07/04/2017 - 10:09:17: [AMXX] Failed to open dictionary file: cstrike/addons/amxmodx/data/lang/walkguard.txt
L 07/04/2017 - 10:09:18: [walkguard.amxx] no zone-file found
L 07/04/2017 - 10:56:04: -------- Mapchange to deathrun_aztecan_beta1 --------
L 07/04/2017 - 10:56:05: [AMXX] Failed to open dictionary file: cstrike/addons/amxmodx/data/lang/walkguard.txt
L 07/04/2017 - 10:56:06: [walkguard.amxx] no zone-file found
L 07/04/2017 - 11:25:40: -------- Mapchange to deathrun_pyramid --------
L 07/04/2017 - 11:25:41: [AMXX] Failed to open dictionary file: cstrike/addons/amxmodx/data/lang/walkguard.txt
L 07/04/2017 - 11:25:42: [walkguard.amxx] no zone-file found
L 07/04/2017 - 12:27:51: -------- Mapchange to deathrun_standup --------
L 07/04/2017 - 12:27:52: [AMXX] Failed to open dictionary file: cstrike/addons/amxmodx/data/lang/walkguard.txt
L 07/04/2017 - 12:27:53: [walkguard.amxx] no zone-file found
L 07/04/2017 - 12:58:05: -------- Mapchange to deathrun_sentinel --------
L 07/04/2017 - 12:58:15: -------- Mapchange to deathrun_forest --------
L 07/04/2017 - 12:58:24: [AMXX] Failed to open dictionary file: cstrike/addons/amxmodx/data/lang/walkguard.txt
L 07/04/2017 - 12:58:26: [walkguard.amxx] no zone-file found
L 07/04/2017 - 12:58:35: Invalid multi-lingual line (file "cstrike/addons/amxmodx/data/lang/rom_protect.txt" key "// *ROM-Protect// Plugin OpenSource anti-IsFlooding/bug-fix pentru orice server." lang "")
L 07/04/2017 - 12:58:35: Invalid multi-lingual line (file "cstrike/addons/amxmodx/data/lang/rom_protect.txt" key "// Versiunea : 1.0.4s-dev. Bulid : 98. Data lansarii versiunii : 03.12.2016." lang "")
L 07/04/2017 - 12:58:35: Invalid multi-lingual line (file "cstrike/addons/amxmodx/data/lang/rom_protect.txt" key "// Autor : lüxor # Dr.Fio & DR2.IND (+ eNd.) - SteamID (contact) : luxxxoor" lang "")
L 07/04/2017 - 12:58:35: Invalid multi-lingual line (file "cstrike/addons/amxmodx/data/lang/rom_protect.txt" key "// O productie FioriGinal.ro - site : www.fioriginal.ro" lang "")
L 07/04/2017 - 12:58:35: Invalid multi-lingual line (file "cstrike/addons/amxmodx/data/lang/rom_protect.txt" key "// Link forum de dezvoltare : http://forum.fioriginal.ro/amxmodx-plugins-pluginuri/rom-protect-anti-flood-bug-fix-t28292.html" lang "")
L 07/04/2017 - 12:58:35: Invalid multi-lingual line (file "cstrike/addons/amxmodx/data/lang/rom_protect.txt" key "// Link sursa : https://github.com/luxxxoor/ROM-Protect" lang "")
L 07/04/2017 - 12:58:35: Invalid multi-lingual line (file "cstrike/addons/amxmodx/data/lang/rom_protect.txt" key "// Colori : ^1 - Culoarea aleasa de jucator cu con_color." lang "")
L 07/04/2017 - 12:58:35: Invalid multi-lingual line (file "cstrike/addons/amxmodx/data/lang/rom_protect.txt" key "//          ^3 - Culoare gri." lang "")
L 07/04/2017 - 12:58:35: Invalid multi-lingual line (file "cstrike/addons/amxmodx/data/lang/rom_protect.txt" key "//          ^4 - Culoare verde." lang "")
L 07/04/2017 - 13:03:51: [slayafk.amxx] BOOS  , VIP a primit slay, deoarece a fost afk mai mult de 30 secunde
L 07/04/2017 - 13:27:06: -------- Mapchange to deathrun_jinglebells --------
L 07/04/2017 - 13:27:07: [AMXX] Failed to open dictionary file: cstrike/addons/amxmodx/data/lang/walkguard.txt
L 07/04/2017 - 13:27:08: [walkguard.amxx] no zone-file found
L 07/04/2017 - 13:53:04: [admin.amxx] Login: "Stifler<32><STEAM_0:1:22458368><>" became an admin (account "Stifler") (access "b") (address "31.5.145.190")
L 07/04/2017 - 13:53:06: [admin.amxx] Login: "Stifler<33><STEAM_0:1:22458368><>" became an admin (account "Stifler") (access "b") (address "31.5.145.190")
L 07/04/2017 - 13:58:23: -------- Mapchange to deathrun_long_run --------
L 07/04/2017 - 13:58:24: [AMXX] Failed to open dictionary file: cstrike/addons/amxmodx/data/lang/walkguard.txt
L 07/04/2017 - 13:58:25: [walkguard.amxx] no zone-file found
L 07/04/2017 - 13:58:25: [admin.amxx] Login: "Stifler<33><STEAM_0:1:22458368><>" became an admin (account "Stifler") (access "b") (address "31.5.145.190")
L 07/04/2017 - 13:58:27: [admin.amxx] Login: "Stifler<38><STEAM_0:1:22458368><>" became an admin (account "Stifler") (access "b") (address "31.5.145.190")
L 07/04/2017 - 14:37:29: -------- Mapchange to deathrun_virtualstrike --------
L 07/04/2017 - 14:37:30: [AMXX] Failed to open dictionary file: cstrike/addons/amxmodx/data/lang/walkguard.txt
L 07/04/2017 - 14:37:31: [walkguard.amxx] no zone-file found
L 07/04/2017 - 15:15:19: -------- Mapchange to deathrun_nightrun_beta3 --------
L 07/04/2017 - 15:15:21: [AMXX] Failed to open dictionary file: cstrike/addons/amxmodx/data/lang/walkguard.txt
L 07/04/2017 - 15:15:21: [walkguard.amxx] no zone-file found
L 07/04/2017 - 15:36:11: [admincmd.amxx] Cmd: "Dr.FioriGinal.Ro ~ Server Clasi<0><><>" slay "peanuts with salt<79><STEAM_0:0:1763167753><>"
L 07/04/2017 - 16:05:52: -------- Mapchange to deathrun_0mega --------
L 07/04/2017 - 16:05:54: [AMXX] Failed to open dictionary file: cstrike/addons/amxmodx/data/lang/walkguard.txt
L 07/04/2017 - 16:05:55: [walkguard.amxx] no zone-file found
L 07/04/2017 - 17:17:21: -------- Mapchange to deathrun_discovery3 --------
L 07/04/2017 - 17:17:23: [AMXX] Failed to open dictionary file: cstrike/addons/amxmodx/data/lang/walkguard.txt
L 07/04/2017 - 17:17:24: [walkguard.amxx] no zone-file found
L 07/04/2017 - 17:26:23: [slayafk.amxx] NVIDIA E6 Player a primit slay, deoarece a fost afk mai mult de 30 secunde
L 07/04/2017 - 17:29:03: [slayafk.amxx] NVIDIA E6 Player a primit slay, deoarece a fost afk mai mult de 30 secunde
L 07/04/2017 - 17:56:53: -------- Mapchange to deathrun_adi_blurez --------
L 07/04/2017 - 17:56:55: [AMXX] Failed to open dictionary file: cstrike/addons/amxmodx/data/lang/walkguard.txt
L 07/04/2017 - 17:56:56: [walkguard.amxx] no zone-file found
L 07/04/2017 - 18:08:20: [slayafk.amxx] Sonor a primit slay, deoarece a fost afk mai mult de 30 secunde
L 07/04/2017 - 18:27:01: -------- Mapchange to deathrun_2h_estonia --------
L 07/04/2017 - 18:27:02: [AMXX] Failed to open dictionary file: cstrike/addons/amxmodx/data/lang/walkguard.txt
L 07/04/2017 - 18:27:03: [walkguard.amxx] no zone-file found
L 07/04/2017 - 18:33:47: [admincmd.amxx] Cmd: "Dr.FioriGinal.Ro ~ Server Clasi<0><><>" slay "Lucifer<136><STEAM_0:1:98971672><>"
L 07/04/2017 - 18:40:52: [admincmd.amxx] Cmd: "Dr.FioriGinal.Ro ~ Server Clasi<0><><>" slay "SeeCanMeeWar<141><VALVE_0:4:602548987><>"
L 07/04/2017 - 19:00:24: -------- Mapchange to deathrun_y_underground --------
L 07/04/2017 - 19:00:26: [AMXX] Failed to open dictionary file: cstrike/addons/amxmodx/data/lang/walkguard.txt
L 07/04/2017 - 19:00:27: [walkguard.amxx] no zone-file found
L 07/04/2017 - 19:13:55: [admin.amxx] Login: "wKn<149><STEAM_0:0:196614190><>" kicked due to invalid password (account "wKn") (address "92.80.88.167")
L 07/04/2017 - 19:44:21: -------- Mapchange to deathrun_privateers --------
L 07/04/2017 - 19:44:22: [AMXX] Failed to open dictionary file: cstrike/addons/amxmodx/data/lang/walkguard.txt
L 07/04/2017 - 19:44:23: [walkguard.amxx] no zone-file found
L 07/04/2017 - 20:13:03: -------- Mapchange to deathrun_rizzy_x --------
L 07/04/2017 - 20:13:05: [AMXX] Failed to open dictionary file: cstrike/addons/amxmodx/data/lang/walkguard.txt
L 07/04/2017 - 20:13:06: [walkguard.amxx] no zone-file found
L 07/04/2017 - 20:40:16: -------- Mapchange to deathrun_ghosts --------
L 07/04/2017 - 20:40:18: [AMXX] Failed to open dictionary file: cstrike/addons/amxmodx/data/lang/walkguard.txt
L 07/04/2017 - 20:40:19: [walkguard.amxx] no zone-file found
L 07/04/2017 - 21:03:41: [admincmd.amxx] Cmd: "Dr.FioriGinal.Ro ~ Server Clasi<0><><>" slay "dynnan<184><STEAM_0:0:1106713596><>"
L 07/04/2017 - 21:12:16: [admincmd.amxx] Cmd: "Dr.FioriGinal.Ro ~ Server Clasi<0><><>" slay "dynnan<192><STEAM_0:0:1106713596><>"
L 07/04/2017 - 21:46:54: [slayafk.amxx] nVidia E8 Player a primit slay, deoarece a fost afk mai mult de 30 secunde
L 07/04/2017 - 21:46:57: -------- Mapchange to deathrun_sk_occult --------
L 07/04/2017 - 21:46:59: [AMXX] Failed to open dictionary file: cstrike/addons/amxmodx/data/lang/walkguard.txt
L 07/04/2017 - 21:47:00: [walkguard.amxx] no zone-file found
L 07/04/2017 - 22:13:17: -------- Mapchange to deathrun_jigsaw2 --------
L 07/04/2017 - 22:13:19: [AMXX] Failed to open dictionary file: cstrike/addons/amxmodx/data/lang/walkguard.txt
L 07/04/2017 - 22:13:20: [walkguard.amxx] no zone-file found
L 07/04/2017 - 22:44:56: -------- Mapchange to deathrun_christmas --------
L 07/04/2017 - 22:44:58: [AMXX] Failed to open dictionary file: cstrike/addons/amxmodx/data/lang/walkguard.txt
L 07/04/2017 - 22:44:58: [walkguard.amxx] no zone-file found
L 07/04/2017 - 22:52:07: [admincmd.amxx] Cmd: "Dr.FioriGinal.Ro ~ Server Clasi<0><><>" slay "TheShadow<224><VALVE_0:4:1257995650><>"
L 07/04/2017 - 22:52:42: [admincmd.amxx] Cmd: "Dr.FioriGinal.Ro ~ Server Clasi<0><><>" slay "TheShadow<225><VALVE_0:4:1257995650><>"
L 07/04/2017 - 23:25:49: -------- Mapchange to deathrun_jinglebells2 --------
L 07/04/2017 - 23:25:50: [AMXX] Failed to open dictionary file: cstrike/addons/amxmodx/data/lang/walkguard.txt
L 07/04/2017 - 23:25:51: [walkguard.amxx] no zone-file found
L 07/04/2017 - 23:58:16: [slayafk.amxx] xTeo69 a primit slay, deoarece a fost afk mai mult de 30 secunde
L 07/04/2017 - 23:58:56: [slayafk.amxx] xTeo69 a primit slay, deoarece a fost afk mai mult de 30 secunde
