L 07/05/2017 - 00:38:03: -------- Mapchange to deathrun_gb_winter_final4 --------
L 07/05/2017 - 00:38:05: [AMXX] Failed to open dictionary file: cstrike/addons/amxmodx/data/lang/walkguard.txt
L 07/05/2017 - 00:38:05: [walkguard.amxx] no zone-file found
L 07/05/2017 - 00:40:40: [slayafk.amxx] odae a primit slay, deoarece a fost afk mai mult de 30 secunde
L 07/05/2017 - 00:42:10: [slayafk.amxx] odae a primit slay, deoarece a fost afk mai mult de 30 secunde
L 07/05/2017 - 00:43:25: [slayafk.amxx] odae a primit slay, deoarece a fost afk mai mult de 30 secunde
L 07/05/2017 - 00:46:15: [slayafk.amxx] odae a primit slay, deoarece a fost afk mai mult de 30 secunde
L 07/05/2017 - 00:47:10: [slayafk.amxx] odae a primit slay, deoarece a fost afk mai mult de 30 secunde
L 07/05/2017 - 00:48:05: [slayafk.amxx] odae a primit slay, deoarece a fost afk mai mult de 30 secunde
L 07/05/2017 - 00:49:10: [slayafk.amxx] odae a primit slay, deoarece a fost afk mai mult de 30 secunde
L 07/05/2017 - 00:51:40: [slayafk.amxx] odae a primit slay, deoarece a fost afk mai mult de 30 secunde
L 07/05/2017 - 00:52:50: [slayafk.amxx] odae a primit slay, deoarece a fost afk mai mult de 30 secunde
L 07/05/2017 - 00:53:40: [slayafk.amxx] odae a primit slay, deoarece a fost afk mai mult de 30 secunde
L 07/05/2017 - 00:55:15: [slayafk.amxx] odae a primit slay, deoarece a fost afk mai mult de 30 secunde
L 07/05/2017 - 01:23:19: -------- Mapchange to deathrun_expres-winter --------
L 07/05/2017 - 01:23:21: [AMXX] Failed to open dictionary file: cstrike/addons/amxmodx/data/lang/walkguard.txt
L 07/05/2017 - 01:23:21: [walkguard.amxx] no zone-file found
L 07/05/2017 - 02:19:54: -------- Mapchange to deathrun_alleywinter --------
L 07/05/2017 - 02:19:55: [AMXX] Failed to open dictionary file: cstrike/addons/amxmodx/data/lang/walkguard.txt
L 07/05/2017 - 02:19:56: [walkguard.amxx] no zone-file found
L 07/05/2017 - 02:39:40: [slayafk.amxx] maha a primit slay, deoarece a fost afk mai mult de 30 secunde
L 07/05/2017 - 02:40:20: [slayafk.amxx] maha a primit slay, deoarece a fost afk mai mult de 30 secunde
L 07/05/2017 - 02:41:00: [slayafk.amxx] maha a primit slay, deoarece a fost afk mai mult de 30 secunde
L 07/05/2017 - 02:41:40: [slayafk.amxx] maha a primit slay, deoarece a fost afk mai mult de 30 secunde
L 07/05/2017 - 02:42:20: [slayafk.amxx] maha a primit slay, deoarece a fost afk mai mult de 30 secunde
L 07/05/2017 - 02:43:00: [slayafk.amxx] maha a primit slay, deoarece a fost afk mai mult de 30 secunde
L 07/05/2017 - 02:43:40: [slayafk.amxx] maha a primit slay, deoarece a fost afk mai mult de 30 secunde
L 07/05/2017 - 02:44:20: [slayafk.amxx] maha a primit slay, deoarece a fost afk mai mult de 30 secunde
L 07/05/2017 - 02:45:00: [slayafk.amxx] maha a primit slay, deoarece a fost afk mai mult de 30 secunde
L 07/05/2017 - 02:46:37: -------- Mapchange to deathrun_trenal_lux --------
L 07/05/2017 - 02:46:38: [AMXX] Failed to open dictionary file: cstrike/addons/amxmodx/data/lang/walkguard.txt
L 07/05/2017 - 02:46:39: [walkguard.amxx] no zone-file found
L 07/05/2017 - 04:18:54: -------- Mapchange to deathrun_greyskull --------
L 07/05/2017 - 04:18:55: [AMXX] Failed to open dictionary file: cstrike/addons/amxmodx/data/lang/walkguard.txt
L 07/05/2017 - 04:18:56: [walkguard.amxx] no zone-file found
L 07/05/2017 - 04:20:46: [slayafk.amxx] maha a primit slay, deoarece a fost afk mai mult de 30 secunde
L 07/05/2017 - 04:21:26: [slayafk.amxx] maha a primit slay, deoarece a fost afk mai mult de 30 secunde
L 07/05/2017 - 04:22:06: [slayafk.amxx] maha a primit slay, deoarece a fost afk mai mult de 30 secunde
L 07/05/2017 - 04:22:46: [slayafk.amxx] maha a primit slay, deoarece a fost afk mai mult de 30 secunde
L 07/05/2017 - 04:23:26: [slayafk.amxx] maha a primit slay, deoarece a fost afk mai mult de 30 secunde
L 07/05/2017 - 04:24:06: [slayafk.amxx] maha a primit slay, deoarece a fost afk mai mult de 30 secunde
L 07/05/2017 - 04:24:46: [slayafk.amxx] maha a primit slay, deoarece a fost afk mai mult de 30 secunde
L 07/05/2017 - 04:25:26: [slayafk.amxx] maha a primit slay, deoarece a fost afk mai mult de 30 secunde
L 07/05/2017 - 04:26:06: [slayafk.amxx] maha a primit slay, deoarece a fost afk mai mult de 30 secunde
L 07/05/2017 - 04:26:46: [slayafk.amxx] maha a primit slay, deoarece a fost afk mai mult de 30 secunde
L 07/05/2017 - 04:27:26: [slayafk.amxx] maha a primit slay, deoarece a fost afk mai mult de 30 secunde
L 07/05/2017 - 04:28:06: [slayafk.amxx] maha a primit slay, deoarece a fost afk mai mult de 30 secunde
L 07/05/2017 - 04:28:46: [slayafk.amxx] maha a primit slay, deoarece a fost afk mai mult de 30 secunde
L 07/05/2017 - 04:29:26: [slayafk.amxx] maha a primit slay, deoarece a fost afk mai mult de 30 secunde
L 07/05/2017 - 04:30:36: [slayafk.amxx] maha a primit slay, deoarece a fost afk mai mult de 30 secunde
L 07/05/2017 - 04:31:21: [slayafk.amxx] maha a primit slay, deoarece a fost afk mai mult de 30 secunde
L 07/05/2017 - 04:37:57: [admincmd.amxx] Cmd: "Dr.FioriGinal.Ro ~ Server Clasi<0><><>" slay "maha<283><VALVE_0:4:1778558988><>"
L 07/05/2017 - 04:40:11: [slayafk.amxx] maha a primit slay, deoarece a fost afk mai mult de 30 secunde
L 07/05/2017 - 07:18:53: -------- Mapchange to deathrun_stronghold_beta1 --------
L 07/05/2017 - 07:18:54: [AMXX] Failed to open dictionary file: cstrike/addons/amxmodx/data/lang/walkguard.txt
L 07/05/2017 - 07:18:55: [walkguard.amxx] no zone-file found
L 07/05/2017 - 08:19:04: -------- Mapchange to deathrun_aztecan_beta1 --------
L 07/05/2017 - 08:19:05: [AMXX] Failed to open dictionary file: cstrike/addons/amxmodx/data/lang/walkguard.txt
L 07/05/2017 - 08:19:06: [walkguard.amxx] no zone-file found
L 07/05/2017 - 08:46:21: -------- Mapchange to deathrun_pyramid --------
L 07/05/2017 - 08:46:23: [AMXX] Failed to open dictionary file: cstrike/addons/amxmodx/data/lang/walkguard.txt
L 07/05/2017 - 08:46:24: [walkguard.amxx] no zone-file found
L 07/05/2017 - 09:21:06: -------- Mapchange to deathrun_standup --------
L 07/05/2017 - 09:21:07: [AMXX] Failed to open dictionary file: cstrike/addons/amxmodx/data/lang/walkguard.txt
L 07/05/2017 - 09:21:08: [walkguard.amxx] no zone-file found
L 07/05/2017 - 09:57:30: -------- Mapchange to deathrun_sentinel --------
L 07/05/2017 - 09:57:41: -------- Mapchange to deathrun_forest --------
L 07/05/2017 - 09:57:48: [AMXX] Failed to open dictionary file: cstrike/addons/amxmodx/data/lang/walkguard.txt
L 07/05/2017 - 09:57:50: [walkguard.amxx] no zone-file found
L 07/05/2017 - 09:57:59: Invalid multi-lingual line (file "cstrike/addons/amxmodx/data/lang/rom_protect.txt" key "// *ROM-Protect// Plugin OpenSource anti-IsFlooding/bug-fix pentru orice server." lang "")
L 07/05/2017 - 09:57:59: Invalid multi-lingual line (file "cstrike/addons/amxmodx/data/lang/rom_protect.txt" key "// Versiunea : 1.0.4s-dev. Bulid : 98. Data lansarii versiunii : 03.12.2016." lang "")
L 07/05/2017 - 09:57:59: Invalid multi-lingual line (file "cstrike/addons/amxmodx/data/lang/rom_protect.txt" key "// Autor : lüxor # Dr.Fio & DR2.IND (+ eNd.) - SteamID (contact) : luxxxoor" lang "")
L 07/05/2017 - 09:57:59: Invalid multi-lingual line (file "cstrike/addons/amxmodx/data/lang/rom_protect.txt" key "// O productie FioriGinal.ro - site : www.fioriginal.ro" lang "")
L 07/05/2017 - 09:57:59: Invalid multi-lingual line (file "cstrike/addons/amxmodx/data/lang/rom_protect.txt" key "// Link forum de dezvoltare : http://forum.fioriginal.ro/amxmodx-plugins-pluginuri/rom-protect-anti-flood-bug-fix-t28292.html" lang "")
L 07/05/2017 - 09:57:59: Invalid multi-lingual line (file "cstrike/addons/amxmodx/data/lang/rom_protect.txt" key "// Link sursa : https://github.com/luxxxoor/ROM-Protect" lang "")
L 07/05/2017 - 09:57:59: Invalid multi-lingual line (file "cstrike/addons/amxmodx/data/lang/rom_protect.txt" key "// Colori : ^1 - Culoarea aleasa de jucator cu con_color." lang "")
L 07/05/2017 - 09:57:59: Invalid multi-lingual line (file "cstrike/addons/amxmodx/data/lang/rom_protect.txt" key "//          ^3 - Culoare gri." lang "")
L 07/05/2017 - 09:57:59: Invalid multi-lingual line (file "cstrike/addons/amxmodx/data/lang/rom_protect.txt" key "//          ^4 - Culoare verde." lang "")
L 07/05/2017 - 10:24:49: -------- Mapchange to deathrun_jinglebells --------
L 07/05/2017 - 10:24:50: [AMXX] Failed to open dictionary file: cstrike/addons/amxmodx/data/lang/walkguard.txt
L 07/05/2017 - 10:24:51: [walkguard.amxx] no zone-file found
L 07/05/2017 - 10:26:25: [admincmd.amxx] Cmd: "Dr.FioriGinal.Ro ~ Server Clasi<0><><>" slay "Profesorul<14><VALVE_0:4:1730005115><>"
L 07/05/2017 - 10:27:28: [admincmd.amxx] Cmd: "Dr.FioriGinal.Ro ~ Server Clasi<0><><>" slay "Profesorul<15><VALVE_0:4:1730005115><>"
L 07/05/2017 - 10:32:31: [slayafk.amxx] Profesorul a primit slay, deoarece a fost afk mai mult de 30 secunde
L 07/05/2017 - 10:33:11: [slayafk.amxx] Profesorul a primit slay, deoarece a fost afk mai mult de 30 secunde
L 07/05/2017 - 10:33:51: [slayafk.amxx] Profesorul a primit slay, deoarece a fost afk mai mult de 30 secunde
L 07/05/2017 - 10:34:31: [slayafk.amxx] Profesorul a primit slay, deoarece a fost afk mai mult de 30 secunde
L 07/05/2017 - 10:35:11: [slayafk.amxx] Profesorul a primit slay, deoarece a fost afk mai mult de 30 secunde
L 07/05/2017 - 10:35:51: [slayafk.amxx] Profesorul a primit slay, deoarece a fost afk mai mult de 30 secunde
L 07/05/2017 - 10:36:56: [slayafk.amxx] Profesorul a primit slay, deoarece a fost afk mai mult de 30 secunde
L 07/05/2017 - 10:37:36: [slayafk.amxx] Profesorul a primit slay, deoarece a fost afk mai mult de 30 secunde
L 07/05/2017 - 10:38:16: [slayafk.amxx] Profesorul a primit slay, deoarece a fost afk mai mult de 30 secunde
L 07/05/2017 - 10:38:56: [slayafk.amxx] Profesorul a primit slay, deoarece a fost afk mai mult de 30 secunde
L 07/05/2017 - 10:39:41: [slayafk.amxx] Profesorul a primit slay, deoarece a fost afk mai mult de 30 secunde
L 07/05/2017 - 10:40:26: [slayafk.amxx] Profesorul a primit slay, deoarece a fost afk mai mult de 30 secunde
L 07/05/2017 - 10:41:11: [slayafk.amxx] Profesorul a primit slay, deoarece a fost afk mai mult de 30 secunde
L 07/05/2017 - 10:44:32: [admincmd.amxx] Cmd: "Dr.FioriGinal.Ro ~ Server Clasi<0><><>" slay "Profesorul<18><VALVE_0:4:1730005115><>"
L 07/05/2017 - 10:49:18: [admincmd.amxx] Cmd: "Dr.FioriGinal.Ro ~ Server Clasi<0><><>" slay "Profesorul<20><VALVE_0:4:1730005115><>"
L 07/05/2017 - 11:20:17: -------- Mapchange to deathrun_long_run --------
L 07/05/2017 - 11:20:18: [AMXX] Failed to open dictionary file: cstrike/addons/amxmodx/data/lang/walkguard.txt
L 07/05/2017 - 11:20:19: [walkguard.amxx] no zone-file found
L 07/05/2017 - 11:48:26: -------- Mapchange to deathrun_virtualstrike --------
L 07/05/2017 - 11:48:28: [AMXX] Failed to open dictionary file: cstrike/addons/amxmodx/data/lang/walkguard.txt
L 07/05/2017 - 11:48:29: [walkguard.amxx] no zone-file found
L 07/05/2017 - 11:51:58: [slayafk.amxx] Paul a primit slay, deoarece a fost afk mai mult de 30 secunde
L 07/05/2017 - 11:54:58: [slayafk.amxx] Paul a primit slay, deoarece a fost afk mai mult de 30 secunde
L 07/05/2017 - 12:23:20: [admincmd.amxx] Cmd: "Dr.FioriGinal.Ro ~ Server Clasi<0><><>" slay "ENISS<55><VALVE_0:4:1919664331><>"
L 07/05/2017 - 12:24:58: [slayafk.amxx] Rambo a primit slay, deoarece a fost afk mai mult de 30 secunde
L 07/05/2017 - 12:28:03: [slayafk.amxx] Rambo a primit slay, deoarece a fost afk mai mult de 30 secunde
L 07/05/2017 - 12:28:43: [slayafk.amxx] Rambo a primit slay, deoarece a fost afk mai mult de 30 secunde
L 07/05/2017 - 12:35:11: -------- Mapchange to deathrun_nightrun_beta3 --------
L 07/05/2017 - 12:35:12: [AMXX] Failed to open dictionary file: cstrike/addons/amxmodx/data/lang/walkguard.txt
L 07/05/2017 - 12:35:13: [walkguard.amxx] no zone-file found
L 07/05/2017 - 12:37:58: [slayafk.amxx] mutulik a primit slay, deoarece a fost afk mai mult de 30 secunde
L 07/05/2017 - 12:39:44: [admincmd.amxx] Cmd: "Dr.FioriGinal.Ro ~ Server Clasi<0><><>" slay "SeeCanMeeWar<73><VALVE_0:4:193440635><>"
L 07/05/2017 - 13:00:41: -------- Mapchange to deathrun_0mega --------
L 07/05/2017 - 13:00:43: [AMXX] Failed to open dictionary file: cstrike/addons/amxmodx/data/lang/walkguard.txt
L 07/05/2017 - 13:00:44: [walkguard.amxx] no zone-file found
L 07/05/2017 - 13:01:23: [slayafk.amxx] Rambo a primit slay, deoarece a fost afk mai mult de 30 secunde
L 07/05/2017 - 13:01:58: [slayafk.amxx] Rambo a primit slay, deoarece a fost afk mai mult de 30 secunde
L 07/05/2017 - 13:02:38: [slayafk.amxx] Rambo a primit slay, deoarece a fost afk mai mult de 30 secunde
L 07/05/2017 - 13:03:48: [slayafk.amxx] Rambo a primit slay, deoarece a fost afk mai mult de 30 secunde
L 07/05/2017 - 13:05:50: [admincmd.amxx] Cmd: "Dr.FioriGinal.Ro ~ Server Clasi<0><><>" slay "Rambo<80><VALVE_0:4:1340538114><>"
L 07/05/2017 - 13:31:56: -------- Mapchange to deathrun_discovery3 --------
L 07/05/2017 - 13:31:57: [AMXX] Failed to open dictionary file: cstrike/addons/amxmodx/data/lang/walkguard.txt
L 07/05/2017 - 13:31:58: [walkguard.amxx] no zone-file found
L 07/05/2017 - 13:41:32: [admin.amxx] Login: "Stifler<94><STEAM_0:1:22458368><>" became an admin (account "Stifler") (access "b") (address "31.5.145.190")
L 07/05/2017 - 13:57:26: [admincmd.amxx] Cmd: "Dr.FioriGinal.Ro ~ Server Clasi<0><><>" slay "ZOM<97><VALVE_0:4:1372772085><>"
L 07/05/2017 - 13:59:23: [admincmd.amxx] Cmd: "Dr.FioriGinal.Ro ~ Server Clasi<0><><>" slay "ZOM<98><VALVE_0:4:1372772085><>"
L 07/05/2017 - 14:00:19: [admincmd.amxx] Cmd: "Dr.FioriGinal.Ro ~ Server Clasi<0><><>" slay "ZOM<99><VALVE_0:4:1372772085><>"
L 07/05/2017 - 14:09:48: -------- Mapchange to deathrun_adi_blurez --------
L 07/05/2017 - 14:09:49: [AMXX] Failed to open dictionary file: cstrike/addons/amxmodx/data/lang/walkguard.txt
L 07/05/2017 - 14:09:50: [walkguard.amxx] no zone-file found
L 07/05/2017 - 14:11:18: [admincmd.amxx] Cmd: "Dr.FioriGinal.Ro ~ Server Clasi<0><><>" slay "kNIFE. SEries<113><STEAM_0:0:1558587141><>"
L 07/05/2017 - 14:54:58: [admin.amxx] Login: "anca<122><STEAM_0:0:58514266><>" became an admin (account "anca") (access "bit") (address "109.103.126.196")
L 07/05/2017 - 14:55:13: [admin.amxx] Login: "-rTg|maEsTrOo<124><STEAM_0:1:154430568><>" became an admin (account "-rTg|maEsTrOo") (access "bit") (address "89.123.123.255")
L 07/05/2017 - 14:55:18: -------- Mapchange to deathrun_2h_estonia --------
L 07/05/2017 - 14:55:19: [AMXX] Failed to open dictionary file: cstrike/addons/amxmodx/data/lang/walkguard.txt
L 07/05/2017 - 14:55:20: [walkguard.amxx] no zone-file found
L 07/05/2017 - 14:55:20: [admin.amxx] Login: "anca<122><STEAM_0:0:58514266><>" became an admin (account "anca") (access "bit") (address "109.103.126.196")
L 07/05/2017 - 14:55:20: [admin.amxx] Login: "-rTg|maEsTrOo<124><STEAM_0:1:154430568><>" became an admin (account "-rTg|maEsTrOo") (access "bit") (address "89.123.123.255")
L 07/05/2017 - 14:55:23: [admin.amxx] Login: "-rTg|maEsTrOo<126><STEAM_0:1:154430568><>" became an admin (account "-rTg|maEsTrOo") (access "bit") (address "89.123.123.255")
L 07/05/2017 - 15:01:03: [admincmd.amxx] Cmd: "-rTg|maEsTrOo<126><STEAM_0:1:154430568><>" changelevel "deathrun_adi_snowycliff"
L 07/05/2017 - 15:01:05: -------- Mapchange to deathrun_adi_snowycliff --------
L 07/05/2017 - 15:01:07: [AMXX] Failed to open dictionary file: cstrike/addons/amxmodx/data/lang/walkguard.txt
L 07/05/2017 - 15:01:08: [walkguard.amxx] no zone-file found
L 07/05/2017 - 15:01:08: [admin.amxx] Login: "-rTg|maEsTrOo<126><STEAM_0:1:154430568><>" became an admin (account "-rTg|maEsTrOo") (access "bit") (address "89.123.123.255")
L 07/05/2017 - 15:01:08: [admin.amxx] Login: "anca<122><STEAM_0:0:58514266><>" became an admin (account "anca") (access "bit") (address "109.103.126.196")
L 07/05/2017 - 15:04:52: [slayafk.amxx] Eduard. a primit slay, deoarece a fost afk mai mult de 30 secunde
L 07/05/2017 - 15:04:52: [slayafk.amxx] anca a primit slay, deoarece a fost afk mai mult de 30 secunde
L 07/05/2017 - 15:06:52: [slayafk.amxx] anca a primit slay, deoarece a fost afk mai mult de 30 secunde
L 07/05/2017 - 15:07:02: [slayafk.amxx] -rTg|maEsTrOo a primit slay, deoarece a fost afk mai mult de 30 secunde
L 07/05/2017 - 15:07:42: [slayafk.amxx] -rTg|maEsTrOo a primit slay, deoarece a fost afk mai mult de 30 secunde
L 07/05/2017 - 15:08:42: [slayafk.amxx] anca a primit slay, deoarece a fost afk mai mult de 30 secunde
L 07/05/2017 - 15:09:17: [slayafk.amxx] -rTg|maEsTrOo a primit slay, deoarece a fost afk mai mult de 30 secunde
L 07/05/2017 - 15:09:52: [slayafk.amxx] anca a primit slay, deoarece a fost afk mai mult de 30 secunde
L 07/05/2017 - 15:10:22: [slayafk.amxx] -rTg|maEsTrOo a primit slay, deoarece a fost afk mai mult de 30 secunde
L 07/05/2017 - 15:10:57: [slayafk.amxx] anca a primit slay, deoarece a fost afk mai mult de 30 secunde
L 07/05/2017 - 15:11:32: [slayafk.amxx] -rTg|maEsTrOo a primit slay, deoarece a fost afk mai mult de 30 secunde
L 07/05/2017 - 15:12:07: [slayafk.amxx] anca a primit slay, deoarece a fost afk mai mult de 30 secunde
L 07/05/2017 - 15:12:51: [admin.amxx] Login: "Bidi<138><STEAM_0:1:45864800><>" became an admin (account "Bidi") (access "bit") (address "188.209.100.159")
L 07/05/2017 - 15:13:15: [admin.amxx] Login: "Bidi<139><STEAM_0:1:45864800><>" became an admin (account "Bidi") (access "bit") (address "188.209.100.159")
L 07/05/2017 - 15:13:31: [admin.amxx] Login: "Bidi<140><STEAM_0:1:45864800><>" became an admin (account "Bidi") (access "bit") (address "188.209.100.159")
L 07/05/2017 - 15:15:42: [slayafk.amxx] Bidi a primit slay, deoarece a fost afk mai mult de 30 secunde
L 07/05/2017 - 15:16:37: [slayafk.amxx] Bidi a primit slay, deoarece a fost afk mai mult de 30 secunde
L 07/05/2017 - 15:17:37: [slayafk.amxx] -rTg|maEsTrOo a primit slay, deoarece a fost afk mai mult de 30 secunde
L 07/05/2017 - 15:19:07: [slayafk.amxx] -rTg|maEsTrOo a primit slay, deoarece a fost afk mai mult de 30 secunde
L 07/05/2017 - 15:19:52: [slayafk.amxx] NeDoProffesional a primit slay, deoarece a fost afk mai mult de 30 secunde
L 07/05/2017 - 15:19:57: [slayafk.amxx] anca a primit slay, deoarece a fost afk mai mult de 30 secunde
L 07/05/2017 - 15:40:02: -------- Mapchange to deathrun_privateers --------
L 07/05/2017 - 15:40:03: [AMXX] Failed to open dictionary file: cstrike/addons/amxmodx/data/lang/walkguard.txt
L 07/05/2017 - 15:40:04: [walkguard.amxx] no zone-file found
L 07/05/2017 - 16:07:55: [admincmd.amxx] Cmd: "Dr.FioriGinal.Ro ~ Server Clasi<0><><>" slay "xRay<162><STEAM_0:1:94184986><>"
L 07/05/2017 - 16:45:19: [admin.amxx] Login: "Krayzie<169><STEAM_0:0:221869369><>" kicked due to invalid password (account "Krayzie") (address "109.97.233.253")
L 07/05/2017 - 16:45:24: [admin.amxx] Login: "Krayzie<170><STEAM_0:0:221869369><>" became an admin (account "Krayzie") (access "bit") (address "109.97.233.253")
L 07/05/2017 - 16:46:13: [admin.amxx] Login: "Krayzie<171><STEAM_0:0:221869369><>" became an admin (account "Krayzie") (access "bit") (address "109.97.233.253")
L 07/05/2017 - 16:46:45: -------- Mapchange to deathrun_rizzy_x --------
L 07/05/2017 - 16:46:46: [AMXX] Failed to open dictionary file: cstrike/addons/amxmodx/data/lang/walkguard.txt
L 07/05/2017 - 16:46:47: [admin.amxx] Login: "Krayzie<171><STEAM_0:0:221869369><>" became an admin (account "Krayzie") (access "bit") (address "109.97.233.253")
L 07/05/2017 - 16:46:47: [walkguard.amxx] no zone-file found
L 07/05/2017 - 16:46:59: [admin.amxx] Login: "Krayzie<176><STEAM_0:0:221869369><>" became an admin (account "Krayzie") (access "bit") (address "109.97.233.253")
L 07/05/2017 - 16:58:19: [admin.amxx] Login: "NebunieX<177><STEAM_0:0:53596872><>" became an admin (account "Nebuniex") (access "bit") (address "93.118.255.8")
L 07/05/2017 - 16:58:23: [admin.amxx] Login: "NebunieX<178><STEAM_0:0:53596872><>" became an admin (account "Nebuniex") (access "bit") (address "93.118.255.8")
L 07/05/2017 - 17:00:53: [admincmd.amxx] Cmd: "Dr.FioriGinal.Ro ~ Server Clasi<0><><>" slay "ursuletu femeilor<180><STEAM_0:0:1125805092><>"
L 07/05/2017 - 17:01:14: [admincmd.amxx] Cmd: "Dr.FioriGinal.Ro ~ Server Clasi<0><><>" slay "ursuletu femeilor<182><STEAM_0:0:1125805092><>"
L 07/05/2017 - 17:18:51: [admincmd.amxx] Cmd: "Dr.FioriGinal.Ro ~ Server Clasi<0><><>" slay "Impossible.<186><VALVE_0:4:1728969986><>"
L 07/05/2017 - 17:20:11: [admincmd.amxx] Cmd: "Dr.FioriGinal.Ro ~ Server Clasi<0><><>" slay "Impossible.<188><VALVE_0:4:1728969986><>"
L 07/05/2017 - 17:28:43: [admin.amxx] Login: "Stifler<190><STEAM_0:1:22458368><>" became an admin (account "Stifler") (access "b") (address "31.5.145.190")
L 07/05/2017 - 18:00:24: -------- Mapchange to deathrun_ghosts --------
L 07/05/2017 - 18:00:25: [AMXX] Failed to open dictionary file: cstrike/addons/amxmodx/data/lang/walkguard.txt
L 07/05/2017 - 18:00:26: [walkguard.amxx] no zone-file found
L 07/05/2017 - 18:12:21: [slayafk.amxx] DeMoGa a primit slay, deoarece a fost afk mai mult de 30 secunde
L 07/05/2017 - 18:31:10: -------- Mapchange to deathrun_sk_occult --------
L 07/05/2017 - 18:31:11: [AMXX] Failed to open dictionary file: cstrike/addons/amxmodx/data/lang/walkguard.txt
L 07/05/2017 - 18:31:12: [walkguard.amxx] no zone-file found
L 07/05/2017 - 19:09:10: -------- Mapchange to deathrun_jigsaw2 --------
L 07/05/2017 - 19:09:12: [AMXX] Failed to open dictionary file: cstrike/addons/amxmodx/data/lang/walkguard.txt
L 07/05/2017 - 19:09:13: [walkguard.amxx] no zone-file found
L 07/05/2017 - 19:36:41: -------- Mapchange to deathrun_christmas --------
L 07/05/2017 - 19:36:43: [AMXX] Failed to open dictionary file: cstrike/addons/amxmodx/data/lang/walkguard.txt
L 07/05/2017 - 19:36:43: [walkguard.amxx] no zone-file found
L 07/05/2017 - 19:43:31: [admincmd.amxx] Cmd: "Dr.FioriGinal.Ro ~ Server Clasi<0><><>" slay "Gashpar.<241><VALVE_0:4:1614727931><>"
L 07/05/2017 - 19:45:13: [slayafk.amxx] Gashpar. a primit slay, deoarece a fost afk mai mult de 30 secunde
L 07/05/2017 - 19:45:53: [slayafk.amxx] Gashpar. a primit slay, deoarece a fost afk mai mult de 30 secunde
L 07/05/2017 - 19:49:48: [admincmd.amxx] Cmd: "Dr.FioriGinal.Ro ~ Server Clasi<0><><>" slay "Sonor<243><STEAM_0:0:249973605><>"
L 07/05/2017 - 19:51:43: [admincmd.amxx] Cmd: "Dr.FioriGinal.Ro ~ Server Clasi<0><><>" slay "Sonor<245><STEAM_0:0:249973605><>"
L 07/05/2017 - 19:53:28: [admincmd.amxx] Cmd: "Dr.FioriGinal.Ro ~ Server Clasi<0><><>" slay "Sonor<247><STEAM_0:0:249973605><>"
L 07/05/2017 - 19:54:29: [admincmd.amxx] Cmd: "Dr.FioriGinal.Ro ~ Server Clasi<0><><>" slay "Sonor<249><STEAM_0:0:249973605><>"
L 07/05/2017 - 19:58:58: [admincmd.amxx] Cmd: "Dr.FioriGinal.Ro ~ Server Clasi<0><><>" slay "Sonor<254><STEAM_0:0:249973605><>"
L 07/05/2017 - 20:02:05: [admincmd.amxx] Cmd: "Dr.FioriGinal.Ro ~ Server Clasi<0><><>" slay "Sonor<255><STEAM_0:0:249973605><>"
L 07/05/2017 - 20:36:37: -------- Mapchange to deathrun_jinglebells2 --------
L 07/05/2017 - 20:36:38: [AMXX] Failed to open dictionary file: cstrike/addons/amxmodx/data/lang/walkguard.txt
L 07/05/2017 - 20:36:39: [walkguard.amxx] no zone-file found
L 07/05/2017 - 20:37:33: [admincmd.amxx] Cmd: "Dr.FioriGinal.Ro ~ Server Clasi<0><><>" slay "joker<271><VALVE_0:4:578111986><>"
L 07/05/2017 - 20:43:08: [admincmd.amxx] Cmd: "Dr.FioriGinal.Ro ~ Server Clasi<0><><>" slay "Lol<275><STEAM_0:0:960093924><>"
L 07/05/2017 - 20:44:12: [admincmd.amxx] Cmd: "Dr.FioriGinal.Ro ~ Server Clasi<0><><>" slay "Lol<276><STEAM_0:0:960093924><>"
L 07/05/2017 - 21:14:02: -------- Mapchange to deathrun_gb_winter_final4 --------
L 07/05/2017 - 21:14:04: [AMXX] Failed to open dictionary file: cstrike/addons/amxmodx/data/lang/walkguard.txt
L 07/05/2017 - 21:14:05: [walkguard.amxx] no zone-file found
L 07/05/2017 - 21:24:39: [slayafk.amxx] Roby a primit slay, deoarece a fost afk mai mult de 30 secunde
L 07/05/2017 - 21:36:22: [admincmd.amxx] Cmd: "Dr.FioriGinal.Ro ~ Server Clasi<0><><>" slay "Bumfii<300><STEAM_0:0:544721170><>"
L 07/05/2017 - 21:38:54: [slayafk.amxx] Bumfii a primit slay, deoarece a fost afk mai mult de 30 secunde
L 07/05/2017 - 21:40:04: [slayafk.amxx] Bumfii a primit slay, deoarece a fost afk mai mult de 30 secunde
L 07/05/2017 - 21:40:54: [slayafk.amxx] Bumfii a primit slay, deoarece a fost afk mai mult de 30 secunde
L 07/05/2017 - 21:44:44: [slayafk.amxx] Impossible. a primit slay, deoarece a fost afk mai mult de 30 secunde
L 07/05/2017 - 22:02:47: -------- Mapchange to deathrun_expres-winter --------
L 07/05/2017 - 22:02:48: [AMXX] Failed to open dictionary file: cstrike/addons/amxmodx/data/lang/walkguard.txt
L 07/05/2017 - 22:02:49: [walkguard.amxx] no zone-file found
