L 06/24/2017 - 00:45:47: -------- Mapchange to deathrun_adi_blurez --------
L 06/24/2017 - 00:45:48: [AMXX] Failed to open dictionary file: cstrike/addons/amxmodx/data/lang/walkguard.txt
L 06/24/2017 - 00:45:49: [walkguard.amxx] no zone-file found
L 06/24/2017 - 00:47:52: [admin.amxx] Login: "SWAGGIE. XD<99><STEAM_0:1:120414993><>" became an admin (account "SWAGGIE. XD") (access "b") (address "109.98.131.207")
L 06/24/2017 - 00:50:16: [admincmd.amxx] Cmd: "Dr.FioriGinal.Ro ~ Server Clasi<0><><>" slay "Mitica Pula Mare<102><STEAM_0:0:1125805092><>"
L 06/24/2017 - 01:31:52: -------- Mapchange to deathrun_2h_estonia --------
L 06/24/2017 - 01:31:53: [AMXX] Failed to open dictionary file: cstrike/addons/amxmodx/data/lang/walkguard.txt
L 06/24/2017 - 01:31:54: [walkguard.amxx] no zone-file found
L 06/24/2017 - 02:11:04: -------- Mapchange to deathrun_y_underground --------
L 06/24/2017 - 02:11:05: [AMXX] Failed to open dictionary file: cstrike/addons/amxmodx/data/lang/walkguard.txt
L 06/24/2017 - 02:11:06: [walkguard.amxx] no zone-file found
L 06/24/2017 - 02:21:50: [slayafk.amxx] nVidia E9 Gamer a primit slay, deoarece a fost afk mai mult de 30 secunde
L 06/24/2017 - 02:22:40: [slayafk.amxx] nVidia E9 Gamer a primit slay, deoarece a fost afk mai mult de 30 secunde
L 06/24/2017 - 02:38:39: [admincmd.amxx] Cmd: "Dr.FioriGinal.Ro ~ Server Clasi<0><><>" slay "Godlike<121><VALVE_0:4:1423111774><>"
L 06/24/2017 - 02:54:58: -------- Mapchange to deathrun_privateers --------
L 06/24/2017 - 02:54:59: [AMXX] Failed to open dictionary file: cstrike/addons/amxmodx/data/lang/walkguard.txt
L 06/24/2017 - 02:55:00: [walkguard.amxx] no zone-file found
L 06/24/2017 - 07:24:52: -------- Mapchange to deathrun_rizzy_x --------
L 06/24/2017 - 07:24:53: [AMXX] Failed to open dictionary file: cstrike/addons/amxmodx/data/lang/walkguard.txt
L 06/24/2017 - 07:24:54: [walkguard.amxx] no zone-file found
L 06/24/2017 - 09:00:13: -------- Mapchange to deathrun_ghosts --------
L 06/24/2017 - 09:00:14: [AMXX] Failed to open dictionary file: cstrike/addons/amxmodx/data/lang/walkguard.txt
L 06/24/2017 - 09:00:15: [walkguard.amxx] no zone-file found
L 06/24/2017 - 09:30:45: -------- Mapchange to deathrun_sk_occult --------
L 06/24/2017 - 09:30:47: [AMXX] Failed to open dictionary file: cstrike/addons/amxmodx/data/lang/walkguard.txt
L 06/24/2017 - 09:30:48: [walkguard.amxx] no zone-file found
L 06/24/2017 - 10:26:27: -------- Mapchange to deathrun_jigsaw2 --------
L 06/24/2017 - 10:26:28: [AMXX] Failed to open dictionary file: cstrike/addons/amxmodx/data/lang/walkguard.txt
L 06/24/2017 - 10:26:29: [walkguard.amxx] no zone-file found
L 06/24/2017 - 10:52:57: -------- Mapchange to deathrun_christmas --------
L 06/24/2017 - 10:52:58: [AMXX] Failed to open dictionary file: cstrike/addons/amxmodx/data/lang/walkguard.txt
L 06/24/2017 - 10:52:59: [walkguard.amxx] no zone-file found
L 06/24/2017 - 11:37:44: -------- Mapchange to deathrun_jinglebells2 --------
L 06/24/2017 - 11:37:45: [AMXX] Failed to open dictionary file: cstrike/addons/amxmodx/data/lang/walkguard.txt
L 06/24/2017 - 11:37:46: [walkguard.amxx] no zone-file found
L 06/24/2017 - 11:56:26: [admin.amxx] Login: "Stifler<178><STEAM_0:1:22458368><>" became an admin (account "Stifler") (access "b") (address "31.5.145.190")
L 06/24/2017 - 11:58:13: [admin.amxx] Login: "Stifler<178><STEAM_0:1:22458368><>" became an admin (account "Stifler") (access "b") (address "31.5.145.190")
L 06/24/2017 - 11:58:20: [admincmd.amxx] Cmd: "Dr.FioriGinal.Ro ~ Server Clasi<0><><>" slay "Stifler<178><STEAM_0:1:22458368><>"
L 06/24/2017 - 12:00:53: [admin.amxx] Login: "Stifler<178><STEAM_0:1:22458368><>" became an admin (account "Stifler") (access "b") (address "31.5.145.190")
L 06/24/2017 - 12:00:59: [admincmd.amxx] Cmd: "Dr.FioriGinal.Ro ~ Server Clasi<0><><>" slay "Stifler<178><STEAM_0:1:22458368><>"
L 06/24/2017 - 12:10:01: [slayafk.amxx] bUlDoG a primit slay, deoarece a fost afk mai mult de 30 secunde
L 06/24/2017 - 12:18:26: [admincmd.amxx] Cmd: "Dr.FioriGinal.Ro ~ Server Clasi<0><><>" slay "|rZc| AdySS<187><VALVE_0:4:872088950><>"
L 06/24/2017 - 12:39:56: [admincmd.amxx] Cmd: "Dr.FioriGinal.Ro ~ Server Clasi<0><><>" slay "dRue ;x<200><VALVE_0:4:238564853><>"
L 06/24/2017 - 12:42:03: [admincmd.amxx] Cmd: "Dr.FioriGinal.Ro ~ Server Clasi<0><><>" slay "dRue ;x<202><VALVE_0:4:238564853><>"
L 06/24/2017 - 12:51:11: [admincmd.amxx] Cmd: "Dr.FioriGinal.Ro ~ Server Clasi<0><><>" slay "dRue ;x<207><VALVE_0:4:238564853><>"
L 06/24/2017 - 12:51:43: [admincmd.amxx] Cmd: "Dr.FioriGinal.Ro ~ Server Clasi<0><><>" slay "dRue ;x<209><VALVE_0:4:238564853><>"
L 06/24/2017 - 13:25:51: [slayafk.amxx] dkpnr a primit slay, deoarece a fost afk mai mult de 30 secunde
L 06/24/2017 - 13:25:54: -------- Mapchange to deathrun_gb_winter_final4 --------
L 06/24/2017 - 13:25:55: [AMXX] Failed to open dictionary file: cstrike/addons/amxmodx/data/lang/walkguard.txt
L 06/24/2017 - 13:25:56: [walkguard.amxx] no zone-file found
L 06/24/2017 - 13:27:26: [slayafk.amxx] GeantFusee a primit slay, deoarece a fost afk mai mult de 30 secunde
L 06/24/2017 - 13:28:16: [slayafk.amxx] GeantFusee a primit slay, deoarece a fost afk mai mult de 30 secunde
L 06/24/2017 - 13:29:46: [slayafk.amxx] GeantFusee a primit slay, deoarece a fost afk mai mult de 30 secunde
L 06/24/2017 - 13:35:01: [slayafk.amxx] GeantFusee a primit slay, deoarece a fost afk mai mult de 30 secunde
L 06/24/2017 - 13:38:22: [admincmd.amxx] Cmd: "Dr.FioriGinal.Ro ~ Server Clasi<0><><>" slay "Eduard.<226><STEAM_0:0:562426053><>"
L 06/24/2017 - 13:58:26: -------- Mapchange to deathrun_expres-winter --------
L 06/24/2017 - 13:58:28: [AMXX] Failed to open dictionary file: cstrike/addons/amxmodx/data/lang/walkguard.txt
L 06/24/2017 - 13:58:29: [walkguard.amxx] no zone-file found
L 06/24/2017 - 14:37:40: [admin.amxx] Login: "Stifler<236><STEAM_0:1:22458368><>" became an admin (account "Stifler") (access "b") (address "31.5.145.190")
L 06/24/2017 - 14:38:01: -------- Mapchange to deathrun_alleywinter --------
L 06/24/2017 - 14:38:03: [AMXX] Failed to open dictionary file: cstrike/addons/amxmodx/data/lang/walkguard.txt
L 06/24/2017 - 14:38:04: [admin.amxx] Login: "Stifler<236><STEAM_0:1:22458368><>" became an admin (account "Stifler") (access "b") (address "31.5.145.190")
L 06/24/2017 - 14:38:04: [walkguard.amxx] no zone-file found
L 06/24/2017 - 15:03:43: [slayafk.amxx] Player a primit slay, deoarece a fost afk mai mult de 30 secunde
L 06/24/2017 - 15:03:47: -------- Mapchange to deathrun_trenal_lux --------
L 06/24/2017 - 15:03:48: [AMXX] Failed to open dictionary file: cstrike/addons/amxmodx/data/lang/walkguard.txt
L 06/24/2017 - 15:03:49: [walkguard.amxx] no zone-file found
L 06/24/2017 - 15:07:24: [admincmd.amxx] Cmd: "Dr.FioriGinal.Ro ~ Server Clasi<0><><>" slay "Player<251><STEAM_0:1:41633406><>"
L 06/24/2017 - 15:15:28: [admincmd.amxx] Cmd: "Dr.FioriGinal.Ro ~ Server Clasi<0><><>" slay "daubin3<256><STEAM_0:0:1540544596><>"
L 06/24/2017 - 15:15:41: [admincmd.amxx] Cmd: "Dr.FioriGinal.Ro ~ Server Clasi<0><><>" slay "daubin3<257><STEAM_0:0:1540544596><>"
L 06/24/2017 - 15:19:09: [admincmd.amxx] Cmd: "Dr.FioriGinal.Ro ~ Server Clasi<0><><>" slay "Player<258><STEAM_0:1:41633406><>"
L 06/24/2017 - 15:20:48: [admincmd.amxx] Cmd: "Dr.FioriGinal.Ro ~ Server Clasi<0><><>" slay "daubin3<259><STEAM_0:0:1540544596><>"
L 06/24/2017 - 15:21:01: [admincmd.amxx] Cmd: "Dr.FioriGinal.Ro ~ Server Clasi<0><><>" slay "daubin3<260><STEAM_0:0:1540544596><>"
L 06/24/2017 - 15:24:48: [admincmd.amxx] Cmd: "Dr.FioriGinal.Ro ~ Server Clasi<0><><>" slay "daubin3<261><STEAM_0:0:1540544596><>"
L 06/24/2017 - 15:26:42: [admincmd.amxx] Cmd: "Dr.FioriGinal.Ro ~ Server Clasi<0><><>" slay "Player<262><STEAM_0:1:41633406><>"
L 06/24/2017 - 15:26:55: [admincmd.amxx] Cmd: "Dr.FioriGinal.Ro ~ Server Clasi<0><><>" slay "daubin3<263><STEAM_0:0:1540544596><>"
L 06/24/2017 - 15:35:47: [admincmd.amxx] Cmd: "Dr.FioriGinal.Ro ~ Server Clasi<0><><>" slay "Player<264><STEAM_0:1:41633406><>"
L 06/24/2017 - 15:36:05: [admincmd.amxx] Cmd: "Dr.FioriGinal.Ro ~ Server Clasi<0><><>" slay "Player<265><STEAM_0:1:41633406><>"
L 06/24/2017 - 15:36:19: [admincmd.amxx] Cmd: "Dr.FioriGinal.Ro ~ Server Clasi<0><><>" slay "daubin3<266><STEAM_0:0:1540544596><>"
L 06/24/2017 - 15:36:22: [admincmd.amxx] Cmd: "Dr.FioriGinal.Ro ~ Server Clasi<0><><>" slay "Player<267><STEAM_0:1:41633406><>"
L 06/24/2017 - 15:36:39: [admincmd.amxx] Cmd: "Dr.FioriGinal.Ro ~ Server Clasi<0><><>" slay "daubin3<268><STEAM_0:0:1540544596><>"
L 06/24/2017 - 15:45:24: [slayafk.amxx] FrozeN* a primit slay, deoarece a fost afk mai mult de 30 secunde
L 06/24/2017 - 15:48:35: [admincmd.amxx] Cmd: "Dr.FioriGinal.Ro ~ Server Clasi<0><><>" slay "knobbelboy<274><VALVE_0:4:685198203><>"
L 06/24/2017 - 16:25:37: -------- Mapchange to deathrun_greyskull --------
L 06/24/2017 - 16:25:38: [AMXX] Failed to open dictionary file: cstrike/addons/amxmodx/data/lang/walkguard.txt
L 06/24/2017 - 16:25:39: [walkguard.amxx] no zone-file found
L 06/24/2017 - 16:26:39: [slayafk.amxx] dRue ;x a primit slay, deoarece a fost afk mai mult de 30 secunde
L 06/24/2017 - 16:31:40: [admincmd.amxx] Cmd: "Dr.FioriGinal.Ro ~ Server Clasi<0><><>" slay "dRue ;x<287><VALVE_0:4:238564853><>"
L 06/24/2017 - 16:41:22: [admincmd.amxx] Cmd: "Dr.FioriGinal.Ro ~ Server Clasi<0><><>" slay "dRue ;x<289><VALVE_0:4:238564853><>"
L 06/24/2017 - 16:50:57: -------- Mapchange to deathrun_stronghold_beta1 --------
L 06/24/2017 - 16:50:58: [AMXX] Failed to open dictionary file: cstrike/addons/amxmodx/data/lang/walkguard.txt
L 06/24/2017 - 16:50:59: [walkguard.amxx] no zone-file found
L 06/24/2017 - 16:58:24: [admincmd.amxx] Cmd: "Dr.FioriGinal.Ro ~ Server Clasi<0><><>" slay "dRue ;x<299><VALVE_0:4:238564853><>"
L 06/24/2017 - 17:39:49: -------- Mapchange to deathrun_aztecan_beta1 --------
L 06/24/2017 - 17:39:51: [AMXX] Failed to open dictionary file: cstrike/addons/amxmodx/data/lang/walkguard.txt
L 06/24/2017 - 17:39:52: [walkguard.amxx] no zone-file found
L 06/24/2017 - 17:40:28: [admin.amxx] Login: "-rTg|maEsTrOo<311><STEAM_0:1:154430568><>" became an admin (account "-rTg|maEsTrOo") (access "bit") (address "109.96.100.3")
L 06/24/2017 - 17:40:35: [admin.amxx] Login: "anca<310><STEAM_0:0:58514266><>" became an admin (account "anca") (access "bit") (address "109.103.126.196")
L 06/24/2017 - 17:41:51: [admincmd.amxx] Cmd: "Dr.FioriGinal.Ro ~ Server Clasi<0><><>" slay "[M]DragMeToHell.<313><VALVE_0:4:40870506><>"
L 06/24/2017 - 17:43:36: [slayafk.amxx] -rTg|maEsTrOo a primit slay, deoarece a fost afk mai mult de 30 secunde
L 06/24/2017 - 17:45:01: [slayafk.amxx] -rTg|maEsTrOo a primit slay, deoarece a fost afk mai mult de 30 secunde
L 06/24/2017 - 17:51:11: [slayafk.amxx] anca a primit slay, deoarece a fost afk mai mult de 30 secunde
L 06/24/2017 - 18:02:30: [adminvote.amxx] Vote: "anca<310><STEAM_0:0:58514266><>" vote maps (map#1 "deathrun_anca") (map#2 "deathrun_forest") (map#3 "") (map#4 "")
L 06/24/2017 - 18:02:42: [adminvote.amxx] Vote: Voting successful (got "2") (needed "2") (result "amx_nextmap deathrun_anca")
L 06/24/2017 - 18:02:43: [adminvote.amxx] Vote: Result accepted
L 06/24/2017 - 18:04:41: [slayafk.amxx] anca a primit slay, deoarece a fost afk mai mult de 30 secunde
L 06/24/2017 - 18:05:21: [slayafk.amxx] anca a primit slay, deoarece a fost afk mai mult de 30 secunde
L 06/24/2017 - 18:06:52: -------- Mapchange to deathrun_anca --------
L 06/24/2017 - 18:06:53: [AMXX] Failed to open dictionary file: cstrike/addons/amxmodx/data/lang/walkguard.txt
L 06/24/2017 - 18:06:54: [walkguard.amxx] no zone-file found
L 06/24/2017 - 18:06:54: [admin.amxx] Login: "anca<310><STEAM_0:0:58514266><>" became an admin (account "anca") (access "bit") (address "109.103.126.196")
L 06/24/2017 - 18:06:54: [admin.amxx] Login: "-rTg|maEsTrOo<311><STEAM_0:1:154430568><>" became an admin (account "-rTg|maEsTrOo") (access "bit") (address "109.96.100.3")
L 06/24/2017 - 18:07:43: [admincmd.amxx] Cmd: "Dr.FioriGinal.Ro ~ Server Clasi<0><><>" slay "TURKEY <3<332><VALVE_0:4:377343475><>"
L 06/24/2017 - 18:15:59: [slayafk.amxx] [mr] isam ghaith a primit slay, deoarece a fost afk mai mult de 30 secunde
L 06/24/2017 - 18:33:09: [slayafk.amxx] anca a primit slay, deoarece a fost afk mai mult de 30 secunde
L 06/24/2017 - 18:33:32: -------- Mapchange to deathrun_standup --------
L 06/24/2017 - 18:33:33: [AMXX] Failed to open dictionary file: cstrike/addons/amxmodx/data/lang/walkguard.txt
L 06/24/2017 - 18:33:34: [walkguard.amxx] no zone-file found
L 06/24/2017 - 18:33:34: [admin.amxx] Login: "anca<310><STEAM_0:0:58514266><>" became an admin (account "anca") (access "bit") (address "109.103.126.196")
L 06/24/2017 - 18:33:34: [admin.amxx] Login: "-rTg|maEsTrOo<311><STEAM_0:1:154430568><>" became an admin (account "-rTg|maEsTrOo") (access "bit") (address "109.96.100.3")
L 06/24/2017 - 18:34:05: [admincmd.amxx] Cmd: "Dr.FioriGinal.Ro ~ Server Clasi<0><><>" slay "TURKEY <3<351><VALVE_0:4:377343475><>"
L 06/24/2017 - 18:44:12: [admin.amxx] Login: "DoNpAkaa<355><STEAM_0:0:55531607><>" became an admin (account "DoNpAkaa") (access "b") (address "79.116.34.20")
L 06/24/2017 - 18:54:19: [mapsmenu.amxx] Vote: "anca<310><STEAM_0:0:58514266><>" vote maps (map#1 "deathrun_unreal_air") (map#2 "deathrun_c00l_f") (map#3 "") (map#4 "")
L 06/24/2017 - 18:54:31: [mapsmenu.amxx] Vote: Voting successful. Map will be changed to deathrun_unreal_air
L 06/24/2017 - 18:58:53: -------- Mapchange to deathrun_unreal_air --------
L 06/24/2017 - 18:58:54: [AMXX] Failed to open dictionary file: cstrike/addons/amxmodx/data/lang/walkguard.txt
L 06/24/2017 - 18:58:55: [walkguard.amxx] no zone-file found
L 06/24/2017 - 18:58:55: [admin.amxx] Login: "DoNpAkaa<355><STEAM_0:0:55531607><>" became an admin (account "DoNpAkaa") (access "b") (address "79.116.34.20")
L 06/24/2017 - 18:58:55: [admin.amxx] Login: "anca<310><STEAM_0:0:58514266><>" became an admin (account "anca") (access "bit") (address "109.103.126.196")
L 06/24/2017 - 18:58:55: [admin.amxx] Login: "-rTg|maEsTrOo<311><STEAM_0:1:154430568><>" became an admin (account "-rTg|maEsTrOo") (access "bit") (address "109.96.100.3")
L 06/24/2017 - 18:58:57: [admin.amxx] Login: "DoNpAkaa<356><STEAM_0:0:55531607><>" became an admin (account "DoNpAkaa") (access "b") (address "79.116.34.20")
L 06/24/2017 - 18:58:57: [admin.amxx] Login: "anca<357><STEAM_0:0:58514266><>" became an admin (account "anca") (access "bit") (address "109.103.126.196")
L 06/24/2017 - 19:02:15: [slayafk.amxx] anca a primit slay, deoarece a fost afk mai mult de 30 secunde
L 06/24/2017 - 19:03:25: [slayafk.amxx] anca a primit slay, deoarece a fost afk mai mult de 30 secunde
L 06/24/2017 - 19:04:10: [slayafk.amxx] anca a primit slay, deoarece a fost afk mai mult de 30 secunde
L 06/24/2017 - 19:05:15: [slayafk.amxx] anca a primit slay, deoarece a fost afk mai mult de 30 secunde
L 06/24/2017 - 19:11:45: [slayafk.amxx] anca a primit slay, deoarece a fost afk mai mult de 30 secunde
L 06/24/2017 - 19:12:50: [slayafk.amxx] anca a primit slay, deoarece a fost afk mai mult de 30 secunde
L 06/24/2017 - 19:14:10: [slayafk.amxx] anca a primit slay, deoarece a fost afk mai mult de 30 secunde
L 06/24/2017 - 19:20:30: [mapsmenu.amxx] Vote: "DoNpAkaa<356><STEAM_0:0:55531607><>" vote maps (map#1 "deathrun_purplez_v2_b3") (map#2 "deathrun_clarion_dojo_b3") (map#3 "") (map#4 "")
L 06/24/2017 - 19:20:42: [mapsmenu.amxx] Vote: Voting successful. Map will be changed to deathrun_purplez_v2_b3
L 06/24/2017 - 19:24:45: -------- Mapchange to deathrun_purplez_v2_b3 --------
L 06/24/2017 - 19:24:46: [AMXX] Failed to open dictionary file: cstrike/addons/amxmodx/data/lang/walkguard.txt
L 06/24/2017 - 19:24:47: [walkguard.amxx] no zone-file found
L 06/24/2017 - 19:24:47: [admin.amxx] Login: "DoNpAkaa<356><STEAM_0:0:55531607><>" became an admin (account "DoNpAkaa") (access "b") (address "79.116.34.20")
L 06/24/2017 - 19:24:50: [admin.amxx] Login: "DoNpAkaa<369><STEAM_0:0:55531607><>" became an admin (account "DoNpAkaa") (access "b") (address "79.116.34.20")
L 06/24/2017 - 19:27:29: [admin.amxx] Login: "DoNpAkaa<378><STEAM_0:0:55531607><>" became an admin (account "DoNpAkaa") (access "b") (address "79.116.34.20")
L 06/24/2017 - 19:27:46: [admin.amxx] Login: "DoNpAkaa<379><STEAM_0:0:55531607><>" became an admin (account "DoNpAkaa") (access "b") (address "79.116.34.20")
