L 06/22/2017 - 00:57:32: -------- Mapchange to deathrun_2h_estonia --------
L 06/22/2017 - 00:57:33: [AMXX] Failed to open dictionary file: cstrike/addons/amxmodx/data/lang/walkguard.txt
L 06/22/2017 - 00:57:34: [walkguard.amxx] no zone-file found
L 06/22/2017 - 01:20:29: [admincmd.amxx] Cmd: "Dr.FioriGinal.Ro ~ Server Clasi<0><><>" slay "Enthu<196><STEAM_0:0:123916018><>"
L 06/22/2017 - 01:29:05: -------- Mapchange to deathrun_y_underground --------
L 06/22/2017 - 01:29:07: [AMXX] Failed to open dictionary file: cstrike/addons/amxmodx/data/lang/walkguard.txt
L 06/22/2017 - 01:29:08: [walkguard.amxx] no zone-file found
L 06/22/2017 - 02:00:14: -------- Mapchange to deathrun_privateers --------
L 06/22/2017 - 02:00:15: [AMXX] Failed to open dictionary file: cstrike/addons/amxmodx/data/lang/walkguard.txt
L 06/22/2017 - 02:00:16: [walkguard.amxx] no zone-file found
L 06/22/2017 - 02:34:16: -------- Mapchange to deathrun_rizzy_x --------
L 06/22/2017 - 02:34:18: [AMXX] Failed to open dictionary file: cstrike/addons/amxmodx/data/lang/walkguard.txt
L 06/22/2017 - 02:34:19: [walkguard.amxx] no zone-file found
L 06/22/2017 - 03:05:54: -------- Mapchange to deathrun_ghosts --------
L 06/22/2017 - 03:05:55: [AMXX] Failed to open dictionary file: cstrike/addons/amxmodx/data/lang/walkguard.txt
L 06/22/2017 - 03:05:56: [walkguard.amxx] no zone-file found
L 06/22/2017 - 03:41:03: [admin.amxx] Login: "kaka<218><VALVE_0:4:1033726963><>" became an admin (account "kaka") (access "b") (address "94.53.102.210")
L 06/22/2017 - 03:41:41: -------- Mapchange to deathrun_sk_occult --------
L 06/22/2017 - 03:41:42: [AMXX] Failed to open dictionary file: cstrike/addons/amxmodx/data/lang/walkguard.txt
L 06/22/2017 - 03:41:43: [admin.amxx] Login: "kaka<218><VALVE_0:4:1033726963><>" became an admin (account "kaka") (access "b") (address "94.53.102.210")
L 06/22/2017 - 03:41:43: [walkguard.amxx] no zone-file found
L 06/22/2017 - 05:37:24: -------- Mapchange to deathrun_jigsaw2 --------
L 06/22/2017 - 05:37:26: [AMXX] Failed to open dictionary file: cstrike/addons/amxmodx/data/lang/walkguard.txt
L 06/22/2017 - 05:37:27: [walkguard.amxx] no zone-file found
L 06/22/2017 - 08:09:06: -------- Mapchange to deathrun_christmas --------
L 06/22/2017 - 08:09:07: [AMXX] Failed to open dictionary file: cstrike/addons/amxmodx/data/lang/walkguard.txt
L 06/22/2017 - 08:09:08: [walkguard.amxx] no zone-file found
L 06/22/2017 - 09:34:02: -------- Mapchange to deathrun_jinglebells2 --------
L 06/22/2017 - 09:34:04: [AMXX] Failed to open dictionary file: cstrike/addons/amxmodx/data/lang/walkguard.txt
L 06/22/2017 - 09:34:05: [walkguard.amxx] no zone-file found
L 06/22/2017 - 10:25:54: [admincmd.amxx] Cmd: "Dr.FioriGinal.Ro ~ Server Clasi<0><><>" slay "eNd<254><STEAM_0:0:1822460263><>"
L 06/22/2017 - 10:25:57: -------- Mapchange to deathrun_gb_winter_final4 --------
L 06/22/2017 - 10:25:58: [AMXX] Failed to open dictionary file: cstrike/addons/amxmodx/data/lang/walkguard.txt
L 06/22/2017 - 10:25:59: [walkguard.amxx] no zone-file found
L 06/22/2017 - 10:40:30: [admincmd.amxx] Cmd: "Dr.FioriGinal.Ro ~ Server Clasi<0><><>" slay "PGL# SideWays<267><STEAM_0:0:1963219118><>"
L 06/22/2017 - 11:09:11: -------- Mapchange to deathrun_expres-winter --------
L 06/22/2017 - 11:09:12: [AMXX] Failed to open dictionary file: cstrike/addons/amxmodx/data/lang/walkguard.txt
L 06/22/2017 - 11:09:13: [walkguard.amxx] no zone-file found
L 06/22/2017 - 11:24:47: [admin.amxx] Login: "FAKE ^^<282><STEAM_0:0:272564954><>" became an admin (account "FAKE ^^") (access "bit") (address "95.76.3.60")
L 06/22/2017 - 11:26:53: [slayafk.amxx] TG.Bogdan # STT1 a primit slay, deoarece a fost afk mai mult de 30 secunde
L 06/22/2017 - 11:28:58: [slayafk.amxx] DarkNeSS a primit slay, deoarece a fost afk mai mult de 30 secunde
L 06/22/2017 - 12:03:13: -------- Mapchange to deathrun_alleywinter --------
L 06/22/2017 - 12:03:14: [AMXX] Failed to open dictionary file: cstrike/addons/amxmodx/data/lang/walkguard.txt
L 06/22/2017 - 12:03:15: [walkguard.amxx] no zone-file found
L 06/22/2017 - 12:29:25: [admin.amxx] Login: "Stifler<315><STEAM_0:1:22458368><>" became an admin (account "Stifler") (access "b") (address "31.5.145.190")
L 06/22/2017 - 12:29:27: [admin.amxx] Login: "Stifler<316><STEAM_0:1:22458368><>" became an admin (account "Stifler") (access "b") (address "31.5.145.190")
L 06/22/2017 - 12:29:29: [admin.amxx] Login: "Stifler<317><STEAM_0:1:22458368><>" became an admin (account "Stifler") (access "b") (address "31.5.145.190")
L 06/22/2017 - 12:45:56: [admin.amxx] Login: "Stifler<318><STEAM_0:1:22458368><>" became an admin (account "Stifler") (access "b") (address "31.5.145.190")
L 06/22/2017 - 12:55:18: -------- Mapchange to deathrun_trenal_lux --------
L 06/22/2017 - 12:55:20: [AMXX] Failed to open dictionary file: cstrike/addons/amxmodx/data/lang/walkguard.txt
L 06/22/2017 - 12:55:21: [walkguard.amxx] no zone-file found
L 06/22/2017 - 12:58:55: [admin.amxx] Login: "Stifler<325><STEAM_0:1:22458368><>" became an admin (account "Stifler") (access "b") (address "31.5.145.190")
L 06/22/2017 - 12:58:57: [admin.amxx] Login: "Stifler<326><STEAM_0:1:22458368><>" became an admin (account "Stifler") (access "b") (address "31.5.145.190")
L 06/22/2017 - 13:01:30: [admin.amxx] Login: "wKn<328><STEAM_0:0:196614190><>" became an admin (account "wKn") (access "bit") (address "92.85.77.245")
L 06/22/2017 - 13:54:55: -------- Mapchange to deathrun_greyskull --------
L 06/22/2017 - 13:54:56: [AMXX] Failed to open dictionary file: cstrike/addons/amxmodx/data/lang/walkguard.txt
L 06/22/2017 - 13:54:57: [walkguard.amxx] no zone-file found
L 06/22/2017 - 14:04:41: [slayafk.amxx] PicCoLo a primit slay, deoarece a fost afk mai mult de 30 secunde
L 06/22/2017 - 14:05:21: [slayafk.amxx] PicCoLo a primit slay, deoarece a fost afk mai mult de 30 secunde
L 06/22/2017 - 14:06:01: [slayafk.amxx] PicCoLo a primit slay, deoarece a fost afk mai mult de 30 secunde
L 06/22/2017 - 15:25:07: [admin.amxx] Login: "Stifler<356><STEAM_0:1:22458368><>" became an admin (account "Stifler") (access "b") (address "31.5.145.190")
L 06/22/2017 - 15:25:09: [admin.amxx] Login: "Stifler<357><STEAM_0:1:22458368><>" became an admin (account "Stifler") (access "b") (address "31.5.145.190")
L 06/22/2017 - 15:25:25: -------- Mapchange to deathrun_stronghold_beta1 --------
L 06/22/2017 - 15:25:27: [AMXX] Failed to open dictionary file: cstrike/addons/amxmodx/data/lang/walkguard.txt
L 06/22/2017 - 15:25:28: [admin.amxx] Login: "Stifler<357><STEAM_0:1:22458368><>" became an admin (account "Stifler") (access "b") (address "31.5.145.190")
L 06/22/2017 - 15:25:28: [walkguard.amxx] no zone-file found
L 06/22/2017 - 15:35:48: [slayafk.amxx] figit.spinar a primit slay, deoarece a fost afk mai mult de 30 secunde
L 06/22/2017 - 15:37:59: [admincmd.amxx] Cmd: "Dr.FioriGinal.Ro ~ Server Clasi<0><><>" slay "figit.spinar<369><STEAM_0:0:675255209><>"
L 06/22/2017 - 16:01:18: [admincmd.amxx] Cmd: "Dr.FioriGinal.Ro ~ Server Clasi<0><><>" slay "miezu' || good as hell âœ¡<379><STEAM_0:1:76767434><>"
L 06/22/2017 - 16:03:43: -------- Mapchange to deathrun_aztecan_beta1 --------
L 06/22/2017 - 16:03:44: [AMXX] Failed to open dictionary file: cstrike/addons/amxmodx/data/lang/walkguard.txt
L 06/22/2017 - 16:03:45: [walkguard.amxx] no zone-file found
L 06/22/2017 - 16:04:36: [admincmd.amxx] Cmd: "Dr.FioriGinal.Ro ~ Server Clasi<0><><>" slay "miezu' || good as hell âœ¡<384><STEAM_0:1:76767434><>"
L 06/22/2017 - 16:11:32: [admin.amxx] Login: "Stifler<389><STEAM_0:1:22458368><>" became an admin (account "Stifler") (access "b") (address "31.5.145.190")
L 06/22/2017 - 16:11:34: [admin.amxx] Login: "Stifler<390><STEAM_0:1:22458368><>" became an admin (account "Stifler") (access "b") (address "31.5.145.190")
L 06/22/2017 - 18:05:43: [admin.amxx] Login: "SWAGGIE. XD<416><STEAM_0:1:120414993><>" became an admin (account "SWAGGIE. XD") (access "b") (address "109.98.131.207")
L 06/22/2017 - 18:06:09: -------- Mapchange to deathrun_pyramid --------
L 06/22/2017 - 18:06:10: [AMXX] Failed to open dictionary file: cstrike/addons/amxmodx/data/lang/walkguard.txt
L 06/22/2017 - 18:06:11: [admin.amxx] Login: "SWAGGIE. XD<416><STEAM_0:1:120414993><>" became an admin (account "SWAGGIE. XD") (access "b") (address "109.98.131.207")
L 06/22/2017 - 18:06:11: [walkguard.amxx] no zone-file found
L 06/22/2017 - 18:56:35: -------- Mapchange to deathrun_standup --------
L 06/22/2017 - 18:56:37: [AMXX] Failed to open dictionary file: cstrike/addons/amxmodx/data/lang/walkguard.txt
L 06/22/2017 - 18:56:38: [walkguard.amxx] no zone-file found
L 06/22/2017 - 18:57:34: [admin.amxx] Login: "vOci<432><STEAM_0:1:120471225><>" became an admin (account "vOci") (access "b") (address "188.24.253.187")
L 06/22/2017 - 19:24:42: -------- Mapchange to deathrun_sentinel --------
L 06/22/2017 - 19:24:53: -------- Mapchange to deathrun_forest --------
L 06/22/2017 - 19:25:01: [AMXX] Failed to open dictionary file: cstrike/addons/amxmodx/data/lang/walkguard.txt
L 06/22/2017 - 19:25:03: [walkguard.amxx] no zone-file found
L 06/22/2017 - 19:25:12: Invalid multi-lingual line (file "cstrike/addons/amxmodx/data/lang/rom_protect.txt" key "// *ROM-Protect// Plugin OpenSource anti-IsFlooding/bug-fix pentru orice server." lang "")
L 06/22/2017 - 19:25:12: Invalid multi-lingual line (file "cstrike/addons/amxmodx/data/lang/rom_protect.txt" key "// Versiunea : 1.0.4s-dev. Bulid : 98. Data lansarii versiunii : 03.12.2016." lang "")
L 06/22/2017 - 19:25:12: Invalid multi-lingual line (file "cstrike/addons/amxmodx/data/lang/rom_protect.txt" key "// Autor : lüxor # Dr.Fio & DR2.IND (+ eNd.) - SteamID (contact) : luxxxoor" lang "")
L 06/22/2017 - 19:25:12: Invalid multi-lingual line (file "cstrike/addons/amxmodx/data/lang/rom_protect.txt" key "// O productie FioriGinal.ro - site : www.fioriginal.ro" lang "")
L 06/22/2017 - 19:25:12: Invalid multi-lingual line (file "cstrike/addons/amxmodx/data/lang/rom_protect.txt" key "// Link forum de dezvoltare : http://forum.fioriginal.ro/amxmodx-plugins-pluginuri/rom-protect-anti-flood-bug-fix-t28292.html" lang "")
L 06/22/2017 - 19:25:12: Invalid multi-lingual line (file "cstrike/addons/amxmodx/data/lang/rom_protect.txt" key "// Link sursa : https://github.com/luxxxoor/ROM-Protect" lang "")
L 06/22/2017 - 19:25:12: Invalid multi-lingual line (file "cstrike/addons/amxmodx/data/lang/rom_protect.txt" key "// Colori : ^1 - Culoarea aleasa de jucator cu con_color." lang "")
L 06/22/2017 - 19:25:12: Invalid multi-lingual line (file "cstrike/addons/amxmodx/data/lang/rom_protect.txt" key "//          ^3 - Culoare gri." lang "")
L 06/22/2017 - 19:25:12: Invalid multi-lingual line (file "cstrike/addons/amxmodx/data/lang/rom_protect.txt" key "//          ^4 - Culoare verde." lang "")
L 06/22/2017 - 19:37:43: [admincmd.amxx] Cmd: "Dr.FioriGinal.Ro ~ Server Clasi<0><><>" slay "mwheeldown.rebel1<8><STEAM_0:0:69535170><>"
L 06/22/2017 - 19:41:36: [admincmd.amxx] Cmd: "Dr.FioriGinal.Ro ~ Server Clasi<0><><>" slay "w0w^SPARTAN<12><STEAM_0:1:216182687><>"
L 06/22/2017 - 20:12:03: -------- Mapchange to deathrun_jinglebells --------
L 06/22/2017 - 20:12:04: [AMXX] Failed to open dictionary file: cstrike/addons/amxmodx/data/lang/walkguard.txt
L 06/22/2017 - 20:12:05: [walkguard.amxx] no zone-file found
L 06/22/2017 - 20:38:19: -------- Mapchange to deathrun_long_run --------
L 06/22/2017 - 20:38:21: [AMXX] Failed to open dictionary file: cstrike/addons/amxmodx/data/lang/walkguard.txt
L 06/22/2017 - 20:38:22: [walkguard.amxx] no zone-file found
L 06/22/2017 - 21:20:35: -------- Mapchange to deathrun_virtualstrike --------
L 06/22/2017 - 21:20:37: [AMXX] Failed to open dictionary file: cstrike/addons/amxmodx/data/lang/walkguard.txt
L 06/22/2017 - 21:20:38: [walkguard.amxx] no zone-file found
L 06/22/2017 - 22:28:58: -------- Mapchange to deathrun_nightrun_beta3 --------
L 06/22/2017 - 22:28:59: [AMXX] Failed to open dictionary file: cstrike/addons/amxmodx/data/lang/walkguard.txt
L 06/22/2017 - 22:29:00: [walkguard.amxx] no zone-file found
L 06/22/2017 - 22:37:51: [admin.amxx] Login: "Stifler<52><STEAM_0:1:22458368><>" became an admin (account "Stifler") (access "b") (address "31.5.145.190")
L 06/22/2017 - 22:37:53: [admin.amxx] Login: "Stifler<53><STEAM_0:1:22458368><>" became an admin (account "Stifler") (access "b") (address "31.5.145.190")
L 06/22/2017 - 22:54:08: [admincmd.amxx] Cmd: "Dr.FioriGinal.Ro ~ Server Clasi<0><><>" slay "Limbutza # Star<65><STEAM_0:0:1081085750><>"
L 06/22/2017 - 22:54:09: [admincmd.amxx] Cmd: "Dr.FioriGinal.Ro ~ Server Clasi<0><><>" slay "mamaliguta<66><VALVE_0:4:1800195062><>"
L 06/22/2017 - 22:58:00: [admincmd.amxx] Cmd: "Dr.FioriGinal.Ro ~ Server Clasi<0><><>" slay "mamaliguta<67><VALVE_0:4:1800195062><>"
L 06/22/2017 - 22:58:13: [admincmd.amxx] Cmd: "Dr.FioriGinal.Ro ~ Server Clasi<0><><>" slay "mamaliguta<68><VALVE_0:4:1800195062><>"
L 06/22/2017 - 23:20:34: -------- Mapchange to deathrun_0mega --------
L 06/22/2017 - 23:20:35: [AMXX] Failed to open dictionary file: cstrike/addons/amxmodx/data/lang/walkguard.txt
L 06/22/2017 - 23:20:36: [walkguard.amxx] no zone-file found
L 06/22/2017 - 23:37:46: [slayafk.amxx] [OFF] - KillShot [;x] a primit slay, deoarece a fost afk mai mult de 30 secunde
L 06/22/2017 - 23:53:11: -------- Mapchange to deathrun_discovery3 --------
L 06/22/2017 - 23:53:13: [AMXX] Failed to open dictionary file: cstrike/addons/amxmodx/data/lang/walkguard.txt
L 06/22/2017 - 23:53:14: [walkguard.amxx] no zone-file found
