L 07/02/2017 - 00:25:07: -------- Mapchange to deathrun_nightrun_beta3 --------
L 07/02/2017 - 00:25:08: [AMXX] Failed to open dictionary file: cstrike/addons/amxmodx/data/lang/walkguard.txt
L 07/02/2017 - 00:25:09: [walkguard.amxx] no zone-file found
L 07/02/2017 - 01:07:38: -------- Mapchange to deathrun_0mega --------
L 07/02/2017 - 01:07:39: [AMXX] Failed to open dictionary file: cstrike/addons/amxmodx/data/lang/walkguard.txt
L 07/02/2017 - 01:07:40: [walkguard.amxx] no zone-file found
L 07/02/2017 - 01:21:40: [slayafk.amxx] ~[M]athewsz.* a primit slay, deoarece a fost afk mai mult de 30 secunde
L 07/02/2017 - 01:23:15: [admincmd.amxx] Cmd: "Dr.FioriGinal.Ro ~ Server Clasi<0><><>" slay "bLood<70><VALVE_0:4:1017929457><>"
L 07/02/2017 - 01:26:25: [admincmd.amxx] Cmd: "Dr.FioriGinal.Ro ~ Server Clasi<0><><>" slay "bLood<71><VALVE_0:4:1017929457><>"
L 07/02/2017 - 01:29:40: [slayafk.amxx] ~[M]athewsz.* a primit slay, deoarece a fost afk mai mult de 30 secunde
L 07/02/2017 - 01:30:24: [admincmd.amxx] Cmd: "Dr.FioriGinal.Ro ~ Server Clasi<0><><>" slay "bLood<72><VALVE_0:4:1017929457><>"
L 07/02/2017 - 02:48:26: -------- Mapchange to deathrun_discovery3 --------
L 07/02/2017 - 02:48:27: [AMXX] Failed to open dictionary file: cstrike/addons/amxmodx/data/lang/walkguard.txt
L 07/02/2017 - 02:48:28: [walkguard.amxx] no zone-file found
L 07/02/2017 - 03:06:03: [slayafk.amxx] abd_XD a primit slay, deoarece a fost afk mai mult de 30 secunde
L 07/02/2017 - 03:06:43: [slayafk.amxx] abd_XD a primit slay, deoarece a fost afk mai mult de 30 secunde
L 07/02/2017 - 03:07:23: [slayafk.amxx] abd_XD a primit slay, deoarece a fost afk mai mult de 30 secunde
L 07/02/2017 - 03:08:03: [slayafk.amxx] abd_XD a primit slay, deoarece a fost afk mai mult de 30 secunde
L 07/02/2017 - 03:08:43: [slayafk.amxx] abd_XD a primit slay, deoarece a fost afk mai mult de 30 secunde
L 07/02/2017 - 03:09:23: [slayafk.amxx] abd_XD a primit slay, deoarece a fost afk mai mult de 30 secunde
L 07/02/2017 - 03:10:03: [slayafk.amxx] abd_XD a primit slay, deoarece a fost afk mai mult de 30 secunde
L 07/02/2017 - 03:10:43: [slayafk.amxx] abd_XD a primit slay, deoarece a fost afk mai mult de 30 secunde
L 07/02/2017 - 03:11:23: [slayafk.amxx] abd_XD a primit slay, deoarece a fost afk mai mult de 30 secunde
L 07/02/2017 - 03:12:03: [slayafk.amxx] abd_XD a primit slay, deoarece a fost afk mai mult de 30 secunde
L 07/02/2017 - 03:12:43: [slayafk.amxx] abd_XD a primit slay, deoarece a fost afk mai mult de 30 secunde
L 07/02/2017 - 03:13:23: [slayafk.amxx] abd_XD a primit slay, deoarece a fost afk mai mult de 30 secunde
L 07/02/2017 - 03:14:03: [slayafk.amxx] abd_XD a primit slay, deoarece a fost afk mai mult de 30 secunde
L 07/02/2017 - 03:14:06: -------- Mapchange to deathrun_adi_blurez --------
L 07/02/2017 - 03:14:07: [AMXX] Failed to open dictionary file: cstrike/addons/amxmodx/data/lang/walkguard.txt
L 07/02/2017 - 03:14:08: [walkguard.amxx] no zone-file found
L 07/02/2017 - 03:14:58: [slayafk.amxx] abd_XD a primit slay, deoarece a fost afk mai mult de 30 secunde
L 07/02/2017 - 03:15:37: [slayafk.amxx] abd_XD a primit slay, deoarece a fost afk mai mult de 30 secunde
L 07/02/2017 - 03:16:17: [slayafk.amxx] abd_XD a primit slay, deoarece a fost afk mai mult de 30 secunde
L 07/02/2017 - 03:16:57: [slayafk.amxx] abd_XD a primit slay, deoarece a fost afk mai mult de 30 secunde
L 07/02/2017 - 03:17:37: [slayafk.amxx] abd_XD a primit slay, deoarece a fost afk mai mult de 30 secunde
L 07/02/2017 - 03:18:17: [slayafk.amxx] abd_XD a primit slay, deoarece a fost afk mai mult de 30 secunde
L 07/02/2017 - 03:18:58: [slayafk.amxx] abd_XD a primit slay, deoarece a fost afk mai mult de 30 secunde
L 07/02/2017 - 03:19:38: [slayafk.amxx] abd_XD a primit slay, deoarece a fost afk mai mult de 30 secunde
L 07/02/2017 - 03:20:17: [slayafk.amxx] abd_XD a primit slay, deoarece a fost afk mai mult de 30 secunde
L 07/02/2017 - 03:20:57: [slayafk.amxx] abd_XD a primit slay, deoarece a fost afk mai mult de 30 secunde
L 07/02/2017 - 03:21:37: [slayafk.amxx] abd_XD a primit slay, deoarece a fost afk mai mult de 30 secunde
L 07/02/2017 - 03:22:17: [slayafk.amxx] abd_XD a primit slay, deoarece a fost afk mai mult de 30 secunde
L 07/02/2017 - 03:22:57: [slayafk.amxx] abd_XD a primit slay, deoarece a fost afk mai mult de 30 secunde
L 07/02/2017 - 03:23:38: [slayafk.amxx] abd_XD a primit slay, deoarece a fost afk mai mult de 30 secunde
L 07/02/2017 - 03:24:18: [slayafk.amxx] abd_XD a primit slay, deoarece a fost afk mai mult de 30 secunde
L 07/02/2017 - 03:25:00: [slayafk.amxx] abd_XD a primit slay, deoarece a fost afk mai mult de 30 secunde
L 07/02/2017 - 03:25:40: [slayafk.amxx] abd_XD a primit slay, deoarece a fost afk mai mult de 30 secunde
L 07/02/2017 - 03:26:20: [slayafk.amxx] abd_XD a primit slay, deoarece a fost afk mai mult de 30 secunde
L 07/02/2017 - 03:27:00: [slayafk.amxx] abd_XD a primit slay, deoarece a fost afk mai mult de 30 secunde
L 07/02/2017 - 03:27:40: [slayafk.amxx] abd_XD a primit slay, deoarece a fost afk mai mult de 30 secunde
L 07/02/2017 - 03:28:20: [slayafk.amxx] abd_XD a primit slay, deoarece a fost afk mai mult de 30 secunde
L 07/02/2017 - 03:29:00: [slayafk.amxx] abd_XD a primit slay, deoarece a fost afk mai mult de 30 secunde
L 07/02/2017 - 03:29:40: [slayafk.amxx] abd_XD a primit slay, deoarece a fost afk mai mult de 30 secunde
L 07/02/2017 - 03:30:20: [slayafk.amxx] abd_XD a primit slay, deoarece a fost afk mai mult de 30 secunde
L 07/02/2017 - 03:31:00: [slayafk.amxx] abd_XD a primit slay, deoarece a fost afk mai mult de 30 secunde
L 07/02/2017 - 03:31:40: [slayafk.amxx] abd_XD a primit slay, deoarece a fost afk mai mult de 30 secunde
L 07/02/2017 - 03:32:20: [slayafk.amxx] abd_XD a primit slay, deoarece a fost afk mai mult de 30 secunde
L 07/02/2017 - 03:33:00: [slayafk.amxx] abd_XD a primit slay, deoarece a fost afk mai mult de 30 secunde
L 07/02/2017 - 04:42:45: -------- Mapchange to deathrun_2h_estonia --------
L 07/02/2017 - 04:42:46: [AMXX] Failed to open dictionary file: cstrike/addons/amxmodx/data/lang/walkguard.txt
L 07/02/2017 - 04:42:47: [walkguard.amxx] no zone-file found
L 07/02/2017 - 09:00:55: -------- Mapchange to deathrun_y_underground --------
L 07/02/2017 - 09:00:56: [AMXX] Failed to open dictionary file: cstrike/addons/amxmodx/data/lang/walkguard.txt
L 07/02/2017 - 09:00:57: [walkguard.amxx] no zone-file found
L 07/02/2017 - 09:18:26: [admincmd.amxx] Cmd: "Dr.FioriGinal.Ro ~ Server Clasi<0><><>" slay "|rZc| AdySS<114><VALVE_0:4:699946613><>"
L 07/02/2017 - 10:04:20: -------- Mapchange to deathrun_privateers --------
L 07/02/2017 - 10:04:21: [AMXX] Failed to open dictionary file: cstrike/addons/amxmodx/data/lang/walkguard.txt
L 07/02/2017 - 10:04:22: [walkguard.amxx] no zone-file found
L 07/02/2017 - 10:43:32: -------- Mapchange to deathrun_rizzy_x --------
L 07/02/2017 - 10:43:34: [AMXX] Failed to open dictionary file: cstrike/addons/amxmodx/data/lang/walkguard.txt
L 07/02/2017 - 10:43:34: [walkguard.amxx] no zone-file found
L 07/02/2017 - 12:05:37: -------- Mapchange to deathrun_ghosts --------
L 07/02/2017 - 12:05:38: [AMXX] Failed to open dictionary file: cstrike/addons/amxmodx/data/lang/walkguard.txt
L 07/02/2017 - 12:05:39: [walkguard.amxx] no zone-file found
L 07/02/2017 - 12:32:25: -------- Mapchange to deathrun_sk_occult --------
L 07/02/2017 - 12:32:26: [AMXX] Failed to open dictionary file: cstrike/addons/amxmodx/data/lang/walkguard.txt
L 07/02/2017 - 12:32:27: [walkguard.amxx] no zone-file found
L 07/02/2017 - 12:33:15: [admin.amxx] Login: "Bidi<149><STEAM_0:1:45864800><>" became an admin (account "Bidi") (access "bit") (address "92.114.2.110")
L 07/02/2017 - 12:35:22: [slayafk.amxx] Bidi a primit slay, deoarece a fost afk mai mult de 30 secunde
L 07/02/2017 - 12:36:08: [admincmd.amxx] Cmd: "Dr.FioriGinal.Ro ~ Server Clasi<0><><>" slay "TibyXD<152><STEAM_0:1:102410025><>"
