L 06/12/2017 - 00:12:44: -------- Mapchange to deathrun_jinglebells --------
L 06/12/2017 - 00:12:46: [AMXX] Failed to open dictionary file: cstrike/addons/amxmodx/data/lang/walkguard.txt
L 06/12/2017 - 00:12:47: [walkguard.amxx] no zone-file found
L 06/12/2017 - 00:17:30: [admincmd.amxx] Cmd: "Dr.FioriGinal.Ro ~ Server Clasi<0><><>" slay "kel<17><STEAM_0:0:1016541550><>"
L 06/12/2017 - 00:46:13: -------- Mapchange to deathrun_long_run --------
L 06/12/2017 - 00:46:14: [AMXX] Failed to open dictionary file: cstrike/addons/amxmodx/data/lang/walkguard.txt
L 06/12/2017 - 00:46:15: [walkguard.amxx] no zone-file found
L 06/12/2017 - 01:35:02: -------- Mapchange to deathrun_virtualstrike --------
L 06/12/2017 - 01:35:03: [AMXX] Failed to open dictionary file: cstrike/addons/amxmodx/data/lang/walkguard.txt
L 06/12/2017 - 01:35:04: [walkguard.amxx] no zone-file found
L 06/12/2017 - 02:02:44: [slayafk.amxx] AnDrBy a primit slay, deoarece a fost afk mai mult de 30 secunde
L 06/12/2017 - 02:02:47: -------- Mapchange to deathrun_nightrun_beta3 --------
L 06/12/2017 - 02:02:48: [AMXX] Failed to open dictionary file: cstrike/addons/amxmodx/data/lang/walkguard.txt
L 06/12/2017 - 02:02:49: [walkguard.amxx] no zone-file found
L 06/12/2017 - 04:15:45: -------- Mapchange to deathrun_0mega --------
L 06/12/2017 - 04:15:47: [AMXX] Failed to open dictionary file: cstrike/addons/amxmodx/data/lang/walkguard.txt
L 06/12/2017 - 04:15:48: [walkguard.amxx] no zone-file found
L 06/12/2017 - 07:18:13: -------- Mapchange to deathrun_discovery3 --------
L 06/12/2017 - 07:18:14: [AMXX] Failed to open dictionary file: cstrike/addons/amxmodx/data/lang/walkguard.txt
L 06/12/2017 - 07:18:15: [walkguard.amxx] no zone-file found
L 06/12/2017 - 09:20:42: -------- Mapchange to deathrun_adi_blurez --------
L 06/12/2017 - 09:20:44: [AMXX] Failed to open dictionary file: cstrike/addons/amxmodx/data/lang/walkguard.txt
L 06/12/2017 - 09:20:45: [walkguard.amxx] no zone-file found
L 06/12/2017 - 09:44:33: [admincmd.amxx] Cmd: "Dr.FioriGinal.Ro ~ Server Clasi<0><><>" changelevel "deathrun_jigsaw2"
L 06/12/2017 - 09:44:36: -------- Mapchange to deathrun_jigsaw2 --------
L 06/12/2017 - 09:44:37: [AMXX] Failed to open dictionary file: cstrike/addons/amxmodx/data/lang/walkguard.txt
L 06/12/2017 - 09:44:38: [walkguard.amxx] no zone-file found
L 06/12/2017 - 10:30:48: -------- Mapchange to deathrun_y_underground --------
L 06/12/2017 - 10:30:49: [AMXX] Failed to open dictionary file: cstrike/addons/amxmodx/data/lang/walkguard.txt
L 06/12/2017 - 10:30:50: [walkguard.amxx] no zone-file found
L 06/12/2017 - 10:31:31: [admin.amxx] Login: "Joker$*<79><VALVE_0:4:1744394610><>" kicked due to invalid password (account "Joker$*") (address "92.80.174.102")
L 06/12/2017 - 10:31:46: [admincmd.amxx] Cmd: "Dr.FioriGinal.Ro ~ Server Clasi<0><><>" slay "gong<80><STEAM_0:0:921923695><>"
L 06/12/2017 - 10:38:29: [admincmd.amxx] Cmd: "Dr.FioriGinal.Ro ~ Server Clasi<0><><>" slay "Flash*<84><VALVE_0:4:1744394610><>"
L 06/12/2017 - 10:40:26: [admincmd.amxx] Cmd: "Dr.FioriGinal.Ro ~ Server Clasi<0><><>" slay "Flash*<86><VALVE_0:4:1744394610><>"
L 06/12/2017 - 10:57:36: -------- Mapchange to deathrun_privateers --------
L 06/12/2017 - 10:57:38: [AMXX] Failed to open dictionary file: cstrike/addons/amxmodx/data/lang/walkguard.txt
L 06/12/2017 - 10:57:39: [walkguard.amxx] no zone-file found
L 06/12/2017 - 11:59:47: -------- Mapchange to deathrun_rizzy_x --------
L 06/12/2017 - 11:59:49: [AMXX] Failed to open dictionary file: cstrike/addons/amxmodx/data/lang/walkguard.txt
L 06/12/2017 - 11:59:50: [walkguard.amxx] no zone-file found
L 06/12/2017 - 12:30:14: -------- Mapchange to deathrun_ghosts --------
L 06/12/2017 - 12:30:15: [AMXX] Failed to open dictionary file: cstrike/addons/amxmodx/data/lang/walkguard.txt
L 06/12/2017 - 12:30:16: [walkguard.amxx] no zone-file found
L 06/12/2017 - 13:05:15: -------- Mapchange to deathrun_sk_occult --------
L 06/12/2017 - 13:05:16: [AMXX] Failed to open dictionary file: cstrike/addons/amxmodx/data/lang/walkguard.txt
L 06/12/2017 - 13:05:17: [walkguard.amxx] no zone-file found
L 06/12/2017 - 13:44:39: -------- Mapchange to deathrun_jigsaw2 --------
L 06/12/2017 - 13:44:41: [AMXX] Failed to open dictionary file: cstrike/addons/amxmodx/data/lang/walkguard.txt
L 06/12/2017 - 13:44:42: [walkguard.amxx] no zone-file found
L 06/12/2017 - 14:10:40: -------- Mapchange to deathrun_christmas --------
L 06/12/2017 - 14:10:41: [AMXX] Failed to open dictionary file: cstrike/addons/amxmodx/data/lang/walkguard.txt
L 06/12/2017 - 14:10:42: [walkguard.amxx] no zone-file found
L 06/12/2017 - 14:13:09: [admincmd.amxx] Cmd: "Dr.FioriGinal.Ro ~ Server Clasi<0><><>" slay "Catalin bulibasa<141><VALVE_0:4:551701115><>"
L 06/12/2017 - 15:00:22: -------- Mapchange to deathrun_jinglebells2 --------
L 06/12/2017 - 15:00:23: [AMXX] Failed to open dictionary file: cstrike/addons/amxmodx/data/lang/walkguard.txt
L 06/12/2017 - 15:00:24: [walkguard.amxx] no zone-file found
L 06/12/2017 - 15:22:24: [admin.amxx] Login: "Stifler<161><STEAM_0:0:1035803754><>" became an admin (account "Stifler") (access "b") (address "31.5.145.190")
L 06/12/2017 - 15:22:29: [admin.amxx] Login: "Stifler<162><STEAM_0:0:1035803754><>" became an admin (account "Stifler") (access "b") (address "31.5.145.190")
L 06/12/2017 - 16:26:54: -------- Mapchange to deathrun_gb_winter_final4 --------
L 06/12/2017 - 16:26:56: [AMXX] Failed to open dictionary file: cstrike/addons/amxmodx/data/lang/walkguard.txt
L 06/12/2017 - 16:26:57: [walkguard.amxx] no zone-file found
L 06/12/2017 - 16:47:01: [slayafk.amxx] pGc.c0bR@ a primit slay, deoarece a fost afk mai mult de 30 secunde
L 06/12/2017 - 16:58:43: [admin.amxx] Login: "Stifler<183><STEAM_0:0:1035803754><>" became an admin (account "Stifler") (access "b") (address "31.5.145.190")
L 06/12/2017 - 16:58:45: [admin.amxx] Login: "Stifler<184><STEAM_0:0:1035803754><>" became an admin (account "Stifler") (access "b") (address "31.5.145.190")
L 06/12/2017 - 16:59:44: -------- Mapchange to deathrun_expres-winter --------
L 06/12/2017 - 16:59:46: [AMXX] Failed to open dictionary file: cstrike/addons/amxmodx/data/lang/walkguard.txt
L 06/12/2017 - 16:59:47: [admin.amxx] Login: "Stifler<184><STEAM_0:0:1035803754><>" became an admin (account "Stifler") (access "b") (address "31.5.145.190")
L 06/12/2017 - 16:59:47: [walkguard.amxx] no zone-file found
L 06/12/2017 - 16:59:50: [admin.amxx] Login: "Stifler<185><STEAM_0:0:1035803754><>" became an admin (account "Stifler") (access "b") (address "31.5.145.190")
L 06/12/2017 - 17:06:56: [admincmd.amxx] Cmd: "Dr.FioriGinal.Ro ~ Server Clasi<0><><>" slay "Tryxo<193><STEAM_0:0:1647651759><>"
L 06/12/2017 - 17:07:30: [admincmd.amxx] Cmd: "Dr.FioriGinal.Ro ~ Server Clasi<0><><>" slay "Tryxo<194><STEAM_0:0:1647651759><>"
L 06/12/2017 - 17:10:33: [admincmd.amxx] Cmd: "Dr.FioriGinal.Ro ~ Server Clasi<0><><>" slay "Tryxo<196><STEAM_0:0:1647651759><>"
L 06/12/2017 - 17:29:13: -------- Mapchange to deathrun_alleywinter --------
L 06/12/2017 - 17:29:15: [AMXX] Failed to open dictionary file: cstrike/addons/amxmodx/data/lang/walkguard.txt
L 06/12/2017 - 17:29:16: [walkguard.amxx] no zone-file found
L 06/12/2017 - 17:57:26: -------- Mapchange to deathrun_trenal_lux --------
L 06/12/2017 - 17:57:28: [AMXX] Failed to open dictionary file: cstrike/addons/amxmodx/data/lang/walkguard.txt
L 06/12/2017 - 17:57:29: [walkguard.amxx] no zone-file found
L 06/12/2017 - 18:05:42: [admincmd.amxx] Cmd: "Dr.FioriGinal.Ro ~ Server Clasi<0><><>" slay "[mr] isam ghaith<219><STEAM_0:0:997819823><>"
L 06/12/2017 - 18:10:00: [admincmd.amxx] Cmd: "Dr.FioriGinal.Ro ~ Server Clasi<0><><>" slay "mamaliguta<223><VALVE_0:4:806860144><>"
L 06/12/2017 - 18:13:28: [admincmd.amxx] Cmd: "Dr.FioriGinal.Ro ~ Server Clasi<0><><>" slay "mamaliguta<225><VALVE_0:4:806860144><>"
L 06/12/2017 - 18:15:10: [admincmd.amxx] Cmd: "Dr.FioriGinal.Ro ~ Server Clasi<0><><>" slay "mamaliguta<228><VALVE_0:4:806860144><>"
L 06/12/2017 - 18:37:18: [slayafk.amxx] Eazy. 'Zew a primit slay, deoarece a fost afk mai mult de 30 secunde
L 06/12/2017 - 18:41:19: -------- Mapchange to deathrun_greyskull --------
L 06/12/2017 - 18:41:21: [AMXX] Failed to open dictionary file: cstrike/addons/amxmodx/data/lang/walkguard.txt
L 06/12/2017 - 18:41:22: [walkguard.amxx] no zone-file found
L 06/12/2017 - 19:20:07: -------- Mapchange to deathrun_stronghold_beta1 --------
L 06/12/2017 - 19:20:09: [AMXX] Failed to open dictionary file: cstrike/addons/amxmodx/data/lang/walkguard.txt
L 06/12/2017 - 19:20:10: [walkguard.amxx] no zone-file found
L 06/12/2017 - 19:26:56: [admin.amxx] Login: "Stifler<259><STEAM_0:0:1098544123><>" kicked due to invalid password (account "Stifler") (address "31.5.145.190")
L 06/12/2017 - 19:27:07: [admin.amxx] Login: "Stifler<262><STEAM_0:0:1098544123><>" became an admin (account "Stifler") (access "b") (address "31.5.145.190")
L 06/12/2017 - 19:27:10: [admin.amxx] Login: "Stifler<263><STEAM_0:0:1098544123><>" became an admin (account "Stifler") (access "b") (address "31.5.145.190")
L 06/12/2017 - 19:27:20: [admincmd.amxx] Cmd: "Dr.FioriGinal.Ro ~ Server Clasi<0><><>" slay "gF.lL[u]ck<264><STEAM_0:0:1322934216><>"
L 06/12/2017 - 19:28:03: [admincmd.amxx] Cmd: "Dr.FioriGinal.Ro ~ Server Clasi<0><><>" slay "gF.lL[u]ck<265><STEAM_0:0:1322934216><>"
L 06/12/2017 - 20:07:45: -------- Mapchange to deathrun_aztecan_beta1 --------
L 06/12/2017 - 20:07:46: [AMXX] Failed to open dictionary file: cstrike/addons/amxmodx/data/lang/walkguard.txt
L 06/12/2017 - 20:07:47: [walkguard.amxx] no zone-file found
L 06/12/2017 - 20:11:53: [admincmd.amxx] Cmd: "Dr.FioriGinal.Ro ~ Server Clasi<0><><>" slay "bUlDoG<276><VALVE_0:4:1235114226><>"
L 06/12/2017 - 20:12:12: [admincmd.amxx] Cmd: "Dr.FioriGinal.Ro ~ Server Clasi<0><><>" slay "bUlDoG<279><VALVE_0:4:1235114226><>"
L 06/12/2017 - 20:19:07: [slayafk.amxx] bUlDoG a primit slay, deoarece a fost afk mai mult de 30 secunde
L 06/12/2017 - 20:45:01: -------- Mapchange to deathrun_pyramid --------
L 06/12/2017 - 20:45:02: [AMXX] Failed to open dictionary file: cstrike/addons/amxmodx/data/lang/walkguard.txt
L 06/12/2017 - 20:45:03: [walkguard.amxx] no zone-file found
L 06/12/2017 - 20:46:50: [admincmd.amxx] Cmd: "Dr.FioriGinal.Ro ~ Server Clasi<0><><>" slay "Player<290><STEAM_0:0:132718718><>"
L 06/12/2017 - 21:10:45: -------- Mapchange to deathrun_standup --------
L 06/12/2017 - 21:10:47: [AMXX] Failed to open dictionary file: cstrike/addons/amxmodx/data/lang/walkguard.txt
L 06/12/2017 - 21:10:48: [walkguard.amxx] no zone-file found
L 06/12/2017 - 21:46:31: -------- Mapchange to deathrun_sentinel --------
L 06/12/2017 - 21:46:42: -------- Mapchange to deathrun_forest --------
L 06/12/2017 - 21:46:51: [AMXX] Failed to open dictionary file: cstrike/addons/amxmodx/data/lang/walkguard.txt
L 06/12/2017 - 21:46:54: [walkguard.amxx] no zone-file found
L 06/12/2017 - 21:47:03: Invalid multi-lingual line (file "cstrike/addons/amxmodx/data/lang/rom_protect.txt" key "// *ROM-Protect// Plugin OpenSource anti-IsFlooding/bug-fix pentru orice server." lang "")
L 06/12/2017 - 21:47:03: Invalid multi-lingual line (file "cstrike/addons/amxmodx/data/lang/rom_protect.txt" key "// Versiunea : 1.0.4s-dev. Bulid : 98. Data lansarii versiunii : 03.12.2016." lang "")
L 06/12/2017 - 21:47:03: Invalid multi-lingual line (file "cstrike/addons/amxmodx/data/lang/rom_protect.txt" key "// Autor : lüxor # Dr.Fio & DR2.IND (+ eNd.) - SteamID (contact) : luxxxoor" lang "")
L 06/12/2017 - 21:47:03: Invalid multi-lingual line (file "cstrike/addons/amxmodx/data/lang/rom_protect.txt" key "// O productie FioriGinal.ro - site : www.fioriginal.ro" lang "")
L 06/12/2017 - 21:47:03: Invalid multi-lingual line (file "cstrike/addons/amxmodx/data/lang/rom_protect.txt" key "// Link forum de dezvoltare : http://forum.fioriginal.ro/amxmodx-plugins-pluginuri/rom-protect-anti-flood-bug-fix-t28292.html" lang "")
L 06/12/2017 - 21:47:03: Invalid multi-lingual line (file "cstrike/addons/amxmodx/data/lang/rom_protect.txt" key "// Link sursa : https://github.com/luxxxoor/ROM-Protect" lang "")
L 06/12/2017 - 21:47:03: Invalid multi-lingual line (file "cstrike/addons/amxmodx/data/lang/rom_protect.txt" key "// Colori : ^1 - Culoarea aleasa de jucator cu con_color." lang "")
L 06/12/2017 - 21:47:03: Invalid multi-lingual line (file "cstrike/addons/amxmodx/data/lang/rom_protect.txt" key "//          ^3 - Culoare gri." lang "")
L 06/12/2017 - 21:47:03: Invalid multi-lingual line (file "cstrike/addons/amxmodx/data/lang/rom_protect.txt" key "//          ^4 - Culoare verde." lang "")
L 06/12/2017 - 22:13:04: -------- Mapchange to deathrun_jinglebells --------
L 06/12/2017 - 22:13:06: [AMXX] Failed to open dictionary file: cstrike/addons/amxmodx/data/lang/walkguard.txt
L 06/12/2017 - 22:13:07: [walkguard.amxx] no zone-file found
L 06/12/2017 - 22:45:17: [admincmd.amxx] Cmd: "Dr.FioriGinal.Ro ~ Server Clasi<0><><>" slay "Bong<21><VALVE_0:4:515365490><>"
L 06/12/2017 - 22:55:32: [admincmd.amxx] Cmd: "Dr.FioriGinal.Ro ~ Server Clasi<0><><>" slay "Bong<23><VALVE_0:4:515365490><>"
L 06/12/2017 - 22:55:39: [admincmd.amxx] Cmd: "Dr.FioriGinal.Ro ~ Server Clasi<0><><>" slay "Colonel<24><VALVE_0:4:1511594242><>"
L 06/12/2017 - 22:55:46: [admincmd.amxx] Cmd: "Dr.FioriGinal.Ro ~ Server Clasi<0><><>" slay "Bong<25><VALVE_0:4:515365490><>"
L 06/12/2017 - 22:55:52: [admincmd.amxx] Cmd: "Dr.FioriGinal.Ro ~ Server Clasi<0><><>" slay "Colonel<26><VALVE_0:4:1511594242><>"
L 06/12/2017 - 22:57:16: [admincmd.amxx] Cmd: "Dr.FioriGinal.Ro ~ Server Clasi<0><><>" slay "Colonel<27><VALVE_0:4:1511594242><>"
L 06/12/2017 - 23:07:11: [slayafk.amxx] 3Be3Da a primit slay, deoarece a fost afk mai mult de 30 secunde
L 06/12/2017 - 23:11:18: [admincmd.amxx] Cmd: "Dr.FioriGinal.Ro ~ Server Clasi<0><><>" slay "Bong<37><VALVE_0:4:515365490><>"
L 06/12/2017 - 23:35:36: -------- Mapchange to deathrun_long_run --------
L 06/12/2017 - 23:35:37: [AMXX] Failed to open dictionary file: cstrike/addons/amxmodx/data/lang/walkguard.txt
L 06/12/2017 - 23:35:38: [walkguard.amxx] no zone-file found
