L 02/15/2017 - 00:02:23: -------- Mapchange to deathrun_demolish --------
L 02/15/2017 - 00:02:25: [admin.amxx] Login: "deadpool<296><STEAM_0:0:30403765><>" became an admin (account "deadpool") (access "bit") (address "82.79.251.176")
L 02/15/2017 - 00:03:00: [slayafk.amxx] deadpool a primit slay, deoarece a fost afk mai mult de 30 secunde
L 02/15/2017 - 00:04:35: [slayafk.amxx] deadpool a primit slay, deoarece a fost afk mai mult de 30 secunde
L 02/15/2017 - 00:05:20: [slayafk.amxx] deadpool a primit slay, deoarece a fost afk mai mult de 30 secunde
L 02/15/2017 - 00:07:45: [slayafk.amxx] deadpool a primit slay, deoarece a fost afk mai mult de 30 secunde
L 02/15/2017 - 00:09:25: [slayafk.amxx] deadpool a primit slay, deoarece a fost afk mai mult de 30 secunde
L 02/15/2017 - 00:12:35: [slayafk.amxx] deadpool a primit slay, deoarece a fost afk mai mult de 30 secunde
L 02/15/2017 - 00:18:05: [slayafk.amxx] deadpool a primit slay, deoarece a fost afk mai mult de 30 secunde
L 02/15/2017 - 00:29:06: [admincmd.amxx] Cmd: "Dr.FioriGinal.Ro ~ Server Clasi<0><><>" slay "A$AP Rocky<318><STEAM_0:0:1960989564><>"
L 02/15/2017 - 00:42:36: [admincmd.amxx] Cmd: "Dr.FioriGinal.Ro ~ Server Clasi<0><><>" slay "A$AP Rocky<320><STEAM_0:0:1960989564><>"
L 02/15/2017 - 01:08:50: -------- Mapchange to deathrun_y_snow_wind_v3 --------
L 02/15/2017 - 01:35:35: -------- Mapchange to deathrun_adelina --------
L 02/15/2017 - 01:39:54: [admincmd.amxx] Cmd: "Dr.FioriGinal.Ro ~ Server Clasi<0><><>" slay "DarkWalkerz # DoNpAkaa<335><STEAM_0:0:55531607><>"
L 02/15/2017 - 01:40:23: [admincmd.amxx] Cmd: "Dr.FioriGinal.Ro ~ Server Clasi<0><><>" slay "DarkWalkerz # DoNpAkaa<337><STEAM_0:0:55531607><>"
L 02/15/2017 - 01:54:42: [slayafk.amxx] DarkWalkerz # DoNpAkaa a primit slay, deoarece a fost afk mai mult de 30 secunde
L 02/15/2017 - 01:55:22: [slayafk.amxx] DarkWalkerz # DoNpAkaa a primit slay, deoarece a fost afk mai mult de 30 secunde
L 02/15/2017 - 01:56:02: [slayafk.amxx] DarkWalkerz # DoNpAkaa a primit slay, deoarece a fost afk mai mult de 30 secunde
L 02/15/2017 - 01:56:42: [slayafk.amxx] DarkWalkerz # DoNpAkaa a primit slay, deoarece a fost afk mai mult de 30 secunde
L 02/15/2017 - 01:57:22: [slayafk.amxx] DarkWalkerz # DoNpAkaa a primit slay, deoarece a fost afk mai mult de 30 secunde
L 02/15/2017 - 01:58:02: [slayafk.amxx] DarkWalkerz # DoNpAkaa a primit slay, deoarece a fost afk mai mult de 30 secunde
L 02/15/2017 - 01:58:42: [slayafk.amxx] DarkWalkerz # DoNpAkaa a primit slay, deoarece a fost afk mai mult de 30 secunde
L 02/15/2017 - 01:59:22: [slayafk.amxx] DarkWalkerz # DoNpAkaa a primit slay, deoarece a fost afk mai mult de 30 secunde
L 02/15/2017 - 02:00:02: [slayafk.amxx] DarkWalkerz # DoNpAkaa a primit slay, deoarece a fost afk mai mult de 30 secunde
L 02/15/2017 - 02:00:42: [slayafk.amxx] DarkWalkerz # DoNpAkaa a primit slay, deoarece a fost afk mai mult de 30 secunde
L 02/15/2017 - 02:01:22: [slayafk.amxx] DarkWalkerz # DoNpAkaa a primit slay, deoarece a fost afk mai mult de 30 secunde
L 02/15/2017 - 02:02:02: [slayafk.amxx] DarkWalkerz # DoNpAkaa a primit slay, deoarece a fost afk mai mult de 30 secunde
L 02/15/2017 - 02:02:42: [slayafk.amxx] DarkWalkerz # DoNpAkaa a primit slay, deoarece a fost afk mai mult de 30 secunde
L 02/15/2017 - 02:03:22: [slayafk.amxx] DarkWalkerz # DoNpAkaa a primit slay, deoarece a fost afk mai mult de 30 secunde
L 02/15/2017 - 02:04:02: [slayafk.amxx] DarkWalkerz # DoNpAkaa a primit slay, deoarece a fost afk mai mult de 30 secunde
L 02/15/2017 - 02:04:05: -------- Mapchange to deathrun_scooby-doo --------
L 02/15/2017 - 02:29:22: -------- Mapchange to deathrun_laikiux_dev --------
L 02/15/2017 - 03:22:54: -------- Mapchange to deathrun_winterfg_lux --------
L 02/15/2017 - 03:35:56: [slayafk.amxx] Alexandru.Dymatize# a primit slay, deoarece a fost afk mai mult de 30 secunde
L 02/15/2017 - 03:36:20: [admincmd.amxx] Cmd: "Dr.FioriGinal.Ro ~ Server Clasi<0><><>" slay "Alexandru.Dymatize#<358><VALVE_0:4:1221216002><>"
L 02/15/2017 - 04:15:43: -------- Mapchange to deathrun_bricks_lux --------
L 02/15/2017 - 04:17:33: [admincmd.amxx] Cmd: "Dr.FioriGinal.Ro ~ Server Clasi<0><><>" slay "Yijox<365><STEAM_0:0:660503307><>"
L 02/15/2017 - 04:18:48: [admincmd.amxx] Cmd: "Dr.FioriGinal.Ro ~ Server Clasi<0><><>" slay "Yijox<366><STEAM_0:0:660503307><>"
L 02/15/2017 - 04:30:07: [admincmd.amxx] Cmd: "Dr.FioriGinal.Ro ~ Server Clasi<0><><>" slay "Yijox<369><STEAM_0:0:660503307><>"
L 02/15/2017 - 04:32:10: [admincmd.amxx] Cmd: "Dr.FioriGinal.Ro ~ Server Clasi<0><><>" slay "vn<371><STEAM_0:0:1187568998><>"
L 02/15/2017 - 04:53:42: [admincmd.amxx] Cmd: "Dr.FioriGinal.Ro ~ Server Clasi<0><><>" slay "KlaNdEsTiN<378><STEAM_0:1:161408205><>"
L 02/15/2017 - 04:57:56: [admincmd.amxx] Cmd: "Dr.FioriGinal.Ro ~ Server Clasi<0><><>" slay "KlaNdEsTiN<380><STEAM_0:1:161408205><>"
L 02/15/2017 - 05:10:31: [admincmd.amxx] Cmd: "Dr.FioriGinal.Ro ~ Server Clasi<0><><>" slay "Yijox<385><STEAM_0:0:660503307><>"
L 02/15/2017 - 05:14:40: -------- Mapchange to deathrun_coolf_3 --------
L 02/15/2017 - 05:24:08: [admincmd.amxx] Cmd: "Dr.FioriGinal.Ro ~ Server Clasi<0><><>" slay "syntynyt<390><STEAM_0:0:15949717><>"
L 02/15/2017 - 06:20:59: -------- Mapchange to deathrun_xstrafers --------
L 02/15/2017 - 06:46:12: -------- Mapchange to deathrun_holiday --------
L 02/15/2017 - 06:46:53: [slayafk.amxx] DarkWalkerz # DoNpAkaa a primit slay, deoarece a fost afk mai mult de 30 secunde
L 02/15/2017 - 06:47:48: [slayafk.amxx] DarkWalkerz # DoNpAkaa a primit slay, deoarece a fost afk mai mult de 30 secunde
L 02/15/2017 - 06:48:28: [slayafk.amxx] DarkWalkerz # DoNpAkaa a primit slay, deoarece a fost afk mai mult de 30 secunde
L 02/15/2017 - 06:49:08: [slayafk.amxx] DarkWalkerz # DoNpAkaa a primit slay, deoarece a fost afk mai mult de 30 secunde
L 02/15/2017 - 06:49:48: [slayafk.amxx] DarkWalkerz # DoNpAkaa a primit slay, deoarece a fost afk mai mult de 30 secunde
L 02/15/2017 - 06:50:28: [slayafk.amxx] DarkWalkerz # DoNpAkaa a primit slay, deoarece a fost afk mai mult de 30 secunde
L 02/15/2017 - 06:51:08: [slayafk.amxx] DarkWalkerz # DoNpAkaa a primit slay, deoarece a fost afk mai mult de 30 secunde
L 02/15/2017 - 06:51:48: [slayafk.amxx] DarkWalkerz # DoNpAkaa a primit slay, deoarece a fost afk mai mult de 30 secunde
L 02/15/2017 - 06:52:28: [slayafk.amxx] DarkWalkerz # DoNpAkaa a primit slay, deoarece a fost afk mai mult de 30 secunde
L 02/15/2017 - 06:53:08: [slayafk.amxx] DarkWalkerz # DoNpAkaa a primit slay, deoarece a fost afk mai mult de 30 secunde
L 02/15/2017 - 06:53:48: [slayafk.amxx] DarkWalkerz # DoNpAkaa a primit slay, deoarece a fost afk mai mult de 30 secunde
L 02/15/2017 - 06:54:28: [slayafk.amxx] DarkWalkerz # DoNpAkaa a primit slay, deoarece a fost afk mai mult de 30 secunde
L 02/15/2017 - 06:55:08: [slayafk.amxx] DarkWalkerz # DoNpAkaa a primit slay, deoarece a fost afk mai mult de 30 secunde
L 02/15/2017 - 06:55:48: [slayafk.amxx] DarkWalkerz # DoNpAkaa a primit slay, deoarece a fost afk mai mult de 30 secunde
L 02/15/2017 - 06:56:28: [slayafk.amxx] DarkWalkerz # DoNpAkaa a primit slay, deoarece a fost afk mai mult de 30 secunde
L 02/15/2017 - 06:57:08: [slayafk.amxx] DarkWalkerz # DoNpAkaa a primit slay, deoarece a fost afk mai mult de 30 secunde
L 02/15/2017 - 06:57:48: [slayafk.amxx] DarkWalkerz # DoNpAkaa a primit slay, deoarece a fost afk mai mult de 30 secunde
L 02/15/2017 - 06:58:28: [slayafk.amxx] DarkWalkerz # DoNpAkaa a primit slay, deoarece a fost afk mai mult de 30 secunde
L 02/15/2017 - 06:59:08: [slayafk.amxx] DarkWalkerz # DoNpAkaa a primit slay, deoarece a fost afk mai mult de 30 secunde
L 02/15/2017 - 06:59:48: [slayafk.amxx] DarkWalkerz # DoNpAkaa a primit slay, deoarece a fost afk mai mult de 30 secunde
L 02/15/2017 - 07:00:28: [slayafk.amxx] DarkWalkerz # DoNpAkaa a primit slay, deoarece a fost afk mai mult de 30 secunde
L 02/15/2017 - 07:01:08: [slayafk.amxx] DarkWalkerz # DoNpAkaa a primit slay, deoarece a fost afk mai mult de 30 secunde
L 02/15/2017 - 07:01:48: [slayafk.amxx] DarkWalkerz # DoNpAkaa a primit slay, deoarece a fost afk mai mult de 30 secunde
L 02/15/2017 - 07:02:28: [slayafk.amxx] DarkWalkerz # DoNpAkaa a primit slay, deoarece a fost afk mai mult de 30 secunde
L 02/15/2017 - 07:03:08: [slayafk.amxx] DarkWalkerz # DoNpAkaa a primit slay, deoarece a fost afk mai mult de 30 secunde
L 02/15/2017 - 07:03:48: [slayafk.amxx] DarkWalkerz # DoNpAkaa a primit slay, deoarece a fost afk mai mult de 30 secunde
L 02/15/2017 - 07:04:28: [slayafk.amxx] DarkWalkerz # DoNpAkaa a primit slay, deoarece a fost afk mai mult de 30 secunde
L 02/15/2017 - 07:05:08: [slayafk.amxx] DarkWalkerz # DoNpAkaa a primit slay, deoarece a fost afk mai mult de 30 secunde
L 02/15/2017 - 07:05:48: [slayafk.amxx] DarkWalkerz # DoNpAkaa a primit slay, deoarece a fost afk mai mult de 30 secunde
L 02/15/2017 - 07:06:28: [slayafk.amxx] DarkWalkerz # DoNpAkaa a primit slay, deoarece a fost afk mai mult de 30 secunde
L 02/15/2017 - 07:07:08: [slayafk.amxx] DarkWalkerz # DoNpAkaa a primit slay, deoarece a fost afk mai mult de 30 secunde
L 02/15/2017 - 07:07:48: [slayafk.amxx] DarkWalkerz # DoNpAkaa a primit slay, deoarece a fost afk mai mult de 30 secunde
L 02/15/2017 - 07:08:28: [slayafk.amxx] DarkWalkerz # DoNpAkaa a primit slay, deoarece a fost afk mai mult de 30 secunde
L 02/15/2017 - 07:09:08: [slayafk.amxx] DarkWalkerz # DoNpAkaa a primit slay, deoarece a fost afk mai mult de 30 secunde
L 02/15/2017 - 07:09:48: [slayafk.amxx] DarkWalkerz # DoNpAkaa a primit slay, deoarece a fost afk mai mult de 30 secunde
L 02/15/2017 - 07:10:28: [slayafk.amxx] DarkWalkerz # DoNpAkaa a primit slay, deoarece a fost afk mai mult de 30 secunde
L 02/15/2017 - 07:11:08: [slayafk.amxx] DarkWalkerz # DoNpAkaa a primit slay, deoarece a fost afk mai mult de 30 secunde
L 02/15/2017 - 07:11:48: [slayafk.amxx] DarkWalkerz # DoNpAkaa a primit slay, deoarece a fost afk mai mult de 30 secunde
L 02/15/2017 - 07:11:51: -------- Mapchange to deathrun_purplez --------
L 02/15/2017 - 07:12:28: [slayafk.amxx] DarkWalkerz # DoNpAkaa a primit slay, deoarece a fost afk mai mult de 30 secunde
L 02/15/2017 - 07:13:03: [slayafk.amxx] DarkWalkerz # DoNpAkaa a primit slay, deoarece a fost afk mai mult de 30 secunde
L 02/15/2017 - 07:13:43: [slayafk.amxx] DarkWalkerz # DoNpAkaa a primit slay, deoarece a fost afk mai mult de 30 secunde
L 02/15/2017 - 07:14:23: [slayafk.amxx] DarkWalkerz # DoNpAkaa a primit slay, deoarece a fost afk mai mult de 30 secunde
L 02/15/2017 - 07:15:03: [slayafk.amxx] DarkWalkerz # DoNpAkaa a primit slay, deoarece a fost afk mai mult de 30 secunde
L 02/15/2017 - 07:15:43: [slayafk.amxx] DarkWalkerz # DoNpAkaa a primit slay, deoarece a fost afk mai mult de 30 secunde
L 02/15/2017 - 07:16:23: [slayafk.amxx] DarkWalkerz # DoNpAkaa a primit slay, deoarece a fost afk mai mult de 30 secunde
L 02/15/2017 - 07:17:03: [slayafk.amxx] DarkWalkerz # DoNpAkaa a primit slay, deoarece a fost afk mai mult de 30 secunde
L 02/15/2017 - 07:17:43: [slayafk.amxx] DarkWalkerz # DoNpAkaa a primit slay, deoarece a fost afk mai mult de 30 secunde
L 02/15/2017 - 07:18:23: [slayafk.amxx] DarkWalkerz # DoNpAkaa a primit slay, deoarece a fost afk mai mult de 30 secunde
L 02/15/2017 - 07:19:03: [slayafk.amxx] DarkWalkerz # DoNpAkaa a primit slay, deoarece a fost afk mai mult de 30 secunde
L 02/15/2017 - 07:19:43: [slayafk.amxx] DarkWalkerz # DoNpAkaa a primit slay, deoarece a fost afk mai mult de 30 secunde
L 02/15/2017 - 07:20:23: [slayafk.amxx] DarkWalkerz # DoNpAkaa a primit slay, deoarece a fost afk mai mult de 30 secunde
L 02/15/2017 - 07:21:03: [slayafk.amxx] DarkWalkerz # DoNpAkaa a primit slay, deoarece a fost afk mai mult de 30 secunde
L 02/15/2017 - 07:21:43: [slayafk.amxx] DarkWalkerz # DoNpAkaa a primit slay, deoarece a fost afk mai mult de 30 secunde
L 02/15/2017 - 07:22:23: [slayafk.amxx] DarkWalkerz # DoNpAkaa a primit slay, deoarece a fost afk mai mult de 30 secunde
L 02/15/2017 - 07:23:03: [slayafk.amxx] DarkWalkerz # DoNpAkaa a primit slay, deoarece a fost afk mai mult de 30 secunde
L 02/15/2017 - 07:23:43: [slayafk.amxx] DarkWalkerz # DoNpAkaa a primit slay, deoarece a fost afk mai mult de 30 secunde
L 02/15/2017 - 07:24:23: [slayafk.amxx] DarkWalkerz # DoNpAkaa a primit slay, deoarece a fost afk mai mult de 30 secunde
L 02/15/2017 - 07:25:03: [slayafk.amxx] DarkWalkerz # DoNpAkaa a primit slay, deoarece a fost afk mai mult de 30 secunde
L 02/15/2017 - 07:25:43: [slayafk.amxx] DarkWalkerz # DoNpAkaa a primit slay, deoarece a fost afk mai mult de 30 secunde
L 02/15/2017 - 07:26:23: [slayafk.amxx] DarkWalkerz # DoNpAkaa a primit slay, deoarece a fost afk mai mult de 30 secunde
L 02/15/2017 - 07:27:03: [slayafk.amxx] DarkWalkerz # DoNpAkaa a primit slay, deoarece a fost afk mai mult de 30 secunde
L 02/15/2017 - 07:27:43: [slayafk.amxx] DarkWalkerz # DoNpAkaa a primit slay, deoarece a fost afk mai mult de 30 secunde
L 02/15/2017 - 07:28:23: [slayafk.amxx] DarkWalkerz # DoNpAkaa a primit slay, deoarece a fost afk mai mult de 30 secunde
L 02/15/2017 - 07:29:03: [slayafk.amxx] DarkWalkerz # DoNpAkaa a primit slay, deoarece a fost afk mai mult de 30 secunde
L 02/15/2017 - 07:29:43: [slayafk.amxx] DarkWalkerz # DoNpAkaa a primit slay, deoarece a fost afk mai mult de 30 secunde
L 02/15/2017 - 07:30:23: [slayafk.amxx] DarkWalkerz # DoNpAkaa a primit slay, deoarece a fost afk mai mult de 30 secunde
L 02/15/2017 - 07:31:03: [slayafk.amxx] DarkWalkerz # DoNpAkaa a primit slay, deoarece a fost afk mai mult de 30 secunde
L 02/15/2017 - 07:31:43: [slayafk.amxx] DarkWalkerz # DoNpAkaa a primit slay, deoarece a fost afk mai mult de 30 secunde
L 02/15/2017 - 07:32:23: [slayafk.amxx] DarkWalkerz # DoNpAkaa a primit slay, deoarece a fost afk mai mult de 30 secunde
L 02/15/2017 - 07:33:03: [slayafk.amxx] DarkWalkerz # DoNpAkaa a primit slay, deoarece a fost afk mai mult de 30 secunde
L 02/15/2017 - 07:33:43: [slayafk.amxx] DarkWalkerz # DoNpAkaa a primit slay, deoarece a fost afk mai mult de 30 secunde
L 02/15/2017 - 07:34:23: [slayafk.amxx] DarkWalkerz # DoNpAkaa a primit slay, deoarece a fost afk mai mult de 30 secunde
L 02/15/2017 - 07:35:03: [slayafk.amxx] DarkWalkerz # DoNpAkaa a primit slay, deoarece a fost afk mai mult de 30 secunde
L 02/15/2017 - 07:35:43: [slayafk.amxx] DarkWalkerz # DoNpAkaa a primit slay, deoarece a fost afk mai mult de 30 secunde
L 02/15/2017 - 07:36:23: [slayafk.amxx] DarkWalkerz # DoNpAkaa a primit slay, deoarece a fost afk mai mult de 30 secunde
L 02/15/2017 - 07:37:03: [slayafk.amxx] DarkWalkerz # DoNpAkaa a primit slay, deoarece a fost afk mai mult de 30 secunde
L 02/15/2017 - 07:37:06: -------- Mapchange to deathrun_cityhotel_v2 --------
L 02/15/2017 - 07:37:48: [slayafk.amxx] DarkWalkerz # DoNpAkaa a primit slay, deoarece a fost afk mai mult de 30 secunde
L 02/15/2017 - 07:38:28: [slayafk.amxx] DarkWalkerz # DoNpAkaa a primit slay, deoarece a fost afk mai mult de 30 secunde
L 02/15/2017 - 07:38:55: [admin.amxx] Login: "LoV3<408><STEAM_0:0:137776089><>" became an admin (account "LoV3") (access "bi") (address "109.102.38.10")
L 02/15/2017 - 07:39:08: [slayafk.amxx] DarkWalkerz # DoNpAkaa a primit slay, deoarece a fost afk mai mult de 30 secunde
L 02/15/2017 - 07:39:53: [slayafk.amxx] DarkWalkerz # DoNpAkaa a primit slay, deoarece a fost afk mai mult de 30 secunde
L 02/15/2017 - 07:40:13: [slayafk.amxx] LoV3 a primit slay, deoarece a fost afk mai mult de 30 secunde
L 02/15/2017 - 07:40:48: [slayafk.amxx] DarkWalkerz # DoNpAkaa a primit slay, deoarece a fost afk mai mult de 30 secunde
L 02/15/2017 - 07:41:23: [slayafk.amxx] LoV3 a primit slay, deoarece a fost afk mai mult de 30 secunde
L 02/15/2017 - 07:42:03: [slayafk.amxx] DarkWalkerz # DoNpAkaa a primit slay, deoarece a fost afk mai mult de 30 secunde
L 02/15/2017 - 07:42:33: [slayafk.amxx] LoV3 a primit slay, deoarece a fost afk mai mult de 30 secunde
L 02/15/2017 - 07:43:08: [slayafk.amxx] DarkWalkerz # DoNpAkaa a primit slay, deoarece a fost afk mai mult de 30 secunde
L 02/15/2017 - 07:43:43: [slayafk.amxx] LoV3 a primit slay, deoarece a fost afk mai mult de 30 secunde
L 02/15/2017 - 07:44:23: [slayafk.amxx] DarkWalkerz # DoNpAkaa a primit slay, deoarece a fost afk mai mult de 30 secunde
L 02/15/2017 - 07:44:53: [slayafk.amxx] LoV3 a primit slay, deoarece a fost afk mai mult de 30 secunde
L 02/15/2017 - 07:45:33: [slayafk.amxx] DarkWalkerz # DoNpAkaa a primit slay, deoarece a fost afk mai mult de 30 secunde
L 02/15/2017 - 07:46:08: [slayafk.amxx] LoV3 a primit slay, deoarece a fost afk mai mult de 30 secunde
L 02/15/2017 - 07:46:48: [slayafk.amxx] DarkWalkerz # DoNpAkaa a primit slay, deoarece a fost afk mai mult de 30 secunde
L 02/15/2017 - 07:47:38: [slayafk.amxx] LoV3 a primit slay, deoarece a fost afk mai mult de 30 secunde
L 02/15/2017 - 07:48:18: [slayafk.amxx] LoV3 a primit slay, deoarece a fost afk mai mult de 30 secunde
L 02/15/2017 - 07:48:48: [slayafk.amxx] DarkWalkerz # DoNpAkaa a primit slay, deoarece a fost afk mai mult de 30 secunde
L 02/15/2017 - 07:49:23: [slayafk.amxx] LoV3 a primit slay, deoarece a fost afk mai mult de 30 secunde
L 02/15/2017 - 07:50:03: [slayafk.amxx] DarkWalkerz # DoNpAkaa a primit slay, deoarece a fost afk mai mult de 30 secunde
L 02/15/2017 - 07:50:33: [slayafk.amxx] LoV3 a primit slay, deoarece a fost afk mai mult de 30 secunde
L 02/15/2017 - 07:51:13: [slayafk.amxx] DarkWalkerz # DoNpAkaa a primit slay, deoarece a fost afk mai mult de 30 secunde
L 02/15/2017 - 07:51:48: [slayafk.amxx] LoV3 a primit slay, deoarece a fost afk mai mult de 30 secunde
L 02/15/2017 - 07:52:23: [slayafk.amxx] DarkWalkerz # DoNpAkaa a primit slay, deoarece a fost afk mai mult de 30 secunde
L 02/15/2017 - 07:52:53: [slayafk.amxx] LoV3 a primit slay, deoarece a fost afk mai mult de 30 secunde
L 02/15/2017 - 07:53:28: [slayafk.amxx] DarkWalkerz # DoNpAkaa a primit slay, deoarece a fost afk mai mult de 30 secunde
L 02/15/2017 - 07:53:58: [slayafk.amxx] LoV3 a primit slay, deoarece a fost afk mai mult de 30 secunde
L 02/15/2017 - 07:54:38: [slayafk.amxx] DarkWalkerz # DoNpAkaa a primit slay, deoarece a fost afk mai mult de 30 secunde
L 02/15/2017 - 07:55:08: [slayafk.amxx] LoV3 a primit slay, deoarece a fost afk mai mult de 30 secunde
L 02/15/2017 - 07:55:43: [slayafk.amxx] DarkWalkerz # DoNpAkaa a primit slay, deoarece a fost afk mai mult de 30 secunde
L 02/15/2017 - 07:56:13: [slayafk.amxx] LoV3 a primit slay, deoarece a fost afk mai mult de 30 secunde
L 02/15/2017 - 07:56:48: [slayafk.amxx] DarkWalkerz # DoNpAkaa a primit slay, deoarece a fost afk mai mult de 30 secunde
L 02/15/2017 - 07:57:18: [slayafk.amxx] LoV3 a primit slay, deoarece a fost afk mai mult de 30 secunde
L 02/15/2017 - 07:57:58: [slayafk.amxx] DarkWalkerz # DoNpAkaa a primit slay, deoarece a fost afk mai mult de 30 secunde
L 02/15/2017 - 07:58:33: [slayafk.amxx] LoV3 a primit slay, deoarece a fost afk mai mult de 30 secunde
L 02/15/2017 - 07:59:08: [slayafk.amxx] DarkWalkerz # DoNpAkaa a primit slay, deoarece a fost afk mai mult de 30 secunde
L 02/15/2017 - 07:59:38: [slayafk.amxx] LoV3 a primit slay, deoarece a fost afk mai mult de 30 secunde
L 02/15/2017 - 08:00:18: [slayafk.amxx] DarkWalkerz # DoNpAkaa a primit slay, deoarece a fost afk mai mult de 30 secunde
L 02/15/2017 - 08:00:48: [slayafk.amxx] LoV3 a primit slay, deoarece a fost afk mai mult de 30 secunde
L 02/15/2017 - 08:01:23: [slayafk.amxx] DarkWalkerz # DoNpAkaa a primit slay, deoarece a fost afk mai mult de 30 secunde
L 02/15/2017 - 08:01:53: [slayafk.amxx] LoV3 a primit slay, deoarece a fost afk mai mult de 30 secunde
L 02/15/2017 - 08:02:38: [slayafk.amxx] DarkWalkerz # DoNpAkaa a primit slay, deoarece a fost afk mai mult de 30 secunde
L 02/15/2017 - 08:03:08: [slayafk.amxx] LoV3 a primit slay, deoarece a fost afk mai mult de 30 secunde
L 02/15/2017 - 08:03:48: [slayafk.amxx] DarkWalkerz # DoNpAkaa a primit slay, deoarece a fost afk mai mult de 30 secunde
L 02/15/2017 - 08:04:23: [slayafk.amxx] LoV3 a primit slay, deoarece a fost afk mai mult de 30 secunde
L 02/15/2017 - 08:05:03: [slayafk.amxx] DarkWalkerz # DoNpAkaa a primit slay, deoarece a fost afk mai mult de 30 secunde
L 02/15/2017 - 08:05:06: -------- Mapchange to deathrun_abtropicano2 --------
L 02/15/2017 - 08:05:09: [admin.amxx] Login: "LoV3<408><STEAM_0:0:137776089><>" became an admin (account "LoV3") (access "bi") (address "109.102.38.10")
L 02/15/2017 - 08:05:53: [slayafk.amxx] DarkWalkerz # DoNpAkaa a primit slay, deoarece a fost afk mai mult de 30 secunde
L 02/15/2017 - 08:05:58: [slayafk.amxx] LoV3 a primit slay, deoarece a fost afk mai mult de 30 secunde
L 02/15/2017 - 08:06:33: [slayafk.amxx] LoV3 a primit slay, deoarece a fost afk mai mult de 30 secunde
L 02/15/2017 - 08:06:43: [slayafk.amxx] DarkWalkerz # DoNpAkaa a primit slay, deoarece a fost afk mai mult de 30 secunde
L 02/15/2017 - 08:07:23: [slayafk.amxx] LoV3 a primit slay, deoarece a fost afk mai mult de 30 secunde
L 02/15/2017 - 08:07:58: [slayafk.amxx] DarkWalkerz # DoNpAkaa a primit slay, deoarece a fost afk mai mult de 30 secunde
L 02/15/2017 - 08:08:38: [slayafk.amxx] DarkWalkerz # DoNpAkaa a primit slay, deoarece a fost afk mai mult de 30 secunde
L 02/15/2017 - 08:08:48: [slayafk.amxx] LoV3 a primit slay, deoarece a fost afk mai mult de 30 secunde
L 02/15/2017 - 08:09:23: [slayafk.amxx] DarkWalkerz # DoNpAkaa a primit slay, deoarece a fost afk mai mult de 30 secunde
L 02/15/2017 - 08:09:53: [slayafk.amxx] LoV3 a primit slay, deoarece a fost afk mai mult de 30 secunde
L 02/15/2017 - 08:10:33: [slayafk.amxx] DarkWalkerz # DoNpAkaa a primit slay, deoarece a fost afk mai mult de 30 secunde
L 02/15/2017 - 08:11:03: [slayafk.amxx] LoV3 a primit slay, deoarece a fost afk mai mult de 30 secunde
L 02/15/2017 - 08:11:43: [slayafk.amxx] DarkWalkerz # DoNpAkaa a primit slay, deoarece a fost afk mai mult de 30 secunde
L 02/15/2017 - 08:12:13: [slayafk.amxx] LoV3 a primit slay, deoarece a fost afk mai mult de 30 secunde
L 02/15/2017 - 08:12:48: [slayafk.amxx] DarkWalkerz # DoNpAkaa a primit slay, deoarece a fost afk mai mult de 30 secunde
L 02/15/2017 - 08:13:18: [slayafk.amxx] LoV3 a primit slay, deoarece a fost afk mai mult de 30 secunde
L 02/15/2017 - 08:13:58: [slayafk.amxx] DarkWalkerz # DoNpAkaa a primit slay, deoarece a fost afk mai mult de 30 secunde
L 02/15/2017 - 08:14:28: [slayafk.amxx] LoV3 a primit slay, deoarece a fost afk mai mult de 30 secunde
L 02/15/2017 - 08:15:03: [slayafk.amxx] DarkWalkerz # DoNpAkaa a primit slay, deoarece a fost afk mai mult de 30 secunde
L 02/15/2017 - 08:15:38: [slayafk.amxx] LoV3 a primit slay, deoarece a fost afk mai mult de 30 secunde
L 02/15/2017 - 08:16:13: [slayafk.amxx] DarkWalkerz # DoNpAkaa a primit slay, deoarece a fost afk mai mult de 30 secunde
L 02/15/2017 - 08:16:43: [slayafk.amxx] LoV3 a primit slay, deoarece a fost afk mai mult de 30 secunde
L 02/15/2017 - 08:17:18: [slayafk.amxx] DarkWalkerz # DoNpAkaa a primit slay, deoarece a fost afk mai mult de 30 secunde
L 02/15/2017 - 08:17:48: [slayafk.amxx] LoV3 a primit slay, deoarece a fost afk mai mult de 30 secunde
L 02/15/2017 - 08:18:23: [slayafk.amxx] DarkWalkerz # DoNpAkaa a primit slay, deoarece a fost afk mai mult de 30 secunde
L 02/15/2017 - 08:18:53: [slayafk.amxx] LoV3 a primit slay, deoarece a fost afk mai mult de 30 secunde
L 02/15/2017 - 08:19:33: [slayafk.amxx] DarkWalkerz # DoNpAkaa a primit slay, deoarece a fost afk mai mult de 30 secunde
L 02/15/2017 - 08:20:08: [slayafk.amxx] LoV3 a primit slay, deoarece a fost afk mai mult de 30 secunde
L 02/15/2017 - 08:20:48: [slayafk.amxx] DarkWalkerz # DoNpAkaa a primit slay, deoarece a fost afk mai mult de 30 secunde
L 02/15/2017 - 08:21:23: [slayafk.amxx] LoV3 a primit slay, deoarece a fost afk mai mult de 30 secunde
L 02/15/2017 - 08:21:58: [slayafk.amxx] DarkWalkerz # DoNpAkaa a primit slay, deoarece a fost afk mai mult de 30 secunde
L 02/15/2017 - 08:22:33: [slayafk.amxx] LoV3 a primit slay, deoarece a fost afk mai mult de 30 secunde
L 02/15/2017 - 08:23:08: [slayafk.amxx] DarkWalkerz # DoNpAkaa a primit slay, deoarece a fost afk mai mult de 30 secunde
L 02/15/2017 - 08:23:43: [slayafk.amxx] LoV3 a primit slay, deoarece a fost afk mai mult de 30 secunde
L 02/15/2017 - 08:24:23: [slayafk.amxx] DarkWalkerz # DoNpAkaa a primit slay, deoarece a fost afk mai mult de 30 secunde
L 02/15/2017 - 08:24:58: [slayafk.amxx] LoV3 a primit slay, deoarece a fost afk mai mult de 30 secunde
L 02/15/2017 - 08:25:38: [slayafk.amxx] DarkWalkerz # DoNpAkaa a primit slay, deoarece a fost afk mai mult de 30 secunde
L 02/15/2017 - 08:26:13: [slayafk.amxx] LoV3 a primit slay, deoarece a fost afk mai mult de 30 secunde
L 02/15/2017 - 08:26:48: [slayafk.amxx] DarkWalkerz # DoNpAkaa a primit slay, deoarece a fost afk mai mult de 30 secunde
L 02/15/2017 - 08:27:23: [slayafk.amxx] LoV3 a primit slay, deoarece a fost afk mai mult de 30 secunde
L 02/15/2017 - 08:28:03: [slayafk.amxx] DarkWalkerz # DoNpAkaa a primit slay, deoarece a fost afk mai mult de 30 secunde
L 02/15/2017 - 08:28:38: [slayafk.amxx] LoV3 a primit slay, deoarece a fost afk mai mult de 30 secunde
L 02/15/2017 - 08:29:13: [slayafk.amxx] DarkWalkerz # DoNpAkaa a primit slay, deoarece a fost afk mai mult de 30 secunde
L 02/15/2017 - 08:29:48: [slayafk.amxx] LoV3 a primit slay, deoarece a fost afk mai mult de 30 secunde
L 02/15/2017 - 08:34:51: -------- Mapchange to deathrun_trap_canyon --------
L 02/15/2017 - 09:01:28: [slayafk.amxx] hackerul a primit slay, deoarece a fost afk mai mult de 30 secunde
L 02/15/2017 - 09:57:10: -------- Mapchange to deathrun_blabla_hard --------
L 02/15/2017 - 09:58:31: [slayafk.amxx] DarkWalkerz # DoNpAkaa a primit slay, deoarece a fost afk mai mult de 30 secunde
L 02/15/2017 - 09:59:41: [slayafk.amxx] DarkWalkerz # DoNpAkaa a primit slay, deoarece a fost afk mai mult de 30 secunde
L 02/15/2017 - 10:00:36: [slayafk.amxx] DarkWalkerz # DoNpAkaa a primit slay, deoarece a fost afk mai mult de 30 secunde
L 02/15/2017 - 10:02:11: [slayafk.amxx] DarkWalkerz # DoNpAkaa a primit slay, deoarece a fost afk mai mult de 30 secunde
L 02/15/2017 - 10:04:51: [slayafk.amxx] DarkWalkerz # DoNpAkaa a primit slay, deoarece a fost afk mai mult de 30 secunde
L 02/15/2017 - 10:11:39: [comp_timer2.amxx] Error on query: You have an error in your SQL syntax; check the manual that corresponds to your MySQL server version for the right syntax to use near 's' AND Map = 'deathrun_blabla_hard'' at line 1
L 02/15/2017 - 10:11:39: [comp_timer2.amxx] FailState == TQUERY_QUERY_FAILED, Query failed.
L 02/15/2017 - 10:14:31: [slayafk.amxx] DarkWalkerz # DoNpAkaa a primit slay, deoarece a fost afk mai mult de 30 secunde
L 02/15/2017 - 10:15:51: [slayafk.amxx] DarkWalkerz # DoNpAkaa a primit slay, deoarece a fost afk mai mult de 30 secunde
L 02/15/2017 - 10:17:06: [slayafk.amxx] DarkWalkerz # DoNpAkaa a primit slay, deoarece a fost afk mai mult de 30 secunde
L 02/15/2017 - 10:19:20: [admin.amxx] Login: "joki<442><STEAM_0:1:189984113><>" became an admin (account "joki") (access "bit") (address "5.12.63.146")
L 02/15/2017 - 10:19:22: [admin.amxx] Login: "joki<443><STEAM_0:1:189984113><>" became an admin (account "joki") (access "bit") (address "5.12.63.146")
L 02/15/2017 - 10:20:11: [slayafk.amxx] DarkWalkerz # DoNpAkaa a primit slay, deoarece a fost afk mai mult de 30 secunde
L 02/15/2017 - 10:22:31: [slayafk.amxx] DarkWalkerz # DoNpAkaa a primit slay, deoarece a fost afk mai mult de 30 secunde
L 02/15/2017 - 10:27:01: [slayafk.amxx] DarkWalkerz # DoNpAkaa a primit slay, deoarece a fost afk mai mult de 30 secunde
L 02/15/2017 - 10:28:29: -------- Mapchange to deathrun_massive --------
L 02/15/2017 - 11:03:06: -------- Mapchange to deathrun_green_h2_final --------
L 02/15/2017 - 11:07:04: [admincmd.amxx] Cmd: "Dr.FioriGinal.Ro ~ Server Clasi<0><><>" slay "BlackSteel # Mihai<467><STEAM_0:0:490084988><>"
L 02/15/2017 - 11:08:17: [admincmd.amxx] Cmd: "Dr.FioriGinal.Ro ~ Server Clasi<0><><>" slay "xTrusT.<473><STEAM_0:0:363435534><>"
L 02/15/2017 - 11:09:11: [admincmd.amxx] Cmd: "Dr.FioriGinal.Ro ~ Server Clasi<0><><>" slay "xTrusT.<476><STEAM_0:0:363435534><>"
L 02/15/2017 - 11:10:17: [admincmd.amxx] Cmd: "Dr.FioriGinal.Ro ~ Server Clasi<0><><>" slay "xTrusT.<477><STEAM_0:0:363435534><>"
L 02/15/2017 - 11:55:35: -------- Mapchange to deathrun_abstract --------
L 02/15/2017 - 11:56:52: [admincmd.amxx] Cmd: "Dr.FioriGinal.Ro ~ Server Clasi<0><><>" slay "Mr.CAT<490><STEAM_0:0:2115059926><>"
L 02/15/2017 - 12:23:00: [admincmd.amxx] Cmd: "Dr.FioriGinal.Ro ~ Server Clasi<0><><>" slay "iCristiano<495><STEAM_0:0:1544956376><>"
L 02/15/2017 - 12:45:23: -------- Mapchange to deathrun_coolf2 --------
L 02/15/2017 - 12:46:30: [slayafk.amxx] DarkWalkerz # DoNpAkaa a primit slay, deoarece a fost afk mai mult de 30 secunde
L 02/15/2017 - 12:47:05: [slayafk.amxx] DarkWalkerz # DoNpAkaa a primit slay, deoarece a fost afk mai mult de 30 secunde
L 02/15/2017 - 12:49:45: [slayafk.amxx] DarkWalkerz # DoNpAkaa a primit slay, deoarece a fost afk mai mult de 30 secunde
L 02/15/2017 - 12:54:10: [slayafk.amxx] DarkWalkerz # DoNpAkaa a primit slay, deoarece a fost afk mai mult de 30 secunde
L 02/15/2017 - 13:13:14: -------- Mapchange to deathrun_coolf_3 --------
L 02/15/2017 - 13:19:46: [slayafk.amxx] good a primit slay, deoarece a fost afk mai mult de 30 secunde
L 02/15/2017 - 13:24:51: [slayafk.amxx] DarkWalkerz # DoNpAkaa a primit slay, deoarece a fost afk mai mult de 30 secunde
L 02/15/2017 - 13:25:46: [slayafk.amxx] DarkWalkerz # DoNpAkaa a primit slay, deoarece a fost afk mai mult de 30 secunde
L 02/15/2017 - 13:28:11: [slayafk.amxx] DarkWalkerz # DoNpAkaa a primit slay, deoarece a fost afk mai mult de 30 secunde
L 02/15/2017 - 13:28:11: [slayafk.amxx] GreeN a primit slay, deoarece a fost afk mai mult de 30 secunde
L 02/15/2017 - 13:30:56: [slayafk.amxx] DarkWalkerz # DoNpAkaa a primit slay, deoarece a fost afk mai mult de 30 secunde
L 02/15/2017 - 13:32:46: [slayafk.amxx] DarkWalkerz # DoNpAkaa a primit slay, deoarece a fost afk mai mult de 30 secunde
L 02/15/2017 - 13:34:06: [slayafk.amxx] DarkWalkerz # DoNpAkaa a primit slay, deoarece a fost afk mai mult de 30 secunde
L 02/15/2017 - 13:35:45: [admincmd.amxx] Cmd: "Dr.FioriGinal.Ro ~ Server Clasi<0><><>" slay "A$AP Rocky<552><STEAM_0:0:1960989564><>"
L 02/15/2017 - 13:36:06: [slayafk.amxx] DarkWalkerz # DoNpAkaa a primit slay, deoarece a fost afk mai mult de 30 secunde
L 02/15/2017 - 13:37:31: [slayafk.amxx] DarkWalkerz # DoNpAkaa a primit slay, deoarece a fost afk mai mult de 30 secunde
L 02/15/2017 - 13:39:06: [slayafk.amxx] DarkWalkerz # DoNpAkaa a primit slay, deoarece a fost afk mai mult de 30 secunde
L 02/15/2017 - 13:39:49: -------- Mapchange to deathrun_air_final --------
L 02/15/2017 - 13:57:52: [admin.amxx] Login: "-rTg|maEsTrOo<582><STEAM_0:1:154430568><>" became an admin (account "-rTg|maEsTrOo") (access "bit") (address "89.123.68.3")
L 02/15/2017 - 14:05:20: -------- Mapchange to deathrun_cliff --------
L 02/15/2017 - 14:05:38: [admin.amxx] Login: "-rTg|maEsTrOo<590><STEAM_0:1:154430568><>" became an admin (account "-rTg|maEsTrOo") (access "bit") (address "89.123.68.3")
L 02/15/2017 - 14:16:20: [adminchat.amxx] Chat: "Pyky<591><VALVE_0:4:1494801266><>" chat "=]]"
L 02/15/2017 - 14:18:51: [admincmd.amxx] Cmd: "-rTg|maEsTrOo<590><STEAM_0:1:154430568><>" ask for players list
L 02/15/2017 - 14:30:57: -------- Mapchange to deathrun_arabrun_v1 --------
L 02/15/2017 - 14:42:31: [admincmd.amxx] Cmd: "Dr.FioriGinal.Ro ~ Server Clasi<0><><>" slay "DeVo<617><VALVE_0:4:1543031419><>"
L 02/15/2017 - 15:03:19: [slayafk.amxx] DarkWalkerz # DoNpAkaa a primit slay, deoarece a fost afk mai mult de 30 secunde
L 02/15/2017 - 15:04:59: -------- Mapchange to deathrun_surf --------
L 02/15/2017 - 15:31:08: -------- Mapchange to deathrun_hard_cspgames2 --------
L 02/15/2017 - 15:41:10: [slayafk.amxx] DarkWalkerz # DoNpAkaa a primit slay, deoarece a fost afk mai mult de 30 secunde
L 02/15/2017 - 15:45:40: [slayafk.amxx] DarkWalkerz # DoNpAkaa a primit slay, deoarece a fost afk mai mult de 30 secunde
L 02/15/2017 - 15:58:15: -------- Mapchange to deathrun_bom2 --------
L 02/15/2017 - 16:02:04: [admincmd.amxx] Cmd: "Dr.FioriGinal.Ro ~ Server Clasi<0><><>" slay "Jumper|TryNova22<693><VALVE_0:4:1289354498><>"
L 02/15/2017 - 16:11:12: [slayafk.amxx] ReD^X^ a primit slay, deoarece a fost afk mai mult de 30 secunde
L 02/15/2017 - 16:26:57: -------- Mapchange to deathrun_bhopz_v2 --------
L 02/15/2017 - 16:27:46: [admin.amxx] Login: "SWAGGIE. XD<716><VALVE_0:4:862961770><>" became an admin (account "SWAGGIE. XD") (access "bi") (address "109.98.131.207")
L 02/15/2017 - 16:57:29: -------- Mapchange to deathrun_hertz --------
L 02/15/2017 - 16:58:06: [slayafk.amxx] DarkWalkerz # DoNpAkaa a primit slay, deoarece a fost afk mai mult de 30 secunde
L 02/15/2017 - 16:58:41: [slayafk.amxx] DarkWalkerz # DoNpAkaa a primit slay, deoarece a fost afk mai mult de 30 secunde
L 02/15/2017 - 16:59:46: [slayafk.amxx] DarkWalkerz # DoNpAkaa a primit slay, deoarece a fost afk mai mult de 30 secunde
L 02/15/2017 - 17:00:46: [slayafk.amxx] DarkWalkerz # DoNpAkaa a primit slay, deoarece a fost afk mai mult de 30 secunde
L 02/15/2017 - 17:04:06: [slayafk.amxx] DarkWalkerz # DoNpAkaa a primit slay, deoarece a fost afk mai mult de 30 secunde
L 02/15/2017 - 17:07:21: [slayafk.amxx] ReD^X^ a primit slay, deoarece a fost afk mai mult de 30 secunde
L 02/15/2017 - 17:08:01: [slayafk.amxx] DarkWalkerz # DoNpAkaa a primit slay, deoarece a fost afk mai mult de 30 secunde
L 02/15/2017 - 17:15:31: [slayafk.amxx] DarkWalkerz # DoNpAkaa a primit slay, deoarece a fost afk mai mult de 30 secunde
L 02/15/2017 - 17:17:26: [slayafk.amxx] DarkWalkerz # DoNpAkaa a primit slay, deoarece a fost afk mai mult de 30 secunde
L 02/15/2017 - 17:18:41: [slayafk.amxx] DarkWalkerz # DoNpAkaa a primit slay, deoarece a fost afk mai mult de 30 secunde
L 02/15/2017 - 17:21:26: [slayafk.amxx] DarkWalkerz # DoNpAkaa a primit slay, deoarece a fost afk mai mult de 30 secunde
L 02/15/2017 - 17:23:41: -------- Mapchange to deathrun_minimalism_beta2 --------
L 02/15/2017 - 17:24:03: [admincmd.amxx] Cmd: "Dr.FioriGinal.Ro ~ Server Clasi<0><><>" slay "ReD^X^<764><STEAM_0:0:79309139><>"
L 02/15/2017 - 17:37:36: [admin.amxx] Login: "J.Smith<781><STEAM_0:0:59563675><>" became an admin (account "J.Smith") (access "bi") (address "109.185.5.238")
L 02/15/2017 - 17:40:55: [admincmd.amxx] Cmd: "J.Smith<781><STEAM_0:0:59563675><>" ask for players list
L 02/15/2017 - 17:47:35: [mapsmenu.amxx] Vote: "J.Smith<781><STEAM_0:0:59563675><>" vote maps (map#1 "deathrun_long_run") (map#2 "deathrun_forest2_final") (map#3 "") (map#4 "")
L 02/15/2017 - 17:47:47: [mapsmenu.amxx] Vote: Voting successful. Map will be changed to deathrun_long_run
L 02/15/2017 - 17:50:17: -------- Mapchange to deathrun_long_run --------
L 02/15/2017 - 17:50:20: [admin.amxx] Login: "J.Smith<781><STEAM_0:0:59563675><>" became an admin (account "J.Smith") (access "bi") (address "109.185.5.238")
L 02/15/2017 - 17:50:49: [admincmd.amxx] Cmd: "Dr.FioriGinal.Ro ~ Server Clasi<0><><>" slay "Roby agent 007<798><STEAM_0:0:231966244><>"
L 02/15/2017 - 17:50:55: [slayafk.amxx] DarkWalkerz # DoNpAkaa a primit slay, deoarece a fost afk mai mult de 30 secunde
L 02/15/2017 - 17:50:55: [slayafk.amxx] Zetox a primit slay, deoarece a fost afk mai mult de 30 secunde
L 02/15/2017 - 17:51:30: [slayafk.amxx] DarkWalkerz # DoNpAkaa a primit slay, deoarece a fost afk mai mult de 30 secunde
L 02/15/2017 - 17:51:30: [slayafk.amxx] Zetox a primit slay, deoarece a fost afk mai mult de 30 secunde
L 02/15/2017 - 17:52:30: [slayafk.amxx] DarkWalkerz # DoNpAkaa a primit slay, deoarece a fost afk mai mult de 30 secunde
L 02/15/2017 - 17:52:30: [slayafk.amxx] Zetox a primit slay, deoarece a fost afk mai mult de 30 secunde
L 02/15/2017 - 17:52:54: [admin.amxx] Login: "EvolGeniuS - ThE king#<800><STEAM_0:1:84045719><>" became an admin (account "EvolGeniuS - ThE king#") (access "bi") (address "5.14.179.29")
L 02/15/2017 - 17:53:30: [slayafk.amxx] DarkWalkerz # DoNpAkaa a primit slay, deoarece a fost afk mai mult de 30 secunde
L 02/15/2017 - 17:53:30: [slayafk.amxx] Zetox a primit slay, deoarece a fost afk mai mult de 30 secunde
L 02/15/2017 - 17:54:40: [slayafk.amxx] DarkWalkerz # DoNpAkaa a primit slay, deoarece a fost afk mai mult de 30 secunde
L 02/15/2017 - 17:55:27: [admin.amxx] Login: "-rTg|maEsTrOo<803><STEAM_0:1:154430568><>" became an admin (account "-rTg|maEsTrOo") (access "bit") (address "89.123.68.3")
L 02/15/2017 - 17:57:34: [admin.amxx] Login: "Panda<804><STEAM_0:0:126187006><>" kicked due to invalid password (account "Panda") (address "92.82.198.233")
L 02/15/2017 - 17:57:40: [slayafk.amxx] DarkWalkerz # DoNpAkaa a primit slay, deoarece a fost afk mai mult de 30 secunde
L 02/15/2017 - 17:57:47: [admin.amxx] Login: "Panda<805><STEAM_0:0:126187006><>" became an admin (account "Panda") (access "bi") (address "92.82.198.233")
L 02/15/2017 - 17:59:50: [slayafk.amxx] DarkWalkerz # DoNpAkaa a primit slay, deoarece a fost afk mai mult de 30 secunde
L 02/15/2017 - 18:01:00: [slayafk.amxx] DarkWalkerz # DoNpAkaa a primit slay, deoarece a fost afk mai mult de 30 secunde
L 02/15/2017 - 18:02:10: [slayafk.amxx] DarkWalkerz # DoNpAkaa a primit slay, deoarece a fost afk mai mult de 30 secunde
L 02/15/2017 - 18:04:00: [slayafk.amxx] DarkWalkerz # DoNpAkaa a primit slay, deoarece a fost afk mai mult de 30 secunde
L 02/15/2017 - 18:08:25: [slayafk.amxx] DarkWalkerz # DoNpAkaa a primit slay, deoarece a fost afk mai mult de 30 secunde
L 02/15/2017 - 18:09:50: [slayafk.amxx] DarkWalkerz # DoNpAkaa a primit slay, deoarece a fost afk mai mult de 30 secunde
L 02/15/2017 - 18:13:25: [slayafk.amxx] DarkWalkerz # DoNpAkaa a primit slay, deoarece a fost afk mai mult de 30 secunde
L 02/15/2017 - 18:15:55: [slayafk.amxx] DarkWalkerz # DoNpAkaa a primit slay, deoarece a fost afk mai mult de 30 secunde
L 02/15/2017 - 18:20:13: -------- Mapchange to deathrun_snow_wind --------
L 02/15/2017 - 18:20:16: [admin.amxx] Login: "EvolGeniuS - ThE king#<800><STEAM_0:1:84045719><>" became an admin (account "EvolGeniuS - ThE king#") (access "bi") (address "5.14.179.29")
L 02/15/2017 - 18:20:16: [admin.amxx] Login: "-rTg|maEsTrOo<803><STEAM_0:1:154430568><>" became an admin (account "-rTg|maEsTrOo") (access "bit") (address "89.123.68.3")
L 02/15/2017 - 18:20:16: [admin.amxx] Login: "Panda<805><STEAM_0:0:126187006><>" became an admin (account "Panda") (access "bi") (address "92.82.198.233")
L 02/15/2017 - 18:20:16: [admin.amxx] Login: "DarkWalkerz # DoNpAkaa<559><STEAM_0:0:55531607><>" kicked due to invalid password (account "DarkWalkerz # DoNpAkaa") (address "79.119.91.47")
L 02/15/2017 - 18:20:17: [admin.amxx] Login: "Panda<821><STEAM_0:0:126187006><>" became an admin (account "Panda") (access "bi") (address "92.82.198.233")
L 02/15/2017 - 18:20:18: [admin.amxx] Login: "EvolGeniuS - ThE king#<822><STEAM_0:1:84045719><>" became an admin (account "EvolGeniuS - ThE king#") (access "bi") (address "5.14.179.29")
L 02/15/2017 - 18:20:18: [admin.amxx] Login: "-rTg|maEsTrOo<824><STEAM_0:1:154430568><>" became an admin (account "-rTg|maEsTrOo") (access "bit") (address "89.123.68.3")
L 02/15/2017 - 18:20:27: [admin.amxx] Login: "Spectru<819><STEAM_0:1:191882096><>" became an admin (account "Spectru") (access "bi") (address "86.123.236.158")
L 02/15/2017 - 18:28:09: [admin.amxx] Login: "|LOL|XXX<838><STEAM_0:1:24069958><>" became an admin (account "|LOL|XXX") (access "bi") (address "5.15.81.9")
L 02/15/2017 - 18:28:11: [admin.amxx] Login: "|LOL|XXX<839><STEAM_0:1:24069958><>" became an admin (account "|LOL|XXX") (access "bi") (address "5.15.81.9")
L 02/15/2017 - 18:29:10: [admin.amxx] Login: "Joker$*<842><VALVE_0:4:1231739250><>" became an admin (account "Joker$*") (access "bi") (address "92.80.137.59")
L 02/15/2017 - 18:29:12: [admin.amxx] Login: "Joker$*<843><VALVE_0:4:1231739250><>" became an admin (account "Joker$*") (access "bi") (address "92.80.137.59")
L 02/15/2017 - 18:30:19: [adminchat.amxx] Chat: "Joker$*<843><VALVE_0:4:1231739250><>" say "donpaka.. codat ? =))"
L 02/15/2017 - 18:37:14: [adminchat.amxx] Chat: "Joker$*<843><VALVE_0:4:1231739250><>" say "nu"
L 02/15/2017 - 18:39:19: [adminchat.amxx] Chat: "Joker$*<843><VALVE_0:4:1231739250><>" say "toata ziua il vorbiti pe donpaka.. il banati si am terminat discutia"
L 02/15/2017 - 18:39:45: [adminchat.amxx] Chat: "Joker$*<843><VALVE_0:4:1231739250><>" say "flux"
L 02/15/2017 - 18:39:54: [admin.amxx] Login: "Panda<856><STEAM_0:0:126187006><>" became an admin (account "Panda") (access "bi") (address "92.82.198.233")
L 02/15/2017 - 18:39:55: [adminchat.amxx] Chat: "Joker$*<843><VALVE_0:4:1231739250><>" say "daca mai aveam gradul te banam eu"
L 02/15/2017 - 18:40:20: [adminchat.amxx] Chat: "Joker$*<843><VALVE_0:4:1231739250><>" say "nicio sansa"
L 02/15/2017 - 18:41:00: [adminchat.amxx] Chat: "Joker$*<843><VALVE_0:4:1231739250><>" say "da.. am vorbit cu el"
L 02/15/2017 - 18:42:08: [admin.amxx] Login: "FAKE ^^<863><STEAM_0:0:334408724><>" became an admin (account "FAKE ^^") (access "bit") (address "95.76.0.252")
L 02/15/2017 - 18:42:12: [admin.amxx] Login: "FAKE ^^<864><STEAM_0:0:334408724><>" became an admin (account "FAKE ^^") (access "bit") (address "95.76.0.252")
L 02/15/2017 - 18:42:32: [adminchat.amxx] Chat: "Joker$*<843><VALVE_0:4:1231739250><>" say "muta portalu ?"
L 02/15/2017 - 18:43:54: [mapsmenu.amxx] Vote: "Spectru<819><STEAM_0:1:191882096><>" vote maps (map#1 "deathrun_clarion_dojo_b3") (map#2 "deathrun_arabrun_v1") (map#3 "") (map#4 "")
L 02/15/2017 - 18:44:07: [mapsmenu.amxx] Vote: Voting successful. Map will be changed to deathrun_clarion_dojo_b3
L 02/15/2017 - 18:44:41: [adminchat.amxx] Chat: "Joker$*<843><VALVE_0:4:1231739250><>" say "arrrrr.. evol"
L 02/15/2017 - 18:44:48: [adminchat.amxx] Chat: "Joker$*<843><VALVE_0:4:1231739250><>" say "de ce esti rrrrau ?"
L 02/15/2017 - 18:46:20: -------- Mapchange to deathrun_clarion_dojo_b3 --------
L 02/15/2017 - 18:46:23: [admin.amxx] Login: "FAKE ^^<864><STEAM_0:0:334408724><>" became an admin (account "FAKE ^^") (access "bit") (address "95.76.0.252")
L 02/15/2017 - 18:46:23: [admin.amxx] Login: "Joker$*<843><VALVE_0:4:1231739250><>" became an admin (account "Joker$*") (access "bi") (address "92.80.137.59")
L 02/15/2017 - 18:46:23: [admin.amxx] Login: "EvolGeniuS - ThE king#<822><STEAM_0:1:84045719><>" became an admin (account "EvolGeniuS - ThE king#") (access "bi") (address "5.14.179.29")
L 02/15/2017 - 18:46:23: [admin.amxx] Login: "-rTg|maEsTrOo<824><STEAM_0:1:154430568><>" became an admin (account "-rTg|maEsTrOo") (access "bit") (address "89.123.68.3")
L 02/15/2017 - 18:46:23: [admin.amxx] Login: "Panda<856><STEAM_0:0:126187006><>" became an admin (account "Panda") (access "bi") (address "92.82.198.233")
L 02/15/2017 - 18:46:25: [admin.amxx] Login: "Panda<872><STEAM_0:0:126187006><>" became an admin (account "Panda") (access "bi") (address "92.82.198.233")
L 02/15/2017 - 18:46:34: [admin.amxx] Login: "|LOL|XXX<877><STEAM_0:1:24069958><>" became an admin (account "|LOL|XXX") (access "bi") (address "5.15.81.9")
L 02/15/2017 - 18:46:54: [plmenu.amxx] Cmd: "|LOL|XXX<877><STEAM_0:1:24069958><>" transfer "|LOL|XXX<877><STEAM_0:1:24069958><>" (team "CT")
L 02/15/2017 - 18:46:59: [adminchat.amxx] Chat: "Joker$*<843><VALVE_0:4:1231739250><>" say "bad ass.."
L 02/15/2017 - 18:47:05: [admin.amxx] Login: "seconD ;HNSk<878><STEAM_0:1:39271980><>" became an admin (account "seconD ;HNSk") (access "bi") (address "92.80.89.92")
L 02/15/2017 - 18:47:07: [admin.amxx] Login: "seconD ;HNSk<879><STEAM_0:1:39271980><>" became an admin (account "seconD ;HNSk") (access "bi") (address "92.80.89.92")
L 02/15/2017 - 18:47:12: [admin.amxx] Login: "|LOL|XXX<880><STEAM_0:1:24069958><>" became an admin (account "|LOL|XXX") (access "bi") (address "5.15.81.9")
L 02/15/2017 - 18:47:16: [adminchat.amxx] Chat: "Joker$*<843><VALVE_0:4:1231739250><>" say "scot 1.40 full sw"
L 02/15/2017 - 18:47:31: [plmenu.amxx] Cmd: "|LOL|XXX<880><STEAM_0:1:24069958><>" transfer "EvolGeniuS - ThE king#<822><STEAM_0:1:84045719><>" (team "SPECTATOR")
L 02/15/2017 - 18:48:07: [admin.amxx] Login: "joki<881><STEAM_0:1:189984113><>" became an admin (account "joki") (access "bit") (address "5.12.63.146")
L 02/15/2017 - 18:48:08: [admin.amxx] Login: "joki<882><STEAM_0:1:189984113><>" became an admin (account "joki") (access "bit") (address "5.12.63.146")
L 02/15/2017 - 18:49:15: [admincmd.amxx] Cmd: "Joker$*<843><VALVE_0:4:1231739250><>" slay "FLVXSOW;[<870><STEAM_0:0:77647261><>"
L 02/15/2017 - 18:49:26: [admincmd.amxx] Cmd: "Joker$*<843><VALVE_0:4:1231739250><>" slay "FLVXSOW;[<870><STEAM_0:0:77647261><>"
L 02/15/2017 - 18:51:41: [admin.amxx] Login: "ZALE<885><STEAM_0:0:179153939><>" became an admin (account "zale") (access "bit") (address "109.101.58.235")
L 02/15/2017 - 18:51:44: [admin.amxx] Login: "ZALE<886><STEAM_0:0:179153939><>" became an admin (account "zale") (access "bit") (address "109.101.58.235")
L 02/15/2017 - 18:51:52: [adminchat.amxx] Chat: "Joker$*<843><VALVE_0:4:1231739250><>" say "deci nu ai facut cerere _"
L 02/15/2017 - 18:51:56: [adminchat.amxx] Chat: "seconD ;HNSk<879><STEAM_0:1:39271980><>" chat "nu"
L 02/15/2017 - 18:52:02: [adminchat.amxx] Chat: "seconD ;HNSk<879><STEAM_0:1:39271980><>" chat "nu"
L 02/15/2017 - 18:52:17: [adminchat.amxx] Chat: "Joker$*<843><VALVE_0:4:1231739250><>" say "hooo... "
L 02/15/2017 - 18:52:41: [adminchat.amxx] Chat: "Joker$*<843><VALVE_0:4:1231739250><>" say "next warm.. la urma incepi, ok _"
L 02/15/2017 - 18:52:46: [adminchat.amxx] Chat: "Panda<872><STEAM_0:0:126187006><>" chat "Ok"
L 02/15/2017 - 18:52:56: [adminchat.amxx] Chat: "seconD ;HNSk<879><STEAM_0:1:39271980><>" chat "hok"
L 02/15/2017 - 18:52:58: [adminchat.amxx] Chat: "seconD ;HNSk<879><STEAM_0:1:39271980><>" chat "jok"
L 02/15/2017 - 18:53:03: [plmenu.amxx] Cmd: "|LOL|XXX<880><STEAM_0:1:24069958><>" transfer "|LOL|XXX<880><STEAM_0:1:24069958><>" (team "SPECTATOR")
L 02/15/2017 - 18:53:15: [adminchat.amxx] Chat: "Panda<872><STEAM_0:0:126187006><>" chat "warm ac>"
L 02/15/2017 - 18:53:23: [admin.amxx] Login: "EvolGeniuS - ThE king#<887><STEAM_0:1:84045719><>" became an admin (account "EvolGeniuS - ThE king#") (access "bi") (address "5.14.179.29")
L 02/15/2017 - 18:53:29: [admincmd.amxx] Cmd: "Dr.FioriGinal.Ro ~ Server Clasi<0><><>" slay "EvolGeniuS - ThE king#<887><STEAM_0:1:84045719><>"
L 02/15/2017 - 18:53:42: [admin.amxx] Login: "EvolGeniuS - ThE king#<888><STEAM_0:1:84045719><>" became an admin (account "EvolGeniuS - ThE king#") (access "bi") (address "5.14.179.29")
L 02/15/2017 - 18:54:31: [plmenu.amxx] Cmd: "|LOL|XXX<880><STEAM_0:1:24069958><>" transfer "|LOL|XXX<880><STEAM_0:1:24069958><>" (team "CT")
L 02/15/2017 - 18:54:37: [admin.amxx] Login: "|LOL|XXX<889><STEAM_0:1:24069958><>" became an admin (account "|LOL|XXX") (access "bi") (address "5.15.81.9")
L 02/15/2017 - 18:54:44: [adminchat.amxx] Chat: "Joker$*<843><VALVE_0:4:1231739250><>" say "va dau eu hack..."
L 02/15/2017 - 18:54:49: [adminchat.amxx] Chat: "Panda<872><STEAM_0:0:126187006><>" chat "Gata?"
L 02/15/2017 - 18:54:52: [adminchat.amxx] Chat: "Panda<872><STEAM_0:0:126187006><>" chat "joker"
L 02/15/2017 - 18:54:57: [adminchat.amxx] Chat: "Joker$*<843><VALVE_0:4:1231739250><>" say "mai baga o runda.."
L 02/15/2017 - 18:55:04: [adminchat.amxx] Chat: "Joker$*<843><VALVE_0:4:1231739250><>" say "si incearca s-o faci"
L 02/15/2017 - 18:55:25: [adminchat.amxx] Chat: "joki<882><STEAM_0:1:189984113><>" chat " despre ce e vorba? :O"
L 02/15/2017 - 18:55:32: [adminchat.amxx] Chat: "Joker$*<843><VALVE_0:4:1231739250><>" say "dai toate astea ?"
L 02/15/2017 - 18:55:56: [adminchat.amxx] Chat: "Joker$*<843><VALVE_0:4:1231739250><>" say "i want to play"
L 02/15/2017 - 18:57:40: [adminchat.amxx] Chat: "Panda<872><STEAM_0:0:126187006><>" chat "Lol"
L 02/15/2017 - 18:57:47: [adminchat.amxx] Chat: "Panda<872><STEAM_0:0:126187006><>" chat "am murit la tepi cand sa sar la tero"
L 02/15/2017 - 18:58:08: [admin.amxx] Login: "-rTg|maEsTrOo<892><STEAM_0:1:154430568><>" became an admin (account "-rTg|maEsTrOo") (access "bit") (address "89.123.68.3")
L 02/15/2017 - 18:58:14: [admincmd.amxx] Cmd: "Dr.FioriGinal.Ro ~ Server Clasi<0><><>" slay "-rTg|maEsTrOo<892><STEAM_0:1:154430568><>"
L 02/15/2017 - 18:58:17: [adminchat.amxx] Chat: "Joker$*<843><VALVE_0:4:1231739250><>" say "asteapta sa treaca respawn-ul"
L 02/15/2017 - 18:58:23: [adminchat.amxx] Chat: "Panda<872><STEAM_0:0:126187006><>" chat "Ok"
L 02/15/2017 - 18:58:43: [adminchat.amxx] Chat: "Panda<872><STEAM_0:0:126187006><>" chat "Gata?"
L 02/15/2017 - 18:58:49: [adminchat.amxx] Chat: "joki<882><STEAM_0:1:189984113><>" chat " ce faci?"
L 02/15/2017 - 18:58:53: [adminchat.amxx] Chat: "Panda<872><STEAM_0:0:126187006><>" chat "gata jokers?"
L 02/15/2017 - 18:59:03: [adminchat.amxx] Chat: "Panda<872><STEAM_0:0:126187006><>" chat "ma grabesc"
L 02/15/2017 - 18:59:22: [adminchat.amxx] Chat: "Joker$*<843><VALVE_0:4:1231739250><>" say "joaca lejer.. dar dai si tare :D"
L 02/15/2017 - 19:01:47: [adminchat.amxx] Chat: "Joker$*<843><VALVE_0:4:1231739250><>" say "oanda"
L 02/15/2017 - 19:01:49: [adminchat.amxx] Chat: "Joker$*<843><VALVE_0:4:1231739250><>" say "panda "
L 02/15/2017 - 19:01:50: [adminchat.amxx] Chat: "Panda<872><STEAM_0:0:126187006><>" chat "da?"
L 02/15/2017 - 19:01:55: [admin.amxx] Login: "-rTg|maEsTrOo<893><STEAM_0:1:154430568><>" became an admin (account "-rTg|maEsTrOo") (access "bit") (address "89.123.68.3")
L 02/15/2017 - 19:04:25: [adminchat.amxx] Chat: "Joker$*<843><VALVE_0:4:1231739250><>" say "pe aia scoti 30 de sec.. parca"
L 02/15/2017 - 19:04:45: [admincmd.amxx] Cmd: "Dr.FioriGinal.Ro ~ Server Clasi<0><><>" slay "Proxy.<896><STEAM_0:0:1179693161><>"
L 02/15/2017 - 19:04:48: [admincmd.amxx] Cmd: "Dr.FioriGinal.Ro ~ Server Clasi<0><><>" slay "=MIRE<897><VALVE_0:4:1165803626><>"
L 02/15/2017 - 19:07:04: [admin.amxx] Login: "-rTg|maEsTrOo<904><STEAM_0:1:154430568><>" became an admin (account "-rTg|maEsTrOo") (access "bit") (address "89.123.68.3")
L 02/15/2017 - 19:08:22: [admin.amxx] Login: "joki<908><STEAM_0:1:189984113><>" became an admin (account "joki") (access "bit") (address "5.12.63.146")
L 02/15/2017 - 19:08:28: [admincmd.amxx] Cmd: "Dr.FioriGinal.Ro ~ Server Clasi<0><><>" slay "joki<908><STEAM_0:1:189984113><>"
L 02/15/2017 - 19:09:47: [admincmd.amxx] Cmd: "Dr.FioriGinal.Ro ~ Server Clasi<0><><>" slay "FLVXSOW;[<911><STEAM_0:0:77647261><>"
L 02/15/2017 - 19:10:15: [mapsmenu.amxx] Vote: "Joker$*<843><VALVE_0:4:1231739250><>" vote maps (map#1 "deathrun_challenge_x") (map#2 "deathrun_arabrun_v1") (map#3 "deathrun_inferno_beta1") (map#4 "")
L 02/15/2017 - 19:10:18: [admin.amxx] Login: "-rTg|maEsTrOo<915><STEAM_0:1:154430568><>" became an admin (account "-rTg|maEsTrOo") (access "bit") (address "89.123.68.3")
L 02/15/2017 - 19:10:28: [mapsmenu.amxx] Vote: Voting successful. Map will be changed to deathrun_arabrun_v1
L 02/15/2017 - 19:11:31: [admin.amxx] Login: "-rTg|maEsTrOo<916><STEAM_0:1:154430568><>" became an admin (account "-rTg|maEsTrOo") (access "bit") (address "89.123.68.3")
L 02/15/2017 - 19:12:32: -------- Mapchange to deathrun_arabrun_v1 --------
L 02/15/2017 - 19:12:34: [admin.amxx] Login: "FAKE ^^<864><STEAM_0:0:334408724><>" became an admin (account "FAKE ^^") (access "bit") (address "95.76.0.252")
L 02/15/2017 - 19:12:34: [admin.amxx] Login: "Joker$*<843><VALVE_0:4:1231739250><>" became an admin (account "Joker$*") (access "bi") (address "92.80.137.59")
L 02/15/2017 - 19:12:34: [admin.amxx] Login: "|LOL|XXX<889><STEAM_0:1:24069958><>" became an admin (account "|LOL|XXX") (access "bi") (address "5.15.81.9")
L 02/15/2017 - 19:12:34: [admin.amxx] Login: "joki<908><STEAM_0:1:189984113><>" became an admin (account "joki") (access "bit") (address "5.12.63.146")
L 02/15/2017 - 19:12:35: [admin.amxx] Login: "FAKE ^^<917><STEAM_0:0:334408724><>" became an admin (account "FAKE ^^") (access "bit") (address "95.76.0.252")
L 02/15/2017 - 19:12:36: [admin.amxx] Login: "joki<918><STEAM_0:1:189984113><>" became an admin (account "joki") (access "bit") (address "5.12.63.146")
L 02/15/2017 - 19:13:28: [admin.amxx] Login: "J.Smith<924><STEAM_0:0:59563675><>" became an admin (account "J.Smith") (access "bi") (address "109.185.5.238")
L 02/15/2017 - 19:13:38: [admin.amxx] Login: "J.Smith<925><STEAM_0:0:59563675><>" became an admin (account "J.Smith") (access "bi") (address "109.185.5.238")
L 02/15/2017 - 19:14:49: [admin.amxx] Login: "-rTg|maEsTrOo<926><STEAM_0:1:154430568><>" became an admin (account "-rTg|maEsTrOo") (access "bit") (address "89.123.68.3")
L 02/15/2017 - 19:18:11: [admin.amxx] Login: "Panda<938><STEAM_0:0:126187006><>" became an admin (account "Panda") (access "bi") (address "92.82.198.233")
L 02/15/2017 - 19:18:14: [admin.amxx] Login: "Panda<939><STEAM_0:0:126187006><>" became an admin (account "Panda") (access "bi") (address "92.82.198.233")
L 02/15/2017 - 19:19:39: [telemenu.amxx] Cmd: "-rTg|maEsTrOo<926><STEAM_0:1:154430568><>" teleport "maketacke<912><STEAM_0:0:1715760849><>"
L 02/15/2017 - 19:20:24: [slayafk.amxx] FAKE ^^ a primit slay, deoarece a fost afk mai mult de 30 secunde
L 02/15/2017 - 19:21:02: [admin.amxx] Login: "Spectru<940><STEAM_0:1:191882096><>" became an admin (account "Spectru") (access "bi") (address "86.123.236.158")
L 02/15/2017 - 19:21:05: [admin.amxx] Login: "Spectru<941><STEAM_0:1:191882096><>" became an admin (account "Spectru") (access "bi") (address "86.123.236.158")
L 02/15/2017 - 19:22:59: [slayafk.amxx] FAKE ^^ a primit slay, deoarece a fost afk mai mult de 30 secunde
L 02/15/2017 - 19:25:09: [slayafk.amxx] |LOL|XXX a primit slay, deoarece a fost afk mai mult de 30 secunde
L 02/15/2017 - 19:27:44: [slayafk.amxx] FAKE ^^ a primit slay, deoarece a fost afk mai mult de 30 secunde
L 02/15/2017 - 19:29:24: [slayafk.amxx] FAKE ^^ a primit slay, deoarece a fost afk mai mult de 30 secunde
L 02/15/2017 - 19:30:44: [slayafk.amxx] DeVo a primit slay, deoarece a fost afk mai mult de 30 secunde
L 02/15/2017 - 19:32:14: [slayafk.amxx] DeVo a primit slay, deoarece a fost afk mai mult de 30 secunde
L 02/15/2017 - 19:32:54: [slayafk.amxx] |LOL|XXX a primit slay, deoarece a fost afk mai mult de 30 secunde
L 02/15/2017 - 19:34:29: [slayafk.amxx] adysialtele a primit slay, deoarece a fost afk mai mult de 30 secunde
L 02/15/2017 - 19:34:29: [slayafk.amxx] -rTg|maEsTrOo a primit slay, deoarece a fost afk mai mult de 30 secunde
L 02/15/2017 - 19:35:59: [slayafk.amxx] -rTg|maEsTrOo a primit slay, deoarece a fost afk mai mult de 30 secunde
L 02/15/2017 - 19:37:14: [slayafk.amxx] FAKE ^^ a primit slay, deoarece a fost afk mai mult de 30 secunde
L 02/15/2017 - 19:37:37: [mapsmenu.amxx] Vote: "J.Smith<925><STEAM_0:0:59563675><>" vote maps (map#1 "deathrun_skyzzar") (map#2 "deathrun_pizdabol2") (map#3 "") (map#4 "")
L 02/15/2017 - 19:37:50: [mapsmenu.amxx] Vote: Voting successful. Map will be changed to deathrun_skyzzar
L 02/15/2017 - 19:37:55: -------- Mapchange to deathrun_skyzzar --------
L 02/15/2017 - 19:37:58: [admin.amxx] Login: "J.Smith<925><STEAM_0:0:59563675><>" became an admin (account "J.Smith") (access "bi") (address "109.185.5.238")
L 02/15/2017 - 19:37:58: [admin.amxx] Login: "-rTg|maEsTrOo<926><STEAM_0:1:154430568><>" became an admin (account "-rTg|maEsTrOo") (access "bit") (address "89.123.68.3")
L 02/15/2017 - 19:37:58: [admin.amxx] Login: "FAKE ^^<917><STEAM_0:0:334408724><>" became an admin (account "FAKE ^^") (access "bit") (address "95.76.0.252")
L 02/15/2017 - 19:37:58: [admin.amxx] Login: "Panda<939><STEAM_0:0:126187006><>" became an admin (account "Panda") (access "bi") (address "92.82.198.233")
L 02/15/2017 - 19:37:58: [admin.amxx] Login: "|LOL|XXX<889><STEAM_0:1:24069958><>" became an admin (account "|LOL|XXX") (access "bi") (address "5.15.81.9")
L 02/15/2017 - 19:38:00: [admin.amxx] Login: "Panda<965><STEAM_0:0:126187006><>" became an admin (account "Panda") (access "bi") (address "92.82.198.233")
L 02/15/2017 - 19:38:00: [admin.amxx] Login: "FAKE ^^<966><STEAM_0:0:334408724><>" became an admin (account "FAKE ^^") (access "bit") (address "95.76.0.252")
L 02/15/2017 - 19:38:33: [slayafk.amxx] DeVo a primit slay, deoarece a fost afk mai mult de 30 secunde
L 02/15/2017 - 19:38:38: [slayafk.amxx] FAKE ^^ a primit slay, deoarece a fost afk mai mult de 30 secunde
L 02/15/2017 - 19:39:08: [slayafk.amxx] DeVo a primit slay, deoarece a fost afk mai mult de 30 secunde
L 02/15/2017 - 19:40:13: [slayafk.amxx] |LOL|XXX a primit slay, deoarece a fost afk mai mult de 30 secunde
L 02/15/2017 - 19:40:28: [slayafk.amxx] FAKE ^^ a primit slay, deoarece a fost afk mai mult de 30 secunde
L 02/15/2017 - 19:40:28: [slayafk.amxx] DeVo a primit slay, deoarece a fost afk mai mult de 30 secunde
L 02/15/2017 - 19:40:48: [slayafk.amxx] |LOL|XXX a primit slay, deoarece a fost afk mai mult de 30 secunde
L 02/15/2017 - 19:43:58: [slayafk.amxx] TripJump | Chrome. a primit slay, deoarece a fost afk mai mult de 30 secunde
L 02/15/2017 - 19:46:33: [slayafk.amxx] FAKE ^^ a primit slay, deoarece a fost afk mai mult de 30 secunde
L 02/15/2017 - 19:46:33: [slayafk.amxx] DeVo a primit slay, deoarece a fost afk mai mult de 30 secunde
L 02/15/2017 - 19:50:18: [slayafk.amxx] FAKE ^^ a primit slay, deoarece a fost afk mai mult de 30 secunde
L 02/15/2017 - 19:50:18: [slayafk.amxx] |LOL|XXX a primit slay, deoarece a fost afk mai mult de 30 secunde
L 02/15/2017 - 19:50:18: [slayafk.amxx] DeVo a primit slay, deoarece a fost afk mai mult de 30 secunde
L 02/15/2017 - 19:51:36: [admin.amxx] Login: "SWAGGIE. XD<989><VALVE_0:4:862961770><>" became an admin (account "SWAGGIE. XD") (access "bi") (address "109.98.131.207")
L 02/15/2017 - 19:51:37: [admin.amxx] Login: "SWAGGIE. XD<990><VALVE_0:4:862961770><>" became an admin (account "SWAGGIE. XD") (access "bi") (address "109.98.131.207")
L 02/15/2017 - 19:52:23: [admincmd.amxx] Cmd: "Dr.FioriGinal.Ro ~ Server Clasi<0><><>" slay "maketacke<991><STEAM_0:0:1715760849><>"
L 02/15/2017 - 19:52:43: [slayafk.amxx] FAKE ^^ a primit slay, deoarece a fost afk mai mult de 30 secunde
L 02/15/2017 - 19:52:43: [slayafk.amxx] |LOL|XXX a primit slay, deoarece a fost afk mai mult de 30 secunde
L 02/15/2017 - 19:52:43: [slayafk.amxx] DeVo a primit slay, deoarece a fost afk mai mult de 30 secunde
L 02/15/2017 - 19:53:46: [admin.amxx] Login: "deadpool<998><STEAM_0:0:30403765><>" became an admin (account "deadpool") (access "bit") (address "82.79.251.176")
L 02/15/2017 - 19:53:49: [admin.amxx] Login: "deadpool<1000><STEAM_0:0:30403765><>" became an admin (account "deadpool") (access "bit") (address "82.79.251.176")
L 02/15/2017 - 19:54:18: [slayafk.amxx] JucatoR-GO a primit slay, deoarece a fost afk mai mult de 30 secunde
L 02/15/2017 - 19:54:18: [slayafk.amxx] FAKE ^^ a primit slay, deoarece a fost afk mai mult de 30 secunde
L 02/15/2017 - 19:54:18: [slayafk.amxx] |LOL|XXX a primit slay, deoarece a fost afk mai mult de 30 secunde
L 02/15/2017 - 19:54:18: [slayafk.amxx] DeVo a primit slay, deoarece a fost afk mai mult de 30 secunde
L 02/15/2017 - 19:55:13: [comp_timer2.amxx] Error on query: You have an error in your SQL syntax; check the manual that corresponds to your MySQL server version for the right syntax to use near 's that69' AND Map = 'deathrun_skyzzar'' at line 1
L 02/15/2017 - 19:55:13: [comp_timer2.amxx] FailState == TQUERY_QUERY_FAILED, Query failed.
L 02/15/2017 - 19:55:19: [adminchat.amxx] Chat: "L0w=]ST1L3 #STRAFEHACK<983><VALVE_0:4:624379127><>" chat "ba coaie"
L 02/15/2017 - 19:55:22: [adminchat.amxx] Chat: "L0w=]ST1L3 #STRAFEHACK<983><VALVE_0:4:624379127><>" chat "ai 12 ani?"
L 02/15/2017 - 19:55:45: [admincmd.amxx] Cmd: "Dr.FioriGinal.Ro ~ Server Clasi<0><><>" slay "maketacke<1006><STEAM_0:0:1715760849><>"
L 02/15/2017 - 19:56:08: [slayafk.amxx] DeVo a primit slay, deoarece a fost afk mai mult de 30 secunde
L 02/15/2017 - 19:58:11: [admincmd.amxx] Cmd: "J.Smith<925><STEAM_0:0:59563675><>" ask for players list
L 02/15/2017 - 19:59:13: [slayafk.amxx] FAKE ^^ a primit slay, deoarece a fost afk mai mult de 30 secunde
L 02/15/2017 - 20:00:53: [slayafk.amxx] |LOL|XXX a primit slay, deoarece a fost afk mai mult de 30 secunde
L 02/15/2017 - 20:00:53: [slayafk.amxx] DeVo a primit slay, deoarece a fost afk mai mult de 30 secunde
L 02/15/2017 - 20:01:33: [mapsmenu.amxx] Vote: "SWAGGIE. XD<990><VALVE_0:4:862961770><>" vote maps (map#1 "deathrun_3sixty_fg_fix3") (map#2 "deathrun_hertz") (map#3 "") (map#4 "")
L 02/15/2017 - 20:01:45: [mapsmenu.amxx] Vote: Voting successful. Map will be changed to deathrun_3sixty_fg_fix3
L 02/15/2017 - 20:02:27: [adminchat.amxx] Chat: "deadpool<1000><STEAM_0:0:30403765><>" chat "ALAKLI ss"
L 02/15/2017 - 20:02:34: [adminchat.amxx] Chat: "deadpool<1000><STEAM_0:0:30403765><>" chat "alakli are cod"
L 02/15/2017 - 20:02:39: [adminchat.amxx] Chat: "SWAGGIE. XD<990><VALVE_0:4:862961770><>" chat " n am acc"
L 02/15/2017 - 20:03:13: [slayafk.amxx] FLVXSOW;[ a primit slay, deoarece a fost afk mai mult de 30 secunde
L 02/15/2017 - 20:03:13: [slayafk.amxx] FAKE ^^ a primit slay, deoarece a fost afk mai mult de 30 secunde
L 02/15/2017 - 20:03:13: [slayafk.amxx] |LOL|XXX a primit slay, deoarece a fost afk mai mult de 30 secunde
L 02/15/2017 - 20:03:13: [slayafk.amxx] DeVo a primit slay, deoarece a fost afk mai mult de 30 secunde
L 02/15/2017 - 20:04:20: [comp_timer2.amxx] Error on query: You have an error in your SQL syntax; check the manual that corresponds to your MySQL server version for the right syntax to use near 's that69' AND Map = 'deathrun_skyzzar'' at line 1
L 02/15/2017 - 20:04:20: [comp_timer2.amxx] FailState == TQUERY_QUERY_FAILED, Query failed.
L 02/15/2017 - 20:04:43: [slayafk.amxx] FAKE ^^ a primit slay, deoarece a fost afk mai mult de 30 secunde
L 02/15/2017 - 20:04:48: -------- Mapchange to deathrun_3sixty_fg_fix3 --------
L 02/15/2017 - 20:04:50: [admin.amxx] Login: "SWAGGIE. XD<990><VALVE_0:4:862961770><>" became an admin (account "SWAGGIE. XD") (access "bi") (address "109.98.131.207")
L 02/15/2017 - 20:04:50: [admin.amxx] Login: "FAKE ^^<966><STEAM_0:0:334408724><>" became an admin (account "FAKE ^^") (access "bit") (address "95.76.0.252")
L 02/15/2017 - 20:04:50: [admin.amxx] Login: "J.Smith<925><STEAM_0:0:59563675><>" became an admin (account "J.Smith") (access "bi") (address "109.185.5.238")
L 02/15/2017 - 20:04:50: [admin.amxx] Login: "deadpool<1000><STEAM_0:0:30403765><>" became an admin (account "deadpool") (access "bit") (address "82.79.251.176")
L 02/15/2017 - 20:04:51: [admin.amxx] Login: "|LOL|XXX<889><STEAM_0:1:24069958><>" became an admin (account "|LOL|XXX") (access "bi") (address "5.15.81.9")
L 02/15/2017 - 20:04:53: [admin.amxx] Login: "|LOL|XXX<1021><STEAM_0:1:24069958><>" became an admin (account "|LOL|XXX") (access "bi") (address "5.15.81.9")
L 02/15/2017 - 20:05:13: [admincmd.amxx] Cmd: "Dr.FioriGinal.Ro ~ Server Clasi<0><><>" slay "MiB^ @like's that69<1028><STEAM_0:0:1940015179><>"
L 02/15/2017 - 20:07:39: [admincmd.amxx] Cmd: "J.Smith<925><STEAM_0:0:59563675><>" change nick to "dr.fioriginal.ro" "93.123.18.8<1023><STEAM_0:0:212629781><>"
L 02/15/2017 - 20:07:50: [admincmd.amxx] Cmd: "Dr.FioriGinal.Ro ~ Server Clasi<0><><>" slay "(1)dr.fioriginal.ro<1033><STEAM_0:0:212629781><>"
L 02/15/2017 - 20:25:43: [adminchat.amxx] Chat: "FAKE ^^<966><STEAM_0:0:334408724><>" chat "dati vot "
L 02/15/2017 - 20:25:44: [adminchat.amxx] Chat: "FAKE ^^<966><STEAM_0:0:334408724><>" chat " ?"
L 02/15/2017 - 20:31:52: -------- Mapchange to deathrun_unreal --------
L 02/15/2017 - 20:31:55: [admin.amxx] Login: "FAKE ^^<966><STEAM_0:0:334408724><>" became an admin (account "FAKE ^^") (access "bit") (address "95.76.0.252")
L 02/15/2017 - 20:31:55: [admin.amxx] Login: "|LOL|XXX<1021><STEAM_0:1:24069958><>" became an admin (account "|LOL|XXX") (access "bi") (address "5.15.81.9")
L 02/15/2017 - 20:32:29: [slayafk.amxx] |LOL|XXX a primit slay, deoarece a fost afk mai mult de 30 secunde
L 02/15/2017 - 20:32:30: [admincmd.amxx] Cmd: "Dr.FioriGinal.Ro ~ Server Clasi<0><><>" slay "SO  @ZOWIE<1082><STEAM_0:0:104532335><>"
L 02/15/2017 - 20:32:44: [slayafk.amxx] DoZe a primit slay, deoarece a fost afk mai mult de 30 secunde
L 02/15/2017 - 20:33:04: [slayafk.amxx] |LOL|XXX a primit slay, deoarece a fost afk mai mult de 30 secunde
L 02/15/2017 - 20:34:19: [slayafk.amxx] |LOL|XXX a primit slay, deoarece a fost afk mai mult de 30 secunde
L 02/15/2017 - 20:37:19: [slayafk.amxx] DoZe a primit slay, deoarece a fost afk mai mult de 30 secunde
L 02/15/2017 - 20:37:19: [slayafk.amxx] |LOL|XXX a primit slay, deoarece a fost afk mai mult de 30 secunde
L 02/15/2017 - 20:39:49: [slayafk.amxx] DoZe a primit slay, deoarece a fost afk mai mult de 30 secunde
L 02/15/2017 - 20:39:49: [slayafk.amxx] |LOL|XXX a primit slay, deoarece a fost afk mai mult de 30 secunde
L 02/15/2017 - 20:40:22: [admin.amxx] Login: "DnD<1089><STEAM_0:0:970363837><>" became an admin (account "DnD") (access "bi") (address "31.14.108.55")
L 02/15/2017 - 20:40:24: [admin.amxx] Login: "DnD<1090><STEAM_0:0:970363837><>" became an admin (account "DnD") (access "bi") (address "31.14.108.55")
L 02/15/2017 - 20:41:37: [admincmd.amxx] Cmd: "DnD<1090><STEAM_0:0:970363837><>" slay "xTrusT.<1092><STEAM_0:0:363435534><>"
L 02/15/2017 - 20:42:14: [slayafk.amxx] DoZe a primit slay, deoarece a fost afk mai mult de 30 secunde
L 02/15/2017 - 20:42:14: [slayafk.amxx] |LOL|XXX a primit slay, deoarece a fost afk mai mult de 30 secunde
L 02/15/2017 - 20:43:29: [slayafk.amxx] DoZe a primit slay, deoarece a fost afk mai mult de 30 secunde
L 02/15/2017 - 20:43:29: [slayafk.amxx] |LOL|XXX a primit slay, deoarece a fost afk mai mult de 30 secunde
L 02/15/2017 - 20:45:24: [slayafk.amxx] DoZe a primit slay, deoarece a fost afk mai mult de 30 secunde
L 02/15/2017 - 20:45:24: [slayafk.amxx] |LOL|XXX a primit slay, deoarece a fost afk mai mult de 30 secunde
L 02/15/2017 - 20:47:39: [slayafk.amxx] DoZe a primit slay, deoarece a fost afk mai mult de 30 secunde
L 02/15/2017 - 20:47:39: [slayafk.amxx] |LOL|XXX a primit slay, deoarece a fost afk mai mult de 30 secunde
L 02/15/2017 - 20:49:19: [slayafk.amxx] DoZe a primit slay, deoarece a fost afk mai mult de 30 secunde
L 02/15/2017 - 20:49:19: [slayafk.amxx] |LOL|XXX a primit slay, deoarece a fost afk mai mult de 30 secunde
L 02/15/2017 - 20:50:09: [adminchat.amxx] Chat: "DnD<1090><STEAM_0:0:970363837><>" chat "care dai vot?"
L 02/15/2017 - 20:50:33: [adminchat.amxx] Chat: "DnD<1090><STEAM_0:0:970363837><>" chat "flux"
L 02/15/2017 - 20:50:35: [adminchat.amxx] Chat: "DnD<1090><STEAM_0:0:970363837><>" chat "dai vot"
L 02/15/2017 - 20:51:18: [admin.amxx] Login: "trickz-<1100><STEAM_0:0:42210206><>" became an admin (account "trickz-") (access "bi") (address "109.166.136.95")
L 02/15/2017 - 20:51:24: [admin.amxx] Login: "trickz-<1101><STEAM_0:0:42210206><>" became an admin (account "trickz-") (access "bi") (address "109.166.136.95")
L 02/15/2017 - 20:52:30: [admin.amxx] Login: "Daky69<1102><STEAM_0:0:523798960><>" became an admin (account "Daky69") (access "bi") (address "109.96.113.176")
L 02/15/2017 - 20:52:33: [admin.amxx] Login: "Daky69<1103><STEAM_0:0:523798960><>" became an admin (account "Daky69") (access "bi") (address "109.96.113.176")
L 02/15/2017 - 20:53:06: [mapsmenu.amxx] Vote: "Daky69<1103><STEAM_0:0:523798960><>" vote maps (map#1 "deathrun_long_run") (map#2 "deathrun_sk_occult") (map#3 "") (map#4 "")
L 02/15/2017 - 20:53:18: [mapsmenu.amxx] Vote: Voting successful. Map will be changed to deathrun_long_run
L 02/15/2017 - 20:54:04: [slayafk.amxx] DoZe a primit slay, deoarece a fost afk mai mult de 30 secunde
L 02/15/2017 - 20:54:04: [slayafk.amxx] |LOL|XXX a primit slay, deoarece a fost afk mai mult de 30 secunde
L 02/15/2017 - 20:55:44: [slayafk.amxx] DoZe a primit slay, deoarece a fost afk mai mult de 30 secunde
L 02/15/2017 - 20:55:44: [slayafk.amxx] |LOL|XXX a primit slay, deoarece a fost afk mai mult de 30 secunde
L 02/15/2017 - 20:58:22: [admin.amxx] Login: "DarkWalkerz # DoNpAkaa<1108><VALVE_0:4:1275906683><>" kicked due to invalid password (account "DarkWalkerz # DoNpAkaa") (address "79.118.69.49")
L 02/15/2017 - 20:58:22: [admincmd.amxx] Kick: "DnD<1090><STEAM_0:0:970363837><>" kick "maketacke<1097><STEAM_0:0:1715760849><>" (reason "")
L 02/15/2017 - 20:58:33: [admincmd.amxx] Cmd: "Dr.FioriGinal.Ro ~ Server Clasi<0><><>" slay "maketacke<1109><STEAM_0:0:1715760849><>"
L 02/15/2017 - 21:00:01: -------- Mapchange to deathrun_long_run --------
L 02/15/2017 - 21:00:04: [admin.amxx] Login: "Daky69<1103><STEAM_0:0:523798960><>" became an admin (account "Daky69") (access "bi") (address "109.96.113.176")
L 02/15/2017 - 21:00:04: [admin.amxx] Login: "DnD<1090><STEAM_0:0:970363837><>" became an admin (account "DnD") (access "bi") (address "31.14.108.55")
L 02/15/2017 - 21:00:04: [admin.amxx] Login: "trickz-<1101><STEAM_0:0:42210206><>" became an admin (account "trickz-") (access "bi") (address "109.166.136.95")
L 02/15/2017 - 21:00:04: [admin.amxx] Login: "|LOL|XXX<1021><STEAM_0:1:24069958><>" became an admin (account "|LOL|XXX") (access "bi") (address "5.15.81.9")
L 02/15/2017 - 21:00:06: [admin.amxx] Login: "|LOL|XXX<1117><STEAM_0:1:24069958><>" became an admin (account "|LOL|XXX") (access "bi") (address "5.15.81.9")
L 02/15/2017 - 21:00:39: [slayafk.amxx] DoZe a primit slay, deoarece a fost afk mai mult de 30 secunde
L 02/15/2017 - 21:00:44: [slayafk.amxx] |LOL|XXX a primit slay, deoarece a fost afk mai mult de 30 secunde
L 02/15/2017 - 21:01:14: [slayafk.amxx] DoZe a primit slay, deoarece a fost afk mai mult de 30 secunde
L 02/15/2017 - 21:02:09: [slayafk.amxx] |LOL|XXX a primit slay, deoarece a fost afk mai mult de 30 secunde
L 02/15/2017 - 21:02:19: [admincmd.amxx] Cmd: "Dr.FioriGinal.Ro ~ Server Clasi<0><><>" slay "xDiavol<1123><VALVE_0:4:1275906683><>"
L 02/15/2017 - 21:02:49: [slayafk.amxx] DoZe a primit slay, deoarece a fost afk mai mult de 30 secunde
L 02/15/2017 - 21:02:49: [slayafk.amxx] |LOL|XXX a primit slay, deoarece a fost afk mai mult de 30 secunde
L 02/15/2017 - 21:03:11: [admin.amxx] Login: "Bidi<1126><STEAM_0:1:45864800><>" became an admin (account "Bidi") (access "bit") (address "94.176.161.43")
L 02/15/2017 - 21:03:14: [admin.amxx] Login: "Bidi<1127><STEAM_0:1:45864800><>" became an admin (account "Bidi") (access "bit") (address "94.176.161.43")
L 02/15/2017 - 21:04:01: [adminchat.amxx] Chat: "FLVXSOW;[<1077><STEAM_0:0:77647261><>" chat " DE VE GAG MA?"
L 02/15/2017 - 21:04:04: [adminchat.amxx] Chat: "FLVXSOW;[<1077><STEAM_0:0:77647261><>" chat " ai reclamatie"
L 02/15/2017 - 21:04:10: [adminchat.amxx] Chat: "FLVXSOW;[<1077><STEAM_0:0:77647261><>" chat " ai reclamatie"
L 02/15/2017 - 21:04:12: [admincmd.amxx] Cmd: "Bidi<1127><STEAM_0:1:45864800><>" ask for players list
L 02/15/2017 - 21:04:18: [adminchat.amxx] Chat: "FLVXSOW;[<1077><STEAM_0:0:77647261><>" chat " am injurat ?"
L 02/15/2017 - 21:04:28: [adminchat.amxx] Chat: "FLVXSOW;[<1077><STEAM_0:0:77647261><>" chat " zi ma?"
L 02/15/2017 - 21:04:29: [adminchat.amxx] Chat: "FLVXSOW;[<1077><STEAM_0:0:77647261><>" chat " ce am zis"
L 02/15/2017 - 21:04:32: [adminchat.amxx] Chat: "FLVXSOW;[<1077><STEAM_0:0:77647261><>" chat " ce am zis"
L 02/15/2017 - 21:04:35: [adminchat.amxx] Chat: "FLVXSOW;[<1077><STEAM_0:0:77647261><>" chat " am zis sa moara ma-ta"
L 02/15/2017 - 21:04:41: [adminchat.amxx] Chat: "FLVXSOW;[<1077><STEAM_0:0:77647261><>" chat " si era un vers dintr-o melodie"
L 02/15/2017 - 21:04:49: [slayafk.amxx] DoZe a primit slay, deoarece a fost afk mai mult de 30 secunde
L 02/15/2017 - 21:04:55: [adminchat.amxx] Chat: "FLVXSOW;[<1077><STEAM_0:0:77647261><>" chat " daky"
L 02/15/2017 - 21:05:00: [adminchat.amxx] Chat: "FLVXSOW;[<1077><STEAM_0:0:77647261><>" chat " stai asa"
L 02/15/2017 - 21:05:04: [adminchat.amxx] Chat: "FLVXSOW;[<1077><STEAM_0:0:77647261><>" chat " ca o sa vorbesc eu cu luxor"
L 02/15/2017 - 21:05:06: [adminchat.amxx] Chat: "FLVXSOW;[<1077><STEAM_0:0:77647261><>" chat " sa vada"
L 02/15/2017 - 21:05:08: [adminchat.amxx] Chat: "FLVXSOW;[<1077><STEAM_0:0:77647261><>" chat " ce adminia re"
L 02/15/2017 - 21:05:23: [adminchat.amxx] Chat: "FLVXSOW;[<1077><STEAM_0:0:77647261><>" chat " care e motivul"
L 02/15/2017 - 21:05:26: [adminchat.amxx] Chat: "FLVXSOW;[<1077><STEAM_0:0:77647261><>" chat " pentru ca mi-ai dat gag?"
L 02/15/2017 - 21:05:38: [admin.amxx] Login: "wadafac!<1134><VALVE_0:4:1729481595><>" became an admin (account "wadafac!") (access "bi") (address "79.116.119.103")
L 02/15/2017 - 21:05:39: [adminchat.amxx] Chat: "FLVXSOW;[<1077><STEAM_0:0:77647261><>" chat " zi ma"
L 02/15/2017 - 21:05:43: [admin.amxx] Login: "wadafac!<1136><VALVE_0:4:1729481595><>" became an admin (account "wadafac!") (access "bi") (address "79.116.119.103")
L 02/15/2017 - 21:05:48: [adminchat.amxx] Chat: "FLVXSOW;[<1077><STEAM_0:0:77647261><>" chat " iti faci treaba de pula mea"
L 02/15/2017 - 21:05:49: [adminchat.amxx] Chat: "Bidi<1127><STEAM_0:1:45864800><>" chat "daky"
L 02/15/2017 - 21:05:52: [adminchat.amxx] Chat: "FLVXSOW;[<1077><STEAM_0:0:77647261><>" chat " ca iti zbor adminu"
L 02/15/2017 - 21:05:55: [adminchat.amxx] Chat: "Bidi<1127><STEAM_0:1:45864800><>" chat "zi mai exact ce-o facut "
L 02/15/2017 - 21:05:56: [adminchat.amxx] Chat: "trickz-<1101><STEAM_0:0:42210206><>" chat " gata baa"
L 02/15/2017 - 21:06:02: [adminchat.amxx] Chat: "wadafac!<1136><VALVE_0:4:1729481595><>" chat "re"
L 02/15/2017 - 21:06:10: [adminchat.amxx] Chat: "FLVXSOW;[<1077><STEAM_0:0:77647261><>" chat " enerveaza-ma"
L 02/15/2017 - 21:06:24: [slayafk.amxx] |LOL|XXX a primit slay, deoarece a fost afk mai mult de 30 secunde
L 02/15/2017 - 21:06:29: [slayafk.amxx] DoZe a primit slay, deoarece a fost afk mai mult de 30 secunde
L 02/15/2017 - 21:06:29: [adminchat.amxx] Chat: "FLVXSOW;[<1077><STEAM_0:0:77647261><>" chat " bidi"
L 02/15/2017 - 21:06:30: [adminchat.amxx] Chat: "FLVXSOW;[<1077><STEAM_0:0:77647261><>" chat " nimic"
L 02/15/2017 - 21:06:32: [adminchat.amxx] Chat: "FLVXSOW;[<1077><STEAM_0:0:77647261><>" chat " e rpost"
L 02/15/2017 - 21:06:34: [adminchat.amxx] Chat: "FLVXSOW;[<1077><STEAM_0:0:77647261><>" chat " prost"
L 02/15/2017 - 21:06:37: [adminchat.amxx] Chat: "FLVXSOW;[<1077><STEAM_0:0:77647261><>" chat " am zis"
L 02/15/2017 - 21:11:39: [slayafk.amxx] ssaacc. a primit slay, deoarece a fost afk mai mult de 30 secunde
L 02/15/2017 - 21:11:39: [slayafk.amxx] DoZe a primit slay, deoarece a fost afk mai mult de 30 secunde
L 02/15/2017 - 21:11:45: [admincmd.amxx] Cmd: "Bidi<1127><STEAM_0:1:45864800><>" ask for players list
L 02/15/2017 - 21:12:00: [admincmd.amxx] Cmd: "wadafac!<1136><VALVE_0:4:1729481595><>" ask for players list
L 02/15/2017 - 21:12:34: [admin.amxx] Login: "SWAGGIE. XD<1145><VALVE_0:4:862961770><>" became an admin (account "SWAGGIE. XD") (access "bi") (address "109.98.131.207")
L 02/15/2017 - 21:12:59: [slayafk.amxx] |LOL|XXX a primit slay, deoarece a fost afk mai mult de 30 secunde
L 02/15/2017 - 21:13:04: [slayafk.amxx] ssaacc. a primit slay, deoarece a fost afk mai mult de 30 secunde
L 02/15/2017 - 21:13:04: [slayafk.amxx] DoZe a primit slay, deoarece a fost afk mai mult de 30 secunde
L 02/15/2017 - 21:13:39: [admincmd.amxx] Cmd: "wadafac!<1136><VALVE_0:4:1729481595><>" ask for players list
L 02/15/2017 - 21:16:14: [slayafk.amxx] ssaacc. a primit slay, deoarece a fost afk mai mult de 30 secunde
L 02/15/2017 - 21:16:14: [slayafk.amxx] |LOL|XXX a primit slay, deoarece a fost afk mai mult de 30 secunde
L 02/15/2017 - 21:16:34: [admin.amxx] Login: "J.Smith<1147><STEAM_0:0:59563675><>" became an admin (account "J.Smith") (access "bi") (address "109.185.5.238")
L 02/15/2017 - 21:17:37: [admin.amxx] Login: "-rTg|maEsTrOo<1150><STEAM_0:1:154430568><>" became an admin (account "-rTg|maEsTrOo") (access "bit") (address "89.123.68.3")
L 02/15/2017 - 21:18:42: [mapsmenu.amxx] Vote: "SWAGGIE. XD<1145><VALVE_0:4:862961770><>" vote maps (map#1 "deathrun_gb_winter_final4") (map#2 "deathrun_atacama_beta2") (map#3 "") (map#4 "")
L 02/15/2017 - 21:18:54: [mapsmenu.amxx] Vote: Voting successful. Map will be changed to deathrun_atacama_beta2
L 02/15/2017 - 21:19:12: [admincmd.amxx] Cmd: "J.Smith<1147><STEAM_0:0:59563675><>" ask for players list
L 02/15/2017 - 21:20:16: [admincmd.amxx] Cmd: "-rTg|maEsTrOo<1150><STEAM_0:1:154430568><>" ask for players list
L 02/15/2017 - 21:20:25: [adminchat.amxx] Chat: "FLVXSOW;[<1077><STEAM_0:0:77647261><>" chat " da-mi si ban"
L 02/15/2017 - 21:20:28: [adminchat.amxx] Chat: "FLVXSOW;[<1077><STEAM_0:0:77647261><>" chat " te rog frumos"
L 02/15/2017 - 21:20:34: [adminchat.amxx] Chat: "FLVXSOW;[<1077><STEAM_0:0:77647261><>" chat " da-mi ban"
L 02/15/2017 - 21:20:48: [adminchat.amxx] Chat: "FLVXSOW;[<1077><STEAM_0:0:77647261><>" chat " pisa-m-as pe voi de admini"
L 02/15/2017 - 21:21:20: [admincmd.amxx] Cmd: "Dr.FioriGinal.Ro ~ Server Clasi<0><><>" slay "GreeN<1153><VALVE_0:4:1212169989><>"
L 02/15/2017 - 21:21:25: [admincmd.amxx] Cmd: "Dr.FioriGinal.Ro ~ Server Clasi<0><><>" slay "xTrusT.<1154><STEAM_0:0:363435534><>"
L 02/15/2017 - 21:21:34: [slayafk.amxx] DoZe a primit slay, deoarece a fost afk mai mult de 30 secunde
L 02/15/2017 - 21:21:39: [slayafk.amxx] -rTg|maEsTrOo a primit slay, deoarece a fost afk mai mult de 30 secunde
L 02/15/2017 - 21:21:39: [slayafk.amxx] *turbofin*- AimeR^ #! a primit slay, deoarece a fost afk mai mult de 30 secunde
L 02/15/2017 - 21:22:20: [pistols_sql.amxx] FailState == TQUERY_CONNECT_FAILED, Could not connect to SQL database.
L 02/15/2017 - 21:23:25: [admincmd.amxx] Cmd: "Dr.FioriGinal.Ro ~ Server Clasi<0><><>" slay "Satra e familia<3<1155><STEAM_0:0:42210206><>"
L 02/15/2017 - 21:23:39: [slayafk.amxx] J.Smith a primit slay, deoarece a fost afk mai mult de 30 secunde
L 02/15/2017 - 21:23:39: [slayafk.amxx] DoZe a primit slay, deoarece a fost afk mai mult de 30 secunde
L 02/15/2017 - 21:23:39: [slayafk.amxx] |LOL|XXX a primit slay, deoarece a fost afk mai mult de 30 secunde
L 02/15/2017 - 21:23:45: [admincmd.amxx] Cmd: "Bidi<1127><STEAM_0:1:45864800><>" ask for players list
L 02/15/2017 - 21:24:48: [admincmd.amxx] Cmd: "Bidi<1127><STEAM_0:1:45864800><>" ask for players list
L 02/15/2017 - 21:25:27: [adminchat.amxx] Chat: "Satra e familia<3<1155><STEAM_0:0:42210206><>" chat " m-o facut prost"
L 02/15/2017 - 21:25:30: [adminchat.amxx] Chat: "Satra e familia<3<1155><STEAM_0:0:42210206><>" chat " da-i GAG"
L 02/15/2017 - 21:25:38: [adminchat.amxx] Chat: "Satra e familia<3<1155><STEAM_0:0:42210206><>" chat " sunteti admini amu si voi"
L 02/15/2017 - 21:25:42: [adminchat.amxx] Chat: "Satra e familia<3<1155><STEAM_0:0:42210206><>" chat " smecheri"
L 02/15/2017 - 21:26:20: [adminchat.amxx] Chat: "Satra e familia<3<1155><STEAM_0:0:42210206><>" chat " asta e"
L 02/15/2017 - 21:26:21: [adminchat.amxx] Chat: "Satra e familia<3<1155><STEAM_0:0:42210206><>" chat " :))"
L 02/15/2017 - 21:26:27: [adminchat.amxx] Chat: "Satra e familia<3<1155><STEAM_0:0:42210206><>" chat " mersi oricum mae ca mi-ai zis :*"
L 02/15/2017 - 21:26:34: [adminchat.amxx] Chat: "Satra e familia<3<1155><STEAM_0:0:42210206><>" chat " oricum ma las de dr sefule"
L 02/15/2017 - 21:27:28: [adminchat.amxx] Chat: "Satra e familia<3<1155><STEAM_0:0:42210206><>" chat " haideti frate ca sunteti last"
L 02/15/2017 - 21:27:42: [admin.amxx] Login: "-rTg|maEsTrOo<1164><STEAM_0:1:154430568><>" became an admin (account "-rTg|maEsTrOo") (access "bit") (address "89.123.68.3")
L 02/15/2017 - 21:27:56: -------- Mapchange to deathrun_atacama_beta2 --------
L 02/15/2017 - 21:27:59: [admin.amxx] Login: "J.Smith<1147><STEAM_0:0:59563675><>" became an admin (account "J.Smith") (access "bi") (address "109.185.5.238")
L 02/15/2017 - 21:27:59: [admin.amxx] Login: "-rTg|maEsTrOo<1164><STEAM_0:1:154430568><>" became an admin (account "-rTg|maEsTrOo") (access "bit") (address "89.123.68.3")
L 02/15/2017 - 21:27:59: [admin.amxx] Login: "SWAGGIE. XD<1145><VALVE_0:4:862961770><>" became an admin (account "SWAGGIE. XD") (access "bi") (address "109.98.131.207")
L 02/15/2017 - 21:27:59: [admin.amxx] Login: "|LOL|XXX<1117><STEAM_0:1:24069958><>" became an admin (account "|LOL|XXX") (access "bi") (address "5.15.81.9")
L 02/15/2017 - 21:27:59: [admin.amxx] Login: "Daky69<1103><STEAM_0:0:523798960><>" became an admin (account "Daky69") (access "bi") (address "109.96.113.176")
L 02/15/2017 - 21:27:59: [admin.amxx] Login: "Bidi<1127><STEAM_0:1:45864800><>" became an admin (account "Bidi") (access "bit") (address "94.176.161.43")
L 02/15/2017 - 21:28:04: [admin.amxx] Login: "J.Smith<1173><STEAM_0:0:59563675><>" became an admin (account "J.Smith") (access "bi") (address "109.185.5.238")
L 02/15/2017 - 21:28:29: [admincmd.amxx] Cmd: "Dr.FioriGinal.Ro ~ Server Clasi<0><><>" slay "trickz^rege<1178><STEAM_0:0:42210206><>"
L 02/15/2017 - 21:29:04: [adminchat.amxx] Chat: "Motanel :x [dLL]<1179><STEAM_0:1:96331479><>" chat " administrator  on ?"
L 02/15/2017 - 21:29:07: [adminchat.amxx] Chat: "-rTg|maEsTrOo<1164><STEAM_0:1:154430568><>" chat ""
L 02/15/2017 - 21:29:43: [adminchat.amxx] Chat: "Motanel :x [dLL]<1179><STEAM_0:1:96331479><>" chat " stiti careva cat fps are sv asta 500 sau 1000 ?"
L 02/15/2017 - 21:29:46: [admincmd.amxx] Cmd: "Daky69<1103><STEAM_0:0:523798960><>" slay "Motanel :x [dLL]<1179><STEAM_0:1:96331479><>"
L 02/15/2017 - 21:30:24: [admincmd.amxx] Cmd: "Daky69<1103><STEAM_0:0:523798960><>" change nick to "alt.nume" "FLVXSOW;[ se p154 p3 4dm1n1<1172><STEAM_0:0:77647261><>"
L 02/15/2017 - 21:30:38: [admincmd.amxx] Cmd: "Dr.FioriGinal.Ro ~ Server Clasi<0><><>" slay "alt.nume<1180><STEAM_0:0:77647261><>"
L 02/15/2017 - 21:31:04: [admincmd.amxx] Cmd: "Dr.FioriGinal.Ro ~ Server Clasi<0><><>" slay "FLVXSOW;[ se p154 p3 4dm1n1<1181><STEAM_0:0:77647261><>"
L 02/15/2017 - 21:32:55: [admincmd.amxx] Cmd: "-rTg|maEsTrOo<1164><STEAM_0:1:154430568><>" change nick to "altu" "maketacke.sa.moara.ma-ta<1163><STEAM_0:0:1715760849><>"
L 02/15/2017 - 21:38:45: [admin.amxx] Login: "EvolGeniuS - ThE king#<1191><STEAM_0:1:84045719><>" became an admin (account "EvolGeniuS - ThE king#") (access "bi") (address "5.14.179.29")
L 02/15/2017 - 21:43:03: [pistols_sql.amxx] FailState == TQUERY_QUERY_FAILED, Query failed.
L 02/15/2017 - 21:47:23: [mapsmenu.amxx] Vote: "Bidi<1127><STEAM_0:1:45864800><>" vote maps (map#1 "deathrun_clarion_dojo_b3") (map#2 "deathrun_inferno_beta1") (map#3 "") (map#4 "")
L 02/15/2017 - 21:47:35: [mapsmenu.amxx] Vote: Voting successful. Map will be changed to deathrun_clarion_dojo_b3
L 02/15/2017 - 21:53:35: [admincmd.amxx] Cmd: "|LOL|XXX<1117><STEAM_0:1:24069958><>" ask for players list
L 02/15/2017 - 21:54:41: -------- Mapchange to deathrun_clarion_dojo_b3 --------
L 02/15/2017 - 21:54:44: [admin.amxx] Login: "SWAGGIE. XD<1145><VALVE_0:4:862961770><>" became an admin (account "SWAGGIE. XD") (access "bi") (address "109.98.131.207")
L 02/15/2017 - 21:54:44: [admin.amxx] Login: "|LOL|XXX<1117><STEAM_0:1:24069958><>" became an admin (account "|LOL|XXX") (access "bi") (address "5.15.81.9")
L 02/15/2017 - 21:54:44: [admin.amxx] Login: "-rTg|maEsTrOo<1164><STEAM_0:1:154430568><>" became an admin (account "-rTg|maEsTrOo") (access "bit") (address "89.123.68.3")
L 02/15/2017 - 21:54:44: [admin.amxx] Login: "Bidi<1127><STEAM_0:1:45864800><>" became an admin (account "Bidi") (access "bit") (address "94.176.161.43")
L 02/15/2017 - 21:55:09: [admincmd.amxx] Cmd: "Dr.FioriGinal.Ro ~ Server Clasi<0><><>" slay "MickeyMouse<1218><STEAM_0:0:1939383678><>"
L 02/15/2017 - 22:00:53: [slayafk.amxx] Furrin * (1) a primit slay, deoarece a fost afk mai mult de 30 secunde
L 02/15/2017 - 22:04:01: [admincmd.amxx] Cmd: "SWAGGIE. XD<1145><VALVE_0:4:862961770><>" slay "I LoVe YoU ! <3<1185><STEAM_0:1:171215522><>"
L 02/15/2017 - 22:05:13: [slayafk.amxx] FLVXSOW;[ a primit slay, deoarece a fost afk mai mult de 30 secunde
L 02/15/2017 - 22:08:35: [admincmd.amxx] Cmd: "-rTg|maEsTrOo<1164><STEAM_0:1:154430568><>" slay counter-terrorists team
L 02/15/2017 - 22:10:46: [admincmd.amxx] Cmd: "-rTg|maEsTrOo<1164><STEAM_0:1:154430568><>" changelevel "deathrun_bhopz_v2"
L 02/15/2017 - 22:10:48: -------- Mapchange to deathrun_bhopz_v2 --------
L 02/15/2017 - 22:10:57: [admin.amxx] Login: "Bidi<1231><STEAM_0:1:45864800><>" became an admin (account "Bidi") (access "bit") (address "94.176.161.43")
L 02/15/2017 - 22:14:36: [admin.amxx] Login: "|LOL|XXX<1237><STEAM_0:1:24069958><>" became an admin (account "|LOL|XXX") (access "bi") (address "5.15.81.9")
L 02/15/2017 - 22:15:04: [admincmd.amxx] Cmd: "Bidi<1231><STEAM_0:1:45864800><>" ask for players list
L 02/15/2017 - 22:33:53: [admincmd.amxx] Cmd: "Dr.FioriGinal.Ro ~ Server Clasi<0><><>" slay "BlackDragon # comeback[C]<1251><STEAM_0:0:1534092783><>"
L 02/15/2017 - 22:34:07: [admincmd.amxx] Cmd: "Dr.FioriGinal.Ro ~ Server Clasi<0><><>" slay "BlackDragon # comeback[C]<1251><STEAM_0:0:1534092783><>"
L 02/15/2017 - 22:34:50: [slayafk.amxx] NOOB a primit slay, deoarece a fost afk mai mult de 30 secunde
L 02/15/2017 - 22:37:40: -------- Mapchange to deathrun_tomb_beta1 --------
L 02/15/2017 - 22:38:27: [slayafk.amxx] FLVXSOW;[ a primit slay, deoarece a fost afk mai mult de 30 secunde
L 02/15/2017 - 22:39:32: [slayafk.amxx] FLVXSOW;[ a primit slay, deoarece a fost afk mai mult de 30 secunde
L 02/15/2017 - 22:40:32: [slayafk.amxx] FLVXSOW;[ a primit slay, deoarece a fost afk mai mult de 30 secunde
L 02/15/2017 - 22:43:27: [slayafk.amxx] FLVXSOW;[ a primit slay, deoarece a fost afk mai mult de 30 secunde
L 02/15/2017 - 22:43:32: [slayafk.amxx] BlackDragon # comeback[C] a primit slay, deoarece a fost afk mai mult de 30 secunde
L 02/15/2017 - 22:45:02: [slayafk.amxx] BlackDragon # comeback[C] a primit slay, deoarece a fost afk mai mult de 30 secunde
L 02/15/2017 - 22:46:42: [slayafk.amxx] FLVXSOW;[ a primit slay, deoarece a fost afk mai mult de 30 secunde
L 02/15/2017 - 22:46:47: [slayafk.amxx] BlackDragon # comeback[C] a primit slay, deoarece a fost afk mai mult de 30 secunde
L 02/15/2017 - 22:48:12: [slayafk.amxx] FLVXSOW;[ a primit slay, deoarece a fost afk mai mult de 30 secunde
L 02/15/2017 - 22:48:17: [slayafk.amxx] BlackDragon # comeback[C] a primit slay, deoarece a fost afk mai mult de 30 secunde
L 02/15/2017 - 22:49:02: [slayafk.amxx] FLVXSOW;[ a primit slay, deoarece a fost afk mai mult de 30 secunde
L 02/15/2017 - 22:49:18: [admin.amxx] Login: "J.Smith<1265><STEAM_0:0:59563675><>" became an admin (account "J.Smith") (access "bi") (address "109.185.5.238")
L 02/15/2017 - 22:51:42: [slayafk.amxx] BlackDragon # comeback[C] a primit slay, deoarece a fost afk mai mult de 30 secunde
L 02/15/2017 - 22:51:47: [slayafk.amxx] NOOB a primit slay, deoarece a fost afk mai mult de 30 secunde
L 02/15/2017 - 22:54:17: [slayafk.amxx] FLVXSOW;[ a primit slay, deoarece a fost afk mai mult de 30 secunde
L 02/15/2017 - 22:54:22: [slayafk.amxx] NOOB a primit slay, deoarece a fost afk mai mult de 30 secunde
L 02/15/2017 - 22:55:27: [slayafk.amxx] BlackDragon # comeback[C] a primit slay, deoarece a fost afk mai mult de 30 secunde
L 02/15/2017 - 22:55:27: [slayafk.amxx] NOOB a primit slay, deoarece a fost afk mai mult de 30 secunde
L 02/15/2017 - 22:57:17: [slayafk.amxx] FLVXSOW;[ a primit slay, deoarece a fost afk mai mult de 30 secunde
L 02/15/2017 - 22:57:22: [slayafk.amxx] NOOB a primit slay, deoarece a fost afk mai mult de 30 secunde
L 02/15/2017 - 22:57:57: [slayafk.amxx] J.Smith a primit slay, deoarece a fost afk mai mult de 30 secunde
L 02/15/2017 - 22:58:37: [slayafk.amxx] J.Smith a primit slay, deoarece a fost afk mai mult de 30 secunde
L 02/15/2017 - 22:58:37: [slayafk.amxx] FLVXSOW;[ a primit slay, deoarece a fost afk mai mult de 30 secunde
L 02/15/2017 - 22:58:37: [slayafk.amxx] NOOB a primit slay, deoarece a fost afk mai mult de 30 secunde
L 02/15/2017 - 22:59:27: [slayafk.amxx] J.Smith a primit slay, deoarece a fost afk mai mult de 30 secunde
L 02/15/2017 - 22:59:27: [slayafk.amxx] FLVXSOW;[ a primit slay, deoarece a fost afk mai mult de 30 secunde
L 02/15/2017 - 22:59:27: [slayafk.amxx] NOOB a primit slay, deoarece a fost afk mai mult de 30 secunde
L 02/15/2017 - 23:00:17: [slayafk.amxx] J.Smith a primit slay, deoarece a fost afk mai mult de 30 secunde
L 02/15/2017 - 23:02:02: [slayafk.amxx] FLVXSOW;[ a primit slay, deoarece a fost afk mai mult de 30 secunde
L 02/15/2017 - 23:02:07: [slayafk.amxx] J.Smith a primit slay, deoarece a fost afk mai mult de 30 secunde
L 02/15/2017 - 23:03:58: -------- Mapchange to deathrun_isle_beta1 --------
L 02/15/2017 - 23:04:01: [admin.amxx] Login: "J.Smith<1265><STEAM_0:0:59563675><>" became an admin (account "J.Smith") (access "bi") (address "109.185.5.238")
L 02/15/2017 - 23:04:35: [slayafk.amxx] J.Smith a primit slay, deoarece a fost afk mai mult de 30 secunde
L 02/15/2017 - 23:04:45: [slayafk.amxx] FLVXSOW;[ a primit slay, deoarece a fost afk mai mult de 30 secunde
L 02/15/2017 - 23:05:10: [slayafk.amxx] J.Smith a primit slay, deoarece a fost afk mai mult de 30 secunde
L 02/15/2017 - 23:05:41: [admin.amxx] Login: "kaka<1279><VALVE_0:4:1033726963><>" became an admin (account "kaka") (access "bi") (address "94.53.102.210")
L 02/15/2017 - 23:05:50: [slayafk.amxx] J.Smith a primit slay, deoarece a fost afk mai mult de 30 secunde
L 02/15/2017 - 23:05:50: [slayafk.amxx] FLVXSOW;[ a primit slay, deoarece a fost afk mai mult de 30 secunde
L 02/15/2017 - 23:05:53: [admin.amxx] Login: "kaka<1280><VALVE_0:4:1033726963><>" became an admin (account "kaka") (access "bi") (address "94.53.102.210")
L 02/15/2017 - 23:07:37: [admin.amxx] Login: "SWAGGIE. XD<1282><VALVE_0:4:862961770><>" became an admin (account "SWAGGIE. XD") (access "bi") (address "109.98.131.207")
L 02/15/2017 - 23:07:38: [admin.amxx] Login: "SWAGGIE. XD<1283><VALVE_0:4:862961770><>" became an admin (account "SWAGGIE. XD") (access "bi") (address "109.98.131.207")
L 02/15/2017 - 23:09:00: [slayafk.amxx] FLVXSOW;[ a primit slay, deoarece a fost afk mai mult de 30 secunde
L 02/15/2017 - 23:11:30: [admin.amxx] Login: "SWAGGIE. XD<1287><VALVE_0:4:862961770><>" became an admin (account "SWAGGIE. XD") (access "bi") (address "109.98.131.207")
L 02/15/2017 - 23:11:45: [slayafk.amxx] FLVXSOW;[ a primit slay, deoarece a fost afk mai mult de 30 secunde
L 02/15/2017 - 23:13:10: [slayafk.amxx] kaka a primit slay, deoarece a fost afk mai mult de 30 secunde
L 02/15/2017 - 23:20:30: [slayafk.amxx] FLVXSOW;[ a primit slay, deoarece a fost afk mai mult de 30 secunde
L 02/15/2017 - 23:22:06: [mapsmenu.amxx] Vote: "SWAGGIE. XD<1287><VALVE_0:4:862961770><>" vote maps (map#1 "deathrun_gb_winter_final4") (map#2 "deathrun_christmas") (map#3 "") (map#4 "")
L 02/15/2017 - 23:22:18: [mapsmenu.amxx] Vote: Voting successful. Map will be changed to deathrun_gb_winter_final4
L 02/15/2017 - 23:27:39: [adminchat.amxx] Chat: "SWAGGIE. XD<1287><VALVE_0:4:862961770><>" psay "FLVXSOW;[<1273><STEAM_0:0:77647261><>" "daca eram doar noi pe svr schimbam dar fac astia recl"
L 02/15/2017 - 23:29:44: -------- Mapchange to deathrun_gb_winter_final4 --------
L 02/15/2017 - 23:29:46: [admin.amxx] Login: "SWAGGIE. XD<1287><VALVE_0:4:862961770><>" became an admin (account "SWAGGIE. XD") (access "bi") (address "109.98.131.207")
L 02/15/2017 - 23:29:46: [admin.amxx] Login: "kaka<1280><VALVE_0:4:1033726963><>" became an admin (account "kaka") (access "bi") (address "94.53.102.210")
L 02/15/2017 - 23:50:23: [mapsmenu.amxx] Vote: "SWAGGIE. XD<1287><VALVE_0:4:862961770><>" vote maps (map#1 "deathrun_skyzzar") (map#2 "deathrun_dojo") (map#3 "") (map#4 "")
L 02/15/2017 - 23:50:35: [mapsmenu.amxx] Vote: Voting successful. Map will be changed to deathrun_dojo
L 02/15/2017 - 23:55:54: -------- Mapchange to deathrun_dojo --------
L 02/15/2017 - 23:55:57: [admin.amxx] Login: "kaka<1280><VALVE_0:4:1033726963><>" became an admin (account "kaka") (access "bi") (address "94.53.102.210")
L 02/15/2017 - 23:56:17: [admin.amxx] Login: "J.Smith<1307><STEAM_0:0:59563675><>" became an admin (account "J.Smith") (access "bi") (address "109.185.5.238")
L 02/15/2017 - 23:56:28: [admin.amxx] Login: "SWAGGIE. XD<1308><VALVE_0:4:862961770><>" became an admin (account "SWAGGIE. XD") (access "bi") (address "109.98.131.207")
L 02/15/2017 - 23:56:33: [admin.amxx] Login: "J.Smith<1309><STEAM_0:0:59563675><>" became an admin (account "J.Smith") (access "bi") (address "109.185.5.238")
L 02/15/2017 - 23:59:50: [admincmd.amxx] Cmd: "SWAGGIE. XD<1308><VALVE_0:4:862961770><>" slay "SWAGGIE. XD<1308><VALVE_0:4:862961770><>"
