L 05/22/2017 - 00:27:33: -------- Mapchange to deathrun_0mega --------
L 05/22/2017 - 00:27:34: [AMXX] Failed to open dictionary file: cstrike/addons/amxmodx/data/lang/walkguard.txt
L 05/22/2017 - 00:27:35: [walkguard.amxx] no zone-file found
L 05/22/2017 - 00:52:45: -------- Mapchange to deathrun_discovery3 --------
L 05/22/2017 - 00:52:47: [AMXX] Failed to open dictionary file: cstrike/addons/amxmodx/data/lang/walkguard.txt
L 05/22/2017 - 00:52:47: [walkguard.amxx] no zone-file found
L 05/22/2017 - 01:36:27: -------- Mapchange to deathrun_adi_blurez --------
L 05/22/2017 - 01:36:29: [AMXX] Failed to open dictionary file: cstrike/addons/amxmodx/data/lang/walkguard.txt
L 05/22/2017 - 01:36:30: [walkguard.amxx] no zone-file found
L 05/22/2017 - 08:14:53: -------- Mapchange to deathrun_2h_estonia --------
L 05/22/2017 - 08:14:55: [AMXX] Failed to open dictionary file: cstrike/addons/amxmodx/data/lang/walkguard.txt
L 05/22/2017 - 08:14:56: [walkguard.amxx] no zone-file found
L 05/22/2017 - 08:56:18: -------- Mapchange to deathrun_y_underground --------
L 05/22/2017 - 08:56:19: [AMXX] Failed to open dictionary file: cstrike/addons/amxmodx/data/lang/walkguard.txt
L 05/22/2017 - 08:56:20: [walkguard.amxx] no zone-file found
L 05/22/2017 - 09:37:00: -------- Mapchange to deathrun_privateers --------
L 05/22/2017 - 09:37:02: [AMXX] Failed to open dictionary file: cstrike/addons/amxmodx/data/lang/walkguard.txt
L 05/22/2017 - 09:37:02: [walkguard.amxx] no zone-file found
L 05/22/2017 - 10:18:35: -------- Mapchange to deathrun_rizzy_x --------
L 05/22/2017 - 10:18:36: [AMXX] Failed to open dictionary file: cstrike/addons/amxmodx/data/lang/walkguard.txt
L 05/22/2017 - 10:18:37: [walkguard.amxx] no zone-file found
L 05/22/2017 - 10:28:04: -------- Mapchange to deathrun_forest --------
L 05/22/2017 - 10:28:11: [AMXX] Failed to open dictionary file: cstrike/addons/amxmodx/data/lang/walkguard.txt
L 05/22/2017 - 10:28:13: [walkguard.amxx] no zone-file found
L 05/22/2017 - 10:28:22: Invalid multi-lingual line (file "cstrike/addons/amxmodx/data/lang/rom_protect.txt" key "// *ROM-Protect// Plugin OpenSource anti-IsFlooding/bug-fix pentru orice server." lang "")
L 05/22/2017 - 10:28:22: Invalid multi-lingual line (file "cstrike/addons/amxmodx/data/lang/rom_protect.txt" key "// Versiunea : 1.0.4s-dev. Bulid : 98. Data lansarii versiunii : 03.12.2016." lang "")
L 05/22/2017 - 10:28:22: Invalid multi-lingual line (file "cstrike/addons/amxmodx/data/lang/rom_protect.txt" key "// Autor : lüxor # Dr.Fio & DR2.IND (+ eNd.) - SteamID (contact) : luxxxoor" lang "")
L 05/22/2017 - 10:28:22: Invalid multi-lingual line (file "cstrike/addons/amxmodx/data/lang/rom_protect.txt" key "// O productie FioriGinal.ro - site : www.fioriginal.ro" lang "")
L 05/22/2017 - 10:28:22: Invalid multi-lingual line (file "cstrike/addons/amxmodx/data/lang/rom_protect.txt" key "// Link forum de dezvoltare : http://forum.fioriginal.ro/amxmodx-plugins-pluginuri/rom-protect-anti-flood-bug-fix-t28292.html" lang "")
L 05/22/2017 - 10:28:22: Invalid multi-lingual line (file "cstrike/addons/amxmodx/data/lang/rom_protect.txt" key "// Link sursa : https://github.com/luxxxoor/ROM-Protect" lang "")
L 05/22/2017 - 10:28:22: Invalid multi-lingual line (file "cstrike/addons/amxmodx/data/lang/rom_protect.txt" key "// Colori : ^1 - Culoarea aleasa de jucator cu con_color." lang "")
L 05/22/2017 - 10:28:22: Invalid multi-lingual line (file "cstrike/addons/amxmodx/data/lang/rom_protect.txt" key "//          ^3 - Culoare gri." lang "")
L 05/22/2017 - 10:28:22: Invalid multi-lingual line (file "cstrike/addons/amxmodx/data/lang/rom_protect.txt" key "//          ^4 - Culoare verde." lang "")
L 05/22/2017 - 10:55:48: -------- Mapchange to deathrun_jinglebells --------
L 05/22/2017 - 10:55:49: [AMXX] Failed to open dictionary file: cstrike/addons/amxmodx/data/lang/walkguard.txt
L 05/22/2017 - 10:55:50: [walkguard.amxx] no zone-file found
L 05/22/2017 - 11:23:50: [admin.amxx] Login: "cool<16><STEAM_0:1:25922700><>" became an admin (account "cool") (access "b") (address "5.14.110.87")
L 05/22/2017 - 11:38:50: -------- Mapchange to deathrun_long_run --------
L 05/22/2017 - 11:38:52: [AMXX] Failed to open dictionary file: cstrike/addons/amxmodx/data/lang/walkguard.txt
L 05/22/2017 - 11:38:53: [walkguard.amxx] no zone-file found
L 05/22/2017 - 12:33:27: -------- Mapchange to deathrun_virtualstrike --------
L 05/22/2017 - 12:33:28: [AMXX] Failed to open dictionary file: cstrike/addons/amxmodx/data/lang/walkguard.txt
L 05/22/2017 - 12:33:29: [walkguard.amxx] no zone-file found
L 05/22/2017 - 12:36:17: [admin.amxx] Login: "cool<34><STEAM_0:1:25922700><>" became an admin (account "cool") (access "b") (address "5.14.110.87")
L 05/22/2017 - 12:37:09: [slayafk.amxx] cool a primit slay, deoarece a fost afk mai mult de 30 secunde
L 05/22/2017 - 12:47:25: [admin.amxx] Login: "Stifler<42><STEAM_0:0:1784836802><>" became an admin (account "Stifler") (access "b") (address "31.5.145.190")
L 05/22/2017 - 13:13:09: [admin.amxx] Login: "Stifler<50><STEAM_0:0:1784836802><>" became an admin (account "Stifler") (access "b") (address "31.5.145.190")
L 05/22/2017 - 13:22:03: [admin.amxx] Login: "cool<60><STEAM_0:1:25922700><>" became an admin (account "cool") (access "b") (address "5.14.110.87")
L 05/22/2017 - 13:22:29: [slayafk.amxx] Jumper! a primit slay, deoarece a fost afk mai mult de 30 secunde
L 05/22/2017 - 13:23:09: [slayafk.amxx] Jumper! a primit slay, deoarece a fost afk mai mult de 30 secunde
L 05/22/2017 - 13:24:04: [slayafk.amxx] Jumper! a primit slay, deoarece a fost afk mai mult de 30 secunde
L 05/22/2017 - 13:24:44: [slayafk.amxx] Jumper! a primit slay, deoarece a fost afk mai mult de 30 secunde
L 05/22/2017 - 13:25:39: [slayafk.amxx] Jumper! a primit slay, deoarece a fost afk mai mult de 30 secunde
L 05/22/2017 - 13:36:59: [mapsmenu.amxx] Vote: "cool<60><STEAM_0:1:25922700><>" vote maps (map#1 "deathrun_greyskull") (map#2 "deathrun_hardsurf_v2") (map#3 "") (map#4 "")
L 05/22/2017 - 13:37:11: [mapsmenu.amxx] Vote: Voting successful. Map will be changed to deathrun_greyskull
L 05/22/2017 - 13:40:36: -------- Mapchange to deathrun_greyskull --------
L 05/22/2017 - 13:40:37: [AMXX] Failed to open dictionary file: cstrike/addons/amxmodx/data/lang/walkguard.txt
L 05/22/2017 - 13:40:38: [walkguard.amxx] no zone-file found
L 05/22/2017 - 13:40:38: [admin.amxx] Login: "cool<60><STEAM_0:1:25922700><>" became an admin (account "cool") (access "b") (address "5.14.110.87")
L 05/22/2017 - 13:57:54: [admin.amxx] Login: "cool<75><STEAM_0:1:25922700><>" became an admin (account "cool") (access "b") (address "5.14.110.87")
L 05/22/2017 - 13:58:01: [admincmd.amxx] Cmd: "Dr.FioriGinal.Ro ~ Server Clasi<0><><>" slay "cool<75><STEAM_0:1:25922700><>"
L 05/22/2017 - 14:08:48: -------- Mapchange to deathrun_0mega --------
L 05/22/2017 - 14:08:50: [AMXX] Failed to open dictionary file: cstrike/addons/amxmodx/data/lang/walkguard.txt
L 05/22/2017 - 14:08:51: [walkguard.amxx] no zone-file found
L 05/22/2017 - 14:26:46: [admincmd.amxx] Cmd: "Dr.FioriGinal.Ro ~ Server Clasi<0><><>" slay "Kira<86><VALVE_0:4:64146546><>"
L 05/22/2017 - 14:36:29: -------- Mapchange to deathrun_discovery3 --------
L 05/22/2017 - 14:36:31: [AMXX] Failed to open dictionary file: cstrike/addons/amxmodx/data/lang/walkguard.txt
L 05/22/2017 - 14:36:32: [walkguard.amxx] no zone-file found
L 05/22/2017 - 14:41:25: [admincmd.amxx] Cmd: "Dr.FioriGinal.Ro ~ Server Clasi<0><><>" slay "ColKa<92><VALVE_0:4:533198430><>"
L 05/22/2017 - 14:47:26: [admincmd.amxx] Cmd: "Dr.FioriGinal.Ro ~ Server Clasi<0><><>" slay "GhoSt<96><VALVE_0:4:533198430><>"
L 05/22/2017 - 15:00:28: [admincmd.amxx] Cmd: "Dr.FioriGinal.Ro ~ Server Clasi<0><><>" slay "bUlDoG<102><VALVE_0:4:1219477866><>"
L 05/22/2017 - 15:00:44: [admincmd.amxx] Cmd: "Dr.FioriGinal.Ro ~ Server Clasi<0><><>" slay "bUlDoG<105><VALVE_0:4:1219477866><>"
L 05/22/2017 - 15:16:14: [admincmd.amxx] Cmd: "Dr.FioriGinal.Ro ~ Server Clasi<0><><>" slay "Vladut2<113><STEAM_0:0:1735517759><>"
L 05/22/2017 - 15:24:38: -------- Mapchange to deathrun_adi_blurez --------
L 05/22/2017 - 15:24:39: [AMXX] Failed to open dictionary file: cstrike/addons/amxmodx/data/lang/walkguard.txt
L 05/22/2017 - 15:24:40: [walkguard.amxx] no zone-file found
L 05/22/2017 - 15:48:48: [admincmd.amxx] Cmd: "Dr.FioriGinal.Ro ~ Server Clasi<0><><>" slay "qeCe<122><STEAM_0:0:178764779><>"
L 05/22/2017 - 15:56:44: [admin.amxx] Login: "J.Smith<126><STEAM_0:0:2027364348><>" kicked due to invalid password (account "J.Smith") (address "109.185.5.238")
L 05/22/2017 - 16:12:23: [admincmd.amxx] Cmd: "Dr.FioriGinal.Ro ~ Server Clasi<0><><>" slay "qeCe<128><STEAM_0:0:178764779><>"
L 05/22/2017 - 16:31:46: [admincmd.amxx] Cmd: "Dr.FioriGinal.Ro ~ Server Clasi<0><><>" slay "P0tterf0x ^_^<136><VALVE_0:4:1986730195><>"
L 05/22/2017 - 16:39:02: -------- Mapchange to deathrun_2h_estonia --------
L 05/22/2017 - 16:39:04: [AMXX] Failed to open dictionary file: cstrike/addons/amxmodx/data/lang/walkguard.txt
L 05/22/2017 - 16:39:05: [walkguard.amxx] no zone-file found
L 05/22/2017 - 17:08:00: [admin.amxx] Login: "Stifler<150><STEAM_0:0:1784836802><>" became an admin (account "Stifler") (access "b") (address "31.5.145.190")
L 05/22/2017 - 17:51:41: -------- Mapchange to deathrun_y_underground --------
L 05/22/2017 - 17:51:42: [AMXX] Failed to open dictionary file: cstrike/addons/amxmodx/data/lang/walkguard.txt
L 05/22/2017 - 17:51:43: [walkguard.amxx] no zone-file found
L 05/22/2017 - 17:53:25: [admincmd.amxx] Cmd: "Dr.FioriGinal.Ro ~ Server Clasi<0><><>" slay "CR^zZCristina.<156><VALVE_0:4:239539060><>"
L 05/22/2017 - 18:07:46: [admin.amxx] Login: "anca<161><STEAM_0:0:58514266><>" became an admin (account "anca") (access "bit") (address "109.103.126.196")
L 05/22/2017 - 18:08:16: [admin.amxx] Login: "-rTg|maEsTrOo<162><STEAM_0:1:154430568><>" became an admin (account "-rTg|maEsTrOo") (access "bit") (address "89.123.123.41")
L 05/22/2017 - 18:08:36: [adminchat.amxx] Chat: "-rTg|maEsTrOo<162><STEAM_0:1:154430568><>" chat ":*"
L 05/22/2017 - 18:08:42: [adminchat.amxx] Chat: "anca<161><STEAM_0:0:58514266><>" chat ":*"
L 05/22/2017 - 18:16:02: [admincmd.amxx] Cmd: "-rTg|maEsTrOo<162><STEAM_0:1:154430568><>" slay "mwheeldown.KeBu^<165><STEAM_0:0:1430659934><>"
L 05/22/2017 - 18:18:43: [admin.amxx] Login: "-rTg|maEsTrOo<166><STEAM_0:1:154430568><>" became an admin (account "-rTg|maEsTrOo") (access "bit") (address "89.123.123.41")
L 05/22/2017 - 18:18:53: [admincmd.amxx] Cmd: "-rTg|maEsTrOo<166><STEAM_0:1:154430568><>" changelevel "deathrun_green_h"
L 05/22/2017 - 18:18:55: -------- Mapchange to deathrun_green_h --------
L 05/22/2017 - 18:18:57: [AMXX] Failed to open dictionary file: cstrike/addons/amxmodx/data/lang/walkguard.txt
L 05/22/2017 - 18:18:58: [walkguard.amxx] no zone-file found
L 05/22/2017 - 18:18:58: [admin.amxx] Login: "anca<161><STEAM_0:0:58514266><>" became an admin (account "anca") (access "bit") (address "109.103.126.196")
L 05/22/2017 - 18:18:58: [admin.amxx] Login: "-rTg|maEsTrOo<166><STEAM_0:1:154430568><>" became an admin (account "-rTg|maEsTrOo") (access "bit") (address "89.123.123.41")
L 05/22/2017 - 18:44:34: [mapsmenu.amxx] Vote: "anca<161><STEAM_0:0:58514266><>" vote maps (map#1 "deathrun_bhopz_v3_ka") (map#2 "deathrun_genius") (map#3 "") (map#4 "")
L 05/22/2017 - 18:44:46: [mapsmenu.amxx] Vote: Voting successful. Map will be changed to deathrun_bhopz_v3_ka
L 05/22/2017 - 18:45:07: -------- Mapchange to deathrun_bhopz_v3_ka --------
L 05/22/2017 - 18:45:08: [AMXX] Failed to open dictionary file: cstrike/addons/amxmodx/data/lang/walkguard.txt
L 05/22/2017 - 18:45:09: [walkguard.amxx] no zone-file found
L 05/22/2017 - 18:45:09: [admin.amxx] Login: "-rTg|maEsTrOo<166><STEAM_0:1:154430568><>" became an admin (account "-rTg|maEsTrOo") (access "bit") (address "89.123.123.41")
L 05/22/2017 - 18:45:09: [admin.amxx] Login: "anca<161><STEAM_0:0:58514266><>" became an admin (account "anca") (access "bit") (address "109.103.126.196")
L 05/22/2017 - 18:45:11: [admin.amxx] Login: "anca<185><STEAM_0:0:58514266><>" became an admin (account "anca") (access "bit") (address "109.103.126.196")
L 05/22/2017 - 18:49:25: [admin.amxx] Login: "-rTg|maEsTrOo<190><STEAM_0:1:154430568><>" became an admin (account "-rTg|maEsTrOo") (access "bit") (address "89.123.123.41")
L 05/22/2017 - 18:55:26: [adminchat.amxx] Chat: "ã‚¢ãƒ†ãƒ ãƒ•ã‚¡ãƒ©ã‚ª<197><STEAM_0:0:1490348527><>" chat ":("
L 05/22/2017 - 18:55:29: [adminchat.amxx] Chat: "ã‚¢ãƒ†ãƒ ãƒ•ã‚¡ãƒ©ã‚ª<197><STEAM_0:0:1490348527><>" chat "ban permanent pls"
L 05/22/2017 - 18:59:11: [admincmd.amxx] Kick: "-rTg|maEsTrOo<190><STEAM_0:1:154430568><>" kick "ban permanent pls<197><STEAM_0:0:1490348527><>" (reason "")
L 05/22/2017 - 19:07:34: [slayafk.amxx] anca a primit slay, deoarece a fost afk mai mult de 30 secunde
L 05/22/2017 - 19:09:06: [mapsmenu.amxx] Vote: "anca<185><STEAM_0:0:58514266><>" vote maps (map#1 "deathrun_alpin_spring") (map#2 "deathrun_hell1337_final") (map#3 "") (map#4 "")
L 05/22/2017 - 19:09:18: [mapsmenu.amxx] Vote: Voting successful. Map will be changed to deathrun_hell1337_final
L 05/22/2017 - 19:11:48: -------- Mapchange to deathrun_hell1337_final --------
L 05/22/2017 - 19:11:49: [AMXX] Failed to open dictionary file: cstrike/addons/amxmodx/data/lang/walkguard.txt
L 05/22/2017 - 19:11:51: [walkguard.amxx] no zone-file found
L 05/22/2017 - 19:11:51: [admin.amxx] Login: "anca<185><STEAM_0:0:58514266><>" became an admin (account "anca") (access "bit") (address "109.103.126.196")
L 05/22/2017 - 19:11:51: [admin.amxx] Login: "-rTg|maEsTrOo<190><STEAM_0:1:154430568><>" became an admin (account "-rTg|maEsTrOo") (access "bit") (address "89.123.123.41")
L 05/22/2017 - 19:11:52: [admin.amxx] Login: "anca<203><STEAM_0:0:58514266><>" became an admin (account "anca") (access "bit") (address "109.103.126.196")
L 05/22/2017 - 19:11:52: [admin.amxx] Login: "-rTg|maEsTrOo<205><STEAM_0:1:154430568><>" became an admin (account "-rTg|maEsTrOo") (access "bit") (address "89.123.123.41")
L 05/22/2017 - 19:20:47: [adminchat.amxx] Chat: "ã‚¢ãƒ†ãƒ ãƒ•ã‚¡ãƒ©ã‚ª<210><STEAM_0:0:1490348527><>" chat "spune-i lui dawN sa-ti spuna tie sa-mi dai ban permanent :)"
L 05/22/2017 - 19:27:40: [slayafk.amxx] Urs a primit slay, deoarece a fost afk mai mult de 30 secunde
L 05/22/2017 - 19:28:46: [admin.amxx] Login: "Bidi<220><STEAM_0:1:45864800><>" became an admin (account "Bidi") (access "bit") (address "176.223.53.223")
L 05/22/2017 - 19:28:48: [admin.amxx] Login: "Bidi<221><STEAM_0:1:45864800><>" became an admin (account "Bidi") (access "bit") (address "176.223.53.223")
L 05/22/2017 - 19:32:30: [slayafk.amxx] Urs a primit slay, deoarece a fost afk mai mult de 30 secunde
L 05/22/2017 - 19:32:30: [slayafk.amxx] mwheeldown.KeBu^ a primit slay, deoarece a fost afk mai mult de 30 secunde
L 05/22/2017 - 19:34:25: [slayafk.amxx] mwheeldown.KeBu^ a primit slay, deoarece a fost afk mai mult de 30 secunde
L 05/22/2017 - 19:36:37: [admin.amxx] Login: "-rTg|maEsTrOo<226><STEAM_0:1:154430568><>" became an admin (account "-rTg|maEsTrOo") (access "bit") (address "89.123.123.41")
L 05/22/2017 - 19:36:41: [mapsmenu.amxx] Vote: "Bidi<221><STEAM_0:1:45864800><>" vote maps (map#1 "deathrun_clarion_dojo_b3") (map#2 "deathrun_snow_wind") (map#3 "") (map#4 "")
L 05/22/2017 - 19:36:46: [admin.amxx] Login: "-rTg|maEsTrOo<228><STEAM_0:1:154430568><>" became an admin (account "-rTg|maEsTrOo") (access "bit") (address "89.123.123.41")
L 05/22/2017 - 19:36:54: [mapsmenu.amxx] Vote: Voting successful. Map will be changed to deathrun_snow_wind
L 05/22/2017 - 19:38:18: -------- Mapchange to deathrun_snow_wind --------
L 05/22/2017 - 19:38:19: [AMXX] Failed to open dictionary file: cstrike/addons/amxmodx/data/lang/walkguard.txt
L 05/22/2017 - 19:38:20: [walkguard.amxx] no zone-file found
L 05/22/2017 - 19:38:21: [admin.amxx] Login: "anca<203><STEAM_0:0:58514266><>" became an admin (account "anca") (access "bit") (address "109.103.126.196")
L 05/22/2017 - 19:38:21: [admin.amxx] Login: "Bidi<221><STEAM_0:1:45864800><>" became an admin (account "Bidi") (access "bit") (address "176.223.53.223")
L 05/22/2017 - 19:38:21: [admin.amxx] Login: "-rTg|maEsTrOo<228><STEAM_0:1:154430568><>" became an admin (account "-rTg|maEsTrOo") (access "bit") (address "89.123.123.41")
L 05/22/2017 - 19:38:22: [admin.amxx] Login: "anca<230><STEAM_0:0:58514266><>" became an admin (account "anca") (access "bit") (address "109.103.126.196")
L 05/22/2017 - 19:38:23: [admin.amxx] Login: "-rTg|maEsTrOo<231><STEAM_0:1:154430568><>" became an admin (account "-rTg|maEsTrOo") (access "bit") (address "89.123.123.41")
L 05/22/2017 - 19:38:24: [admin.amxx] Login: "Bidi<232><STEAM_0:1:45864800><>" became an admin (account "Bidi") (access "bit") (address "176.223.53.223")
L 05/22/2017 - 19:49:00: [slayafk.amxx] anca a primit slay, deoarece a fost afk mai mult de 30 secunde
L 05/22/2017 - 20:04:29: -------- Mapchange to deathrun_jigsaw2 --------
L 05/22/2017 - 20:04:30: [AMXX] Failed to open dictionary file: cstrike/addons/amxmodx/data/lang/walkguard.txt
L 05/22/2017 - 20:04:32: [walkguard.amxx] no zone-file found
L 05/22/2017 - 20:04:32: [admin.amxx] Login: "-rTg|maEsTrOo<231><STEAM_0:1:154430568><>" became an admin (account "-rTg|maEsTrOo") (access "bit") (address "89.123.123.41")
L 05/22/2017 - 20:05:31: [slayafk.amxx] -rTg|maEsTrOo a primit slay, deoarece a fost afk mai mult de 30 secunde
L 05/22/2017 - 20:07:46: [slayafk.amxx] -rTg|maEsTrOo a primit slay, deoarece a fost afk mai mult de 30 secunde
L 05/22/2017 - 20:21:31: [slayafk.amxx] -rTg|maEsTrOo a primit slay, deoarece a fost afk mai mult de 30 secunde
L 05/22/2017 - 20:22:41: [slayafk.amxx] -rTg|maEsTrOo a primit slay, deoarece a fost afk mai mult de 30 secunde
L 05/22/2017 - 20:24:40: [admin.amxx] Login: "anca<282><STEAM_0:0:58514266><>" became an admin (account "anca") (access "bit") (address "109.103.126.196")
L 05/22/2017 - 20:25:12: [admincmd.amxx] Cmd: "anca<282><STEAM_0:0:58514266><>" ask for players list
L 05/22/2017 - 20:25:30: [admincmd.amxx] Cmd: "Dr.FioriGinal.Ro ~ Server Clasi<0><><>" slay "chocolate<283><VALVE_0:4:1493672704><>"
L 05/22/2017 - 20:25:35: [admincmd.amxx] Cmd: "Dr.FioriGinal.Ro ~ Server Clasi<0><><>" slay "ultras^<284><STEAM_0:1:72112803><>"
L 05/22/2017 - 20:26:21: [slayafk.amxx] -rTg|maEsTrOo a primit slay, deoarece a fost afk mai mult de 30 secunde
L 05/22/2017 - 20:26:35: [admincmd.amxx] Cmd: "Dr.FioriGinal.Ro ~ Server Clasi<0><><>" slay "ultras^<285><STEAM_0:1:72112803><>"
L 05/22/2017 - 20:27:21: [slayafk.amxx] -rTg|maEsTrOo a primit slay, deoarece a fost afk mai mult de 30 secunde
L 05/22/2017 - 20:28:26: [slayafk.amxx] -rTg|maEsTrOo a primit slay, deoarece a fost afk mai mult de 30 secunde
L 05/22/2017 - 20:29:41: [slayafk.amxx] -rTg|maEsTrOo a primit slay, deoarece a fost afk mai mult de 30 secunde
L 05/22/2017 - 20:31:46: [slayafk.amxx] -rTg|maEsTrOo a primit slay, deoarece a fost afk mai mult de 30 secunde
L 05/22/2017 - 20:32:54: [admin.amxx] Login: "tiganu<286><STEAM_0:0:187978272><>" became an admin (account "tiganu") (access "b") (address "79.117.128.134")
L 05/22/2017 - 20:35:31: [slayafk.amxx] -rTg|maEsTrOo a primit slay, deoarece a fost afk mai mult de 30 secunde
L 05/22/2017 - 20:37:51: [slayafk.amxx] -rTg|maEsTrOo a primit slay, deoarece a fost afk mai mult de 30 secunde
L 05/22/2017 - 20:38:51: [slayafk.amxx] -rTg|maEsTrOo a primit slay, deoarece a fost afk mai mult de 30 secunde
L 05/22/2017 - 20:41:32: [admincmd.amxx] Cmd: "Dr.FioriGinal.Ro ~ Server Clasi<0><><>" slay "chocolate<292><VALVE_0:4:1493672704><>"
L 05/22/2017 - 20:42:16: [slayafk.amxx] -rTg|maEsTrOo a primit slay, deoarece a fost afk mai mult de 30 secunde
L 05/22/2017 - 20:42:42: -------- Mapchange to deathrun_christmas --------
L 05/22/2017 - 20:42:44: [AMXX] Failed to open dictionary file: cstrike/addons/amxmodx/data/lang/walkguard.txt
L 05/22/2017 - 20:42:45: [walkguard.amxx] no zone-file found
L 05/22/2017 - 20:42:45: [admin.amxx] Login: "-rTg|maEsTrOo<231><STEAM_0:1:154430568><>" became an admin (account "-rTg|maEsTrOo") (access "bit") (address "89.123.123.41")
L 05/22/2017 - 20:42:45: [admin.amxx] Login: "-rTg|maEsTrOo<293><STEAM_0:1:154430568><>" became an admin (account "-rTg|maEsTrOo") (access "bit") (address "89.123.123.41")
L 05/22/2017 - 20:43:25: [slayafk.amxx] -rTg|maEsTrOo a primit slay, deoarece a fost afk mai mult de 30 secunde
L 05/22/2017 - 20:44:00: [slayafk.amxx] -rTg|maEsTrOo a primit slay, deoarece a fost afk mai mult de 30 secunde
L 05/22/2017 - 20:45:43: [admincmd.amxx] Cmd: "Dr.FioriGinal.Ro ~ Server Clasi<0><><>" slay "chocolate<301><VALVE_0:4:1493672704><>"
L 05/22/2017 - 20:46:05: [admincmd.amxx] Cmd: "Dr.FioriGinal.Ro ~ Server Clasi<0><><>" slay "chocolate<303><VALVE_0:4:1493672704><>"
L 05/22/2017 - 20:51:45: [slayafk.amxx] -rTg|maEsTrOo a primit slay, deoarece a fost afk mai mult de 30 secunde
L 05/22/2017 - 21:10:30: [slayafk.amxx] -rTg|maEsTrOo a primit slay, deoarece a fost afk mai mult de 30 secunde
L 05/22/2017 - 21:21:20: [slayafk.amxx] -rTg|maEsTrOo a primit slay, deoarece a fost afk mai mult de 30 secunde
L 05/22/2017 - 21:21:55: [slayafk.amxx] -rTg|maEsTrOo a primit slay, deoarece a fost afk mai mult de 30 secunde
L 05/22/2017 - 21:30:30: [slayafk.amxx] -rTg|maEsTrOo a primit slay, deoarece a fost afk mai mult de 30 secunde
L 05/22/2017 - 21:38:37: [admincmd.amxx] Cmd: "Dr.FioriGinal.Ro ~ Server Clasi<0><><>" slay "gF.lL[u]ck<330><STEAM_0:0:1322934216><>"
L 05/22/2017 - 21:45:54: [admincmd.amxx] Cmd: "Dr.FioriGinal.Ro ~ Server Clasi<0><><>" slay "TG.BOGDAN #STT1<333><VALVE_0:4:70011122><>"
L 05/22/2017 - 21:46:22: [admincmd.amxx] Cmd: "Dr.FioriGinal.Ro ~ Server Clasi<0><><>" slay "TG.BOGDAN #STT1<335><VALVE_0:4:70011122><>"
L 05/22/2017 - 21:52:03: [admincmd.amxx] Cmd: "Dr.FioriGinal.Ro ~ Server Clasi<0><><>" slay "TG.BOGDAN #STT1<337><VALVE_0:4:70011122><>"
L 05/22/2017 - 22:11:12: -------- Mapchange to deathrun_jinglebells2 --------
L 05/22/2017 - 22:11:13: [AMXX] Failed to open dictionary file: cstrike/addons/amxmodx/data/lang/walkguard.txt
L 05/22/2017 - 22:11:15: [walkguard.amxx] no zone-file found
L 05/22/2017 - 22:19:38: [admincmd.amxx] Cmd: "Dr.FioriGinal.Ro ~ Server Clasi<0><><>" slay "Ro.# iNdecEnT<349><STEAM_0:0:58082199><>"
L 05/22/2017 - 22:20:12: [admincmd.amxx] Cmd: "Dr.FioriGinal.Ro ~ Server Clasi<0><><>" slay "Ro.#iNdecEnT<351><STEAM_0:0:58082199><>"
L 05/22/2017 - 22:29:50: [admincmd.amxx] Cmd: "Dr.FioriGinal.Ro ~ Server Clasi<0><><>" slay "kel<358><STEAM_0:0:1016541550><>"
L 05/22/2017 - 22:30:03: [admincmd.amxx] Cmd: "Dr.FioriGinal.Ro ~ Server Clasi<0><><>" slay "kel<361><STEAM_0:0:1016541550><>"
L 05/22/2017 - 22:35:54: [slayafk.amxx] Fullserver-Squ4ky- a primit slay, deoarece a fost afk mai mult de 30 secunde
L 05/22/2017 - 23:07:41: [admincmd.amxx] Cmd: "Dr.FioriGinal.Ro ~ Server Clasi<0><><>" slay "SheiKh<378><STEAM_0:1:90372952><>"
L 05/22/2017 - 23:37:13: -------- Mapchange to deathrun_gb_winter_final4 --------
L 05/22/2017 - 23:37:14: [AMXX] Failed to open dictionary file: cstrike/addons/amxmodx/data/lang/walkguard.txt
L 05/22/2017 - 23:37:15: [walkguard.amxx] no zone-file found
L 05/22/2017 - 23:38:35: [slayafk.amxx] SheiKh a primit slay, deoarece a fost afk mai mult de 30 secunde
L 05/22/2017 - 23:41:21: [admincmd.amxx] Cmd: "Dr.FioriGinal.Ro ~ Server Clasi<0><><>" slay "SheiKh<388><STEAM_0:1:90372952><>"
L 05/22/2017 - 23:41:55: [slayafk.amxx] SheiKh a primit slay, deoarece a fost afk mai mult de 30 secunde
L 05/22/2017 - 23:45:30: [slayafk.amxx] SheiKh a primit slay, deoarece a fost afk mai mult de 30 secunde
L 05/22/2017 - 23:48:15: [slayafk.amxx] SheiKh a primit slay, deoarece a fost afk mai mult de 30 secunde
