L 06/13/2017 - 00:14:25: -------- Mapchange to deathrun_virtualstrike --------
L 06/13/2017 - 00:14:26: [AMXX] Failed to open dictionary file: cstrike/addons/amxmodx/data/lang/walkguard.txt
L 06/13/2017 - 00:14:27: [walkguard.amxx] no zone-file found
L 06/13/2017 - 01:36:32: -------- Mapchange to deathrun_nightrun_beta3 --------
L 06/13/2017 - 01:36:33: [AMXX] Failed to open dictionary file: cstrike/addons/amxmodx/data/lang/walkguard.txt
L 06/13/2017 - 01:36:34: [walkguard.amxx] no zone-file found
L 06/13/2017 - 06:14:03: -------- Mapchange to deathrun_0mega --------
L 06/13/2017 - 06:14:04: [AMXX] Failed to open dictionary file: cstrike/addons/amxmodx/data/lang/walkguard.txt
L 06/13/2017 - 06:14:05: [walkguard.amxx] no zone-file found
L 06/13/2017 - 06:51:32: -------- Mapchange to deathrun_discovery3 --------
L 06/13/2017 - 06:51:34: [AMXX] Failed to open dictionary file: cstrike/addons/amxmodx/data/lang/walkguard.txt
L 06/13/2017 - 06:51:35: [walkguard.amxx] no zone-file found
L 06/13/2017 - 07:58:20: -------- Mapchange to deathrun_adi_blurez --------
L 06/13/2017 - 07:58:22: [AMXX] Failed to open dictionary file: cstrike/addons/amxmodx/data/lang/walkguard.txt
L 06/13/2017 - 07:58:23: [walkguard.amxx] no zone-file found
L 06/13/2017 - 08:35:55: -------- Mapchange to deathrun_2h_estonia --------
L 06/13/2017 - 08:35:56: [AMXX] Failed to open dictionary file: cstrike/addons/amxmodx/data/lang/walkguard.txt
L 06/13/2017 - 08:35:57: [walkguard.amxx] no zone-file found
L 06/13/2017 - 09:37:37: -------- Mapchange to deathrun_y_underground --------
L 06/13/2017 - 09:37:38: [AMXX] Failed to open dictionary file: cstrike/addons/amxmodx/data/lang/walkguard.txt
L 06/13/2017 - 09:37:39: [walkguard.amxx] no zone-file found
L 06/13/2017 - 09:41:44: [admincmd.amxx] Cmd: "Dr.FioriGinal.Ro ~ Server Clasi<0><><>" slay "*JASiK*<103><STEAM_0:0:921000370><>"
L 06/13/2017 - 10:24:18: [admincmd.amxx] Cmd: "Dr.FioriGinal.Ro ~ Server Clasi<0><><>" slay "Bong<114><VALVE_0:4:959896178><>"
L 06/13/2017 - 10:56:11: -------- Mapchange to deathrun_privateers --------
L 06/13/2017 - 10:56:12: [AMXX] Failed to open dictionary file: cstrike/addons/amxmodx/data/lang/walkguard.txt
L 06/13/2017 - 10:56:13: [walkguard.amxx] no zone-file found
L 06/13/2017 - 11:21:43: [admin.amxx] Login: "Stifler<124><STEAM_0:0:1098544123><>" became an admin (account "Stifler") (access "b") (address "31.5.145.190")
L 06/13/2017 - 11:21:48: [admin.amxx] Login: "Stifler<125><STEAM_0:0:1098544123><>" became an admin (account "Stifler") (access "b") (address "31.5.145.190")
L 06/13/2017 - 11:22:07: -------- Mapchange to deathrun_rizzy_x --------
L 06/13/2017 - 11:22:09: [AMXX] Failed to open dictionary file: cstrike/addons/amxmodx/data/lang/walkguard.txt
L 06/13/2017 - 11:22:09: [walkguard.amxx] no zone-file found
L 06/13/2017 - 11:22:10: [admin.amxx] Login: "Stifler<125><STEAM_0:0:1098544123><>" became an admin (account "Stifler") (access "b") (address "31.5.145.190")
L 06/13/2017 - 11:22:12: [admin.amxx] Login: "Stifler<126><STEAM_0:0:1098544123><>" became an admin (account "Stifler") (access "b") (address "31.5.145.190")
L 06/13/2017 - 11:30:04: [admin.amxx] Login: "Stifler<131><STEAM_0:0:1098544123><>" became an admin (account "Stifler") (access "b") (address "31.5.145.190")
L 06/13/2017 - 11:52:39: -------- Mapchange to deathrun_ghosts --------
L 06/13/2017 - 11:52:40: [AMXX] Failed to open dictionary file: cstrike/addons/amxmodx/data/lang/walkguard.txt
L 06/13/2017 - 11:52:41: [walkguard.amxx] no zone-file found
L 06/13/2017 - 12:06:09: [admin.amxx] Login: "-rTg|maEsTrOo<144><STEAM_0:1:154430568><>" became an admin (account "-rTg|maEsTrOo") (access "bit") (address "109.96.100.175")
L 06/13/2017 - 12:25:14: [admin.amxx] Login: "-rTg|maEsTrOo<149><STEAM_0:1:154430568><>" became an admin (account "-rTg|maEsTrOo") (access "bit") (address "109.96.100.175")
L 06/13/2017 - 12:33:15: [slayafk.amxx] -rTg|maEsTrOo a primit slay, deoarece a fost afk mai mult de 30 secunde
L 06/13/2017 - 12:43:09: [admin.amxx] Login: "anca<150><STEAM_0:1:168166739><>" became an admin (account "anca") (access "bit") (address "109.103.126.196")
L 06/13/2017 - 12:43:11: [admin.amxx] Login: "anca<151><STEAM_0:1:168166739><>" became an admin (account "anca") (access "bit") (address "109.103.126.196")
L 06/13/2017 - 12:43:31: -------- Mapchange to deathrun_sk_occult --------
L 06/13/2017 - 12:43:32: [AMXX] Failed to open dictionary file: cstrike/addons/amxmodx/data/lang/walkguard.txt
L 06/13/2017 - 12:43:33: [admin.amxx] Login: "anca<151><STEAM_0:1:168166739><>" became an admin (account "anca") (access "bit") (address "109.103.126.196")
L 06/13/2017 - 12:43:33: [walkguard.amxx] no zone-file found
L 06/13/2017 - 12:48:17: [admin.amxx] Login: "Stifler<157><STEAM_0:0:1098544123><>" became an admin (account "Stifler") (access "b") (address "31.5.145.190")
L 06/13/2017 - 12:48:20: [admin.amxx] Login: "Stifler<158><STEAM_0:0:1098544123><>" became an admin (account "Stifler") (access "b") (address "31.5.145.190")
L 06/13/2017 - 12:51:41: [admincmd.amxx] Cmd: "Dr.FioriGinal.Ro ~ Server Clasi<0><><>" slay "Sasuke<159><VALVE_0:4:2067334932><>"
L 06/13/2017 - 12:58:16: [admin.amxx] Login: "anca<162><STEAM_0:1:168166739><>" became an admin (account "anca") (access "bit") (address "109.103.126.196")
L 06/13/2017 - 13:11:17: [slayafk.amxx] anca a primit slay, deoarece a fost afk mai mult de 30 secunde
L 06/13/2017 - 13:14:43: [admincmd.amxx] Cmd: "Dr.FioriGinal.Ro ~ Server Clasi<0><><>" slay "Bong<167><VALVE_0:4:1404885618><>"
L 06/13/2017 - 13:20:50: [admincmd.amxx] Cmd: "Dr.FioriGinal.Ro ~ Server Clasi<0><><>" slay "Bong<169><VALVE_0:4:1404885618><>"
L 06/13/2017 - 13:54:04: -------- Mapchange to deathrun_jigsaw2 --------
L 06/13/2017 - 13:54:06: [AMXX] Failed to open dictionary file: cstrike/addons/amxmodx/data/lang/walkguard.txt
L 06/13/2017 - 13:54:07: [walkguard.amxx] no zone-file found
L 06/13/2017 - 13:58:01: [slayafk.amxx] Eazy. 'Zew a primit slay, deoarece a fost afk mai mult de 30 secunde
L 06/13/2017 - 14:31:49: [admincmd.amxx] Cmd: "Dr.FioriGinal.Ro ~ Server Clasi<0><><>" slay "Alex Mlt<201><STEAM_0:0:1745292000><>"
L 06/13/2017 - 14:54:53: [admin.amxx] Login: "Stifler<212><STEAM_0:0:1098544123><>" became an admin (account "Stifler") (access "b") (address "31.5.145.190")
L 06/13/2017 - 14:55:06: [admin.amxx] Login: "Stifler<213><STEAM_0:0:1098544123><>" became an admin (account "Stifler") (access "b") (address "31.5.145.190")
L 06/13/2017 - 14:56:25: [admincmd.amxx] Cmd: "Dr.FioriGinal.Ro ~ Server Clasi<0><><>" slay "Bong<214><VALVE_0:4:1404885618><>"
L 06/13/2017 - 14:57:43: [admincmd.amxx] Cmd: "Dr.FioriGinal.Ro ~ Server Clasi<0><><>" slay "Bong<216><VALVE_0:4:1404885618><>"
L 06/13/2017 - 15:01:10: [admincmd.amxx] Cmd: "Dr.FioriGinal.Ro ~ Server Clasi<0><><>" slay "Bong<217><VALVE_0:4:1404885618><>"
L 06/13/2017 - 15:01:21: [admincmd.amxx] Cmd: "Dr.FioriGinal.Ro ~ Server Clasi<0><><>" slay "Sabina :3<218><VALVE_0:4:994641270><>"
L 06/13/2017 - 15:01:24: [admincmd.amxx] Cmd: "Dr.FioriGinal.Ro ~ Server Clasi<0><><>" slay "Bong<219><VALVE_0:4:1404885618><>"
L 06/13/2017 - 15:01:30: [admincmd.amxx] Cmd: "Dr.FioriGinal.Ro ~ Server Clasi<0><><>" slay "Bong<220><VALVE_0:4:1404885618><>"
L 06/13/2017 - 15:01:44: [admincmd.amxx] Cmd: "Dr.FioriGinal.Ro ~ Server Clasi<0><><>" slay "Bong<221><VALVE_0:4:1404885618><>"
L 06/13/2017 - 15:46:26: -------- Mapchange to deathrun_christmas --------
L 06/13/2017 - 15:46:27: [AMXX] Failed to open dictionary file: cstrike/addons/amxmodx/data/lang/walkguard.txt
L 06/13/2017 - 15:46:28: [walkguard.amxx] no zone-file found
L 06/13/2017 - 15:49:27: [admincmd.amxx] Cmd: "Dr.FioriGinal.Ro ~ Server Clasi<0><><>" slay "Bong<237><VALVE_0:4:1404885618><>"
L 06/13/2017 - 15:50:56: [admincmd.amxx] Cmd: "Dr.FioriGinal.Ro ~ Server Clasi<0><><>" slay "Bong<238><VALVE_0:4:1404885618><>"
L 06/13/2017 - 16:14:35: -------- Mapchange to deathrun_jinglebells2 --------
L 06/13/2017 - 16:14:37: [AMXX] Failed to open dictionary file: cstrike/addons/amxmodx/data/lang/walkguard.txt
L 06/13/2017 - 16:14:38: [walkguard.amxx] no zone-file found
L 06/13/2017 - 16:59:44: -------- Mapchange to deathrun_gb_winter_final4 --------
L 06/13/2017 - 16:59:45: [AMXX] Failed to open dictionary file: cstrike/addons/amxmodx/data/lang/walkguard.txt
L 06/13/2017 - 16:59:46: [walkguard.amxx] no zone-file found
L 06/13/2017 - 17:13:27: [admincmd.amxx] Cmd: "Dr.FioriGinal.Ro ~ Server Clasi<0><><>" slay "the weeknd<263><VALVE_0:4:1525369595><>"
L 06/13/2017 - 17:23:56: [slayafk.amxx] D0NN a primit slay, deoarece a fost afk mai mult de 30 secunde
L 06/13/2017 - 17:32:28: [admincmd.amxx] Cmd: "Dr.FioriGinal.Ro ~ Server Clasi<0><><>" slay "Jocker001<269><STEAM_0:0:549825116><>"
L 06/13/2017 - 17:41:05: [admincmd.amxx] Cmd: "Dr.FioriGinal.Ro ~ Server Clasi<0><><>" slay "TRAPPIN' IN HEAVEN ~<276><STEAM_0:1:123183210><>"
L 06/13/2017 - 17:41:21: [admincmd.amxx] Cmd: "Dr.FioriGinal.Ro ~ Server Clasi<0><><>" slay "TRAPPIN' IN HEAVEN ~<277><STEAM_0:1:123183210><>"
L 06/13/2017 - 17:46:51: [admin.amxx] Login: "Daky69<280><STEAM_0:0:1674484390><>" became an admin (account "Daky69") (access "b") (address "89.123.103.67")
L 06/13/2017 - 17:52:45: [admincmd.amxx] Cmd: "Dr.FioriGinal.Ro ~ Server Clasi<0><><>" slay "TuNelu<284><STEAM_0:0:893894160><>"
L 06/13/2017 - 17:58:26: [slayafk.amxx] D0NN a primit slay, deoarece a fost afk mai mult de 30 secunde
L 06/13/2017 - 18:17:31: [slayafk.amxx] D0NN a primit slay, deoarece a fost afk mai mult de 30 secunde
L 06/13/2017 - 18:39:51: [slayafk.amxx] D0NN a primit slay, deoarece a fost afk mai mult de 30 secunde
L 06/13/2017 - 18:42:16: [slayafk.amxx] D0NN a primit slay, deoarece a fost afk mai mult de 30 secunde
L 06/13/2017 - 18:44:56: [slayafk.amxx] D0NN a primit slay, deoarece a fost afk mai mult de 30 secunde
L 06/13/2017 - 18:45:58: [admincmd.amxx] Cmd: "Dr.FioriGinal.Ro ~ Server Clasi<0><><>" slay "[{RPG}]Tyk<301><STEAM_0:0:746636663><>"
L 06/13/2017 - 18:46:51: [slayafk.amxx] D0NN a primit slay, deoarece a fost afk mai mult de 30 secunde
L 06/13/2017 - 18:48:46: [slayafk.amxx] D0NN a primit slay, deoarece a fost afk mai mult de 30 secunde
L 06/13/2017 - 19:14:12: [admincmd.amxx] Cmd: "Dr.FioriGinal.Ro ~ Server Clasi<0><><>" slay "Bong<306><VALVE_0:4:1404885618><>"
L 06/13/2017 - 19:14:27: [admincmd.amxx] Cmd: "Dr.FioriGinal.Ro ~ Server Clasi<0><><>" slay "Bong<309><VALVE_0:4:1404885618><>"
L 06/13/2017 - 19:20:11: [admincmd.amxx] Cmd: "Dr.FioriGinal.Ro ~ Server Clasi<0><><>" slay "Bong<314><VALVE_0:4:1404885618><>"
L 06/13/2017 - 19:22:01: [admincmd.amxx] Cmd: "Dr.FioriGinal.Ro ~ Server Clasi<0><><>" slay "Bong<316><VALVE_0:4:1404885618><>"
L 06/13/2017 - 19:25:31: [slayafk.amxx] D0NN a primit slay, deoarece a fost afk mai mult de 30 secunde
L 06/13/2017 - 19:27:33: [admincmd.amxx] Cmd: "Dr.FioriGinal.Ro ~ Server Clasi<0><><>" slay "Bong<320><VALVE_0:4:1404885618><>"
L 06/13/2017 - 19:28:21: [slayafk.amxx] D0NN a primit slay, deoarece a fost afk mai mult de 30 secunde
L 06/13/2017 - 19:29:28: [admincmd.amxx] Cmd: "Dr.FioriGinal.Ro ~ Server Clasi<0><><>" slay "Obster<323><VALVE_0:4:700929907><>"
L 06/13/2017 - 19:54:07: -------- Mapchange to deathrun_expres-winter --------
L 06/13/2017 - 19:54:09: [AMXX] Failed to open dictionary file: cstrike/addons/amxmodx/data/lang/walkguard.txt
L 06/13/2017 - 19:54:10: [walkguard.amxx] no zone-file found
L 06/13/2017 - 20:30:27: -------- Mapchange to deathrun_alleywinter --------
L 06/13/2017 - 20:30:28: [AMXX] Failed to open dictionary file: cstrike/addons/amxmodx/data/lang/walkguard.txt
L 06/13/2017 - 20:30:29: [walkguard.amxx] no zone-file found
L 06/13/2017 - 21:03:59: [slayafk.amxx] FANAT M9SNIKA a primit slay, deoarece a fost afk mai mult de 30 secunde
L 06/13/2017 - 21:15:09: [slayafk.amxx] Talent a primit slay, deoarece a fost afk mai mult de 30 secunde
L 06/13/2017 - 21:55:56: -------- Mapchange to deathrun_trenal_lux --------
L 06/13/2017 - 21:55:58: [AMXX] Failed to open dictionary file: cstrike/addons/amxmodx/data/lang/walkguard.txt
L 06/13/2017 - 21:55:59: [walkguard.amxx] no zone-file found
L 06/13/2017 - 22:10:51: [admincmd.amxx] Cmd: "Dr.FioriGinal.Ro ~ Server Clasi<0><><>" slay "[mr] isam ghaith<360><STEAM_0:0:997819823><>"
L 06/13/2017 - 22:14:58: [slayafk.amxx] [mr] isam ghaith a primit slay, deoarece a fost afk mai mult de 30 secunde
L 06/13/2017 - 22:16:50: [admincmd.amxx] Cmd: "Dr.FioriGinal.Ro ~ Server Clasi<0><><>" slay "[mr] isam ghaith<362><STEAM_0:0:997819823><>"
L 06/13/2017 - 22:35:08: [admin.amxx] Login: "FAKE ^^<365><STEAM_0:0:272564954><>" became an admin (account "FAKE ^^") (access "bit") (address "95.76.3.46")
L 06/13/2017 - 22:50:44: [admin.amxx] Login: "FAKE ^^<369><STEAM_0:0:272564954><>" became an admin (account "FAKE ^^") (access "bit") (address "95.76.3.46")
L 06/13/2017 - 22:51:20: -------- Mapchange to deathrun_greyskull --------
L 06/13/2017 - 22:51:21: [AMXX] Failed to open dictionary file: cstrike/addons/amxmodx/data/lang/walkguard.txt
L 06/13/2017 - 22:51:22: [walkguard.amxx] no zone-file found
L 06/13/2017 - 22:51:22: [admin.amxx] Login: "FAKE ^^<369><STEAM_0:0:272564954><>" became an admin (account "FAKE ^^") (access "bit") (address "95.76.3.46")
L 06/13/2017 - 22:51:24: [admin.amxx] Login: "FAKE ^^<370><STEAM_0:0:272564954><>" became an admin (account "FAKE ^^") (access "bit") (address "95.76.3.46")
