L 01/16/2017 - 00:09:45: [slayafk.amxx] Ene[R]gy^_  FiNs0N WaRSiMpS0NpF a primit slay, deoarece a fost afk mai mult de 30 secunde
L 01/16/2017 - 00:19:45: -------- Mapchange to deathrun_clarion_dojo_b3 --------
L 01/16/2017 - 00:19:47: [comp_timer2.amxx] Error on query: You have an error in your SQL syntax; check the manual that corresponds to your MySQL server version for the right syntax to use near '' at line 1
L 01/16/2017 - 00:19:47: [comp_timer2.amxx] FailState == TQUERY_QUERY_FAILED, Query failed.
L 01/16/2017 - 00:19:47: [admin.amxx] Login: "J.Smith<1405><STEAM_0:0:59563675><>" became an admin (account "J.Smith") (access "bi") (address "109.185.5.238")
L 01/16/2017 - 00:21:25: [adminchat.amxx] Chat: "CostiZEW<1418><STEAM_0:0:519573258><>" chat " bv "
L 01/16/2017 - 00:41:22: [slayafk.amxx] Daky69 a primit slay, deoarece a fost afk mai mult de 30 secunde
L 01/16/2017 - 00:45:15: -------- Mapchange to deathrun_tomb_beta1 --------
L 01/16/2017 - 00:45:17: [comp_timer2.amxx] Error on query: You have an error in your SQL syntax; check the manual that corresponds to your MySQL server version for the right syntax to use near '' at line 1
L 01/16/2017 - 00:45:17: [comp_timer2.amxx] FailState == TQUERY_QUERY_FAILED, Query failed.
L 01/16/2017 - 00:47:56: [admincmd.amxx] Cmd: "Dr.FioriGinal.Ro ~ Server Clasi<0><><>" slay "maketacke<1434><STEAM_0:0:1715760849><>"
L 01/16/2017 - 00:57:50: [admin.amxx] Login: "trysz<1440><STEAM_0:0:151659743><>" became an admin (account "Trysz") (access "bi") (address "89.120.5.180")
L 01/16/2017 - 00:58:06: [admin.amxx] Login: "trysz<1441><STEAM_0:0:151659743><>" kicked due to invalid password (account "Trysz") (address "89.120.5.180")
L 01/16/2017 - 00:58:23: [admin.amxx] Login: "trysz<1442><STEAM_0:0:151659743><>" became an admin (account "Trysz") (access "bi") (address "89.120.5.180")
L 01/16/2017 - 00:59:32: [admin.amxx] Login: "trysz<1443><STEAM_0:0:151659743><>" became an admin (account "Trysz") (access "bi") (address "89.120.5.180")
L 01/16/2017 - 00:59:39: [admincmd.amxx] Cmd: "Dr.FioriGinal.Ro ~ Server Clasi<0><><>" slay "trysz<1443><STEAM_0:0:151659743><>"
L 01/16/2017 - 01:05:19: [admin.amxx] Login: "Cuppy # LePatron<1447><STEAM_0:1:193294027><>" became an admin (account "Cuppy # LePatron") (access "bi") (address "46.253.168.87")
L 01/16/2017 - 01:13:33: [admin.amxx] Login: "Cuppy # LePatron<1448><STEAM_0:1:193294027><>" became an admin (account "Cuppy # LePatron") (access "bi") (address "46.253.168.87")
L 01/16/2017 - 01:24:22: [admin.amxx] Login: "SWAGGIE. XD<1449><VALVE_0:4:862961770><>" became an admin (account "SWAGGIE. XD") (access "bi") (address "109.98.131.207")
L 01/16/2017 - 01:25:10: -------- Mapchange to deathrun_isle_beta1 --------
L 01/16/2017 - 01:25:12: [comp_timer2.amxx] Error on query: You have an error in your SQL syntax; check the manual that corresponds to your MySQL server version for the right syntax to use near '' at line 1
L 01/16/2017 - 01:25:12: [comp_timer2.amxx] FailState == TQUERY_QUERY_FAILED, Query failed.
L 01/16/2017 - 01:25:17: [admin.amxx] Login: "SWAGGIE. XD<1450><VALVE_0:4:862961770><>" became an admin (account "SWAGGIE. XD") (access "bi") (address "109.98.131.207")
L 01/16/2017 - 02:07:59: [admin.amxx] Login: "SWAGGIE. XD<1456><VALVE_0:4:862961770><>" became an admin (account "SWAGGIE. XD") (access "bi") (address "109.98.131.207")
L 01/16/2017 - 02:08:14: -------- Mapchange to deathrun_finland --------
L 01/16/2017 - 02:08:16: [comp_timer2.amxx] Error on query: You have an error in your SQL syntax; check the manual that corresponds to your MySQL server version for the right syntax to use near '' at line 1
L 01/16/2017 - 02:08:16: [comp_timer2.amxx] FailState == TQUERY_QUERY_FAILED, Query failed.
L 01/16/2017 - 02:20:22: [admin.amxx] Login: "SWAGGIE. XD<1460><VALVE_0:4:862961770><>" became an admin (account "SWAGGIE. XD") (access "bi") (address "109.98.131.207")
L 01/16/2017 - 03:54:47: -------- Mapchange to deathrun_unknown-area --------
L 01/16/2017 - 03:54:48: [comp_timer2.amxx] Error on query: You have an error in your SQL syntax; check the manual that corresponds to your MySQL server version for the right syntax to use near '' at line 1
L 01/16/2017 - 03:54:48: [comp_timer2.amxx] FailState == TQUERY_QUERY_FAILED, Query failed.
L 01/16/2017 - 04:20:58: -------- Mapchange to deathrun_snow_wind_v2 --------
L 01/16/2017 - 04:21:00: [comp_timer2.amxx] Error on query: You have an error in your SQL syntax; check the manual that corresponds to your MySQL server version for the right syntax to use near '' at line 1
L 01/16/2017 - 04:21:00: [comp_timer2.amxx] FailState == TQUERY_QUERY_FAILED, Query failed.
L 01/16/2017 - 04:21:40: [slayafk.amxx] Ene[R]gy^_  FiNs0N WaRSiMpS0NpF a primit slay, deoarece a fost afk mai mult de 30 secunde
L 01/16/2017 - 04:22:20: [slayafk.amxx] Ene[R]gy^_  FiNs0N WaRSiMpS0NpF a primit slay, deoarece a fost afk mai mult de 30 secunde
L 01/16/2017 - 04:23:00: [slayafk.amxx] Ene[R]gy^_  FiNs0N WaRSiMpS0NpF a primit slay, deoarece a fost afk mai mult de 30 secunde
L 01/16/2017 - 04:23:40: [slayafk.amxx] Ene[R]gy^_  FiNs0N WaRSiMpS0NpF a primit slay, deoarece a fost afk mai mult de 30 secunde
L 01/16/2017 - 04:24:20: [slayafk.amxx] Ene[R]gy^_  FiNs0N WaRSiMpS0NpF a primit slay, deoarece a fost afk mai mult de 30 secunde
L 01/16/2017 - 05:20:56: -------- Mapchange to deathrun_astro --------
L 01/16/2017 - 05:20:57: [comp_timer2.amxx] Error on query: You have an error in your SQL syntax; check the manual that corresponds to your MySQL server version for the right syntax to use near '' at line 1
L 01/16/2017 - 05:20:57: [comp_timer2.amxx] FailState == TQUERY_QUERY_FAILED, Query failed.
L 01/16/2017 - 06:58:55: -------- Mapchange to deathrun_lies_f --------
L 01/16/2017 - 06:58:56: [comp_timer2.amxx] Error on query: You have an error in your SQL syntax; check the manual that corresponds to your MySQL server version for the right syntax to use near '' at line 1
L 01/16/2017 - 06:58:56: [comp_timer2.amxx] FailState == TQUERY_QUERY_FAILED, Query failed.
L 01/16/2017 - 07:30:10: -------- Mapchange to deathrun_minecraft_final --------
L 01/16/2017 - 07:30:11: [comp_timer2.amxx] Error on query: You have an error in your SQL syntax; check the manual that corresponds to your MySQL server version for the right syntax to use near '' at line 1
L 01/16/2017 - 07:30:11: [comp_timer2.amxx] FailState == TQUERY_QUERY_FAILED, Query failed.
L 01/16/2017 - 07:43:46: [admincmd.amxx] Cmd: "Dr.FioriGinal.Ro ~ Server Clasi<0><><>" slay "JustKILL<1500><STEAM_0:0:516949682><>"
L 01/16/2017 - 07:49:31: [slayafk.amxx] gold a primit slay, deoarece a fost afk mai mult de 30 secunde
L 01/16/2017 - 07:50:56: [slayafk.amxx] JustKILL a primit slay, deoarece a fost afk mai mult de 30 secunde
L 01/16/2017 - 07:54:06: [slayafk.amxx] gold a primit slay, deoarece a fost afk mai mult de 30 secunde
L 01/16/2017 - 07:56:11: [slayafk.amxx] JustKILL a primit slay, deoarece a fost afk mai mult de 30 secunde
L 01/16/2017 - 08:00:01: [slayafk.amxx] JustKILL a primit slay, deoarece a fost afk mai mult de 30 secunde
L 01/16/2017 - 08:04:46: [slayafk.amxx] gold a primit slay, deoarece a fost afk mai mult de 30 secunde
L 01/16/2017 - 08:07:26: [slayafk.amxx] gold a primit slay, deoarece a fost afk mai mult de 30 secunde
L 01/16/2017 - 08:08:59: -------- Mapchange to deathrun_latexx --------
L 01/16/2017 - 08:09:01: [comp_timer2.amxx] Error on query: You have an error in your SQL syntax; check the manual that corresponds to your MySQL server version for the right syntax to use near '' at line 1
L 01/16/2017 - 08:09:01: [comp_timer2.amxx] FailState == TQUERY_QUERY_FAILED, Query failed.
L 01/16/2017 - 08:34:48: [admincmd.amxx] Cmd: "Dr.FioriGinal.Ro ~ Server Clasi<0><><>" slay "ssaacc.<1510><STEAM_0:0:1844758109><>"
L 01/16/2017 - 08:35:33: -------- Mapchange to deathrun_kolor_v2 --------
L 01/16/2017 - 08:35:35: [comp_timer2.amxx] Error on query: You have an error in your SQL syntax; check the manual that corresponds to your MySQL server version for the right syntax to use near '' at line 1
L 01/16/2017 - 08:35:35: [comp_timer2.amxx] FailState == TQUERY_QUERY_FAILED, Query failed.
L 01/16/2017 - 09:01:06: -------- Mapchange to deathrun_jinglebells --------
L 01/16/2017 - 09:01:07: [comp_timer2.amxx] Error on query: You have an error in your SQL syntax; check the manual that corresponds to your MySQL server version for the right syntax to use near '' at line 1
L 01/16/2017 - 09:01:07: [comp_timer2.amxx] FailState == TQUERY_QUERY_FAILED, Query failed.
L 01/16/2017 - 09:32:03: [slayafk.amxx] gold a primit slay, deoarece a fost afk mai mult de 30 secunde
L 01/16/2017 - 09:37:03: [slayafk.amxx] ssaacc. a primit slay, deoarece a fost afk mai mult de 30 secunde
L 01/16/2017 - 09:38:38: [slayafk.amxx] JustKILL a primit slay, deoarece a fost afk mai mult de 30 secunde
L 01/16/2017 - 09:38:38: [slayafk.amxx] ssaacc. a primit slay, deoarece a fost afk mai mult de 30 secunde
L 01/16/2017 - 09:39:18: [slayafk.amxx] ssaacc. a primit slay, deoarece a fost afk mai mult de 30 secunde
L 01/16/2017 - 09:39:58: [slayafk.amxx] JustKILL a primit slay, deoarece a fost afk mai mult de 30 secunde
L 01/16/2017 - 09:40:28: [slayafk.amxx] ssaacc. a primit slay, deoarece a fost afk mai mult de 30 secunde
L 01/16/2017 - 09:41:13: [slayafk.amxx] JustKILL a primit slay, deoarece a fost afk mai mult de 30 secunde
L 01/16/2017 - 09:41:48: [slayafk.amxx] ssaacc. a primit slay, deoarece a fost afk mai mult de 30 secunde
L 01/16/2017 - 09:42:02: [admincmd.amxx] Cmd: "Dr.FioriGinal.Ro ~ Server Clasi<0><><>" slay "zivoin<1533><STEAM_0:0:582226405><>"
L 01/16/2017 - 09:42:28: [slayafk.amxx] ssaacc. a primit slay, deoarece a fost afk mai mult de 30 secunde
L 01/16/2017 - 09:45:08: [slayafk.amxx] JustKILL a primit slay, deoarece a fost afk mai mult de 30 secunde
L 01/16/2017 - 09:45:13: [slayafk.amxx] ssaacc. a primit slay, deoarece a fost afk mai mult de 30 secunde
L 01/16/2017 - 09:46:18: [slayafk.amxx] gold a primit slay, deoarece a fost afk mai mult de 30 secunde
L 01/16/2017 - 09:46:18: [slayafk.amxx] ssaacc. a primit slay, deoarece a fost afk mai mult de 30 secunde
L 01/16/2017 - 09:47:03: [slayafk.amxx] JustKILL a primit slay, deoarece a fost afk mai mult de 30 secunde
L 01/16/2017 - 09:47:10: -------- Mapchange to deathrun_wild --------
L 01/16/2017 - 09:47:12: [comp_timer2.amxx] Error on query: You have an error in your SQL syntax; check the manual that corresponds to your MySQL server version for the right syntax to use near '' at line 1
L 01/16/2017 - 09:47:12: [comp_timer2.amxx] FailState == TQUERY_QUERY_FAILED, Query failed.
L 01/16/2017 - 09:47:37: [admincmd.amxx] Cmd: "Dr.FioriGinal.Ro ~ Server Clasi<0><><>" slay "zivoin<1541><STEAM_0:0:582226405><>"
L 01/16/2017 - 09:48:47: [admincmd.amxx] Cmd: "Dr.FioriGinal.Ro ~ Server Clasi<0><><>" slay "zivoin<1547><STEAM_0:0:582226405><>"
L 01/16/2017 - 09:50:49: [admin.amxx] Login: "Alexia<1551><STEAM_0:1:84045719><>" kicked due to invalid password (account "Alexia") (address "5.14.132.37")
L 01/16/2017 - 09:51:55: [admin.amxx] Login: "LinuxBENZ<1555><STEAM_0:0:1282202460><>" kicked due to invalid password (account "LinuxBENZ") (address "79.112.218.207")
L 01/16/2017 - 09:52:09: [admin.amxx] Login: "LinuxBENZ<1556><STEAM_0:0:1282202460><>" became an admin (account "LinuxBENZ") (access "bi") (address "79.112.218.207")
L 01/16/2017 - 09:52:12: [admin.amxx] Login: "LinuxBENZ<1557><STEAM_0:0:1282202460><>" became an admin (account "LinuxBENZ") (access "bi") (address "79.112.218.207")
L 01/16/2017 - 09:52:36: [adminchat.amxx] Chat: "LinuxBENZ<1557><STEAM_0:0:1282202460><>" chat ""
L 01/16/2017 - 09:52:46: [adminchat.amxx] Chat: "LinuxBENZ<1557><STEAM_0:0:1282202460><>" chat ""
L 01/16/2017 - 09:54:28: [admincmd.amxx] Cmd: "Dr.FioriGinal.Ro ~ Server Clasi<0><><>" slay "zivoin<1558><STEAM_0:0:582226405><>"
L 01/16/2017 - 09:55:38: [adminchat.amxx] Chat: "bolt<1545><STEAM_0:1:57293580><>" chat " avea admin aici?"
L 01/16/2017 - 10:04:09: [admin.amxx] Login: "deadpool<1561><STEAM_0:0:30403765><>" became an admin (account "deadpool") (access "bit") (address "82.79.251.176")
L 01/16/2017 - 10:04:13: [admin.amxx] Login: "deadpool<1562><STEAM_0:0:30403765><>" became an admin (account "deadpool") (access "bit") (address "82.79.251.176")
L 01/16/2017 - 10:13:47: -------- Mapchange to deathrun_all_green --------
L 01/16/2017 - 10:13:48: [comp_timer2.amxx] Error on query: You have an error in your SQL syntax; check the manual that corresponds to your MySQL server version for the right syntax to use near '' at line 1
L 01/16/2017 - 10:13:48: [comp_timer2.amxx] FailState == TQUERY_QUERY_FAILED, Query failed.
L 01/16/2017 - 10:24:17: [admincmd.amxx] Cmd: "Dr.FioriGinal.Ro ~ Server Clasi<0><><>" slay "Pyky<1573><VALVE_0:4:345987954><>"
L 01/16/2017 - 10:27:29: [admincmd.amxx] Cmd: "Dr.FioriGinal.Ro ~ Server Clasi<0><><>" slay "Pyky<1577><VALVE_0:4:345987954><>"
L 01/16/2017 - 10:47:01: [admincmd.amxx] Cmd: "Dr.FioriGinal.Ro ~ Server Clasi<0><><>" slay "Pyky<1586><VALVE_0:4:345987954><>"
L 01/16/2017 - 11:11:51: [admincmd.amxx] Cmd: "Dr.FioriGinal.Ro ~ Server Clasi<0><><>" slay "Pyky<1598><STEAM_0:0:872277407><>"
L 01/16/2017 - 11:25:49: [admincmd.amxx] Cmd: "Dr.FioriGinal.Ro ~ Server Clasi<0><><>" slay "Fainosag<1611><STEAM_0:0:230968355><>"
L 01/16/2017 - 11:27:07: -------- Mapchange to deathrun_av2009 --------
L 01/16/2017 - 11:27:08: [comp_timer2.amxx] Error on query: You have an error in your SQL syntax; check the manual that corresponds to your MySQL server version for the right syntax to use near '' at line 1
L 01/16/2017 - 11:27:08: [comp_timer2.amxx] FailState == TQUERY_QUERY_FAILED, Query failed.
L 01/16/2017 - 11:54:21: -------- Mapchange to deathrun_insider --------
L 01/16/2017 - 11:54:24: [comp_timer2.amxx] Error on query: You have an error in your SQL syntax; check the manual that corresponds to your MySQL server version for the right syntax to use near '' at line 1
L 01/16/2017 - 11:54:24: [comp_timer2.amxx] FailState == TQUERY_QUERY_FAILED, Query failed.
L 01/16/2017 - 12:00:30: [admin.amxx] Login: "flawless.<1635><STEAM_0:1:175372971><>" became an admin (account "flawless.") (access "bi") (address "84.232.251.59")
L 01/16/2017 - 12:00:32: [admin.amxx] Login: "flawless.<1636><STEAM_0:1:175372971><>" became an admin (account "flawless.") (access "bi") (address "84.232.251.59")
L 01/16/2017 - 12:05:02: [admincmd.amxx] Cmd: "Dr.FioriGinal.Ro ~ Server Clasi<0><><>" slay "ssaacc.<1641><STEAM_0:0:1844758109><>"
L 01/16/2017 - 12:21:12: [admin.amxx] Login: "cool<1642><VALVE_0:4:563934814><>" became an admin (account "cool") (access "bi") (address "5.14.101.234")
L 01/16/2017 - 12:21:14: [admin.amxx] Login: "cool<1643><VALVE_0:4:563934814><>" became an admin (account "cool") (access "bi") (address "5.14.101.234")
L 01/16/2017 - 12:30:55: -------- Mapchange to deathrun_hell1337_final --------
L 01/16/2017 - 12:30:57: [comp_timer2.amxx] Error on query: You have an error in your SQL syntax; check the manual that corresponds to your MySQL server version for the right syntax to use near '' at line 1
L 01/16/2017 - 12:30:57: [comp_timer2.amxx] FailState == TQUERY_QUERY_FAILED, Query failed.
L 01/16/2017 - 12:30:57: [admin.amxx] Login: "cool<1643><VALVE_0:4:563934814><>" became an admin (account "cool") (access "bi") (address "5.14.101.234")
L 01/16/2017 - 12:30:59: [admin.amxx] Login: "cool<1653><VALVE_0:4:563934814><>" became an admin (account "cool") (access "bi") (address "5.14.101.234")
L 01/16/2017 - 12:32:16: [slayafk.amxx] ssaacc. a primit slay, deoarece a fost afk mai mult de 30 secunde
L 01/16/2017 - 12:38:36: [slayafk.amxx] ssaacc. a primit slay, deoarece a fost afk mai mult de 30 secunde
L 01/16/2017 - 12:39:56: [slayafk.amxx] ssaacc. a primit slay, deoarece a fost afk mai mult de 30 secunde
L 01/16/2017 - 12:40:41: [slayafk.amxx] ssaacc. a primit slay, deoarece a fost afk mai mult de 30 secunde
L 01/16/2017 - 12:42:39: [admin.amxx] Login: "fl0ppy<1663><VALVE_0:4:840945399><>" became an admin (account "fl0ppy") (access "bi") (address "86.127.99.205")
L 01/16/2017 - 12:42:41: [admin.amxx] Login: "fl0ppy<1664><VALVE_0:4:840945399><>" became an admin (account "fl0ppy") (access "bi") (address "86.127.99.205")
L 01/16/2017 - 12:43:16: [slayafk.amxx] ssaacc. a primit slay, deoarece a fost afk mai mult de 30 secunde
L 01/16/2017 - 12:43:55: [adminchat.amxx] Chat: "fl0ppy<1664><VALVE_0:4:840945399><>" chat "."
L 01/16/2017 - 12:44:13: [admincmd.amxx] Cmd: "fl0ppy<1664><VALVE_0:4:840945399><>" ask for players list
L 01/16/2017 - 12:46:01: [slayafk.amxx] zivoin a primit slay, deoarece a fost afk mai mult de 30 secunde
L 01/16/2017 - 12:46:01: [slayafk.amxx] ssaacc. a primit slay, deoarece a fost afk mai mult de 30 secunde
L 01/16/2017 - 12:46:01: [slayafk.amxx] fl0ppy a primit slay, deoarece a fost afk mai mult de 30 secunde
L 01/16/2017 - 12:47:06: [slayafk.amxx] zivoin a primit slay, deoarece a fost afk mai mult de 30 secunde
L 01/16/2017 - 12:47:06: [slayafk.amxx] fl0ppy a primit slay, deoarece a fost afk mai mult de 30 secunde
L 01/16/2017 - 12:48:46: [slayafk.amxx] zivoin a primit slay, deoarece a fost afk mai mult de 30 secunde
L 01/16/2017 - 12:48:46: [slayafk.amxx] ssaacc. a primit slay, deoarece a fost afk mai mult de 30 secunde
L 01/16/2017 - 12:48:46: [slayafk.amxx] fl0ppy a primit slay, deoarece a fost afk mai mult de 30 secunde
L 01/16/2017 - 12:50:11: [slayafk.amxx] cool a primit slay, deoarece a fost afk mai mult de 30 secunde
L 01/16/2017 - 12:50:11: [slayafk.amxx] zivoin a primit slay, deoarece a fost afk mai mult de 30 secunde
L 01/16/2017 - 12:50:11: [slayafk.amxx] ssaacc. a primit slay, deoarece a fost afk mai mult de 30 secunde
L 01/16/2017 - 12:50:11: [slayafk.amxx] fl0ppy a primit slay, deoarece a fost afk mai mult de 30 secunde
L 01/16/2017 - 12:51:56: [slayafk.amxx] zivoin a primit slay, deoarece a fost afk mai mult de 30 secunde
L 01/16/2017 - 12:51:56: [slayafk.amxx] ssaacc. a primit slay, deoarece a fost afk mai mult de 30 secunde
L 01/16/2017 - 12:52:46: [mapsmenu.amxx] Vote: "cool<1653><VALVE_0:4:563934814><>" vote maps (map#1 "deathrun_0mega") (map#2 "deathrun_rizzy_x") (map#3 "") (map#4 "")
L 01/16/2017 - 12:52:58: [mapsmenu.amxx] Vote: Voting successful. Map will be changed to deathrun_0mega
L 01/16/2017 - 12:53:26: [slayafk.amxx] zivoin a primit slay, deoarece a fost afk mai mult de 30 secunde
L 01/16/2017 - 12:53:26: [slayafk.amxx] ssaacc. a primit slay, deoarece a fost afk mai mult de 30 secunde
L 01/16/2017 - 12:53:26: [slayafk.amxx] fl0ppy a primit slay, deoarece a fost afk mai mult de 30 secunde
L 01/16/2017 - 12:54:11: [slayafk.amxx] cool a primit slay, deoarece a fost afk mai mult de 30 secunde
L 01/16/2017 - 12:54:11: [slayafk.amxx] zivoin a primit slay, deoarece a fost afk mai mult de 30 secunde
L 01/16/2017 - 12:54:11: [slayafk.amxx] ssaacc. a primit slay, deoarece a fost afk mai mult de 30 secunde
L 01/16/2017 - 12:54:56: [slayafk.amxx] cool a primit slay, deoarece a fost afk mai mult de 30 secunde
L 01/16/2017 - 12:54:56: [slayafk.amxx] ssaacc. a primit slay, deoarece a fost afk mai mult de 30 secunde
L 01/16/2017 - 12:54:56: [slayafk.amxx] fl0ppy a primit slay, deoarece a fost afk mai mult de 30 secunde
L 01/16/2017 - 12:55:41: [slayafk.amxx] zivoin a primit slay, deoarece a fost afk mai mult de 30 secunde
L 01/16/2017 - 12:55:41: [slayafk.amxx] ssaacc. a primit slay, deoarece a fost afk mai mult de 30 secunde
L 01/16/2017 - 12:55:41: [slayafk.amxx] fl0ppy a primit slay, deoarece a fost afk mai mult de 30 secunde
L 01/16/2017 - 12:56:26: [slayafk.amxx] zivoin a primit slay, deoarece a fost afk mai mult de 30 secunde
L 01/16/2017 - 12:56:26: [slayafk.amxx] fl0ppy a primit slay, deoarece a fost afk mai mult de 30 secunde
L 01/16/2017 - 12:56:30: -------- Mapchange to deathrun_0mega --------
L 01/16/2017 - 12:56:31: [comp_timer2.amxx] Error on query: You have an error in your SQL syntax; check the manual that corresponds to your MySQL server version for the right syntax to use near '' at line 1
L 01/16/2017 - 12:56:31: [comp_timer2.amxx] FailState == TQUERY_QUERY_FAILED, Query failed.
L 01/16/2017 - 12:56:32: [admin.amxx] Login: "cool<1653><VALVE_0:4:563934814><>" became an admin (account "cool") (access "bi") (address "5.14.101.234")
L 01/16/2017 - 12:56:32: [admin.amxx] Login: "fl0ppy<1664><VALVE_0:4:840945399><>" became an admin (account "fl0ppy") (access "bi") (address "86.127.99.205")
L 01/16/2017 - 12:56:35: [admin.amxx] Login: "fl0ppy<1669><VALVE_0:4:840945399><>" became an admin (account "fl0ppy") (access "bi") (address "86.127.99.205")
L 01/16/2017 - 12:57:06: [slayafk.amxx] ssaacc. a primit slay, deoarece a fost afk mai mult de 30 secunde
L 01/16/2017 - 12:57:11: [slayafk.amxx] fl0ppy a primit slay, deoarece a fost afk mai mult de 30 secunde
L 01/16/2017 - 12:57:16: [slayafk.amxx] zivoin a primit slay, deoarece a fost afk mai mult de 30 secunde
L 01/16/2017 - 12:57:41: [slayafk.amxx] ssaacc. a primit slay, deoarece a fost afk mai mult de 30 secunde
L 01/16/2017 - 12:57:46: [slayafk.amxx] fl0ppy a primit slay, deoarece a fost afk mai mult de 30 secunde
L 01/16/2017 - 12:57:51: [slayafk.amxx] zivoin a primit slay, deoarece a fost afk mai mult de 30 secunde
L 01/16/2017 - 12:58:31: [slayafk.amxx] zivoin a primit slay, deoarece a fost afk mai mult de 30 secunde
L 01/16/2017 - 12:58:31: [slayafk.amxx] ssaacc. a primit slay, deoarece a fost afk mai mult de 30 secunde
L 01/16/2017 - 12:59:36: [slayafk.amxx] fl0ppy a primit slay, deoarece a fost afk mai mult de 30 secunde
L 01/16/2017 - 12:59:41: [slayafk.amxx] zivoin a primit slay, deoarece a fost afk mai mult de 30 secunde
L 01/16/2017 - 12:59:41: [slayafk.amxx] ssaacc. a primit slay, deoarece a fost afk mai mult de 30 secunde
L 01/16/2017 - 13:00:21: [slayafk.amxx] ssaacc. a primit slay, deoarece a fost afk mai mult de 30 secunde
L 01/16/2017 - 13:00:21: [slayafk.amxx] fl0ppy a primit slay, deoarece a fost afk mai mult de 30 secunde
L 01/16/2017 - 13:00:56: [slayafk.amxx] zivoin a primit slay, deoarece a fost afk mai mult de 30 secunde
L 01/16/2017 - 13:01:01: [slayafk.amxx] ssaacc. a primit slay, deoarece a fost afk mai mult de 30 secunde
L 01/16/2017 - 13:01:01: [slayafk.amxx] fl0ppy a primit slay, deoarece a fost afk mai mult de 30 secunde
L 01/16/2017 - 13:01:41: [slayafk.amxx] zivoin a primit slay, deoarece a fost afk mai mult de 30 secunde
L 01/16/2017 - 13:01:41: [slayafk.amxx] fl0ppy a primit slay, deoarece a fost afk mai mult de 30 secunde
L 01/16/2017 - 13:02:16: [slayafk.amxx] ssaacc. a primit slay, deoarece a fost afk mai mult de 30 secunde
L 01/16/2017 - 13:02:21: [slayafk.amxx] fl0ppy a primit slay, deoarece a fost afk mai mult de 30 secunde
L 01/16/2017 - 13:02:41: [slayafk.amxx] cool a primit slay, deoarece a fost afk mai mult de 30 secunde
L 01/16/2017 - 13:03:11: [slayafk.amxx] zivoin a primit slay, deoarece a fost afk mai mult de 30 secunde
L 01/16/2017 - 13:03:21: [slayafk.amxx] ssaacc. a primit slay, deoarece a fost afk mai mult de 30 secunde
L 01/16/2017 - 13:03:21: [slayafk.amxx] fl0ppy a primit slay, deoarece a fost afk mai mult de 30 secunde
L 01/16/2017 - 13:04:01: [slayafk.amxx] zivoin a primit slay, deoarece a fost afk mai mult de 30 secunde
L 01/16/2017 - 13:04:01: [slayafk.amxx] fl0ppy a primit slay, deoarece a fost afk mai mult de 30 secunde
L 01/16/2017 - 13:04:36: [slayafk.amxx] cool a primit slay, deoarece a fost afk mai mult de 30 secunde
L 01/16/2017 - 13:05:21: [slayafk.amxx] ssaacc. a primit slay, deoarece a fost afk mai mult de 30 secunde
L 01/16/2017 - 13:05:26: [slayafk.amxx] zivoin a primit slay, deoarece a fost afk mai mult de 30 secunde
L 01/16/2017 - 13:05:26: [slayafk.amxx] fl0ppy a primit slay, deoarece a fost afk mai mult de 30 secunde
L 01/16/2017 - 13:06:31: [slayafk.amxx] zivoin a primit slay, deoarece a fost afk mai mult de 30 secunde
L 01/16/2017 - 13:06:31: [slayafk.amxx] ssaacc. a primit slay, deoarece a fost afk mai mult de 30 secunde
L 01/16/2017 - 13:06:31: [slayafk.amxx] fl0ppy a primit slay, deoarece a fost afk mai mult de 30 secunde
L 01/16/2017 - 13:07:16: [slayafk.amxx] ssaacc. a primit slay, deoarece a fost afk mai mult de 30 secunde
L 01/16/2017 - 13:07:16: [slayafk.amxx] fl0ppy a primit slay, deoarece a fost afk mai mult de 30 secunde
L 01/16/2017 - 13:08:36: [slayafk.amxx] ssaacc. a primit slay, deoarece a fost afk mai mult de 30 secunde
L 01/16/2017 - 13:09:16: [slayafk.amxx] fl0ppy a primit slay, deoarece a fost afk mai mult de 30 secunde
L 01/16/2017 - 13:09:21: [slayafk.amxx] ssaacc. a primit slay, deoarece a fost afk mai mult de 30 secunde
L 01/16/2017 - 13:09:56: [slayafk.amxx] fl0ppy a primit slay, deoarece a fost afk mai mult de 30 secunde
L 01/16/2017 - 13:10:36: [slayafk.amxx] ssaacc. a primit slay, deoarece a fost afk mai mult de 30 secunde
L 01/16/2017 - 13:11:06: [slayafk.amxx] fl0ppy a primit slay, deoarece a fost afk mai mult de 30 secunde
L 01/16/2017 - 13:11:16: [slayafk.amxx] ssaacc. a primit slay, deoarece a fost afk mai mult de 30 secunde
L 01/16/2017 - 13:11:51: [slayafk.amxx] fl0ppy a primit slay, deoarece a fost afk mai mult de 30 secunde
L 01/16/2017 - 13:12:26: [slayafk.amxx] ssaacc. a primit slay, deoarece a fost afk mai mult de 30 secunde
L 01/16/2017 - 13:12:56: [slayafk.amxx] fl0ppy a primit slay, deoarece a fost afk mai mult de 30 secunde
L 01/16/2017 - 13:13:31: [slayafk.amxx] ssaacc. a primit slay, deoarece a fost afk mai mult de 30 secunde
L 01/16/2017 - 13:14:01: [slayafk.amxx] fl0ppy a primit slay, deoarece a fost afk mai mult de 30 secunde
L 01/16/2017 - 13:14:36: [slayafk.amxx] ssaacc. a primit slay, deoarece a fost afk mai mult de 30 secunde
L 01/16/2017 - 13:15:56: [slayafk.amxx] fl0ppy a primit slay, deoarece a fost afk mai mult de 30 secunde
L 01/16/2017 - 13:16:31: [slayafk.amxx] ssaacc. a primit slay, deoarece a fost afk mai mult de 30 secunde
L 01/16/2017 - 13:18:26: [slayafk.amxx] fl0ppy a primit slay, deoarece a fost afk mai mult de 30 secunde
L 01/16/2017 - 13:20:11: [slayafk.amxx] ssaacc. a primit slay, deoarece a fost afk mai mult de 30 secunde
L 01/16/2017 - 13:21:21: [slayafk.amxx] fl0ppy a primit slay, deoarece a fost afk mai mult de 30 secunde
L 01/16/2017 - 13:22:11: [slayafk.amxx] ssaacc. a primit slay, deoarece a fost afk mai mult de 30 secunde
L 01/16/2017 - 13:22:58: -------- Mapchange to deathrun_3sixty_fg_fix2 --------
L 01/16/2017 - 13:23:00: [comp_timer2.amxx] Error on query: You have an error in your SQL syntax; check the manual that corresponds to your MySQL server version for the right syntax to use near '' at line 1
L 01/16/2017 - 13:23:00: [comp_timer2.amxx] FailState == TQUERY_QUERY_FAILED, Query failed.
L 01/16/2017 - 13:23:01: [admin.amxx] Login: "fl0ppy<1669><VALVE_0:4:840945399><>" became an admin (account "fl0ppy") (access "bi") (address "86.127.99.205")
L 01/16/2017 - 13:23:05: [admin.amxx] Login: "fl0ppy<1686><VALVE_0:4:840945399><>" became an admin (account "fl0ppy") (access "bi") (address "86.127.99.205")
L 01/16/2017 - 13:29:50: [slayafk.amxx] fl0ppy a primit slay, deoarece a fost afk mai mult de 30 secunde
L 01/16/2017 - 13:32:00: [slayafk.amxx] stefan a primit slay, deoarece a fost afk mai mult de 30 secunde
L 01/16/2017 - 13:48:42: -------- Mapchange to deathrun_army_blue_beta1 --------
L 01/16/2017 - 13:48:43: [comp_timer2.amxx] Error on query: You have an error in your SQL syntax; check the manual that corresponds to your MySQL server version for the right syntax to use near '' at line 1
L 01/16/2017 - 13:48:43: [comp_timer2.amxx] FailState == TQUERY_QUERY_FAILED, Query failed.
L 01/16/2017 - 13:49:18: [slayafk.amxx] ssaacc. a primit slay, deoarece a fost afk mai mult de 30 secunde
L 01/16/2017 - 13:51:03: [slayafk.amxx] ssaacc. a primit slay, deoarece a fost afk mai mult de 30 secunde
L 01/16/2017 - 13:51:53: [slayafk.amxx] ssaacc. a primit slay, deoarece a fost afk mai mult de 30 secunde
L 01/16/2017 - 13:53:33: [slayafk.amxx] ssaacc. a primit slay, deoarece a fost afk mai mult de 30 secunde
L 01/16/2017 - 13:56:58: [slayafk.amxx] ssaacc. a primit slay, deoarece a fost afk mai mult de 30 secunde
L 01/16/2017 - 13:58:18: [slayafk.amxx] ssaacc. a primit slay, deoarece a fost afk mai mult de 30 secunde
L 01/16/2017 - 13:59:33: [slayafk.amxx] ssaacc. a primit slay, deoarece a fost afk mai mult de 30 secunde
L 01/16/2017 - 14:00:33: [slayafk.amxx] ssaacc. a primit slay, deoarece a fost afk mai mult de 30 secunde
L 01/16/2017 - 14:01:28: [slayafk.amxx] ssaacc. a primit slay, deoarece a fost afk mai mult de 30 secunde
L 01/16/2017 - 14:02:33: [slayafk.amxx] ssaacc. a primit slay, deoarece a fost afk mai mult de 30 secunde
L 01/16/2017 - 14:03:33: [slayafk.amxx] ssaacc. a primit slay, deoarece a fost afk mai mult de 30 secunde
L 01/16/2017 - 14:06:03: [slayafk.amxx] ssaacc. a primit slay, deoarece a fost afk mai mult de 30 secunde
L 01/16/2017 - 14:07:43: [slayafk.amxx] ssaacc. a primit slay, deoarece a fost afk mai mult de 30 secunde
L 01/16/2017 - 14:11:11: [admincmd.amxx] Cmd: "Dr.FioriGinal.Ro ~ Server Clasi<0><><>" slay "uNiX<1721><STEAM_0:0:1372587193><>"
L 01/16/2017 - 14:11:13: [slayafk.amxx] ssaacc. a primit slay, deoarece a fost afk mai mult de 30 secunde
L 01/16/2017 - 14:14:56: -------- Mapchange to deathrun_expres-winter --------
L 01/16/2017 - 14:14:58: [comp_timer2.amxx] Error on query: You have an error in your SQL syntax; check the manual that corresponds to your MySQL server version for the right syntax to use near '' at line 1
L 01/16/2017 - 14:14:58: [comp_timer2.amxx] FailState == TQUERY_QUERY_FAILED, Query failed.
L 01/16/2017 - 14:21:24: [admin.amxx] Login: "Cuppy # LePatron<1732><STEAM_0:1:193294027><>" became an admin (account "Cuppy # LePatron") (access "bi") (address "46.253.168.87")
L 01/16/2017 - 14:31:53: [slayafk.amxx] Cuppy # LePatron a primit slay, deoarece a fost afk mai mult de 30 secunde
L 01/16/2017 - 14:32:38: [slayafk.amxx] Cuppy # LePatron a primit slay, deoarece a fost afk mai mult de 30 secunde
L 01/16/2017 - 14:34:58: [slayafk.amxx] Cuppy # LePatron a primit slay, deoarece a fost afk mai mult de 30 secunde
L 01/16/2017 - 14:35:48: [slayafk.amxx] ssaacc. a primit slay, deoarece a fost afk mai mult de 30 secunde
L 01/16/2017 - 14:35:48: [slayafk.amxx] Cuppy # LePatron a primit slay, deoarece a fost afk mai mult de 30 secunde
L 01/16/2017 - 14:37:13: [slayafk.amxx] Cuppy # LePatron a primit slay, deoarece a fost afk mai mult de 30 secunde
L 01/16/2017 - 14:38:06: [mapsmenu.amxx] Vote: "Cuppy # LePatron<1732><STEAM_0:1:193294027><>" vote maps (map#1 "deathrun_insade") (map#2 "deathrun_adi_blurez") (map#3 "") (map#4 "")
L 01/16/2017 - 14:38:18: [mapsmenu.amxx] Vote: Voting successful. Map will be changed to deathrun_insade
L 01/16/2017 - 14:41:27: [admincmd.amxx] Cmd: "Cuppy # LePatron<1732><STEAM_0:1:193294027><>" slay "Alleecs. *SPARGTOT<1746><STEAM_0:0:1806836995><>"
L 01/16/2017 - 14:41:30: -------- Mapchange to deathrun_insade --------
L 01/16/2017 - 14:41:32: [comp_timer2.amxx] Error on query: You have an error in your SQL syntax; check the manual that corresponds to your MySQL server version for the right syntax to use near '' at line 1
L 01/16/2017 - 14:41:32: [comp_timer2.amxx] FailState == TQUERY_QUERY_FAILED, Query failed.
L 01/16/2017 - 14:41:32: [admin.amxx] Login: "Cuppy # LePatron<1732><STEAM_0:1:193294027><>" became an admin (account "Cuppy # LePatron") (access "bi") (address "46.253.168.87")
L 01/16/2017 - 14:42:02: [admin.amxx] Login: "Cuppy # LePatron<1755><STEAM_0:1:193294027><>" became an admin (account "Cuppy # LePatron") (access "bi") (address "46.253.168.87")
L 01/16/2017 - 14:42:07: [slayafk.amxx] ssaacc. a primit slay, deoarece a fost afk mai mult de 30 secunde
L 01/16/2017 - 14:42:19: [admin.amxx] Login: "Cuppy # LePatron<1756><STEAM_0:1:193294027><>" became an admin (account "Cuppy # LePatron") (access "bi") (address "46.253.168.87")
L 01/16/2017 - 15:04:29: [admin.amxx] Login: "Sol<1776><STEAM_0:1:191882096><>" became an admin (account "Sol") (access "bi") (address "79.118.77.66")
L 01/16/2017 - 15:04:30: [admin.amxx] Login: "Sol<1777><STEAM_0:1:191882096><>" became an admin (account "Sol") (access "bi") (address "79.118.77.66")
L 01/16/2017 - 15:05:40: [admincmd.amxx] Cmd: "Dr.FioriGinal.Ro ~ Server Clasi<0><><>" changelevel "deathrun_bhopz_v2"
L 01/16/2017 - 15:05:42: -------- Mapchange to deathrun_bhopz_v2 --------
L 01/16/2017 - 15:05:44: [comp_timer2.amxx] Error on query: You have an error in your SQL syntax; check the manual that corresponds to your MySQL server version for the right syntax to use near '' at line 1
L 01/16/2017 - 15:05:44: [comp_timer2.amxx] FailState == TQUERY_QUERY_FAILED, Query failed.
L 01/16/2017 - 15:12:46: [admincmd.amxx] Cmd: "Dr.FioriGinal.Ro ~ Server Clasi<0><><>" slay "Pyky<1787><VALVE_0:4:345987954><>"
L 01/16/2017 - 15:15:28: [admincmd.amxx] Cmd: "Dr.FioriGinal.Ro ~ Server Clasi<0><><>" slay "adysialtele<1790><STEAM_0:0:1006633258><>"
L 01/16/2017 - 15:19:40: [admin.amxx] Login: "Cuppy # LePatron<1793><STEAM_0:1:193294027><>" became an admin (account "Cuppy # LePatron") (access "bi") (address "46.253.168.87")
L 01/16/2017 - 15:37:19: [mapsmenu.amxx] Vote: "Cuppy # LePatron<1793><STEAM_0:1:193294027><>" vote maps (map#1 "deathrun_purplez") (map#2 "deathrun_hard_cspgames2") (map#3 "") (map#4 "")
L 01/16/2017 - 15:37:31: [mapsmenu.amxx] Vote: Voting successful. Map will be changed to deathrun_hard_cspgames2
L 01/16/2017 - 15:41:09: -------- Mapchange to deathrun_hard_cspgames2 --------
L 01/16/2017 - 15:41:11: [comp_timer2.amxx] Error on query: You have an error in your SQL syntax; check the manual that corresponds to your MySQL server version for the right syntax to use near '' at line 1
L 01/16/2017 - 15:41:11: [comp_timer2.amxx] FailState == TQUERY_QUERY_FAILED, Query failed.
L 01/16/2017 - 15:41:12: [admin.amxx] Login: "Cuppy # LePatron<1793><STEAM_0:1:193294027><>" became an admin (account "Cuppy # LePatron") (access "bi") (address "46.253.168.87")
L 01/16/2017 - 15:42:50: [admin.amxx] Login: "cool<1808><VALVE_0:4:563934814><>" became an admin (account "cool") (access "bi") (address "5.14.101.234")
L 01/16/2017 - 15:45:01: [admincmd.amxx] Cmd: "Dr.FioriGinal.Ro ~ Server Clasi<0><><>" slay "Saftaa<1810><STEAM_0:0:27790646><>"
L 01/16/2017 - 15:48:26: [slayafk.amxx] Cuppy # LePatron a primit slay, deoarece a fost afk mai mult de 30 secunde
L 01/16/2017 - 15:56:41: [slayafk.amxx] Cuppy # LePatron a primit slay, deoarece a fost afk mai mult de 30 secunde
L 01/16/2017 - 16:00:59: [mapsmenu.amxx] Vote: "Cuppy # LePatron<1793><STEAM_0:1:193294027><>" vote maps (map#1 "deathrun_hard_cspgames2") (map#2 "deathrun_adi_blurez") (map#3 "") (map#4 "")
L 01/16/2017 - 16:01:11: [mapsmenu.amxx] Vote: Voting successful. Map will be changed to deathrun_hard_cspgames2
L 01/16/2017 - 16:01:53: [admin.amxx] Login: "deadpool<1821><STEAM_0:0:30403765><>" became an admin (account "deadpool") (access "bit") (address "82.79.251.176")
L 01/16/2017 - 16:01:56: [admin.amxx] Login: "deadpool<1822><STEAM_0:0:30403765><>" became an admin (account "deadpool") (access "bit") (address "82.79.251.176")
L 01/16/2017 - 16:07:11: -------- Mapchange to deathrun_hard_cspgames2 --------
L 01/16/2017 - 16:07:13: [comp_timer2.amxx] Error on query: You have an error in your SQL syntax; check the manual that corresponds to your MySQL server version for the right syntax to use near '' at line 1
L 01/16/2017 - 16:07:13: [comp_timer2.amxx] FailState == TQUERY_QUERY_FAILED, Query failed.
L 01/16/2017 - 16:07:14: [admin.amxx] Login: "Cuppy # LePatron<1793><STEAM_0:1:193294027><>" became an admin (account "Cuppy # LePatron") (access "bi") (address "46.253.168.87")
L 01/16/2017 - 16:07:14: [admin.amxx] Login: "deadpool<1822><STEAM_0:0:30403765><>" became an admin (account "deadpool") (access "bit") (address "82.79.251.176")
L 01/16/2017 - 16:07:33: [admin.amxx] Login: "knife<1833><STEAM_0:1:118153889><>" became an admin (account "knife") (access "bi") (address "92.114.99.212")
L 01/16/2017 - 16:10:09: [admin.amxx] Login: "Sol<1841><STEAM_0:1:191882096><>" became an admin (account "Sol") (access "bi") (address "79.118.77.66")
L 01/16/2017 - 16:11:32: [mapsmenu.amxx] Vote: "Sol<1841><STEAM_0:1:191882096><>" vote maps (map#1 "deathrun_xstrafers") (map#2 "deathrun_sk_occult") (map#3 "deathrun_adi_blurez") (map#4 "")
L 01/16/2017 - 16:11:44: [mapsmenu.amxx] Vote: Voting successful. Map will be changed to deathrun_sk_occult
L 01/16/2017 - 16:13:03: [admincmd.amxx] Cmd: "Sol<1841><STEAM_0:1:191882096><>" changelevel "deathrun_sk_occult"
L 01/16/2017 - 16:13:05: -------- Mapchange to deathrun_sk_occult --------
L 01/16/2017 - 16:13:08: [comp_timer2.amxx] Error on query: You have an error in your SQL syntax; check the manual that corresponds to your MySQL server version for the right syntax to use near '' at line 1
L 01/16/2017 - 16:13:08: [comp_timer2.amxx] FailState == TQUERY_QUERY_FAILED, Query failed.
L 01/16/2017 - 16:13:08: [admin.amxx] Login: "Sol<1841><STEAM_0:1:191882096><>" became an admin (account "Sol") (access "bi") (address "79.118.77.66")
L 01/16/2017 - 16:13:08: [admin.amxx] Login: "knife<1833><STEAM_0:1:118153889><>" became an admin (account "knife") (access "bi") (address "92.114.99.212")
L 01/16/2017 - 16:13:08: [admin.amxx] Login: "Cuppy # LePatron<1793><STEAM_0:1:193294027><>" became an admin (account "Cuppy # LePatron") (access "bi") (address "46.253.168.87")
L 01/16/2017 - 16:13:10: [admin.amxx] Login: "Sol<1845><STEAM_0:1:191882096><>" became an admin (account "Sol") (access "bi") (address "79.118.77.66")
L 01/16/2017 - 16:13:10: [admin.amxx] Login: "knife<1846><STEAM_0:1:118153889><>" became an admin (account "knife") (access "bi") (address "92.114.99.212")
L 01/16/2017 - 16:13:13: [admin.amxx] Login: "deadpool<1848><STEAM_0:0:30403765><>" became an admin (account "deadpool") (access "bit") (address "82.79.251.176")
L 01/16/2017 - 16:15:32: [slayafk.amxx] mwheeldown.=MIRE a primit slay, deoarece a fost afk mai mult de 30 secunde
L 01/16/2017 - 16:20:07: [slayafk.amxx] mwheeldown.rebel a primit slay, deoarece a fost afk mai mult de 30 secunde
L 01/16/2017 - 16:23:49: [admincmd.amxx] Cmd: "knife<1846><STEAM_0:1:118153889><>" slay counter-terrorists team
L 01/16/2017 - 16:24:27: [slayafk.amxx] Cuppy # LePatron a primit slay, deoarece a fost afk mai mult de 30 secunde
L 01/16/2017 - 16:28:27: [slayafk.amxx] Cuppy # LePatron a primit slay, deoarece a fost afk mai mult de 30 secunde
L 01/16/2017 - 16:34:34: [mapsmenu.amxx] Vote: "Cuppy # LePatron<1793><STEAM_0:1:193294027><>" vote maps (map#1 "deathrun_greyskull") (map#2 "deathrun_skyzzar") (map#3 "") (map#4 "")
L 01/16/2017 - 16:34:46: [mapsmenu.amxx] Vote: Voting successful. Map will be changed to deathrun_skyzzar
L 01/16/2017 - 16:37:00: [admin.amxx] Login: "cool<1875><VALVE_0:4:563934814><>" became an admin (account "cool") (access "bi") (address "5.14.101.234")
L 01/16/2017 - 16:40:38: [admincmd.amxx] Cmd: "Cuppy # LePatron<1793><STEAM_0:1:193294027><>" slap with 0 damage "Cuppy # LePatron<1793><STEAM_0:1:193294027><>"
L 01/16/2017 - 16:40:39: [admincmd.amxx] Cmd: "Cuppy # LePatron<1793><STEAM_0:1:193294027><>" slap with 0 damage "Cuppy # LePatron<1793><STEAM_0:1:193294027><>"
L 01/16/2017 - 16:40:39: [admincmd.amxx] Cmd: "Cuppy # LePatron<1793><STEAM_0:1:193294027><>" slap with 0 damage "Cuppy # LePatron<1793><STEAM_0:1:193294027><>"
L 01/16/2017 - 16:40:40: [admincmd.amxx] Cmd: "Cuppy # LePatron<1793><STEAM_0:1:193294027><>" slap with 0 damage "Cuppy # LePatron<1793><STEAM_0:1:193294027><>"
L 01/16/2017 - 16:40:40: [admincmd.amxx] Cmd: "Cuppy # LePatron<1793><STEAM_0:1:193294027><>" slap with 0 damage "Cuppy # LePatron<1793><STEAM_0:1:193294027><>"
L 01/16/2017 - 16:42:34: [admincmd.amxx] Cmd: "Cuppy # LePatron<1793><STEAM_0:1:193294027><>" slay "ce plm e asta<1877><STEAM_0:0:499862343><>"
L 01/16/2017 - 16:42:42: [admincmd.amxx] Cmd: "Cuppy # LePatron<1793><STEAM_0:1:193294027><>" slay "Cuppy # LePatron<1793><STEAM_0:1:193294027><>"
L 01/16/2017 - 16:42:45: -------- Mapchange to deathrun_skyzzar --------
L 01/16/2017 - 16:42:46: [comp_timer2.amxx] Error on query: You have an error in your SQL syntax; check the manual that corresponds to your MySQL server version for the right syntax to use near '' at line 1
L 01/16/2017 - 16:42:46: [comp_timer2.amxx] FailState == TQUERY_QUERY_FAILED, Query failed.
L 01/16/2017 - 16:42:47: [admin.amxx] Login: "deadpool<1848><STEAM_0:0:30403765><>" became an admin (account "deadpool") (access "bit") (address "82.79.251.176")
L 01/16/2017 - 16:42:47: [admin.amxx] Login: "knife<1846><STEAM_0:1:118153889><>" became an admin (account "knife") (access "bi") (address "92.114.99.212")
L 01/16/2017 - 16:42:47: [admin.amxx] Login: "Cuppy # LePatron<1793><STEAM_0:1:193294027><>" became an admin (account "Cuppy # LePatron") (access "bi") (address "46.253.168.87")
L 01/16/2017 - 16:42:49: [admin.amxx] Login: "knife<1881><STEAM_0:1:118153889><>" became an admin (account "knife") (access "bi") (address "92.114.99.212")
L 01/16/2017 - 16:42:50: [admin.amxx] Login: "deadpool<1882><STEAM_0:0:30403765><>" became an admin (account "deadpool") (access "bit") (address "82.79.251.176")
L 01/16/2017 - 16:43:27: [slayafk.amxx] deadpool a primit slay, deoarece a fost afk mai mult de 30 secunde
L 01/16/2017 - 16:44:02: [slayafk.amxx] deadpool a primit slay, deoarece a fost afk mai mult de 30 secunde
L 01/16/2017 - 16:44:37: [admin.amxx] Login: "cool<1894><VALVE_0:4:563934814><>" became an admin (account "cool") (access "bi") (address "5.14.101.234")
L 01/16/2017 - 16:44:39: [admin.amxx] Login: "cool<1895><VALVE_0:4:563934814><>" became an admin (account "cool") (access "bi") (address "5.14.101.234")
L 01/16/2017 - 16:45:02: [slayafk.amxx] deadpool a primit slay, deoarece a fost afk mai mult de 30 secunde
L 01/16/2017 - 16:45:42: [slayafk.amxx] deadpool a primit slay, deoarece a fost afk mai mult de 30 secunde
L 01/16/2017 - 16:46:32: [admincmd.amxx] Cmd: "Cuppy # LePatron<1793><STEAM_0:1:193294027><>" slap with 0 damage "knife<1881><STEAM_0:1:118153889><>"
L 01/16/2017 - 16:46:44: [admincmd.amxx] Cmd: "Cuppy # LePatron<1793><STEAM_0:1:193294027><>" slap with 0 damage "sadasd<1893><STEAM_0:0:499862343><>"
L 01/16/2017 - 16:49:42: [slayafk.amxx] deadpool a primit slay, deoarece a fost afk mai mult de 30 secunde
L 01/16/2017 - 16:49:42: [slayafk.amxx] Cuppy # LePatron a primit slay, deoarece a fost afk mai mult de 30 secunde
L 01/16/2017 - 16:50:22: [slayafk.amxx] deadpool a primit slay, deoarece a fost afk mai mult de 30 secunde
L 01/16/2017 - 16:54:27: [slayafk.amxx] knife a primit slay, deoarece a fost afk mai mult de 30 secunde
L 01/16/2017 - 16:55:27: [slayafk.amxx] knife a primit slay, deoarece a fost afk mai mult de 30 secunde
L 01/16/2017 - 16:56:20: [admin.amxx] Login: "J.Smith<1900><STEAM_0:0:59563675><>" became an admin (account "J.Smith") (access "bi") (address "109.185.5.238")
L 01/16/2017 - 16:56:26: [admin.amxx] Login: "J.Smith<1901><STEAM_0:0:59563675><>" became an admin (account "J.Smith") (access "bi") (address "109.185.5.238")
L 01/16/2017 - 17:00:47: [slayafk.amxx] Cuppy # LePatron a primit slay, deoarece a fost afk mai mult de 30 secunde
L 01/16/2017 - 17:02:49: [admincmd.amxx] Cmd: "J.Smith<1901><STEAM_0:0:59563675><>" slay "m-emo<1908><STEAM_0:0:240493395><>"
L 01/16/2017 - 17:03:27: [slayafk.amxx] ssaacc. a primit slay, deoarece a fost afk mai mult de 30 secunde
L 01/16/2017 - 17:03:27: [slayafk.amxx] Cuppy # LePatron a primit slay, deoarece a fost afk mai mult de 30 secunde
L 01/16/2017 - 17:06:32: [slayafk.amxx] Cuppy # LePatron a primit slay, deoarece a fost afk mai mult de 30 secunde
L 01/16/2017 - 17:08:00: [admincmd.amxx] Cmd: "J.Smith<1901><STEAM_0:0:59563675><>" ask for players list
L 01/16/2017 - 17:08:02: [slayafk.amxx] BEBY a primit slay, deoarece a fost afk mai mult de 30 secunde
L 01/16/2017 - 17:08:02: [slayafk.amxx] Cuppy # LePatron a primit slay, deoarece a fost afk mai mult de 30 secunde
L 01/16/2017 - 17:08:56: -------- Mapchange to deathrun_mc_nwk --------
L 01/16/2017 - 17:08:57: [comp_timer2.amxx] Error on query: You have an error in your SQL syntax; check the manual that corresponds to your MySQL server version for the right syntax to use near '' at line 1
L 01/16/2017 - 17:08:57: [comp_timer2.amxx] FailState == TQUERY_QUERY_FAILED, Query failed.
L 01/16/2017 - 17:08:59: [admin.amxx] Login: "J.Smith<1901><STEAM_0:0:59563675><>" became an admin (account "J.Smith") (access "bi") (address "109.185.5.238")
L 01/16/2017 - 17:08:59: [admin.amxx] Login: "Cuppy # LePatron<1793><STEAM_0:1:193294027><>" became an admin (account "Cuppy # LePatron") (access "bi") (address "46.253.168.87")
L 01/16/2017 - 17:09:06: [admin.amxx] Login: "J.Smith<1920><STEAM_0:0:59563675><>" became an admin (account "J.Smith") (access "bi") (address "109.185.5.238")
L 01/16/2017 - 17:09:06: [admin.amxx] Login: "Cuppy # LePatron<1921><STEAM_0:1:193294027><>" became an admin (account "Cuppy # LePatron") (access "bi") (address "46.253.168.87")
L 01/16/2017 - 17:10:53: [slayafk.amxx] BEBY a primit slay, deoarece a fost afk mai mult de 30 secunde
L 01/16/2017 - 17:13:43: [slayafk.amxx] sadasd a primit slay, deoarece a fost afk mai mult de 30 secunde
L 01/16/2017 - 17:26:39: [admin.amxx] Login: "kaka<1936><VALVE_0:4:1033726963><>" became an admin (account "kaka") (access "bi") (address "94.53.102.210")
L 01/16/2017 - 17:26:59: [admincmd.amxx] Cmd: "kaka<1936><VALVE_0:4:1033726963><>" ask for players list
L 01/16/2017 - 17:28:46: [admincmd.amxx] Cmd: "Dr.FioriGinal.Ro ~ Server Clasi<0><><>" slay "sadasd<1939><STEAM_0:0:499862343><>"
L 01/16/2017 - 17:28:48: [slayafk.amxx] hAbsk4y.# a primit slay, deoarece a fost afk mai mult de 30 secunde
L 01/16/2017 - 17:29:16: [admincmd.amxx] Kick: "kaka<1936><VALVE_0:4:1033726963><>" kick "hackerul<1917><STEAM_0:0:528638369><>" (reason "")
L 01/16/2017 - 17:29:40: [admincmd.amxx] Kick: "kaka<1936><VALVE_0:4:1033726963><>" kick "hackerul<1942><STEAM_0:0:528638369><>" (reason "")
L 01/16/2017 - 17:29:44: [mapsmenu.amxx] Vote: "Cuppy # LePatron<1921><STEAM_0:1:193294027><>" vote maps (map#1 "deathrun_discovery3") (map#2 "deathrun_2h_estonia") (map#3 "") (map#4 "")
L 01/16/2017 - 17:29:56: [mapsmenu.amxx] Vote: Voting successful. Map will be changed to deathrun_discovery3
L 01/16/2017 - 17:30:08: [admincmd.amxx] Kick: "kaka<1936><VALVE_0:4:1033726963><>" kick "hackerul<1945><STEAM_0:0:528638369><>" (reason "")
L 01/16/2017 - 17:30:16: [admincmd.amxx] Cmd: "Dr.FioriGinal.Ro ~ Server Clasi<0><><>" slay "hackerul<1948><STEAM_0:0:528638369><>"
L 01/16/2017 - 17:30:50: [admincmd.amxx] Kick: "kaka<1936><VALVE_0:4:1033726963><>" kick "hackerul<1948><STEAM_0:0:528638369><>" (reason "")
L 01/16/2017 - 17:30:53: [admincmd.amxx] Kick: "kaka<1936><VALVE_0:4:1033726963><>" kick "hackerul<1951><STEAM_0:0:528638369><>" (reason "")
L 01/16/2017 - 17:30:57: [admincmd.amxx] Kick: "kaka<1936><VALVE_0:4:1033726963><>" kick "hackerul<1952><STEAM_0:0:528638369><>" (reason "")
L 01/16/2017 - 17:31:00: [admincmd.amxx] Kick: "kaka<1936><VALVE_0:4:1033726963><>" kick "hackerul<1953><STEAM_0:0:528638369><>" (reason "")
L 01/16/2017 - 17:31:56: [admincmd.amxx] Kick: "kaka<1936><VALVE_0:4:1033726963><>" kick "hackerul<1954><STEAM_0:0:528638369><>" (reason "")
L 01/16/2017 - 17:32:58: [admincmd.amxx] Kick: "kaka<1936><VALVE_0:4:1033726963><>" kick "hackerul<1955><STEAM_0:0:528638369><>" (reason "")
L 01/16/2017 - 17:33:01: [admincmd.amxx] Kick: "kaka<1936><VALVE_0:4:1033726963><>" kick "hackerul<1956><STEAM_0:0:528638369><>" (reason "")
L 01/16/2017 - 17:33:04: [admincmd.amxx] Kick: "kaka<1936><VALVE_0:4:1033726963><>" kick "hackerul<1957><STEAM_0:0:528638369><>" (reason "")
L 01/16/2017 - 17:33:07: [admincmd.amxx] Kick: "kaka<1936><VALVE_0:4:1033726963><>" kick "hackerul<1958><STEAM_0:0:528638369><>" (reason "")
L 01/16/2017 - 17:33:09: [admincmd.amxx] Kick: "kaka<1936><VALVE_0:4:1033726963><>" kick "hackerul<1959><STEAM_0:0:528638369><>" (reason "")
L 01/16/2017 - 17:33:11: [admincmd.amxx] Kick: "kaka<1936><VALVE_0:4:1033726963><>" kick "hackerul<1960><STEAM_0:0:528638369><>" (reason "")
L 01/16/2017 - 17:33:14: [admincmd.amxx] Kick: "kaka<1936><VALVE_0:4:1033726963><>" kick "hackerul<1961><STEAM_0:0:528638369><>" (reason "")
L 01/16/2017 - 17:33:17: [admincmd.amxx] Kick: "kaka<1936><VALVE_0:4:1033726963><>" kick "hackerul<1962><STEAM_0:0:528638369><>" (reason "")
L 01/16/2017 - 17:33:20: [admincmd.amxx] Kick: "kaka<1936><VALVE_0:4:1033726963><>" kick "hackerul<1963><STEAM_0:0:528638369><>" (reason "")
L 01/16/2017 - 17:33:22: [admincmd.amxx] Kick: "kaka<1936><VALVE_0:4:1033726963><>" kick "hackerul<1964><STEAM_0:0:528638369><>" (reason "")
L 01/16/2017 - 17:33:24: [admincmd.amxx] Kick: "kaka<1936><VALVE_0:4:1033726963><>" kick "hackerul<1965><STEAM_0:0:528638369><>" (reason "")
L 01/16/2017 - 17:33:30: [admincmd.amxx] Kick: "kaka<1936><VALVE_0:4:1033726963><>" kick "hackerul<1970><STEAM_0:0:528638369><>" (reason "")
L 01/16/2017 - 17:33:44: [admincmd.amxx] Kick: "kaka<1936><VALVE_0:4:1033726963><>" kick "hackerul<1971><STEAM_0:0:528638369><>" (reason "")
L 01/16/2017 - 17:33:51: [admincmd.amxx] Kick: "kaka<1936><VALVE_0:4:1033726963><>" kick "hackerul<1972><STEAM_0:0:528638369><>" (reason "")
L 01/16/2017 - 17:33:55: [admincmd.amxx] Kick: "kaka<1936><VALVE_0:4:1033726963><>" kick "hackerul<1973><STEAM_0:0:528638369><>" (reason "")
L 01/16/2017 - 17:33:57: [admincmd.amxx] Kick: "kaka<1936><VALVE_0:4:1033726963><>" kick "hackerul<1974><STEAM_0:0:528638369><>" (reason "")
L 01/16/2017 - 17:34:21: [advanced_bans_sql.amxx] Cuppy # LePatron <STEAM_0:1:193294027> banned hackerul <STEAM_0:0:528638369> || Reason: "schimba.tag" || Ban Length: 30 minutes
L 01/16/2017 - 17:34:35: -------- Mapchange to deathrun_discovery3 --------
L 01/16/2017 - 17:34:37: [comp_timer2.amxx] Error on query: You have an error in your SQL syntax; check the manual that corresponds to your MySQL server version for the right syntax to use near '' at line 1
L 01/16/2017 - 17:34:37: [comp_timer2.amxx] FailState == TQUERY_QUERY_FAILED, Query failed.
L 01/16/2017 - 17:34:37: [admin.amxx] Login: "kaka<1936><VALVE_0:4:1033726963><>" became an admin (account "kaka") (access "bi") (address "94.53.102.210")
L 01/16/2017 - 17:34:38: [admin.amxx] Login: "Cuppy # LePatron<1921><STEAM_0:1:193294027><>" became an admin (account "Cuppy # LePatron") (access "bi") (address "46.253.168.87")
L 01/16/2017 - 17:34:38: [admin.amxx] Login: "J.Smith<1980><STEAM_0:0:59563675><>" became an admin (account "J.Smith") (access "bi") (address "109.185.5.238")
L 01/16/2017 - 17:34:47: [admin.amxx] Login: "kaka<1989><VALVE_0:4:1033726963><>" became an admin (account "kaka") (access "bi") (address "94.53.102.210")
L 01/16/2017 - 17:34:53: [admin.amxx] Login: "J.Smith<1990><STEAM_0:0:59563675><>" became an admin (account "J.Smith") (access "bi") (address "109.185.5.238")
L 01/16/2017 - 17:36:11: [adminchat.amxx] Chat: "kaka<1989><VALVE_0:4:1033726963><>" chat " dai ban"
L 01/16/2017 - 17:36:20: [adminchat.amxx] Chat: "kaka<1989><VALVE_0:4:1033726963><>" chat " sadsd"
L 01/16/2017 - 17:36:25: [adminchat.amxx] Chat: "kaka<1989><VALVE_0:4:1033726963><>" chat " i-am zis sa schimbe tag"
L 01/16/2017 - 17:36:34: [advanced_bans_sql.amxx] Cuppy # LePatron <STEAM_0:1:193294027> banned sadasd <STEAM_0:0:499862343> || Reason: "schimba.tag" || Ban Length: 30 minutes
L 01/16/2017 - 17:42:17: [slayafk.amxx] BEBY a primit slay, deoarece a fost afk mai mult de 30 secunde
L 01/16/2017 - 17:42:17: [slayafk.amxx] kaka a primit slay, deoarece a fost afk mai mult de 30 secunde
L 01/16/2017 - 17:43:52: [slayafk.amxx] BEBY a primit slay, deoarece a fost afk mai mult de 30 secunde
L 01/16/2017 - 17:43:52: [slayafk.amxx] kaka a primit slay, deoarece a fost afk mai mult de 30 secunde
L 01/16/2017 - 17:43:52: [slayafk.amxx] ReaD1nG a primit slay, deoarece a fost afk mai mult de 30 secunde
L 01/16/2017 - 17:44:32: [slayafk.amxx] CrisTiaN a primit slay, deoarece a fost afk mai mult de 30 secunde
L 01/16/2017 - 17:45:46: [admincmd.amxx] Cmd: "Dr.FioriGinal.Ro ~ Server Clasi<0><><>" slay "maketacke<2010><STEAM_0:0:1715760849><>"
L 01/16/2017 - 17:47:52: [slayafk.amxx] BEBY a primit slay, deoarece a fost afk mai mult de 30 secunde
L 01/16/2017 - 17:47:52: [slayafk.amxx] ReaD1nG a primit slay, deoarece a fost afk mai mult de 30 secunde
L 01/16/2017 - 17:47:52: [slayafk.amxx] CrisTiaN a primit slay, deoarece a fost afk mai mult de 30 secunde
L 01/16/2017 - 17:49:37: [slayafk.amxx] kaka a primit slay, deoarece a fost afk mai mult de 30 secunde
L 01/16/2017 - 17:49:42: [slayafk.amxx] BEBY a primit slay, deoarece a fost afk mai mult de 30 secunde
L 01/16/2017 - 17:50:52: [slayafk.amxx] BEBY a primit slay, deoarece a fost afk mai mult de 30 secunde
L 01/16/2017 - 17:50:52: [slayafk.amxx] kaka a primit slay, deoarece a fost afk mai mult de 30 secunde
L 01/16/2017 - 17:52:22: [slayafk.amxx] BEBY a primit slay, deoarece a fost afk mai mult de 30 secunde
L 01/16/2017 - 17:54:42: [slayafk.amxx] BEBY a primit slay, deoarece a fost afk mai mult de 30 secunde
L 01/16/2017 - 17:55:57: [slayafk.amxx] BEBY a primit slay, deoarece a fost afk mai mult de 30 secunde
L 01/16/2017 - 17:55:57: [slayafk.amxx] Cuppy # LePatron a primit slay, deoarece a fost afk mai mult de 30 secunde
L 01/16/2017 - 17:56:48: [mapsmenu.amxx] Vote: "J.Smith<1990><STEAM_0:0:59563675><>" vote maps (map#1 "deathrun_alpin_spring") (map#2 "deathrun_abtropicano2") (map#3 "") (map#4 "")
L 01/16/2017 - 17:57:00: [mapsmenu.amxx] Vote: Voting successful. Map will be changed to deathrun_alpin_spring
L 01/16/2017 - 17:58:42: [slayafk.amxx] KSHmR a primit slay, deoarece a fost afk mai mult de 30 secunde
L 01/16/2017 - 17:58:42: [slayafk.amxx] Cuppy # LePatron a primit slay, deoarece a fost afk mai mult de 30 secunde
L 01/16/2017 - 18:00:37: [slayafk.amxx] KSHmR a primit slay, deoarece a fost afk mai mult de 30 secunde
L 01/16/2017 - 18:00:37: [slayafk.amxx] Cuppy # LePatron a primit slay, deoarece a fost afk mai mult de 30 secunde
L 01/16/2017 - 18:01:45: -------- Mapchange to deathrun_alpin_spring --------
L 01/16/2017 - 18:01:46: [comp_timer2.amxx] Error on query: You have an error in your SQL syntax; check the manual that corresponds to your MySQL server version for the right syntax to use near '' at line 1
L 01/16/2017 - 18:01:46: [comp_timer2.amxx] FailState == TQUERY_QUERY_FAILED, Query failed.
L 01/16/2017 - 18:01:47: [admin.amxx] Login: "kaka<1989><VALVE_0:4:1033726963><>" became an admin (account "kaka") (access "bi") (address "94.53.102.210")
L 01/16/2017 - 18:01:47: [admin.amxx] Login: "J.Smith<1990><STEAM_0:0:59563675><>" became an admin (account "J.Smith") (access "bi") (address "109.185.5.238")
L 01/16/2017 - 18:04:23: [advanced_bans_sql.amxx] Ban time is up for: hackerul [STEAM_0:0:528638369]
L 01/16/2017 - 18:06:27: [admincmd.amxx] Cmd: "J.Smith<1990><STEAM_0:0:59563675><>" ask for players list
L 01/16/2017 - 18:06:38: [advanced_bans_sql.amxx] Ban time is up for: sadasd [STEAM_0:0:499862343]
L 01/16/2017 - 18:06:40: [adminchat.amxx] Chat: "kaka<1989><VALVE_0:4:1033726963><>" chat " mith"
L 01/16/2017 - 18:06:43: [adminchat.amxx] Chat: "kaka<1989><VALVE_0:4:1033726963><>" chat " ai acc ban?"
L 01/16/2017 - 18:06:53: [adminchat.amxx] Chat: "kaka<1989><VALVE_0:4:1033726963><>" chat " sa dai ban"
L 01/16/2017 - 18:07:01: [adminchat.amxx] Chat: "kaka<1989><VALVE_0:4:1033726963><>" chat " ionut are script gss"
L 01/16/2017 - 18:07:05: [adminchat.amxx] Chat: "kaka<1989><VALVE_0:4:1033726963><>" chat " :)"
L 01/16/2017 - 18:07:37: [admincmd.amxx] Cmd: "Dr.FioriGinal.Ro ~ Server Clasi<0><><>" slay "hAbsk4y.#<2046><STEAM_0:1:112936335><>"
L 01/16/2017 - 18:12:51: [admin.amxx] Login: "default.<2051><VALVE_0:4:1823364979><>" became an admin (account "default.") (access "bi") (address "95.76.0.112")
L 01/16/2017 - 18:12:55: [admin.amxx] Login: "default.<2052><VALVE_0:4:1823364979><>" became an admin (account "default.") (access "bi") (address "95.76.0.112")
L 01/16/2017 - 18:13:43: [admincmd.amxx] Cmd: "default.<2052><VALVE_0:4:1823364979><>" ask for players list
L 01/16/2017 - 18:16:45: [adminchat.amxx] Chat: "Ionut<2042><STEAM_0:1:57969507><>" chat " i-am explicat deja lui kaka situatia mea..."
L 01/16/2017 - 18:19:40: [admin.amxx] Login: "J.Smith<2059><STEAM_0:0:59563675><>" became an admin (account "J.Smith") (access "bi") (address "109.185.5.238")
L 01/16/2017 - 18:20:26: [admincmd.amxx] Cmd: "default.<2052><VALVE_0:4:1823364979><>" ask for players list
L 01/16/2017 - 18:20:46: [mapsmenu.amxx] Vote: "J.Smith<2059><STEAM_0:0:59563675><>" vote maps (map#1 "deathrun_inferno_beta1") (map#2 "deathrun_astro") (map#3 "") (map#4 "")
L 01/16/2017 - 18:20:58: [mapsmenu.amxx] Vote: Voting successful. Map will be changed to deathrun_inferno_beta1
L 01/16/2017 - 18:25:18: [admin.amxx] Login: "fl0ppy<2065><VALVE_0:4:840945399><>" became an admin (account "fl0ppy") (access "bi") (address "86.127.99.205")
L 01/16/2017 - 18:25:20: [admin.amxx] Login: "fl0ppy<2066><VALVE_0:4:840945399><>" became an admin (account "fl0ppy") (access "bi") (address "86.127.99.205")
L 01/16/2017 - 18:27:48: -------- Mapchange to deathrun_inferno_beta1 --------
L 01/16/2017 - 18:27:49: [comp_timer2.amxx] Error on query: You have an error in your SQL syntax; check the manual that corresponds to your MySQL server version for the right syntax to use near '' at line 1
L 01/16/2017 - 18:27:49: [comp_timer2.amxx] FailState == TQUERY_QUERY_FAILED, Query failed.
L 01/16/2017 - 18:27:50: [admin.amxx] Login: "default.<2052><VALVE_0:4:1823364979><>" became an admin (account "default.") (access "bi") (address "95.76.0.112")
L 01/16/2017 - 18:27:50: [admin.amxx] Login: "kaka<1989><VALVE_0:4:1033726963><>" became an admin (account "kaka") (access "bi") (address "94.53.102.210")
L 01/16/2017 - 18:27:50: [admin.amxx] Login: "fl0ppy<2066><VALVE_0:4:840945399><>" became an admin (account "fl0ppy") (access "bi") (address "86.127.99.205")
L 01/16/2017 - 18:27:52: [admin.amxx] Login: "default.<2068><VALVE_0:4:1823364979><>" became an admin (account "default.") (access "bi") (address "95.76.0.112")
L 01/16/2017 - 18:27:53: [admin.amxx] Login: "fl0ppy<2069><VALVE_0:4:840945399><>" became an admin (account "fl0ppy") (access "bi") (address "86.127.99.205")
L 01/16/2017 - 18:33:19: [admin.amxx] Login: "fl0ppy<2077><VALVE_0:4:840945399><>" became an admin (account "fl0ppy") (access "bi") (address "86.127.99.205")
L 01/16/2017 - 18:33:31: [adminchat.amxx] Chat: "mwheeldown.=MIRE<2071><VALVE_0:4:1316798570><>" chat " CE MA"
L 01/16/2017 - 18:33:44: [adminchat.amxx] Chat: "mwheeldown.=MIRE<2071><VALVE_0:4:1316798570><>" chat " nu-ti dau nimik"
L 01/16/2017 - 18:33:46: [adminchat.amxx] Chat: "mwheeldown.=MIRE<2071><VALVE_0:4:1316798570><>" chat " dai de el pe dr"
L 01/16/2017 - 18:33:48: [adminchat.amxx] Chat: "mwheeldown.=MIRE<2071><VALVE_0:4:1316798570><>" chat " si punct."
L 01/16/2017 - 18:34:50: [admincmd.amxx] Cmd: "fl0ppy<2077><VALVE_0:4:840945399><>" slay "mwheeldown.=MIRE<2071><VALVE_0:4:1316798570><>"
L 01/16/2017 - 18:34:56: [admincmd.amxx] Cmd: "fl0ppy<2077><VALVE_0:4:840945399><>" slay "ce plm e asta<2047><STEAM_0:0:499862343><>"
L 01/16/2017 - 18:35:26: [admincmd.amxx] Cmd: "fl0ppy<2077><VALVE_0:4:840945399><>" slap with 0 damage "fl0ppy<2077><VALVE_0:4:840945399><>"
L 01/16/2017 - 18:35:43: [admincmd.amxx] Cmd: "fl0ppy<2077><VALVE_0:4:840945399><>" slay "adysialtele<2076><STEAM_0:0:1006633258><>"
L 01/16/2017 - 18:37:56: [admin.amxx] Login: "Cuppy # LePatron<2080><STEAM_0:1:193294027><>" became an admin (account "Cuppy # LePatron") (access "bi") (address "46.253.168.87")
L 01/16/2017 - 18:37:58: [admin.amxx] Login: "default.<2081><VALVE_0:4:1823364979><>" became an admin (account "default.") (access "bi") (address "95.76.0.112")
L 01/16/2017 - 18:38:44: [adminchat.amxx] Chat: "fl0ppy<2077><VALVE_0:4:840945399><>" chat " ,"
L 01/16/2017 - 18:38:48: [adminchat.amxx] Chat: "Cuppy # LePatron<2080><STEAM_0:1:193294027><>" chat "unde?"
L 01/16/2017 - 18:38:48: [adminchat.amxx] Chat: "fl0ppy<2077><VALVE_0:4:840945399><>" chat "la cutii"
L 01/16/2017 - 18:38:58: [adminchat.amxx] Chat: "Cuppy # LePatron<2080><STEAM_0:1:193294027><>" chat "arata-mi"
L 01/16/2017 - 18:40:36: [adminchat.amxx] Chat: "Cuppy # LePatron<2080><STEAM_0:1:193294027><>" say "Care scurteaza slay/kick/ban 120 min"
L 01/16/2017 - 18:40:36: [adminchat.amxx] Chat: "Cuppy # LePatron<2080><STEAM_0:1:193294027><>" say "Care scurteaza slay/kick/ban 120 min"
L 01/16/2017 - 18:40:37: [adminchat.amxx] Chat: "Cuppy # LePatron<2080><STEAM_0:1:193294027><>" say "Care scurteaza slay/kick/ban 120 min"
L 01/16/2017 - 18:41:17: [adminchat.amxx] Chat: "fl0ppy<2077><VALVE_0:4:840945399><>" chat "patroane"
L 01/16/2017 - 18:41:21: [adminchat.amxx] Chat: "Cuppy # LePatron<2080><STEAM_0:1:193294027><>" chat "da"
L 01/16/2017 - 18:41:27: [adminchat.amxx] Chat: "fl0ppy<2077><VALVE_0:4:840945399><>" chat "deschidem sv :))"
L 01/16/2017 - 18:41:40: [adminchat.amxx] Chat: "fl0ppy<2077><VALVE_0:4:840945399><>" chat "?"
L 01/16/2017 - 18:41:42: [adminchat.amxx] Chat: "Cuppy # LePatron<2080><STEAM_0:1:193294027><>" chat "noi 2?"
L 01/16/2017 - 18:41:48: [adminchat.amxx] Chat: "fl0ppy<2077><VALVE_0:4:840945399><>" chat "dea"
L 01/16/2017 - 18:41:57: [adminchat.amxx] Chat: "fl0ppy<2077><VALVE_0:4:840945399><>" chat " sa il bagam in fio"
L 01/16/2017 - 18:42:01: [adminchat.amxx] Chat: "Cuppy # LePatron<2080><STEAM_0:1:193294027><>" chat "daca vrei"
L 01/16/2017 - 18:42:07: [adminchat.amxx] Chat: "fl0ppy<2077><VALVE_0:4:840945399><>" chat "ce mod ?"
L 01/16/2017 - 18:42:17: [adminchat.amxx] Chat: "Cuppy # LePatron<2080><STEAM_0:1:193294027><>" chat "dr3.fioriginal :)))"
L 01/16/2017 - 18:42:32: [admin.amxx] Login: "fl0ppy<2083><VALVE_0:4:840945399><>" became an admin (account "fl0ppy") (access "bi") (address "86.127.99.205")
L 01/16/2017 - 18:46:13: [admin.amxx] Login: "fl0ppy<2089><VALVE_0:4:840945399><>" became an admin (account "fl0ppy") (access "bi") (address "86.127.99.205")
L 01/16/2017 - 18:46:31: [admin.amxx] Login: "fl0ppy<2090><VALVE_0:4:840945399><>" became an admin (account "fl0ppy") (access "bi") (address "86.127.99.205")
L 01/16/2017 - 18:47:18: [adminchat.amxx] Chat: "fl0ppy<2090><VALVE_0:4:840945399><>" chat "ai skype?"
L 01/16/2017 - 18:47:28: [adminchat.amxx] Chat: "fl0ppy<2090><VALVE_0:4:840945399><>" chat "?"
L 01/16/2017 - 18:47:42: [adminchat.amxx] Chat: "fl0ppy<2090><VALVE_0:4:840945399><>" chat "ai dat vot?"
L 01/16/2017 - 18:48:42: [mapsmenu.amxx] Vote: "fl0ppy<2090><VALVE_0:4:840945399><>" vote maps (map#1 "deathrun_nightrun_beta3") (map#2 "deathrun_2h_estonia") (map#3 "") (map#4 "")
L 01/16/2017 - 18:48:54: [mapsmenu.amxx] Vote: Voting successful. Map will be changed to deathrun_2h_estonia
L 01/16/2017 - 18:48:59: [adminchat.amxx] Chat: "fl0ppy<2090><VALVE_0:4:840945399><>" chat "patroane"
L 01/16/2017 - 18:49:16: [admincmd.amxx] Cmd: "fl0ppy<2090><VALVE_0:4:840945399><>" change nick to "plm" "ce plm e asta<2088><STEAM_0:0:499862343><>"
L 01/16/2017 - 18:49:40: [admincmd.amxx] Cmd: "fl0ppy<2090><VALVE_0:4:840945399><>" change nick to "DR.FIORIGINAL.RO" "plm<2088><STEAM_0:0:499862343><>"
L 01/16/2017 - 18:50:02: [admincmd.amxx] Cmd: "fl0ppy<2090><VALVE_0:4:840945399><>" change nick to "DR.FIORIGINAL.RO" "ce plm<2088><STEAM_0:0:499862343><>"
L 01/16/2017 - 18:50:16: [admincmd.amxx] Cmd: "fl0ppy<2090><VALVE_0:4:840945399><>" change nick to "DR.FIORIGINAL.RO" "ce plm e<2088><STEAM_0:0:499862343><>"
L 01/16/2017 - 18:50:39: [admincmd.amxx] Cmd: "fl0ppy<2090><VALVE_0:4:840945399><>" change nick to "DR.FIORIGINAL.RO" "ce plm e asta<2088><STEAM_0:0:499862343><>"
L 01/16/2017 - 18:53:28: -------- Mapchange to deathrun_2h_estonia --------
L 01/16/2017 - 18:53:30: [comp_timer2.amxx] Error on query: You have an error in your SQL syntax; check the manual that corresponds to your MySQL server version for the right syntax to use near '' at line 1
L 01/16/2017 - 18:53:30: [comp_timer2.amxx] FailState == TQUERY_QUERY_FAILED, Query failed.
L 01/16/2017 - 18:54:57: [admin.amxx] Login: "fl0ppy<2103><VALVE_0:4:840945399><>" became an admin (account "fl0ppy") (access "bi") (address "86.127.99.205")
L 01/16/2017 - 18:54:59: [admin.amxx] Login: "fl0ppy<2105><VALVE_0:4:840945399><>" became an admin (account "fl0ppy") (access "bi") (address "86.127.99.205")
L 01/16/2017 - 18:56:29: [admin.amxx] Login: "Cuppy # LePatron<2107><STEAM_0:1:193294027><>" became an admin (account "Cuppy # LePatron") (access "bi") (address "46.253.168.87")
L 01/16/2017 - 18:56:34: [admin.amxx] Login: "Cuppy # LePatron<2108><STEAM_0:1:193294027><>" became an admin (account "Cuppy # LePatron") (access "bi") (address "46.253.168.87")
L 01/16/2017 - 19:09:19: [admin.amxx] Login: "flawless.<2120><STEAM_0:1:175372971><>" kicked due to invalid password (account "flawless.") (address "84.232.251.59")
L 01/16/2017 - 19:09:32: [admin.amxx] Login: "flawless.<2121><STEAM_0:1:175372971><>" became an admin (account "flawless.") (access "bi") (address "84.232.251.59")
L 01/16/2017 - 19:09:33: [admin.amxx] Login: "flawless.<2122><STEAM_0:1:175372971><>" became an admin (account "flawless.") (access "bi") (address "84.232.251.59")
L 01/16/2017 - 19:10:57: [admin.amxx] Login: "Thunder<2129><STEAM_0:0:1676344678><>" became an admin (account "Thunder") (access "bi") (address "89.35.93.45")
L 01/16/2017 - 19:11:00: [admin.amxx] Login: "Thunder<2130><STEAM_0:0:1676344678><>" became an admin (account "Thunder") (access "bi") (address "89.35.93.45")
L 01/16/2017 - 19:12:02: [adminchat.amxx] Chat: "Thunder<2130><STEAM_0:0:1676344678><>" chat "dau eu"
L 01/16/2017 - 19:12:05: [adminchat.amxx] Chat: "Cuppy # LePatron<2108><STEAM_0:1:193294027><>" chat "dai"
L 01/16/2017 - 19:12:12: [adminchat.amxx] Chat: "Thunder<2130><STEAM_0:0:1676344678><>" chat "preferinte?"
L 01/16/2017 - 19:12:40: [slayafk.amxx] Cuppy # LePatron a primit slay, deoarece a fost afk mai mult de 30 secunde
L 01/16/2017 - 19:12:41: [mapsmenu.amxx] Vote: "Thunder<2130><STEAM_0:0:1676344678><>" vote maps (map#1 "deathrun_y_underground") (map#2 "deathrun_0mega") (map#3 "") (map#4 "")
L 01/16/2017 - 19:12:54: [mapsmenu.amxx] Vote: Voting successful. Map will be changed to deathrun_y_underground
L 01/16/2017 - 19:15:20: [slayafk.amxx] Daky69 a primit slay, deoarece a fost afk mai mult de 30 secunde
L 01/16/2017 - 19:19:30: -------- Mapchange to deathrun_y_underground --------
L 01/16/2017 - 19:19:32: [admin.amxx] Login: "Thunder<2130><STEAM_0:0:1676344678><>" became an admin (account "Thunder") (access "bi") (address "89.35.93.45")
L 01/16/2017 - 19:19:32: [admin.amxx] Login: "fl0ppy<2105><VALVE_0:4:840945399><>" became an admin (account "fl0ppy") (access "bi") (address "86.127.99.205")
L 01/16/2017 - 19:19:32: [comp_timer2.amxx] Error on query: You have an error in your SQL syntax; check the manual that corresponds to your MySQL server version for the right syntax to use near '' at line 1
L 01/16/2017 - 19:19:32: [comp_timer2.amxx] FailState == TQUERY_QUERY_FAILED, Query failed.
L 01/16/2017 - 19:19:32: [admin.amxx] Login: "Cuppy # LePatron<2108><STEAM_0:1:193294027><>" became an admin (account "Cuppy # LePatron") (access "bi") (address "46.253.168.87")
L 01/16/2017 - 19:19:37: [admin.amxx] Login: "fl0ppy<2139><VALVE_0:4:840945399><>" became an admin (account "fl0ppy") (access "bi") (address "86.127.99.205")
L 01/16/2017 - 19:20:00: [admincmd.amxx] Cmd: "Dr.FioriGinal.Ro ~ Server Clasi<0><><>" slay "adysialtele<2147><STEAM_0:0:1006633258><>"
L 01/16/2017 - 19:20:02: [admin.amxx] Login: "spartanC3<2149><STEAM_0:0:1219032291><>" became an admin (account "spartanC3") (access "bi") (address "109.97.110.4")
L 01/16/2017 - 19:20:12: [slayafk.amxx] Eduard. a primit slay, deoarece a fost afk mai mult de 30 secunde
L 01/16/2017 - 19:20:18: [admincmd.amxx] Cmd: "spartanC3<2149><STEAM_0:0:1219032291><>" slay "spartanC3<2149><STEAM_0:0:1219032291><>"
L 01/16/2017 - 19:20:47: [slayafk.amxx] Eduard. a primit slay, deoarece a fost afk mai mult de 30 secunde
L 01/16/2017 - 19:23:22: [slayafk.amxx] Cuppy # LePatron a primit slay, deoarece a fost afk mai mult de 30 secunde
L 01/16/2017 - 19:25:48: [admin.amxx] Login: "kaka<2152><VALVE_0:4:1033726963><>" became an admin (account "kaka") (access "bi") (address "94.53.102.210")
L 01/16/2017 - 19:26:12: [slayafk.amxx] Cuppy # LePatron a primit slay, deoarece a fost afk mai mult de 30 secunde
L 01/16/2017 - 19:26:17: [slayafk.amxx] fl0ppy a primit slay, deoarece a fost afk mai mult de 30 secunde
L 01/16/2017 - 19:27:54: [admin.amxx] Login: "ZALE<2155><STEAM_0:0:179153939><>" kicked due to invalid password (account "zale") (address "109.97.155.8")
L 01/16/2017 - 19:28:04: [admin.amxx] Login: "ZALE<2156><STEAM_0:0:179153939><>" kicked due to invalid password (account "zale") (address "109.97.155.8")
L 01/16/2017 - 19:28:12: [admin.amxx] Login: "ZALE<2157><STEAM_0:0:179153939><>" became an admin (account "zale") (access "bit") (address "109.97.155.8")
L 01/16/2017 - 19:28:55: [admincmd.amxx] Cmd: "spartanC3<2149><STEAM_0:0:1219032291><>" slay "sal<2154><STEAM_0:0:1996162118><>"
L 01/16/2017 - 19:29:07: [admincmd.amxx] Cmd: "spartanC3<2149><STEAM_0:0:1219032291><>" ask for players list
L 01/16/2017 - 19:29:52: [slayafk.amxx] fl0ppy a primit slay, deoarece a fost afk mai mult de 30 secunde
L 01/16/2017 - 19:30:14: [admin.amxx] Login: "ZALE<2161><STEAM_0:0:179153939><>" kicked due to invalid password (account "zale") (address "109.97.155.8")
L 01/16/2017 - 19:32:57: [admincmd.amxx] Cmd: "Cuppy # LePatron<2108><STEAM_0:1:193294027><>" slay "xDiavol<2165><STEAM_0:0:438256><>"
L 01/16/2017 - 19:33:02: [admincmd.amxx] Cmd: "Cuppy # LePatron<2108><STEAM_0:1:193294027><>" slay "PaUl.<2163><STEAM_0:0:170742028><>"
L 01/16/2017 - 19:33:42: [slayafk.amxx] fl0ppy a primit slay, deoarece a fost afk mai mult de 30 secunde
L 01/16/2017 - 19:35:21: [adminchat.amxx] Chat: "sal<2154><STEAM_0:0:1996162118><>" chat " lasa-l ma ca e admin :))"
L 01/16/2017 - 19:36:52: [slayafk.amxx] Jucator-Steam a primit slay, deoarece a fost afk mai mult de 30 secunde
L 01/16/2017 - 19:37:04: [adminchat.amxx] Chat: "sal<2154><STEAM_0:0:1996162118><>" chat " :D"
L 01/16/2017 - 19:37:19: [adminchat.amxx] Chat: "sal<2154><STEAM_0:0:1996162118><>" chat " sunt la scoala pnm :))"
L 01/16/2017 - 19:37:21: [adminchat.amxx] Chat: "sal<2154><STEAM_0:0:1996162118><>" chat " ?"
L 01/16/2017 - 19:37:36: [adminchat.amxx] Chat: "sal<2154><STEAM_0:0:1996162118><>" chat " no lasa"
L 01/16/2017 - 19:37:37: [admincmd.amxx] Kick: "Cuppy # LePatron<2108><STEAM_0:1:193294027><>" kick "sal<2154><STEAM_0:0:1996162118><>" (reason "")
L 01/16/2017 - 19:38:54: [admin.amxx] Login: "cool<2172><VALVE_0:4:563934814><>" became an admin (account "cool") (access "bi") (address "5.14.101.234")
L 01/16/2017 - 19:39:02: [slayafk.amxx] fl0ppy a primit slay, deoarece a fost afk mai mult de 30 secunde
L 01/16/2017 - 19:39:22: [slayafk.amxx] FLVXSOW;[ a primit slay, deoarece a fost afk mai mult de 30 secunde
L 01/16/2017 - 19:39:37: [slayafk.amxx] fl0ppy a primit slay, deoarece a fost afk mai mult de 30 secunde
L 01/16/2017 - 19:40:15: [mapsmenu.amxx] Vote: "Cuppy # LePatron<2108><STEAM_0:1:193294027><>" vote maps (map#1 "deathrun_scooby-doo") (map#2 "deathrun_ghosts") (map#3 "") (map#4 "")
L 01/16/2017 - 19:40:27: [admin.amxx] Login: "wKn<2173><STEAM_0:0:196614190><>" kicked due to invalid password (account "wKn") (address "92.80.103.185")
L 01/16/2017 - 19:40:27: [mapsmenu.amxx] Vote: Voting successful. Map will be changed to deathrun_scooby-doo
L 01/16/2017 - 19:40:33: [admin.amxx] Login: "wKn<2174><STEAM_0:0:196614190><>" became an admin (account "wKn") (access "bit") (address "92.80.103.185")
L 01/16/2017 - 19:42:32: [slayafk.amxx] fl0ppy a primit slay, deoarece a fost afk mai mult de 30 secunde
L 01/16/2017 - 19:42:57: [slayafk.amxx] FLVXSOW;[ a primit slay, deoarece a fost afk mai mult de 30 secunde
L 01/16/2017 - 19:43:50: [admin.amxx] Login: "spartanC3<2180><STEAM_0:0:1219032291><>" became an admin (account "spartanC3") (access "bi") (address "109.97.110.4")
L 01/16/2017 - 19:44:29: [admin.amxx] Login: "spartanC3<2181><STEAM_0:0:1219032291><>" became an admin (account "spartanC3") (access "bi") (address "109.97.110.4")
L 01/16/2017 - 19:45:20: -------- Mapchange to deathrun_scooby-doo --------
L 01/16/2017 - 19:45:21: [comp_timer2.amxx] Error on query: You have an error in your SQL syntax; check the manual that corresponds to your MySQL server version for the right syntax to use near '' at line 1
L 01/16/2017 - 19:45:21: [comp_timer2.amxx] FailState == TQUERY_QUERY_FAILED, Query failed.
L 01/16/2017 - 19:45:22: [admin.amxx] Login: "wKn<2174><STEAM_0:0:196614190><>" became an admin (account "wKn") (access "bit") (address "92.80.103.185")
L 01/16/2017 - 19:45:22: [admin.amxx] Login: "Cuppy # LePatron<2108><STEAM_0:1:193294027><>" became an admin (account "Cuppy # LePatron") (access "bi") (address "46.253.168.87")
L 01/16/2017 - 19:45:24: [admin.amxx] Login: "fl0ppy<2139><VALVE_0:4:840945399><>" became an admin (account "fl0ppy") (access "bi") (address "86.127.99.205")
L 01/16/2017 - 19:45:28: [admin.amxx] Login: "wKn<2185><STEAM_0:0:196614190><>" became an admin (account "wKn") (access "bit") (address "92.80.103.185")
L 01/16/2017 - 19:45:36: [admin.amxx] Login: "fl0ppy<2189><VALVE_0:4:840945399><>" became an admin (account "fl0ppy") (access "bi") (address "86.127.99.205")
L 01/16/2017 - 19:45:44: [admin.amxx] Login: "spartanC3<2190><STEAM_0:0:1219032291><>" became an admin (account "spartanC3") (access "bi") (address "109.97.110.4")
L 01/16/2017 - 19:50:57: [admin.amxx] Login: "Hazard'<2195><STEAM_0:0:67292689><>" became an admin (account "Hazard'") (access "bi") (address "85.186.3.173")
L 01/16/2017 - 19:57:16: [admin.amxx] Login: "Cuppy # LePatron<2200><STEAM_0:1:193294027><>" became an admin (account "Cuppy # LePatron") (access "bi") (address "46.253.168.87")
L 01/16/2017 - 19:57:31: [admin.amxx] Login: "Cuppy # LePatron<2201><STEAM_0:1:193294027><>" became an admin (account "Cuppy # LePatron") (access "bi") (address "46.253.168.87")
L 01/16/2017 - 19:58:18: [admin.amxx] Login: "fl0ppy<2203><VALVE_0:4:840945399><>" became an admin (account "fl0ppy") (access "bi") (address "86.127.99.205")
L 01/16/2017 - 20:00:18: [admin.amxx] Login: "fl0ppy<2206><VALVE_0:4:840945399><>" became an admin (account "fl0ppy") (access "bi") (address "86.127.99.205")
L 01/16/2017 - 20:00:24: [admincmd.amxx] Cmd: "Dr.FioriGinal.Ro ~ Server Clasi<0><><>" slay "fl0ppy<2206><VALVE_0:4:840945399><>"
L 01/16/2017 - 20:03:02: [adminchat.amxx] Chat: "Hazard'<2195><STEAM_0:0:67292689><>" chat "am chef de un proj4"
L 01/16/2017 - 20:03:20: [adminchat.amxx] Chat: "wKn<2185><STEAM_0:0:196614190><>" chat "si eu chef de ceva.."
L 01/16/2017 - 20:04:38: [adminchat.amxx] Chat: "Hazard'<2195><STEAM_0:0:67292689><>" chat "dau eu vot"
L 01/16/2017 - 20:04:53: [adminchat.amxx] Chat: "wKn<2185><STEAM_0:0:196614190><>" chat "dai"
L 01/16/2017 - 20:04:56: [adminchat.amxx] Chat: "wKn<2185><STEAM_0:0:196614190><>" chat "village"
L 01/16/2017 - 20:05:09: [adminchat.amxx] Chat: "Hazard'<2195><STEAM_0:0:67292689><>" chat "nu o gasesc"
L 01/16/2017 - 20:05:11: [adminchat.amxx] Chat: "wKn<2185><STEAM_0:0:196614190><>" chat "scrie"
L 01/16/2017 - 20:05:13: [adminchat.amxx] Chat: "wKn<2185><STEAM_0:0:196614190><>" chat "acolo"
L 01/16/2017 - 20:05:15: [adminchat.amxx] Chat: "wKn<2185><STEAM_0:0:196614190><>" chat "dai 6"
L 01/16/2017 - 20:05:18: [adminchat.amxx] Chat: "wKn<2185><STEAM_0:0:196614190><>" chat "si scrie village"
L 01/16/2017 - 20:05:21: [adminchat.amxx] Chat: "Hazard'<2195><STEAM_0:0:67292689><>" chat "am dat ba"
L 01/16/2017 - 20:05:23: [adminchat.amxx] Chat: "Hazard'<2195><STEAM_0:0:67292689><>" chat "nu e"
L 01/16/2017 - 20:06:05: [mapsmenu.amxx] Vote: "Hazard'<2195><STEAM_0:0:67292689><>" vote maps (map#1 "deathrun_projetocs4") (map#2 "deathrun_virtualstrike") (map#3 "") (map#4 "")
L 01/16/2017 - 20:06:17: [mapsmenu.amxx] Vote: Voting successful. Map will be changed to deathrun_projetocs4
L 01/16/2017 - 20:08:44: [admin.amxx] Login: "Cuppy # LePatron<2214><STEAM_0:1:193294027><>" became an admin (account "Cuppy # LePatron") (access "bi") (address "46.253.168.87")
L 01/16/2017 - 20:10:52: -------- Mapchange to deathrun_projetocs4 --------
L 01/16/2017 - 20:10:54: [comp_timer2.amxx] Error on query: You have an error in your SQL syntax; check the manual that corresponds to your MySQL server version for the right syntax to use near '' at line 1
L 01/16/2017 - 20:10:54: [comp_timer2.amxx] FailState == TQUERY_QUERY_FAILED, Query failed.
L 01/16/2017 - 20:10:54: [admin.amxx] Login: "wKn<2185><STEAM_0:0:196614190><>" became an admin (account "wKn") (access "bit") (address "92.80.103.185")
L 01/16/2017 - 20:10:54: [admin.amxx] Login: "Hazard'<2195><STEAM_0:0:67292689><>" became an admin (account "Hazard'") (access "bi") (address "85.186.3.173")
L 01/16/2017 - 20:10:56: [admin.amxx] Login: "fl0ppy<2206><VALVE_0:4:840945399><>" became an admin (account "fl0ppy") (access "bi") (address "86.127.99.205")
L 01/16/2017 - 20:11:04: [admin.amxx] Login: "fl0ppy<2221><VALVE_0:4:840945399><>" became an admin (account "fl0ppy") (access "bi") (address "86.127.99.205")
L 01/16/2017 - 20:31:08: [mapsmenu.amxx] Vote: "Hazard'<2195><STEAM_0:0:67292689><>" vote maps (map#1 "deathrun_virtualstrike") (map#2 "deathrun_rizzy_x") (map#3 "") (map#4 "")
L 01/16/2017 - 20:31:18: [admin.amxx] Login: "kaka<2239><VALVE_0:4:1033726963><>" became an admin (account "kaka") (access "bi") (address "94.53.102.210")
L 01/16/2017 - 20:31:20: [mapsmenu.amxx] Vote: Voting successful. Map will be changed to deathrun_rizzy_x
L 01/16/2017 - 20:34:56: [admin.amxx] Login: "Levi99<2246><STEAM_0:0:183716598><>" kicked due to invalid password (account "Levi99") (address "79.115.215.229")
L 01/16/2017 - 20:35:04: [admin.amxx] Login: "Levi99<2247><STEAM_0:0:183716598><>" became an admin (account "Levi99") (access "bi") (address "79.115.215.229")
L 01/16/2017 - 20:36:00: -------- Mapchange to deathrun_rizzy_x --------
L 01/16/2017 - 20:36:02: [comp_timer2.amxx] Error on query: You have an error in your SQL syntax; check the manual that corresponds to your MySQL server version for the right syntax to use near '' at line 1
L 01/16/2017 - 20:36:02: [comp_timer2.amxx] FailState == TQUERY_QUERY_FAILED, Query failed.
L 01/16/2017 - 20:36:03: [admin.amxx] Login: "kaka<2239><VALVE_0:4:1033726963><>" became an admin (account "kaka") (access "bi") (address "94.53.102.210")
L 01/16/2017 - 20:36:03: [admin.amxx] Login: "Levi99<2247><STEAM_0:0:183716598><>" became an admin (account "Levi99") (access "bi") (address "79.115.215.229")
L 01/16/2017 - 20:36:05: [admin.amxx] Login: "Levi99<2250><STEAM_0:0:183716598><>" became an admin (account "Levi99") (access "bi") (address "79.115.215.229")
L 01/16/2017 - 20:42:23: [admin.amxx] Login: "deadpool<2268><STEAM_0:0:30403765><>" became an admin (account "deadpool") (access "bit") (address "82.79.251.176")
L 01/16/2017 - 20:47:09: [admin.amxx] Login: "Hazard'<2269><STEAM_0:0:67292689><>" became an admin (account "Hazard'") (access "bi") (address "85.186.3.173")
L 01/16/2017 - 20:47:49: [admin.amxx] Login: "spartanC3<2270><STEAM_0:0:1219032291><>" became an admin (account "spartanC3") (access "bi") (address "109.97.110.4")
L 01/16/2017 - 20:50:02: [adminchat.amxx] Chat: "spartanC3<2270><STEAM_0:0:1219032291><>" chat "clar de zice ca are 10 ani"
L 01/16/2017 - 20:50:08: [adminchat.amxx] Chat: "deadpool<2268><STEAM_0:0:30403765><>" chat "mda"
L 01/16/2017 - 20:50:15: [admincmd.amxx] Cmd: "spartanC3<2270><STEAM_0:0:1219032291><>" slap with 0 damage "Andrei.<2255><VALVE_0:4:710826482><>"
L 01/16/2017 - 20:50:19: [adminchat.amxx] Chat: "Hazard'<2269><STEAM_0:0:67292689><>" chat "cf ma?"
L 01/16/2017 - 20:52:21: [admin.amxx] Login: "fl0ppy<2276><VALVE_0:4:840945399><>" became an admin (account "fl0ppy") (access "bi") (address "86.127.99.205")
L 01/16/2017 - 20:52:57: [admincmd.amxx] Cmd: "fl0ppy<2276><VALVE_0:4:840945399><>" slay "Andrei.<2255><VALVE_0:4:710826482><>"
L 01/16/2017 - 20:54:17: [admincmd.amxx] Cmd: "fl0ppy<2276><VALVE_0:4:840945399><>" slay "Twist.<2267><STEAM_0:0:58448373><>"
L 01/16/2017 - 20:58:21: [mapsmenu.amxx] Vote: "fl0ppy<2276><VALVE_0:4:840945399><>" vote maps (map#1 "deathrun_sk_occult") (map#2 "deathrun_skyzzar") (map#3 "") (map#4 "")
L 01/16/2017 - 20:58:26: [admincmd.amxx] Cmd: "Dr.FioriGinal.Ro ~ Server Clasi<0><><>" slay "stefan<2284><STEAM_0:0:31681533><>"
L 01/16/2017 - 20:58:33: [mapsmenu.amxx] Vote: Voting successful. Map will be changed to deathrun_skyzzar
L 01/16/2017 - 20:59:09: [admincmd.amxx] Cmd: "Dr.FioriGinal.Ro ~ Server Clasi<0><><>" slay "stefan<2288><STEAM_0:0:31681533><>"
L 01/16/2017 - 21:01:39: -------- Mapchange to deathrun_skyzzar --------
L 01/16/2017 - 21:01:41: [comp_timer2.amxx] Error on query: You have an error in your SQL syntax; check the manual that corresponds to your MySQL server version for the right syntax to use near '' at line 1
L 01/16/2017 - 21:01:41: [comp_timer2.amxx] FailState == TQUERY_QUERY_FAILED, Query failed.
L 01/16/2017 - 21:01:42: [admin.amxx] Login: "fl0ppy<2276><VALVE_0:4:840945399><>" became an admin (account "fl0ppy") (access "bi") (address "86.127.99.205")
L 01/16/2017 - 21:01:45: [admin.amxx] Login: "fl0ppy<2297><VALVE_0:4:840945399><>" became an admin (account "fl0ppy") (access "bi") (address "86.127.99.205")
L 01/16/2017 - 21:02:21: [slayafk.amxx] ssaacc. a primit slay, deoarece a fost afk mai mult de 30 secunde
L 01/16/2017 - 21:02:56: [slayafk.amxx] ssaacc. a primit slay, deoarece a fost afk mai mult de 30 secunde
L 01/16/2017 - 21:04:21: [slayafk.amxx] stefan a primit slay, deoarece a fost afk mai mult de 30 secunde
L 01/16/2017 - 21:06:11: [slayafk.amxx] stefan a primit slay, deoarece a fost afk mai mult de 30 secunde
L 01/16/2017 - 21:06:11: [slayafk.amxx] ssaacc. a primit slay, deoarece a fost afk mai mult de 30 secunde
L 01/16/2017 - 21:08:11: [slayafk.amxx] fl0ppy a primit slay, deoarece a fost afk mai mult de 30 secunde
L 01/16/2017 - 21:08:11: [slayafk.amxx] ssaacc. a primit slay, deoarece a fost afk mai mult de 30 secunde
L 01/16/2017 - 21:08:51: [slayafk.amxx] fl0ppy a primit slay, deoarece a fost afk mai mult de 30 secunde
L 01/16/2017 - 21:08:51: [slayafk.amxx] stefan a primit slay, deoarece a fost afk mai mult de 30 secunde
L 01/16/2017 - 21:08:51: [slayafk.amxx] ssaacc. a primit slay, deoarece a fost afk mai mult de 30 secunde
L 01/16/2017 - 21:10:31: [slayafk.amxx] ssaacc. a primit slay, deoarece a fost afk mai mult de 30 secunde
L 01/16/2017 - 21:11:41: [slayafk.amxx] stefan a primit slay, deoarece a fost afk mai mult de 30 secunde
L 01/16/2017 - 21:11:56: [slayafk.amxx] ssaacc. a primit slay, deoarece a fost afk mai mult de 30 secunde
L 01/16/2017 - 21:12:16: [slayafk.amxx] stefan a primit slay, deoarece a fost afk mai mult de 30 secunde
L 01/16/2017 - 21:12:56: [slayafk.amxx] ssaacc. a primit slay, deoarece a fost afk mai mult de 30 secunde
L 01/16/2017 - 21:15:31: [slayafk.amxx] ssaacc. a primit slay, deoarece a fost afk mai mult de 30 secunde
L 01/16/2017 - 21:21:11: [slayafk.amxx] ssaacc. a primit slay, deoarece a fost afk mai mult de 30 secunde
L 01/16/2017 - 21:23:31: [slayafk.amxx] ssaacc. a primit slay, deoarece a fost afk mai mult de 30 secunde
L 01/16/2017 - 21:26:21: [slayafk.amxx] ssaacc. a primit slay, deoarece a fost afk mai mult de 30 secunde
L 01/16/2017 - 21:27:16: [slayafk.amxx] ssaacc. a primit slay, deoarece a fost afk mai mult de 30 secunde
L 01/16/2017 - 21:28:41: -------- Mapchange to deathrun_shit_v2 --------
L 01/16/2017 - 21:28:42: [comp_timer2.amxx] Error on query: You have an error in your SQL syntax; check the manual that corresponds to your MySQL server version for the right syntax to use near '' at line 1
L 01/16/2017 - 21:28:42: [comp_timer2.amxx] FailState == TQUERY_QUERY_FAILED, Query failed.
L 01/16/2017 - 21:29:33: [slayafk.amxx] ssaacc. a primit slay, deoarece a fost afk mai mult de 30 secunde
L 01/16/2017 - 21:30:33: [slayafk.amxx] ssaacc. a primit slay, deoarece a fost afk mai mult de 30 secunde
L 01/16/2017 - 21:31:13: [slayafk.amxx] ssaacc. a primit slay, deoarece a fost afk mai mult de 30 secunde
L 01/16/2017 - 21:33:13: [slayafk.amxx] ssaacc. a primit slay, deoarece a fost afk mai mult de 30 secunde
L 01/16/2017 - 21:35:03: [slayafk.amxx] ssaacc. a primit slay, deoarece a fost afk mai mult de 30 secunde
L 01/16/2017 - 21:37:48: [slayafk.amxx] ssaacc. a primit slay, deoarece a fost afk mai mult de 30 secunde
L 01/16/2017 - 21:39:53: [slayafk.amxx] ssaacc. a primit slay, deoarece a fost afk mai mult de 30 secunde
L 01/16/2017 - 21:41:03: [slayafk.amxx] ssaacc. a primit slay, deoarece a fost afk mai mult de 30 secunde
L 01/16/2017 - 21:42:43: [slayafk.amxx] ssaacc. a primit slay, deoarece a fost afk mai mult de 30 secunde
L 01/16/2017 - 21:44:03: [slayafk.amxx] ssaacc. a primit slay, deoarece a fost afk mai mult de 30 secunde
L 01/16/2017 - 21:44:21: [admin.amxx] Login: "deadpool<2344><STEAM_0:0:30403765><>" became an admin (account "deadpool") (access "bit") (address "82.79.251.176")
L 01/16/2017 - 21:47:43: [slayafk.amxx] ssaacc. a primit slay, deoarece a fost afk mai mult de 30 secunde
L 01/16/2017 - 21:49:48: [slayafk.amxx] gold a primit slay, deoarece a fost afk mai mult de 30 secunde
L 01/16/2017 - 21:49:48: [slayafk.amxx] ssaacc. a primit slay, deoarece a fost afk mai mult de 30 secunde
L 01/16/2017 - 21:55:08: -------- Mapchange to deathrun_kings_never_die --------
L 01/16/2017 - 21:55:09: [comp_timer2.amxx] Error on query: You have an error in your SQL syntax; check the manual that corresponds to your MySQL server version for the right syntax to use near '' at line 1
L 01/16/2017 - 21:55:09: [comp_timer2.amxx] FailState == TQUERY_QUERY_FAILED, Query failed.
L 01/16/2017 - 21:56:48: [admin.amxx] Login: "SWAGGIE. XD<2366><VALVE_0:4:862961770><>" became an admin (account "SWAGGIE. XD") (access "bi") (address "109.98.131.207")
L 01/16/2017 - 22:07:49: [admin.amxx] Login: "deadpool<2367><STEAM_0:0:30403765><>" became an admin (account "deadpool") (access "bit") (address "82.79.251.176")
L 01/16/2017 - 22:12:58: [admin.amxx] Login: "kaka<2368><VALVE_0:4:1033726963><>" kicked due to invalid password (account "kaka") (address "94.53.102.210")
L 01/16/2017 - 22:29:30: -------- Mapchange to deathrun_inferno_beta1 --------
L 01/16/2017 - 22:29:32: [comp_timer2.amxx] Error on query: You have an error in your SQL syntax; check the manual that corresponds to your MySQL server version for the right syntax to use near '' at line 1
L 01/16/2017 - 22:29:32: [comp_timer2.amxx] FailState == TQUERY_QUERY_FAILED, Query failed.
L 01/16/2017 - 22:35:27: [admin.amxx] Login: "flawless.<2387><STEAM_0:0:1218275374><>" kicked due to invalid password (account "flawless.") (address "84.232.251.59")
L 01/16/2017 - 22:35:34: [admin.amxx] Login: "flawless.<2388><STEAM_0:0:1218275374><>" became an admin (account "flawless.") (access "bi") (address "84.232.251.59")
L 01/16/2017 - 22:35:36: [admin.amxx] Login: "flawless.<2389><STEAM_0:0:1218275374><>" became an admin (account "flawless.") (access "bi") (address "84.232.251.59")
L 01/16/2017 - 22:35:54: [admin.amxx] Login: "flawless.<2390><STEAM_0:0:1218275374><>" became an admin (account "flawless.") (access "bi") (address "84.232.251.59")
L 01/16/2017 - 22:44:01: [admin.amxx] Login: "SWAGGIE. XD<2391><VALVE_0:4:862961770><>" became an admin (account "SWAGGIE. XD") (access "bi") (address "109.98.131.207")
L 01/16/2017 - 22:44:23: [admin.amxx] Login: "trysz<2392><STEAM_0:0:151659743><>" became an admin (account "Trysz") (access "bi") (address "89.120.5.180")
L 01/16/2017 - 22:46:14: [adminchat.amxx] Chat: "SWAGGIE. XD<2391><VALVE_0:4:862961770><>" chat " merge un chall?"
L 01/16/2017 - 22:47:37: [mapsmenu.amxx] Vote: "SWAGGIE. XD<2391><VALVE_0:4:862961770><>" vote maps (map#1 "deathrun_challenge_x") (map#2 "") (map#3 "") (map#4 "")
L 01/16/2017 - 22:47:49: [mapsmenu.amxx] Vote: Voting successful. Map will be changed to deathrun_challenge_x
L 01/16/2017 - 22:50:56: [adminchat.amxx] Chat: "trysz<2392><STEAM_0:0:151659743><>" chat "."
L 01/16/2017 - 22:50:59: [admin.amxx] Login: "flawless.<2400><STEAM_0:1:175372971><>" became an admin (account "flawless.") (access "bi") (address "84.232.251.59")
L 01/16/2017 - 22:53:39: [mapsmenu.amxx] Vote: "SWAGGIE. XD<2391><VALVE_0:4:862961770><>" vote maps (map#1 "deathrun_challenge_x") (map#2 "deathrun_gb_winter_final4") (map#3 "") (map#4 "")
L 01/16/2017 - 22:53:51: [mapsmenu.amxx] Vote: Voting successful. Map will be changed to deathrun_challenge_x
L 01/16/2017 - 22:56:58: -------- Mapchange to deathrun_challenge_x --------
L 01/16/2017 - 22:56:59: [comp_timer2.amxx] Error on query: You have an error in your SQL syntax; check the manual that corresponds to your MySQL server version for the right syntax to use near '' at line 1
L 01/16/2017 - 22:56:59: [comp_timer2.amxx] FailState == TQUERY_QUERY_FAILED, Query failed.
L 01/16/2017 - 22:57:00: [admin.amxx] Login: "trysz<2392><STEAM_0:0:151659743><>" became an admin (account "Trysz") (access "bi") (address "89.120.5.180")
L 01/16/2017 - 22:57:00: [admin.amxx] Login: "SWAGGIE. XD<2391><VALVE_0:4:862961770><>" became an admin (account "SWAGGIE. XD") (access "bi") (address "109.98.131.207")
L 01/16/2017 - 22:57:35: [slayafk.amxx] trysz a primit slay, deoarece a fost afk mai mult de 30 secunde
L 01/16/2017 - 23:15:51: [admin.amxx] Login: "SWAGGIE. XD<2409><VALVE_0:4:862961770><>" became an admin (account "SWAGGIE. XD") (access "bi") (address "109.98.131.207")
L 01/16/2017 - 23:23:08: -------- Mapchange to deathrun_demolish --------
L 01/16/2017 - 23:23:09: [comp_timer2.amxx] Error on query: You have an error in your SQL syntax; check the manual that corresponds to your MySQL server version for the right syntax to use near '' at line 1
L 01/16/2017 - 23:23:09: [comp_timer2.amxx] FailState == TQUERY_QUERY_FAILED, Query failed.
L 01/16/2017 - 23:26:17: [admincmd.amxx] Cmd: "Dr.FioriGinal.Ro ~ Server Clasi<0><><>" slay "dsadas<2424><STEAM_0:0:499862343><>"
L 01/16/2017 - 23:26:43: [admincmd.amxx] Cmd: "Dr.FioriGinal.Ro ~ Server Clasi<0><><>" slay "dsadas<2425><STEAM_0:0:499862343><>"
L 01/16/2017 - 23:28:09: [admincmd.amxx] Cmd: "Dr.FioriGinal.Ro ~ Server Clasi<0><><>" slay "dsadas<2428><STEAM_0:0:499862343><>"
L 01/16/2017 - 23:35:39: [admin.amxx] Login: "kaka<2438><VALVE_0:4:1033726963><>" kicked due to invalid password (account "kaka") (address "94.53.102.210")
L 01/16/2017 - 23:35:47: [admin.amxx] Login: "kaka<2440><VALVE_0:4:1033726963><>" became an admin (account "kaka") (access "bi") (address "94.53.102.210")
L 01/16/2017 - 23:37:19: [admin.amxx] Login: "Cuppy # LePatron<2442><STEAM_0:1:193294027><>" became an admin (account "Cuppy # LePatron") (access "bi") (address "46.253.168.87")
L 01/16/2017 - 23:39:24: [adminchat.amxx] Chat: "kaka<2440><VALVE_0:4:1033726963><>" chat " ce pizda ma-sii vb astia?"
L 01/16/2017 - 23:39:26: [adminchat.amxx] Chat: "kaka<2440><VALVE_0:4:1033726963><>" chat " =)))"
L 01/16/2017 - 23:39:34: [adminchat.amxx] Chat: "Cuppy # LePatron<2442><STEAM_0:1:193294027><>" chat "fura curent"
L 01/16/2017 - 23:39:40: [adminchat.amxx] Chat: "kaka<2440><VALVE_0:4:1033726963><>" chat " =(("
L 01/16/2017 - 23:42:30: [adminchat.amxx] Chat: "Cuppy # LePatron<2442><STEAM_0:1:193294027><>" chat "vrei sa-i dau ban?"
L 01/16/2017 - 23:42:33: [adminchat.amxx] Chat: "kaka<2440><VALVE_0:4:1033726963><>" chat " nu"
L 01/16/2017 - 23:42:35: [adminchat.amxx] Chat: "kaka<2440><VALVE_0:4:1033726963><>" chat " lasa-l"
L 01/16/2017 - 23:42:38: [adminchat.amxx] Chat: "kaka<2440><VALVE_0:4:1033726963><>" chat " daca mai injura"
L 01/16/2017 - 23:42:40: [adminchat.amxx] Chat: "kaka<2440><VALVE_0:4:1033726963><>" chat " ii dai"
L 01/16/2017 - 23:42:41: [adminchat.amxx] Chat: "kaka<2440><VALVE_0:4:1033726963><>" chat " :))"
L 01/16/2017 - 23:43:22: [adminchat.amxx] Chat: "Cuppy # LePatron<2442><STEAM_0:1:193294027><>" chat "tre sa fac banlist pe forum ca-i dau 24 ore."
L 01/16/2017 - 23:46:18: [admincmd.amxx] Cmd: "Dr.FioriGinal.Ro ~ Server Clasi<0><><>" slay "dsadas<2444><STEAM_0:0:499862343><>"
L 01/16/2017 - 23:52:48: [admincmd.amxx] Cmd: "Dr.FioriGinal.Ro ~ Server Clasi<0><><>" slay "dsadas<2452><STEAM_0:0:499862343><>"
L 01/16/2017 - 23:53:04: [admincmd.amxx] Cmd: "Dr.FioriGinal.Ro ~ Server Clasi<0><><>" slay "dsadas<2453><STEAM_0:0:499862343><>"
L 01/16/2017 - 23:53:18: [mapsmenu.amxx] Vote: "Cuppy # LePatron<2442><STEAM_0:1:193294027><>" vote maps (map#1 "deathrun_sfa!") (map#2 "deathrun_mib-easy") (map#3 "") (map#4 "")
L 01/16/2017 - 23:53:30: [mapsmenu.amxx] Vote: Voting successful. Map will be changed to deathrun_sfa!
L 01/16/2017 - 23:56:24: [admincmd.amxx] Cmd: "Cuppy # LePatron<2442><STEAM_0:1:193294027><>" slap with 0 damage "hAbsk4y.#<2455><STEAM_0:1:112936335><>"
L 01/16/2017 - 23:56:54: [slayafk.amxx] kaka a primit slay, deoarece a fost afk mai mult de 30 secunde
L 01/16/2017 - 23:59:02: -------- Mapchange to deathrun_sfa! --------
L 01/16/2017 - 23:59:04: [comp_timer2.amxx] Error on query: You have an error in your SQL syntax; check the manual that corresponds to your MySQL server version for the right syntax to use near '' at line 1
L 01/16/2017 - 23:59:04: [comp_timer2.amxx] FailState == TQUERY_QUERY_FAILED, Query failed.
L 01/16/2017 - 23:59:04: [admin.amxx] Login: "Cuppy # LePatron<2442><STEAM_0:1:193294027><>" became an admin (account "Cuppy # LePatron") (access "bi") (address "46.253.168.87")
L 01/16/2017 - 23:59:04: [admin.amxx] Login: "kaka<2440><VALVE_0:4:1033726963><>" became an admin (account "kaka") (access "bi") (address "94.53.102.210")
L 01/16/2017 - 23:59:15: [admin.amxx] Login: "Cuppy # LePatron<2463><STEAM_0:1:193294027><>" became an admin (account "Cuppy # LePatron") (access "bi") (address "46.253.168.87")
L 01/16/2017 - 23:59:26: [admincmd.amxx] Cmd: "Dr.FioriGinal.Ro ~ Server Clasi<0><><>" slay "dsadas<2465><STEAM_0:0:499862343><>"
L 01/16/2017 - 23:59:49: [admincmd.amxx] Kick: "Cuppy # LePatron<2463><STEAM_0:1:193294027><>" kick "razi ca un prost ce esti<2465><STEAM_0:0:499862343><>" (reason "")
