L 06/20/2017 - 00:53:25: -------- Mapchange to deathrun_adi_blurez --------
L 06/20/2017 - 00:53:27: [AMXX] Failed to open dictionary file: cstrike/addons/amxmodx/data/lang/walkguard.txt
L 06/20/2017 - 00:53:28: [walkguard.amxx] no zone-file found
L 06/20/2017 - 03:45:09: -------- Mapchange to deathrun_2h_estonia --------
L 06/20/2017 - 03:45:11: [AMXX] Failed to open dictionary file: cstrike/addons/amxmodx/data/lang/walkguard.txt
L 06/20/2017 - 03:45:12: [walkguard.amxx] no zone-file found
L 06/20/2017 - 04:17:30: -------- Mapchange to deathrun_y_underground --------
L 06/20/2017 - 04:17:31: [AMXX] Failed to open dictionary file: cstrike/addons/amxmodx/data/lang/walkguard.txt
L 06/20/2017 - 04:17:32: [walkguard.amxx] no zone-file found
L 06/20/2017 - 08:17:17: -------- Mapchange to deathrun_privateers --------
L 06/20/2017 - 08:17:18: [AMXX] Failed to open dictionary file: cstrike/addons/amxmodx/data/lang/walkguard.txt
L 06/20/2017 - 08:17:19: [walkguard.amxx] no zone-file found
L 06/20/2017 - 08:47:58: -------- Mapchange to deathrun_rizzy_x --------
L 06/20/2017 - 08:48:00: [AMXX] Failed to open dictionary file: cstrike/addons/amxmodx/data/lang/walkguard.txt
L 06/20/2017 - 08:48:01: [walkguard.amxx] no zone-file found
L 06/20/2017 - 10:24:51: -------- Mapchange to deathrun_ghosts --------
L 06/20/2017 - 10:24:52: [AMXX] Failed to open dictionary file: cstrike/addons/amxmodx/data/lang/walkguard.txt
L 06/20/2017 - 10:24:53: [walkguard.amxx] no zone-file found
L 06/20/2017 - 11:17:02: -------- Mapchange to deathrun_sk_occult --------
L 06/20/2017 - 11:17:03: [AMXX] Failed to open dictionary file: cstrike/addons/amxmodx/data/lang/walkguard.txt
L 06/20/2017 - 11:17:04: [walkguard.amxx] no zone-file found
L 06/20/2017 - 11:31:24: [slayafk.amxx] Player a primit slay, deoarece a fost afk mai mult de 30 secunde
L 06/20/2017 - 11:41:46: [admin.amxx] Login: "Stifler<131><STEAM_0:1:22458368><>" became an admin (account "Stifler") (access "b") (address "31.5.145.190")
L 06/20/2017 - 11:42:02: [admincmd.amxx] Cmd: "Stifler<131><STEAM_0:1:22458368><>" ask for players list
L 06/20/2017 - 11:49:33: [admin.amxx] Login: "Stifler<143><STEAM_0:1:22458368><>" became an admin (account "Stifler") (access "b") (address "31.5.145.190")
L 06/20/2017 - 12:15:04: [slayafk.amxx] 2k17 ypa! a primit slay, deoarece a fost afk mai mult de 30 secunde
L 06/20/2017 - 12:15:07: -------- Mapchange to deathrun_jigsaw2 --------
L 06/20/2017 - 12:15:08: [AMXX] Failed to open dictionary file: cstrike/addons/amxmodx/data/lang/walkguard.txt
L 06/20/2017 - 12:15:10: [walkguard.amxx] no zone-file found
L 06/20/2017 - 13:25:48: -------- Mapchange to deathrun_christmas --------
L 06/20/2017 - 13:25:50: [AMXX] Failed to open dictionary file: cstrike/addons/amxmodx/data/lang/walkguard.txt
L 06/20/2017 - 13:25:51: [walkguard.amxx] no zone-file found
L 06/20/2017 - 13:59:27: -------- Mapchange to deathrun_jinglebells2 --------
L 06/20/2017 - 13:59:29: [AMXX] Failed to open dictionary file: cstrike/addons/amxmodx/data/lang/walkguard.txt
L 06/20/2017 - 13:59:30: [walkguard.amxx] no zone-file found
L 06/20/2017 - 14:26:27: -------- Mapchange to deathrun_gb_winter_final4 --------
L 06/20/2017 - 14:26:28: [AMXX] Failed to open dictionary file: cstrike/addons/amxmodx/data/lang/walkguard.txt
L 06/20/2017 - 14:26:29: [walkguard.amxx] no zone-file found
L 06/20/2017 - 14:33:58: -------- Mapchange to deathrun_forest --------
L 06/20/2017 - 14:34:07: [AMXX] Failed to open dictionary file: cstrike/addons/amxmodx/data/lang/walkguard.txt
L 06/20/2017 - 14:34:09: [walkguard.amxx] no zone-file found
L 06/20/2017 - 14:34:18: Invalid multi-lingual line (file "cstrike/addons/amxmodx/data/lang/rom_protect.txt" key "// *ROM-Protect// Plugin OpenSource anti-IsFlooding/bug-fix pentru orice server." lang "")
L 06/20/2017 - 14:34:18: Invalid multi-lingual line (file "cstrike/addons/amxmodx/data/lang/rom_protect.txt" key "// Versiunea : 1.0.4s-dev. Bulid : 98. Data lansarii versiunii : 03.12.2016." lang "")
L 06/20/2017 - 14:34:18: Invalid multi-lingual line (file "cstrike/addons/amxmodx/data/lang/rom_protect.txt" key "// Autor : lüxor # Dr.Fio & DR2.IND (+ eNd.) - SteamID (contact) : luxxxoor" lang "")
L 06/20/2017 - 14:34:18: Invalid multi-lingual line (file "cstrike/addons/amxmodx/data/lang/rom_protect.txt" key "// O productie FioriGinal.ro - site : www.fioriginal.ro" lang "")
L 06/20/2017 - 14:34:18: Invalid multi-lingual line (file "cstrike/addons/amxmodx/data/lang/rom_protect.txt" key "// Link forum de dezvoltare : http://forum.fioriginal.ro/amxmodx-plugins-pluginuri/rom-protect-anti-flood-bug-fix-t28292.html" lang "")
L 06/20/2017 - 14:34:18: Invalid multi-lingual line (file "cstrike/addons/amxmodx/data/lang/rom_protect.txt" key "// Link sursa : https://github.com/luxxxoor/ROM-Protect" lang "")
L 06/20/2017 - 14:34:18: Invalid multi-lingual line (file "cstrike/addons/amxmodx/data/lang/rom_protect.txt" key "// Colori : ^1 - Culoarea aleasa de jucator cu con_color." lang "")
L 06/20/2017 - 14:34:18: Invalid multi-lingual line (file "cstrike/addons/amxmodx/data/lang/rom_protect.txt" key "//          ^3 - Culoare gri." lang "")
L 06/20/2017 - 14:34:18: Invalid multi-lingual line (file "cstrike/addons/amxmodx/data/lang/rom_protect.txt" key "//          ^4 - Culoare verde." lang "")
L 06/20/2017 - 14:35:31: [admincmd.amxx] Cmd: "Dr.FioriGinal.Ro ~ Server Clasi<0><><>" slay "[mr] isam ghaith<6><STEAM_0:0:997819823><>"
L 06/20/2017 - 15:00:57: -------- Mapchange to deathrun_jinglebells --------
L 06/20/2017 - 15:00:59: [AMXX] Failed to open dictionary file: cstrike/addons/amxmodx/data/lang/walkguard.txt
L 06/20/2017 - 15:01:00: [walkguard.amxx] no zone-file found
L 06/20/2017 - 15:17:30: [slayafk.amxx] bojidarCSQ a primit slay, deoarece a fost afk mai mult de 30 secunde
L 06/20/2017 - 15:18:40: [slayafk.amxx] bojidarCSQ a primit slay, deoarece a fost afk mai mult de 30 secunde
L 06/20/2017 - 15:19:20: [slayafk.amxx] bojidarCSQ a primit slay, deoarece a fost afk mai mult de 30 secunde
L 06/20/2017 - 15:20:05: [slayafk.amxx] bojidarCSQ a primit slay, deoarece a fost afk mai mult de 30 secunde
L 06/20/2017 - 15:22:10: [slayafk.amxx] bojidarCSQ a primit slay, deoarece a fost afk mai mult de 30 secunde
L 06/20/2017 - 15:37:40: [slayafk.amxx] bojidarCSQ a primit slay, deoarece a fost afk mai mult de 30 secunde
L 06/20/2017 - 16:06:31: [admincmd.amxx] Cmd: "Dr.FioriGinal.Ro ~ Server Clasi<0><><>" slay "ins<32><VALVE_0:4:745960403><>"
L 06/20/2017 - 16:07:40: [slayafk.amxx] bojidarCSQ a primit slay, deoarece a fost afk mai mult de 30 secunde
L 06/20/2017 - 16:09:35: [slayafk.amxx] bojidarCSQ a primit slay, deoarece a fost afk mai mult de 30 secunde
L 06/20/2017 - 16:09:39: [pistols_sql.amxx] FailState == TQUERY_QUERY_FAILED, Query failed.
L 06/20/2017 - 16:10:45: [slayafk.amxx] bojidarCSQ a primit slay, deoarece a fost afk mai mult de 30 secunde
L 06/20/2017 - 16:11:25: [slayafk.amxx] bojidarCSQ a primit slay, deoarece a fost afk mai mult de 30 secunde
L 06/20/2017 - 16:16:45: [slayafk.amxx] bojidarCSQ a primit slay, deoarece a fost afk mai mult de 30 secunde
L 06/20/2017 - 16:18:15: [slayafk.amxx] bojidarCSQ a primit slay, deoarece a fost afk mai mult de 30 secunde
L 06/20/2017 - 16:41:59: -------- Mapchange to deathrun_long_run --------
L 06/20/2017 - 16:42:00: [AMXX] Failed to open dictionary file: cstrike/addons/amxmodx/data/lang/walkguard.txt
L 06/20/2017 - 16:42:01: [walkguard.amxx] no zone-file found
L 06/20/2017 - 17:08:52: -------- Mapchange to deathrun_virtualstrike --------
L 06/20/2017 - 17:08:53: [AMXX] Failed to open dictionary file: cstrike/addons/amxmodx/data/lang/walkguard.txt
L 06/20/2017 - 17:08:54: [walkguard.amxx] no zone-file found
L 06/20/2017 - 17:34:15: -------- Mapchange to deathrun_nightrun_beta3 --------
L 06/20/2017 - 17:34:16: [AMXX] Failed to open dictionary file: cstrike/addons/amxmodx/data/lang/walkguard.txt
L 06/20/2017 - 17:34:17: [walkguard.amxx] no zone-file found
L 06/20/2017 - 17:39:26: [admin.amxx] Login: "-rTg|maEsTrOo<65><STEAM_0:1:154430568><>" became an admin (account "-rTg|maEsTrOo") (access "bit") (address "89.123.107.42")
L 06/20/2017 - 17:40:00: [admin.amxx] Login: "anca<66><STEAM_0:0:58514266><>" became an admin (account "anca") (access "bit") (address "109.103.126.196")
L 06/20/2017 - 17:40:02: [admin.amxx] Login: "anca<67><STEAM_0:0:58514266><>" became an admin (account "anca") (access "bit") (address "109.103.126.196")
L 06/20/2017 - 17:42:45: [admincmd.amxx] Cmd: "-rTg|maEsTrOo<65><STEAM_0:1:154430568><>" changelevel "deathrun_clarion_dojo_b3"
L 06/20/2017 - 17:42:48: -------- Mapchange to deathrun_clarion_dojo_b3 --------
L 06/20/2017 - 17:42:49: [AMXX] Failed to open dictionary file: cstrike/addons/amxmodx/data/lang/walkguard.txt
L 06/20/2017 - 17:42:50: [walkguard.amxx] no zone-file found
L 06/20/2017 - 17:42:50: [admin.amxx] Login: "anca<67><STEAM_0:0:58514266><>" became an admin (account "anca") (access "bit") (address "109.103.126.196")
L 06/20/2017 - 17:42:50: [admin.amxx] Login: "-rTg|maEsTrOo<65><STEAM_0:1:154430568><>" became an admin (account "-rTg|maEsTrOo") (access "bit") (address "89.123.107.42")
L 06/20/2017 - 18:28:20: -------- Mapchange to deathrun_discovery3 --------
L 06/20/2017 - 18:28:21: [AMXX] Failed to open dictionary file: cstrike/addons/amxmodx/data/lang/walkguard.txt
L 06/20/2017 - 18:28:22: [walkguard.amxx] no zone-file found
L 06/20/2017 - 18:49:00: [admincmd.amxx] Cmd: "Dr.FioriGinal.Ro ~ Server Clasi<0><><>" slay "[mr] isam ghaith<83><STEAM_0:0:997819823><>"
L 06/20/2017 - 18:52:25: [admin.amxx] Login: "-rTg|maEsTrOo<85><STEAM_0:1:154430568><>" kicked due to invalid password (account "-rTg|maEsTrOo") (address "89.123.107.42")
L 06/20/2017 - 18:52:30: [admin.amxx] Login: "-rTg|maEsTrOo<88><STEAM_0:1:154430568><>" became an admin (account "-rTg|maEsTrOo") (access "bit") (address "89.123.107.42")
L 06/20/2017 - 18:52:38: [admin.amxx] Login: "anca<87><STEAM_0:0:58514266><>" became an admin (account "anca") (access "bit") (address "109.103.126.196")
L 06/20/2017 - 18:53:11: [slayafk.amxx] anca a primit slay, deoarece a fost afk mai mult de 30 secunde
L 06/20/2017 - 18:53:42: [slayafk.amxx] G1TJIEP a primit slay, deoarece a fost afk mai mult de 30 secunde
L 06/20/2017 - 18:54:07: [slayafk.amxx] -rTg|maEsTrOo a primit slay, deoarece a fost afk mai mult de 30 secunde
L 06/20/2017 - 18:54:17: [slayafk.amxx] G1TJIEP a primit slay, deoarece a fost afk mai mult de 30 secunde
L 06/20/2017 - 18:54:46: [slayafk.amxx] anca a primit slay, deoarece a fost afk mai mult de 30 secunde
L 06/20/2017 - 18:54:56: [slayafk.amxx] -rTg|maEsTrOo a primit slay, deoarece a fost afk mai mult de 30 secunde
L 06/20/2017 - 18:55:32: [slayafk.amxx] G1TJIEP a primit slay, deoarece a fost afk mai mult de 30 secunde
L 06/20/2017 - 18:55:43: [admincmd.amxx] Cmd: "-rTg|maEsTrOo<88><STEAM_0:1:154430568><>" changelevel "deathrun_trap_canyon"
L 06/20/2017 - 18:55:45: -------- Mapchange to deathrun_trap_canyon --------
L 06/20/2017 - 18:55:47: [AMXX] Failed to open dictionary file: cstrike/addons/amxmodx/data/lang/walkguard.txt
L 06/20/2017 - 18:55:48: [walkguard.amxx] no zone-file found
L 06/20/2017 - 18:55:48: [admin.amxx] Login: "anca<87><STEAM_0:0:58514266><>" became an admin (account "anca") (access "bit") (address "109.103.126.196")
L 06/20/2017 - 18:55:48: [admin.amxx] Login: "-rTg|maEsTrOo<88><STEAM_0:1:154430568><>" became an admin (account "-rTg|maEsTrOo") (access "bit") (address "89.123.107.42")
L 06/20/2017 - 18:55:49: [admin.amxx] Login: "anca<91><STEAM_0:0:58514266><>" became an admin (account "anca") (access "bit") (address "109.103.126.196")
L 06/20/2017 - 19:20:37: [slayafk.amxx] MarioN a primit slay, deoarece a fost afk mai mult de 30 secunde
L 06/20/2017 - 20:30:12: [admincmd.amxx] Cmd: "Dr.FioriGinal.Ro ~ Server Clasi<0><><>" slay "maha<115><VALVE_0:4:320812616><>"
L 06/20/2017 - 20:30:52: [admincmd.amxx] Cmd: "Dr.FioriGinal.Ro ~ Server Clasi<0><><>" slay "maha<116><VALVE_0:4:320812616><>"
L 06/20/2017 - 20:54:29: [admincmd.amxx] Cmd: "Dr.FioriGinal.Ro ~ Server Clasi<0><><>" slay "-.-.<122><VALVE_0:4:290969205><>"
L 06/20/2017 - 20:56:58: -------- Mapchange to deathrun_2h_estonia --------
L 06/20/2017 - 20:57:00: [AMXX] Failed to open dictionary file: cstrike/addons/amxmodx/data/lang/walkguard.txt
L 06/20/2017 - 20:57:01: [walkguard.amxx] no zone-file found
L 06/20/2017 - 22:38:54: -------- Mapchange to deathrun_y_underground --------
L 06/20/2017 - 22:38:55: [AMXX] Failed to open dictionary file: cstrike/addons/amxmodx/data/lang/walkguard.txt
L 06/20/2017 - 22:38:56: [walkguard.amxx] no zone-file found
L 06/20/2017 - 22:47:49: [admincmd.amxx] Cmd: "Dr.FioriGinal.Ro ~ Server Clasi<0><><>" slay "TheFlash<172><VALVE_0:4:814937822><>"
L 06/20/2017 - 22:48:24: [admincmd.amxx] Cmd: "Dr.FioriGinal.Ro ~ Server Clasi<0><><>" slay "mamaliguta<175><VALVE_0:4:1800195062><>"
L 06/20/2017 - 22:49:58: [admincmd.amxx] Cmd: "Dr.FioriGinal.Ro ~ Server Clasi<0><><>" slay "TheFlash<179><VALVE_0:4:814937822><>"
L 06/20/2017 - 22:50:18: [admincmd.amxx] Cmd: "Dr.FioriGinal.Ro ~ Server Clasi<0><><>" slay "mamaliguta<180><VALVE_0:4:1800195062><>"
L 06/20/2017 - 23:09:58: -------- Mapchange to deathrun_privateers --------
L 06/20/2017 - 23:09:59: [AMXX] Failed to open dictionary file: cstrike/addons/amxmodx/data/lang/walkguard.txt
L 06/20/2017 - 23:10:00: [walkguard.amxx] no zone-file found
