L 05/25/2017 - 00:30:27: -------- Mapchange to deathrun_jigsaw2 --------
L 05/25/2017 - 00:30:28: [AMXX] Failed to open dictionary file: cstrike/addons/amxmodx/data/lang/walkguard.txt
L 05/25/2017 - 00:30:30: [walkguard.amxx] no zone-file found
L 05/25/2017 - 02:00:42: -------- Mapchange to deathrun_christmas --------
L 05/25/2017 - 02:00:44: [AMXX] Failed to open dictionary file: cstrike/addons/amxmodx/data/lang/walkguard.txt
L 05/25/2017 - 02:00:45: [walkguard.amxx] no zone-file found
L 05/25/2017 - 02:39:32: -------- Mapchange to deathrun_jinglebells2 --------
L 05/25/2017 - 02:39:33: [AMXX] Failed to open dictionary file: cstrike/addons/amxmodx/data/lang/walkguard.txt
L 05/25/2017 - 02:39:34: [walkguard.amxx] no zone-file found
L 05/25/2017 - 04:47:49: -------- Mapchange to deathrun_gb_winter_final4 --------
L 05/25/2017 - 04:47:51: [AMXX] Failed to open dictionary file: cstrike/addons/amxmodx/data/lang/walkguard.txt
L 05/25/2017 - 04:47:52: [walkguard.amxx] no zone-file found
L 05/25/2017 - 07:23:27: -------- Mapchange to deathrun_expres-winter --------
L 05/25/2017 - 07:23:29: [AMXX] Failed to open dictionary file: cstrike/addons/amxmodx/data/lang/walkguard.txt
L 05/25/2017 - 07:23:30: [walkguard.amxx] no zone-file found
L 05/25/2017 - 08:46:48: -------- Mapchange to deathrun_alleywinter --------
L 05/25/2017 - 08:46:50: [AMXX] Failed to open dictionary file: cstrike/addons/amxmodx/data/lang/walkguard.txt
L 05/25/2017 - 08:46:51: [walkguard.amxx] no zone-file found
L 05/25/2017 - 09:13:17: -------- Mapchange to deathrun_trenal_lux --------
L 05/25/2017 - 09:13:19: [AMXX] Failed to open dictionary file: cstrike/addons/amxmodx/data/lang/walkguard.txt
L 05/25/2017 - 09:13:20: [walkguard.amxx] no zone-file found
L 05/25/2017 - 09:44:12: -------- Mapchange to deathrun_greyskull --------
L 05/25/2017 - 09:44:14: [AMXX] Failed to open dictionary file: cstrike/addons/amxmodx/data/lang/walkguard.txt
L 05/25/2017 - 09:44:15: [walkguard.amxx] no zone-file found
L 05/25/2017 - 11:15:04: [admin.amxx] Login: "Stifler<360><STEAM_0:0:1784836802><>" became an admin (account "Stifler") (access "b") (address "31.5.145.190")
L 05/25/2017 - 11:15:45: -------- Mapchange to deathrun_stronghold_beta1 --------
L 05/25/2017 - 11:15:47: [AMXX] Failed to open dictionary file: cstrike/addons/amxmodx/data/lang/walkguard.txt
L 05/25/2017 - 11:15:48: [walkguard.amxx] no zone-file found
L 05/25/2017 - 11:15:48: [admin.amxx] Login: "Stifler<360><STEAM_0:0:1784836802><>" became an admin (account "Stifler") (access "b") (address "31.5.145.190")
L 05/25/2017 - 11:18:06: [admincmd.amxx] Cmd: "Dr.FioriGinal.Ro ~ Server Clasi<0><><>" slay "bUlDoG<366><VALVE_0:4:1580908906><>"
L 05/25/2017 - 11:25:35: [admincmd.amxx] Cmd: "Dr.FioriGinal.Ro ~ Server Clasi<0><><>" slay "gF.lL[u]ck<370><STEAM_0:0:1322934216><>"
L 05/25/2017 - 11:26:15: [admincmd.amxx] Cmd: "Dr.FioriGinal.Ro ~ Server Clasi<0><><>" slay "bUlDoG<372><VALVE_0:4:1580908906><>"
L 05/25/2017 - 11:26:17: [admincmd.amxx] Cmd: "Dr.FioriGinal.Ro ~ Server Clasi<0><><>" slay "gF.lL[u]ck<373><STEAM_0:0:1322934216><>"
L 05/25/2017 - 11:26:24: [admincmd.amxx] Cmd: "Dr.FioriGinal.Ro ~ Server Clasi<0><><>" slay "gF.lL[u]ck<374><STEAM_0:0:1322934216><>"
L 05/25/2017 - 11:27:04: [admincmd.amxx] Cmd: "Dr.FioriGinal.Ro ~ Server Clasi<0><><>" slay "gF.lL[u]ck<375><STEAM_0:0:1322934216><>"
L 05/25/2017 - 11:27:13: [admincmd.amxx] Cmd: "Dr.FioriGinal.Ro ~ Server Clasi<0><><>" slay "bUlDoG<376><VALVE_0:4:1580908906><>"
L 05/25/2017 - 11:27:21: [admincmd.amxx] Cmd: "Dr.FioriGinal.Ro ~ Server Clasi<0><><>" slay "gF.lL[u]ck<378><STEAM_0:0:1322934216><>"
L 05/25/2017 - 11:27:29: [admincmd.amxx] Cmd: "Dr.FioriGinal.Ro ~ Server Clasi<0><><>" slay "gF.lL[u]ck<379><STEAM_0:0:1322934216><>"
L 05/25/2017 - 11:28:44: [admin.amxx] Login: "Stifler<380><STEAM_0:0:1784836802><>" became an admin (account "Stifler") (access "b") (address "31.5.145.190")
L 05/25/2017 - 11:29:18: [admin.amxx] Login: "trysz<384><STEAM_0:0:151659743><>" became an admin (account "trysz") (access "bit") (address "89.120.5.180")
L 05/25/2017 - 11:31:15: [admincmd.amxx] Cmd: "Dr.FioriGinal.Ro ~ Server Clasi<0><><>" slay "bUlDoG<386><VALVE_0:4:1580908906><>"
L 05/25/2017 - 11:36:22: [admincmd.amxx] Cmd: "Dr.FioriGinal.Ro ~ Server Clasi<0><><>" slay "bUlDoG<388><VALVE_0:4:1580908906><>"
L 05/25/2017 - 11:41:20: [pistols_sql.amxx] FailState == TQUERY_QUERY_FAILED, Query failed.
L 05/25/2017 - 11:41:45: [pistols_sql.amxx] FailState == TQUERY_QUERY_FAILED, Query failed.
L 05/25/2017 - 11:45:02: [slayafk.amxx] bUlDoG a primit slay, deoarece a fost afk mai mult de 30 secunde
L 05/25/2017 - 11:51:38: [admincmd.amxx] Cmd: "Dr.FioriGinal.Ro ~ Server Clasi<0><><>" slay "bUlDoG<393><VALVE_0:4:1580908906><>"
L 05/25/2017 - 11:52:11: [admincmd.amxx] Cmd: "Dr.FioriGinal.Ro ~ Server Clasi<0><><>" slay "bUlDoG<394><VALVE_0:4:1580908906><>"
L 05/25/2017 - 11:53:04: [admincmd.amxx] Cmd: "Dr.FioriGinal.Ro ~ Server Clasi<0><><>" slay "bUlDoG<396><VALVE_0:4:1580908906><>"
L 05/25/2017 - 11:53:31: [admincmd.amxx] Cmd: "Dr.FioriGinal.Ro ~ Server Clasi<0><><>" slay "Ro.#iNdecEnT<398><STEAM_0:0:58082199><>"
L 05/25/2017 - 12:16:04: -------- Mapchange to deathrun_aztecan_beta1 --------
L 05/25/2017 - 12:16:06: [AMXX] Failed to open dictionary file: cstrike/addons/amxmodx/data/lang/walkguard.txt
L 05/25/2017 - 12:16:07: [walkguard.amxx] no zone-file found
L 05/25/2017 - 12:18:45: [admincmd.amxx] Cmd: "Dr.FioriGinal.Ro ~ Server Clasi<0><><>" slay "ColKa<407><VALVE_0:4:533198430><>"
L 05/25/2017 - 12:41:44: -------- Mapchange to deathrun_pyramid --------
L 05/25/2017 - 12:41:45: [AMXX] Failed to open dictionary file: cstrike/addons/amxmodx/data/lang/walkguard.txt
L 05/25/2017 - 12:41:46: [walkguard.amxx] no zone-file found
L 05/25/2017 - 12:55:55: [admincmd.amxx] Cmd: "Dr.FioriGinal.Ro ~ Server Clasi<0><><>" slay "bUlDoG<423><VALVE_0:4:1580908906><>"
L 05/25/2017 - 13:12:07: -------- Mapchange to deathrun_standup --------
L 05/25/2017 - 13:12:08: [AMXX] Failed to open dictionary file: cstrike/addons/amxmodx/data/lang/walkguard.txt
L 05/25/2017 - 13:12:09: [walkguard.amxx] no zone-file found
L 05/25/2017 - 13:37:29: -------- Mapchange to deathrun_sentinel --------
L 05/25/2017 - 13:37:40: -------- Mapchange to deathrun_forest --------
L 05/25/2017 - 13:37:48: [AMXX] Failed to open dictionary file: cstrike/addons/amxmodx/data/lang/walkguard.txt
L 05/25/2017 - 13:37:50: [walkguard.amxx] no zone-file found
L 05/25/2017 - 13:37:59: Invalid multi-lingual line (file "cstrike/addons/amxmodx/data/lang/rom_protect.txt" key "// *ROM-Protect// Plugin OpenSource anti-IsFlooding/bug-fix pentru orice server." lang "")
L 05/25/2017 - 13:37:59: Invalid multi-lingual line (file "cstrike/addons/amxmodx/data/lang/rom_protect.txt" key "// Versiunea : 1.0.4s-dev. Bulid : 98. Data lansarii versiunii : 03.12.2016." lang "")
L 05/25/2017 - 13:37:59: Invalid multi-lingual line (file "cstrike/addons/amxmodx/data/lang/rom_protect.txt" key "// Autor : lüxor # Dr.Fio & DR2.IND (+ eNd.) - SteamID (contact) : luxxxoor" lang "")
L 05/25/2017 - 13:37:59: Invalid multi-lingual line (file "cstrike/addons/amxmodx/data/lang/rom_protect.txt" key "// O productie FioriGinal.ro - site : www.fioriginal.ro" lang "")
L 05/25/2017 - 13:37:59: Invalid multi-lingual line (file "cstrike/addons/amxmodx/data/lang/rom_protect.txt" key "// Link forum de dezvoltare : http://forum.fioriginal.ro/amxmodx-plugins-pluginuri/rom-protect-anti-flood-bug-fix-t28292.html" lang "")
L 05/25/2017 - 13:37:59: Invalid multi-lingual line (file "cstrike/addons/amxmodx/data/lang/rom_protect.txt" key "// Link sursa : https://github.com/luxxxoor/ROM-Protect" lang "")
L 05/25/2017 - 13:37:59: Invalid multi-lingual line (file "cstrike/addons/amxmodx/data/lang/rom_protect.txt" key "// Colori : ^1 - Culoarea aleasa de jucator cu con_color." lang "")
L 05/25/2017 - 13:37:59: Invalid multi-lingual line (file "cstrike/addons/amxmodx/data/lang/rom_protect.txt" key "//          ^3 - Culoare gri." lang "")
L 05/25/2017 - 13:37:59: Invalid multi-lingual line (file "cstrike/addons/amxmodx/data/lang/rom_protect.txt" key "//          ^4 - Culoare verde." lang "")
L 05/25/2017 - 14:03:42: -------- Mapchange to deathrun_jinglebells --------
L 05/25/2017 - 14:03:44: [AMXX] Failed to open dictionary file: cstrike/addons/amxmodx/data/lang/walkguard.txt
L 05/25/2017 - 14:03:45: [walkguard.amxx] no zone-file found
L 05/25/2017 - 14:30:01: -------- Mapchange to deathrun_long_run --------
L 05/25/2017 - 14:30:03: [AMXX] Failed to open dictionary file: cstrike/addons/amxmodx/data/lang/walkguard.txt
L 05/25/2017 - 14:30:04: [walkguard.amxx] no zone-file found
L 05/25/2017 - 14:39:52: [admincmd.amxx] Cmd: "Dr.FioriGinal.Ro ~ Server Clasi<0><><>" slay "Clabucel1<25><STEAM_0:0:881503494><>"
L 05/25/2017 - 14:51:58: [slayafk.amxx] Lou1s. a primit slay, deoarece a fost afk mai mult de 30 secunde
L 05/25/2017 - 15:30:42: [admin.amxx] Login: "DND<39><STEAM_0:0:1805319246><>" kicked due to invalid password (account "DnD") (address "5.15.134.195")
L 05/25/2017 - 15:30:47: [admin.amxx] Login: "DND<40><STEAM_0:0:1805319246><>" kicked due to invalid password (account "DnD") (address "5.15.134.195")
L 05/25/2017 - 15:33:44: -------- Mapchange to deathrun_virtualstrike --------
L 05/25/2017 - 15:33:45: [AMXX] Failed to open dictionary file: cstrike/addons/amxmodx/data/lang/walkguard.txt
L 05/25/2017 - 15:33:46: [walkguard.amxx] no zone-file found
L 05/25/2017 - 15:59:50: [admincmd.amxx] Cmd: "Dr.FioriGinal.Ro ~ Server Clasi<0><><>" slay "mahmu1^ #4RUN<59><STEAM_0:1:44277700><>"
L 05/25/2017 - 16:01:46: [admincmd.amxx] Cmd: "Dr.FioriGinal.Ro ~ Server Clasi<0><><>" slay "dNk|RyuuKo<61><VALVE_0:4:741166199><>"
L 05/25/2017 - 16:01:49: [admincmd.amxx] Cmd: "Dr.FioriGinal.Ro ~ Server Clasi<0><><>" slay "PuNcT.<62><STEAM_0:0:407540975><>"
L 05/25/2017 - 16:22:45: -------- Mapchange to deathrun_nightrun_beta3 --------
L 05/25/2017 - 16:22:46: [AMXX] Failed to open dictionary file: cstrike/addons/amxmodx/data/lang/walkguard.txt
L 05/25/2017 - 16:22:47: [walkguard.amxx] no zone-file found
L 05/25/2017 - 16:48:15: -------- Mapchange to deathrun_0mega --------
L 05/25/2017 - 16:48:17: [AMXX] Failed to open dictionary file: cstrike/addons/amxmodx/data/lang/walkguard.txt
L 05/25/2017 - 16:48:18: [walkguard.amxx] no zone-file found
L 05/25/2017 - 16:53:32: [admincmd.amxx] Cmd: "Dr.FioriGinal.Ro ~ Server Clasi<0><><>" slay "arome mich muller;<90><STEAM_0:0:53596872><>"
L 05/25/2017 - 16:54:00: [admincmd.amxx] Cmd: "Dr.FioriGinal.Ro ~ Server Clasi<0><><>" slay "arome mich muller;<91><STEAM_0:0:53596872><>"
L 05/25/2017 - 17:28:19: -------- Mapchange to deathrun_discovery3 --------
L 05/25/2017 - 17:28:21: [AMXX] Failed to open dictionary file: cstrike/addons/amxmodx/data/lang/walkguard.txt
L 05/25/2017 - 17:28:22: [walkguard.amxx] no zone-file found
L 05/25/2017 - 18:03:07: [slayafk.amxx] ALEXA a primit slay, deoarece a fost afk mai mult de 30 secunde
L 05/25/2017 - 18:03:10: -------- Mapchange to deathrun_adi_blurez --------
L 05/25/2017 - 18:03:11: [AMXX] Failed to open dictionary file: cstrike/addons/amxmodx/data/lang/walkguard.txt
L 05/25/2017 - 18:03:12: [walkguard.amxx] no zone-file found
L 05/25/2017 - 18:28:10: [admincmd.amxx] Cmd: "Dr.FioriGinal.Ro ~ Server Clasi<0><><>" slay "sf<132><STEAM_0:0:1522747117><>"
L 05/25/2017 - 18:30:07: [slayafk.amxx] sf a primit slay, deoarece a fost afk mai mult de 30 secunde
L 05/25/2017 - 18:31:02: [slayafk.amxx] sf a primit slay, deoarece a fost afk mai mult de 30 secunde
L 05/25/2017 - 18:31:52: [slayafk.amxx] sf a primit slay, deoarece a fost afk mai mult de 30 secunde
L 05/25/2017 - 18:32:32: [slayafk.amxx] sf a primit slay, deoarece a fost afk mai mult de 30 secunde
L 05/25/2017 - 18:33:22: [slayafk.amxx] sf a primit slay, deoarece a fost afk mai mult de 30 secunde
L 05/25/2017 - 18:34:02: [slayafk.amxx] sf a primit slay, deoarece a fost afk mai mult de 30 secunde
L 05/25/2017 - 18:34:52: [slayafk.amxx] sf a primit slay, deoarece a fost afk mai mult de 30 secunde
L 05/25/2017 - 18:35:37: [slayafk.amxx] sf a primit slay, deoarece a fost afk mai mult de 30 secunde
L 05/25/2017 - 18:36:27: [slayafk.amxx] sf a primit slay, deoarece a fost afk mai mult de 30 secunde
L 05/25/2017 - 18:37:17: [slayafk.amxx] sf a primit slay, deoarece a fost afk mai mult de 30 secunde
L 05/25/2017 - 18:38:02: [slayafk.amxx] sf a primit slay, deoarece a fost afk mai mult de 30 secunde
L 05/25/2017 - 18:38:52: [slayafk.amxx] sf a primit slay, deoarece a fost afk mai mult de 30 secunde
L 05/25/2017 - 18:39:32: [slayafk.amxx] sf a primit slay, deoarece a fost afk mai mult de 30 secunde
L 05/25/2017 - 18:40:17: [slayafk.amxx] sf a primit slay, deoarece a fost afk mai mult de 30 secunde
L 05/25/2017 - 18:41:07: [slayafk.amxx] sf a primit slay, deoarece a fost afk mai mult de 30 secunde
L 05/25/2017 - 18:41:57: [slayafk.amxx] sf a primit slay, deoarece a fost afk mai mult de 30 secunde
L 05/25/2017 - 18:43:07: [slayafk.amxx] sf a primit slay, deoarece a fost afk mai mult de 30 secunde
L 05/25/2017 - 18:43:47: [slayafk.amxx] sf a primit slay, deoarece a fost afk mai mult de 30 secunde
L 05/25/2017 - 18:44:37: [slayafk.amxx] sf a primit slay, deoarece a fost afk mai mult de 30 secunde
L 05/25/2017 - 18:45:32: [slayafk.amxx] sf a primit slay, deoarece a fost afk mai mult de 30 secunde
L 05/25/2017 - 18:46:22: [slayafk.amxx] sf a primit slay, deoarece a fost afk mai mult de 30 secunde
L 05/25/2017 - 18:47:07: [slayafk.amxx] sf a primit slay, deoarece a fost afk mai mult de 30 secunde
L 05/25/2017 - 18:47:57: [slayafk.amxx] sf a primit slay, deoarece a fost afk mai mult de 30 secunde
L 05/25/2017 - 18:48:42: [slayafk.amxx] sf a primit slay, deoarece a fost afk mai mult de 30 secunde
L 05/25/2017 - 18:49:32: [slayafk.amxx] sf a primit slay, deoarece a fost afk mai mult de 30 secunde
L 05/25/2017 - 18:50:12: [slayafk.amxx] sf a primit slay, deoarece a fost afk mai mult de 30 secunde
L 05/25/2017 - 18:51:07: [slayafk.amxx] sf a primit slay, deoarece a fost afk mai mult de 30 secunde
L 05/25/2017 - 18:52:27: [slayafk.amxx] sf a primit slay, deoarece a fost afk mai mult de 30 secunde
L 05/25/2017 - 18:53:17: [slayafk.amxx] sf a primit slay, deoarece a fost afk mai mult de 30 secunde
L 05/25/2017 - 18:53:57: [slayafk.amxx] sf a primit slay, deoarece a fost afk mai mult de 30 secunde
L 05/25/2017 - 18:54:23: -------- Mapchange to deathrun_2h_estonia --------
L 05/25/2017 - 18:54:24: [AMXX] Failed to open dictionary file: cstrike/addons/amxmodx/data/lang/walkguard.txt
L 05/25/2017 - 18:54:25: [walkguard.amxx] no zone-file found
L 05/25/2017 - 19:25:14: -------- Mapchange to deathrun_y_underground --------
L 05/25/2017 - 19:25:15: [AMXX] Failed to open dictionary file: cstrike/addons/amxmodx/data/lang/walkguard.txt
L 05/25/2017 - 19:25:16: [walkguard.amxx] no zone-file found
L 05/25/2017 - 19:25:20: [admin.amxx] Login: "tiganu<149><STEAM_0:0:187978272><>" became an admin (account "tiganu") (access "b") (address "79.117.128.134")
L 05/25/2017 - 19:26:46: [slayafk.amxx] sf a primit slay, deoarece a fost afk mai mult de 30 secunde
L 05/25/2017 - 19:32:56: [slayafk.amxx] sf a primit slay, deoarece a fost afk mai mult de 30 secunde
L 05/25/2017 - 19:40:47: [adminchat.amxx] Chat: "zew<154><VALVE_0:4:1260030338><>" chat "a"
L 05/25/2017 - 19:43:34: [admincmd.amxx] Cmd: "Dr.FioriGinal.Ro ~ Server Clasi<0><><>" slay "dNk|RyuuKo<165><VALVE_0:4:741166199><>"
L 05/25/2017 - 19:43:49: [admincmd.amxx] Cmd: "Dr.FioriGinal.Ro ~ Server Clasi<0><><>" slay "dNk|RyuuKo<166><VALVE_0:4:741166199><>"
L 05/25/2017 - 19:44:00: [admincmd.amxx] Cmd: "Dr.FioriGinal.Ro ~ Server Clasi<0><><>" slay "dNk|RyuuKo<167><VALVE_0:4:741166199><>"
L 05/25/2017 - 19:56:17: [admincmd.amxx] Cmd: "Dr.FioriGinal.Ro ~ Server Clasi<0><><>" slay "Ro.#iNdecEnT<171><STEAM_0:0:58082199><>"
L 05/25/2017 - 19:56:27: [admincmd.amxx] Cmd: "Dr.FioriGinal.Ro ~ Server Clasi<0><><>" slay "Ro.#iNdecEnT<173><STEAM_0:0:58082199><>"
L 05/25/2017 - 20:07:31: [slayafk.amxx] nVidia E7 Player a primit slay, deoarece a fost afk mai mult de 30 secunde
L 05/25/2017 - 20:21:49: -------- Mapchange to deathrun_privateers --------
L 05/25/2017 - 20:21:51: [AMXX] Failed to open dictionary file: cstrike/addons/amxmodx/data/lang/walkguard.txt
L 05/25/2017 - 20:21:52: [walkguard.amxx] no zone-file found
L 05/25/2017 - 20:38:57: [admin.amxx] Login: "1cekill3r<190><STEAM_0:0:769364201><>" kicked due to invalid password (account "1cekill3r") (address "78.97.120.235")
L 05/25/2017 - 20:39:12: [admin.amxx] Login: "1cekill3r<191><STEAM_0:0:769364201><>" kicked due to invalid password (account "1cekill3r") (address "78.97.120.235")
L 05/25/2017 - 20:48:44: [admin.amxx] Login: "FAKE ^^<196><STEAM_0:0:272564954><>" became an admin (account "FAKE ^^") (access "bit") (address "95.76.2.112")
L 05/25/2017 - 20:50:58: [admincmd.amxx] Cmd: "Dr.FioriGinal.Ro ~ Server Clasi<0><><>" slay "Lou1s.<197><VALVE_0:4:1132743291><>"
L 05/25/2017 - 20:55:52: [slayafk.amxx] PuNcT. a primit slay, deoarece a fost afk mai mult de 30 secunde
L 05/25/2017 - 20:56:57: [slayafk.amxx] PuNcT. a primit slay, deoarece a fost afk mai mult de 30 secunde
L 05/25/2017 - 20:59:22: [slayafk.amxx] PuNcT. a primit slay, deoarece a fost afk mai mult de 30 secunde
L 05/25/2017 - 21:00:37: [admincmd.amxx] Cmd: "Dr.FioriGinal.Ro ~ Server Clasi<0><><>" slay "sf<201><STEAM_0:0:1522747117><>"
L 05/25/2017 - 21:01:17: [slayafk.amxx] PuNcT. a primit slay, deoarece a fost afk mai mult de 30 secunde
L 05/25/2017 - 21:01:52: [slayafk.amxx] PuNcT. a primit slay, deoarece a fost afk mai mult de 30 secunde
L 05/25/2017 - 21:03:47: [slayafk.amxx] PuNcT. a primit slay, deoarece a fost afk mai mult de 30 secunde
L 05/25/2017 - 21:04:02: [admin.amxx] Login: "ips<203><VALVE_0:4:358132958><>" kicked due to invalid password (account "ips") (address "5.187.237.131")
L 05/25/2017 - 21:04:37: [slayafk.amxx] makaveli a primit slay, deoarece a fost afk mai mult de 30 secunde
L 05/25/2017 - 21:05:17: [slayafk.amxx] makaveli a primit slay, deoarece a fost afk mai mult de 30 secunde
L 05/25/2017 - 21:06:17: [slayafk.amxx] PuNcT. a primit slay, deoarece a fost afk mai mult de 30 secunde
L 05/25/2017 - 21:07:57: [slayafk.amxx] Darren a primit slay, deoarece a fost afk mai mult de 30 secunde
L 05/25/2017 - 21:09:47: [slayafk.amxx] PuNcT. a primit slay, deoarece a fost afk mai mult de 30 secunde
L 05/25/2017 - 21:22:27: [slayafk.amxx] PuNcT. a primit slay, deoarece a fost afk mai mult de 30 secunde
L 05/25/2017 - 21:39:27: -------- Mapchange to deathrun_rizzy_x --------
L 05/25/2017 - 21:39:29: [AMXX] Failed to open dictionary file: cstrike/addons/amxmodx/data/lang/walkguard.txt
L 05/25/2017 - 21:39:30: [walkguard.amxx] no zone-file found
L 05/25/2017 - 21:55:38: [admin.amxx] Login: "tiganu<230><STEAM_0:0:187978272><>" became an admin (account "tiganu") (access "b") (address "79.117.128.134")
L 05/25/2017 - 22:15:55: -------- Mapchange to deathrun_ghosts --------
L 05/25/2017 - 22:15:57: [AMXX] Failed to open dictionary file: cstrike/addons/amxmodx/data/lang/walkguard.txt
L 05/25/2017 - 22:15:58: [walkguard.amxx] no zone-file found
L 05/25/2017 - 22:17:01: [admincmd.amxx] Cmd: "Dr.FioriGinal.Ro ~ Server Clasi<0><><>" slay "lelu_MSI_REBORN__CS<243><VALVE_0:4:1904213879><>"
L 05/25/2017 - 23:00:24: -------- Mapchange to deathrun_sk_occult --------
L 05/25/2017 - 23:00:26: [AMXX] Failed to open dictionary file: cstrike/addons/amxmodx/data/lang/walkguard.txt
L 05/25/2017 - 23:00:27: [walkguard.amxx] no zone-file found
L 05/25/2017 - 23:28:00: -------- Mapchange to deathrun_jigsaw2 --------
L 05/25/2017 - 23:28:01: [AMXX] Failed to open dictionary file: cstrike/addons/amxmodx/data/lang/walkguard.txt
L 05/25/2017 - 23:28:03: [walkguard.amxx] no zone-file found
