L 04/28/2017 - 00:01:06: [slayafk.amxx] DoNpAkaa a primit slay, deoarece a fost afk mai mult de 30 secunde
L 04/28/2017 - 00:03:31: [slayafk.amxx] DoNpAkaa a primit slay, deoarece a fost afk mai mult de 30 secunde
L 04/28/2017 - 00:04:11: [slayafk.amxx] DoNpAkaa a primit slay, deoarece a fost afk mai mult de 30 secunde
L 04/28/2017 - 00:07:19: [admin.amxx] Login: "tiganu<478><STEAM_0:0:187978272><>" became an admin (account "tiganu") (access "b") (address "79.117.128.134")
L 04/28/2017 - 00:07:31: [slayafk.amxx] DoNpAkaa a primit slay, deoarece a fost afk mai mult de 30 secunde
L 04/28/2017 - 00:08:31: [slayafk.amxx] oooo power a primit slay, deoarece a fost afk mai mult de 30 secunde
L 04/28/2017 - 00:10:16: [admin.amxx] Login: "tiganu<491><STEAM_0:0:187978272><>" became an admin (account "tiganu") (access "b") (address "79.117.128.134")
L 04/28/2017 - 00:10:33: [admin.amxx] Login: "Bdi<483><VALVE_0:4:1075038322><>" became an admin (account "Bdi") (access "bit") (address "93.114.123.41")
L 04/28/2017 - 00:10:44: [admin.amxx] Login: "Bidi<483><VALVE_0:4:1075038322><>" became an admin (account "Bidi") (access "bit") (address "93.114.123.41")
L 04/28/2017 - 00:11:16: [slayafk.amxx] DoNpAkaa a primit slay, deoarece a fost afk mai mult de 30 secunde
L 04/28/2017 - 00:12:14: [admin.amxx] Login: "Bidi<483><VALVE_0:4:1075038322><>" became an admin (account "Bidi") (access "bit") (address "93.114.123.41")
L 04/28/2017 - 00:12:15: [admincmd.amxx] Cmd: "Dr.FioriGinal.Ro ~ Server Clasi<0><><>" slay "Kenvelo<493><VALVE_0:4:1614858491><>"
L 04/28/2017 - 00:12:51: [slayafk.amxx] DoNpAkaa a primit slay, deoarece a fost afk mai mult de 30 secunde
L 04/28/2017 - 00:16:51: [slayafk.amxx] DoNpAkaa a primit slay, deoarece a fost afk mai mult de 30 secunde
L 04/28/2017 - 00:18:11: [slayafk.amxx] DoNpAkaa a primit slay, deoarece a fost afk mai mult de 30 secunde
L 04/28/2017 - 00:19:36: [slayafk.amxx] DoNpAkaa a primit slay, deoarece a fost afk mai mult de 30 secunde
L 04/28/2017 - 00:22:51: [slayafk.amxx] DoNpAkaa a primit slay, deoarece a fost afk mai mult de 30 secunde
L 04/28/2017 - 00:27:36: [slayafk.amxx] DoNpAkaa a primit slay, deoarece a fost afk mai mult de 30 secunde
L 04/28/2017 - 00:29:56: [slayafk.amxx] DoNpAkaa a primit slay, deoarece a fost afk mai mult de 30 secunde
L 04/28/2017 - 00:30:36: [slayafk.amxx] DoNpAkaa a primit slay, deoarece a fost afk mai mult de 30 secunde
L 04/28/2017 - 00:53:56: [slayafk.amxx] DoNpAkaa a primit slay, deoarece a fost afk mai mult de 30 secunde
L 04/28/2017 - 00:54:31: [slayafk.amxx] DoNpAkaa a primit slay, deoarece a fost afk mai mult de 30 secunde
L 04/28/2017 - 00:58:01: [slayafk.amxx] DoNpAkaa a primit slay, deoarece a fost afk mai mult de 30 secunde
L 04/28/2017 - 00:58:36: [slayafk.amxx] DoNpAkaa a primit slay, deoarece a fost afk mai mult de 30 secunde
L 04/28/2017 - 00:59:56: [slayafk.amxx] DoNpAkaa a primit slay, deoarece a fost afk mai mult de 30 secunde
L 04/28/2017 - 01:02:06: [slayafk.amxx] DoNpAkaa a primit slay, deoarece a fost afk mai mult de 30 secunde
L 04/28/2017 - 01:05:21: [slayafk.amxx] DoNpAkaa a primit slay, deoarece a fost afk mai mult de 30 secunde
L 04/28/2017 - 01:06:01: [slayafk.amxx] DoNpAkaa a primit slay, deoarece a fost afk mai mult de 30 secunde
L 04/28/2017 - 01:06:56: [slayafk.amxx] DoNpAkaa a primit slay, deoarece a fost afk mai mult de 30 secunde
L 04/28/2017 - 01:09:21: [slayafk.amxx] DoNpAkaa a primit slay, deoarece a fost afk mai mult de 30 secunde
L 04/28/2017 - 01:11:51: [slayafk.amxx] DoNpAkaa a primit slay, deoarece a fost afk mai mult de 30 secunde
L 04/28/2017 - 01:13:21: [slayafk.amxx] DoNpAkaa a primit slay, deoarece a fost afk mai mult de 30 secunde
L 04/28/2017 - 01:14:56: [slayafk.amxx] DoNpAkaa a primit slay, deoarece a fost afk mai mult de 30 secunde
L 04/28/2017 - 01:16:11: [slayafk.amxx] DoNpAkaa a primit slay, deoarece a fost afk mai mult de 30 secunde
L 04/28/2017 - 01:17:21: [slayafk.amxx] DoNpAkaa a primit slay, deoarece a fost afk mai mult de 30 secunde
L 04/28/2017 - 01:20:26: [slayafk.amxx] DoNpAkaa a primit slay, deoarece a fost afk mai mult de 30 secunde
L 04/28/2017 - 01:23:31: -------- Mapchange to deathrun_jinglebells2 --------
L 04/28/2017 - 01:23:32: [AMXX] Failed to open dictionary file: cstrike/addons/amxmodx/data/lang/walkguard.txt
L 04/28/2017 - 01:23:33: [admin.amxx] Login: "DoNpAkaa<470><STEAM_0:0:55531607><>" became an admin (account "DoNpAkaa") (access "b") (address "82.79.44.66")
L 04/28/2017 - 01:23:33: [walkguard.amxx] no zone-file found
L 04/28/2017 - 01:23:36: [admin.amxx] Login: "DoNpAkaa<512><STEAM_0:0:55531607><>" became an admin (account "DoNpAkaa") (access "b") (address "82.79.44.66")
L 04/28/2017 - 01:24:37: [slayafk.amxx] DoNpAkaa a primit slay, deoarece a fost afk mai mult de 30 secunde
L 04/28/2017 - 01:25:47: [slayafk.amxx] DoNpAkaa a primit slay, deoarece a fost afk mai mult de 30 secunde
L 04/28/2017 - 01:31:58: [slayafk.amxx] DoNpAkaa a primit slay, deoarece a fost afk mai mult de 30 secunde
L 04/28/2017 - 01:33:17: [slayafk.amxx] DoNpAkaa a primit slay, deoarece a fost afk mai mult de 30 secunde
L 04/28/2017 - 01:34:42: [slayafk.amxx] DoNpAkaa a primit slay, deoarece a fost afk mai mult de 30 secunde
L 04/28/2017 - 01:46:19: [admincmd.amxx] Cmd: "Dr.FioriGinal.Ro ~ Server Clasi<0><><>" slay "Urs<522><STEAM_0:0:10710111><>"
L 04/28/2017 - 01:46:23: [slayafk.amxx] DoNpAkaa a primit slay, deoarece a fost afk mai mult de 30 secunde
L 04/28/2017 - 01:46:42: [admincmd.amxx] Cmd: "Dr.FioriGinal.Ro ~ Server Clasi<0><><>" slay "Urs<523><STEAM_0:0:2081447175><>"
L 04/28/2017 - 01:47:12: [slayafk.amxx] DoNpAkaa a primit slay, deoarece a fost afk mai mult de 30 secunde
L 04/28/2017 - 01:53:07: [slayafk.amxx] DoNpAkaa a primit slay, deoarece a fost afk mai mult de 30 secunde
L 04/28/2017 - 01:54:12: [slayafk.amxx] DoNpAkaa a primit slay, deoarece a fost afk mai mult de 30 secunde
L 04/28/2017 - 01:55:17: [slayafk.amxx] DoNpAkaa a primit slay, deoarece a fost afk mai mult de 30 secunde
L 04/28/2017 - 01:55:57: [slayafk.amxx] DoNpAkaa a primit slay, deoarece a fost afk mai mult de 30 secunde
L 04/28/2017 - 01:59:47: [slayafk.amxx] DoNpAkaa a primit slay, deoarece a fost afk mai mult de 30 secunde
L 04/28/2017 - 02:46:22: -------- Mapchange to deathrun_gb_winter_final4 --------
L 04/28/2017 - 02:46:23: [AMXX] Failed to open dictionary file: cstrike/addons/amxmodx/data/lang/walkguard.txt
L 04/28/2017 - 02:46:24: [walkguard.amxx] no zone-file found
L 04/28/2017 - 02:46:24: [admin.amxx] Login: "DoNpAkaa<512><STEAM_0:0:55531607><>" became an admin (account "DoNpAkaa") (access "b") (address "82.79.44.66")
L 04/28/2017 - 02:47:43: [slayafk.amxx] DoNpAkaa a primit slay, deoarece a fost afk mai mult de 30 secunde
L 04/28/2017 - 02:50:08: [slayafk.amxx] DoNpAkaa a primit slay, deoarece a fost afk mai mult de 30 secunde
L 04/28/2017 - 02:51:58: [slayafk.amxx] FLVXSOW;[ #4RUN a primit slay, deoarece a fost afk mai mult de 30 secunde
L 04/28/2017 - 02:53:18: [slayafk.amxx] DoNpAkaa a primit slay, deoarece a fost afk mai mult de 30 secunde
L 04/28/2017 - 03:00:43: [slayafk.amxx] DoNpAkaa a primit slay, deoarece a fost afk mai mult de 30 secunde
L 04/28/2017 - 03:02:03: [slayafk.amxx] DoNpAkaa a primit slay, deoarece a fost afk mai mult de 30 secunde
L 04/28/2017 - 03:06:38: [slayafk.amxx] DoNpAkaa a primit slay, deoarece a fost afk mai mult de 30 secunde
L 04/28/2017 - 03:07:56: [admincmd.amxx] Cmd: "Dr.FioriGinal.Ro ~ Server Clasi<0><><>" slay "Urs<536><STEAM_0:0:72730758><>"
L 04/28/2017 - 03:13:29: -------- Mapchange to deathrun_expres-winter --------
L 04/28/2017 - 03:13:30: [AMXX] Failed to open dictionary file: cstrike/addons/amxmodx/data/lang/walkguard.txt
L 04/28/2017 - 03:13:31: [walkguard.amxx] no zone-file found
L 04/28/2017 - 03:13:31: [admin.amxx] Login: "DoNpAkaa<512><STEAM_0:0:55531607><>" became an admin (account "DoNpAkaa") (access "b") (address "82.79.44.66")
L 04/28/2017 - 03:14:06: [slayafk.amxx] DoNpAkaa a primit slay, deoarece a fost afk mai mult de 30 secunde
L 04/28/2017 - 03:16:36: [slayafk.amxx] DoNpAkaa a primit slay, deoarece a fost afk mai mult de 30 secunde
L 04/28/2017 - 03:20:11: [slayafk.amxx] DoNpAkaa a primit slay, deoarece a fost afk mai mult de 30 secunde
L 04/28/2017 - 03:22:41: [slayafk.amxx] DoNpAkaa a primit slay, deoarece a fost afk mai mult de 30 secunde
L 04/28/2017 - 03:22:55: [admincmd.amxx] Cmd: "Dr.FioriGinal.Ro ~ Server Clasi<0><><>" slay "dawN<541><STEAM_0:0:77647261><>"
L 04/28/2017 - 03:24:52: [admincmd.amxx] Cmd: "Dr.FioriGinal.Ro ~ Server Clasi<0><><>" slay "Urs<542><STEAM_0:0:2138521391><>"
L 04/28/2017 - 03:24:55: [admincmd.amxx] Cmd: "Dr.FioriGinal.Ro ~ Server Clasi<0><><>" slay "dawN<543><STEAM_0:0:77647261><>"
L 04/28/2017 - 03:26:16: [slayafk.amxx] DoNpAkaa a primit slay, deoarece a fost afk mai mult de 30 secunde
L 04/28/2017 - 03:27:34: [admincmd.amxx] Cmd: "Dr.FioriGinal.Ro ~ Server Clasi<0><><>" slay "dawN<545><STEAM_0:0:77647261><>"
L 04/28/2017 - 03:29:42: [admincmd.amxx] Cmd: "Dr.FioriGinal.Ro ~ Server Clasi<0><><>" slay "Urs<546><STEAM_0:0:2139026100><>"
L 04/28/2017 - 03:29:45: [admincmd.amxx] Cmd: "Dr.FioriGinal.Ro ~ Server Clasi<0><><>" slay "dawN<547><STEAM_0:0:77647261><>"
L 04/28/2017 - 03:30:42: [admincmd.amxx] Cmd: "Dr.FioriGinal.Ro ~ Server Clasi<0><><>" slay "Urs<548><STEAM_0:0:1383463360><>"
L 04/28/2017 - 03:30:46: [admincmd.amxx] Cmd: "Dr.FioriGinal.Ro ~ Server Clasi<0><><>" slay "dawN<549><STEAM_0:0:77647261><>"
L 04/28/2017 - 03:31:16: [admincmd.amxx] Cmd: "Dr.FioriGinal.Ro ~ Server Clasi<0><><>" slay "dawN<550><STEAM_0:0:77647261><>"
L 04/28/2017 - 03:31:19: [admincmd.amxx] Cmd: "Dr.FioriGinal.Ro ~ Server Clasi<0><><>" slay "Urs<551><STEAM_0:0:1487667644><>"
L 04/28/2017 - 03:32:31: [slayafk.amxx] DoNpAkaa a primit slay, deoarece a fost afk mai mult de 30 secunde
L 04/28/2017 - 03:32:33: [admincmd.amxx] Cmd: "Dr.FioriGinal.Ro ~ Server Clasi<0><><>" slay "Urs<552><STEAM_0:0:2049221968><>"
L 04/28/2017 - 03:32:38: [admincmd.amxx] Cmd: "Dr.FioriGinal.Ro ~ Server Clasi<0><><>" slay "dawN<553><STEAM_0:0:77647261><>"
L 04/28/2017 - 03:33:23: [admincmd.amxx] Cmd: "Dr.FioriGinal.Ro ~ Server Clasi<0><><>" slay "dawN<555><STEAM_0:0:77647261><>"
L 04/28/2017 - 03:33:25: [admincmd.amxx] Cmd: "Dr.FioriGinal.Ro ~ Server Clasi<0><><>" slay "Urs<556><STEAM_0:0:2048469061><>"
L 04/28/2017 - 03:34:30: [admincmd.amxx] Cmd: "Dr.FioriGinal.Ro ~ Server Clasi<0><><>" slay "dawN<557><STEAM_0:0:77647261><>"
L 04/28/2017 - 03:34:32: [admincmd.amxx] Cmd: "Dr.FioriGinal.Ro ~ Server Clasi<0><><>" slay "Urs<558><STEAM_0:0:1844335291><>"
L 04/28/2017 - 03:35:22: [admincmd.amxx] Cmd: "Dr.FioriGinal.Ro ~ Server Clasi<0><><>" slay "Urs<559><STEAM_0:0:661034108><>"
L 04/28/2017 - 03:35:24: [admincmd.amxx] Cmd: "Dr.FioriGinal.Ro ~ Server Clasi<0><><>" slay "dawN<560><STEAM_0:0:77647261><>"
L 04/28/2017 - 03:36:32: [admincmd.amxx] Cmd: "Dr.FioriGinal.Ro ~ Server Clasi<0><><>" slay "Urs<561><STEAM_0:0:1698086772><>"
L 04/28/2017 - 03:36:34: [admincmd.amxx] Cmd: "Dr.FioriGinal.Ro ~ Server Clasi<0><><>" slay "dawN<562><STEAM_0:0:77647261><>"
L 04/28/2017 - 03:37:41: [slayafk.amxx] DoNpAkaa a primit slay, deoarece a fost afk mai mult de 30 secunde
L 04/28/2017 - 03:37:51: [admincmd.amxx] Cmd: "Dr.FioriGinal.Ro ~ Server Clasi<0><><>" slay "dawN<563><STEAM_0:0:77647261><>"
L 04/28/2017 - 03:38:03: [admincmd.amxx] Cmd: "Dr.FioriGinal.Ro ~ Server Clasi<0><><>" slay "dawN<565><STEAM_0:0:77647261><>"
L 04/28/2017 - 03:38:04: [admincmd.amxx] Cmd: "Dr.FioriGinal.Ro ~ Server Clasi<0><><>" slay "Urs<566><STEAM_0:0:909167553><>"
L 04/28/2017 - 03:38:15: [admincmd.amxx] Cmd: "Dr.FioriGinal.Ro ~ Server Clasi<0><><>" slay "dawN<567><STEAM_0:0:77647261><>"
L 04/28/2017 - 03:38:16: [admincmd.amxx] Cmd: "Dr.FioriGinal.Ro ~ Server Clasi<0><><>" slay "Urs<568><STEAM_0:0:106749644><>"
L 04/28/2017 - 03:41:31: [admincmd.amxx] Cmd: "Dr.FioriGinal.Ro ~ Server Clasi<0><><>" slay "dawN<571><STEAM_0:0:77647261><>"
L 04/28/2017 - 03:41:32: [admincmd.amxx] Cmd: "Dr.FioriGinal.Ro ~ Server Clasi<0><><>" slay "Urs<572><STEAM_0:0:1777944075><>"
L 04/28/2017 - 03:42:26: [slayafk.amxx] DoNpAkaa a primit slay, deoarece a fost afk mai mult de 30 secunde
L 04/28/2017 - 03:42:36: [admincmd.amxx] Cmd: "Dr.FioriGinal.Ro ~ Server Clasi<0><><>" slay "Urs<573><STEAM_0:0:1189658168><>"
L 04/28/2017 - 03:43:56: [slayafk.amxx] DoNpAkaa a primit slay, deoarece a fost afk mai mult de 30 secunde
L 04/28/2017 - 03:44:23: [admincmd.amxx] Cmd: "Dr.FioriGinal.Ro ~ Server Clasi<0><><>" slay "Urs<574><STEAM_0:0:813725177><>"
L 04/28/2017 - 03:46:08: [admincmd.amxx] Cmd: "Dr.FioriGinal.Ro ~ Server Clasi<0><><>" slay "Urs<575><STEAM_0:0:1142737960><>"
L 04/28/2017 - 03:46:31: [slayafk.amxx] DoNpAkaa a primit slay, deoarece a fost afk mai mult de 30 secunde
L 04/28/2017 - 03:47:41: [admincmd.amxx] Cmd: "Dr.FioriGinal.Ro ~ Server Clasi<0><><>" slay "dawN<576><STEAM_0:0:77647261><>"
L 04/28/2017 - 03:50:06: [slayafk.amxx] DoNpAkaa a primit slay, deoarece a fost afk mai mult de 30 secunde
L 04/28/2017 - 03:52:36: [slayafk.amxx] DoNpAkaa a primit slay, deoarece a fost afk mai mult de 30 secunde
L 04/28/2017 - 03:54:05: [admincmd.amxx] Cmd: "Dr.FioriGinal.Ro ~ Server Clasi<0><><>" slay "Urs<577><STEAM_0:0:660336214><>"
L 04/28/2017 - 03:54:08: [admincmd.amxx] Cmd: "Dr.FioriGinal.Ro ~ Server Clasi<0><><>" slay "dawN<578><STEAM_0:0:77647261><>"
L 04/28/2017 - 03:55:31: [slayafk.amxx] DoNpAkaa a primit slay, deoarece a fost afk mai mult de 30 secunde
L 04/28/2017 - 03:57:26: [admincmd.amxx] Cmd: "Dr.FioriGinal.Ro ~ Server Clasi<0><><>" slay "dawN<579><STEAM_0:0:77647261><>"
L 04/28/2017 - 03:57:27: [admincmd.amxx] Cmd: "Dr.FioriGinal.Ro ~ Server Clasi<0><><>" slay "Urs<580><STEAM_0:0:1564891660><>"
L 04/28/2017 - 03:58:33: [admincmd.amxx] Cmd: "Dr.FioriGinal.Ro ~ Server Clasi<0><><>" slay "dawN<582><STEAM_0:0:77647261><>"
L 04/28/2017 - 03:58:34: [admincmd.amxx] Cmd: "Dr.FioriGinal.Ro ~ Server Clasi<0><><>" slay "Urs<583><STEAM_0:0:1696052239><>"
L 04/28/2017 - 03:58:45: [admincmd.amxx] Cmd: "Dr.FioriGinal.Ro ~ Server Clasi<0><><>" slay "Urs<584><STEAM_0:0:1634749503><>"
L 04/28/2017 - 04:02:50: [admincmd.amxx] Cmd: "Dr.FioriGinal.Ro ~ Server Clasi<0><><>" slay "Urs<585><STEAM_0:0:132861310><>"
L 04/28/2017 - 04:12:31: [slayafk.amxx] so dissapointed a primit slay, deoarece a fost afk mai mult de 30 secunde
L 04/28/2017 - 04:23:42: -------- Mapchange to deathrun_alleywinter --------
L 04/28/2017 - 04:23:43: [AMXX] Failed to open dictionary file: cstrike/addons/amxmodx/data/lang/walkguard.txt
L 04/28/2017 - 04:23:44: [walkguard.amxx] no zone-file found
L 04/28/2017 - 06:24:06: -------- Mapchange to deathrun_trenal_lux --------
L 04/28/2017 - 06:24:08: [AMXX] Failed to open dictionary file: cstrike/addons/amxmodx/data/lang/walkguard.txt
L 04/28/2017 - 06:24:09: [walkguard.amxx] no zone-file found
L 04/28/2017 - 07:43:02: -------- Mapchange to deathrun_greyskull --------
L 04/28/2017 - 07:43:03: [AMXX] Failed to open dictionary file: cstrike/addons/amxmodx/data/lang/walkguard.txt
L 04/28/2017 - 07:43:04: [walkguard.amxx] no zone-file found
L 04/28/2017 - 08:02:49: [slayafk.amxx] asddd? a primit slay, deoarece a fost afk mai mult de 30 secunde
L 04/28/2017 - 08:06:54: [admincmd.amxx] Cmd: "Dr.FioriGinal.Ro ~ Server Clasi<0><><>" slay "asddd?<613><STEAM_0:1:53198843><>"
L 04/28/2017 - 08:42:54: -------- Mapchange to deathrun_stronghold_beta1 --------
L 04/28/2017 - 08:42:55: [AMXX] Failed to open dictionary file: cstrike/addons/amxmodx/data/lang/walkguard.txt
L 04/28/2017 - 08:42:56: [walkguard.amxx] no zone-file found
L 04/28/2017 - 09:02:18: [admincmd.amxx] Cmd: "Dr.FioriGinal.Ro ~ Server Clasi<0><><>" slay "Tud0r<630><STEAM_0:0:1100480979><>"
L 04/28/2017 - 09:04:35: [admincmd.amxx] Cmd: "Dr.FioriGinal.Ro ~ Server Clasi<0><><>" slay "asddd?<631><STEAM_0:1:53198843><>"
L 04/28/2017 - 09:17:04: [admincmd.amxx] Cmd: "Dr.FioriGinal.Ro ~ Server Clasi<0><><>" slay "asddd?<638><STEAM_0:1:53198843><>"
L 04/28/2017 - 09:18:35: [slayafk.amxx] asddd? a primit slay, deoarece a fost afk mai mult de 30 secunde
L 04/28/2017 - 09:40:55: [slayafk.amxx] -Eq- George a primit slay, deoarece a fost afk mai mult de 30 secunde
L 04/28/2017 - 09:46:01: [admin.amxx] Login: "Joker$*<649><VALVE_0:4:213663850><>" became an admin (account "Joker$*") (access "b") (address "109.98.36.176")
L 04/28/2017 - 09:58:45: -------- Mapchange to deathrun_aztecan_beta1 --------
L 04/28/2017 - 09:58:46: [AMXX] Failed to open dictionary file: cstrike/addons/amxmodx/data/lang/walkguard.txt
L 04/28/2017 - 09:58:47: [admin.amxx] Login: "Joker$*<649><VALVE_0:4:213663850><>" became an admin (account "Joker$*") (access "b") (address "109.98.36.176")
L 04/28/2017 - 09:58:47: [walkguard.amxx] no zone-file found
L 04/28/2017 - 09:59:36: [slayafk.amxx] Joker$* a primit slay, deoarece a fost afk mai mult de 30 secunde
L 04/28/2017 - 10:17:21: [slayafk.amxx] asddd? a primit slay, deoarece a fost afk mai mult de 30 secunde
L 04/28/2017 - 10:19:46: [slayafk.amxx] asddd? a primit slay, deoarece a fost afk mai mult de 30 secunde
L 04/28/2017 - 10:30:46: [slayafk.amxx] Andrey a primit slay, deoarece a fost afk mai mult de 30 secunde
L 04/28/2017 - 10:30:50: -------- Mapchange to deathrun_pyramid --------
L 04/28/2017 - 10:30:51: [AMXX] Failed to open dictionary file: cstrike/addons/amxmodx/data/lang/walkguard.txt
L 04/28/2017 - 10:30:52: [walkguard.amxx] no zone-file found
L 04/28/2017 - 11:07:00: [admincmd.amxx] Cmd: "Dr.FioriGinal.Ro ~ Server Clasi<0><><>" slay "| FANTA Milos<695><STEAM_0:0:1539025401><>"
L 04/28/2017 - 11:10:23: -------- Mapchange to deathrun_standup --------
L 04/28/2017 - 11:10:25: [AMXX] Failed to open dictionary file: cstrike/addons/amxmodx/data/lang/walkguard.txt
L 04/28/2017 - 11:10:25: [walkguard.amxx] no zone-file found
L 04/28/2017 - 11:17:11: [admincmd.amxx] Cmd: "Dr.FioriGinal.Ro ~ Server Clasi<0><><>" slay "| FANTA Milos<701><STEAM_0:0:1539025401><>"
L 04/28/2017 - 11:38:34: [admincmd.amxx] Cmd: "Dr.FioriGinal.Ro ~ Server Clasi<0><><>" slay "-Eq- George<714><VALVE_0:4:408217328><>"
L 04/28/2017 - 12:25:37: -------- Mapchange to deathrun_sentinel --------
L 04/28/2017 - 12:25:48: -------- Mapchange to deathrun_forest --------
L 04/28/2017 - 12:25:55: [AMXX] Failed to open dictionary file: cstrike/addons/amxmodx/data/lang/walkguard.txt
L 04/28/2017 - 12:25:57: [walkguard.amxx] no zone-file found
L 04/28/2017 - 12:26:06: Invalid multi-lingual line (file "cstrike/addons/amxmodx/data/lang/rom_protect.txt" key "// *ROM-Protect// Plugin OpenSource anti-IsFlooding/bug-fix pentru orice server." lang "")
L 04/28/2017 - 12:26:06: Invalid multi-lingual line (file "cstrike/addons/amxmodx/data/lang/rom_protect.txt" key "// Versiunea : 1.0.4s-dev. Bulid : 98. Data lansarii versiunii : 03.12.2016." lang "")
L 04/28/2017 - 12:26:06: Invalid multi-lingual line (file "cstrike/addons/amxmodx/data/lang/rom_protect.txt" key "// Autor : lüxor # Dr.Fio & DR2.IND (+ eNd.) - SteamID (contact) : luxxxoor" lang "")
L 04/28/2017 - 12:26:06: Invalid multi-lingual line (file "cstrike/addons/amxmodx/data/lang/rom_protect.txt" key "// O productie FioriGinal.ro - site : www.fioriginal.ro" lang "")
L 04/28/2017 - 12:26:06: Invalid multi-lingual line (file "cstrike/addons/amxmodx/data/lang/rom_protect.txt" key "// Link forum de dezvoltare : http://forum.fioriginal.ro/amxmodx-plugins-pluginuri/rom-protect-anti-flood-bug-fix-t28292.html" lang "")
L 04/28/2017 - 12:26:06: Invalid multi-lingual line (file "cstrike/addons/amxmodx/data/lang/rom_protect.txt" key "// Link sursa : https://github.com/luxxxoor/ROM-Protect" lang "")
L 04/28/2017 - 12:26:06: Invalid multi-lingual line (file "cstrike/addons/amxmodx/data/lang/rom_protect.txt" key "// Colori : ^1 - Culoarea aleasa de jucator cu con_color." lang "")
L 04/28/2017 - 12:26:06: Invalid multi-lingual line (file "cstrike/addons/amxmodx/data/lang/rom_protect.txt" key "//          ^3 - Culoare gri." lang "")
L 04/28/2017 - 12:26:06: Invalid multi-lingual line (file "cstrike/addons/amxmodx/data/lang/rom_protect.txt" key "//          ^4 - Culoare verde." lang "")
L 04/28/2017 - 12:40:39: [admincmd.amxx] Cmd: "Dr.FioriGinal.Ro ~ Server Clasi<0><><>" slay "DoZe<9><STEAM_0:0:1898515925><>"
L 04/28/2017 - 13:07:54: -------- Mapchange to deathrun_jinglebells --------
L 04/28/2017 - 13:07:55: [AMXX] Failed to open dictionary file: cstrike/addons/amxmodx/data/lang/walkguard.txt
L 04/28/2017 - 13:07:56: [walkguard.amxx] no zone-file found
L 04/28/2017 - 13:08:31: [slayafk.amxx] DoZe a primit slay, deoarece a fost afk mai mult de 30 secunde
L 04/28/2017 - 13:09:06: [slayafk.amxx] DoZe a primit slay, deoarece a fost afk mai mult de 30 secunde
L 04/28/2017 - 13:09:46: [slayafk.amxx] DoZe a primit slay, deoarece a fost afk mai mult de 30 secunde
L 04/28/2017 - 13:10:31: [slayafk.amxx] DoZe a primit slay, deoarece a fost afk mai mult de 30 secunde
L 04/28/2017 - 13:11:41: [slayafk.amxx] DoZe a primit slay, deoarece a fost afk mai mult de 30 secunde
L 04/28/2017 - 13:12:51: [slayafk.amxx] DoZe a primit slay, deoarece a fost afk mai mult de 30 secunde
L 04/28/2017 - 13:14:56: [slayafk.amxx] DoZe a primit slay, deoarece a fost afk mai mult de 30 secunde
L 04/28/2017 - 13:17:04: [admincmd.amxx] Cmd: "Dr.FioriGinal.Ro ~ Server Clasi<0><><>" slay "asddd?<44><STEAM_0:1:53198843><>"
L 04/28/2017 - 13:17:21: [slayafk.amxx] DoZe a primit slay, deoarece a fost afk mai mult de 30 secunde
L 04/28/2017 - 13:23:16: [slayafk.amxx] Sylv3R a primit slay, deoarece a fost afk mai mult de 30 secunde
L 04/28/2017 - 13:24:26: [slayafk.amxx] DoZe a primit slay, deoarece a fost afk mai mult de 30 secunde
L 04/28/2017 - 13:25:21: [slayafk.amxx] DoZe a primit slay, deoarece a fost afk mai mult de 30 secunde
L 04/28/2017 - 13:26:11: [slayafk.amxx] DoZe a primit slay, deoarece a fost afk mai mult de 30 secunde
L 04/28/2017 - 13:27:56: [slayafk.amxx] DoZe a primit slay, deoarece a fost afk mai mult de 30 secunde
L 04/28/2017 - 13:29:36: [slayafk.amxx] DoZe a primit slay, deoarece a fost afk mai mult de 30 secunde
L 04/28/2017 - 13:31:01: [slayafk.amxx] DoZe a primit slay, deoarece a fost afk mai mult de 30 secunde
L 04/28/2017 - 13:33:06: [slayafk.amxx] DoZe a primit slay, deoarece a fost afk mai mult de 30 secunde
L 04/28/2017 - 13:33:09: -------- Mapchange to deathrun_long_run --------
L 04/28/2017 - 13:33:10: [AMXX] Failed to open dictionary file: cstrike/addons/amxmodx/data/lang/walkguard.txt
L 04/28/2017 - 13:33:11: [walkguard.amxx] no zone-file found
L 04/28/2017 - 13:34:06: [slayafk.amxx] DoZe a primit slay, deoarece a fost afk mai mult de 30 secunde
L 04/28/2017 - 13:34:56: [slayafk.amxx] DoZe a primit slay, deoarece a fost afk mai mult de 30 secunde
L 04/28/2017 - 13:35:41: [slayafk.amxx] DoZe a primit slay, deoarece a fost afk mai mult de 30 secunde
L 04/28/2017 - 13:36:31: [slayafk.amxx] DoZe a primit slay, deoarece a fost afk mai mult de 30 secunde
L 04/28/2017 - 13:40:01: [slayafk.amxx] DoZe a primit slay, deoarece a fost afk mai mult de 30 secunde
L 04/28/2017 - 13:40:56: [slayafk.amxx] DoZe a primit slay, deoarece a fost afk mai mult de 30 secunde
L 04/28/2017 - 13:41:07: [admincmd.amxx] Cmd: "Dr.FioriGinal.Ro ~ Server Clasi<0><><>" slay "Kira<63><VALVE_0:4:1131389546><>"
L 04/28/2017 - 13:42:31: [slayafk.amxx] DoZe a primit slay, deoarece a fost afk mai mult de 30 secunde
L 04/28/2017 - 13:44:11: [slayafk.amxx] DoZe a primit slay, deoarece a fost afk mai mult de 30 secunde
L 04/28/2017 - 13:45:01: [slayafk.amxx] DoZe a primit slay, deoarece a fost afk mai mult de 30 secunde
L 04/28/2017 - 13:46:11: [slayafk.amxx] DoZe a primit slay, deoarece a fost afk mai mult de 30 secunde
L 04/28/2017 - 13:48:21: [slayafk.amxx] DoZe a primit slay, deoarece a fost afk mai mult de 30 secunde
L 04/28/2017 - 13:50:11: [slayafk.amxx] DoZe a primit slay, deoarece a fost afk mai mult de 30 secunde
L 04/28/2017 - 13:51:01: [slayafk.amxx] DoZe a primit slay, deoarece a fost afk mai mult de 30 secunde
L 04/28/2017 - 13:54:31: [slayafk.amxx] DoZe a primit slay, deoarece a fost afk mai mult de 30 secunde
L 04/28/2017 - 13:56:51: [slayafk.amxx] DoZe a primit slay, deoarece a fost afk mai mult de 30 secunde
L 04/28/2017 - 13:57:31: [slayafk.amxx] DoZe a primit slay, deoarece a fost afk mai mult de 30 secunde
L 04/28/2017 - 13:58:11: [slayafk.amxx] DoZe a primit slay, deoarece a fost afk mai mult de 30 secunde
L 04/28/2017 - 13:59:36: [slayafk.amxx] DoZe a primit slay, deoarece a fost afk mai mult de 30 secunde
L 04/28/2017 - 14:00:16: [slayafk.amxx] DoZe a primit slay, deoarece a fost afk mai mult de 30 secunde
L 04/28/2017 - 14:01:01: [slayafk.amxx] DoZe a primit slay, deoarece a fost afk mai mult de 30 secunde
L 04/28/2017 - 14:01:41: [slayafk.amxx] DoZe a primit slay, deoarece a fost afk mai mult de 30 secunde
L 04/28/2017 - 14:02:46: [slayafk.amxx] DoZe a primit slay, deoarece a fost afk mai mult de 30 secunde
L 04/28/2017 - 14:03:36: -------- Mapchange to deathrun_virtualstrike --------
L 04/28/2017 - 14:03:37: [AMXX] Failed to open dictionary file: cstrike/addons/amxmodx/data/lang/walkguard.txt
L 04/28/2017 - 14:03:38: [walkguard.amxx] no zone-file found
L 04/28/2017 - 14:05:37: [slayafk.amxx] DoZe a primit slay, deoarece a fost afk mai mult de 30 secunde
L 04/28/2017 - 14:06:12: [slayafk.amxx] DoZe a primit slay, deoarece a fost afk mai mult de 30 secunde
L 04/28/2017 - 14:06:34: [admincmd.amxx] Cmd: "Dr.FioriGinal.Ro ~ Server Clasi<0><><>" slay "Somalia<82><VALVE_0:4:429258718><>"
L 04/28/2017 - 14:11:52: [slayafk.amxx] DoZe a primit slay, deoarece a fost afk mai mult de 30 secunde
L 04/28/2017 - 14:17:57: [slayafk.amxx] DoZe a primit slay, deoarece a fost afk mai mult de 30 secunde
L 04/28/2017 - 14:19:12: [slayafk.amxx] DoZe a primit slay, deoarece a fost afk mai mult de 30 secunde
L 04/28/2017 - 14:20:52: [slayafk.amxx] DoZe a primit slay, deoarece a fost afk mai mult de 30 secunde
L 04/28/2017 - 14:30:12: [slayafk.amxx] DoZe a primit slay, deoarece a fost afk mai mult de 30 secunde
L 04/28/2017 - 14:41:40: -------- Mapchange to deathrun_nightrun_beta3 --------
L 04/28/2017 - 14:41:41: [AMXX] Failed to open dictionary file: cstrike/addons/amxmodx/data/lang/walkguard.txt
L 04/28/2017 - 14:41:42: [walkguard.amxx] no zone-file found
L 04/28/2017 - 14:53:31: [slayafk.amxx] CR^Cristina. a primit slay, deoarece a fost afk mai mult de 30 secunde
L 04/28/2017 - 15:04:20: [admin.amxx] Login: "cool<118><STEAM_0:1:25922700><>" became an admin (account "cool") (access "b") (address "5.14.108.166")
L 04/28/2017 - 15:07:49: [admin.amxx] Login: "Asdfq<121><VALVE_0:4:998195306><>" became an admin (account "Asdfq") (access "b") (address "109.98.162.223")
L 04/28/2017 - 15:07:50: -------- Mapchange to deathrun_0mega --------
L 04/28/2017 - 15:07:51: [AMXX] Failed to open dictionary file: cstrike/addons/amxmodx/data/lang/walkguard.txt
L 04/28/2017 - 15:07:52: [walkguard.amxx] no zone-file found
L 04/28/2017 - 15:07:57: [admin.amxx] Login: "Asdfq<125><VALVE_0:4:998195306><>" became an admin (account "Asdfq") (access "b") (address "109.98.162.223")
L 04/28/2017 - 15:08:06: [admin.amxx] Login: "cool<131><STEAM_0:1:25922700><>" became an admin (account "cool") (access "b") (address "5.14.108.166")
L 04/28/2017 - 15:14:57: [slayafk.amxx] Somalia a primit slay, deoarece a fost afk mai mult de 30 secunde
L 04/28/2017 - 15:15:32: [slayafk.amxx] Somalia a primit slay, deoarece a fost afk mai mult de 30 secunde
L 04/28/2017 - 15:17:22: [slayafk.amxx] Somalia a primit slay, deoarece a fost afk mai mult de 30 secunde
L 04/28/2017 - 15:19:42: [slayafk.amxx] Somalia a primit slay, deoarece a fost afk mai mult de 30 secunde
L 04/28/2017 - 15:21:54: [admincmd.amxx] Cmd: "Dr.FioriGinal.Ro ~ Server Clasi<0><><>" slay "Fancy.<143><VALVE_0:4:294342647><>"
L 04/28/2017 - 15:22:17: [slayafk.amxx] Somalia a primit slay, deoarece a fost afk mai mult de 30 secunde
L 04/28/2017 - 15:24:22: [slayafk.amxx] Somalia a primit slay, deoarece a fost afk mai mult de 30 secunde
L 04/28/2017 - 15:24:22: [slayafk.amxx] KeBu^ a primit slay, deoarece a fost afk mai mult de 30 secunde
L 04/28/2017 - 15:25:42: [slayafk.amxx] Somalia a primit slay, deoarece a fost afk mai mult de 30 secunde
L 04/28/2017 - 15:26:52: [slayafk.amxx] Somalia a primit slay, deoarece a fost afk mai mult de 30 secunde
L 04/28/2017 - 15:28:18: [slayafk.amxx] Somalia a primit slay, deoarece a fost afk mai mult de 30 secunde
L 04/28/2017 - 15:29:53: [slayafk.amxx] Somalia a primit slay, deoarece a fost afk mai mult de 30 secunde
L 04/28/2017 - 15:29:53: [slayafk.amxx] KeBu^ a primit slay, deoarece a fost afk mai mult de 30 secunde
L 04/28/2017 - 15:30:58: [slayafk.amxx] KeBu^ a primit slay, deoarece a fost afk mai mult de 30 secunde
L 04/28/2017 - 15:31:20: [admin.amxx] Login: "DoNpAkaa<148><STEAM_0:0:55531607><>" became an admin (account "DoNpAkaa") (access "b") (address "82.79.44.66")
L 04/28/2017 - 15:31:38: [slayafk.amxx] Somalia a primit slay, deoarece a fost afk mai mult de 30 secunde
L 04/28/2017 - 15:32:08: [slayafk.amxx] KeBu^ a primit slay, deoarece a fost afk mai mult de 30 secunde
L 04/28/2017 - 15:34:29: -------- Mapchange to deathrun_discovery3 --------
L 04/28/2017 - 15:34:30: [AMXX] Failed to open dictionary file: cstrike/addons/amxmodx/data/lang/walkguard.txt
L 04/28/2017 - 15:34:31: [walkguard.amxx] no zone-file found
L 04/28/2017 - 15:34:31: [admin.amxx] Login: "DoNpAkaa<148><STEAM_0:0:55531607><>" became an admin (account "DoNpAkaa") (access "b") (address "82.79.44.66")
L 04/28/2017 - 15:35:46: [slayafk.amxx] KeBu^ a primit slay, deoarece a fost afk mai mult de 30 secunde
L 04/28/2017 - 15:36:31: [slayafk.amxx] KeBu^ a primit slay, deoarece a fost afk mai mult de 30 secunde
L 04/28/2017 - 15:38:26: [slayafk.amxx] KeBu^ a primit slay, deoarece a fost afk mai mult de 30 secunde
L 04/28/2017 - 15:39:21: [slayafk.amxx] KeBu^ a primit slay, deoarece a fost afk mai mult de 30 secunde
L 04/28/2017 - 15:40:46: [slayafk.amxx] KeBu^ a primit slay, deoarece a fost afk mai mult de 30 secunde
L 04/28/2017 - 15:41:46: [slayafk.amxx] KeBu^ a primit slay, deoarece a fost afk mai mult de 30 secunde
L 04/28/2017 - 15:43:16: [slayafk.amxx] DoNpAkaa a primit slay, deoarece a fost afk mai mult de 30 secunde
L 04/28/2017 - 15:43:46: [slayafk.amxx] KeBu^ a primit slay, deoarece a fost afk mai mult de 30 secunde
L 04/28/2017 - 15:44:31: [slayafk.amxx] DoNpAkaa a primit slay, deoarece a fost afk mai mult de 30 secunde
L 04/28/2017 - 15:45:11: [slayafk.amxx] KeBu^ a primit slay, deoarece a fost afk mai mult de 30 secunde
L 04/28/2017 - 15:45:51: [slayafk.amxx] DoNpAkaa a primit slay, deoarece a fost afk mai mult de 30 secunde
L 04/28/2017 - 15:46:21: [slayafk.amxx] KeBu^ a primit slay, deoarece a fost afk mai mult de 30 secunde
L 04/28/2017 - 15:46:56: [slayafk.amxx] DoNpAkaa a primit slay, deoarece a fost afk mai mult de 30 secunde
L 04/28/2017 - 15:48:26: [slayafk.amxx] DoNpAkaa a primit slay, deoarece a fost afk mai mult de 30 secunde
L 04/28/2017 - 15:49:31: [slayafk.amxx] DoNpAkaa a primit slay, deoarece a fost afk mai mult de 30 secunde
L 04/28/2017 - 15:51:11: [slayafk.amxx] DoNpAkaa a primit slay, deoarece a fost afk mai mult de 30 secunde
L 04/28/2017 - 15:52:31: [slayafk.amxx] DoNpAkaa a primit slay, deoarece a fost afk mai mult de 30 secunde
L 04/28/2017 - 15:52:38: [admin.amxx] Login: "Asdfq<169><VALVE_0:4:998195306><>" became an admin (account "Asdfq") (access "b") (address "109.98.162.223")
L 04/28/2017 - 15:53:36: [slayafk.amxx] DoNpAkaa a primit slay, deoarece a fost afk mai mult de 30 secunde
L 04/28/2017 - 15:54:56: [slayafk.amxx] DoNpAkaa a primit slay, deoarece a fost afk mai mult de 30 secunde
L 04/28/2017 - 15:56:01: [slayafk.amxx] DoNpAkaa a primit slay, deoarece a fost afk mai mult de 30 secunde
L 04/28/2017 - 15:56:01: [slayafk.amxx] CR^Cristina. a primit slay, deoarece a fost afk mai mult de 30 secunde
L 04/28/2017 - 15:57:11: [slayafk.amxx] DoNpAkaa a primit slay, deoarece a fost afk mai mult de 30 secunde
L 04/28/2017 - 16:00:06: [slayafk.amxx] DoNpAkaa a primit slay, deoarece a fost afk mai mult de 30 secunde
L 04/28/2017 - 16:01:06: [slayafk.amxx] f0rest a primit slay, deoarece a fost afk mai mult de 30 secunde
L 04/28/2017 - 16:01:11: [slayafk.amxx] DoNpAkaa a primit slay, deoarece a fost afk mai mult de 30 secunde
L 04/28/2017 - 16:01:46: [slayafk.amxx] KeBu^ a primit slay, deoarece a fost afk mai mult de 30 secunde
L 04/28/2017 - 16:01:51: [slayafk.amxx] f0rest a primit slay, deoarece a fost afk mai mult de 30 secunde
L 04/28/2017 - 16:02:31: [slayafk.amxx] DoNpAkaa a primit slay, deoarece a fost afk mai mult de 30 secunde
L 04/28/2017 - 16:02:31: [slayafk.amxx] KeBu^ a primit slay, deoarece a fost afk mai mult de 30 secunde
L 04/28/2017 - 16:04:01: [slayafk.amxx] DoNpAkaa a primit slay, deoarece a fost afk mai mult de 30 secunde
L 04/28/2017 - 16:05:26: [slayafk.amxx] KeBu^ a primit slay, deoarece a fost afk mai mult de 30 secunde
L 04/28/2017 - 16:05:31: [slayafk.amxx] DoNpAkaa a primit slay, deoarece a fost afk mai mult de 30 secunde
L 04/28/2017 - 16:06:51: [slayafk.amxx] DoNpAkaa a primit slay, deoarece a fost afk mai mult de 30 secunde
L 04/28/2017 - 16:06:51: [slayafk.amxx] KeBu^ a primit slay, deoarece a fost afk mai mult de 30 secunde
L 04/28/2017 - 16:07:51: [slayafk.amxx] DoNpAkaa a primit slay, deoarece a fost afk mai mult de 30 secunde
L 04/28/2017 - 16:07:51: [slayafk.amxx] KeBu^ a primit slay, deoarece a fost afk mai mult de 30 secunde
L 04/28/2017 - 16:09:36: [slayafk.amxx] DoNpAkaa a primit slay, deoarece a fost afk mai mult de 30 secunde
L 04/28/2017 - 16:09:36: [slayafk.amxx] KeBu^ a primit slay, deoarece a fost afk mai mult de 30 secunde
L 04/28/2017 - 16:11:16: [slayafk.amxx] DoNpAkaa a primit slay, deoarece a fost afk mai mult de 30 secunde
L 04/28/2017 - 16:11:16: [slayafk.amxx] KeBu^ a primit slay, deoarece a fost afk mai mult de 30 secunde
L 04/28/2017 - 16:12:51: [slayafk.amxx] KeBu^ a primit slay, deoarece a fost afk mai mult de 30 secunde
L 04/28/2017 - 16:13:16: [slayafk.amxx] f0rest a primit slay, deoarece a fost afk mai mult de 30 secunde
L 04/28/2017 - 16:13:33: -------- Mapchange to deathrun_adi_blurez --------
L 04/28/2017 - 16:13:34: [AMXX] Failed to open dictionary file: cstrike/addons/amxmodx/data/lang/walkguard.txt
L 04/28/2017 - 16:13:35: [admin.amxx] Login: "DoNpAkaa<148><STEAM_0:0:55531607><>" became an admin (account "DoNpAkaa") (access "b") (address "82.79.44.66")
L 04/28/2017 - 16:13:35: [walkguard.amxx] no zone-file found
L 04/28/2017 - 16:13:37: [admin.amxx] Login: "DoNpAkaa<180><STEAM_0:0:55531607><>" became an admin (account "DoNpAkaa") (access "b") (address "82.79.44.66")
L 04/28/2017 - 16:14:15: [slayafk.amxx] DoNpAkaa a primit slay, deoarece a fost afk mai mult de 30 secunde
L 04/28/2017 - 16:14:50: [slayafk.amxx] DoNpAkaa a primit slay, deoarece a fost afk mai mult de 30 secunde
L 04/28/2017 - 16:15:05: [slayafk.amxx] KeBu^ a primit slay, deoarece a fost afk mai mult de 30 secunde
L 04/28/2017 - 16:15:35: [slayafk.amxx] DoNpAkaa a primit slay, deoarece a fost afk mai mult de 30 secunde
L 04/28/2017 - 16:15:40: [slayafk.amxx] KeBu^ a primit slay, deoarece a fost afk mai mult de 30 secunde
L 04/28/2017 - 16:16:25: [slayafk.amxx] DoNpAkaa a primit slay, deoarece a fost afk mai mult de 30 secunde
L 04/28/2017 - 16:16:25: [slayafk.amxx] KeBu^ a primit slay, deoarece a fost afk mai mult de 30 secunde
L 04/28/2017 - 16:17:05: [slayafk.amxx] DoNpAkaa a primit slay, deoarece a fost afk mai mult de 30 secunde
L 04/28/2017 - 16:17:05: [slayafk.amxx] KeBu^ a primit slay, deoarece a fost afk mai mult de 30 secunde
L 04/28/2017 - 16:17:45: [slayafk.amxx] DoNpAkaa a primit slay, deoarece a fost afk mai mult de 30 secunde
L 04/28/2017 - 16:17:45: [slayafk.amxx] KeBu^ a primit slay, deoarece a fost afk mai mult de 30 secunde
L 04/28/2017 - 16:18:40: [slayafk.amxx] DoNpAkaa a primit slay, deoarece a fost afk mai mult de 30 secunde
L 04/28/2017 - 16:18:40: [slayafk.amxx] KeBu^ a primit slay, deoarece a fost afk mai mult de 30 secunde
L 04/28/2017 - 16:19:25: [slayafk.amxx] DoNpAkaa a primit slay, deoarece a fost afk mai mult de 30 secunde
L 04/28/2017 - 16:20:10: [slayafk.amxx] DoNpAkaa a primit slay, deoarece a fost afk mai mult de 30 secunde
L 04/28/2017 - 16:21:51: [admincmd.amxx] Cmd: "Dr.FioriGinal.Ro ~ Server Clasi<0><><>" slay "SWEQW | LOW<189><VALVE_0:4:1405639026><>"
L 04/28/2017 - 16:22:10: [slayafk.amxx] DoNpAkaa a primit slay, deoarece a fost afk mai mult de 30 secunde
L 04/28/2017 - 16:22:28: [admincmd.amxx] Cmd: "Dr.FioriGinal.Ro ~ Server Clasi<0><><>" slay "SWEQW | LOW<190><VALVE_0:4:1405639026><>"
L 04/28/2017 - 16:32:50: [slayafk.amxx] Krisz/100/ a primit slay, deoarece a fost afk mai mult de 30 secunde
L 04/28/2017 - 16:34:00: [slayafk.amxx] f0rest a primit slay, deoarece a fost afk mai mult de 30 secunde
L 04/28/2017 - 16:34:40: [slayafk.amxx] SWEQW | LOW a primit slay, deoarece a fost afk mai mult de 30 secunde
L 04/28/2017 - 16:37:53: [admincmd.amxx] Cmd: "Dr.FioriGinal.Ro ~ Server Clasi<0><><>" slay "SWEQW | LOW<204><VALVE_0:4:1405639026><>"
L 04/28/2017 - 16:38:42: [admincmd.amxx] Cmd: "Dr.FioriGinal.Ro ~ Server Clasi<0><><>" slay "SWEQW | LOW<205><VALVE_0:4:1405639026><>"
L 04/28/2017 - 16:39:14: -------- Mapchange to deathrun_2h_estonia --------
L 04/28/2017 - 16:39:15: [AMXX] Failed to open dictionary file: cstrike/addons/amxmodx/data/lang/walkguard.txt
L 04/28/2017 - 16:39:16: [walkguard.amxx] no zone-file found
L 04/28/2017 - 16:47:01: [admin.amxx] Login: "cool<218><STEAM_0:1:25922700><>" became an admin (account "cool") (access "b") (address "5.14.108.166")
L 04/28/2017 - 17:05:35: -------- Mapchange to deathrun_y_underground --------
L 04/28/2017 - 17:05:37: [AMXX] Failed to open dictionary file: cstrike/addons/amxmodx/data/lang/walkguard.txt
L 04/28/2017 - 17:05:38: [walkguard.amxx] no zone-file found
L 04/28/2017 - 17:08:48: [admin.amxx] Login: "cool<229><STEAM_0:1:25922700><>" became an admin (account "cool") (access "b") (address "5.14.108.166")
L 04/28/2017 - 17:09:20: [admin.amxx] Login: "kaka<232><VALVE_0:4:1033726963><>" became an admin (account "kaka") (access "b") (address "94.53.102.210")
L 04/28/2017 - 17:10:07: [slayafk.amxx] cool a primit slay, deoarece a fost afk mai mult de 30 secunde
L 04/28/2017 - 17:11:15: [admincmd.amxx] Cmd: "cool<229><STEAM_0:1:25922700><>" ask for players list
L 04/28/2017 - 17:25:30: [admin.amxx] Login: "tiganu<243><STEAM_0:0:187978272><>" became an admin (account "tiganu") (access "b") (address "79.117.128.134")
L 04/28/2017 - 17:25:32: [slayafk.amxx] KeBu^ a primit slay, deoarece a fost afk mai mult de 30 secunde
L 04/28/2017 - 17:25:42: [slayafk.amxx] Huzki a primit slay, deoarece a fost afk mai mult de 30 secunde
L 04/28/2017 - 17:29:02: [slayafk.amxx] Huzki a primit slay, deoarece a fost afk mai mult de 30 secunde
L 04/28/2017 - 17:29:07: [slayafk.amxx] KeBu^ a primit slay, deoarece a fost afk mai mult de 30 secunde
L 04/28/2017 - 17:31:57: [slayafk.amxx] Huzki a primit slay, deoarece a fost afk mai mult de 30 secunde
L 04/28/2017 - 17:34:12: [slayafk.amxx] KeBu^ a primit slay, deoarece a fost afk mai mult de 30 secunde
L 04/28/2017 - 17:34:47: [slayafk.amxx] KeBu^ a primit slay, deoarece a fost afk mai mult de 30 secunde
L 04/28/2017 - 17:35:20: [admin.amxx] Login: "DoNpAkaa<249><STEAM_0:0:55531607><>" became an admin (account "DoNpAkaa") (access "b") (address "86.122.201.0")
L 04/28/2017 - 17:36:58: [admin.amxx] Login: "DoNpAkaa<250><STEAM_0:0:55531607><>" became an admin (account "DoNpAkaa") (access "b") (address "86.122.201.0")
L 04/28/2017 - 17:37:42: -------- Mapchange to deathrun_privateers --------
L 04/28/2017 - 17:37:43: [AMXX] Failed to open dictionary file: cstrike/addons/amxmodx/data/lang/walkguard.txt
L 04/28/2017 - 17:37:44: [walkguard.amxx] no zone-file found
L 04/28/2017 - 17:37:44: [admin.amxx] Login: "tiganu<243><STEAM_0:0:187978272><>" became an admin (account "tiganu") (access "b") (address "79.117.128.134")
L 04/28/2017 - 17:37:49: [admin.amxx] Login: "DoNpAkaa<253><STEAM_0:0:55531607><>" became an admin (account "DoNpAkaa") (access "b") (address "86.122.201.0")
L 04/28/2017 - 17:44:19: [slayafk.amxx] KeBu^ a primit slay, deoarece a fost afk mai mult de 30 secunde
L 04/28/2017 - 17:47:09: [slayafk.amxx] Huzki a primit slay, deoarece a fost afk mai mult de 30 secunde
L 04/28/2017 - 17:48:04: [slayafk.amxx] Huzki a primit slay, deoarece a fost afk mai mult de 30 secunde
L 04/28/2017 - 17:49:54: [slayafk.amxx] Huzki a primit slay, deoarece a fost afk mai mult de 30 secunde
L 04/28/2017 - 17:50:59: [slayafk.amxx] Huzki a primit slay, deoarece a fost afk mai mult de 30 secunde
L 04/28/2017 - 17:51:59: [slayafk.amxx] Huzki a primit slay, deoarece a fost afk mai mult de 30 secunde
L 04/28/2017 - 17:54:09: [slayafk.amxx] Huzki a primit slay, deoarece a fost afk mai mult de 30 secunde
L 04/28/2017 - 17:55:49: [slayafk.amxx] Huzki a primit slay, deoarece a fost afk mai mult de 30 secunde
L 04/28/2017 - 17:57:04: [admincmd.amxx] Cmd: "Dr.FioriGinal.Ro ~ Server Clasi<0><><>" slay "Kenvelo<271><VALVE_0:4:633456891><>"
L 04/28/2017 - 17:57:19: [slayafk.amxx] Huzki a primit slay, deoarece a fost afk mai mult de 30 secunde
L 04/28/2017 - 18:01:59: [slayafk.amxx] Huzki a primit slay, deoarece a fost afk mai mult de 30 secunde
L 04/28/2017 - 18:02:29: [slayafk.amxx] DoNpAkaa a primit slay, deoarece a fost afk mai mult de 30 secunde
L 04/28/2017 - 18:03:09: [slayafk.amxx] Huzki a primit slay, deoarece a fost afk mai mult de 30 secunde
L 04/28/2017 - 18:03:12: -------- Mapchange to deathrun_rizzy_x --------
L 04/28/2017 - 18:03:13: [AMXX] Failed to open dictionary file: cstrike/addons/amxmodx/data/lang/walkguard.txt
L 04/28/2017 - 18:03:14: [admin.amxx] Login: "DoNpAkaa<253><STEAM_0:0:55531607><>" became an admin (account "DoNpAkaa") (access "b") (address "86.122.201.0")
L 04/28/2017 - 18:03:14: [walkguard.amxx] no zone-file found
L 04/28/2017 - 18:22:45: [admincmd.amxx] Cmd: "Dr.FioriGinal.Ro ~ Server Clasi<0><><>" slay "fanat_M9SA<290><STEAM_0:0:795609710><>"
L 04/28/2017 - 18:28:51: -------- Mapchange to deathrun_ghosts --------
L 04/28/2017 - 18:28:52: [AMXX] Failed to open dictionary file: cstrike/addons/amxmodx/data/lang/walkguard.txt
L 04/28/2017 - 18:28:53: [admin.amxx] Login: "DoNpAkaa<253><STEAM_0:0:55531607><>" became an admin (account "DoNpAkaa") (access "b") (address "86.122.201.0")
L 04/28/2017 - 18:28:53: [walkguard.amxx] no zone-file found
L 04/28/2017 - 18:28:55: [admin.amxx] Login: "DoNpAkaa<291><STEAM_0:0:55531607><>" became an admin (account "DoNpAkaa") (access "b") (address "86.122.201.0")
L 04/28/2017 - 18:55:11: -------- Mapchange to deathrun_sk_occult --------
L 04/28/2017 - 18:55:13: [AMXX] Failed to open dictionary file: cstrike/addons/amxmodx/data/lang/walkguard.txt
L 04/28/2017 - 18:55:14: [admin.amxx] Login: "DoNpAkaa<291><STEAM_0:0:55531607><>" became an admin (account "DoNpAkaa") (access "b") (address "86.122.201.0")
L 04/28/2017 - 18:55:14: [walkguard.amxx] no zone-file found
L 04/28/2017 - 18:55:17: [admin.amxx] Login: "DoNpAkaa<313><STEAM_0:0:55531607><>" became an admin (account "DoNpAkaa") (access "b") (address "86.122.201.0")
L 04/28/2017 - 18:55:53: [slayafk.amxx] DoNpAkaa a primit slay, deoarece a fost afk mai mult de 30 secunde
L 04/28/2017 - 18:59:01: [admincmd.amxx] Cmd: "Dr.FioriGinal.Ro ~ Server Clasi<0><><>" slay "KeBu^<322><STEAM_0:0:1430659934><>"
L 04/28/2017 - 18:59:23: [slayafk.amxx] DoNpAkaa a primit slay, deoarece a fost afk mai mult de 30 secunde
L 04/28/2017 - 19:03:48: [slayafk.amxx] RuslaNNN a primit slay, deoarece a fost afk mai mult de 30 secunde
L 04/28/2017 - 19:03:48: [slayafk.amxx] DoNpAkaa a primit slay, deoarece a fost afk mai mult de 30 secunde
L 04/28/2017 - 19:06:28: [slayafk.amxx] CarNaGe a primit slay, deoarece a fost afk mai mult de 30 secunde
L 04/28/2017 - 19:06:39: [admincmd.amxx] Cmd: "Dr.FioriGinal.Ro ~ Server Clasi<0><><>" slay "KeBu^<323><STEAM_0:0:1430659934><>"
L 04/28/2017 - 19:07:18: [slayafk.amxx] DoNpAkaa a primit slay, deoarece a fost afk mai mult de 30 secunde
L 04/28/2017 - 19:10:39: [admincmd.amxx] Cmd: "Dr.FioriGinal.Ro ~ Server Clasi<0><><>" slay "KeBu^<328><STEAM_0:0:1430659934><>"
L 04/28/2017 - 19:15:03: [slayafk.amxx] DoNpAkaa a primit slay, deoarece a fost afk mai mult de 30 secunde
L 04/28/2017 - 19:17:23: [slayafk.amxx] RuslaNNN a primit slay, deoarece a fost afk mai mult de 30 secunde
L 04/28/2017 - 19:17:23: [slayafk.amxx] DoNpAkaa a primit slay, deoarece a fost afk mai mult de 30 secunde
L 04/28/2017 - 19:18:58: [slayafk.amxx] RuslaNNN a primit slay, deoarece a fost afk mai mult de 30 secunde
L 04/28/2017 - 19:18:58: [slayafk.amxx] DoNpAkaa a primit slay, deoarece a fost afk mai mult de 30 secunde
L 04/28/2017 - 19:22:05: [admin.amxx] Login: "tiganu<336><STEAM_0:0:187978272><>" became an admin (account "tiganu") (access "b") (address "79.117.128.134")
L 04/28/2017 - 19:22:06: [admin.amxx] Login: "tiganu<337><STEAM_0:0:187978272><>" became an admin (account "tiganu") (access "b") (address "79.117.128.134")
L 04/28/2017 - 19:23:24: -------- Mapchange to deathrun_pasable --------
L 04/28/2017 - 19:23:25: [AMXX] Failed to open dictionary file: cstrike/addons/amxmodx/data/lang/walkguard.txt
L 04/28/2017 - 19:23:26: [admin.amxx] Login: "DoNpAkaa<313><STEAM_0:0:55531607><>" became an admin (account "DoNpAkaa") (access "b") (address "86.122.201.0")
L 04/28/2017 - 19:23:26: [walkguard.amxx] no zone-file found
L 04/28/2017 - 19:23:29: [admin.amxx] Login: "DoNpAkaa<342><STEAM_0:0:55531607><>" became an admin (account "DoNpAkaa") (access "b") (address "86.122.201.0")
L 04/28/2017 - 19:24:25: [slayafk.amxx] RuslaNNN a primit slay, deoarece a fost afk mai mult de 30 secunde
L 04/28/2017 - 19:28:16: [slayafk.amxx] DoNpAkaa a primit slay, deoarece a fost afk mai mult de 30 secunde
L 04/28/2017 - 19:32:46: [slayafk.amxx] DoNpAkaa a primit slay, deoarece a fost afk mai mult de 30 secunde
L 04/28/2017 - 19:34:17: [admin.amxx] Login: "tiganu<356><STEAM_0:0:187978272><>" became an admin (account "tiganu") (access "b") (address "79.117.128.134")
L 04/28/2017 - 19:34:31: [slayafk.amxx] RuslaNNN a primit slay, deoarece a fost afk mai mult de 30 secunde
L 04/28/2017 - 19:35:25: [slayafk.amxx] DoNpAkaa a primit slay, deoarece a fost afk mai mult de 30 secunde
L 04/28/2017 - 19:46:35: [slayafk.amxx] DoNpAkaa a primit slay, deoarece a fost afk mai mult de 30 secunde
L 04/28/2017 - 19:48:28: [admin.amxx] Login: "tiganu<364><STEAM_0:0:187978272><>" became an admin (account "tiganu") (access "b") (address "79.117.128.134")
L 04/28/2017 - 19:48:39: -------- Mapchange to deathrun_jigsaw2 --------
L 04/28/2017 - 19:48:40: [AMXX] Failed to open dictionary file: cstrike/addons/amxmodx/data/lang/walkguard.txt
L 04/28/2017 - 19:48:41: [walkguard.amxx] no zone-file found
L 04/28/2017 - 19:48:41: [admin.amxx] Login: "tiganu<364><STEAM_0:0:187978272><>" became an admin (account "tiganu") (access "b") (address "79.117.128.134")
L 04/28/2017 - 19:48:41: [admin.amxx] Login: "DoNpAkaa<342><STEAM_0:0:55531607><>" became an admin (account "DoNpAkaa") (access "b") (address "86.122.201.0")
L 04/28/2017 - 19:48:49: [admin.amxx] Login: "DoNpAkaa<365><STEAM_0:0:55531607><>" became an admin (account "DoNpAkaa") (access "b") (address "86.122.201.0")
L 04/28/2017 - 19:49:43: [admin.amxx] Login: "IrreguLar<369><STEAM_0:1:101181073><>" became an admin (account "Irregular") (access "b") (address "79.119.230.36")
L 04/28/2017 - 19:51:31: [slayafk.amxx] DoNpAkaa a primit slay, deoarece a fost afk mai mult de 30 secunde
L 04/28/2017 - 19:52:36: [slayafk.amxx] DoNpAkaa a primit slay, deoarece a fost afk mai mult de 30 secunde
L 04/28/2017 - 19:53:46: [slayafk.amxx] DoNpAkaa a primit slay, deoarece a fost afk mai mult de 30 secunde
L 04/28/2017 - 19:57:49: [admin.amxx] Login: "tiganu<380><STEAM_0:0:187978272><>" became an admin (account "tiganu") (access "b") (address "79.117.128.134")
L 04/28/2017 - 20:00:01: [slayafk.amxx] DoNpAkaa a primit slay, deoarece a fost afk mai mult de 30 secunde
L 04/28/2017 - 20:01:01: [slayafk.amxx] DoNpAkaa a primit slay, deoarece a fost afk mai mult de 30 secunde
L 04/28/2017 - 20:01:06: [admin.amxx] Login: "tiganu<383><STEAM_0:0:187978272><>" became an admin (account "tiganu") (access "b") (address "79.117.128.134")
L 04/28/2017 - 20:01:13: [admincmd.amxx] Cmd: "Dr.FioriGinal.Ro ~ Server Clasi<0><><>" slay "tiganu<383><STEAM_0:0:187978272><>"
L 04/28/2017 - 20:03:07: [slayafk.amxx] DoNpAkaa a primit slay, deoarece a fost afk mai mult de 30 secunde
L 04/28/2017 - 20:04:07: [slayafk.amxx] DoNpAkaa a primit slay, deoarece a fost afk mai mult de 30 secunde
L 04/28/2017 - 20:09:47: [slayafk.amxx] DoNpAkaa a primit slay, deoarece a fost afk mai mult de 30 secunde
L 04/28/2017 - 20:12:08: [admin.amxx] Login: "Asdfq<390><VALVE_0:4:998195306><>" became an admin (account "Asdfq") (access "b") (address "109.98.162.223")
L 04/28/2017 - 20:14:37: [slayafk.amxx] DoNpAkaa a primit slay, deoarece a fost afk mai mult de 30 secunde
L 04/28/2017 - 20:15:11: -------- Mapchange to deathrun_christmas --------
L 04/28/2017 - 20:15:12: [AMXX] Failed to open dictionary file: cstrike/addons/amxmodx/data/lang/walkguard.txt
L 04/28/2017 - 20:15:13: [walkguard.amxx] no zone-file found
L 04/28/2017 - 20:15:13: [admin.amxx] Login: "DoNpAkaa<365><STEAM_0:0:55531607><>" became an admin (account "DoNpAkaa") (access "b") (address "86.122.201.0")
L 04/28/2017 - 20:15:13: [admin.amxx] Login: "tiganu<383><STEAM_0:0:187978272><>" became an admin (account "tiganu") (access "b") (address "79.117.128.134")
L 04/28/2017 - 20:15:14: [admin.amxx] Login: "IrreguLar<369><STEAM_0:1:101181073><>" became an admin (account "Irregular") (access "b") (address "79.119.230.36")
L 04/28/2017 - 20:17:48: [admin.amxx] Login: "tiganu<399><STEAM_0:0:187978272><>" became an admin (account "tiganu") (access "b") (address "79.117.128.134")
L 04/28/2017 - 20:17:54: [admincmd.amxx] Cmd: "Dr.FioriGinal.Ro ~ Server Clasi<0><><>" slay "tiganu<399><STEAM_0:0:187978272><>"
L 04/28/2017 - 20:20:28: [slayafk.amxx] DoNpAkaa a primit slay, deoarece a fost afk mai mult de 30 secunde
L 04/28/2017 - 20:23:53: [slayafk.amxx] DoNpAkaa a primit slay, deoarece a fost afk mai mult de 30 secunde
L 04/28/2017 - 20:28:08: [slayafk.amxx] DoNpAkaa a primit slay, deoarece a fost afk mai mult de 30 secunde
L 04/28/2017 - 20:31:28: [slayafk.amxx] DoNpAkaa a primit slay, deoarece a fost afk mai mult de 30 secunde
L 04/28/2017 - 20:34:48: [slayafk.amxx] DoNpAkaa a primit slay, deoarece a fost afk mai mult de 30 secunde
L 04/28/2017 - 20:35:08: [admin.amxx] Login: "tiganu<412><STEAM_0:0:187978272><>" became an admin (account "tiganu") (access "b") (address "79.117.128.134")
L 04/28/2017 - 20:36:53: [slayafk.amxx] Kent<F.C.B> a primit slay, deoarece a fost afk mai mult de 30 secunde
L 04/28/2017 - 20:37:23: [slayafk.amxx] DoNpAkaa a primit slay, deoarece a fost afk mai mult de 30 secunde
L 04/28/2017 - 20:37:33: [slayafk.amxx] Kent<F.C.B> a primit slay, deoarece a fost afk mai mult de 30 secunde
L 04/28/2017 - 20:38:13: [slayafk.amxx] DoNpAkaa a primit slay, deoarece a fost afk mai mult de 30 secunde
L 04/28/2017 - 20:40:03: [slayafk.amxx] Kent<F.C.B> a primit slay, deoarece a fost afk mai mult de 30 secunde
L 04/28/2017 - 20:40:43: [slayafk.amxx] Kent<F.C.B> a primit slay, deoarece a fost afk mai mult de 30 secunde
L 04/28/2017 - 20:40:46: -------- Mapchange to deathrun_jinglebells2 --------
L 04/28/2017 - 20:40:48: [AMXX] Failed to open dictionary file: cstrike/addons/amxmodx/data/lang/walkguard.txt
L 04/28/2017 - 20:40:49: [admin.amxx] Login: "DoNpAkaa<365><STEAM_0:0:55531607><>" became an admin (account "DoNpAkaa") (access "b") (address "86.122.201.0")
L 04/28/2017 - 20:40:49: [walkguard.amxx] no zone-file found
L 04/28/2017 - 20:41:24: [slayafk.amxx] DoNpAkaa a primit slay, deoarece a fost afk mai mult de 30 secunde
L 04/28/2017 - 20:42:04: [slayafk.amxx] Kent<F.C.B> a primit slay, deoarece a fost afk mai mult de 30 secunde
L 04/28/2017 - 20:42:34: [slayafk.amxx] DoNpAkaa a primit slay, deoarece a fost afk mai mult de 30 secunde
L 04/28/2017 - 20:43:08: [admin.amxx] Login: "tiganu<420><STEAM_0:0:187978272><>" became an admin (account "tiganu") (access "b") (address "79.117.128.134")
L 04/28/2017 - 20:43:14: [slayafk.amxx] Kent<F.C.B> a primit slay, deoarece a fost afk mai mult de 30 secunde
L 04/28/2017 - 20:43:17: [admin.amxx] Login: "tiganu<421><STEAM_0:0:187978272><>" became an admin (account "tiganu") (access "b") (address "79.117.128.134")
L 04/28/2017 - 20:43:23: [admincmd.amxx] Cmd: "Dr.FioriGinal.Ro ~ Server Clasi<0><><>" slay "tiganu<421><STEAM_0:0:187978272><>"
L 04/28/2017 - 20:43:44: [slayafk.amxx] DoNpAkaa a primit slay, deoarece a fost afk mai mult de 30 secunde
L 04/28/2017 - 20:44:24: [slayafk.amxx] Kent<F.C.B> a primit slay, deoarece a fost afk mai mult de 30 secunde
L 04/28/2017 - 20:45:57: [admin.amxx] Login: "tiganu<424><STEAM_0:0:187978272><>" became an admin (account "tiganu") (access "b") (address "79.117.128.134")
L 04/28/2017 - 20:46:03: [admincmd.amxx] Cmd: "Dr.FioriGinal.Ro ~ Server Clasi<0><><>" slay "tiganu<424><STEAM_0:0:187978272><>"
L 04/28/2017 - 20:46:29: [slayafk.amxx] DoNpAkaa a primit slay, deoarece a fost afk mai mult de 30 secunde
L 04/28/2017 - 20:47:04: [slayafk.amxx] Kent<F.C.B> a primit slay, deoarece a fost afk mai mult de 30 secunde
L 04/28/2017 - 20:47:54: [slayafk.amxx] DoNpAkaa a primit slay, deoarece a fost afk mai mult de 30 secunde
L 04/28/2017 - 20:50:47: [admin.amxx] Login: "tiganu<425><STEAM_0:0:187978272><>" became an admin (account "tiganu") (access "b") (address "79.117.128.134")
L 04/28/2017 - 20:54:14: [slayafk.amxx] DoNpAkaa a primit slay, deoarece a fost afk mai mult de 30 secunde
L 04/28/2017 - 20:55:54: [slayafk.amxx] DoNpAkaa a primit slay, deoarece a fost afk mai mult de 30 secunde
L 04/28/2017 - 20:56:59: [slayafk.amxx] DoNpAkaa a primit slay, deoarece a fost afk mai mult de 30 secunde
L 04/28/2017 - 21:06:09: [slayafk.amxx] DoNpAkaa a primit slay, deoarece a fost afk mai mult de 30 secunde
L 04/28/2017 - 21:09:59: [slayafk.amxx] DoNpAkaa a primit slay, deoarece a fost afk mai mult de 30 secunde
L 04/28/2017 - 21:10:59: [slayafk.amxx] DoNpAkaa a primit slay, deoarece a fost afk mai mult de 30 secunde
L 04/28/2017 - 21:11:49: [slayafk.amxx] DoNpAkaa a primit slay, deoarece a fost afk mai mult de 30 secunde
L 04/28/2017 - 21:14:42: [admin.amxx] Login: "Asdfq<434><VALVE_0:4:998195306><>" became an admin (account "Asdfq") (access "b") (address "109.98.162.223")
L 04/28/2017 - 21:15:24: [slayafk.amxx] DoNpAkaa a primit slay, deoarece a fost afk mai mult de 30 secunde
L 04/28/2017 - 21:17:34: [admincmd.amxx] Cmd: "Asdfq<434><VALVE_0:4:998195306><>" slay "Ro.#iNdecEnT<431><STEAM_0:0:58082199><>"
L 04/28/2017 - 21:18:14: [slayafk.amxx] DoNpAkaa a primit slay, deoarece a fost afk mai mult de 30 secunde
L 04/28/2017 - 21:20:34: [slayafk.amxx] DoNpAkaa a primit slay, deoarece a fost afk mai mult de 30 secunde
L 04/28/2017 - 21:30:24: [slayafk.amxx] DoNpAkaa a primit slay, deoarece a fost afk mai mult de 30 secunde
L 04/28/2017 - 21:30:27: -------- Mapchange to deathrun_gb_winter_final4 --------
L 04/28/2017 - 21:30:28: [AMXX] Failed to open dictionary file: cstrike/addons/amxmodx/data/lang/walkguard.txt
L 04/28/2017 - 21:30:29: [walkguard.amxx] no zone-file found
L 04/28/2017 - 21:30:29: [admin.amxx] Login: "DoNpAkaa<365><STEAM_0:0:55531607><>" became an admin (account "DoNpAkaa") (access "b") (address "86.122.201.0")
L 04/28/2017 - 21:31:44: [slayafk.amxx] DoNpAkaa a primit slay, deoarece a fost afk mai mult de 30 secunde
L 04/28/2017 - 21:33:24: [admincmd.amxx] Cmd: "Dr.FioriGinal.Ro ~ Server Clasi<0><><>" slay "Strikes<447><STEAM_0:0:1888356649><>"
L 04/28/2017 - 21:39:05: [admincmd.amxx] Cmd: "Dr.FioriGinal.Ro ~ Server Clasi<0><><>" slay "Kenvelo<451><VALVE_0:4:1338232311><>"
L 04/28/2017 - 21:41:34: [slayafk.amxx] DoNpAkaa a primit slay, deoarece a fost afk mai mult de 30 secunde
L 04/28/2017 - 21:42:48: [admincmd.amxx] Cmd: "Dr.FioriGinal.Ro ~ Server Clasi<0><><>" slay "Strikes<452><STEAM_0:0:1888356649><>"
L 04/28/2017 - 21:46:10: [admincmd.amxx] Cmd: "Dr.FioriGinal.Ro ~ Server Clasi<0><><>" slay "Strikes<453><STEAM_0:0:1888356649><>"
L 04/28/2017 - 21:46:34: [admincmd.amxx] Cmd: "Dr.FioriGinal.Ro ~ Server Clasi<0><><>" slay "Strikes<454><STEAM_0:0:1888356649><>"
L 04/28/2017 - 21:48:49: [admincmd.amxx] Cmd: "Dr.FioriGinal.Ro ~ Server Clasi<0><><>" slay "Strikes<456><STEAM_0:0:1888356649><>"
L 04/28/2017 - 21:49:13: [admincmd.amxx] Cmd: "Dr.FioriGinal.Ro ~ Server Clasi<0><><>" slay "Strikes<457><STEAM_0:0:1888356649><>"
L 04/28/2017 - 21:50:14: [slayafk.amxx] Strikes a primit slay, deoarece a fost afk mai mult de 30 secunde
L 04/28/2017 - 21:50:57: [admincmd.amxx] Cmd: "Dr.FioriGinal.Ro ~ Server Clasi<0><><>" slay "Strikes<458><STEAM_0:0:1888356649><>"
L 04/28/2017 - 21:59:54: [slayafk.amxx] DoNpAkaa a primit slay, deoarece a fost afk mai mult de 30 secunde
L 04/28/2017 - 22:01:54: [slayafk.amxx] DoNpAkaa a primit slay, deoarece a fost afk mai mult de 30 secunde
L 04/28/2017 - 22:24:09: -------- Mapchange to deathrun_expres-winter --------
L 04/28/2017 - 22:24:11: [AMXX] Failed to open dictionary file: cstrike/addons/amxmodx/data/lang/walkguard.txt
L 04/28/2017 - 22:24:12: [walkguard.amxx] no zone-file found
L 04/28/2017 - 22:24:12: [admin.amxx] Login: "DoNpAkaa<365><STEAM_0:0:55531607><>" became an admin (account "DoNpAkaa") (access "b") (address "86.122.201.0")
L 04/28/2017 - 22:25:06: [slayafk.amxx] DoNpAkaa a primit slay, deoarece a fost afk mai mult de 30 secunde
L 04/28/2017 - 22:26:16: [slayafk.amxx] DoNpAkaa a primit slay, deoarece a fost afk mai mult de 30 secunde
L 04/28/2017 - 22:27:51: [slayafk.amxx] DoNpAkaa a primit slay, deoarece a fost afk mai mult de 30 secunde
L 04/28/2017 - 22:29:11: [slayafk.amxx] aka47 a primit slay, deoarece a fost afk mai mult de 30 secunde
L 04/28/2017 - 22:29:11: [slayafk.amxx] DoNpAkaa a primit slay, deoarece a fost afk mai mult de 30 secunde
L 04/28/2017 - 22:30:26: [slayafk.amxx] aka47 a primit slay, deoarece a fost afk mai mult de 30 secunde
L 04/28/2017 - 22:30:26: [slayafk.amxx] DoNpAkaa a primit slay, deoarece a fost afk mai mult de 30 secunde
L 04/28/2017 - 22:31:06: [slayafk.amxx] DoNpAkaa a primit slay, deoarece a fost afk mai mult de 30 secunde
L 04/28/2017 - 22:36:44: [admincmd.amxx] Cmd: "Dr.FioriGinal.Ro ~ Server Clasi<0><><>" slay "Jumper|TryNova22<493><VALVE_0:4:1700003074><>"
L 04/28/2017 - 22:37:16: [slayafk.amxx] DoNpAkaa a primit slay, deoarece a fost afk mai mult de 30 secunde
L 04/28/2017 - 22:39:06: [slayafk.amxx] DoNpAkaa a primit slay, deoarece a fost afk mai mult de 30 secunde
L 04/28/2017 - 22:42:56: [slayafk.amxx] DoNpAkaa a primit slay, deoarece a fost afk mai mult de 30 secunde
L 04/28/2017 - 22:44:41: [slayafk.amxx] DoNpAkaa a primit slay, deoarece a fost afk mai mult de 30 secunde
L 04/28/2017 - 22:46:11: [slayafk.amxx] DoNpAkaa a primit slay, deoarece a fost afk mai mult de 30 secunde
L 04/28/2017 - 22:46:56: [slayafk.amxx] DoNpAkaa a primit slay, deoarece a fost afk mai mult de 30 secunde
L 04/28/2017 - 22:48:31: [slayafk.amxx] DoNpAkaa a primit slay, deoarece a fost afk mai mult de 30 secunde
L 04/28/2017 - 22:50:09: -------- Mapchange to deathrun_alleywinter --------
L 04/28/2017 - 22:50:10: [AMXX] Failed to open dictionary file: cstrike/addons/amxmodx/data/lang/walkguard.txt
L 04/28/2017 - 22:50:12: [walkguard.amxx] no zone-file found
L 04/28/2017 - 22:50:12: [admin.amxx] Login: "DoNpAkaa<365><STEAM_0:0:55531607><>" became an admin (account "DoNpAkaa") (access "b") (address "86.122.201.0")
L 04/28/2017 - 22:51:51: [slayafk.amxx] DoNpAkaa a primit slay, deoarece a fost afk mai mult de 30 secunde
L 04/28/2017 - 22:52:26: [slayafk.amxx] DoNpAkaa a primit slay, deoarece a fost afk mai mult de 30 secunde
L 04/28/2017 - 22:54:06: [slayafk.amxx] DoNpAkaa a primit slay, deoarece a fost afk mai mult de 30 secunde
L 04/28/2017 - 22:55:31: [slayafk.amxx] DoNpAkaa a primit slay, deoarece a fost afk mai mult de 30 secunde
L 04/28/2017 - 22:57:31: [slayafk.amxx] DoNpAkaa a primit slay, deoarece a fost afk mai mult de 30 secunde
L 04/28/2017 - 22:59:16: [slayafk.amxx] DoNpAkaa a primit slay, deoarece a fost afk mai mult de 30 secunde
L 04/28/2017 - 23:01:41: [slayafk.amxx] DoNpAkaa a primit slay, deoarece a fost afk mai mult de 30 secunde
L 04/28/2017 - 23:04:31: [slayafk.amxx] DoNpAkaa a primit slay, deoarece a fost afk mai mult de 30 secunde
L 04/28/2017 - 23:05:36: [slayafk.amxx] DoNpAkaa a primit slay, deoarece a fost afk mai mult de 30 secunde
L 04/28/2017 - 23:06:16: [slayafk.amxx] DoNpAkaa a primit slay, deoarece a fost afk mai mult de 30 secunde
L 04/28/2017 - 23:08:06: [slayafk.amxx] DoNpAkaa a primit slay, deoarece a fost afk mai mult de 30 secunde
L 04/28/2017 - 23:09:01: [slayafk.amxx] DoNpAkaa a primit slay, deoarece a fost afk mai mult de 30 secunde
L 04/28/2017 - 23:10:11: [slayafk.amxx] DoNpAkaa a primit slay, deoarece a fost afk mai mult de 30 secunde
L 04/28/2017 - 23:11:36: [slayafk.amxx] DoNpAkaa a primit slay, deoarece a fost afk mai mult de 30 secunde
L 04/28/2017 - 23:12:36: [slayafk.amxx] DoNpAkaa a primit slay, deoarece a fost afk mai mult de 30 secunde
L 04/28/2017 - 23:15:36: [slayafk.amxx] DoNpAkaa a primit slay, deoarece a fost afk mai mult de 30 secunde
L 04/28/2017 - 23:16:10: -------- Mapchange to deathrun_trenal_lux --------
L 04/28/2017 - 23:16:11: [AMXX] Failed to open dictionary file: cstrike/addons/amxmodx/data/lang/walkguard.txt
L 04/28/2017 - 23:16:12: [walkguard.amxx] no zone-file found
L 04/28/2017 - 23:16:12: [admin.amxx] Login: "DoNpAkaa<365><STEAM_0:0:55531607><>" became an admin (account "DoNpAkaa") (access "b") (address "86.122.201.0")
L 04/28/2017 - 23:17:38: [admincmd.amxx] Cmd: "Dr.FioriGinal.Ro ~ Server Clasi<0><><>" slay "KlaNdEsTiN<548><STEAM_0:1:161408205><>"
L 04/28/2017 - 23:31:34: [admincmd.amxx] Cmd: "Dr.FioriGinal.Ro ~ Server Clasi<0><><>" slay "h1dan<556><STEAM_0:1:124764463><>"
L 04/28/2017 - 23:35:39: [admincmd.amxx] Cmd: "Dr.FioriGinal.Ro ~ Server Clasi<0><><>" slay "ioanitiu<558><VALVE_0:4:1571977054><>"
L 04/28/2017 - 23:35:42: [admincmd.amxx] Cmd: "Dr.FioriGinal.Ro ~ Server Clasi<0><><>" slay "h1dan<560><STEAM_0:1:124764463><>"
L 04/28/2017 - 23:35:43: [admincmd.amxx] Cmd: "Dr.FioriGinal.Ro ~ Server Clasi<0><><>" slay "Shaorma<559><STEAM_0:0:497727529><>"
L 04/28/2017 - 23:37:06: [admincmd.amxx] Cmd: "Dr.FioriGinal.Ro ~ Server Clasi<0><><>" slay "ioanitiu<562><VALVE_0:4:1571977054><>"
L 04/28/2017 - 23:44:34: [admincmd.amxx] Cmd: "Dr.FioriGinal.Ro ~ Server Clasi<0><><>" slay "Shaorma<565><STEAM_0:0:497727529><>"
L 04/28/2017 - 23:47:00: [admincmd.amxx] Cmd: "Dr.FioriGinal.Ro ~ Server Clasi<0><><>" slay "h1dan<568><STEAM_0:1:124764463><>"
L 04/28/2017 - 23:54:10: [admincmd.amxx] Cmd: "Dr.FioriGinal.Ro ~ Server Clasi<0><><>" slay "AleeX3D<571><STEAM_0:0:1158892210><>"
L 04/28/2017 - 23:54:37: [admincmd.amxx] Cmd: "Dr.FioriGinal.Ro ~ Server Clasi<0><><>" slay "h1dan<572><STEAM_0:1:124764463><>"
L 04/28/2017 - 23:56:22: [admincmd.amxx] Cmd: "Dr.FioriGinal.Ro ~ Server Clasi<0><><>" slay "h1dan<575><STEAM_0:1:124764463><>"
