L 06/17/2017 - 00:04:49: [admincmd.amxx] Cmd: "Dr.FioriGinal.Ro ~ Server Clasi<0><><>" slay "rebel<442><STEAM_0:0:69535170><>"
L 06/17/2017 - 00:17:25: [admin.amxx] Login: "tiganu<443><STEAM_0:0:187978272><>" kicked due to invalid password (account "tiganu") (address "79.117.178.160")
L 06/17/2017 - 00:17:56: [admin.amxx] Login: "tiganu<444><STEAM_0:0:187978272><>" kicked due to invalid password (account "tiganu") (address "79.117.178.160")
L 06/17/2017 - 00:18:03: [admin.amxx] Login: "tiganu<445><STEAM_0:0:187978272><>" became an admin (account "tiganu") (access "b") (address "79.117.178.160")
L 06/17/2017 - 00:18:38: -------- Mapchange to deathrun_standup --------
L 06/17/2017 - 00:18:40: [AMXX] Failed to open dictionary file: cstrike/addons/amxmodx/data/lang/walkguard.txt
L 06/17/2017 - 00:18:41: [admin.amxx] Login: "tiganu<445><STEAM_0:0:187978272><>" became an admin (account "tiganu") (access "b") (address "79.117.178.160")
L 06/17/2017 - 00:18:41: [walkguard.amxx] no zone-file found
L 06/17/2017 - 00:33:53: [admin.amxx] Login: "tiganu<450><STEAM_0:0:187978272><>" became an admin (account "tiganu") (access "b") (address "79.117.178.160")
L 06/17/2017 - 00:33:59: [admincmd.amxx] Cmd: "Dr.FioriGinal.Ro ~ Server Clasi<0><><>" slay "tiganu<450><STEAM_0:0:187978272><>"
L 06/17/2017 - 00:45:02: -------- Mapchange to deathrun_sentinel --------
L 06/17/2017 - 00:45:13: -------- Mapchange to deathrun_forest --------
L 06/17/2017 - 00:45:21: [AMXX] Failed to open dictionary file: cstrike/addons/amxmodx/data/lang/walkguard.txt
L 06/17/2017 - 00:45:23: [walkguard.amxx] no zone-file found
L 06/17/2017 - 00:45:32: Invalid multi-lingual line (file "cstrike/addons/amxmodx/data/lang/rom_protect.txt" key "// *ROM-Protect// Plugin OpenSource anti-IsFlooding/bug-fix pentru orice server." lang "")
L 06/17/2017 - 00:45:32: Invalid multi-lingual line (file "cstrike/addons/amxmodx/data/lang/rom_protect.txt" key "// Versiunea : 1.0.4s-dev. Bulid : 98. Data lansarii versiunii : 03.12.2016." lang "")
L 06/17/2017 - 00:45:32: Invalid multi-lingual line (file "cstrike/addons/amxmodx/data/lang/rom_protect.txt" key "// Autor : lüxor # Dr.Fio & DR2.IND (+ eNd.) - SteamID (contact) : luxxxoor" lang "")
L 06/17/2017 - 00:45:32: Invalid multi-lingual line (file "cstrike/addons/amxmodx/data/lang/rom_protect.txt" key "// O productie FioriGinal.ro - site : www.fioriginal.ro" lang "")
L 06/17/2017 - 00:45:32: Invalid multi-lingual line (file "cstrike/addons/amxmodx/data/lang/rom_protect.txt" key "// Link forum de dezvoltare : http://forum.fioriginal.ro/amxmodx-plugins-pluginuri/rom-protect-anti-flood-bug-fix-t28292.html" lang "")
L 06/17/2017 - 00:45:32: Invalid multi-lingual line (file "cstrike/addons/amxmodx/data/lang/rom_protect.txt" key "// Link sursa : https://github.com/luxxxoor/ROM-Protect" lang "")
L 06/17/2017 - 00:45:32: Invalid multi-lingual line (file "cstrike/addons/amxmodx/data/lang/rom_protect.txt" key "// Colori : ^1 - Culoarea aleasa de jucator cu con_color." lang "")
L 06/17/2017 - 00:45:32: Invalid multi-lingual line (file "cstrike/addons/amxmodx/data/lang/rom_protect.txt" key "//          ^3 - Culoare gri." lang "")
L 06/17/2017 - 00:45:32: Invalid multi-lingual line (file "cstrike/addons/amxmodx/data/lang/rom_protect.txt" key "//          ^4 - Culoare verde." lang "")
L 06/17/2017 - 01:01:56: [admincmd.amxx] Cmd: "Dr.FioriGinal.Ro ~ Server Clasi<0><><>" slay "dadsa<11><VALVE_0:4:1791544563><>"
L 06/17/2017 - 01:20:30: -------- Mapchange to deathrun_jinglebells --------
L 06/17/2017 - 01:20:32: [AMXX] Failed to open dictionary file: cstrike/addons/amxmodx/data/lang/walkguard.txt
L 06/17/2017 - 01:20:33: [walkguard.amxx] no zone-file found
L 06/17/2017 - 01:28:20: [admin.amxx] Login: "SWAGGIE. XD<27><STEAM_0:1:120414993><>" became an admin (account "SWAGGIE. XD") (access "b") (address "109.98.131.207")
L 06/17/2017 - 01:37:40: [admin.amxx] Login: "SWAGGIE. XD<37><STEAM_0:1:120414993><>" became an admin (account "SWAGGIE. XD") (access "b") (address "109.98.131.207")
L 06/17/2017 - 01:37:45: [admincmd.amxx] Cmd: "Dr.FioriGinal.Ro ~ Server Clasi<0><><>" slay "effffffffff<36><STEAM_0:1:197712919><>"
L 06/17/2017 - 01:37:46: [admincmd.amxx] Cmd: "Dr.FioriGinal.Ro ~ Server Clasi<0><><>" slay "SWAGGIE. XD<37><STEAM_0:1:120414993><>"
L 06/17/2017 - 01:38:29: [admincmd.amxx] Cmd: "Dr.FioriGinal.Ro ~ Server Clasi<0><><>" slay "effffffffff<38><STEAM_0:1:197712919><>"
L 06/17/2017 - 01:39:19: [admin.amxx] Login: "SWAGGIE. XD<39><STEAM_0:1:120414993><>" became an admin (account "SWAGGIE. XD") (access "b") (address "109.98.131.207")
L 06/17/2017 - 01:40:35: [admincmd.amxx] Cmd: "Dr.FioriGinal.Ro ~ Server Clasi<0><><>" slay "effffffffff<40><STEAM_0:1:197712919><>"
L 06/17/2017 - 01:43:27: [admincmd.amxx] Cmd: "Dr.FioriGinal.Ro ~ Server Clasi<0><><>" slay "effffffffff<42><STEAM_0:1:197712919><>"
L 06/17/2017 - 01:44:47: [admincmd.amxx] Cmd: "Dr.FioriGinal.Ro ~ Server Clasi<0><><>" slay "effffffffff<44><STEAM_0:1:197712919><>"
L 06/17/2017 - 01:52:54: [admincmd.amxx] Cmd: "Dr.FioriGinal.Ro ~ Server Clasi<0><><>" slay "dadsa<46><VALVE_0:4:1791544563><>"
L 06/17/2017 - 01:54:24: [admincmd.amxx] Cmd: "Dr.FioriGinal.Ro ~ Server Clasi<0><><>" slay "dadsa<47><VALVE_0:4:1791544563><>"
L 06/17/2017 - 02:11:18: -------- Mapchange to deathrun_long_run --------
L 06/17/2017 - 02:11:19: [AMXX] Failed to open dictionary file: cstrike/addons/amxmodx/data/lang/walkguard.txt
L 06/17/2017 - 02:11:20: [walkguard.amxx] no zone-file found
L 06/17/2017 - 03:24:41: -------- Mapchange to deathrun_virtualstrike --------
L 06/17/2017 - 03:24:42: [AMXX] Failed to open dictionary file: cstrike/addons/amxmodx/data/lang/walkguard.txt
L 06/17/2017 - 03:24:43: [walkguard.amxx] no zone-file found
L 06/17/2017 - 04:42:56: -------- Mapchange to deathrun_nightrun_beta3 --------
L 06/17/2017 - 04:42:58: [AMXX] Failed to open dictionary file: cstrike/addons/amxmodx/data/lang/walkguard.txt
L 06/17/2017 - 04:42:59: [walkguard.amxx] no zone-file found
L 06/17/2017 - 05:26:27: -------- Mapchange to deathrun_0mega --------
L 06/17/2017 - 05:26:28: [AMXX] Failed to open dictionary file: cstrike/addons/amxmodx/data/lang/walkguard.txt
L 06/17/2017 - 05:26:29: [walkguard.amxx] no zone-file found
L 06/17/2017 - 07:48:35: -------- Mapchange to deathrun_discovery3 --------
L 06/17/2017 - 07:48:36: [AMXX] Failed to open dictionary file: cstrike/addons/amxmodx/data/lang/walkguard.txt
L 06/17/2017 - 07:48:37: [walkguard.amxx] no zone-file found
L 06/17/2017 - 08:41:57: -------- Mapchange to deathrun_adi_blurez --------
L 06/17/2017 - 08:41:59: [AMXX] Failed to open dictionary file: cstrike/addons/amxmodx/data/lang/walkguard.txt
L 06/17/2017 - 08:42:00: [walkguard.amxx] no zone-file found
L 06/17/2017 - 09:51:33: -------- Mapchange to deathrun_2h_estonia --------
L 06/17/2017 - 09:51:35: [AMXX] Failed to open dictionary file: cstrike/addons/amxmodx/data/lang/walkguard.txt
L 06/17/2017 - 09:51:36: [walkguard.amxx] no zone-file found
L 06/17/2017 - 09:56:10: [slayafk.amxx] kel a primit slay, deoarece a fost afk mai mult de 30 secunde
L 06/17/2017 - 10:32:36: -------- Mapchange to deathrun_y_underground --------
L 06/17/2017 - 10:32:38: [AMXX] Failed to open dictionary file: cstrike/addons/amxmodx/data/lang/walkguard.txt
L 06/17/2017 - 10:32:39: [walkguard.amxx] no zone-file found
L 06/17/2017 - 10:59:36: -------- Mapchange to deathrun_privateers --------
L 06/17/2017 - 10:59:37: [AMXX] Failed to open dictionary file: cstrike/addons/amxmodx/data/lang/walkguard.txt
L 06/17/2017 - 10:59:38: [walkguard.amxx] no zone-file found
L 06/17/2017 - 11:02:38: [admincmd.amxx] Cmd: "Dr.FioriGinal.Ro ~ Server Clasi<0><><>" slay "RusiaNN<112><VALVE_0:4:93343479><>"
L 06/17/2017 - 11:30:48: -------- Mapchange to deathrun_rizzy_x --------
L 06/17/2017 - 11:30:50: [AMXX] Failed to open dictionary file: cstrike/addons/amxmodx/data/lang/walkguard.txt
L 06/17/2017 - 11:30:51: [walkguard.amxx] no zone-file found
L 06/17/2017 - 11:42:12: [admincmd.amxx] Cmd: "Dr.FioriGinal.Ro ~ Server Clasi<0><><>" slay "[mr] isam ghaith<124><STEAM_0:0:997819823><>"
L 06/17/2017 - 12:05:09: [admin.amxx] Login: "Scooby1^<129><VALVE_0:4:1589560042><>" became an admin (account "Scooby1^") (access "b") (address "109.103.33.20")
L 06/17/2017 - 12:07:21: -------- Mapchange to deathrun_ghosts --------
L 06/17/2017 - 12:07:22: [AMXX] Failed to open dictionary file: cstrike/addons/amxmodx/data/lang/walkguard.txt
L 06/17/2017 - 12:07:23: [walkguard.amxx] no zone-file found
L 06/17/2017 - 12:07:23: [admin.amxx] Login: "Scooby1^<129><VALVE_0:4:1589560042><>" became an admin (account "Scooby1^") (access "b") (address "109.103.33.20")
L 06/17/2017 - 12:25:43: [admin.amxx] Login: "Stifler<141><STEAM_0:1:22458368><>" became an admin (account "Stifler") (access "b") (address "31.5.145.190")
L 06/17/2017 - 12:25:45: [admin.amxx] Login: "Stifler<142><STEAM_0:1:22458368><>" became an admin (account "Stifler") (access "b") (address "31.5.145.190")
L 06/17/2017 - 12:42:21: -------- Mapchange to deathrun_sk_occult --------
L 06/17/2017 - 12:42:22: [AMXX] Failed to open dictionary file: cstrike/addons/amxmodx/data/lang/walkguard.txt
L 06/17/2017 - 12:42:23: [walkguard.amxx] no zone-file found
L 06/17/2017 - 12:42:38: [admin.amxx] Login: "anca<153><STEAM_0:0:58514266><>" became an admin (account "anca") (access "bit") (address "109.103.126.196")
L 06/17/2017 - 12:43:07: [admin.amxx] Login: "-rTg|maEsTrOo<148><STEAM_0:1:154430568><>" became an admin (account "-rTg|maEsTrOo") (access "bit") (address "89.123.107.42")
L 06/17/2017 - 12:50:03: [adminchat.amxx] Chat: "anca<153><STEAM_0:0:58514266><>" chat "place asta?:D"
L 06/17/2017 - 12:50:07: [admin.amxx] Login: "Stifler<157><STEAM_0:1:22458368><>" became an admin (account "Stifler") (access "b") (address "31.5.145.190")
L 06/17/2017 - 12:50:09: [admin.amxx] Login: "Stifler<158><STEAM_0:1:22458368><>" became an admin (account "Stifler") (access "b") (address "31.5.145.190")
L 06/17/2017 - 12:53:00: [adminchat.amxx] Chat: "-rTg|maEsTrOo<148><STEAM_0:1:154430568><>" chat ":*"
L 06/17/2017 - 13:00:18: [slayafk.amxx] -rTg|maEsTrOo a primit slay, deoarece a fost afk mai mult de 30 secunde
L 06/17/2017 - 13:00:58: [slayafk.amxx] -rTg|maEsTrOo a primit slay, deoarece a fost afk mai mult de 30 secunde
L 06/17/2017 - 13:05:23: [slayafk.amxx] -rTg|maEsTrOo a primit slay, deoarece a fost afk mai mult de 30 secunde
L 06/17/2017 - 13:08:50: [admincmd.amxx] ExtendMap: "anca<153><STEAM_0:0:58514266><>" extended map "deathrun_sk_occult" for 4 minutes.
L 06/17/2017 - 13:13:18: [slayafk.amxx] anca a primit slay, deoarece a fost afk mai mult de 30 secunde
L 06/17/2017 - 13:13:21: -------- Mapchange to deathrun_jigsaw2 --------
L 06/17/2017 - 13:13:22: [AMXX] Failed to open dictionary file: cstrike/addons/amxmodx/data/lang/walkguard.txt
L 06/17/2017 - 13:13:24: [walkguard.amxx] no zone-file found
L 06/17/2017 - 13:13:24: [admin.amxx] Login: "anca<153><STEAM_0:0:58514266><>" became an admin (account "anca") (access "bit") (address "109.103.126.196")
L 06/17/2017 - 13:13:24: [admin.amxx] Login: "-rTg|maEsTrOo<148><STEAM_0:1:154430568><>" became an admin (account "-rTg|maEsTrOo") (access "bit") (address "89.123.107.42")
L 06/17/2017 - 13:14:08: [slayafk.amxx] anca a primit slay, deoarece a fost afk mai mult de 30 secunde
L 06/17/2017 - 13:16:20: [admincmd.amxx] Cmd: "-rTg|maEsTrOo<148><STEAM_0:1:154430568><>" changelevel "deathrun_Adelina"
L 06/17/2017 - 13:16:22: -------- Mapchange to deathrun_Adelina --------
L 06/17/2017 - 13:16:24: [AMXX] Failed to open dictionary file: cstrike/addons/amxmodx/data/lang/walkguard.txt
L 06/17/2017 - 13:16:25: [walkguard.amxx] no zone-file found
L 06/17/2017 - 13:16:25: [admin.amxx] Login: "anca<153><STEAM_0:0:58514266><>" became an admin (account "anca") (access "bit") (address "109.103.126.196")
L 06/17/2017 - 13:16:35: [admin.amxx] Login: "-rTg|maEsTrOo<176><STEAM_0:1:154430568><>" became an admin (account "-rTg|maEsTrOo") (access "bit") (address "89.123.107.42")
L 06/17/2017 - 13:18:40: [admincmd.amxx] Cmd: "-rTg|maEsTrOo<176><STEAM_0:1:154430568><>" changelevel "deathrun_adelina"
L 06/17/2017 - 13:18:42: -------- Mapchange to deathrun_adelina --------
L 06/17/2017 - 13:18:44: [AMXX] Failed to open dictionary file: cstrike/addons/amxmodx/data/lang/walkguard.txt
L 06/17/2017 - 13:18:45: [walkguard.amxx] no zone-file found
L 06/17/2017 - 13:18:45: [admin.amxx] Login: "-rTg|maEsTrOo<176><STEAM_0:1:154430568><>" became an admin (account "-rTg|maEsTrOo") (access "bit") (address "89.123.107.42")
L 06/17/2017 - 13:18:45: [admin.amxx] Login: "anca<153><STEAM_0:0:58514266><>" became an admin (account "anca") (access "bit") (address "109.103.126.196")
L 06/17/2017 - 13:20:39: [slayafk.amxx] anca a primit slay, deoarece a fost afk mai mult de 30 secunde
L 06/17/2017 - 13:20:48: [admin.amxx] Login: "Scooby1^<182><VALVE_0:4:1589560042><>" became an admin (account "Scooby1^") (access "b") (address "109.103.33.20")
L 06/17/2017 - 13:20:51: [admin.amxx] Login: "Scooby1^<183><VALVE_0:4:1589560042><>" became an admin (account "Scooby1^") (access "b") (address "109.103.33.20")
L 06/17/2017 - 13:21:19: [slayafk.amxx] anca a primit slay, deoarece a fost afk mai mult de 30 secunde
L 06/17/2017 - 13:23:09: [slayafk.amxx] anca a primit slay, deoarece a fost afk mai mult de 30 secunde
L 06/17/2017 - 13:24:24: [slayafk.amxx] ConstangeleS a primit slay, deoarece a fost afk mai mult de 30 secunde
L 06/17/2017 - 13:25:04: [slayafk.amxx] anca a primit slay, deoarece a fost afk mai mult de 30 secunde
L 06/17/2017 - 13:25:09: [slayafk.amxx] ConstangeleS a primit slay, deoarece a fost afk mai mult de 30 secunde
L 06/17/2017 - 13:26:39: [slayafk.amxx] anca a primit slay, deoarece a fost afk mai mult de 30 secunde
L 06/17/2017 - 13:28:59: [slayafk.amxx] anca a primit slay, deoarece a fost afk mai mult de 30 secunde
L 06/17/2017 - 13:30:24: [slayafk.amxx] anca a primit slay, deoarece a fost afk mai mult de 30 secunde
L 06/17/2017 - 13:32:59: [slayafk.amxx] anca a primit slay, deoarece a fost afk mai mult de 30 secunde
L 06/17/2017 - 13:33:44: [slayafk.amxx] anca a primit slay, deoarece a fost afk mai mult de 30 secunde
L 06/17/2017 - 13:40:49: [slayafk.amxx] [mr] isam ghaith a primit slay, deoarece a fost afk mai mult de 30 secunde
L 06/17/2017 - 13:42:59: [slayafk.amxx] -rTg|maEsTrOo a primit slay, deoarece a fost afk mai mult de 30 secunde
L 06/17/2017 - 13:43:04: [slayafk.amxx] anca a primit slay, deoarece a fost afk mai mult de 30 secunde
L 06/17/2017 - 13:44:53: -------- Mapchange to deathrun_gb_winter_final4 --------
L 06/17/2017 - 13:44:54: [AMXX] Failed to open dictionary file: cstrike/addons/amxmodx/data/lang/walkguard.txt
L 06/17/2017 - 13:44:55: [walkguard.amxx] no zone-file found
L 06/17/2017 - 13:44:55: [admin.amxx] Login: "anca<153><STEAM_0:0:58514266><>" became an admin (account "anca") (access "bit") (address "109.103.126.196")
L 06/17/2017 - 13:44:55: [admin.amxx] Login: "-rTg|maEsTrOo<176><STEAM_0:1:154430568><>" became an admin (account "-rTg|maEsTrOo") (access "bit") (address "89.123.107.42")
L 06/17/2017 - 13:56:34: [admin.amxx] Login: "tiganu<211><STEAM_0:0:187978272><>" kicked due to invalid password (account "tiganu") (address "79.117.178.160")
L 06/17/2017 - 13:56:43: [admin.amxx] Login: "tiganu<212><STEAM_0:0:187978272><>" kicked due to invalid password (account "tiganu") (address "79.117.178.160")
L 06/17/2017 - 13:57:02: [admin.amxx] Login: "tiganu<213><STEAM_0:0:187978272><>" became an admin (account "tiganu") (access "b") (address "79.117.178.160")
L 06/17/2017 - 13:59:21: [mapsmenu.amxx] Vote: "-rTg|maEsTrOo<176><STEAM_0:1:154430568><>" vote maps (map#1 "deathrun_extrem_surfhop") (map#2 "deathrun_clarion_pch") (map#3 "") (map#4 "")
L 06/17/2017 - 13:59:33: [mapsmenu.amxx] Vote: Voting successful. Map will be changed to deathrun_extrem_surfhop
L 06/17/2017 - 14:10:10: -------- Mapchange to deathrun_extrem_surfhop --------
L 06/17/2017 - 14:10:12: [AMXX] Failed to open dictionary file: cstrike/addons/amxmodx/data/lang/walkguard.txt
L 06/17/2017 - 14:10:12: [admin.amxx] Login: "anca<153><STEAM_0:0:58514266><>" became an admin (account "anca") (access "bit") (address "109.103.126.196")
L 06/17/2017 - 14:10:12: [walkguard.amxx] no zone-file found
L 06/17/2017 - 14:10:13: [admin.amxx] Login: "tiganu<213><STEAM_0:0:187978272><>" became an admin (account "tiganu") (access "b") (address "79.117.178.160")
L 06/17/2017 - 14:10:13: [admin.amxx] Login: "-rTg|maEsTrOo<176><STEAM_0:1:154430568><>" became an admin (account "-rTg|maEsTrOo") (access "bit") (address "89.123.107.42")
L 06/17/2017 - 14:10:15: [admin.amxx] Login: "anca<219><STEAM_0:0:58514266><>" became an admin (account "anca") (access "bit") (address "109.103.126.196")
L 06/17/2017 - 14:10:52: [slayafk.amxx] anca a primit slay, deoarece a fost afk mai mult de 30 secunde
L 06/17/2017 - 14:11:27: [slayafk.amxx] anca a primit slay, deoarece a fost afk mai mult de 30 secunde
L 06/17/2017 - 14:11:37: [slayafk.amxx] tiganu a primit slay, deoarece a fost afk mai mult de 30 secunde
L 06/17/2017 - 14:12:07: [slayafk.amxx] anca a primit slay, deoarece a fost afk mai mult de 30 secunde
L 06/17/2017 - 14:12:12: [slayafk.amxx] tiganu a primit slay, deoarece a fost afk mai mult de 30 secunde
L 06/17/2017 - 14:12:52: [slayafk.amxx] anca a primit slay, deoarece a fost afk mai mult de 30 secunde
L 06/17/2017 - 14:12:52: [slayafk.amxx] tiganu a primit slay, deoarece a fost afk mai mult de 30 secunde
L 06/17/2017 - 14:13:57: [slayafk.amxx] anca a primit slay, deoarece a fost afk mai mult de 30 secunde
L 06/17/2017 - 14:16:32: [slayafk.amxx] anca a primit slay, deoarece a fost afk mai mult de 30 secunde
L 06/17/2017 - 14:20:27: [slayafk.amxx] anca a primit slay, deoarece a fost afk mai mult de 30 secunde
L 06/17/2017 - 14:22:07: [slayafk.amxx] anca a primit slay, deoarece a fost afk mai mult de 30 secunde
L 06/17/2017 - 14:25:37: [slayafk.amxx] anca a primit slay, deoarece a fost afk mai mult de 30 secunde
L 06/17/2017 - 14:26:47: [slayafk.amxx] anca a primit slay, deoarece a fost afk mai mult de 30 secunde
L 06/17/2017 - 14:29:09: [admin.amxx] Login: "wKn<239><STEAM_0:0:196614190><>" became an admin (account "wKn") (access "bit") (address "92.80.83.60")
L 06/17/2017 - 14:29:13: [admin.amxx] Login: "wKn<240><STEAM_0:0:196614190><>" became an admin (account "wKn") (access "bit") (address "92.80.83.60")
L 06/17/2017 - 14:30:27: [slayafk.amxx] GearUP a primit slay, deoarece a fost afk mai mult de 30 secunde
L 06/17/2017 - 14:35:31: -------- Mapchange to deathrun_alleywinter --------
L 06/17/2017 - 14:35:33: [AMXX] Failed to open dictionary file: cstrike/addons/amxmodx/data/lang/walkguard.txt
L 06/17/2017 - 14:35:34: [walkguard.amxx] no zone-file found
L 06/17/2017 - 14:36:18: [slayafk.amxx] GearUP a primit slay, deoarece a fost afk mai mult de 30 secunde
L 06/17/2017 - 14:40:07: [admincmd.amxx] Cmd: "Dr.FioriGinal.Ro ~ Server Clasi<0><><>" slay "GearUP<260><STEAM_0:0:98485760><>"
L 06/17/2017 - 14:57:19: [admin.amxx] Login: "wKn<265><STEAM_0:0:196614190><>" became an admin (account "wKn") (access "bit") (address "92.85.77.245")
L 06/17/2017 - 15:04:27: -------- Mapchange to deathrun_trenal_lux --------
L 06/17/2017 - 15:04:28: [AMXX] Failed to open dictionary file: cstrike/addons/amxmodx/data/lang/walkguard.txt
L 06/17/2017 - 15:04:29: [walkguard.amxx] no zone-file found
L 06/17/2017 - 15:19:40: [admincmd.amxx] Cmd: "Dr.FioriGinal.Ro ~ Server Clasi<0><><>" slay "n1k0N<280><STEAM_0:0:910487252><>"
L 06/17/2017 - 15:22:21: [admincmd.amxx] Cmd: "Dr.FioriGinal.Ro ~ Server Clasi<0><><>" slay "n1k0N<282><STEAM_0:0:910487252><>"
L 06/17/2017 - 15:50:42: -------- Mapchange to deathrun_greyskull --------
L 06/17/2017 - 15:50:43: [AMXX] Failed to open dictionary file: cstrike/addons/amxmodx/data/lang/walkguard.txt
L 06/17/2017 - 15:50:44: [walkguard.amxx] no zone-file found
L 06/17/2017 - 16:01:44: [slayafk.amxx] [mr] isam ghaith a primit slay, deoarece a fost afk mai mult de 30 secunde
L 06/17/2017 - 16:12:59: [slayafk.amxx] Eduard. a primit slay, deoarece a fost afk mai mult de 30 secunde
L 06/17/2017 - 16:13:49: [slayafk.amxx] Eduard. a primit slay, deoarece a fost afk mai mult de 30 secunde
L 06/17/2017 - 16:14:09: [slayafk.amxx] NiKe a primit slay, deoarece a fost afk mai mult de 30 secunde
L 06/17/2017 - 16:14:49: [slayafk.amxx] Eduard. a primit slay, deoarece a fost afk mai mult de 30 secunde
L 06/17/2017 - 16:14:49: [slayafk.amxx] NiKe a primit slay, deoarece a fost afk mai mult de 30 secunde
L 06/17/2017 - 16:15:29: [slayafk.amxx] Eduard. a primit slay, deoarece a fost afk mai mult de 30 secunde
L 06/17/2017 - 16:16:54: [slayafk.amxx] NiKe a primit slay, deoarece a fost afk mai mult de 30 secunde
L 06/17/2017 - 16:26:29: -------- Mapchange to deathrun_stronghold_beta1 --------
L 06/17/2017 - 16:26:30: [AMXX] Failed to open dictionary file: cstrike/addons/amxmodx/data/lang/walkguard.txt
L 06/17/2017 - 16:26:31: [walkguard.amxx] no zone-file found
L 06/17/2017 - 16:30:26: [admincmd.amxx] Cmd: "Dr.FioriGinal.Ro ~ Server Clasi<0><><>" slay "the weeknd<329><VALVE_0:4:580616899><>"
L 06/17/2017 - 16:38:07: [admincmd.amxx] Cmd: "Dr.FioriGinal.Ro ~ Server Clasi<0><><>" slay "sv_cheats 1<334><STEAM_0:1:4175942><>"
L 06/17/2017 - 16:40:54: [admincmd.amxx] Cmd: "Dr.FioriGinal.Ro ~ Server Clasi<0><><>" slay "HoKeR<338><VALVE_0:4:96035063><>"
L 06/17/2017 - 17:14:17: [admincmd.amxx] Cmd: "Dr.FioriGinal.Ro ~ Server Clasi<0><><>" slay "Eazy. 'Zew<349><VALVE_0:4:1463635191><>"
L 06/17/2017 - 17:18:20: [admin.amxx] Login: "NevA.<352><VALVE_0:4:2146322546><>" kicked due to invalid password (account "NevA.") (address "93.114.128.86")
L 06/17/2017 - 17:18:25: [admin.amxx] Login: "NevA.<353><VALVE_0:4:2146322546><>" kicked due to invalid password (account "NevA.") (address "93.114.128.86")
L 06/17/2017 - 17:18:30: [admin.amxx] Login: "NevA.<354><VALVE_0:4:2146322546><>" became an admin (account "NevA.") (access "bit") (address "93.114.128.86")
L 06/17/2017 - 17:22:41: [slayafk.amxx] Eazy. 'Zew a primit slay, deoarece a fost afk mai mult de 30 secunde
L 06/17/2017 - 17:42:10: -------- Mapchange to deathrun_aztecan_beta1 --------
L 06/17/2017 - 17:42:11: [AMXX] Failed to open dictionary file: cstrike/addons/amxmodx/data/lang/walkguard.txt
L 06/17/2017 - 17:42:12: [walkguard.amxx] no zone-file found
L 06/17/2017 - 18:03:37: [slayafk.amxx] CSGOOGLE-RU a primit slay, deoarece a fost afk mai mult de 30 secunde
L 06/17/2017 - 18:06:01: [admincmd.amxx] Cmd: "Dr.FioriGinal.Ro ~ Server Clasi<0><><>" slay "AnduXIK<369><STEAM_0:1:40514827><>"
L 06/17/2017 - 18:06:52: [slayafk.amxx] AnduXIK a primit slay, deoarece a fost afk mai mult de 30 secunde
L 06/17/2017 - 18:07:32: [slayafk.amxx] AnduXIK a primit slay, deoarece a fost afk mai mult de 30 secunde
L 06/17/2017 - 18:08:12: [slayafk.amxx] AnduXIK a primit slay, deoarece a fost afk mai mult de 30 secunde
L 06/17/2017 - 18:08:52: [slayafk.amxx] AnduXIK a primit slay, deoarece a fost afk mai mult de 30 secunde
L 06/17/2017 - 18:09:32: [slayafk.amxx] AnduXIK a primit slay, deoarece a fost afk mai mult de 30 secunde
L 06/17/2017 - 18:14:22: [admincmd.amxx] Cmd: "Dr.FioriGinal.Ro ~ Server Clasi<0><><>" slay ".ryder.<373><VALVE_0:4:1526267><>"
L 06/17/2017 - 18:38:56: -------- Mapchange to deathrun_pyramid --------
L 06/17/2017 - 18:38:57: [AMXX] Failed to open dictionary file: cstrike/addons/amxmodx/data/lang/walkguard.txt
L 06/17/2017 - 18:38:58: [walkguard.amxx] no zone-file found
L 06/17/2017 - 18:49:05: [admincmd.amxx] Cmd: "Dr.FioriGinal.Ro ~ Server Clasi<0><><>" slay "adam_a8<386><STEAM_0:0:1043011619><>"
L 06/17/2017 - 18:50:16: [admincmd.amxx] Cmd: "Dr.FioriGinal.Ro ~ Server Clasi<0><><>" slay "adam_a8<388><STEAM_0:0:1043011619><>"
L 06/17/2017 - 19:06:37: [admin.amxx] Login: "tiganu<393><STEAM_0:0:187978272><>" kicked due to invalid password (account "tiganu") (address "79.117.178.160")
L 06/17/2017 - 19:07:07: [admin.amxx] Login: "tiganu<394><STEAM_0:0:187978272><>" became an admin (account "tiganu") (access "b") (address "79.117.178.160")
L 06/17/2017 - 19:39:57: -------- Mapchange to deathrun_standup --------
L 06/17/2017 - 19:39:58: [AMXX] Failed to open dictionary file: cstrike/addons/amxmodx/data/lang/walkguard.txt
L 06/17/2017 - 19:39:59: [walkguard.amxx] no zone-file found
L 06/17/2017 - 19:48:40: [admin.amxx] Login: "tiganu<414><STEAM_0:0:187978272><>" kicked due to invalid password (account "tiganu") (address "79.117.178.160")
L 06/17/2017 - 19:48:59: [admin.amxx] Login: "tiganu<415><STEAM_0:0:187978272><>" became an admin (account "tiganu") (access "b") (address "79.117.178.160")
L 06/17/2017 - 20:02:29: [admin.amxx] Login: "tiganu<418><STEAM_0:0:187978272><>" became an admin (account "tiganu") (access "b") (address "79.117.178.160")
L 06/17/2017 - 20:02:36: [admincmd.amxx] Cmd: "Dr.FioriGinal.Ro ~ Server Clasi<0><><>" slay "tiganu<418><STEAM_0:0:187978272><>"
L 06/17/2017 - 20:34:42: -------- Mapchange to deathrun_sentinel --------
L 06/17/2017 - 20:34:53: -------- Mapchange to deathrun_forest --------
L 06/17/2017 - 20:35:02: [AMXX] Failed to open dictionary file: cstrike/addons/amxmodx/data/lang/walkguard.txt
L 06/17/2017 - 20:35:04: [walkguard.amxx] no zone-file found
L 06/17/2017 - 20:35:13: Invalid multi-lingual line (file "cstrike/addons/amxmodx/data/lang/rom_protect.txt" key "// *ROM-Protect// Plugin OpenSource anti-IsFlooding/bug-fix pentru orice server." lang "")
L 06/17/2017 - 20:35:13: Invalid multi-lingual line (file "cstrike/addons/amxmodx/data/lang/rom_protect.txt" key "// Versiunea : 1.0.4s-dev. Bulid : 98. Data lansarii versiunii : 03.12.2016." lang "")
L 06/17/2017 - 20:35:13: Invalid multi-lingual line (file "cstrike/addons/amxmodx/data/lang/rom_protect.txt" key "// Autor : lüxor # Dr.Fio & DR2.IND (+ eNd.) - SteamID (contact) : luxxxoor" lang "")
L 06/17/2017 - 20:35:13: Invalid multi-lingual line (file "cstrike/addons/amxmodx/data/lang/rom_protect.txt" key "// O productie FioriGinal.ro - site : www.fioriginal.ro" lang "")
L 06/17/2017 - 20:35:13: Invalid multi-lingual line (file "cstrike/addons/amxmodx/data/lang/rom_protect.txt" key "// Link forum de dezvoltare : http://forum.fioriginal.ro/amxmodx-plugins-pluginuri/rom-protect-anti-flood-bug-fix-t28292.html" lang "")
L 06/17/2017 - 20:35:13: Invalid multi-lingual line (file "cstrike/addons/amxmodx/data/lang/rom_protect.txt" key "// Link sursa : https://github.com/luxxxoor/ROM-Protect" lang "")
L 06/17/2017 - 20:35:13: Invalid multi-lingual line (file "cstrike/addons/amxmodx/data/lang/rom_protect.txt" key "// Colori : ^1 - Culoarea aleasa de jucator cu con_color." lang "")
L 06/17/2017 - 20:35:13: Invalid multi-lingual line (file "cstrike/addons/amxmodx/data/lang/rom_protect.txt" key "//          ^3 - Culoare gri." lang "")
L 06/17/2017 - 20:35:13: Invalid multi-lingual line (file "cstrike/addons/amxmodx/data/lang/rom_protect.txt" key "//          ^4 - Culoare verde." lang "")
L 06/17/2017 - 20:42:59: [admin.amxx] Login: "OreD<11><VALVE_0:4:1997207262><>" became an admin (account "OreD") (access "b") (address "5.15.73.71")
L 06/17/2017 - 20:43:00: [admin.amxx] Login: "OreD<12><VALVE_0:4:1997207262><>" became an admin (account "OreD") (access "b") (address "5.15.73.71")
L 06/17/2017 - 21:17:01: -------- Mapchange to deathrun_jinglebells --------
L 06/17/2017 - 21:17:03: [AMXX] Failed to open dictionary file: cstrike/addons/amxmodx/data/lang/walkguard.txt
L 06/17/2017 - 21:17:04: [walkguard.amxx] no zone-file found
L 06/17/2017 - 21:18:09: [slayafk.amxx] maha a primit slay, deoarece a fost afk mai mult de 30 secunde
L 06/17/2017 - 21:18:49: [slayafk.amxx] maha a primit slay, deoarece a fost afk mai mult de 30 secunde
L 06/17/2017 - 21:47:58: -------- Mapchange to deathrun_long_run --------
L 06/17/2017 - 21:48:00: [AMXX] Failed to open dictionary file: cstrike/addons/amxmodx/data/lang/walkguard.txt
L 06/17/2017 - 21:48:00: [walkguard.amxx] no zone-file found
L 06/17/2017 - 21:59:29: [admincmd.amxx] Cmd: "Dr.FioriGinal.Ro ~ Server Clasi<0><><>" slay "GS G-Star 3001 RAW<39><STEAM_0:0:1125805092><>"
L 06/17/2017 - 22:06:27: [admincmd.amxx] Cmd: "Dr.FioriGinal.Ro ~ Server Clasi<0><><>" slay "maha<47><VALVE_0:4:1211469128><>"
L 06/17/2017 - 22:28:10: -------- Mapchange to deathrun_virtualstrike --------
L 06/17/2017 - 22:28:11: [AMXX] Failed to open dictionary file: cstrike/addons/amxmodx/data/lang/walkguard.txt
L 06/17/2017 - 22:28:12: [walkguard.amxx] no zone-file found
L 06/17/2017 - 22:39:02: [slayafk.amxx] maha a primit slay, deoarece a fost afk mai mult de 30 secunde
L 06/17/2017 - 22:44:09: [admincmd.amxx] Cmd: "Dr.FioriGinal.Ro ~ Server Clasi<0><><>" slay "maha<62><VALVE_0:4:1211469128><>"
L 06/17/2017 - 22:49:57: [slayafk.amxx] maha a primit slay, deoarece a fost afk mai mult de 30 secunde
L 06/17/2017 - 22:50:37: [slayafk.amxx] maha a primit slay, deoarece a fost afk mai mult de 30 secunde
L 06/17/2017 - 22:51:17: [slayafk.amxx] maha a primit slay, deoarece a fost afk mai mult de 30 secunde
L 06/17/2017 - 22:51:57: [slayafk.amxx] maha a primit slay, deoarece a fost afk mai mult de 30 secunde
L 06/17/2017 - 22:52:37: [slayafk.amxx] maha a primit slay, deoarece a fost afk mai mult de 30 secunde
L 06/17/2017 - 22:53:17: [slayafk.amxx] maha a primit slay, deoarece a fost afk mai mult de 30 secunde
L 06/17/2017 - 22:53:57: [slayafk.amxx] maha a primit slay, deoarece a fost afk mai mult de 30 secunde
L 06/17/2017 - 22:54:37: [slayafk.amxx] maha a primit slay, deoarece a fost afk mai mult de 30 secunde
L 06/17/2017 - 22:55:17: [slayafk.amxx] maha a primit slay, deoarece a fost afk mai mult de 30 secunde
L 06/17/2017 - 22:55:57: [slayafk.amxx] maha a primit slay, deoarece a fost afk mai mult de 30 secunde
L 06/17/2017 - 22:56:37: [slayafk.amxx] maha a primit slay, deoarece a fost afk mai mult de 30 secunde
L 06/17/2017 - 22:57:17: [slayafk.amxx] maha a primit slay, deoarece a fost afk mai mult de 30 secunde
L 06/17/2017 - 22:58:27: [slayafk.amxx] maha a primit slay, deoarece a fost afk mai mult de 30 secunde
L 06/17/2017 - 22:59:47: [slayafk.amxx] maha a primit slay, deoarece a fost afk mai mult de 30 secunde
L 06/17/2017 - 22:59:56: [admin.amxx] Login: "SWAGGIE. XD<65><STEAM_0:1:120414993><>" became an admin (account "SWAGGIE. XD") (access "b") (address "109.98.131.207")
L 06/17/2017 - 23:01:02: [slayafk.amxx] maha a primit slay, deoarece a fost afk mai mult de 30 secunde
L 06/17/2017 - 23:06:07: [slayafk.amxx] maha a primit slay, deoarece a fost afk mai mult de 30 secunde
L 06/17/2017 - 23:06:57: [slayafk.amxx] maha a primit slay, deoarece a fost afk mai mult de 30 secunde
L 06/17/2017 - 23:15:02: [admincmd.amxx] Cmd: "Dr.FioriGinal.Ro ~ Server Clasi<0><><>" slay "maha<70><VALVE_0:4:1211469128><>"
L 06/17/2017 - 23:16:02: [slayafk.amxx] maha a primit slay, deoarece a fost afk mai mult de 30 secunde
L 06/17/2017 - 23:19:01: [admincmd.amxx] Cmd: "Dr.FioriGinal.Ro ~ Server Clasi<0><><>" slay "Loading.<73><VALVE_0:4:1355727722><>"
L 06/17/2017 - 23:52:03: -------- Mapchange to deathrun_nightrun_beta3 --------
L 06/17/2017 - 23:52:04: [AMXX] Failed to open dictionary file: cstrike/addons/amxmodx/data/lang/walkguard.txt
L 06/17/2017 - 23:52:05: [walkguard.amxx] no zone-file found
