L 04/23/2017 - 00:07:26: [slayafk.amxx] IrreguLar a primit slay, deoarece a fost afk mai mult de 30 secunde
L 04/23/2017 - 00:18:19: -------- Mapchange to deathrun_aztecan_beta1 --------
L 04/23/2017 - 00:18:21: [AMXX] Failed to open dictionary file: cstrike/addons/amxmodx/data/lang/walkguard.txt
L 04/23/2017 - 00:18:22: [walkguard.amxx] no zone-file found
L 04/23/2017 - 00:21:19: [admincmd.amxx] Cmd: "Dr.FioriGinal.Ro ~ Server Clasi<0><><>" slay "Polonia<804><VALVE_0:4:156805388><>"
L 04/23/2017 - 00:23:53: [admincmd.amxx] Cmd: "Dr.FioriGinal.Ro ~ Server Clasi<0><><>" slay "Polonia<810><VALVE_0:4:156805388><>"
L 04/23/2017 - 00:37:56: [slayafk.amxx] frank4S a primit slay, deoarece a fost afk mai mult de 30 secunde
L 04/23/2017 - 00:41:56: [slayafk.amxx] frank4S a primit slay, deoarece a fost afk mai mult de 30 secunde
L 04/23/2017 - 00:49:36: [slayafk.amxx] frank4S a primit slay, deoarece a fost afk mai mult de 30 secunde
L 04/23/2017 - 00:50:57: -------- Mapchange to deathrun_pyramid --------
L 04/23/2017 - 00:50:58: [AMXX] Failed to open dictionary file: cstrike/addons/amxmodx/data/lang/walkguard.txt
L 04/23/2017 - 00:50:59: [walkguard.amxx] no zone-file found
L 04/23/2017 - 00:56:13: [admincmd.amxx] Cmd: "Dr.FioriGinal.Ro ~ Server Clasi<0><><>" slay "fecior<838><VALVE_0:4:573662960><>"
L 04/23/2017 - 00:56:26: [admincmd.amxx] Cmd: "Dr.FioriGinal.Ro ~ Server Clasi<0><><>" slay "FLVXSOW;[<839><STEAM_0:0:77647261><>"
L 04/23/2017 - 01:00:05: [admin.amxx] Login: "SWAGGIE. XD<841><VALVE_0:4:862961770><>" became an admin (account "SWAGGIE. XD") (access "b") (address "109.98.131.207")
L 04/23/2017 - 01:00:07: [admin.amxx] Login: "SWAGGIE. XD<842><VALVE_0:4:862961770><>" became an admin (account "SWAGGIE. XD") (access "b") (address "109.98.131.207")
L 04/23/2017 - 01:03:20: [adminchat.amxx] Chat: "FLVXSOW;[<839><STEAM_0:0:77647261><>" chat " sa ma pis"
L 04/23/2017 - 01:03:26: [adminchat.amxx] Chat: "FLVXSOW;[<839><STEAM_0:0:77647261><>" chat " ma pis pe mortii ma-sii"
L 04/23/2017 - 01:03:29: [adminchat.amxx] Chat: "FLVXSOW;[<839><STEAM_0:0:77647261><>" chat " de prost"
L 04/23/2017 - 01:03:52: [adminchat.amxx] Chat: "Melkrom<835><VALVE_0:4:1368244714><>" chat "ce distrus mai esti, ii spui de advertisment cand injura ca ultimu latrau"
L 04/23/2017 - 01:06:02: [adminchat.amxx] Chat: "FLVXSOW;[<839><STEAM_0:0:77647261><>" chat " zi ba sa taca futui dumnezau ma-sii sa-i fut azi "
L 04/23/2017 - 01:06:17: [adminchat.amxx] Chat: "FLVXSOW;[<839><STEAM_0:0:77647261><>" chat " asa"
L 04/23/2017 - 01:07:51: [adminchat.amxx] Chat: "SWAGGIE. XD<842><VALVE_0:4:862961770><>" psay "FLVXSOW;[<839><STEAM_0:0:77647261><>" "lasa-l ma in pace in puiii mei nu mai injura.."
L 04/23/2017 - 01:10:59: [adminchat.amxx] Chat: "FLVXSOW;[<839><STEAM_0:0:77647261><>" chat " esti naspa coaie..."
L 04/23/2017 - 01:15:38: [mapsmenu.amxx] Vote: "SWAGGIE. XD<842><VALVE_0:4:862961770><>" vote maps (map#1 "deathrun_forest") (map#2 "deathrun_jinglebells") (map#3 "") (map#4 "")
L 04/23/2017 - 01:15:50: [mapsmenu.amxx] Vote: Voting successful. Map will be changed to deathrun_jinglebells
L 04/23/2017 - 01:19:03: [slayafk.amxx] COCO a primit slay, deoarece a fost afk mai mult de 30 secunde
L 04/23/2017 - 01:19:07: -------- Mapchange to deathrun_jinglebells --------
L 04/23/2017 - 01:19:08: [AMXX] Failed to open dictionary file: cstrike/addons/amxmodx/data/lang/walkguard.txt
L 04/23/2017 - 01:19:09: [walkguard.amxx] no zone-file found
L 04/23/2017 - 01:21:14: [slayafk.amxx] I feel good. <3 a primit slay, deoarece a fost afk mai mult de 30 secunde
L 04/23/2017 - 01:21:49: [slayafk.amxx] I feel good. <3 a primit slay, deoarece a fost afk mai mult de 30 secunde
L 04/23/2017 - 01:22:29: [slayafk.amxx] DoZe a primit slay, deoarece a fost afk mai mult de 30 secunde
L 04/23/2017 - 01:23:54: [slayafk.amxx] I feel good. <3 a primit slay, deoarece a fost afk mai mult de 30 secunde
L 04/23/2017 - 01:25:14: [slayafk.amxx] DoZe a primit slay, deoarece a fost afk mai mult de 30 secunde
L 04/23/2017 - 01:27:04: [slayafk.amxx] DoZe a primit slay, deoarece a fost afk mai mult de 30 secunde
L 04/23/2017 - 01:28:49: [slayafk.amxx] DoZe a primit slay, deoarece a fost afk mai mult de 30 secunde
L 04/23/2017 - 01:33:34: [slayafk.amxx] DoZe a primit slay, deoarece a fost afk mai mult de 30 secunde
L 04/23/2017 - 01:34:49: [slayafk.amxx] DoZe a primit slay, deoarece a fost afk mai mult de 30 secunde
L 04/23/2017 - 01:35:29: [slayafk.amxx] frame9 a primit slay, deoarece a fost afk mai mult de 30 secunde
L 04/23/2017 - 01:35:34: [slayafk.amxx] DoZe a primit slay, deoarece a fost afk mai mult de 30 secunde
L 04/23/2017 - 01:38:09: [slayafk.amxx] frame9 a primit slay, deoarece a fost afk mai mult de 30 secunde
L 04/23/2017 - 01:40:24: [slayafk.amxx] DoZe a primit slay, deoarece a fost afk mai mult de 30 secunde
L 04/23/2017 - 01:40:34: [slayafk.amxx] frame9 a primit slay, deoarece a fost afk mai mult de 30 secunde
L 04/23/2017 - 01:43:09: [slayafk.amxx] DoZe a primit slay, deoarece a fost afk mai mult de 30 secunde
L 04/23/2017 - 01:43:14: [slayafk.amxx] frame9 a primit slay, deoarece a fost afk mai mult de 30 secunde
L 04/23/2017 - 01:43:54: [slayafk.amxx] DoZe a primit slay, deoarece a fost afk mai mult de 30 secunde
L 04/23/2017 - 01:44:19: -------- Mapchange to deathrun_sentinel --------
L 04/23/2017 - 01:44:30: -------- Mapchange to deathrun_forest --------
L 04/23/2017 - 01:44:36: [AMXX] Failed to open dictionary file: cstrike/addons/amxmodx/data/lang/walkguard.txt
L 04/23/2017 - 01:44:38: [walkguard.amxx] no zone-file found
L 04/23/2017 - 01:44:47: Invalid multi-lingual line (file "cstrike/addons/amxmodx/data/lang/rom_protect.txt" key "// *ROM-Protect// Plugin OpenSource anti-IsFlooding/bug-fix pentru orice server." lang "")
L 04/23/2017 - 01:44:47: Invalid multi-lingual line (file "cstrike/addons/amxmodx/data/lang/rom_protect.txt" key "// Versiunea : 1.0.4s-dev. Bulid : 98. Data lansarii versiunii : 03.12.2016." lang "")
L 04/23/2017 - 01:44:47: Invalid multi-lingual line (file "cstrike/addons/amxmodx/data/lang/rom_protect.txt" key "// Autor : lüxor # Dr.Fio & DR2.IND (+ eNd.) - SteamID (contact) : luxxxoor" lang "")
L 04/23/2017 - 01:44:47: Invalid multi-lingual line (file "cstrike/addons/amxmodx/data/lang/rom_protect.txt" key "// O productie FioriGinal.ro - site : www.fioriginal.ro" lang "")
L 04/23/2017 - 01:44:47: Invalid multi-lingual line (file "cstrike/addons/amxmodx/data/lang/rom_protect.txt" key "// Link forum de dezvoltare : http://forum.fioriginal.ro/amxmodx-plugins-pluginuri/rom-protect-anti-flood-bug-fix-t28292.html" lang "")
L 04/23/2017 - 01:44:47: Invalid multi-lingual line (file "cstrike/addons/amxmodx/data/lang/rom_protect.txt" key "// Link sursa : https://github.com/luxxxoor/ROM-Protect" lang "")
L 04/23/2017 - 01:44:47: Invalid multi-lingual line (file "cstrike/addons/amxmodx/data/lang/rom_protect.txt" key "// Colori : ^1 - Culoarea aleasa de jucator cu con_color." lang "")
L 04/23/2017 - 01:44:47: Invalid multi-lingual line (file "cstrike/addons/amxmodx/data/lang/rom_protect.txt" key "//          ^3 - Culoare gri." lang "")
L 04/23/2017 - 01:44:47: Invalid multi-lingual line (file "cstrike/addons/amxmodx/data/lang/rom_protect.txt" key "//          ^4 - Culoare verde." lang "")
L 04/23/2017 - 01:45:48: [admincmd.amxx] Cmd: "Dr.FioriGinal.Ro ~ Server Clasi<0><><>" slay "-Eq- George<7><VALVE_0:4:550790896><>"
L 04/23/2017 - 01:51:53: [slayafk.amxx] DoZe a primit slay, deoarece a fost afk mai mult de 30 secunde
L 04/23/2017 - 02:13:50: [admin.amxx] Login: "SWAGGIE. XD<17><VALVE_0:4:862961770><>" became an admin (account "SWAGGIE. XD") (access "b") (address "109.98.131.207")
L 04/23/2017 - 02:14:54: [mapsmenu.amxx] Vote: "SWAGGIE. XD<17><VALVE_0:4:862961770><>" vote maps (map#1 "deathrun_gb_winter_final4") (map#2 "deathrun_crazyhop_v1") (map#3 "") (map#4 "")
L 04/23/2017 - 02:15:06: [mapsmenu.amxx] Vote: Voting successful. Map will be changed to deathrun_gb_winter_final4
L 04/23/2017 - 02:16:46: -------- Mapchange to deathrun_gb_winter_final4 --------
L 04/23/2017 - 02:16:48: [AMXX] Failed to open dictionary file: cstrike/addons/amxmodx/data/lang/walkguard.txt
L 04/23/2017 - 02:16:49: [walkguard.amxx] no zone-file found
L 04/23/2017 - 02:16:49: [admin.amxx] Login: "SWAGGIE. XD<17><VALVE_0:4:862961770><>" became an admin (account "SWAGGIE. XD") (access "b") (address "109.98.131.207")
L 04/23/2017 - 02:31:18: [adminchat.amxx] Chat: "FLVXSOW;[<16><STEAM_0:0:77647261><>" chat " a intrat"
L 04/23/2017 - 02:31:55: [plmenu.amxx] Cmd: "SWAGGIE. XD<17><VALVE_0:4:862961770><>" transfer "SWAGGIE. XD<17><VALVE_0:4:862961770><>" (team "SPECTATOR")
L 04/23/2017 - 02:32:17: [adminchat.amxx] Chat: "FLVXSOW;[<16><STEAM_0:0:77647261><>" chat " ai vazut ?"
L 04/23/2017 - 02:32:22: [adminchat.amxx] Chat: "FLVXSOW;[<16><STEAM_0:0:77647261><>" chat " ia uite :))"
L 04/23/2017 - 02:32:33: [adminchat.amxx] Chat: "FLVXSOW;[<16><STEAM_0:0:77647261><>" chat " are slow la 60 fps :))"
L 04/23/2017 - 02:32:42: [adminchat.amxx] Chat: "FLVXSOW;[<16><STEAM_0:0:77647261><>" chat " de ce ?"
L 04/23/2017 - 02:32:56: [adminchat.amxx] Chat: "FLVXSOW;[<16><STEAM_0:0:77647261><>" chat " da-i banip"
L 04/23/2017 - 02:33:15: [adminchat.amxx] Chat: "FLVXSOW;[<16><STEAM_0:0:77647261><>" chat "amx_banip si numele "
L 04/23/2017 - 02:33:20: [adminchat.amxx] Chat: "FLVXSOW;[<16><STEAM_0:0:77647261><>" chat " ba da"
L 04/23/2017 - 02:33:41: [adminchat.amxx] Chat: "FLVXSOW;[<16><STEAM_0:0:77647261><>" chat " scrii !showfps in chat"
L 04/23/2017 - 02:33:51: [adminchat.amxx] Chat: "FLVXSOW;[<16><STEAM_0:0:77647261><>" chat "amx_showip"
L 04/23/2017 - 02:33:56: [adminchat.amxx] Chat: "FLVXSOW;[<16><STEAM_0:0:77647261><>" chat " sau steam id e amx_status"
L 04/23/2017 - 02:35:33: [admin.amxx] Login: "SWAGGIE. XD<35><VALVE_0:4:862961770><>" became an admin (account "SWAGGIE. XD") (access "b") (address "109.98.131.207")
L 04/23/2017 - 02:36:41: [mapsmenu.amxx] Vote: "SWAGGIE. XD<35><VALVE_0:4:862961770><>" vote maps (map#1 "deathrun_supra") (map#2 "deathrun_laikiux_rawr") (map#3 "") (map#4 "")
L 04/23/2017 - 02:36:53: [mapsmenu.amxx] Vote: Voting successful. Map will be changed to deathrun_laikiux_rawr
L 04/23/2017 - 02:42:28: -------- Mapchange to deathrun_laikiux_rawr --------
L 04/23/2017 - 02:42:29: [AMXX] Failed to open dictionary file: cstrike/addons/amxmodx/data/lang/walkguard.txt
L 04/23/2017 - 02:42:30: [walkguard.amxx] no zone-file found
L 04/23/2017 - 02:42:31: [admin.amxx] Login: "SWAGGIE. XD<35><VALVE_0:4:862961770><>" became an admin (account "SWAGGIE. XD") (access "b") (address "109.98.131.207")
L 04/23/2017 - 02:42:32: [admin.amxx] Login: "SWAGGIE. XD<37><VALVE_0:4:862961770><>" became an admin (account "SWAGGIE. XD") (access "b") (address "109.98.131.207")
L 04/23/2017 - 03:20:09: -------- Mapchange to deathrun_virtualstrike --------
L 04/23/2017 - 03:20:11: [AMXX] Failed to open dictionary file: cstrike/addons/amxmodx/data/lang/walkguard.txt
L 04/23/2017 - 03:20:12: [walkguard.amxx] no zone-file found
L 04/23/2017 - 03:25:56: [admincmd.amxx] Cmd: "Dr.FioriGinal.Ro ~ Server Clasi<0><><>" slay "PyThOn<56><STEAM_0:0:26755099><>"
L 04/23/2017 - 03:27:06: [slayafk.amxx] NeO- a primit slay, deoarece a fost afk mai mult de 30 secunde
L 04/23/2017 - 03:28:01: [slayafk.amxx] NeO- a primit slay, deoarece a fost afk mai mult de 30 secunde
L 04/23/2017 - 03:29:41: [slayafk.amxx] NeO- a primit slay, deoarece a fost afk mai mult de 30 secunde
L 04/23/2017 - 03:30:46: [slayafk.amxx] NeO- a primit slay, deoarece a fost afk mai mult de 30 secunde
L 04/23/2017 - 03:32:56: [slayafk.amxx] NeO- a primit slay, deoarece a fost afk mai mult de 30 secunde
L 04/23/2017 - 03:35:06: [slayafk.amxx] NeO- a primit slay, deoarece a fost afk mai mult de 30 secunde
L 04/23/2017 - 03:36:16: [slayafk.amxx] NeO- a primit slay, deoarece a fost afk mai mult de 30 secunde
L 04/23/2017 - 03:38:20: [slayafk.amxx] NeO- a primit slay, deoarece a fost afk mai mult de 30 secunde
L 04/23/2017 - 03:39:40: [slayafk.amxx] NeO- a primit slay, deoarece a fost afk mai mult de 30 secunde
L 04/23/2017 - 03:41:47: [admincmd.amxx] Cmd: "Dr.FioriGinal.Ro ~ Server Clasi<0><><>" slay "PyThOn<57><STEAM_0:0:26755099><>"
L 04/23/2017 - 03:44:09: [admincmd.amxx] Cmd: "Dr.FioriGinal.Ro ~ Server Clasi<0><><>" slay "PyThOn<59><STEAM_0:0:26755099><>"
L 04/23/2017 - 03:48:49: [admincmd.amxx] Cmd: "Dr.FioriGinal.Ro ~ Server Clasi<0><><>" slay "PyThOn<61><STEAM_0:0:26755099><>"
L 04/23/2017 - 03:53:17: -------- Mapchange to deathrun_nightrun_beta3 --------
L 04/23/2017 - 03:53:19: [AMXX] Failed to open dictionary file: cstrike/addons/amxmodx/data/lang/walkguard.txt
L 04/23/2017 - 03:53:20: [walkguard.amxx] no zone-file found
L 04/23/2017 - 05:18:12: -------- Mapchange to deathrun_0mega --------
L 04/23/2017 - 05:18:14: [AMXX] Failed to open dictionary file: cstrike/addons/amxmodx/data/lang/walkguard.txt
L 04/23/2017 - 05:18:15: [walkguard.amxx] no zone-file found
L 04/23/2017 - 06:12:48: -------- Mapchange to deathrun_discovery3 --------
L 04/23/2017 - 06:12:49: [AMXX] Failed to open dictionary file: cstrike/addons/amxmodx/data/lang/walkguard.txt
L 04/23/2017 - 06:12:50: [walkguard.amxx] no zone-file found
L 04/23/2017 - 06:18:15: [slayafk.amxx] syntynyt a primit slay, deoarece a fost afk mai mult de 30 secunde
L 04/23/2017 - 06:19:05: [slayafk.amxx] syntynyt a primit slay, deoarece a fost afk mai mult de 30 secunde
L 04/23/2017 - 06:19:45: [slayafk.amxx] syntynyt a primit slay, deoarece a fost afk mai mult de 30 secunde
L 04/23/2017 - 06:20:25: [slayafk.amxx] syntynyt a primit slay, deoarece a fost afk mai mult de 30 secunde
L 04/23/2017 - 06:32:23: [admincmd.amxx] Cmd: "Dr.FioriGinal.Ro ~ Server Clasi<0><><>" slay "syntynyt<76><STEAM_0:0:15949717><>"
L 04/23/2017 - 06:35:48: [admincmd.amxx] Cmd: "Dr.FioriGinal.Ro ~ Server Clasi<0><><>" slay "syntynyt<78><STEAM_0:0:15949717><>"
L 04/23/2017 - 06:38:10: -------- Mapchange to deathrun_adi_blurez --------
L 04/23/2017 - 06:38:11: [AMXX] Failed to open dictionary file: cstrike/addons/amxmodx/data/lang/walkguard.txt
L 04/23/2017 - 06:38:12: [walkguard.amxx] no zone-file found
L 04/23/2017 - 07:58:20: -------- Mapchange to deathrun_2h_estonia --------
L 04/23/2017 - 07:58:21: [AMXX] Failed to open dictionary file: cstrike/addons/amxmodx/data/lang/walkguard.txt
L 04/23/2017 - 07:58:22: [walkguard.amxx] no zone-file found
L 04/23/2017 - 08:45:37: -------- Mapchange to deathrun_y_underground --------
L 04/23/2017 - 08:45:39: [AMXX] Failed to open dictionary file: cstrike/addons/amxmodx/data/lang/walkguard.txt
L 04/23/2017 - 08:45:39: [walkguard.amxx] no zone-file found
L 04/23/2017 - 09:06:54: [slayafk.amxx] love a primit slay, deoarece a fost afk mai mult de 30 secunde
L 04/23/2017 - 09:10:19: [slayafk.amxx] nVidia E9 Gamer a primit slay, deoarece a fost afk mai mult de 30 secunde
L 04/23/2017 - 09:46:33: -------- Mapchange to deathrun_privateers --------
L 04/23/2017 - 09:46:34: [AMXX] Failed to open dictionary file: cstrike/addons/amxmodx/data/lang/walkguard.txt
L 04/23/2017 - 09:46:35: [walkguard.amxx] no zone-file found
L 04/23/2017 - 10:14:41: -------- Mapchange to deathrun_rizzy_x --------
L 04/23/2017 - 10:14:42: [AMXX] Failed to open dictionary file: cstrike/addons/amxmodx/data/lang/walkguard.txt
L 04/23/2017 - 10:14:43: [walkguard.amxx] no zone-file found
L 04/23/2017 - 10:40:21: -------- Mapchange to deathrun_ghosts --------
L 04/23/2017 - 10:40:22: [AMXX] Failed to open dictionary file: cstrike/addons/amxmodx/data/lang/walkguard.txt
L 04/23/2017 - 10:40:23: [walkguard.amxx] no zone-file found
L 04/23/2017 - 10:41:29: [admincmd.amxx] Cmd: "Dr.FioriGinal.Ro ~ Server Clasi<0><><>" slay "DreaM ****<122><VALVE_0:4:1695568900><>"
L 04/23/2017 - 11:07:08: [admincmd.amxx] Cmd: "Dr.FioriGinal.Ro ~ Server Clasi<0><><>" slay "booo<132><VALVE_0:4:1924654704><>"
L 04/23/2017 - 11:13:39: -------- Mapchange to deathrun_sk_occult --------
L 04/23/2017 - 11:13:40: [AMXX] Failed to open dictionary file: cstrike/addons/amxmodx/data/lang/walkguard.txt
L 04/23/2017 - 11:13:41: [walkguard.amxx] no zone-file found
L 04/23/2017 - 11:42:39: [admincmd.amxx] Cmd: "Dr.FioriGinal.Ro ~ Server Clasi<0><><>" slay "DreaM ****<150><VALVE_0:4:1695568900><>"
L 04/23/2017 - 12:08:40: -------- Mapchange to deathrun_pasable --------
L 04/23/2017 - 12:08:41: [AMXX] Failed to open dictionary file: cstrike/addons/amxmodx/data/lang/walkguard.txt
L 04/23/2017 - 12:08:42: [walkguard.amxx] no zone-file found
L 04/23/2017 - 12:09:10: [admincmd.amxx] Cmd: "Dr.FioriGinal.Ro ~ Server Clasi<0><><>" slay "n1k0N<160><STEAM_0:0:910487252><>"
L 04/23/2017 - 12:14:01: [slayafk.amxx] flk6u a primit slay, deoarece a fost afk mai mult de 30 secunde
L 04/23/2017 - 12:16:27: [admin.amxx] Login: "NebunieX<167><STEAM_0:0:53596872><>" became an admin (account "Nebuniex") (access "bit") (address "176.223.8.59")
L 04/23/2017 - 12:16:32: [admin.amxx] Login: "NebunieX<168><STEAM_0:0:53596872><>" became an admin (account "Nebuniex") (access "bit") (address "176.223.8.59")
L 04/23/2017 - 12:20:06: [admincmd.amxx] Cmd: "Dr.FioriGinal.Ro ~ Server Clasi<0><><>" slay "fecior<175><VALVE_0:4:573662960><>"
L 04/23/2017 - 12:29:15: [admincmd.amxx] Cmd: "Dr.FioriGinal.Ro ~ Server Clasi<0><><>" slay "n1k0N<182><STEAM_0:0:910487252><>"
L 04/23/2017 - 12:31:41: [admincmd.amxx] Cmd: "Dr.FioriGinal.Ro ~ Server Clasi<0><><>" slay "n1k0N<186><STEAM_0:0:910487252><>"
L 04/23/2017 - 12:56:45: -------- Mapchange to deathrun_jigsaw2 --------
L 04/23/2017 - 12:56:46: [AMXX] Failed to open dictionary file: cstrike/addons/amxmodx/data/lang/walkguard.txt
L 04/23/2017 - 12:56:48: [walkguard.amxx] no zone-file found
L 04/23/2017 - 13:21:42: [slayafk.amxx] -Eq- George a primit slay, deoarece a fost afk mai mult de 30 secunde
L 04/23/2017 - 13:21:51: [admincmd.amxx] Cmd: "Dr.FioriGinal.Ro ~ Server Clasi<0><><>" slay "dNk|RyuuKo<225><VALVE_0:4:1546472567><>"
L 04/23/2017 - 13:22:59: [admin.amxx] Login: "ips<228><STEAM_0:1:173403989><>" became an admin (account "ips") (access "b") (address "79.118.194.226")
L 04/23/2017 - 13:23:27: -------- Mapchange to deathrun_christmas --------
L 04/23/2017 - 13:23:29: [AMXX] Failed to open dictionary file: cstrike/addons/amxmodx/data/lang/walkguard.txt
L 04/23/2017 - 13:23:30: [walkguard.amxx] no zone-file found
L 04/23/2017 - 13:23:30: [admin.amxx] Login: "ips<228><STEAM_0:1:173403989><>" became an admin (account "ips") (access "b") (address "79.118.194.226")
L 04/23/2017 - 13:23:54: [admincmd.amxx] Cmd: "Dr.FioriGinal.Ro ~ Server Clasi<0><><>" slay "DreaM ****<239><VALVE_0:4:1695568900><>"
L 04/23/2017 - 13:24:03: [admincmd.amxx] Cmd: "ips<228><STEAM_0:1:173403989><>" slay "n1k0N<238><STEAM_0:0:910487252><>"
L 04/23/2017 - 13:24:09: [admincmd.amxx] Cmd: "ips<228><STEAM_0:1:173403989><>" slay "n1k0N<238><STEAM_0:0:910487252><>"
L 04/23/2017 - 13:50:13: -------- Mapchange to deathrun_jinglebells2 --------
L 04/23/2017 - 13:50:14: [AMXX] Failed to open dictionary file: cstrike/addons/amxmodx/data/lang/walkguard.txt
L 04/23/2017 - 13:50:16: [walkguard.amxx] no zone-file found
L 04/23/2017 - 14:04:30: [slayafk.amxx] [V]andam a primit slay, deoarece a fost afk mai mult de 30 secunde
L 04/23/2017 - 14:17:30: -------- Mapchange to deathrun_gb_winter_final4 --------
L 04/23/2017 - 14:17:32: [AMXX] Failed to open dictionary file: cstrike/addons/amxmodx/data/lang/walkguard.txt
L 04/23/2017 - 14:17:33: [walkguard.amxx] no zone-file found
L 04/23/2017 - 14:18:16: [admincmd.amxx] Cmd: "Dr.FioriGinal.Ro ~ Server Clasi<0><><>" slay "YUI7YU<300><VALVE_0:4:374689840><>"
L 04/23/2017 - 14:19:09: [admin.amxx] Login: "ips<301><STEAM_0:1:173403989><>" became an admin (account "ips") (access "b") (address "79.118.194.226")
L 04/23/2017 - 14:33:10: [admincmd.amxx] Cmd: "Dr.FioriGinal.Ro ~ Server Clasi<0><><>" slay "miNimaL.<307><STEAM_0:1:189984113><>"
L 04/23/2017 - 14:33:20: [advanced_bans_sql.amxx] ips <STEAM_0:1:173403989> banned Andrei.fTw <STEAM_0:0:1695944244> || Reason: "strafe.script" || Ban Length: 6 days, 22 hours, 40 minutes
L 04/23/2017 - 14:33:29: [admincmd.amxx] Cmd: "ips<301><STEAM_0:1:173403989><>" slay "miNimaL.<307><STEAM_0:1:189984113><>"
L 04/23/2017 - 14:43:41: -------- Mapchange to deathrun_expres-winter --------
L 04/23/2017 - 14:43:43: [AMXX] Failed to open dictionary file: cstrike/addons/amxmodx/data/lang/walkguard.txt
L 04/23/2017 - 14:43:44: [walkguard.amxx] no zone-file found
L 04/23/2017 - 14:48:53: [slayafk.amxx] foot a primit slay, deoarece a fost afk mai mult de 30 secunde
L 04/23/2017 - 14:53:33: [slayafk.amxx] [V]andam a primit slay, deoarece a fost afk mai mult de 30 secunde
L 04/23/2017 - 15:03:58: [slayafk.amxx] KoSoVa^ a primit slay, deoarece a fost afk mai mult de 30 secunde
L 04/23/2017 - 15:25:04: -------- Mapchange to deathrun_alleywinter --------
L 04/23/2017 - 15:25:05: [AMXX] Failed to open dictionary file: cstrike/addons/amxmodx/data/lang/walkguard.txt
L 04/23/2017 - 15:25:06: [walkguard.amxx] no zone-file found
L 04/23/2017 - 15:28:15: [admincmd.amxx] Cmd: "Dr.FioriGinal.Ro ~ Server Clasi<0><><>" slay "dNk|sCaRy<350><VALVE_0:4:833017715><>"
L 04/23/2017 - 15:29:57: [admincmd.amxx] Cmd: "Dr.FioriGinal.Ro ~ Server Clasi<0><><>" slay "Melkrom<352><VALVE_0:4:1368244714><>"
L 04/23/2017 - 15:34:46: [slayafk.amxx] KoSoVa^ a primit slay, deoarece a fost afk mai mult de 30 secunde
L 04/23/2017 - 15:37:05: [admincmd.amxx] Cmd: "Dr.FioriGinal.Ro ~ Server Clasi<0><><>" slay "Melkrom<356><VALVE_0:4:1368244714><>"
L 04/23/2017 - 15:51:05: -------- Mapchange to deathrun_trenal_lux --------
L 04/23/2017 - 15:51:07: [AMXX] Failed to open dictionary file: cstrike/addons/amxmodx/data/lang/walkguard.txt
L 04/23/2017 - 15:51:08: [walkguard.amxx] no zone-file found
L 04/23/2017 - 15:53:21: [admincmd.amxx] Cmd: "Dr.FioriGinal.Ro ~ Server Clasi<0><><>" slay "Adi<379><VALVE_0:4:793037426><>"
L 04/23/2017 - 15:57:36: [admin.amxx] Login: "SWAGGIE. XD<385><VALVE_0:4:862961770><>" became an admin (account "SWAGGIE. XD") (access "b") (address "109.98.131.207")
L 04/23/2017 - 15:57:38: [admin.amxx] Login: "SWAGGIE. XD<386><VALVE_0:4:862961770><>" became an admin (account "SWAGGIE. XD") (access "b") (address "109.98.131.207")
L 04/23/2017 - 15:58:27: [slayafk.amxx] KoSoVa^ a primit slay, deoarece a fost afk mai mult de 30 secunde
L 04/23/2017 - 15:58:35: [admincmd.amxx] Cmd: "Dr.FioriGinal.Ro ~ Server Clasi<0><><>" slay "(1)KoSoVa^<388><STEAM_0:0:2085597461><>"
L 04/23/2017 - 16:00:16: [admincmd.amxx] Cmd: "Dr.FioriGinal.Ro ~ Server Clasi<0><><>" slay "KoSoVa^<389><STEAM_0:0:2085597461><>"
L 04/23/2017 - 16:00:31: [admincmd.amxx] Cmd: "Dr.FioriGinal.Ro ~ Server Clasi<0><><>" slay "KoSoVa^<390><STEAM_0:0:2085597461><>"
L 04/23/2017 - 16:03:17: [admin.amxx] Login: "SWAGGIE. XD<392><VALVE_0:4:862961770><>" became an admin (account "SWAGGIE. XD") (access "b") (address "109.98.131.207")
L 04/23/2017 - 16:03:44: [admin.amxx] Login: "SWAGGIE. XD<394><VALVE_0:4:862961770><>" became an admin (account "SWAGGIE. XD") (access "b") (address "109.98.131.207")
L 04/23/2017 - 16:03:50: [admincmd.amxx] Cmd: "Dr.FioriGinal.Ro ~ Server Clasi<0><><>" slay "SWAGGIE. XD<394><VALVE_0:4:862961770><>"
L 04/23/2017 - 16:04:00: [admin.amxx] Login: "SWAGGIE. XD<396><VALVE_0:4:862961770><>" became an admin (account "SWAGGIE. XD") (access "b") (address "109.98.131.207")
L 04/23/2017 - 16:04:06: [admincmd.amxx] Cmd: "Dr.FioriGinal.Ro ~ Server Clasi<0><><>" slay "SWAGGIE. XD<396><VALVE_0:4:862961770><>"
L 04/23/2017 - 16:04:46: [admincmd.amxx] Cmd: "SWAGGIE. XD<396><VALVE_0:4:862961770><>" changelevel "deathrun_gb_winter_final4"
L 04/23/2017 - 16:04:48: -------- Mapchange to deathrun_gb_winter_final4 --------
L 04/23/2017 - 16:04:49: [AMXX] Failed to open dictionary file: cstrike/addons/amxmodx/data/lang/walkguard.txt
L 04/23/2017 - 16:04:50: [admin.amxx] Login: "SWAGGIE. XD<396><VALVE_0:4:862961770><>" became an admin (account "SWAGGIE. XD") (access "b") (address "109.98.131.207")
L 04/23/2017 - 16:04:50: [walkguard.amxx] no zone-file found
L 04/23/2017 - 16:05:13: [admin.amxx] Login: "Asdfq<401><VALVE_0:4:353911658><>" became an admin (account "Asdfq") (access "b") (address "109.100.108.131")
L 04/23/2017 - 16:05:49: [admincmd.amxx] Cmd: "Asdfq<401><VALVE_0:4:353911658><>" slap with 0 damage "Asdfq<401><VALVE_0:4:353911658><>"
L 04/23/2017 - 16:26:45: [mapsmenu.amxx] Vote: "SWAGGIE. XD<396><VALVE_0:4:862961770><>" vote maps (map#1 "deathrun_temple") (map#2 "deathrun_crazyhop_v1") (map#3 "") (map#4 "")
L 04/23/2017 - 16:26:57: [mapsmenu.amxx] Vote: Voting successful. Map will be changed to deathrun_temple
L 04/23/2017 - 16:27:45: [admin.amxx] Login: "SWAGGIE. XD<420><VALVE_0:4:862961770><>" became an admin (account "SWAGGIE. XD") (access "b") (address "109.98.131.207")
L 04/23/2017 - 16:31:21: [admincmd.amxx] Cmd: "Dr.FioriGinal.Ro ~ Server Clasi<0><><>" slay "YUI7YU<423><VALVE_0:4:374689840><>"
L 04/23/2017 - 16:31:36: [admincmd.amxx] Cmd: "Dr.FioriGinal.Ro ~ Server Clasi<0><><>" slay "[V]andam<424><STEAM_0:0:1766134325><>"
L 04/23/2017 - 16:33:59: [admincmd.amxx] Cmd: "SWAGGIE. XD<420><VALVE_0:4:862961770><>" slay "[V]andam<432><STEAM_0:0:1766134325><>"
L 04/23/2017 - 16:34:02: -------- Mapchange to deathrun_temple --------
L 04/23/2017 - 16:34:04: [AMXX] Failed to open dictionary file: cstrike/addons/amxmodx/data/lang/walkguard.txt
L 04/23/2017 - 16:34:05: [walkguard.amxx] no zone-file found
L 04/23/2017 - 16:34:05: [admin.amxx] Login: "SWAGGIE. XD<420><VALVE_0:4:862961770><>" became an admin (account "SWAGGIE. XD") (access "b") (address "109.98.131.207")
L 04/23/2017 - 16:36:44: [admin.amxx] Login: "Alex.<444><STEAM_0:0:1695944244><>" kicked due to invalid password (account "Alex.") (address "81.196.16.185")
L 04/23/2017 - 16:37:22: [admin.amxx] Login: "Alex.<445><STEAM_0:0:1695944244><>" kicked due to invalid password (account "Alex.") (address "82.76.15.33")
L 04/23/2017 - 16:43:46: [slayafk.amxx] SWAGGIE. XD a primit slay, deoarece a fost afk mai mult de 30 secunde
L 04/23/2017 - 16:46:43: [admin.amxx] Login: "SWAGGIE. XD<467><VALVE_0:4:862961770><>" became an admin (account "SWAGGIE. XD") (access "b") (address "109.98.131.207")
L 04/23/2017 - 17:00:02: -------- Mapchange to deathrun_aztecan_beta1 --------
L 04/23/2017 - 17:00:03: [AMXX] Failed to open dictionary file: cstrike/addons/amxmodx/data/lang/walkguard.txt
L 04/23/2017 - 17:00:04: [walkguard.amxx] no zone-file found
L 04/23/2017 - 17:00:04: [admin.amxx] Login: "SWAGGIE. XD<467><VALVE_0:4:862961770><>" became an admin (account "SWAGGIE. XD") (access "b") (address "109.98.131.207")
L 04/23/2017 - 17:00:06: [admin.amxx] Login: "SWAGGIE. XD<483><VALVE_0:4:862961770><>" became an admin (account "SWAGGIE. XD") (access "b") (address "109.98.131.207")
L 04/23/2017 - 17:00:54: [slayafk.amxx] sarpe a primit slay, deoarece a fost afk mai mult de 30 secunde
L 04/23/2017 - 17:01:29: [slayafk.amxx] sarpe a primit slay, deoarece a fost afk mai mult de 30 secunde
L 04/23/2017 - 17:02:34: [slayafk.amxx] sarpe a primit slay, deoarece a fost afk mai mult de 30 secunde
L 04/23/2017 - 17:02:34: [slayafk.amxx] SWAGGIE. XD a primit slay, deoarece a fost afk mai mult de 30 secunde
L 04/23/2017 - 17:04:09: [slayafk.amxx] SWAGGIE. XD a primit slay, deoarece a fost afk mai mult de 30 secunde
L 04/23/2017 - 17:04:14: [slayafk.amxx] sarpe a primit slay, deoarece a fost afk mai mult de 30 secunde
L 04/23/2017 - 17:05:04: [slayafk.amxx] DoZe a primit slay, deoarece a fost afk mai mult de 30 secunde
L 04/23/2017 - 17:05:04: [slayafk.amxx] sarpe a primit slay, deoarece a fost afk mai mult de 30 secunde
L 04/23/2017 - 17:05:04: [slayafk.amxx] SWAGGIE. XD a primit slay, deoarece a fost afk mai mult de 30 secunde
L 04/23/2017 - 17:05:39: [slayafk.amxx] DoZe a primit slay, deoarece a fost afk mai mult de 30 secunde
L 04/23/2017 - 17:05:39: [slayafk.amxx] SWAGGIE. XD a primit slay, deoarece a fost afk mai mult de 30 secunde
L 04/23/2017 - 17:06:19: [slayafk.amxx] DoZe a primit slay, deoarece a fost afk mai mult de 30 secunde
L 04/23/2017 - 17:06:19: [slayafk.amxx] [WoW CirklE]Grandel a primit slay, deoarece a fost afk mai mult de 30 secunde
L 04/23/2017 - 17:06:39: [slayafk.amxx] SWAGGIE. XD a primit slay, deoarece a fost afk mai mult de 30 secunde
L 04/23/2017 - 17:06:54: [slayafk.amxx] DoZe a primit slay, deoarece a fost afk mai mult de 30 secunde
L 04/23/2017 - 17:06:54: [slayafk.amxx] [WoW CirklE]Grandel a primit slay, deoarece a fost afk mai mult de 30 secunde
L 04/23/2017 - 17:07:34: [slayafk.amxx] DoZe a primit slay, deoarece a fost afk mai mult de 30 secunde
L 04/23/2017 - 17:07:34: [slayafk.amxx] SWAGGIE. XD a primit slay, deoarece a fost afk mai mult de 30 secunde
L 04/23/2017 - 17:08:59: [slayafk.amxx] [WoW CirklE]Grandel a primit slay, deoarece a fost afk mai mult de 30 secunde
L 04/23/2017 - 17:09:04: [slayafk.amxx] DoZe a primit slay, deoarece a fost afk mai mult de 30 secunde
L 04/23/2017 - 17:10:29: [slayafk.amxx] SWAGGIE. XD a primit slay, deoarece a fost afk mai mult de 30 secunde
L 04/23/2017 - 17:10:34: [slayafk.amxx] DoZe a primit slay, deoarece a fost afk mai mult de 30 secunde
L 04/23/2017 - 17:10:34: [slayafk.amxx] [WoW CirklE]Grandel a primit slay, deoarece a fost afk mai mult de 30 secunde
L 04/23/2017 - 17:11:14: [slayafk.amxx] DoZe a primit slay, deoarece a fost afk mai mult de 30 secunde
L 04/23/2017 - 17:11:14: [slayafk.amxx] [WoW CirklE]Grandel a primit slay, deoarece a fost afk mai mult de 30 secunde
L 04/23/2017 - 17:11:39: [slayafk.amxx] SWAGGIE. XD a primit slay, deoarece a fost afk mai mult de 30 secunde
L 04/23/2017 - 17:11:49: [slayafk.amxx] DoZe a primit slay, deoarece a fost afk mai mult de 30 secunde
L 04/23/2017 - 17:12:29: [slayafk.amxx] DoZe a primit slay, deoarece a fost afk mai mult de 30 secunde
L 04/23/2017 - 17:13:59: [slayafk.amxx] DoZe a primit slay, deoarece a fost afk mai mult de 30 secunde
L 04/23/2017 - 17:15:49: [slayafk.amxx] DoZe a primit slay, deoarece a fost afk mai mult de 30 secunde
L 04/23/2017 - 17:17:39: [slayafk.amxx] DoZe a primit slay, deoarece a fost afk mai mult de 30 secunde
L 04/23/2017 - 17:22:07: [admincmd.amxx] Cmd: "Dr.FioriGinal.Ro ~ Server Clasi<0><><>" slay "dNk|sCaRy<505><VALVE_0:4:833017715><>"
L 04/23/2017 - 17:22:09: [slayafk.amxx] DoZe a primit slay, deoarece a fost afk mai mult de 30 secunde
L 04/23/2017 - 17:22:29: [admincmd.amxx] Cmd: "Dr.FioriGinal.Ro ~ Server Clasi<0><><>" slay "dNk|sCaRy<506><VALVE_0:4:833017715><>"
L 04/23/2017 - 17:22:43: [admincmd.amxx] Cmd: "Dr.FioriGinal.Ro ~ Server Clasi<0><><>" slay "dNk|sCaRy<507><VALVE_0:4:833017715><>"
L 04/23/2017 - 17:22:59: [slayafk.amxx] DoZe a primit slay, deoarece a fost afk mai mult de 30 secunde
L 04/23/2017 - 17:24:54: [slayafk.amxx] DoZe a primit slay, deoarece a fost afk mai mult de 30 secunde
L 04/23/2017 - 17:25:12: [admin.amxx] Login: "J.Smith<509><STEAM_0:0:59563675><>" became an admin (account "J.Smith") (access "b") (address "109.185.5.238")
L 04/23/2017 - 17:26:49: [slayafk.amxx] DoZe a primit slay, deoarece a fost afk mai mult de 30 secunde
L 04/23/2017 - 17:28:39: [slayafk.amxx] DoZe a primit slay, deoarece a fost afk mai mult de 30 secunde
L 04/23/2017 - 17:36:24: [slayafk.amxx] DoZe a primit slay, deoarece a fost afk mai mult de 30 secunde
L 04/23/2017 - 17:37:59: [slayafk.amxx] DoZe a primit slay, deoarece a fost afk mai mult de 30 secunde
L 04/23/2017 - 17:40:59: [slayafk.amxx] DoZe a primit slay, deoarece a fost afk mai mult de 30 secunde
L 04/23/2017 - 17:43:24: [slayafk.amxx] DoZe a primit slay, deoarece a fost afk mai mult de 30 secunde
L 04/23/2017 - 17:45:44: [slayafk.amxx] DoZe a primit slay, deoarece a fost afk mai mult de 30 secunde
L 04/23/2017 - 17:46:16: [admincmd.amxx] Cmd: "Dr.FioriGinal.Ro ~ Server Clasi<0><><>" slay "dNk|sCaRy<523><VALVE_0:4:833017715><>"
L 04/23/2017 - 17:46:36: [admin.amxx] Login: "Scooby1^ @like's that69<524><VALVE_0:4:1589560042><>" became an admin (account "Scooby1^ @like's that69") (access "b") (address "109.103.33.20")
L 04/23/2017 - 17:47:59: [slayafk.amxx] DoZe a primit slay, deoarece a fost afk mai mult de 30 secunde
L 04/23/2017 - 17:48:34: [slayafk.amxx] DoZe a primit slay, deoarece a fost afk mai mult de 30 secunde
L 04/23/2017 - 17:49:09: [slayafk.amxx] DoZe a primit slay, deoarece a fost afk mai mult de 30 secunde
L 04/23/2017 - 17:50:34: [slayafk.amxx] DoZe a primit slay, deoarece a fost afk mai mult de 30 secunde
L 04/23/2017 - 17:51:09: [slayafk.amxx] DoZe a primit slay, deoarece a fost afk mai mult de 30 secunde
L 04/23/2017 - 17:51:44: [slayafk.amxx] DoZe a primit slay, deoarece a fost afk mai mult de 30 secunde
L 04/23/2017 - 17:52:59: [slayafk.amxx] DoZe a primit slay, deoarece a fost afk mai mult de 30 secunde
L 04/23/2017 - 17:54:39: [slayafk.amxx] DoZe a primit slay, deoarece a fost afk mai mult de 30 secunde
L 04/23/2017 - 17:55:49: [slayafk.amxx] DoZe a primit slay, deoarece a fost afk mai mult de 30 secunde
L 04/23/2017 - 17:56:49: [slayafk.amxx] DoZe a primit slay, deoarece a fost afk mai mult de 30 secunde
L 04/23/2017 - 17:57:39: [slayafk.amxx] DoZe a primit slay, deoarece a fost afk mai mult de 30 secunde
L 04/23/2017 - 17:58:44: [slayafk.amxx] DoZe a primit slay, deoarece a fost afk mai mult de 30 secunde
L 04/23/2017 - 17:59:49: [slayafk.amxx] DoZe a primit slay, deoarece a fost afk mai mult de 30 secunde
L 04/23/2017 - 18:01:09: -------- Mapchange to deathrun_pyramid --------
L 04/23/2017 - 18:01:10: [AMXX] Failed to open dictionary file: cstrike/addons/amxmodx/data/lang/walkguard.txt
L 04/23/2017 - 18:01:11: [walkguard.amxx] no zone-file found
L 04/23/2017 - 18:03:02: [admin.amxx] Login: "Asdfq<544><VALVE_0:4:353911658><>" kicked due to invalid password (account "Asdfq") (address "109.100.108.131")
L 04/23/2017 - 18:03:09: [admin.amxx] Login: "Asdfq<545><VALVE_0:4:353911658><>" became an admin (account "Asdfq") (access "b") (address "109.100.108.131")
L 04/23/2017 - 18:04:51: [admin.amxx] Login: "Scooby1^ @like's that69<546><VALVE_0:4:1589560042><>" became an admin (account "Scooby1^ @like's that69") (access "b") (address "109.103.33.20")
L 04/23/2017 - 18:09:20: [admin.amxx] Login: "ips<548><STEAM_0:1:173403989><>" became an admin (account "ips") (access "b") (address "79.118.194.226")
L 04/23/2017 - 18:16:29: [admin.amxx] Login: "deadpool<555><STEAM_0:0:30403765><>" kicked due to invalid password (account "deadpool") (address "82.79.251.117")
L 04/23/2017 - 18:16:43: [admin.amxx] Login: "deadpool<557><STEAM_0:0:30403765><>" kicked due to invalid password (account "deadpool") (address "82.79.251.117")
L 04/23/2017 - 18:19:17: [comp_timer2.amxx] Error on query: You have an error in your SQL syntax; check the manual that corresponds to your MySQL server version for the right syntax to use near 's that69'' AND Map = 'deathrun_pyramid'' at line 1
L 04/23/2017 - 18:19:17: [comp_timer2.amxx] FailState == TQUERY_QUERY_FAILED, Query failed.
L 04/23/2017 - 18:23:27: [admin.amxx] Login: "ips<565><STEAM_0:1:173403989><>" became an admin (account "ips") (access "b") (address "79.118.194.226")
L 04/23/2017 - 18:26:55: [admin.amxx] Login: "cool<568><STEAM_0:1:25922700><>" became an admin (account "cool") (access "b") (address "5.14.99.188")
L 04/23/2017 - 18:27:01: [mapsmenu.amxx] Vote: "Asdfq<545><VALVE_0:4:353911658><>" vote maps (map#1 "deathrun_long_run") (map#2 "deathrun_rayxzen_x") (map#3 "") (map#4 "")
L 04/23/2017 - 18:27:13: [mapsmenu.amxx] Vote: Voting successful. Map will be changed to deathrun_long_run
L 04/23/2017 - 18:27:17: [admincmd.amxx] Cmd: "cool<568><STEAM_0:1:25922700><>" ask for players list
L 04/23/2017 - 18:27:56: -------- Mapchange to deathrun_long_run --------
L 04/23/2017 - 18:27:57: [AMXX] Failed to open dictionary file: cstrike/addons/amxmodx/data/lang/walkguard.txt
L 04/23/2017 - 18:27:58: [walkguard.amxx] no zone-file found
L 04/23/2017 - 18:27:58: [admin.amxx] Login: "cool<568><STEAM_0:1:25922700><>" became an admin (account "cool") (access "b") (address "5.14.99.188")
L 04/23/2017 - 18:27:58: [admin.amxx] Login: "Asdfq<545><VALVE_0:4:353911658><>" became an admin (account "Asdfq") (access "b") (address "109.100.108.131")
L 04/23/2017 - 18:30:03: [slayafk.amxx] cool a primit slay, deoarece a fost afk mai mult de 30 secunde
L 04/23/2017 - 18:36:03: [slayafk.amxx] 6/49 a primit slay, deoarece a fost afk mai mult de 30 secunde
L 04/23/2017 - 18:36:43: [slayafk.amxx] 6/49 a primit slay, deoarece a fost afk mai mult de 30 secunde
L 04/23/2017 - 18:37:23: [slayafk.amxx] 6/49 a primit slay, deoarece a fost afk mai mult de 30 secunde
L 04/23/2017 - 18:38:18: [slayafk.amxx] 6/49 a primit slay, deoarece a fost afk mai mult de 30 secunde
L 04/23/2017 - 18:39:05: [admin.amxx] Login: "cool<586><STEAM_0:1:25922700><>" became an admin (account "cool") (access "b") (address "5.14.99.188")
L 04/23/2017 - 18:42:48: [slayafk.amxx] 6/49 a primit slay, deoarece a fost afk mai mult de 30 secunde
L 04/23/2017 - 18:51:23: [slayafk.amxx] UFO.onsh a primit slay, deoarece a fost afk mai mult de 30 secunde
L 04/23/2017 - 18:52:25: [mapsmenu.amxx] Vote: "Asdfq<545><VALVE_0:4:353911658><>" vote maps (map#1 "deathrun_clarion_dojo_b3") (map#2 "deathrun_projetocs4") (map#3 "") (map#4 "")
L 04/23/2017 - 18:52:37: [mapsmenu.amxx] Vote: Voting successful. Map will be changed to deathrun_clarion_dojo_b3
L 04/23/2017 - 18:53:23: [slayafk.amxx] Asdfq a primit slay, deoarece a fost afk mai mult de 30 secunde
L 04/23/2017 - 18:54:10: -------- Mapchange to deathrun_clarion_dojo_b3 --------
L 04/23/2017 - 18:54:12: [AMXX] Failed to open dictionary file: cstrike/addons/amxmodx/data/lang/walkguard.txt
L 04/23/2017 - 18:54:12: [walkguard.amxx] no zone-file found
L 04/23/2017 - 18:54:13: [admin.amxx] Login: "Asdfq<545><VALVE_0:4:353911658><>" became an admin (account "Asdfq") (access "b") (address "109.100.108.131")
L 04/23/2017 - 18:55:53: [admin.amxx] Login: "Alex.<601><VALVE_0:4:1904462587><>" kicked due to invalid password (account "Alex.") (address "79.119.91.74")
L 04/23/2017 - 18:56:46: [admin.amxx] Login: "Scooby1^ @like's that69<604><VALVE_0:4:1589560042><>" became an admin (account "Scooby1^ @like's that69") (access "b") (address "109.103.33.20")
L 04/23/2017 - 18:57:33: [admin.amxx] Login: "Scooby1^ @like's that69<608><VALVE_0:4:1589560042><>" became an admin (account "Scooby1^ @like's that69") (access "b") (address "109.103.33.20")
L 04/23/2017 - 18:57:53: [admincmd.amxx] Cmd: "Dr.FioriGinal.Ro ~ Server Clasi<0><><>" slay "YUI7YU<609><VALVE_0:4:374689840><>"
L 04/23/2017 - 18:59:19: [admin.amxx] Login: "Asdfq<611><VALVE_0:4:353911658><>" became an admin (account "Asdfq") (access "b") (address "109.100.108.131")
L 04/23/2017 - 19:01:04: [admin.amxx] Login: "EvolGeniuS - ThE king#<616><STEAM_0:1:84045719><>" became an admin (account "EvolGeniuS - ThE king#") (access "b") (address "5.14.167.12")
L 04/23/2017 - 19:03:36: [admincmd.amxx] Cmd: "Dr.FioriGinal.Ro ~ Server Clasi<0><><>" slay "YUI7YU<623><VALVE_0:4:374689840><>"
L 04/23/2017 - 19:21:45: -------- Mapchange to deathrun_hardsurf_v2 --------
L 04/23/2017 - 19:21:47: [AMXX] Failed to open dictionary file: cstrike/addons/amxmodx/data/lang/walkguard.txt
L 04/23/2017 - 19:21:48: [walkguard.amxx] no zone-file found
L 04/23/2017 - 19:29:26: [admincmd.amxx] Cmd: "Dr.FioriGinal.Ro ~ Server Clasi<0><><>" slay "Polonia<641><VALVE_0:4:614973160><>"
L 04/23/2017 - 19:38:22: [slayafk.amxx] BocToK^ a primit slay, deoarece a fost afk mai mult de 30 secunde
L 04/23/2017 - 19:43:29: [admin.amxx] Login: "Scooby1^<663><VALVE_0:4:1589560042><>" became an admin (account "Scooby1^") (access "b") (address "109.103.33.20")
L 04/23/2017 - 19:43:31: [admin.amxx] Login: "Scooby1^<664><VALVE_0:4:1589560042><>" became an admin (account "Scooby1^") (access "b") (address "109.103.33.20")
L 04/23/2017 - 19:45:52: [slayafk.amxx] hamza-chiheb a primit slay, deoarece a fost afk mai mult de 30 secunde
L 04/23/2017 - 19:48:18: [admin.amxx] Login: "Stifler<666><STEAM_0:0:1784836802><>" kicked due to invalid password (account "Stifler") (address "31.5.145.190")
L 04/23/2017 - 19:48:26: [admin.amxx] Login: "Stifler<667><STEAM_0:0:1784836802><>" became an admin (account "Stifler") (access "b") (address "31.5.145.190")
L 04/23/2017 - 19:48:29: [admin.amxx] Login: "Stifler<668><STEAM_0:0:1784836802><>" became an admin (account "Stifler") (access "b") (address "31.5.145.190")
L 04/23/2017 - 19:54:16: -------- Mapchange to deathrun_skyzzar --------
L 04/23/2017 - 19:54:17: [AMXX] Failed to open dictionary file: cstrike/addons/amxmodx/data/lang/walkguard.txt
L 04/23/2017 - 19:54:18: [walkguard.amxx] no zone-file found
L 04/23/2017 - 19:54:18: [admin.amxx] Login: "Scooby1^<664><VALVE_0:4:1589560042><>" became an admin (account "Scooby1^") (access "b") (address "109.103.33.20")
L 04/23/2017 - 19:54:53: [slayafk.amxx] UFO.onsh a primit slay, deoarece a fost afk mai mult de 30 secunde
L 04/23/2017 - 19:56:17: [admin.amxx] Login: "Asdfq<697><VALVE_0:4:353911658><>" kicked due to invalid password (account "Asdfq") (address "109.100.108.131")
L 04/23/2017 - 19:56:23: [admin.amxx] Login: "Asdfq<698><VALVE_0:4:353911658><>" became an admin (account "Asdfq") (access "b") (address "109.100.108.131")
L 04/23/2017 - 19:56:31: [admin.amxx] Login: "Asdfq<699><VALVE_0:4:353911658><>" became an admin (account "Asdfq") (access "b") (address "109.100.108.131")
L 04/23/2017 - 19:57:57: [admincmd.amxx] Cmd: "Dr.FioriGinal.Ro ~ Server Clasi<0><><>" slay "rYTHM.<703><VALVE_0:4:573662960><>"
L 04/23/2017 - 20:00:03: [admin.amxx] Login: "Stifler<712><STEAM_0:0:1784836802><>" became an admin (account "Stifler") (access "b") (address "31.5.145.190")
L 04/23/2017 - 20:00:05: [admin.amxx] Login: "Stifler<713><STEAM_0:0:1784836802><>" became an admin (account "Stifler") (access "b") (address "31.5.145.190")
L 04/23/2017 - 20:04:02: [pistols_sql.amxx] FailState == TQUERY_QUERY_FAILED, Query failed.
L 04/23/2017 - 20:06:23: [slayafk.amxx] Sergiu a primit slay, deoarece a fost afk mai mult de 30 secunde
L 04/23/2017 - 20:12:04: [admincmd.amxx] Cmd: "Dr.FioriGinal.Ro ~ Server Clasi<0><><>" slay "masina2<729><VALVE_0:4:813449142><>"
L 04/23/2017 - 20:12:34: [admin.amxx] Login: "ips<736><STEAM_0:1:173403989><>" became an admin (account "ips") (access "b") (address "82.77.178.69")
L 04/23/2017 - 20:15:23: [admin.amxx] Login: "Stifler<713><STEAM_0:0:1784836802><>" became an admin (account "Stifler") (access "b") (address "31.5.145.190")
L 04/23/2017 - 20:15:30: [admincmd.amxx] Cmd: "Dr.FioriGinal.Ro ~ Server Clasi<0><><>" slay "Stifler<713><STEAM_0:0:1784836802><>"
L 04/23/2017 - 20:15:32: [admincmd.amxx] Cmd: "Dr.FioriGinal.Ro ~ Server Clasi<0><><>" slay "xSpYeR<741><STEAM_0:1:66255287><>"
L 04/23/2017 - 20:20:13: [slayafk.amxx] Jumper|TryNova22 a primit slay, deoarece a fost afk mai mult de 30 secunde
L 04/23/2017 - 20:24:18: [slayafk.amxx] masina2 a primit slay, deoarece a fost afk mai mult de 30 secunde
L 04/23/2017 - 20:24:21: -------- Mapchange to deathrun_glasslight_medium_fix --------
L 04/23/2017 - 20:24:23: [AMXX] Failed to open dictionary file: cstrike/addons/amxmodx/data/lang/walkguard.txt
L 04/23/2017 - 20:24:24: [walkguard.amxx] no zone-file found
L 04/23/2017 - 20:24:24: [admin.amxx] Login: "ips<736><STEAM_0:1:173403989><>" became an admin (account "ips") (access "b") (address "82.77.178.69")
L 04/23/2017 - 20:24:25: [admin.amxx] Login: "ips<751><STEAM_0:1:173403989><>" became an admin (account "ips") (access "b") (address "82.77.178.69")
L 04/23/2017 - 20:24:46: [admincmd.amxx] Cmd: "Dr.FioriGinal.Ro ~ Server Clasi<0><><>" slay "rYTHM.<765><VALVE_0:4:573662960><>"
L 04/23/2017 - 20:24:52: [admincmd.amxx] Cmd: "Dr.FioriGinal.Ro ~ Server Clasi<0><><>" slay "ssss<766><STEAM_0:0:2100476638><>"
L 04/23/2017 - 20:41:31: [admin.amxx] Login: "Asdfq<806><VALVE_0:4:353911658><>" kicked due to invalid password (account "Asdfq") (address "109.100.108.131")
L 04/23/2017 - 20:41:39: [admin.amxx] Login: "Asdfq<807><VALVE_0:4:353911658><>" became an admin (account "Asdfq") (access "b") (address "109.100.108.131")
L 04/23/2017 - 20:47:32: [admin.amxx] Login: "tiganu<817><STEAM_0:0:187978272><>" became an admin (account "tiganu") (access "b") (address "79.117.128.134")
L 04/23/2017 - 20:47:39: [admin.amxx] Login: "Stifler<818><STEAM_0:0:1784836802><>" kicked due to invalid password (account "Stifler") (address "31.5.145.190")
L 04/23/2017 - 20:47:47: [admin.amxx] Login: "Stifler<819><STEAM_0:0:1784836802><>" became an admin (account "Stifler") (access "b") (address "31.5.145.190")
L 04/23/2017 - 20:47:49: [admin.amxx] Login: "Stifler<820><STEAM_0:0:1784836802><>" became an admin (account "Stifler") (access "b") (address "31.5.145.190")
L 04/23/2017 - 20:50:55: -------- Mapchange to deathrun_crash_future --------
L 04/23/2017 - 20:51:06: -------- Mapchange to deathrun_forest --------
L 04/23/2017 - 20:51:13: [AMXX] Failed to open dictionary file: cstrike/addons/amxmodx/data/lang/walkguard.txt
L 04/23/2017 - 20:51:15: [walkguard.amxx] no zone-file found
L 04/23/2017 - 20:51:16: [admin.amxx] Login: "Stifler<2><STEAM_0:0:1784836802><>" became an admin (account "Stifler") (access "b") (address "31.5.145.190")
L 04/23/2017 - 20:51:24: Invalid multi-lingual line (file "cstrike/addons/amxmodx/data/lang/rom_protect.txt" key "// *ROM-Protect// Plugin OpenSource anti-IsFlooding/bug-fix pentru orice server." lang "")
L 04/23/2017 - 20:51:24: Invalid multi-lingual line (file "cstrike/addons/amxmodx/data/lang/rom_protect.txt" key "// Versiunea : 1.0.4s-dev. Bulid : 98. Data lansarii versiunii : 03.12.2016." lang "")
L 04/23/2017 - 20:51:24: Invalid multi-lingual line (file "cstrike/addons/amxmodx/data/lang/rom_protect.txt" key "// Autor : lüxor # Dr.Fio & DR2.IND (+ eNd.) - SteamID (contact) : luxxxoor" lang "")
L 04/23/2017 - 20:51:24: Invalid multi-lingual line (file "cstrike/addons/amxmodx/data/lang/rom_protect.txt" key "// O productie FioriGinal.ro - site : www.fioriginal.ro" lang "")
L 04/23/2017 - 20:51:24: Invalid multi-lingual line (file "cstrike/addons/amxmodx/data/lang/rom_protect.txt" key "// Link forum de dezvoltare : http://forum.fioriginal.ro/amxmodx-plugins-pluginuri/rom-protect-anti-flood-bug-fix-t28292.html" lang "")
L 04/23/2017 - 20:51:24: Invalid multi-lingual line (file "cstrike/addons/amxmodx/data/lang/rom_protect.txt" key "// Link sursa : https://github.com/luxxxoor/ROM-Protect" lang "")
L 04/23/2017 - 20:51:24: Invalid multi-lingual line (file "cstrike/addons/amxmodx/data/lang/rom_protect.txt" key "// Colori : ^1 - Culoarea aleasa de jucator cu con_color." lang "")
L 04/23/2017 - 20:51:24: Invalid multi-lingual line (file "cstrike/addons/amxmodx/data/lang/rom_protect.txt" key "//          ^3 - Culoare gri." lang "")
L 04/23/2017 - 20:51:24: Invalid multi-lingual line (file "cstrike/addons/amxmodx/data/lang/rom_protect.txt" key "//          ^4 - Culoare verde." lang "")
L 04/23/2017 - 20:51:34: [admincmd.amxx] Cmd: "Dr.FioriGinal.Ro ~ Server Clasi<0><><>" slay "Hamed_.<13><STEAM_0:0:1766134325><>"
L 04/23/2017 - 20:51:40: [admincmd.amxx] Cmd: "Dr.FioriGinal.Ro ~ Server Clasi<0><><>" slay "masina2<15><VALVE_0:4:813449142><>"
L 04/23/2017 - 20:51:43: [admincmd.amxx] Cmd: "Dr.FioriGinal.Ro ~ Server Clasi<0><><>" slay "DrakA<16><STEAM_0:0:26386897><>"
L 04/23/2017 - 20:52:15: [admin.amxx] Login: "tiganu<18><STEAM_0:0:187978272><>" became an admin (account "tiganu") (access "b") (address "79.117.128.134")
L 04/23/2017 - 20:53:51: [admin.amxx] Login: "ips<20><STEAM_0:1:173403989><>" became an admin (account "ips") (access "b") (address "82.77.178.69")
L 04/23/2017 - 20:59:29: [admin.amxx] Login: "Stifler<25><STEAM_0:0:1784836802><>" kicked due to invalid password (account "Stifler") (address "31.5.145.190")
L 04/23/2017 - 20:59:38: [admin.amxx] Login: "Stifler<26><STEAM_0:0:1784836802><>" became an admin (account "Stifler") (access "b") (address "31.5.145.190")
L 04/23/2017 - 20:59:40: [slayafk.amxx] syntynyt a primit slay, deoarece a fost afk mai mult de 30 secunde
L 04/23/2017 - 21:03:08: [adminchat.amxx] Chat: "ips<20><STEAM_0:1:173403989><>" say "www.facebook.com/alex.remus.56"
L 04/23/2017 - 21:16:22: -------- Mapchange to deathrun_jinglebells --------
L 04/23/2017 - 21:16:24: [AMXX] Failed to open dictionary file: cstrike/addons/amxmodx/data/lang/walkguard.txt
L 04/23/2017 - 21:16:25: [walkguard.amxx] no zone-file found
L 04/23/2017 - 21:17:54: [slayafk.amxx] Nlreb Mra Alrrih a primit slay, deoarece a fost afk mai mult de 30 secunde
L 04/23/2017 - 21:19:51: [admin.amxx] Login: "ips<50><STEAM_0:1:173403989><>" became an admin (account "ips") (access "b") (address "82.77.178.69")
L 04/23/2017 - 21:19:52: [admin.amxx] Login: "ips<51><STEAM_0:1:173403989><>" became an admin (account "ips") (access "b") (address "82.77.178.69")
L 04/23/2017 - 21:19:59: [admincmd.amxx] Cmd: "Dr.FioriGinal.Ro ~ Server Clasi<0><><>" slay "ips<51><STEAM_0:1:173403989><>"
L 04/23/2017 - 21:21:32: [admincmd.amxx] Cmd: "Dr.FioriGinal.Ro ~ Server Clasi<0><><>" slay "LeGo<53><VALVE_0:4:487932522><>"
L 04/23/2017 - 21:23:22: [admincmd.amxx] Cmd: "Dr.FioriGinal.Ro ~ Server Clasi<0><><>" slay "Nlreb Mra Alrrih<56><STEAM_0:0:77647261><>"
L 04/23/2017 - 21:27:34: [admincmd.amxx] Cmd: "Dr.FioriGinal.Ro ~ Server Clasi<0><><>" slay "PyThOn<59><STEAM_0:0:26755099><>"
L 04/23/2017 - 21:40:25: [admin.amxx] Login: "SWAGGIE. XD<70><VALVE_0:4:862961770><>" became an admin (account "SWAGGIE. XD") (access "b") (address "109.98.131.207")
L 04/23/2017 - 21:40:26: [admin.amxx] Login: "SWAGGIE. XD<72><VALVE_0:4:862961770><>" became an admin (account "SWAGGIE. XD") (access "b") (address "109.98.131.207")
L 04/23/2017 - 21:43:35: [admin.amxx] Login: "ips<74><STEAM_0:1:173403989><>" became an admin (account "ips") (access "b") (address "82.77.178.69")
L 04/23/2017 - 21:44:57: [admin.amxx] Login: "ips<77><STEAM_0:1:173403989><>" became an admin (account "ips") (access "b") (address "82.77.178.69")
L 04/23/2017 - 21:45:08: [admin.amxx] Login: "ips<78><STEAM_0:1:173403989><>" became an admin (account "ips") (access "b") (address "82.77.178.69")
L 04/23/2017 - 21:45:14: [admincmd.amxx] Cmd: "Dr.FioriGinal.Ro ~ Server Clasi<0><><>" slay "ips<78><STEAM_0:1:173403989><>"
L 04/23/2017 - 21:45:23: [admin.amxx] Login: "ips<80><STEAM_0:1:173403989><>" became an admin (account "ips") (access "b") (address "82.77.178.69")
L 04/23/2017 - 21:45:29: [admincmd.amxx] Cmd: "Dr.FioriGinal.Ro ~ Server Clasi<0><><>" slay "ips<80><STEAM_0:1:173403989><>"
L 04/23/2017 - 21:46:24: [slayafk.amxx] Melkrom a primit slay, deoarece a fost afk mai mult de 30 secunde
L 04/23/2017 - 21:55:55: -------- Mapchange to deathrun_long_run --------
L 04/23/2017 - 21:55:57: [AMXX] Failed to open dictionary file: cstrike/addons/amxmodx/data/lang/walkguard.txt
L 04/23/2017 - 21:55:58: [walkguard.amxx] no zone-file found
L 04/23/2017 - 22:05:18: [admin.amxx] Login: "tiganu<111><STEAM_0:0:187978272><>" became an admin (account "tiganu") (access "b") (address "79.117.128.134")
L 04/23/2017 - 22:17:28: [admin.amxx] Login: "ips<121><STEAM_0:1:173403989><>" became an admin (account "ips") (access "b") (address "82.77.178.69")
L 04/23/2017 - 22:22:00: -------- Mapchange to deathrun_virtualstrike --------
L 04/23/2017 - 22:22:01: [AMXX] Failed to open dictionary file: cstrike/addons/amxmodx/data/lang/walkguard.txt
L 04/23/2017 - 22:22:02: [walkguard.amxx] no zone-file found
L 04/23/2017 - 22:22:02: [admin.amxx] Login: "ips<121><STEAM_0:1:173403989><>" became an admin (account "ips") (access "b") (address "82.77.178.69")
L 04/23/2017 - 22:38:40: [admincmd.amxx] Cmd: "Dr.FioriGinal.Ro ~ Server Clasi<0><><>" slay "DaViD.<139><VALVE_0:4:1082422227><>"
L 04/23/2017 - 22:46:07: [admin.amxx] Login: "trickz-<149><STEAM_0:0:642736769><>" became an admin (account "trickz-") (access "b") (address "109.166.138.169")
L 04/23/2017 - 22:46:12: [admin.amxx] Login: "trickz-<150><STEAM_0:0:642736769><>" became an admin (account "trickz-") (access "b") (address "109.166.138.169")
L 04/23/2017 - 22:47:33: [admin.amxx] Login: "SWAGGIE. XD<151><VALVE_0:4:862961770><>" became an admin (account "SWAGGIE. XD") (access "b") (address "109.98.131.207")
L 04/23/2017 - 22:47:34: [admin.amxx] Login: "SWAGGIE. XD<152><VALVE_0:4:862961770><>" became an admin (account "SWAGGIE. XD") (access "b") (address "109.98.131.207")
L 04/23/2017 - 22:54:15: [admincmd.amxx] Cmd: "Dr.FioriGinal.Ro ~ Server Clasi<0><><>" slay "DaViD.<155><VALVE_0:4:1082422227><>"
L 04/23/2017 - 23:05:57: [slayafk.amxx] Haz; a primit slay, deoarece a fost afk mai mult de 30 secunde
L 04/23/2017 - 23:12:16: [admincmd.amxx] Cmd: "Dr.FioriGinal.Ro ~ Server Clasi<0><><>" slay "Kira<164><VALVE_0:4:401384042><>"
L 04/23/2017 - 23:16:17: [admin.amxx] Login: "tiganu<165><STEAM_0:0:187978272><>" became an admin (account "tiganu") (access "b") (address "79.117.128.134")
L 04/23/2017 - 23:17:47: [admin.amxx] Login: "SWAGGIE. XD<166><VALVE_0:4:862961770><>" became an admin (account "SWAGGIE. XD") (access "b") (address "109.98.131.207")
L 04/23/2017 - 23:21:05: [admin.amxx] Login: "EvolGeniuS - ThE king#<170><STEAM_0:1:84045719><>" kicked due to invalid password (account "EvolGeniuS - ThE king#") (address "5.14.167.12")
L 04/23/2017 - 23:21:09: [admin.amxx] Login: "IrreguLar<171><STEAM_0:1:101181073><>" became an admin (account "Irregular") (access "b") (address "79.119.227.29")
L 04/23/2017 - 23:21:28: [admin.amxx] Login: "EvolGeniuS - ThE king#<172><STEAM_0:1:84045719><>" became an admin (account "EvolGeniuS - ThE king#") (access "b") (address "5.14.167.12")
L 04/23/2017 - 23:24:37: [slayafk.amxx] tiganu a primit slay, deoarece a fost afk mai mult de 30 secunde
L 04/23/2017 - 23:32:32: [slayafk.amxx] masina2 a primit slay, deoarece a fost afk mai mult de 30 secunde
L 04/23/2017 - 23:34:57: [slayafk.amxx] masina2 a primit slay, deoarece a fost afk mai mult de 30 secunde
L 04/23/2017 - 23:42:52: -------- Mapchange to deathrun_nightrun_beta3 --------
L 04/23/2017 - 23:42:54: [AMXX] Failed to open dictionary file: cstrike/addons/amxmodx/data/lang/walkguard.txt
L 04/23/2017 - 23:42:54: [walkguard.amxx] no zone-file found
L 04/23/2017 - 23:49:36: [admin.amxx] Login: "SWAGGIE. XD<187><VALVE_0:4:862961770><>" became an admin (account "SWAGGIE. XD") (access "b") (address "109.98.131.207")
L 04/23/2017 - 23:57:48: [admin.amxx] Login: "tiganu<188><STEAM_0:0:187978272><>" became an admin (account "tiganu") (access "b") (address "79.117.128.134")
