L 03/18/2017 - 00:06:47: [admin.amxx] Login: "SWAGGIE. XD<74><VALVE_0:4:862961770><>" became an admin (account "SWAGGIE. XD") (access "bi") (address "109.98.131.207")
L 03/18/2017 - 00:15:36: [admincmd.amxx] Cmd: "Dr.FioriGinal.Ro ~ Server Clasi<0><><>" slay "TITANy | check<78><VALVE_0:4:80304370><>"
L 03/18/2017 - 00:32:01: [admincmd.amxx] Cmd: "Dr.FioriGinal.Ro ~ Server Clasi<0><><>" slay "tiganu<84><STEAM_0:0:187978272><>"
L 03/18/2017 - 00:44:39: [admincmd.amxx] Cmd: "Dr.FioriGinal.Ro ~ Server Clasi<0><><>" slay "tiganu<86><STEAM_0:0:187978272><>"
L 03/18/2017 - 00:45:06: [admincmd.amxx] Cmd: "Dr.FioriGinal.Ro ~ Server Clasi<0><><>" slay "tiganu<87><STEAM_0:0:187978272><>"
L 03/18/2017 - 00:45:32: [admincmd.amxx] Cmd: "Dr.FioriGinal.Ro ~ Server Clasi<0><><>" slay "tiganu<88><STEAM_0:0:187978272><>"
L 03/18/2017 - 00:45:54: [admincmd.amxx] Cmd: "Dr.FioriGinal.Ro ~ Server Clasi<0><><>" slay "tiganu<89><STEAM_0:0:187978272><>"
L 03/18/2017 - 00:46:30: [admincmd.amxx] Cmd: "Dr.FioriGinal.Ro ~ Server Clasi<0><><>" slay "tiganu<90><STEAM_0:0:187978272><>"
L 03/18/2017 - 00:46:39: [admincmd.amxx] Cmd: "Dr.FioriGinal.Ro ~ Server Clasi<0><><>" slay "tiganu<91><STEAM_0:0:187978272><>"
L 03/18/2017 - 00:48:16: [admincmd.amxx] Cmd: "Dr.FioriGinal.Ro ~ Server Clasi<0><><>" slay "tiganu<93><STEAM_0:0:187978272><>"
L 03/18/2017 - 00:48:46: [admincmd.amxx] Cmd: "Dr.FioriGinal.Ro ~ Server Clasi<0><><>" slay "tiganu<94><STEAM_0:0:187978272><>"
L 03/18/2017 - 00:48:56: [admincmd.amxx] Cmd: "Dr.FioriGinal.Ro ~ Server Clasi<0><><>" slay "tiganu<95><STEAM_0:0:187978272><>"
L 03/18/2017 - 00:50:54: [admincmd.amxx] Cmd: "Dr.FioriGinal.Ro ~ Server Clasi<0><><>" slay "tiganu<96><STEAM_0:0:187978272><>"
L 03/18/2017 - 00:51:21: [admincmd.amxx] Cmd: "Dr.FioriGinal.Ro ~ Server Clasi<0><><>" slay "tiganu<97><STEAM_0:0:187978272><>"
L 03/18/2017 - 01:13:37: -------- Mapchange to deathrun_pacman_v2 --------
L 03/18/2017 - 01:13:38: [AMXX] Failed to open dictionary file: cstrike/addons/amxmodx/data/lang/walkguard.txt
L 03/18/2017 - 01:13:39: [walkguard.amxx] no zone-file found
L 03/18/2017 - 01:17:02: [admincmd.amxx] Cmd: "Dr.FioriGinal.Ro ~ Server Clasi<0><><>" slay "tiganu<106><STEAM_0:0:187978272><>"
L 03/18/2017 - 01:20:18: [admincmd.amxx] Cmd: "Dr.FioriGinal.Ro ~ Server Clasi<0><><>" slay "tiganu<109><STEAM_0:0:187978272><>"
L 03/18/2017 - 01:21:39: [slayafk.amxx] [U]vox2k a primit slay, deoarece a fost afk mai mult de 30 secunde
L 03/18/2017 - 01:21:48: [admincmd.amxx] Cmd: "Dr.FioriGinal.Ro ~ Server Clasi<0><><>" slay "tiganu<110><STEAM_0:0:187978272><>"
L 03/18/2017 - 01:50:00: [admincmd.amxx] Cmd: "Dr.FioriGinal.Ro ~ Server Clasi<0><><>" slay "tiganu<119><STEAM_0:0:187978272><>"
L 03/18/2017 - 02:23:37: -------- Mapchange to deathrun_purplez_v2_b3 --------
L 03/18/2017 - 02:23:39: [AMXX] Failed to open dictionary file: cstrike/addons/amxmodx/data/lang/walkguard.txt
L 03/18/2017 - 02:23:40: [walkguard.amxx] no zone-file found
L 03/18/2017 - 02:57:06: -------- Mapchange to deathrun_shit_v2 --------
L 03/18/2017 - 02:57:07: [AMXX] Failed to open dictionary file: cstrike/addons/amxmodx/data/lang/walkguard.txt
L 03/18/2017 - 02:57:08: [walkguard.amxx] no zone-file found
L 03/18/2017 - 03:26:57: -------- Mapchange to deathrun_kings_never_die --------
L 03/18/2017 - 03:26:58: [AMXX] Failed to open dictionary file: cstrike/addons/amxmodx/data/lang/walkguard.txt
L 03/18/2017 - 03:26:59: [walkguard.amxx] no zone-file found
L 03/18/2017 - 06:10:18: -------- Mapchange to deathrun_inferno_beta1 --------
L 03/18/2017 - 06:10:19: [AMXX] Failed to open dictionary file: cstrike/addons/amxmodx/data/lang/walkguard.txt
L 03/18/2017 - 06:10:20: [walkguard.amxx] no zone-file found
L 03/18/2017 - 07:49:48: -------- Mapchange to deathrun_coolf4 --------
L 03/18/2017 - 07:49:50: [AMXX] Failed to open dictionary file: cstrike/addons/amxmodx/data/lang/walkguard.txt
L 03/18/2017 - 07:49:51: [walkguard.amxx] no zone-file found
L 03/18/2017 - 07:52:38: [admin.amxx] Login: "wKn<159><STEAM_0:0:196614190><>" became an admin (account "wKn") (access "bi") (address "92.86.226.85")
L 03/18/2017 - 07:52:56: [admin.amxx] Login: "wKn<160><STEAM_0:0:196614190><>" became an admin (account "wKn") (access "bi") (address "92.86.226.85")
L 03/18/2017 - 08:15:36: -------- Mapchange to deathrun_demolish --------
L 03/18/2017 - 08:15:37: [AMXX] Failed to open dictionary file: cstrike/addons/amxmodx/data/lang/walkguard.txt
L 03/18/2017 - 08:15:38: [walkguard.amxx] no zone-file found
L 03/18/2017 - 08:51:08: [admin.amxx] Login: "wKn<173><STEAM_0:0:196614190><>" became an admin (account "wKn") (access "bi") (address "92.86.226.85")
L 03/18/2017 - 08:51:25: -------- Mapchange to deathrun_y_snow_wind_v3 --------
L 03/18/2017 - 08:51:27: [AMXX] Failed to open dictionary file: cstrike/addons/amxmodx/data/lang/walkguard.txt
L 03/18/2017 - 08:51:28: [walkguard.amxx] no zone-file found
L 03/18/2017 - 08:51:28: [admin.amxx] Login: "wKn<173><STEAM_0:0:196614190><>" became an admin (account "wKn") (access "bi") (address "92.86.226.85")
L 03/18/2017 - 08:53:21: [admin.amxx] Login: "wKn<178><STEAM_0:0:196614190><>" became an admin (account "wKn") (access "bi") (address "92.86.226.85")
L 03/18/2017 - 08:53:28: [admincmd.amxx] Cmd: "Dr.FioriGinal.Ro ~ Server Clasi<0><><>" slay "wKn<178><STEAM_0:0:196614190><>"
L 03/18/2017 - 08:58:15: [admin.amxx] Login: "wKn<180><STEAM_0:0:196614190><>" became an admin (account "wKn") (access "bi") (address "92.86.226.85")
L 03/18/2017 - 08:58:22: [admincmd.amxx] Cmd: "Dr.FioriGinal.Ro ~ Server Clasi<0><><>" slay "wKn<180><STEAM_0:0:196614190><>"
L 03/18/2017 - 09:06:03: [admin.amxx] Login: "wKn<182><STEAM_0:0:196614190><>" became an admin (account "wKn") (access "bi") (address "92.86.226.85")
L 03/18/2017 - 09:06:10: [admincmd.amxx] Cmd: "Dr.FioriGinal.Ro ~ Server Clasi<0><><>" slay "wKn<182><STEAM_0:0:196614190><>"
L 03/18/2017 - 09:07:04: [admin.amxx] Login: "wKn<185><STEAM_0:0:196614190><>" became an admin (account "wKn") (access "bi") (address "92.86.226.85")
L 03/18/2017 - 09:07:11: [admincmd.amxx] Cmd: "Dr.FioriGinal.Ro ~ Server Clasi<0><><>" slay "wKn<185><STEAM_0:0:196614190><>"
L 03/18/2017 - 09:07:37: [admincmd.amxx] Cmd: "Dr.FioriGinal.Ro ~ Server Clasi<0><><>" slay "Ticky<186><STEAM_0:0:2122744814><>"
L 03/18/2017 - 09:28:03: [admin.amxx] Login: "irregular<201><STEAM_0:1:101181073><>" became an admin (account "Irregular") (access "bi") (address "79.119.237.113")
L 03/18/2017 - 09:34:56: [admin.amxx] Login: "irregular<202><STEAM_0:1:101181073><>" became an admin (account "Irregular") (access "bi") (address "79.119.237.113")
L 03/18/2017 - 09:35:52: [admin.amxx] Login: "irregular<205><STEAM_0:1:101181073><>" became an admin (account "Irregular") (access "bi") (address "79.119.237.113")
L 03/18/2017 - 09:35:58: [admincmd.amxx] Cmd: "Dr.FioriGinal.Ro ~ Server Clasi<0><><>" slay "irregular<205><STEAM_0:1:101181073><>"
L 03/18/2017 - 09:36:08: [admin.amxx] Login: "irregular<206><STEAM_0:1:101181073><>" became an admin (account "Irregular") (access "bi") (address "79.119.237.113")
L 03/18/2017 - 09:36:14: [admincmd.amxx] Cmd: "Dr.FioriGinal.Ro ~ Server Clasi<0><><>" slay "irregular<206><STEAM_0:1:101181073><>"
L 03/18/2017 - 09:49:06: [admin.amxx] Login: "irregular<209><STEAM_0:1:101181073><>" became an admin (account "Irregular") (access "bi") (address "79.119.237.113")
L 03/18/2017 - 09:49:13: [admincmd.amxx] Cmd: "Dr.FioriGinal.Ro ~ Server Clasi<0><><>" slay "irregular<209><STEAM_0:1:101181073><>"
L 03/18/2017 - 09:49:52: [admin.amxx] Login: "irregular<210><STEAM_0:1:101181073><>" became an admin (account "Irregular") (access "bi") (address "79.119.237.113")
L 03/18/2017 - 09:49:58: [admincmd.amxx] Cmd: "Dr.FioriGinal.Ro ~ Server Clasi<0><><>" slay "irregular<210><STEAM_0:1:101181073><>"
L 03/18/2017 - 09:51:02: [admin.amxx] Login: "irregular<211><STEAM_0:1:101181073><>" became an admin (account "Irregular") (access "bi") (address "79.119.237.113")
L 03/18/2017 - 09:51:08: [admincmd.amxx] Cmd: "Dr.FioriGinal.Ro ~ Server Clasi<0><><>" slay "irregular<211><STEAM_0:1:101181073><>"
L 03/18/2017 - 09:52:06: [admin.amxx] Login: "irregular<212><STEAM_0:1:101181073><>" became an admin (account "Irregular") (access "bi") (address "79.119.237.113")
L 03/18/2017 - 09:52:12: [admincmd.amxx] Cmd: "Dr.FioriGinal.Ro ~ Server Clasi<0><><>" slay "irregular<212><STEAM_0:1:101181073><>"
L 03/18/2017 - 10:06:57: [admincmd.amxx] Cmd: "Dr.FioriGinal.Ro ~ Server Clasi<0><><>" slay "NOOB<228><STEAM_0:0:1539025401><>"
L 03/18/2017 - 10:15:27: [admincmd.amxx] Cmd: "Dr.FioriGinal.Ro ~ Server Clasi<0><><>" slay "NOOB<232><STEAM_0:0:1539025401><>"
L 03/18/2017 - 10:15:51: [admincmd.amxx] Cmd: "Dr.FioriGinal.Ro ~ Server Clasi<0><><>" slay "NOOB<235><STEAM_0:0:1539025401><>"
L 03/18/2017 - 10:16:24: [admincmd.amxx] Cmd: "Dr.FioriGinal.Ro ~ Server Clasi<0><><>" slay "BlacKDeviL<236><STEAM_0:1:69531751><>"
L 03/18/2017 - 10:18:59: [admin.amxx] Login: "paNda<240><VALVE_0:4:1726302459><>" kicked due to invalid password (account "Panda") (address "79.115.150.100")
L 03/18/2017 - 10:22:31: [admincmd.amxx] Cmd: "Dr.FioriGinal.Ro ~ Server Clasi<0><><>" slay "NOOB<243><STEAM_0:0:1539025401><>"
L 03/18/2017 - 10:24:36: [admincmd.amxx] Cmd: "Dr.FioriGinal.Ro ~ Server Clasi<0><><>" slay "NOOB<246><STEAM_0:0:1539025401><>"
L 03/18/2017 - 10:26:17: [slayafk.amxx] NOOB a primit slay, deoarece a fost afk mai mult de 30 secunde
L 03/18/2017 - 10:28:11: [admin.amxx] Login: "irregular<251><STEAM_0:1:101181073><>" became an admin (account "Irregular") (access "bi") (address "79.119.237.113")
L 03/18/2017 - 10:28:15: [admin.amxx] Login: "irregular<252><STEAM_0:1:101181073><>" became an admin (account "Irregular") (access "bi") (address "79.119.237.113")
L 03/18/2017 - 10:28:19: [admin.amxx] Login: "irregular<253><STEAM_0:1:101181073><>" became an admin (account "Irregular") (access "bi") (address "79.119.237.113")
L 03/18/2017 - 10:28:48: [admin.amxx] Login: "irregular<256><STEAM_0:1:101181073><>" became an admin (account "Irregular") (access "bi") (address "79.119.237.113")
L 03/18/2017 - 10:28:52: [admin.amxx] Login: "irregular<257><STEAM_0:1:101181073><>" became an admin (account "Irregular") (access "bi") (address "79.119.237.113")
L 03/18/2017 - 10:29:01: [admin.amxx] Login: "irregular<258><STEAM_0:1:101181073><>" became an admin (account "Irregular") (access "bi") (address "79.119.237.113")
L 03/18/2017 - 10:29:15: [admin.amxx] Login: "irregular<259><STEAM_0:1:101181073><>" became an admin (account "Irregular") (access "bi") (address "79.119.237.113")
L 03/18/2017 - 10:32:20: [admincmd.amxx] Cmd: "Dr.FioriGinal.Ro ~ Server Clasi<0><><>" slay "KING#$$$DaRc3$$$$<263><VALVE_0:4:1921894907><>"
L 03/18/2017 - 10:41:05: [admincmd.amxx] Cmd: "Dr.FioriGinal.Ro ~ Server Clasi<0><><>" slay "Xzppz<268><VALVE_0:4:1605039966><>"
L 03/18/2017 - 10:41:16: [admincmd.amxx] Cmd: "Dr.FioriGinal.Ro ~ Server Clasi<0><><>" slay "Xzppz<270><VALVE_0:4:1605039966><>"
L 03/18/2017 - 10:41:20: [admincmd.amxx] Cmd: "Dr.FioriGinal.Ro ~ Server Clasi<0><><>" slay "NOOB<271><STEAM_0:0:1539025401><>"
L 03/18/2017 - 10:44:05: [admincmd.amxx] Cmd: "Dr.FioriGinal.Ro ~ Server Clasi<0><><>" slay "Xzppz<274><VALVE_0:4:1605039966><>"
L 03/18/2017 - 10:45:33: [admin.amxx] Login: "irregular<275><STEAM_0:1:101181073><>" became an admin (account "Irregular") (access "bi") (address "79.119.237.113")
L 03/18/2017 - 10:48:55: [admin.amxx] Login: "irregular<276><STEAM_0:1:101181073><>" became an admin (account "Irregular") (access "bi") (address "79.119.237.113")
L 03/18/2017 - 10:54:09: [admincmd.amxx] Cmd: "Dr.FioriGinal.Ro ~ Server Clasi<0><><>" slay "NOOB<279><STEAM_0:0:1539025401><>"
L 03/18/2017 - 10:57:54: [admincmd.amxx] Cmd: "Dr.FioriGinal.Ro ~ Server Clasi<0><><>" slay "NOOB<281><STEAM_0:0:1539025401><>"
L 03/18/2017 - 10:59:44: [admincmd.amxx] Cmd: "Dr.FioriGinal.Ro ~ Server Clasi<0><><>" slay "NOOB<283><STEAM_0:0:1539025401><>"
L 03/18/2017 - 11:17:38: [admincmd.amxx] Cmd: "Dr.FioriGinal.Ro ~ Server Clasi<0><><>" slay "D@rKWoLf<294><VALVE_0:4:1423357424><>"
L 03/18/2017 - 11:18:30: [admincmd.amxx] Cmd: "Dr.FioriGinal.Ro ~ Server Clasi<0><><>" slay "NOOB<295><STEAM_0:0:1539025401><>"
L 03/18/2017 - 11:19:53: [admincmd.amxx] Cmd: "Dr.FioriGinal.Ro ~ Server Clasi<0><><>" slay "Xboost-Players<298><STEAM_0:0:42600><>"
L 03/18/2017 - 11:19:57: [admincmd.amxx] Cmd: "Dr.FioriGinal.Ro ~ Server Clasi<0><><>" slay "NOOB<299><STEAM_0:0:1539025401><>"
L 03/18/2017 - 11:21:10: [admincmd.amxx] Cmd: "Dr.FioriGinal.Ro ~ Server Clasi<0><><>" slay "Xboost-Players<300><STEAM_0:0:42600><>"
L 03/18/2017 - 11:22:41: [admincmd.amxx] Cmd: "Dr.FioriGinal.Ro ~ Server Clasi<0><><>" slay "Xboost-Players<302><STEAM_0:0:42600><>"
L 03/18/2017 - 11:23:57: [admincmd.amxx] Cmd: "Dr.FioriGinal.Ro ~ Server Clasi<0><><>" slay "Xboost-Players<304><STEAM_0:0:42600><>"
L 03/18/2017 - 11:24:24: [admincmd.amxx] Cmd: "Dr.FioriGinal.Ro ~ Server Clasi<0><><>" slay "Xboost-Players<305><STEAM_0:0:42600><>"
L 03/18/2017 - 11:27:11: [admincmd.amxx] Cmd: "Dr.FioriGinal.Ro ~ Server Clasi<0><><>" slay "NOOB<308><STEAM_0:0:1539025401><>"
L 03/18/2017 - 11:29:08: [admincmd.amxx] Cmd: "Dr.FioriGinal.Ro ~ Server Clasi<0><><>" slay "NOOB<316><STEAM_0:0:1539025401><>"
L 03/18/2017 - 11:36:28: [admincmd.amxx] Cmd: "Dr.FioriGinal.Ro ~ Server Clasi<0><><>" slay "Aleks<337><STEAM_0:0:1765999531><>"
L 03/18/2017 - 11:36:33: [admincmd.amxx] Cmd: "Dr.FioriGinal.Ro ~ Server Clasi<0><><>" slay "Ro.#iNdecEnT<338><STEAM_0:0:58082199><>"
L 03/18/2017 - 11:39:18: [admincmd.amxx] Cmd: "Dr.FioriGinal.Ro ~ Server Clasi<0><><>" slay "qeCe<345><STEAM_0:0:178764779><>"
L 03/18/2017 - 11:39:27: [admincmd.amxx] Cmd: "Dr.FioriGinal.Ro ~ Server Clasi<0><><>" slay "Xzppz<346><VALVE_0:4:1605039966><>"
L 03/18/2017 - 11:52:31: [admincmd.amxx] Cmd: "Dr.FioriGinal.Ro ~ Server Clasi<0><><>" slay "IoNuT<364><STEAM_0:0:43187033><>"
L 03/18/2017 - 12:05:11: [admincmd.amxx] Cmd: "Dr.FioriGinal.Ro ~ Server Clasi<0><><>" slay "Xzppz<374><VALVE_0:4:1605039966><>"
L 03/18/2017 - 12:09:25: [admincmd.amxx] Cmd: "Dr.FioriGinal.Ro ~ Server Clasi<0><><>" slay "zoc<379><VALVE_0:4:269828714><>"
L 03/18/2017 - 12:10:34: [admincmd.amxx] Cmd: "Dr.FioriGinal.Ro ~ Server Clasi<0><><>" slay "Xzppz<381><VALVE_0:4:1605039966><>"
L 03/18/2017 - 12:10:47: [admincmd.amxx] Cmd: "Dr.FioriGinal.Ro ~ Server Clasi<0><><>" slay "Xzppz<383><VALVE_0:4:1605039966><>"
L 03/18/2017 - 12:17:11: [admincmd.amxx] Cmd: "Dr.FioriGinal.Ro ~ Server Clasi<0><><>" slay "sHooT-pRo*<390><STEAM_0:0:881901259><>"
L 03/18/2017 - 12:41:21: -------- Mapchange to deathrun_adelina --------
L 03/18/2017 - 12:41:22: [AMXX] Failed to open dictionary file: cstrike/addons/amxmodx/data/lang/walkguard.txt
L 03/18/2017 - 12:41:24: [walkguard.amxx] no zone-file found
L 03/18/2017 - 12:50:00: [admincmd.amxx] Cmd: "Dr.FioriGinal.Ro ~ Server Clasi<0><><>" slay "qeCe<417><STEAM_0:0:178764779><>"
L 03/18/2017 - 12:50:23: [admincmd.amxx] Cmd: "Dr.FioriGinal.Ro ~ Server Clasi<0><><>" slay "qeCe<420><STEAM_0:0:178764779><>"
L 03/18/2017 - 12:53:49: [admincmd.amxx] Cmd: "Dr.FioriGinal.Ro ~ Server Clasi<0><><>" slay "qeCe<424><STEAM_0:0:178764779><>"
L 03/18/2017 - 12:54:13: [admincmd.amxx] Cmd: "Dr.FioriGinal.Ro ~ Server Clasi<0><><>" slay "qeCe<426><STEAM_0:0:178764779><>"
L 03/18/2017 - 12:54:44: [admincmd.amxx] Cmd: "Dr.FioriGinal.Ro ~ Server Clasi<0><><>" slay "qeCe<428><STEAM_0:0:178764779><>"
L 03/18/2017 - 13:07:03: [slayafk.amxx] KyrgyZ a primit slay, deoarece a fost afk mai mult de 30 secunde
L 03/18/2017 - 13:21:43: [admincmd.amxx] Cmd: "Dr.FioriGinal.Ro ~ Server Clasi<0><><>" slay "tiganu<463><STEAM_0:0:187978272><>"
L 03/18/2017 - 13:21:56: [admin.amxx] Login: "irregular<464><STEAM_0:1:101181073><>" became an admin (account "Irregular") (access "bi") (address "79.119.237.113")
L 03/18/2017 - 13:30:21: -------- Mapchange to deathrun_scooby-doo --------
L 03/18/2017 - 13:30:23: [AMXX] Failed to open dictionary file: cstrike/addons/amxmodx/data/lang/walkguard.txt
L 03/18/2017 - 13:30:24: [walkguard.amxx] no zone-file found
L 03/18/2017 - 13:34:52: [admincmd.amxx] Cmd: "Dr.FioriGinal.Ro ~ Server Clasi<0><><>" slay "Strepos<480><STEAM_0:0:181894008><>"
L 03/18/2017 - 13:49:10: [admin.amxx] Login: "-rTg|maEsTrOo<492><STEAM_0:1:154430568><>" became an admin (account "-rTg|maEsTrOo") (access "bit") (address "109.96.99.144")
L 03/18/2017 - 13:53:19: [slayafk.amxx] -rTg|maEsTrOo a primit slay, deoarece a fost afk mai mult de 30 secunde
L 03/18/2017 - 14:06:20: [admin.amxx] Login: "wadafac!<505><VALVE_0:4:1880411003><>" became an admin (account "wadafac!") (access "bi") (address "79.116.117.73")
L 03/18/2017 - 14:16:07: [admincmd.amxx] Cmd: "wadafac!<505><VALVE_0:4:1880411003><>" slay "ssaacc.<514><STEAM_0:0:176198545><>"
L 03/18/2017 - 14:17:20: [mapsmenu.amxx] Vote: "wadafac!<505><VALVE_0:4:1880411003><>" vote maps (map#1 "deathrun_hertz") (map#2 "deathrun_bhopz_v2") (map#3 "") (map#4 "")
L 03/18/2017 - 14:17:32: [mapsmenu.amxx] Vote: Voting successful. Map will be changed to deathrun_bhopz_v2
L 03/18/2017 - 14:22:53: -------- Mapchange to deathrun_bhopz_v2 --------
L 03/18/2017 - 14:22:54: [AMXX] Failed to open dictionary file: cstrike/addons/amxmodx/data/lang/walkguard.txt
L 03/18/2017 - 14:22:55: [walkguard.amxx] no zone-file found
L 03/18/2017 - 14:22:56: [admin.amxx] Login: "wadafac!<505><VALVE_0:4:1880411003><>" became an admin (account "wadafac!") (access "bi") (address "79.116.117.73")
L 03/18/2017 - 14:35:52: [admincmd.amxx] Cmd: "Dr.FioriGinal.Ro ~ Server Clasi<0><><>" slay "tiganu<536><STEAM_0:0:187978272><>"
L 03/18/2017 - 14:41:01: [admincmd.amxx] Cmd: "Dr.FioriGinal.Ro ~ Server Clasi<0><><>" slay "Dau-cum-vreau<543><STEAM_0:0:155636302><>"
L 03/18/2017 - 15:13:16: -------- Mapchange to deathrun_winterfg_lux --------
L 03/18/2017 - 15:13:18: [AMXX] Failed to open dictionary file: cstrike/addons/amxmodx/data/lang/walkguard.txt
L 03/18/2017 - 15:13:19: [walkguard.amxx] no zone-file found
L 03/18/2017 - 15:40:22: -------- Mapchange to deathrun_bricks_lux --------
L 03/18/2017 - 15:40:24: [AMXX] Failed to open dictionary file: cstrike/addons/amxmodx/data/lang/walkguard.txt
L 03/18/2017 - 15:40:25: [walkguard.amxx] no zone-file found
L 03/18/2017 - 16:03:20: [admin.amxx] Login: "SWAGGIE. XD<622><VALVE_0:4:862961770><>" became an admin (account "SWAGGIE. XD") (access "bi") (address "109.98.131.207")
L 03/18/2017 - 16:06:04: [mapsmenu.amxx] Vote: "SWAGGIE. XD<622><VALVE_0:4:862961770><>" vote maps (map#1 "deathrun_arctic") (map#2 "deathrun_jinglebells") (map#3 "") (map#4 "")
L 03/18/2017 - 16:06:17: [mapsmenu.amxx] Vote: Voting successful. Map will be changed to deathrun_arctic
L 03/18/2017 - 16:06:18: -------- Mapchange to deathrun_standup2 --------
L 03/18/2017 - 16:06:20: [AMXX] Failed to open dictionary file: cstrike/addons/amxmodx/data/lang/walkguard.txt
L 03/18/2017 - 16:06:21: [walkguard.amxx] no zone-file found
L 03/18/2017 - 16:06:27: [admin.amxx] Login: "SWAGGIE. XD<628><VALVE_0:4:862961770><>" became an admin (account "SWAGGIE. XD") (access "bi") (address "109.98.131.207")
L 03/18/2017 - 16:06:28: [admin.amxx] Login: "SWAGGIE. XD<630><VALVE_0:4:862961770><>" became an admin (account "SWAGGIE. XD") (access "bi") (address "109.98.131.207")
L 03/18/2017 - 16:13:07: [admin.amxx] Login: "wadafac!<644><VALVE_0:4:1880411003><>" became an admin (account "wadafac!") (access "bi") (address "79.116.117.73")
L 03/18/2017 - 16:22:54: [admincmd.amxx] Cmd: "SWAGGIE. XD<630><VALVE_0:4:862961770><>" slay "SWAGGIE. XD<630><VALVE_0:4:862961770><>"
L 03/18/2017 - 16:23:48: [mapsmenu.amxx] Vote: "SWAGGIE. XD<630><VALVE_0:4:862961770><>" vote maps (map#1 "deathrun_challenge_x") (map#2 "deathrun_hertz") (map#3 "") (map#4 "")
L 03/18/2017 - 16:24:00: [mapsmenu.amxx] Vote: Voting successful. Map will be changed to deathrun_challenge_x
L 03/18/2017 - 16:25:08: [admincmd.amxx] Cmd: "wadafac!<644><VALVE_0:4:1880411003><>" change nick to "robben" "robben <strange><654><VALVE_0:4:1597915882><>"
L 03/18/2017 - 16:26:11: [admincmd.amxx] Kick: "wadafac!<644><VALVE_0:4:1880411003><>" kick "addons<654><VALVE_0:4:1597915882><>" (reason "")
L 03/18/2017 - 16:26:34: [admincmd.amxx] Kick: "wadafac!<644><VALVE_0:4:1880411003><>" kick "robben <strange><657><VALVE_0:4:1597915882><>" (reason "")
L 03/18/2017 - 16:26:54: [admin.amxx] Login: "Scooby1^<660><VALVE_0:4:1597915882><>" became an admin (account "Scooby1^") (access "bi") (address "109.103.32.23")
L 03/18/2017 - 16:31:50: -------- Mapchange to deathrun_challenge_x --------
L 03/18/2017 - 16:31:52: [AMXX] Failed to open dictionary file: cstrike/addons/amxmodx/data/lang/walkguard.txt
L 03/18/2017 - 16:31:53: [walkguard.amxx] no zone-file found
L 03/18/2017 - 16:31:53: [admin.amxx] Login: "Scooby1^<660><VALVE_0:4:1597915882><>" became an admin (account "Scooby1^") (access "bi") (address "109.103.32.23")
L 03/18/2017 - 16:31:53: [admin.amxx] Login: "SWAGGIE. XD<630><VALVE_0:4:862961770><>" became an admin (account "SWAGGIE. XD") (access "bi") (address "109.98.131.207")
L 03/18/2017 - 16:31:53: [admin.amxx] Login: "wadafac!<644><VALVE_0:4:1880411003><>" became an admin (account "wadafac!") (access "bi") (address "79.116.117.73")
L 03/18/2017 - 16:37:47: [slayafk.amxx] DoZe a primit slay, deoarece a fost afk mai mult de 30 secunde
L 03/18/2017 - 16:40:39: [adminchat.amxx] Chat: "DeVo<673><VALVE_0:4:982469751><>" chat " wadafuk lasa-l man in pace ca nu e pe treaba lui se plictiseste"
L 03/18/2017 - 16:44:59: [admincmd.amxx] Cmd: "SWAGGIE. XD<630><VALVE_0:4:862961770><>" slay "Xboost-Players<687><STEAM_0:0:1602775759><>"
L 03/18/2017 - 16:45:03: [admincmd.amxx] Cmd: "SWAGGIE. XD<630><VALVE_0:4:862961770><>" slay "polonia<688><VALVE_0:4:686137591><>"
L 03/18/2017 - 16:56:45: [admincmd.amxx] Cmd: "Dr.FioriGinal.Ro ~ Server Clasi<0><><>" slay "polonia<700><VALVE_0:4:686137591><>"
L 03/18/2017 - 17:00:12: -------- Mapchange to deathrun_holiday --------
L 03/18/2017 - 17:00:14: [AMXX] Failed to open dictionary file: cstrike/addons/amxmodx/data/lang/walkguard.txt
L 03/18/2017 - 17:00:15: [walkguard.amxx] no zone-file found
L 03/18/2017 - 17:05:30: [admincmd.amxx] Cmd: "Dr.FioriGinal.Ro ~ Server Clasi<0><><>" slay "polonia<715><VALVE_0:4:686137591><>"
L 03/18/2017 - 17:07:14: [admin.amxx] Login: "wadafac!<717><VALVE_0:4:1880411003><>" became an admin (account "wadafac!") (access "bi") (address "79.116.117.73")
L 03/18/2017 - 17:07:22: [admin.amxx] Login: "wadafac!<719><VALVE_0:4:1880411003><>" became an admin (account "wadafac!") (access "bi") (address "79.116.117.73")
L 03/18/2017 - 17:10:10: [slayafk.amxx] Saitama a primit slay, deoarece a fost afk mai mult de 30 secunde
L 03/18/2017 - 17:11:21: [admin.amxx] Login: "wadafac!<726><VALVE_0:4:1880411003><>" became an admin (account "wadafac!") (access "bi") (address "79.116.117.73")
L 03/18/2017 - 17:17:10: [slayafk.amxx] DoZe a primit slay, deoarece a fost afk mai mult de 30 secunde
L 03/18/2017 - 17:20:48: [admincmd.amxx] Cmd: "wadafac!<726><VALVE_0:4:1880411003><>" slap with 0 damage "DoZe<676><STEAM_0:0:1898515925><>"
L 03/18/2017 - 17:21:03: [admincmd.amxx] Cmd: "wadafac!<726><VALVE_0:4:1880411003><>" slap with 0 damage "DoZe<676><STEAM_0:0:1898515925><>"
L 03/18/2017 - 17:21:06: [admincmd.amxx] Cmd: "wadafac!<726><VALVE_0:4:1880411003><>" slap with 0 damage "DoZe<676><STEAM_0:0:1898515925><>"
L 03/18/2017 - 17:21:08: [admincmd.amxx] Cmd: "wadafac!<726><VALVE_0:4:1880411003><>" slap with 0 damage "DoZe<676><STEAM_0:0:1898515925><>"
L 03/18/2017 - 17:21:09: [admincmd.amxx] Cmd: "wadafac!<726><VALVE_0:4:1880411003><>" slap with 0 damage "DoZe<676><STEAM_0:0:1898515925><>"
L 03/18/2017 - 17:21:13: [admincmd.amxx] Cmd: "wadafac!<726><VALVE_0:4:1880411003><>" slap with 0 damage "DoZe<676><STEAM_0:0:1898515925><>"
L 03/18/2017 - 17:21:13: [admincmd.amxx] Cmd: "wadafac!<726><VALVE_0:4:1880411003><>" slap with 0 damage "DoZe<676><STEAM_0:0:1898515925><>"
L 03/18/2017 - 17:21:16: [admincmd.amxx] Cmd: "wadafac!<726><VALVE_0:4:1880411003><>" slap with 0 damage "DoZe<676><STEAM_0:0:1898515925><>"
L 03/18/2017 - 17:22:15: [slayafk.amxx] DeVo a primit slay, deoarece a fost afk mai mult de 30 secunde
L 03/18/2017 - 17:22:50: [slayafk.amxx] DeVo a primit slay, deoarece a fost afk mai mult de 30 secunde
L 03/18/2017 - 17:24:31: [mapsmenu.amxx] Vote: "wadafac!<726><VALVE_0:4:1880411003><>" vote maps (map#1 "deathrun_hertz") (map#2 "deathrun_long_run") (map#3 "") (map#4 "")
L 03/18/2017 - 17:24:43: [mapsmenu.amxx] Vote: Voting successful. Map will be changed to deathrun_hertz
L 03/18/2017 - 17:24:47: [admincmd.amxx] Cmd: "wadafac!<726><VALVE_0:4:1880411003><>" slay "polonia<733><VALVE_0:4:686137591><>"
L 03/18/2017 - 17:25:20: [slayafk.amxx] DeVo a primit slay, deoarece a fost afk mai mult de 30 secunde
L 03/18/2017 - 17:26:35: [admin.amxx] Login: "Scooby1^<737><VALVE_0:4:1597915882><>" became an admin (account "Scooby1^") (access "bi") (address "109.103.32.23")
L 03/18/2017 - 17:26:49: -------- Mapchange to deathrun_hertz --------
L 03/18/2017 - 17:26:51: [AMXX] Failed to open dictionary file: cstrike/addons/amxmodx/data/lang/walkguard.txt
L 03/18/2017 - 17:26:52: [walkguard.amxx] no zone-file found
L 03/18/2017 - 17:26:52: [admin.amxx] Login: "wadafac!<726><VALVE_0:4:1880411003><>" became an admin (account "wadafac!") (access "bi") (address "79.116.117.73")
L 03/18/2017 - 17:27:27: [slayafk.amxx] DeVo a primit slay, deoarece a fost afk mai mult de 30 secunde
L 03/18/2017 - 17:32:37: [slayafk.amxx] DoZe a primit slay, deoarece a fost afk mai mult de 30 secunde
L 03/18/2017 - 17:33:52: [admin.amxx] Login: "SWAGGIE. XD<759><VALVE_0:4:862961770><>" became an admin (account "SWAGGIE. XD") (access "bi") (address "109.98.131.207")
L 03/18/2017 - 17:34:02: [slayafk.amxx] DoZe a primit slay, deoarece a fost afk mai mult de 30 secunde
L 03/18/2017 - 17:38:04: [admin.amxx] Login: "spartanC3<761><STEAM_0:0:420004132><>" kicked due to invalid password (account "spartanC3") (address "92.86.36.121")
L 03/18/2017 - 17:42:12: [slayafk.amxx] DoZe a primit slay, deoarece a fost afk mai mult de 30 secunde
L 03/18/2017 - 17:43:53: [admin.amxx] Login: "SWAGGIE. XD<763><VALVE_0:4:862961770><>" became an admin (account "SWAGGIE. XD") (access "bi") (address "109.98.131.207")
L 03/18/2017 - 17:46:28: [admincmd.amxx] Cmd: "Dr.FioriGinal.Ro ~ Server Clasi<0><><>" slay "<DRILON><767><VALVE_0:4:241085299><>"
L 03/18/2017 - 17:48:07: [slayafk.amxx] wadafac! a primit slay, deoarece a fost afk mai mult de 30 secunde
L 03/18/2017 - 17:48:07: [slayafk.amxx] DoZe a primit slay, deoarece a fost afk mai mult de 30 secunde
L 03/18/2017 - 17:49:29: [adminchat.amxx] Chat: "wadafac!<726><VALVE_0:4:1880411003><>" chat "swag dai tu vot?"
L 03/18/2017 - 17:49:38: [adminchat.amxx] Chat: "wadafac!<726><VALVE_0:4:1880411003><>" chat "dai un longrun"
L 03/18/2017 - 17:49:51: [adminchat.amxx] Chat: "wadafac!<726><VALVE_0:4:1880411003><>" chat "sau 0mega"
L 03/18/2017 - 17:50:58: [admincmd.amxx] Cmd: "wadafac!<726><VALVE_0:4:1880411003><>" slay "<DRILON><767><VALVE_0:4:241085299><>"
L 03/18/2017 - 17:51:29: [adminchat.amxx] Chat: "SWAGGIE. XD<763><VALVE_0:4:862961770><>" chat " dai tu vot?"
L 03/18/2017 - 17:52:19: [mapsmenu.amxx] Vote: "SWAGGIE. XD<763><VALVE_0:4:862961770><>" vote maps (map#1 "deathrun_0mega") (map#2 "deathrun_long_run") (map#3 "") (map#4 "")
L 03/18/2017 - 17:52:31: [mapsmenu.amxx] Vote: Voting successful. Map will be changed to deathrun_long_run
L 03/18/2017 - 17:53:29: -------- Mapchange to deathrun_long_run --------
L 03/18/2017 - 17:53:30: [AMXX] Failed to open dictionary file: cstrike/addons/amxmodx/data/lang/walkguard.txt
L 03/18/2017 - 17:53:32: [walkguard.amxx] no zone-file found
L 03/18/2017 - 17:53:32: [admin.amxx] Login: "SWAGGIE. XD<763><VALVE_0:4:862961770><>" became an admin (account "SWAGGIE. XD") (access "bi") (address "109.98.131.207")
L 03/18/2017 - 17:53:32: [admin.amxx] Login: "wadafac!<726><VALVE_0:4:1880411003><>" became an admin (account "wadafac!") (access "bi") (address "79.116.117.73")
L 03/18/2017 - 17:54:06: [slayafk.amxx] DoZe a primit slay, deoarece a fost afk mai mult de 30 secunde
L 03/18/2017 - 17:54:10: [admin.amxx] Login: "Scooby1^<775><VALVE_0:4:1597915882><>" became an admin (account "Scooby1^") (access "bi") (address "109.103.32.23")
L 03/18/2017 - 17:54:41: [slayafk.amxx] DoZe a primit slay, deoarece a fost afk mai mult de 30 secunde
L 03/18/2017 - 17:56:41: [slayafk.amxx] DoZe a primit slay, deoarece a fost afk mai mult de 30 secunde
L 03/18/2017 - 17:56:42: [admin.amxx] Login: "cool<778><STEAM_0:1:25922700><>" became an admin (account "cool") (access "bi") (address "5.14.99.188")
L 03/18/2017 - 17:56:45: [admin.amxx] Login: "cool<779><STEAM_0:1:25922700><>" became an admin (account "cool") (access "bi") (address "5.14.99.188")
L 03/18/2017 - 17:57:21: [slayafk.amxx] DoZe a primit slay, deoarece a fost afk mai mult de 30 secunde
L 03/18/2017 - 18:00:16: [slayafk.amxx] DoZe a primit slay, deoarece a fost afk mai mult de 30 secunde
L 03/18/2017 - 18:02:46: [slayafk.amxx] DoZe a primit slay, deoarece a fost afk mai mult de 30 secunde
L 03/18/2017 - 18:05:21: [slayafk.amxx] DoZe a primit slay, deoarece a fost afk mai mult de 30 secunde
L 03/18/2017 - 18:08:16: [slayafk.amxx] wadafac! a primit slay, deoarece a fost afk mai mult de 30 secunde
L 03/18/2017 - 18:08:21: [slayafk.amxx] DoZe a primit slay, deoarece a fost afk mai mult de 30 secunde
L 03/18/2017 - 18:10:01: [slayafk.amxx] wadafac! a primit slay, deoarece a fost afk mai mult de 30 secunde
L 03/18/2017 - 18:11:26: [slayafk.amxx] DoZe a primit slay, deoarece a fost afk mai mult de 30 secunde
L 03/18/2017 - 18:11:31: [slayafk.amxx] wadafac! a primit slay, deoarece a fost afk mai mult de 30 secunde
L 03/18/2017 - 18:11:31: [slayafk.amxx] SWAGGIE. XD a primit slay, deoarece a fost afk mai mult de 30 secunde
L 03/18/2017 - 18:12:56: [slayafk.amxx] wadafac! a primit slay, deoarece a fost afk mai mult de 30 secunde
L 03/18/2017 - 18:12:56: [slayafk.amxx] SWAGGIE. XD a primit slay, deoarece a fost afk mai mult de 30 secunde
L 03/18/2017 - 18:13:36: [slayafk.amxx] DoZe a primit slay, deoarece a fost afk mai mult de 30 secunde
L 03/18/2017 - 18:13:41: [slayafk.amxx] wadafac! a primit slay, deoarece a fost afk mai mult de 30 secunde
L 03/18/2017 - 18:13:41: [slayafk.amxx] SWAGGIE. XD a primit slay, deoarece a fost afk mai mult de 30 secunde
L 03/18/2017 - 18:15:21: [slayafk.amxx] wadafac! a primit slay, deoarece a fost afk mai mult de 30 secunde
L 03/18/2017 - 18:15:21: [slayafk.amxx] SWAGGIE. XD a primit slay, deoarece a fost afk mai mult de 30 secunde
L 03/18/2017 - 18:15:21: [slayafk.amxx] DoZe a primit slay, deoarece a fost afk mai mult de 30 secunde
L 03/18/2017 - 18:16:36: [slayafk.amxx] wadafac! a primit slay, deoarece a fost afk mai mult de 30 secunde
L 03/18/2017 - 18:16:36: [slayafk.amxx] SWAGGIE. XD a primit slay, deoarece a fost afk mai mult de 30 secunde
L 03/18/2017 - 18:16:36: [slayafk.amxx] DoZe a primit slay, deoarece a fost afk mai mult de 30 secunde
L 03/18/2017 - 18:17:36: [slayafk.amxx] wadafac! a primit slay, deoarece a fost afk mai mult de 30 secunde
L 03/18/2017 - 18:17:36: [slayafk.amxx] DoZe a primit slay, deoarece a fost afk mai mult de 30 secunde
L 03/18/2017 - 18:19:11: [slayafk.amxx] SWAGGIE. XD a primit slay, deoarece a fost afk mai mult de 30 secunde
L 03/18/2017 - 18:19:16: [slayafk.amxx] wadafac! a primit slay, deoarece a fost afk mai mult de 30 secunde
L 03/18/2017 - 18:20:43: -------- Mapchange to deathrun_abtropicano2 --------
L 03/18/2017 - 18:20:45: [AMXX] Failed to open dictionary file: cstrike/addons/amxmodx/data/lang/walkguard.txt
L 03/18/2017 - 18:20:47: [admin.amxx] Login: "wadafac!<726><VALVE_0:4:1880411003><>" became an admin (account "wadafac!") (access "bi") (address "79.116.117.73")
L 03/18/2017 - 18:20:47: [admin.amxx] Login: "SWAGGIE. XD<763><VALVE_0:4:862961770><>" became an admin (account "SWAGGIE. XD") (access "bi") (address "109.98.131.207")
L 03/18/2017 - 18:20:47: [walkguard.amxx] no zone-file found
L 03/18/2017 - 18:21:21: [slayafk.amxx] wadafac! a primit slay, deoarece a fost afk mai mult de 30 secunde
L 03/18/2017 - 18:21:21: [slayafk.amxx] AndreyMnT a primit slay, deoarece a fost afk mai mult de 30 secunde
L 03/18/2017 - 18:21:21: [slayafk.amxx] SWAGGIE. XD a primit slay, deoarece a fost afk mai mult de 30 secunde
L 03/18/2017 - 18:21:21: [slayafk.amxx] DoZe a primit slay, deoarece a fost afk mai mult de 30 secunde
L 03/18/2017 - 18:21:56: [slayafk.amxx] wadafac! a primit slay, deoarece a fost afk mai mult de 30 secunde
L 03/18/2017 - 18:21:56: [slayafk.amxx] SWAGGIE. XD a primit slay, deoarece a fost afk mai mult de 30 secunde
L 03/18/2017 - 18:21:56: [slayafk.amxx] DoZe a primit slay, deoarece a fost afk mai mult de 30 secunde
L 03/18/2017 - 18:22:56: [slayafk.amxx] wadafac! a primit slay, deoarece a fost afk mai mult de 30 secunde
L 03/18/2017 - 18:22:56: [slayafk.amxx] SWAGGIE. XD a primit slay, deoarece a fost afk mai mult de 30 secunde
L 03/18/2017 - 18:24:16: [slayafk.amxx] DoZe a primit slay, deoarece a fost afk mai mult de 30 secunde
L 03/18/2017 - 18:24:21: [slayafk.amxx] wadafac! a primit slay, deoarece a fost afk mai mult de 30 secunde
L 03/18/2017 - 18:25:06: [slayafk.amxx] SWAGGIE. XD a primit slay, deoarece a fost afk mai mult de 30 secunde
L 03/18/2017 - 18:25:11: [slayafk.amxx] wadafac! a primit slay, deoarece a fost afk mai mult de 30 secunde
L 03/18/2017 - 18:25:11: [slayafk.amxx] DoZe a primit slay, deoarece a fost afk mai mult de 30 secunde
L 03/18/2017 - 18:26:06: [slayafk.amxx] wadafac! a primit slay, deoarece a fost afk mai mult de 30 secunde
L 03/18/2017 - 18:26:06: [slayafk.amxx] DoZe a primit slay, deoarece a fost afk mai mult de 30 secunde
L 03/18/2017 - 18:27:26: [slayafk.amxx] SWAGGIE. XD a primit slay, deoarece a fost afk mai mult de 30 secunde
L 03/18/2017 - 18:27:31: [slayafk.amxx] DoZe a primit slay, deoarece a fost afk mai mult de 30 secunde
L 03/18/2017 - 18:28:06: [slayafk.amxx] wadafac! a primit slay, deoarece a fost afk mai mult de 30 secunde
L 03/18/2017 - 18:28:11: [slayafk.amxx] SWAGGIE. XD a primit slay, deoarece a fost afk mai mult de 30 secunde
L 03/18/2017 - 18:28:51: [slayafk.amxx] wadafac! a primit slay, deoarece a fost afk mai mult de 30 secunde
L 03/18/2017 - 18:29:26: [slayafk.amxx] DoZe a primit slay, deoarece a fost afk mai mult de 30 secunde
L 03/18/2017 - 18:30:01: [slayafk.amxx] DoZe a primit slay, deoarece a fost afk mai mult de 30 secunde
L 03/18/2017 - 18:30:41: [slayafk.amxx] wadafac! a primit slay, deoarece a fost afk mai mult de 30 secunde
L 03/18/2017 - 18:31:11: [slayafk.amxx] DoZe a primit slay, deoarece a fost afk mai mult de 30 secunde
L 03/18/2017 - 18:32:06: [slayafk.amxx] wadafac! a primit slay, deoarece a fost afk mai mult de 30 secunde
L 03/18/2017 - 18:32:11: [slayafk.amxx] DoZe a primit slay, deoarece a fost afk mai mult de 30 secunde
L 03/18/2017 - 18:32:51: [slayafk.amxx] wadafac! a primit slay, deoarece a fost afk mai mult de 30 secunde
L 03/18/2017 - 18:33:21: [slayafk.amxx] DoZe a primit slay, deoarece a fost afk mai mult de 30 secunde
L 03/18/2017 - 18:33:31: [slayafk.amxx] wadafac! a primit slay, deoarece a fost afk mai mult de 30 secunde
L 03/18/2017 - 18:34:11: [slayafk.amxx] DoZe a primit slay, deoarece a fost afk mai mult de 30 secunde
L 03/18/2017 - 18:35:26: [slayafk.amxx] wadafac! a primit slay, deoarece a fost afk mai mult de 30 secunde
L 03/18/2017 - 18:37:31: [slayafk.amxx] wadafac! a primit slay, deoarece a fost afk mai mult de 30 secunde
L 03/18/2017 - 18:37:31: [slayafk.amxx] DoZe a primit slay, deoarece a fost afk mai mult de 30 secunde
L 03/18/2017 - 18:38:11: [slayafk.amxx] DoZe a primit slay, deoarece a fost afk mai mult de 30 secunde
L 03/18/2017 - 18:39:36: [slayafk.amxx] wadafac! a primit slay, deoarece a fost afk mai mult de 30 secunde
L 03/18/2017 - 18:39:36: [slayafk.amxx] DoZe a primit slay, deoarece a fost afk mai mult de 30 secunde
L 03/18/2017 - 18:41:01: [slayafk.amxx] DoZe a primit slay, deoarece a fost afk mai mult de 30 secunde
L 03/18/2017 - 18:41:51: [slayafk.amxx] XmaOne - Jucator # GB [404] a primit slay, deoarece a fost afk mai mult de 30 secunde
L 03/18/2017 - 18:42:16: [slayafk.amxx] wadafac! a primit slay, deoarece a fost afk mai mult de 30 secunde
L 03/18/2017 - 18:42:26: [slayafk.amxx] XmaOne - Jucator # GB [404] a primit slay, deoarece a fost afk mai mult de 30 secunde
L 03/18/2017 - 18:43:16: [slayafk.amxx] DoZe a primit slay, deoarece a fost afk mai mult de 30 secunde
L 03/18/2017 - 18:45:06: [slayafk.amxx] wadafac! a primit slay, deoarece a fost afk mai mult de 30 secunde
L 03/18/2017 - 18:45:06: [slayafk.amxx] DoZe a primit slay, deoarece a fost afk mai mult de 30 secunde
L 03/18/2017 - 18:46:01: [slayafk.amxx] wadafac! a primit slay, deoarece a fost afk mai mult de 30 secunde
L 03/18/2017 - 18:46:42: [admin.amxx] Login: "SWAGGIE. XD<819><VALVE_0:4:862961770><>" became an admin (account "SWAGGIE. XD") (access "bi") (address "109.98.131.207")
L 03/18/2017 - 18:46:43: -------- Mapchange to deathrun_trap_canyon --------
L 03/18/2017 - 18:46:45: [AMXX] Failed to open dictionary file: cstrike/addons/amxmodx/data/lang/walkguard.txt
L 03/18/2017 - 18:46:46: [walkguard.amxx] no zone-file found
L 03/18/2017 - 18:46:46: [admin.amxx] Login: "wadafac!<726><VALVE_0:4:1880411003><>" became an admin (account "wadafac!") (access "bi") (address "79.116.117.73")
L 03/18/2017 - 18:46:48: [admin.amxx] Login: "wadafac!<820><VALVE_0:4:1880411003><>" became an admin (account "wadafac!") (access "bi") (address "79.116.117.73")
L 03/18/2017 - 18:46:56: [admin.amxx] Login: "SWAGGIE. XD<826><VALVE_0:4:862961770><>" became an admin (account "SWAGGIE. XD") (access "bi") (address "109.98.131.207")
L 03/18/2017 - 18:59:54: [admincmd.amxx] Cmd: "Dr.FioriGinal.Ro ~ Server Clasi<0><><>" slay "Skynox<831><VALVE_0:4:327789686><>"
L 03/18/2017 - 19:03:21: [admincmd.amxx] Cmd: "Dr.FioriGinal.Ro ~ Server Clasi<0><><>" slay "Skynox<833><VALVE_0:4:327789686><>"
L 03/18/2017 - 19:12:55: -------- Mapchange to deathrun_blabla_hard --------
L 03/18/2017 - 19:12:57: [AMXX] Failed to open dictionary file: cstrike/addons/amxmodx/data/lang/walkguard.txt
L 03/18/2017 - 19:12:58: [walkguard.amxx] no zone-file found
L 03/18/2017 - 19:12:58: [admin.amxx] Login: "wadafac!<820><VALVE_0:4:1880411003><>" became an admin (account "wadafac!") (access "bi") (address "79.116.117.73")
L 03/18/2017 - 19:14:43: [slayafk.amxx] wadafac! a primit slay, deoarece a fost afk mai mult de 30 secunde
L 03/18/2017 - 19:15:48: [slayafk.amxx] DoZe a primit slay, deoarece a fost afk mai mult de 30 secunde
L 03/18/2017 - 19:16:48: [slayafk.amxx] wadafac! a primit slay, deoarece a fost afk mai mult de 30 secunde
L 03/18/2017 - 19:17:53: [slayafk.amxx] wadafac! a primit slay, deoarece a fost afk mai mult de 30 secunde
L 03/18/2017 - 19:17:58: [slayafk.amxx] DoZe a primit slay, deoarece a fost afk mai mult de 30 secunde
L 03/18/2017 - 19:18:53: [slayafk.amxx] DoZe a primit slay, deoarece a fost afk mai mult de 30 secunde
L 03/18/2017 - 19:19:58: [slayafk.amxx] wadafac! a primit slay, deoarece a fost afk mai mult de 30 secunde
L 03/18/2017 - 19:21:03: [slayafk.amxx] DoZe a primit slay, deoarece a fost afk mai mult de 30 secunde
L 03/18/2017 - 19:22:03: [slayafk.amxx] wadafac! a primit slay, deoarece a fost afk mai mult de 30 secunde
L 03/18/2017 - 19:23:13: [slayafk.amxx] DoZe a primit slay, deoarece a fost afk mai mult de 30 secunde
L 03/18/2017 - 19:24:18: [slayafk.amxx] wadafac! a primit slay, deoarece a fost afk mai mult de 30 secunde
L 03/18/2017 - 19:25:28: [slayafk.amxx] DoZe a primit slay, deoarece a fost afk mai mult de 30 secunde
L 03/18/2017 - 19:26:22: [admin.amxx] Login: "SWAGGIE. XD<864><VALVE_0:4:862961770><>" became an admin (account "SWAGGIE. XD") (access "bi") (address "109.98.131.207")
L 03/18/2017 - 19:26:33: [slayafk.amxx] wadafac! a primit slay, deoarece a fost afk mai mult de 30 secunde
L 03/18/2017 - 19:27:43: [slayafk.amxx] DoZe a primit slay, deoarece a fost afk mai mult de 30 secunde
L 03/18/2017 - 19:28:38: [slayafk.amxx] wadafac! a primit slay, deoarece a fost afk mai mult de 30 secunde
L 03/18/2017 - 19:29:48: [slayafk.amxx] DoZe a primit slay, deoarece a fost afk mai mult de 30 secunde
L 03/18/2017 - 19:30:58: [slayafk.amxx] DoZe a primit slay, deoarece a fost afk mai mult de 30 secunde
L 03/18/2017 - 19:31:53: [slayafk.amxx] DoZe a primit slay, deoarece a fost afk mai mult de 30 secunde
L 03/18/2017 - 19:32:58: [slayafk.amxx] wadafac! a primit slay, deoarece a fost afk mai mult de 30 secunde
L 03/18/2017 - 19:33:03: [slayafk.amxx] DoZe a primit slay, deoarece a fost afk mai mult de 30 secunde
L 03/18/2017 - 19:33:58: [slayafk.amxx] DoZe a primit slay, deoarece a fost afk mai mult de 30 secunde
L 03/18/2017 - 19:35:03: [slayafk.amxx] wadafac! a primit slay, deoarece a fost afk mai mult de 30 secunde
L 03/18/2017 - 19:36:18: [slayafk.amxx] DoZe a primit slay, deoarece a fost afk mai mult de 30 secunde
L 03/18/2017 - 19:37:43: [slayafk.amxx] wadafac! a primit slay, deoarece a fost afk mai mult de 30 secunde
L 03/18/2017 - 19:38:43: [slayafk.amxx] DoZe a primit slay, deoarece a fost afk mai mult de 30 secunde
L 03/18/2017 - 19:38:46: -------- Mapchange to deathrun_massive --------
L 03/18/2017 - 19:38:48: [AMXX] Failed to open dictionary file: cstrike/addons/amxmodx/data/lang/walkguard.txt
L 03/18/2017 - 19:38:50: [walkguard.amxx] no zone-file found
L 03/18/2017 - 19:38:50: [admin.amxx] Login: "wadafac!<820><VALVE_0:4:1880411003><>" became an admin (account "wadafac!") (access "bi") (address "79.116.117.73")
L 03/18/2017 - 19:38:51: [admin.amxx] Login: "wadafac!<875><VALVE_0:4:1880411003><>" became an admin (account "wadafac!") (access "bi") (address "79.116.117.73")
L 03/18/2017 - 19:48:04: [admin.amxx] Login: "Scooby1^<892><VALVE_0:4:1597915882><>" became an admin (account "Scooby1^") (access "bi") (address "109.103.32.23")
L 03/18/2017 - 19:50:32: [admin.amxx] Login: "wKn<893><STEAM_0:0:196614190><>" became an admin (account "wKn") (access "bit") (address "92.86.226.85")
L 03/18/2017 - 19:55:06: [admin.amxx] Login: "cool<895><STEAM_0:1:25922700><>" became an admin (account "cool") (access "bi") (address "5.14.99.188")
L 03/18/2017 - 19:55:08: [admin.amxx] Login: "cool<896><STEAM_0:1:25922700><>" became an admin (account "cool") (access "bi") (address "5.14.99.188")
L 03/18/2017 - 20:04:24: -------- Mapchange to deathrun_green_h2_final --------
L 03/18/2017 - 20:04:26: [AMXX] Failed to open dictionary file: cstrike/addons/amxmodx/data/lang/walkguard.txt
L 03/18/2017 - 20:04:27: [walkguard.amxx] no zone-file found
L 03/18/2017 - 20:07:22: [admin.amxx] Login: "cool<902><STEAM_0:1:25922700><>" became an admin (account "cool") (access "bi") (address "5.14.99.188")
L 03/18/2017 - 20:07:24: [admin.amxx] Login: "cool<903><STEAM_0:1:25922700><>" became an admin (account "cool") (access "bi") (address "5.14.99.188")
L 03/18/2017 - 20:25:46: [mapsmenu.amxx] Vote: "cool<903><STEAM_0:1:25922700><>" vote maps (map#1 "deathrun_heaven") (map#2 "deathrun_clarion_dojo_b3") (map#3 "") (map#4 "")
L 03/18/2017 - 20:25:58: [mapsmenu.amxx] Vote: Voting successful. Map will be changed to deathrun_heaven
L 03/18/2017 - 20:28:32: [admin.amxx] Login: "LinuxBENZ<918><STEAM_0:0:850336795><>" became an admin (account "LinuxBENZ") (access "bi") (address "86.126.133.35")
L 03/18/2017 - 20:32:47: -------- Mapchange to deathrun_heaven --------
L 03/18/2017 - 20:32:49: [AMXX] Failed to open dictionary file: cstrike/addons/amxmodx/data/lang/walkguard.txt
L 03/18/2017 - 20:32:50: [walkguard.amxx] no zone-file found
L 03/18/2017 - 20:32:50: [admin.amxx] Login: "cool<903><STEAM_0:1:25922700><>" became an admin (account "cool") (access "bi") (address "5.14.99.188")
L 03/18/2017 - 20:32:51: [admin.amxx] Login: "cool<926><STEAM_0:1:25922700><>" became an admin (account "cool") (access "bi") (address "5.14.99.188")
L 03/18/2017 - 20:54:13: [mapsmenu.amxx] Vote: "cool<926><STEAM_0:1:25922700><>" vote maps (map#1 "deathrun_2h_estonia") (map#2 "deathrun_sammal") (map#3 "") (map#4 "")
L 03/18/2017 - 20:54:25: [mapsmenu.amxx] Vote: Voting successful. Map will be changed to deathrun_sammal
L 03/18/2017 - 20:58:18: -------- Mapchange to deathrun_sammal --------
L 03/18/2017 - 20:58:20: [AMXX] Failed to open dictionary file: cstrike/addons/amxmodx/data/lang/walkguard.txt
L 03/18/2017 - 20:58:21: [walkguard.amxx] no zone-file found
L 03/18/2017 - 20:58:21: [admin.amxx] Login: "cool<926><STEAM_0:1:25922700><>" became an admin (account "cool") (access "bi") (address "5.14.99.188")
L 03/18/2017 - 20:58:23: [admin.amxx] Login: "cool<956><STEAM_0:1:25922700><>" became an admin (account "cool") (access "bi") (address "5.14.99.188")
L 03/18/2017 - 20:59:11: [slayafk.amxx] DoZe a primit slay, deoarece a fost afk mai mult de 30 secunde
L 03/18/2017 - 21:03:11: [slayafk.amxx] cool a primit slay, deoarece a fost afk mai mult de 30 secunde
L 03/18/2017 - 21:03:11: [slayafk.amxx] DoZe a primit slay, deoarece a fost afk mai mult de 30 secunde
L 03/18/2017 - 21:04:26: [slayafk.amxx] DoZe a primit slay, deoarece a fost afk mai mult de 30 secunde
L 03/18/2017 - 21:05:01: [slayafk.amxx] cool a primit slay, deoarece a fost afk mai mult de 30 secunde
L 03/18/2017 - 21:06:21: [slayafk.amxx] cool a primit slay, deoarece a fost afk mai mult de 30 secunde
L 03/18/2017 - 21:07:21: [slayafk.amxx] DoZe a primit slay, deoarece a fost afk mai mult de 30 secunde
L 03/18/2017 - 21:09:06: [slayafk.amxx] DoZe a primit slay, deoarece a fost afk mai mult de 30 secunde
L 03/18/2017 - 21:10:01: [slayafk.amxx] DoZe a primit slay, deoarece a fost afk mai mult de 30 secunde
L 03/18/2017 - 21:10:46: [slayafk.amxx] DoZe a primit slay, deoarece a fost afk mai mult de 30 secunde
L 03/18/2017 - 21:11:36: [slayafk.amxx] DoZe a primit slay, deoarece a fost afk mai mult de 30 secunde
L 03/18/2017 - 21:18:30: [admin.amxx] Login: "Xstrafers # |LOL|XXX<972><STEAM_0:1:24069958><>" became an admin (account "Xstrafers # |LOL|XXX") (access "bi") (address "5.15.80.42")
L 03/18/2017 - 21:18:32: [admin.amxx] Login: "Xstrafers # |LOL|XXX<973><STEAM_0:1:24069958><>" became an admin (account "Xstrafers # |LOL|XXX") (access "bi") (address "5.15.80.42")
L 03/18/2017 - 21:20:56: [slayafk.amxx] DoZe a primit slay, deoarece a fost afk mai mult de 30 secunde
L 03/18/2017 - 21:24:11: [admincmd.amxx] Cmd: "Dr.FioriGinal.Ro ~ Server Clasi<0><><>" slay "abc.<981><VALVE_0:4:754732663><>"
L 03/18/2017 - 21:26:11: [slayafk.amxx] abc. a primit slay, deoarece a fost afk mai mult de 30 secunde
L 03/18/2017 - 21:27:14: [admincmd.amxx] Cmd: "Dr.FioriGinal.Ro ~ Server Clasi<0><><>" slay "abc.<986><VALVE_0:4:754732663><>"
L 03/18/2017 - 21:31:44: [admincmd.amxx] Cmd: "Dr.FioriGinal.Ro ~ Server Clasi<0><><>" slay "adysialtele<993><STEAM_0:0:380777734><>"
L 03/18/2017 - 21:33:38: [admincmd.amxx] Cmd: "Dr.FioriGinal.Ro ~ Server Clasi<0><><>" slay "AnduXIK<994><STEAM_0:1:40514827><>"
L 03/18/2017 - 21:33:59: [admincmd.amxx] Cmd: "Dr.FioriGinal.Ro ~ Server Clasi<0><><>" slay "AnduXIK<996><STEAM_0:1:40514827><>"
L 03/18/2017 - 21:34:40: [admincmd.amxx] Cmd: "Dr.FioriGinal.Ro ~ Server Clasi<0><><>" slay "kNIFE.<998><VALVE_0:4:141250032><>"
L 03/18/2017 - 21:35:28: [admincmd.amxx] Cmd: "Dr.FioriGinal.Ro ~ Server Clasi<0><><>" slay "kNIFE.<999><VALVE_0:4:141250032><>"
L 03/18/2017 - 21:48:11: [admincmd.amxx] Cmd: "Dr.FioriGinal.Ro ~ Server Clasi<0><><>" slay "|Rolis|<1005><STEAM_0:0:213138034><>"
L 03/18/2017 - 21:53:31: [admin.amxx] Login: "Scooby1^<1006><VALVE_0:4:1597915882><>" became an admin (account "Scooby1^") (access "bi") (address "109.103.32.23")
L 03/18/2017 - 22:14:00: -------- Mapchange to deathrun_coolf_3 --------
L 03/18/2017 - 22:14:02: [AMXX] Failed to open dictionary file: cstrike/addons/amxmodx/data/lang/walkguard.txt
L 03/18/2017 - 22:14:04: [walkguard.amxx] no zone-file found
L 03/18/2017 - 22:20:41: [admincmd.amxx] Cmd: "Dr.FioriGinal.Ro ~ Server Clasi<0><><>" slay "tiganu<1023><STEAM_0:0:187978272><>"
L 03/18/2017 - 22:26:23: [slayafk.amxx] XANDER# a primit slay, deoarece a fost afk mai mult de 30 secunde
L 03/18/2017 - 22:27:03: [slayafk.amxx] XANDER# a primit slay, deoarece a fost afk mai mult de 30 secunde
L 03/18/2017 - 22:27:43: [slayafk.amxx] XANDER# a primit slay, deoarece a fost afk mai mult de 30 secunde
L 03/18/2017 - 22:28:58: [slayafk.amxx] XANDER# a primit slay, deoarece a fost afk mai mult de 30 secunde
L 03/18/2017 - 22:30:08: [slayafk.amxx] XANDER# a primit slay, deoarece a fost afk mai mult de 30 secunde
L 03/18/2017 - 22:31:13: [slayafk.amxx] XANDER# a primit slay, deoarece a fost afk mai mult de 30 secunde
L 03/18/2017 - 22:31:53: [slayafk.amxx] XANDER# a primit slay, deoarece a fost afk mai mult de 30 secunde
L 03/18/2017 - 22:32:48: [slayafk.amxx] XANDER# a primit slay, deoarece a fost afk mai mult de 30 secunde
L 03/18/2017 - 22:33:35: [admincmd.amxx] Cmd: "Dr.FioriGinal.Ro ~ Server Clasi<0><><>" slay "nVidia E8 Player<1031><VALVE_0:4:1479104117><>"
L 03/18/2017 - 22:33:58: [slayafk.amxx] XANDER# a primit slay, deoarece a fost afk mai mult de 30 secunde
L 03/18/2017 - 22:35:48: [slayafk.amxx] XANDER# a primit slay, deoarece a fost afk mai mult de 30 secunde
L 03/18/2017 - 22:37:18: [slayafk.amxx] XANDER# a primit slay, deoarece a fost afk mai mult de 30 secunde
L 03/18/2017 - 22:37:53: [slayafk.amxx] Lucifer. # a primit slay, deoarece a fost afk mai mult de 30 secunde
L 03/18/2017 - 22:38:33: [slayafk.amxx] XANDER# a primit slay, deoarece a fost afk mai mult de 30 secunde
L 03/18/2017 - 22:39:33: [slayafk.amxx] XANDER# a primit slay, deoarece a fost afk mai mult de 30 secunde
L 03/18/2017 - 22:40:13: [slayafk.amxx] XANDER# a primit slay, deoarece a fost afk mai mult de 30 secunde
L 03/18/2017 - 22:40:53: [slayafk.amxx] XANDER# a primit slay, deoarece a fost afk mai mult de 30 secunde
L 03/18/2017 - 22:42:03: [slayafk.amxx] XANDER# a primit slay, deoarece a fost afk mai mult de 30 secunde
L 03/18/2017 - 22:42:53: [slayafk.amxx] XANDER# a primit slay, deoarece a fost afk mai mult de 30 secunde
L 03/18/2017 - 22:42:55: [pistols_sql.amxx] FailState == TQUERY_QUERY_FAILED, Query failed.
L 03/18/2017 - 22:43:48: [slayafk.amxx] XANDER# a primit slay, deoarece a fost afk mai mult de 30 secunde
L 03/18/2017 - 22:45:23: [slayafk.amxx] XANDER# a primit slay, deoarece a fost afk mai mult de 30 secunde
L 03/18/2017 - 22:47:08: [slayafk.amxx] XANDER# a primit slay, deoarece a fost afk mai mult de 30 secunde
L 03/18/2017 - 22:49:23: [slayafk.amxx] XANDER# a primit slay, deoarece a fost afk mai mult de 30 secunde
L 03/18/2017 - 22:50:03: [slayafk.amxx] XANDER# a primit slay, deoarece a fost afk mai mult de 30 secunde
L 03/18/2017 - 22:53:03: [slayafk.amxx] XANDER# a primit slay, deoarece a fost afk mai mult de 30 secunde
L 03/18/2017 - 22:54:10: -------- Mapchange to deathrun_air_final --------
L 03/18/2017 - 22:54:12: [AMXX] Failed to open dictionary file: cstrike/addons/amxmodx/data/lang/walkguard.txt
L 03/18/2017 - 22:54:13: [walkguard.amxx] no zone-file found
L 03/18/2017 - 23:06:53: [bhop.amxx] Error on query: Duplicate entry 'Mycula' for key 'NickName'
L 03/18/2017 - 23:06:53: [bhop.amxx] FailState == TQUERY_QUERY_FAILED, Query failed.
L 03/18/2017 - 23:14:56: [admin.amxx] Login: "SWAGGIE. XD<1059><VALVE_0:4:862961770><>" became an admin (account "SWAGGIE. XD") (access "bi") (address "109.98.131.207")
L 03/18/2017 - 23:20:34: -------- Mapchange to deathrun_cliff --------
L 03/18/2017 - 23:20:35: [AMXX] Failed to open dictionary file: cstrike/addons/amxmodx/data/lang/walkguard.txt
L 03/18/2017 - 23:20:37: [walkguard.amxx] no zone-file found
L 03/18/2017 - 23:28:08: [admin.amxx] Login: "SWAGGIE. XD<1069><VALVE_0:4:862961770><>" became an admin (account "SWAGGIE. XD") (access "bi") (address "109.98.131.207")
L 03/18/2017 - 23:29:57: [admin.amxx] Login: "SWAGGIE. XD<1070><VALVE_0:4:862961770><>" became an admin (account "SWAGGIE. XD") (access "bi") (address "109.98.131.207")
L 03/18/2017 - 23:30:03: [admincmd.amxx] Cmd: "Dr.FioriGinal.Ro ~ Server Clasi<0><><>" slay "SWAGGIE. XD<1070><VALVE_0:4:862961770><>"
L 03/18/2017 - 23:39:44: [admin.amxx] Login: "SWAGGIE. XD<1081><VALVE_0:4:862961770><>" became an admin (account "SWAGGIE. XD") (access "bi") (address "109.98.131.207")
L 03/18/2017 - 23:46:57: [admin.amxx] Login: "FAKE ^^<1085><STEAM_0:0:272564954><>" became an admin (account "FAKE ^^") (access "bi") (address "95.76.0.249")
L 03/18/2017 - 23:52:41: [slayafk.amxx] XANDER# a primit slay, deoarece a fost afk mai mult de 30 secunde
