L 05/16/2017 - 00:00:44: [admin.amxx] Login: "tiganu<254><STEAM_0:0:187978272><>" became an admin (account "tiganu") (access "b") (address "79.117.128.134")
L 05/16/2017 - 00:01:55: [admin.amxx] Login: "tiganu<256><STEAM_0:0:187978272><>" became an admin (account "tiganu") (access "b") (address "79.117.128.134")
L 05/16/2017 - 00:01:58: [advanced_bans_sql.amxx] Ban time is up for: FLVXSOW;[ [STEAM_0:0:77647261]
L 05/16/2017 - 00:02:01: [admincmd.amxx] Cmd: "Dr.FioriGinal.Ro ~ Server Clasi<0><><>" slay "tiganu<256><STEAM_0:0:187978272><>"
L 05/16/2017 - 00:07:37: [admin.amxx] Login: "tiganu<258><STEAM_0:0:187978272><>" became an admin (account "tiganu") (access "b") (address "79.117.128.134")
L 05/16/2017 - 00:07:43: [admincmd.amxx] Cmd: "Dr.FioriGinal.Ro ~ Server Clasi<0><><>" slay "tiganu<258><STEAM_0:0:187978272><>"
L 05/16/2017 - 00:11:08: -------- Mapchange to deathrun_privateers --------
L 05/16/2017 - 00:11:10: [AMXX] Failed to open dictionary file: cstrike/addons/amxmodx/data/lang/walkguard.txt
L 05/16/2017 - 00:11:11: [walkguard.amxx] no zone-file found
L 05/16/2017 - 00:11:11: [admin.amxx] Login: "tiganu<258><STEAM_0:0:187978272><>" became an admin (account "tiganu") (access "b") (address "79.117.128.134")
L 05/16/2017 - 00:37:43: -------- Mapchange to deathrun_rizzy_x --------
L 05/16/2017 - 00:37:44: [AMXX] Failed to open dictionary file: cstrike/addons/amxmodx/data/lang/walkguard.txt
L 05/16/2017 - 00:37:45: [walkguard.amxx] no zone-file found
L 05/16/2017 - 01:03:12: -------- Mapchange to deathrun_ghosts --------
L 05/16/2017 - 01:03:13: [AMXX] Failed to open dictionary file: cstrike/addons/amxmodx/data/lang/walkguard.txt
L 05/16/2017 - 01:03:14: [walkguard.amxx] no zone-file found
L 05/16/2017 - 01:38:58: -------- Mapchange to deathrun_sk_occult --------
L 05/16/2017 - 01:38:59: [AMXX] Failed to open dictionary file: cstrike/addons/amxmodx/data/lang/walkguard.txt
L 05/16/2017 - 01:39:01: [walkguard.amxx] no zone-file found
L 05/16/2017 - 01:39:35: [slayafk.amxx] DoZe a primit slay, deoarece a fost afk mai mult de 30 secunde
L 05/16/2017 - 01:40:10: [slayafk.amxx] DoZe a primit slay, deoarece a fost afk mai mult de 30 secunde
L 05/16/2017 - 01:40:50: [slayafk.amxx] DoZe a primit slay, deoarece a fost afk mai mult de 30 secunde
L 05/16/2017 - 01:41:30: [slayafk.amxx] DoZe a primit slay, deoarece a fost afk mai mult de 30 secunde
L 05/16/2017 - 01:42:10: [slayafk.amxx] DoZe a primit slay, deoarece a fost afk mai mult de 30 secunde
L 05/16/2017 - 01:42:50: [slayafk.amxx] DoZe a primit slay, deoarece a fost afk mai mult de 30 secunde
L 05/16/2017 - 01:43:30: [slayafk.amxx] DoZe a primit slay, deoarece a fost afk mai mult de 30 secunde
L 05/16/2017 - 01:44:10: [slayafk.amxx] DoZe a primit slay, deoarece a fost afk mai mult de 30 secunde
L 05/16/2017 - 01:44:50: [slayafk.amxx] DoZe a primit slay, deoarece a fost afk mai mult de 30 secunde
L 05/16/2017 - 01:45:30: [slayafk.amxx] DoZe a primit slay, deoarece a fost afk mai mult de 30 secunde
L 05/16/2017 - 01:46:10: [slayafk.amxx] DoZe a primit slay, deoarece a fost afk mai mult de 30 secunde
L 05/16/2017 - 01:46:50: [slayafk.amxx] DoZe a primit slay, deoarece a fost afk mai mult de 30 secunde
L 05/16/2017 - 01:47:30: [slayafk.amxx] DoZe a primit slay, deoarece a fost afk mai mult de 30 secunde
L 05/16/2017 - 01:48:10: [slayafk.amxx] DoZe a primit slay, deoarece a fost afk mai mult de 30 secunde
L 05/16/2017 - 01:48:50: [slayafk.amxx] DoZe a primit slay, deoarece a fost afk mai mult de 30 secunde
L 05/16/2017 - 01:49:30: [slayafk.amxx] DoZe a primit slay, deoarece a fost afk mai mult de 30 secunde
L 05/16/2017 - 01:50:10: [slayafk.amxx] DoZe a primit slay, deoarece a fost afk mai mult de 30 secunde
L 05/16/2017 - 01:50:50: [slayafk.amxx] DoZe a primit slay, deoarece a fost afk mai mult de 30 secunde
L 05/16/2017 - 01:51:30: [slayafk.amxx] DoZe a primit slay, deoarece a fost afk mai mult de 30 secunde
L 05/16/2017 - 01:52:10: [slayafk.amxx] DoZe a primit slay, deoarece a fost afk mai mult de 30 secunde
L 05/16/2017 - 01:52:50: [slayafk.amxx] DoZe a primit slay, deoarece a fost afk mai mult de 30 secunde
L 05/16/2017 - 01:53:30: [slayafk.amxx] DoZe a primit slay, deoarece a fost afk mai mult de 30 secunde
L 05/16/2017 - 01:54:10: [slayafk.amxx] DoZe a primit slay, deoarece a fost afk mai mult de 30 secunde
L 05/16/2017 - 01:54:50: [slayafk.amxx] DoZe a primit slay, deoarece a fost afk mai mult de 30 secunde
L 05/16/2017 - 01:55:30: [slayafk.amxx] DoZe a primit slay, deoarece a fost afk mai mult de 30 secunde
L 05/16/2017 - 01:56:10: [slayafk.amxx] DoZe a primit slay, deoarece a fost afk mai mult de 30 secunde
L 05/16/2017 - 01:56:50: [slayafk.amxx] DoZe a primit slay, deoarece a fost afk mai mult de 30 secunde
L 05/16/2017 - 01:57:30: [slayafk.amxx] DoZe a primit slay, deoarece a fost afk mai mult de 30 secunde
L 05/16/2017 - 01:58:10: [slayafk.amxx] DoZe a primit slay, deoarece a fost afk mai mult de 30 secunde
L 05/16/2017 - 01:58:50: [slayafk.amxx] DoZe a primit slay, deoarece a fost afk mai mult de 30 secunde
L 05/16/2017 - 01:59:30: [slayafk.amxx] DoZe a primit slay, deoarece a fost afk mai mult de 30 secunde
L 05/16/2017 - 02:00:10: [slayafk.amxx] DoZe a primit slay, deoarece a fost afk mai mult de 30 secunde
L 05/16/2017 - 02:00:50: [slayafk.amxx] DoZe a primit slay, deoarece a fost afk mai mult de 30 secunde
L 05/16/2017 - 02:43:02: -------- Mapchange to deathrun_jigsaw2 --------
L 05/16/2017 - 02:43:04: [AMXX] Failed to open dictionary file: cstrike/addons/amxmodx/data/lang/walkguard.txt
L 05/16/2017 - 02:43:05: [walkguard.amxx] no zone-file found
L 05/16/2017 - 04:11:01: -------- Mapchange to deathrun_christmas --------
L 05/16/2017 - 04:11:03: [AMXX] Failed to open dictionary file: cstrike/addons/amxmodx/data/lang/walkguard.txt
L 05/16/2017 - 04:11:04: [walkguard.amxx] no zone-file found
L 05/16/2017 - 04:18:23: [slayafk.amxx] s1mpL3 | SebitzuUUu <3 # :) a primit slay, deoarece a fost afk mai mult de 30 secunde
L 05/16/2017 - 04:19:03: [slayafk.amxx] s1mpL3 | SebitzuUUu <3 # :) a primit slay, deoarece a fost afk mai mult de 30 secunde
L 05/16/2017 - 04:19:43: [slayafk.amxx] s1mpL3 | SebitzuUUu <3 # :) a primit slay, deoarece a fost afk mai mult de 30 secunde
L 05/16/2017 - 04:20:23: [slayafk.amxx] s1mpL3 | SebitzuUUu <3 # :) a primit slay, deoarece a fost afk mai mult de 30 secunde
L 05/16/2017 - 04:21:03: [slayafk.amxx] s1mpL3 | SebitzuUUu <3 # :) a primit slay, deoarece a fost afk mai mult de 30 secunde
L 05/16/2017 - 04:21:43: [slayafk.amxx] s1mpL3 | SebitzuUUu <3 # :) a primit slay, deoarece a fost afk mai mult de 30 secunde
L 05/16/2017 - 04:22:23: [slayafk.amxx] s1mpL3 | SebitzuUUu <3 # :) a primit slay, deoarece a fost afk mai mult de 30 secunde
L 05/16/2017 - 04:23:03: [slayafk.amxx] s1mpL3 | SebitzuUUu <3 # :) a primit slay, deoarece a fost afk mai mult de 30 secunde
L 05/16/2017 - 04:23:43: [slayafk.amxx] s1mpL3 | SebitzuUUu <3 # :) a primit slay, deoarece a fost afk mai mult de 30 secunde
L 05/16/2017 - 04:24:23: [slayafk.amxx] s1mpL3 | SebitzuUUu <3 # :) a primit slay, deoarece a fost afk mai mult de 30 secunde
L 05/16/2017 - 04:25:03: [slayafk.amxx] s1mpL3 | SebitzuUUu <3 # :) a primit slay, deoarece a fost afk mai mult de 30 secunde
L 05/16/2017 - 04:25:43: [slayafk.amxx] s1mpL3 | SebitzuUUu <3 # :) a primit slay, deoarece a fost afk mai mult de 30 secunde
L 05/16/2017 - 04:26:23: [slayafk.amxx] s1mpL3 | SebitzuUUu <3 # :) a primit slay, deoarece a fost afk mai mult de 30 secunde
L 05/16/2017 - 04:27:03: [slayafk.amxx] s1mpL3 | SebitzuUUu <3 # :) a primit slay, deoarece a fost afk mai mult de 30 secunde
L 05/16/2017 - 04:27:43: [slayafk.amxx] s1mpL3 | SebitzuUUu <3 # :) a primit slay, deoarece a fost afk mai mult de 30 secunde
L 05/16/2017 - 04:28:23: [slayafk.amxx] s1mpL3 | SebitzuUUu <3 # :) a primit slay, deoarece a fost afk mai mult de 30 secunde
L 05/16/2017 - 04:29:03: [slayafk.amxx] s1mpL3 | SebitzuUUu <3 # :) a primit slay, deoarece a fost afk mai mult de 30 secunde
L 05/16/2017 - 05:59:25: -------- Mapchange to deathrun_jinglebells2 --------
L 05/16/2017 - 05:59:26: [AMXX] Failed to open dictionary file: cstrike/addons/amxmodx/data/lang/walkguard.txt
L 05/16/2017 - 05:59:27: [walkguard.amxx] no zone-file found
L 05/16/2017 - 08:28:50: -------- Mapchange to deathrun_gb_winter_final4 --------
L 05/16/2017 - 08:28:52: [AMXX] Failed to open dictionary file: cstrike/addons/amxmodx/data/lang/walkguard.txt
L 05/16/2017 - 08:28:53: [walkguard.amxx] no zone-file found
L 05/16/2017 - 09:31:30: -------- Mapchange to deathrun_expres-winter --------
L 05/16/2017 - 09:31:32: [AMXX] Failed to open dictionary file: cstrike/addons/amxmodx/data/lang/walkguard.txt
L 05/16/2017 - 09:31:33: [walkguard.amxx] no zone-file found
L 05/16/2017 - 09:50:52: [slayafk.amxx] vlLadDy1 a primit slay, deoarece a fost afk mai mult de 30 secunde
L 05/16/2017 - 09:58:09: -------- Mapchange to deathrun_alleywinter --------
L 05/16/2017 - 09:58:11: [AMXX] Failed to open dictionary file: cstrike/addons/amxmodx/data/lang/walkguard.txt
L 05/16/2017 - 09:58:12: [walkguard.amxx] no zone-file found
L 05/16/2017 - 10:20:36: [slayafk.amxx] ColKa a primit slay, deoarece a fost afk mai mult de 30 secunde
L 05/16/2017 - 10:46:00: -------- Mapchange to deathrun_trenal_lux --------
L 05/16/2017 - 10:46:02: [AMXX] Failed to open dictionary file: cstrike/addons/amxmodx/data/lang/walkguard.txt
L 05/16/2017 - 10:46:03: [walkguard.amxx] no zone-file found
L 05/16/2017 - 10:48:25: [admin.amxx] Login: "deadpool<348><STEAM_0:0:30403765><>" kicked due to invalid password (account "deadpool") (address "82.79.250.122")
L 05/16/2017 - 10:48:31: [admin.amxx] Login: "deadpool<349><STEAM_0:0:30403765><>" became an admin (account "deadpool") (access "bit") (address "82.79.250.122")
L 05/16/2017 - 10:50:19: [admincmd.amxx] Cmd: "Dr.FioriGinal.Ro ~ Server Clasi<0><><>" slay "KALASHNIKOV<351><VALVE_0:4:121394805><>"
L 05/16/2017 - 11:28:04: [admin.amxx] Login: "COOL<352><VALVE_0:4:1705957237><>" kicked due to invalid password (account "cool") (address "82.76.1.98")
L 05/16/2017 - 11:30:51: -------- Mapchange to deathrun_greyskull --------
L 05/16/2017 - 11:30:52: [AMXX] Failed to open dictionary file: cstrike/addons/amxmodx/data/lang/walkguard.txt
L 05/16/2017 - 11:30:54: [walkguard.amxx] no zone-file found
L 05/16/2017 - 12:03:17: -------- Mapchange to deathrun_stronghold_beta1 --------
L 05/16/2017 - 12:03:19: [AMXX] Failed to open dictionary file: cstrike/addons/amxmodx/data/lang/walkguard.txt
L 05/16/2017 - 12:03:20: [walkguard.amxx] no zone-file found
L 05/16/2017 - 12:30:54: [admin.amxx] Login: "-rTg|maEsTrOo<372><STEAM_0:1:154430568><>" became an admin (account "-rTg|maEsTrOo") (access "bit") (address "89.123.123.41")
L 05/16/2017 - 12:32:15: [slayafk.amxx] -rTg|maEsTrOo a primit slay, deoarece a fost afk mai mult de 30 secunde
L 05/16/2017 - 12:32:18: -------- Mapchange to deathrun_aztecan_beta1 --------
L 05/16/2017 - 12:32:19: [AMXX] Failed to open dictionary file: cstrike/addons/amxmodx/data/lang/walkguard.txt
L 05/16/2017 - 12:32:20: [walkguard.amxx] no zone-file found
L 05/16/2017 - 12:32:20: [admin.amxx] Login: "-rTg|maEsTrOo<372><STEAM_0:1:154430568><>" became an admin (account "-rTg|maEsTrOo") (access "bit") (address "89.123.123.41")
L 05/16/2017 - 12:32:55: [slayafk.amxx] -rTg|maEsTrOo a primit slay, deoarece a fost afk mai mult de 30 secunde
L 05/16/2017 - 12:33:30: [slayafk.amxx] -rTg|maEsTrOo a primit slay, deoarece a fost afk mai mult de 30 secunde
L 05/16/2017 - 12:33:52: [admincmd.amxx] Cmd: "-rTg|maEsTrOo<372><STEAM_0:1:154430568><>" changelevel "deathrun_temple"
L 05/16/2017 - 12:33:55: -------- Mapchange to deathrun_temple --------
L 05/16/2017 - 12:33:56: [AMXX] Failed to open dictionary file: cstrike/addons/amxmodx/data/lang/walkguard.txt
L 05/16/2017 - 12:33:57: [admin.amxx] Login: "-rTg|maEsTrOo<372><STEAM_0:1:154430568><>" became an admin (account "-rTg|maEsTrOo") (access "bit") (address "89.123.123.41")
L 05/16/2017 - 12:33:57: [walkguard.amxx] no zone-file found
L 05/16/2017 - 13:13:55: -------- Mapchange to deathrun_standup --------
L 05/16/2017 - 13:13:56: [AMXX] Failed to open dictionary file: cstrike/addons/amxmodx/data/lang/walkguard.txt
L 05/16/2017 - 13:13:57: [walkguard.amxx] no zone-file found
L 05/16/2017 - 13:45:49: [admincmd.amxx] Cmd: "Dr.FioriGinal.Ro ~ Server Clasi<0><><>" slay "KeNNy.<392><VALVE_0:4:1646656770><>"
L 05/16/2017 - 14:18:10: -------- Mapchange to deathrun_sentinel --------
L 05/16/2017 - 14:18:21: -------- Mapchange to deathrun_forest --------
L 05/16/2017 - 14:18:28: [AMXX] Failed to open dictionary file: cstrike/addons/amxmodx/data/lang/walkguard.txt
L 05/16/2017 - 14:18:30: [walkguard.amxx] no zone-file found
L 05/16/2017 - 14:18:39: Invalid multi-lingual line (file "cstrike/addons/amxmodx/data/lang/rom_protect.txt" key "// *ROM-Protect// Plugin OpenSource anti-IsFlooding/bug-fix pentru orice server." lang "")
L 05/16/2017 - 14:18:39: Invalid multi-lingual line (file "cstrike/addons/amxmodx/data/lang/rom_protect.txt" key "// Versiunea : 1.0.4s-dev. Bulid : 98. Data lansarii versiunii : 03.12.2016." lang "")
L 05/16/2017 - 14:18:39: Invalid multi-lingual line (file "cstrike/addons/amxmodx/data/lang/rom_protect.txt" key "// Autor : lüxor # Dr.Fio & DR2.IND (+ eNd.) - SteamID (contact) : luxxxoor" lang "")
L 05/16/2017 - 14:18:39: Invalid multi-lingual line (file "cstrike/addons/amxmodx/data/lang/rom_protect.txt" key "// O productie FioriGinal.ro - site : www.fioriginal.ro" lang "")
L 05/16/2017 - 14:18:39: Invalid multi-lingual line (file "cstrike/addons/amxmodx/data/lang/rom_protect.txt" key "// Link forum de dezvoltare : http://forum.fioriginal.ro/amxmodx-plugins-pluginuri/rom-protect-anti-flood-bug-fix-t28292.html" lang "")
L 05/16/2017 - 14:18:39: Invalid multi-lingual line (file "cstrike/addons/amxmodx/data/lang/rom_protect.txt" key "// Link sursa : https://github.com/luxxxoor/ROM-Protect" lang "")
L 05/16/2017 - 14:18:39: Invalid multi-lingual line (file "cstrike/addons/amxmodx/data/lang/rom_protect.txt" key "// Colori : ^1 - Culoarea aleasa de jucator cu con_color." lang "")
L 05/16/2017 - 14:18:39: Invalid multi-lingual line (file "cstrike/addons/amxmodx/data/lang/rom_protect.txt" key "//          ^3 - Culoare gri." lang "")
L 05/16/2017 - 14:18:39: Invalid multi-lingual line (file "cstrike/addons/amxmodx/data/lang/rom_protect.txt" key "//          ^4 - Culoare verde." lang "")
L 05/16/2017 - 14:43:54: -------- Mapchange to deathrun_jinglebells --------
L 05/16/2017 - 14:43:55: [AMXX] Failed to open dictionary file: cstrike/addons/amxmodx/data/lang/walkguard.txt
L 05/16/2017 - 14:43:57: [walkguard.amxx] no zone-file found
L 05/16/2017 - 14:58:51: [slayafk.amxx] mascatu a primit slay, deoarece a fost afk mai mult de 30 secunde
L 05/16/2017 - 15:06:06: [slayafk.amxx] pisica a primit slay, deoarece a fost afk mai mult de 30 secunde
L 05/16/2017 - 15:19:26: [slayafk.amxx] SWEQW | LOW a primit slay, deoarece a fost afk mai mult de 30 secunde
L 05/16/2017 - 15:20:06: [slayafk.amxx] SWEQW | LOW a primit slay, deoarece a fost afk mai mult de 30 secunde
L 05/16/2017 - 15:20:51: [slayafk.amxx] SWEQW | LOW a primit slay, deoarece a fost afk mai mult de 30 secunde
L 05/16/2017 - 15:21:31: [slayafk.amxx] SWEQW | LOW a primit slay, deoarece a fost afk mai mult de 30 secunde
L 05/16/2017 - 15:22:11: [slayafk.amxx] SWEQW | LOW a primit slay, deoarece a fost afk mai mult de 30 secunde
L 05/16/2017 - 15:22:51: [slayafk.amxx] SWEQW | LOW a primit slay, deoarece a fost afk mai mult de 30 secunde
L 05/16/2017 - 15:23:31: [slayafk.amxx] SWEQW | LOW a primit slay, deoarece a fost afk mai mult de 30 secunde
L 05/16/2017 - 15:26:36: [slayafk.amxx] SWEQW | LOW a primit slay, deoarece a fost afk mai mult de 30 secunde
L 05/16/2017 - 15:27:11: [admincmd.amxx] Cmd: "Dr.FioriGinal.Ro ~ Server Clasi<0><><>" slay "mwheeldown.KeBu^<43><STEAM_0:0:1430659934><>"
L 05/16/2017 - 15:58:46: -------- Mapchange to deathrun_long_run --------
L 05/16/2017 - 15:58:48: [AMXX] Failed to open dictionary file: cstrike/addons/amxmodx/data/lang/walkguard.txt
L 05/16/2017 - 15:58:49: [walkguard.amxx] no zone-file found
L 05/16/2017 - 16:40:35: -------- Mapchange to deathrun_virtualstrike --------
L 05/16/2017 - 16:40:37: [AMXX] Failed to open dictionary file: cstrike/addons/amxmodx/data/lang/walkguard.txt
L 05/16/2017 - 16:40:38: [walkguard.amxx] no zone-file found
L 05/16/2017 - 17:11:22: [admincmd.amxx] Cmd: "Dr.FioriGinal.Ro ~ Server Clasi<0><><>" slay "SWEQW | LOW<87><VALVE_0:4:47372658><>"
L 05/16/2017 - 18:06:47: -------- Mapchange to deathrun_nightrun_beta3 --------
L 05/16/2017 - 18:06:48: [AMXX] Failed to open dictionary file: cstrike/addons/amxmodx/data/lang/walkguard.txt
L 05/16/2017 - 18:06:50: [walkguard.amxx] no zone-file found
L 05/16/2017 - 18:35:28: [admincmd.amxx] Cmd: "Dr.FioriGinal.Ro ~ Server Clasi<0><><>" slay "Vladut2<128><STEAM_0:0:1735517759><>"
L 05/16/2017 - 18:37:36: [admincmd.amxx] Cmd: "Dr.FioriGinal.Ro ~ Server Clasi<0><><>" slay "alexx12<131><STEAM_0:0:1759788244><>"
L 05/16/2017 - 18:45:40: [slayafk.amxx] sf a primit slay, deoarece a fost afk mai mult de 30 secunde
L 05/16/2017 - 18:47:25: [slayafk.amxx] sf a primit slay, deoarece a fost afk mai mult de 30 secunde
L 05/16/2017 - 18:48:56: -------- Mapchange to deathrun_0mega --------
L 05/16/2017 - 18:48:57: [AMXX] Failed to open dictionary file: cstrike/addons/amxmodx/data/lang/walkguard.txt
L 05/16/2017 - 18:48:58: [walkguard.amxx] no zone-file found
L 05/16/2017 - 19:22:07: [admincmd.amxx] Cmd: "Dr.FioriGinal.Ro ~ Server Clasi<0><><>" slay "RuslaNNN<149><STEAM_0:0:80262703><>"
L 05/16/2017 - 19:32:08: [admincmd.amxx] Cmd: "Dr.FioriGinal.Ro ~ Server Clasi<0><><>" slay "Leonardo.<153><VALVE_0:4:1144087536><>"
L 05/16/2017 - 19:32:47: [admincmd.amxx] Cmd: "Dr.FioriGinal.Ro ~ Server Clasi<0><><>" slay "Leonardo.<157><VALVE_0:4:1144087536><>"
L 05/16/2017 - 20:32:39: -------- Mapchange to deathrun_discovery3 --------
L 05/16/2017 - 20:32:41: [AMXX] Failed to open dictionary file: cstrike/addons/amxmodx/data/lang/walkguard.txt
L 05/16/2017 - 20:32:42: [walkguard.amxx] no zone-file found
L 05/16/2017 - 20:37:11: [admincmd.amxx] Cmd: "Dr.FioriGinal.Ro ~ Server Clasi<0><><>" slay "RedBull<184><VALVE_0:4:1973909342><>"
L 05/16/2017 - 20:39:28: [admincmd.amxx] Cmd: "Dr.FioriGinal.Ro ~ Server Clasi<0><><>" slay "RedBull<187><VALVE_0:4:1973909342><>"
L 05/16/2017 - 20:40:20: [admincmd.amxx] Cmd: "Dr.FioriGinal.Ro ~ Server Clasi<0><><>" slay "RedBull<189><VALVE_0:4:1973909342><>"
L 05/16/2017 - 20:40:58: [admincmd.amxx] Cmd: "Dr.FioriGinal.Ro ~ Server Clasi<0><><>" slay "RedBull<191><VALVE_0:4:1973909342><>"
L 05/16/2017 - 21:03:47: -------- Mapchange to deathrun_adi_blurez --------
L 05/16/2017 - 21:03:49: [AMXX] Failed to open dictionary file: cstrike/addons/amxmodx/data/lang/walkguard.txt
L 05/16/2017 - 21:03:50: [walkguard.amxx] no zone-file found
L 05/16/2017 - 21:31:11: [admin.amxx] Login: "OreD<212><VALVE_0:4:1997207262><>" became an admin (account "OreD") (access "b") (address "5.15.73.71")
L 05/16/2017 - 21:31:13: [admin.amxx] Login: "OreD<213><VALVE_0:4:1997207262><>" became an admin (account "OreD") (access "b") (address "5.15.73.71")
L 05/16/2017 - 21:53:10: [admincmd.amxx] Cmd: "Dr.FioriGinal.Ro ~ Server Clasi<0><><>" slay "where.is.your.daddy?<228><STEAM_0:0:187978272><>"
L 05/16/2017 - 22:13:21: [admin.amxx] Login: "ips<236><VALVE_0:4:1656307946><>" kicked due to invalid password (account "ips") (address "109.99.46.108")
L 05/16/2017 - 22:13:25: [admin.amxx] Login: "ips<237><VALVE_0:4:1656307946><>" kicked due to invalid password (account "ips") (address "109.99.46.108")
L 05/16/2017 - 22:13:35: [admin.amxx] Login: "ips<238><VALVE_0:4:1656307946><>" kicked due to invalid password (account "ips") (address "109.99.46.108")
L 05/16/2017 - 22:16:40: [slayafk.amxx] where.is.your.daddy? a primit slay, deoarece a fost afk mai mult de 30 secunde
L 05/16/2017 - 22:16:43: -------- Mapchange to deathrun_2h_estonia --------
L 05/16/2017 - 22:16:44: [AMXX] Failed to open dictionary file: cstrike/addons/amxmodx/data/lang/walkguard.txt
L 05/16/2017 - 22:16:46: [walkguard.amxx] no zone-file found
L 05/16/2017 - 22:18:00: [admincmd.amxx] Cmd: "Dr.FioriGinal.Ro ~ Server Clasi<0><><>" slay "st1ks-/m0destep<246><VALVE_0:4:1385317354><>"
L 05/16/2017 - 22:57:14: [admincmd.amxx] Cmd: "Dr.FioriGinal.Ro ~ Server Clasi<0><><>" slay "Hitsouka<268><STEAM_0:0:1095217314><>"
L 05/16/2017 - 23:18:28: -------- Mapchange to deathrun_y_underground --------
L 05/16/2017 - 23:18:30: [AMXX] Failed to open dictionary file: cstrike/addons/amxmodx/data/lang/walkguard.txt
L 05/16/2017 - 23:18:31: [walkguard.amxx] no zone-file found
L 05/16/2017 - 23:35:06: [slayafk.amxx] Z_xXx_G a primit slay, deoarece a fost afk mai mult de 30 secunde
L 05/16/2017 - 23:55:25: -------- Mapchange to deathrun_privateers --------
L 05/16/2017 - 23:55:26: [AMXX] Failed to open dictionary file: cstrike/addons/amxmodx/data/lang/walkguard.txt
L 05/16/2017 - 23:55:27: [walkguard.amxx] no zone-file found
