L 06/07/2017 - 00:39:12: -------- Mapchange to deathrun_christmas --------
L 06/07/2017 - 00:39:13: [AMXX] Failed to open dictionary file: cstrike/addons/amxmodx/data/lang/walkguard.txt
L 06/07/2017 - 00:39:14: [walkguard.amxx] no zone-file found
L 06/07/2017 - 00:57:03: [slayafk.amxx] dekly- a primit slay, deoarece a fost afk mai mult de 30 secunde
L 06/07/2017 - 00:57:43: [slayafk.amxx] dekly- a primit slay, deoarece a fost afk mai mult de 30 secunde
L 06/07/2017 - 00:58:23: [slayafk.amxx] dekly- a primit slay, deoarece a fost afk mai mult de 30 secunde
L 06/07/2017 - 00:59:03: [slayafk.amxx] dekly- a primit slay, deoarece a fost afk mai mult de 30 secunde
L 06/07/2017 - 00:59:43: [slayafk.amxx] dekly- a primit slay, deoarece a fost afk mai mult de 30 secunde
L 06/07/2017 - 01:00:19: [admin.amxx] Login: "SWAGGIE. XD<274><STEAM_0:1:120414993><>" became an admin (account "SWAGGIE. XD") (access "b") (address "109.98.131.207")
L 06/07/2017 - 01:00:21: [admin.amxx] Login: "SWAGGIE. XD<275><STEAM_0:1:120414993><>" became an admin (account "SWAGGIE. XD") (access "b") (address "109.98.131.207")
L 06/07/2017 - 01:01:28: [slayafk.amxx] dekly- a primit slay, deoarece a fost afk mai mult de 30 secunde
L 06/07/2017 - 01:02:08: [slayafk.amxx] dekly- a primit slay, deoarece a fost afk mai mult de 30 secunde
L 06/07/2017 - 01:38:30: -------- Mapchange to deathrun_jinglebells2 --------
L 06/07/2017 - 01:38:31: [AMXX] Failed to open dictionary file: cstrike/addons/amxmodx/data/lang/walkguard.txt
L 06/07/2017 - 01:38:32: [walkguard.amxx] no zone-file found
L 06/07/2017 - 02:59:50: -------- Mapchange to deathrun_gb_winter_final4 --------
L 06/07/2017 - 02:59:51: [AMXX] Failed to open dictionary file: cstrike/addons/amxmodx/data/lang/walkguard.txt
L 06/07/2017 - 02:59:52: [walkguard.amxx] no zone-file found
L 06/07/2017 - 04:27:46: -------- Mapchange to deathrun_expres-winter --------
L 06/07/2017 - 04:27:48: [AMXX] Failed to open dictionary file: cstrike/addons/amxmodx/data/lang/walkguard.txt
L 06/07/2017 - 04:27:48: [walkguard.amxx] no zone-file found
L 06/07/2017 - 05:55:29: -------- Mapchange to deathrun_alleywinter --------
L 06/07/2017 - 05:55:31: [AMXX] Failed to open dictionary file: cstrike/addons/amxmodx/data/lang/walkguard.txt
L 06/07/2017 - 05:55:32: [walkguard.amxx] no zone-file found
L 06/07/2017 - 06:47:29: -------- Mapchange to deathrun_trenal_lux --------
L 06/07/2017 - 06:47:31: [AMXX] Failed to open dictionary file: cstrike/addons/amxmodx/data/lang/walkguard.txt
L 06/07/2017 - 06:47:32: [walkguard.amxx] no zone-file found
L 06/07/2017 - 07:53:34: -------- Mapchange to deathrun_greyskull --------
L 06/07/2017 - 07:53:35: [AMXX] Failed to open dictionary file: cstrike/addons/amxmodx/data/lang/walkguard.txt
L 06/07/2017 - 07:53:36: [walkguard.amxx] no zone-file found
L 06/07/2017 - 08:59:29: -------- Mapchange to deathrun_stronghold_beta1 --------
L 06/07/2017 - 08:59:30: [AMXX] Failed to open dictionary file: cstrike/addons/amxmodx/data/lang/walkguard.txt
L 06/07/2017 - 08:59:31: [walkguard.amxx] no zone-file found
L 06/07/2017 - 09:40:30: -------- Mapchange to deathrun_aztecan_beta1 --------
L 06/07/2017 - 09:40:32: [AMXX] Failed to open dictionary file: cstrike/addons/amxmodx/data/lang/walkguard.txt
L 06/07/2017 - 09:40:33: [walkguard.amxx] no zone-file found
L 06/07/2017 - 10:17:25: -------- Mapchange to deathrun_pyramid --------
L 06/07/2017 - 10:17:27: [AMXX] Failed to open dictionary file: cstrike/addons/amxmodx/data/lang/walkguard.txt
L 06/07/2017 - 10:17:28: [walkguard.amxx] no zone-file found
L 06/07/2017 - 10:21:24: [admincmd.amxx] Cmd: "Dr.FioriGinal.Ro ~ Server Clasi<0><><>" slay "Alin2005<347><VALVE_0:4:1788671582><>"
L 06/07/2017 - 10:26:56: [admin.amxx] Login: "Stifler<349><STEAM_0:0:1784836802><>" became an admin (account "Stifler") (access "b") (address "31.5.145.190")
L 06/07/2017 - 10:54:42: [admin.amxx] Login: "Stifler<351><STEAM_0:0:1784836802><>" became an admin (account "Stifler") (access "b") (address "31.5.145.190")
L 06/07/2017 - 10:56:43: -------- Mapchange to deathrun_standup --------
L 06/07/2017 - 10:56:44: [AMXX] Failed to open dictionary file: cstrike/addons/amxmodx/data/lang/walkguard.txt
L 06/07/2017 - 10:56:45: [admin.amxx] Login: "Stifler<351><STEAM_0:0:1784836802><>" became an admin (account "Stifler") (access "b") (address "31.5.145.190")
L 06/07/2017 - 10:56:45: [walkguard.amxx] no zone-file found
L 06/07/2017 - 11:03:33: [admin.amxx] Login: "Stifler<355><STEAM_0:0:1784836802><>" became an admin (account "Stifler") (access "b") (address "31.5.145.190")
L 06/07/2017 - 11:04:13: [admincmd.amxx] Cmd: "Dr.FioriGinal.Ro ~ Server Clasi<0><><>" slay "tiganu #4RUN<357><STEAM_0:0:187978272><>"
L 06/07/2017 - 11:11:50: [admincmd.amxx] Cmd: "Dr.FioriGinal.Ro ~ Server Clasi<0><><>" slay "Asosyal<360><VALVE_0:4:792405627><>"
L 06/07/2017 - 11:28:58: [admin.amxx] Login: "Stifler<363><STEAM_0:0:1784836802><>" became an admin (account "Stifler") (access "b") (address "31.5.145.190")
L 06/07/2017 - 11:29:23: -------- Mapchange to deathrun_sentinel --------
L 06/07/2017 - 11:29:33: -------- Mapchange to deathrun_forest --------
L 06/07/2017 - 11:29:41: [AMXX] Failed to open dictionary file: cstrike/addons/amxmodx/data/lang/walkguard.txt
L 06/07/2017 - 11:29:43: [walkguard.amxx] no zone-file found
L 06/07/2017 - 11:29:44: [admin.amxx] Login: "Stifler<1><STEAM_0:0:1784836802><>" became an admin (account "Stifler") (access "b") (address "31.5.145.190")
L 06/07/2017 - 11:29:52: Invalid multi-lingual line (file "cstrike/addons/amxmodx/data/lang/rom_protect.txt" key "// *ROM-Protect// Plugin OpenSource anti-IsFlooding/bug-fix pentru orice server." lang "")
L 06/07/2017 - 11:29:52: Invalid multi-lingual line (file "cstrike/addons/amxmodx/data/lang/rom_protect.txt" key "// Versiunea : 1.0.4s-dev. Bulid : 98. Data lansarii versiunii : 03.12.2016." lang "")
L 06/07/2017 - 11:29:52: Invalid multi-lingual line (file "cstrike/addons/amxmodx/data/lang/rom_protect.txt" key "// Autor : lüxor # Dr.Fio & DR2.IND (+ eNd.) - SteamID (contact) : luxxxoor" lang "")
L 06/07/2017 - 11:29:52: Invalid multi-lingual line (file "cstrike/addons/amxmodx/data/lang/rom_protect.txt" key "// O productie FioriGinal.ro - site : www.fioriginal.ro" lang "")
L 06/07/2017 - 11:29:52: Invalid multi-lingual line (file "cstrike/addons/amxmodx/data/lang/rom_protect.txt" key "// Link forum de dezvoltare : http://forum.fioriginal.ro/amxmodx-plugins-pluginuri/rom-protect-anti-flood-bug-fix-t28292.html" lang "")
L 06/07/2017 - 11:29:52: Invalid multi-lingual line (file "cstrike/addons/amxmodx/data/lang/rom_protect.txt" key "// Link sursa : https://github.com/luxxxoor/ROM-Protect" lang "")
L 06/07/2017 - 11:29:52: Invalid multi-lingual line (file "cstrike/addons/amxmodx/data/lang/rom_protect.txt" key "// Colori : ^1 - Culoarea aleasa de jucator cu con_color." lang "")
L 06/07/2017 - 11:29:52: Invalid multi-lingual line (file "cstrike/addons/amxmodx/data/lang/rom_protect.txt" key "//          ^3 - Culoare gri." lang "")
L 06/07/2017 - 11:29:52: Invalid multi-lingual line (file "cstrike/addons/amxmodx/data/lang/rom_protect.txt" key "//          ^4 - Culoare verde." lang "")
L 06/07/2017 - 11:55:20: -------- Mapchange to deathrun_jinglebells --------
L 06/07/2017 - 11:55:21: [AMXX] Failed to open dictionary file: cstrike/addons/amxmodx/data/lang/walkguard.txt
L 06/07/2017 - 11:55:22: [walkguard.amxx] no zone-file found
L 06/07/2017 - 11:55:46: [admin.amxx] Login: "Stifler<12><STEAM_0:0:1784836802><>" became an admin (account "Stifler") (access "b") (address "31.5.145.190")
L 06/07/2017 - 11:58:47: [admincmd.amxx] Cmd: "Dr.FioriGinal.Ro ~ Server Clasi<0><><>" slay ".<18><VALVE_0:4:1117307754><>"
L 06/07/2017 - 12:28:12: -------- Mapchange to deathrun_long_run --------
L 06/07/2017 - 12:28:13: [AMXX] Failed to open dictionary file: cstrike/addons/amxmodx/data/lang/walkguard.txt
L 06/07/2017 - 12:28:14: [walkguard.amxx] no zone-file found
L 06/07/2017 - 12:38:25: [admincmd.amxx] Cmd: "Dr.FioriGinal.Ro ~ Server Clasi<0><><>" slay "numefain<36><STEAM_0:0:1125805092><>"
L 06/07/2017 - 13:25:44: -------- Mapchange to deathrun_virtualstrike --------
L 06/07/2017 - 13:25:45: [AMXX] Failed to open dictionary file: cstrike/addons/amxmodx/data/lang/walkguard.txt
L 06/07/2017 - 13:25:46: [walkguard.amxx] no zone-file found
L 06/07/2017 - 13:50:59: -------- Mapchange to deathrun_nightrun_beta3 --------
L 06/07/2017 - 13:51:00: [AMXX] Failed to open dictionary file: cstrike/addons/amxmodx/data/lang/walkguard.txt
L 06/07/2017 - 13:51:01: [walkguard.amxx] no zone-file found
L 06/07/2017 - 14:18:34: -------- Mapchange to deathrun_0mega --------
L 06/07/2017 - 14:18:35: [AMXX] Failed to open dictionary file: cstrike/addons/amxmodx/data/lang/walkguard.txt
L 06/07/2017 - 14:18:36: [walkguard.amxx] no zone-file found
L 06/07/2017 - 14:47:44: -------- Mapchange to deathrun_discovery3 --------
L 06/07/2017 - 14:47:45: [AMXX] Failed to open dictionary file: cstrike/addons/amxmodx/data/lang/walkguard.txt
L 06/07/2017 - 14:47:46: [walkguard.amxx] no zone-file found
L 06/07/2017 - 15:20:41: -------- Mapchange to deathrun_adi_blurez --------
L 06/07/2017 - 15:20:42: [AMXX] Failed to open dictionary file: cstrike/addons/amxmodx/data/lang/walkguard.txt
L 06/07/2017 - 15:20:43: [walkguard.amxx] no zone-file found
L 06/07/2017 - 15:23:02: [admincmd.amxx] Cmd: "Dr.FioriGinal.Ro ~ Server Clasi<0><><>" slay "Flash.<113><VALVE_0:4:961805442><>"
L 06/07/2017 - 15:32:27: [slayafk.amxx] naryto a primit slay, deoarece a fost afk mai mult de 30 secunde
L 06/07/2017 - 15:33:32: [slayafk.amxx] naryto a primit slay, deoarece a fost afk mai mult de 30 secunde
L 06/07/2017 - 15:34:12: [slayafk.amxx] naryto a primit slay, deoarece a fost afk mai mult de 30 secunde
L 06/07/2017 - 15:35:17: [slayafk.amxx] naryto a primit slay, deoarece a fost afk mai mult de 30 secunde
L 06/07/2017 - 15:36:42: [slayafk.amxx] naryto a primit slay, deoarece a fost afk mai mult de 30 secunde
L 06/07/2017 - 16:09:03: -------- Mapchange to deathrun_2h_estonia --------
L 06/07/2017 - 16:09:04: [AMXX] Failed to open dictionary file: cstrike/addons/amxmodx/data/lang/walkguard.txt
L 06/07/2017 - 16:09:05: [walkguard.amxx] no zone-file found
L 06/07/2017 - 16:12:32: [admin.amxx] Login: "FAKE ^^<133><STEAM_0:0:272564954><>" became an admin (account "FAKE ^^") (access "bit") (address "95.76.2.233")
L 06/07/2017 - 16:32:59: [admin.amxx] Login: "Stifler<138><STEAM_0:0:1784836802><>" became an admin (account "Stifler") (access "b") (address "31.5.145.190")
L 06/07/2017 - 16:38:04: [admin.amxx] Login: "vOci<141><STEAM_0:1:120471225><>" became an admin (account "vOci") (access "b") (address "81.196.203.220")
L 06/07/2017 - 16:38:07: [admin.amxx] Login: "vOci<142><STEAM_0:1:120471225><>" became an admin (account "vOci") (access "b") (address "81.196.203.220")
L 06/07/2017 - 16:56:27: [admin.amxx] Login: "Stifler<150><STEAM_0:0:1784836802><>" became an admin (account "Stifler") (access "b") (address "31.5.145.190")
L 06/07/2017 - 17:25:46: -------- Mapchange to deathrun_y_underground --------
L 06/07/2017 - 17:25:47: [AMXX] Failed to open dictionary file: cstrike/addons/amxmodx/data/lang/walkguard.txt
L 06/07/2017 - 17:25:48: [walkguard.amxx] no zone-file found
L 06/07/2017 - 17:26:33: [slayafk.amxx] CROW a primit slay, deoarece a fost afk mai mult de 30 secunde
L 06/07/2017 - 17:28:39: [admincmd.amxx] Cmd: "Dr.FioriGinal.Ro ~ Server Clasi<0><><>" slay "cud1<170><STEAM_0:1:87008889><>"
L 06/07/2017 - 17:29:08: [slayafk.amxx] CROW a primit slay, deoarece a fost afk mai mult de 30 secunde
L 06/07/2017 - 17:31:42: [admin.amxx] Login: "anca<174><STEAM_0:0:58514266><>" became an admin (account "anca") (access "bit") (address "109.103.126.196")
L 06/07/2017 - 17:31:50: [admin.amxx] Login: "-rTg|maEsTrOo<175><STEAM_0:1:154430568><>" became an admin (account "-rTg|maEsTrOo") (access "bit") (address "109.96.126.145")
L 06/07/2017 - 17:32:08: [admin.amxx] Login: "SWAGGIE. XD<178><STEAM_0:1:120414993><>" became an admin (account "SWAGGIE. XD") (access "b") (address "109.98.131.207")
L 06/07/2017 - 17:32:15: [adminchat.amxx] Chat: "-rTg|maEsTrOo<175><STEAM_0:1:154430568><>" chat ":*x"
L 06/07/2017 - 17:36:12: [adminchat.amxx] Chat: "anca<174><STEAM_0:0:58514266><>" chat "hi"
L 06/07/2017 - 17:36:16: [adminchat.amxx] Chat: "SWAGGIE. XD<178><STEAM_0:1:120414993><>" chat " <3"
L 06/07/2017 - 17:36:28: [adminchat.amxx] Chat: "-rTg|maEsTrOo<175><STEAM_0:1:154430568><>" chat "tatiii?!"
L 06/07/2017 - 17:36:29: [adminchat.amxx] Chat: "-rTg|maEsTrOo<175><STEAM_0:1:154430568><>" chat ":))"
L 06/07/2017 - 17:36:35: [adminchat.amxx] Chat: "SWAGGIE. XD<178><STEAM_0:1:120414993><>" chat " TAAATII :)) <3"
L 06/07/2017 - 17:36:37: [adminchat.amxx] Chat: "anca<174><STEAM_0:0:58514266><>" chat "chiar asa. pe tati nu saluti?:))"
L 06/07/2017 - 17:36:37: [adminchat.amxx] Chat: "-rTg|maEsTrOo<175><STEAM_0:1:154430568><>" chat "<3"
L 06/07/2017 - 17:36:39: [adminchat.amxx] Chat: "-rTg|maEsTrOo<175><STEAM_0:1:154430568><>" chat ":))"
L 06/07/2017 - 17:36:50: [adminchat.amxx] Chat: "SWAGGIE. XD<178><STEAM_0:1:120414993><>" chat " salut muschiulosule"
L 06/07/2017 - 17:36:57: [adminchat.amxx] Chat: "-rTg|maEsTrOo<175><STEAM_0:1:154430568><>" chat "ia vezi ca tati te pedepsesti"
L 06/07/2017 - 17:36:58: [adminchat.amxx] Chat: "-rTg|maEsTrOo<175><STEAM_0:1:154430568><>" chat "e"
L 06/07/2017 - 17:36:59: [adminchat.amxx] Chat: "-rTg|maEsTrOo<175><STEAM_0:1:154430568><>" chat ":))"
L 06/07/2017 - 17:37:04: [adminchat.amxx] Chat: "SWAGGIE. XD<178><STEAM_0:1:120414993><>" chat ":))"
L 06/07/2017 - 17:41:34: [admin.amxx] Login: "SWAGGIE. XD<185><STEAM_0:1:120414993><>" became an admin (account "SWAGGIE. XD") (access "b") (address "109.98.131.207")
L 06/07/2017 - 17:41:40: [admincmd.amxx] Cmd: "Dr.FioriGinal.Ro ~ Server Clasi<0><><>" slay "SWAGGIE. XD<185><STEAM_0:1:120414993><>"
L 06/07/2017 - 17:42:48: [admincmd.amxx] Cmd: "-rTg|maEsTrOo<175><STEAM_0:1:154430568><>" changelevel "deathrun_heaven_v2"
L 06/07/2017 - 17:42:50: -------- Mapchange to deathrun_heaven_v2 --------
L 06/07/2017 - 17:42:52: [AMXX] Failed to open dictionary file: cstrike/addons/amxmodx/data/lang/walkguard.txt
L 06/07/2017 - 17:42:53: [walkguard.amxx] no zone-file found
L 06/07/2017 - 17:42:53: [admin.amxx] Login: "-rTg|maEsTrOo<175><STEAM_0:1:154430568><>" became an admin (account "-rTg|maEsTrOo") (access "bit") (address "109.96.126.145")
L 06/07/2017 - 17:42:53: [admin.amxx] Login: "SWAGGIE. XD<185><STEAM_0:1:120414993><>" became an admin (account "SWAGGIE. XD") (access "b") (address "109.98.131.207")
L 06/07/2017 - 17:42:53: [admin.amxx] Login: "anca<174><STEAM_0:0:58514266><>" became an admin (account "anca") (access "bit") (address "109.103.126.196")
L 06/07/2017 - 17:49:17: [slayafk.amxx] SWAGGIE. XD a primit slay, deoarece a fost afk mai mult de 30 secunde
L 06/07/2017 - 17:58:07: [admin.amxx] Login: "anca<198><STEAM_0:0:58514266><>" became an admin (account "anca") (access "bit") (address "109.103.126.196")
L 06/07/2017 - 18:02:12: [slayafk.amxx] SWAGGIE. XD a primit slay, deoarece a fost afk mai mult de 30 secunde
L 06/07/2017 - 18:04:42: [admin.amxx] Login: "anca<200><STEAM_0:0:58514266><>" became an admin (account "anca") (access "bit") (address "109.103.126.196")
L 06/07/2017 - 18:05:13: [admin.amxx] Login: "anca<201><STEAM_0:0:58514266><>" became an admin (account "anca") (access "bit") (address "109.103.126.196")
L 06/07/2017 - 18:05:19: [admincmd.amxx] Cmd: "Dr.FioriGinal.Ro ~ Server Clasi<0><><>" slay "anca<201><STEAM_0:0:58514266><>"
L 06/07/2017 - 18:08:14: -------- Mapchange to deathrun_rizzy_x --------
L 06/07/2017 - 18:08:15: [AMXX] Failed to open dictionary file: cstrike/addons/amxmodx/data/lang/walkguard.txt
L 06/07/2017 - 18:08:16: [walkguard.amxx] no zone-file found
L 06/07/2017 - 18:08:16: [admin.amxx] Login: "SWAGGIE. XD<185><STEAM_0:1:120414993><>" became an admin (account "SWAGGIE. XD") (access "b") (address "109.98.131.207")
L 06/07/2017 - 18:08:16: [admin.amxx] Login: "anca<201><STEAM_0:0:58514266><>" became an admin (account "anca") (access "bit") (address "109.103.126.196")
L 06/07/2017 - 18:46:19: -------- Mapchange to deathrun_ghosts --------
L 06/07/2017 - 18:46:20: [AMXX] Failed to open dictionary file: cstrike/addons/amxmodx/data/lang/walkguard.txt
L 06/07/2017 - 18:46:21: [walkguard.amxx] no zone-file found
L 06/07/2017 - 18:58:42: [admincmd.amxx] Cmd: "Dr.FioriGinal.Ro ~ Server Clasi<0><><>" slay "Clabucel1<239><STEAM_0:0:881503494><>"
L 06/07/2017 - 18:59:05: [admincmd.amxx] Cmd: "Dr.FioriGinal.Ro ~ Server Clasi<0><><>" slay "Clabucel1<241><STEAM_0:0:881503494><>"
L 06/07/2017 - 19:00:44: [admincmd.amxx] Cmd: "Dr.FioriGinal.Ro ~ Server Clasi<0><><>" slay "Clabucel1<243><STEAM_0:0:881503494><>"
L 06/07/2017 - 19:01:42: [admincmd.amxx] Cmd: "Dr.FioriGinal.Ro ~ Server Clasi<0><><>" slay "Clabucel1<245><STEAM_0:0:881503494><>"
L 06/07/2017 - 19:08:14: [admincmd.amxx] Cmd: "Dr.FioriGinal.Ro ~ Server Clasi<0><><>" slay "-wAa- TryNova22<250><VALVE_0:4:1103363330><>"
L 06/07/2017 - 19:09:03: [admincmd.amxx] Cmd: "Dr.FioriGinal.Ro ~ Server Clasi<0><><>" slay "-wAa- TryNova22<253><VALVE_0:4:1103363330><>"
L 06/07/2017 - 19:36:02: -------- Mapchange to deathrun_sk_occult --------
L 06/07/2017 - 19:36:04: [AMXX] Failed to open dictionary file: cstrike/addons/amxmodx/data/lang/walkguard.txt
L 06/07/2017 - 19:36:05: [walkguard.amxx] no zone-file found
L 06/07/2017 - 19:45:13: [admin.amxx] Login: "NebunieX<270><STEAM_0:0:53596872><>" became an admin (account "Nebuniex") (access "bit") (address "86.123.21.57")
L 06/07/2017 - 20:05:26: -------- Mapchange to deathrun_jigsaw2 --------
L 06/07/2017 - 20:05:28: [AMXX] Failed to open dictionary file: cstrike/addons/amxmodx/data/lang/walkguard.txt
L 06/07/2017 - 20:05:29: [walkguard.amxx] no zone-file found
L 06/07/2017 - 20:05:29: [admin.amxx] Login: "NebunieX<274><STEAM_0:0:53596872><>" became an admin (account "Nebuniex") (access "bit") (address "86.123.21.57")
L 06/07/2017 - 20:58:34: -------- Mapchange to deathrun_christmas --------
L 06/07/2017 - 20:58:35: [AMXX] Failed to open dictionary file: cstrike/addons/amxmodx/data/lang/walkguard.txt
L 06/07/2017 - 20:58:36: [walkguard.amxx] no zone-file found
L 06/07/2017 - 21:23:51: [slayafk.amxx] TibyXD a primit slay, deoarece a fost afk mai mult de 30 secunde
L 06/07/2017 - 21:30:31: [slayafk.amxx] TibyXD a primit slay, deoarece a fost afk mai mult de 30 secunde
L 06/07/2017 - 21:30:34: -------- Mapchange to deathrun_jinglebells2 --------
L 06/07/2017 - 21:30:35: [AMXX] Failed to open dictionary file: cstrike/addons/amxmodx/data/lang/walkguard.txt
L 06/07/2017 - 21:30:36: [walkguard.amxx] no zone-file found
L 06/07/2017 - 21:31:11: [slayafk.amxx] TibyXD a primit slay, deoarece a fost afk mai mult de 30 secunde
L 06/07/2017 - 21:35:46: [slayafk.amxx] TibyXD a primit slay, deoarece a fost afk mai mult de 30 secunde
L 06/07/2017 - 21:36:41: [slayafk.amxx] TibyXD a primit slay, deoarece a fost afk mai mult de 30 secunde
L 06/07/2017 - 21:57:15: [admincmd.amxx] Cmd: "Dr.FioriGinal.Ro ~ Server Clasi<0><><>" slay "nVidia E8 Player<336><VALVE_0:4:1589560042><>"
L 06/07/2017 - 21:59:49: -------- Mapchange to deathrun_gb_winter_final4 --------
L 06/07/2017 - 21:59:51: [AMXX] Failed to open dictionary file: cstrike/addons/amxmodx/data/lang/walkguard.txt
L 06/07/2017 - 21:59:51: [walkguard.amxx] no zone-file found
L 06/07/2017 - 22:28:09: -------- Mapchange to deathrun_expres-winter --------
L 06/07/2017 - 22:28:11: [AMXX] Failed to open dictionary file: cstrike/addons/amxmodx/data/lang/walkguard.txt
L 06/07/2017 - 22:28:12: [walkguard.amxx] no zone-file found
L 06/07/2017 - 22:31:06: [slayafk.amxx] xLR a primit slay, deoarece a fost afk mai mult de 30 secunde
L 06/07/2017 - 22:50:46: [slayafk.amxx] nicu* a primit slay, deoarece a fost afk mai mult de 30 secunde
L 06/07/2017 - 22:58:12: -------- Mapchange to deathrun_alleywinter --------
L 06/07/2017 - 22:58:13: [AMXX] Failed to open dictionary file: cstrike/addons/amxmodx/data/lang/walkguard.txt
L 06/07/2017 - 22:58:14: [walkguard.amxx] no zone-file found
L 06/07/2017 - 23:01:24: [slayafk.amxx] MOD#>> Chancro ;x a primit slay, deoarece a fost afk mai mult de 30 secunde
L 06/07/2017 - 23:02:04: [slayafk.amxx] MOD#>> Chancro ;x a primit slay, deoarece a fost afk mai mult de 30 secunde
L 06/07/2017 - 23:32:51: -------- Mapchange to deathrun_trenal_lux --------
L 06/07/2017 - 23:32:52: [AMXX] Failed to open dictionary file: cstrike/addons/amxmodx/data/lang/walkguard.txt
L 06/07/2017 - 23:32:53: [walkguard.amxx] no zone-file found
L 06/07/2017 - 23:59:01: -------- Mapchange to deathrun_greyskull --------
L 06/07/2017 - 23:59:03: [AMXX] Failed to open dictionary file: cstrike/addons/amxmodx/data/lang/walkguard.txt
L 06/07/2017 - 23:59:04: [walkguard.amxx] no zone-file found
