L 06/06/2017 - 00:14:24: -------- Mapchange to deathrun_rizzy_x --------
L 06/06/2017 - 00:14:26: [AMXX] Failed to open dictionary file: cstrike/addons/amxmodx/data/lang/walkguard.txt
L 06/06/2017 - 00:14:27: [walkguard.amxx] no zone-file found
L 06/06/2017 - 00:42:38: [admin.amxx] Login: "ips<205><VALVE_0:4:1945330270><>" kicked due to invalid password (account "ips") (address "5.38.186.78")
L 06/06/2017 - 00:43:36: -------- Mapchange to deathrun_ghosts --------
L 06/06/2017 - 00:43:37: [AMXX] Failed to open dictionary file: cstrike/addons/amxmodx/data/lang/walkguard.txt
L 06/06/2017 - 00:43:38: [walkguard.amxx] no zone-file found
L 06/06/2017 - 00:45:25: [admincmd.amxx] Cmd: "Dr.FioriGinal.Ro ~ Server Clasi<0><><>" slay "Darren<211><VALVE_0:4:1945330270><>"
L 06/06/2017 - 01:26:11: [admin.amxx] Login: "SWAGGIE. XD<214><STEAM_0:1:120414993><>" became an admin (account "SWAGGIE. XD") (access "b") (address "109.98.131.207")
L 06/06/2017 - 01:26:12: [admin.amxx] Login: "SWAGGIE. XD<215><STEAM_0:1:120414993><>" became an admin (account "SWAGGIE. XD") (access "b") (address "109.98.131.207")
L 06/06/2017 - 01:27:10: -------- Mapchange to deathrun_sk_occult --------
L 06/06/2017 - 01:27:11: [AMXX] Failed to open dictionary file: cstrike/addons/amxmodx/data/lang/walkguard.txt
L 06/06/2017 - 01:27:12: [walkguard.amxx] no zone-file found
L 06/06/2017 - 01:27:12: [admin.amxx] Login: "SWAGGIE. XD<215><STEAM_0:1:120414993><>" became an admin (account "SWAGGIE. XD") (access "b") (address "109.98.131.207")
L 06/06/2017 - 01:27:14: [admin.amxx] Login: "SWAGGIE. XD<216><STEAM_0:1:120414993><>" became an admin (account "SWAGGIE. XD") (access "b") (address "109.98.131.207")
L 06/06/2017 - 01:27:59: [admincmd.amxx] Cmd: "SWAGGIE. XD<216><STEAM_0:1:120414993><>" changelevel "deathrun_challenge_x"
L 06/06/2017 - 01:28:01: -------- Mapchange to deathrun_challenge_x --------
L 06/06/2017 - 01:28:02: [AMXX] Failed to open dictionary file: cstrike/addons/amxmodx/data/lang/walkguard.txt
L 06/06/2017 - 01:28:03: [admin.amxx] Login: "SWAGGIE. XD<216><STEAM_0:1:120414993><>" became an admin (account "SWAGGIE. XD") (access "b") (address "109.98.131.207")
L 06/06/2017 - 01:28:03: [walkguard.amxx] no zone-file found
L 06/06/2017 - 01:52:40: [admin.amxx] Login: "SWAGGIE. XD<224><STEAM_0:1:120414993><>" became an admin (account "SWAGGIE. XD") (access "b") (address "109.98.131.207")
L 06/06/2017 - 01:53:10: [plmenu.amxx] Cmd: "SWAGGIE. XD<224><STEAM_0:1:120414993><>" transfer "SWAGGIE. XD<224><STEAM_0:1:120414993><>" (team "SPECTATOR")
L 06/06/2017 - 01:53:21: [admincmd.amxx] Cmd: "SWAGGIE. XD<224><STEAM_0:1:120414993><>" slay "SWAGGIE. XD<224><STEAM_0:1:120414993><>"
L 06/06/2017 - 03:22:10: -------- Mapchange to deathrun_christmas --------
L 06/06/2017 - 03:22:11: [AMXX] Failed to open dictionary file: cstrike/addons/amxmodx/data/lang/walkguard.txt
L 06/06/2017 - 03:22:12: [walkguard.amxx] no zone-file found
L 06/06/2017 - 03:48:55: -------- Mapchange to deathrun_jinglebells2 --------
L 06/06/2017 - 03:48:56: [AMXX] Failed to open dictionary file: cstrike/addons/amxmodx/data/lang/walkguard.txt
L 06/06/2017 - 03:48:57: [walkguard.amxx] no zone-file found
L 06/06/2017 - 06:07:11: -------- Mapchange to deathrun_gb_winter_final4 --------
L 06/06/2017 - 06:07:12: [AMXX] Failed to open dictionary file: cstrike/addons/amxmodx/data/lang/walkguard.txt
L 06/06/2017 - 06:07:13: [walkguard.amxx] no zone-file found
L 06/06/2017 - 06:41:10: -------- Mapchange to deathrun_expres-winter --------
L 06/06/2017 - 06:41:12: [AMXX] Failed to open dictionary file: cstrike/addons/amxmodx/data/lang/walkguard.txt
L 06/06/2017 - 06:41:12: [walkguard.amxx] no zone-file found
L 06/06/2017 - 07:19:34: -------- Mapchange to deathrun_alleywinter --------
L 06/06/2017 - 07:19:35: [AMXX] Failed to open dictionary file: cstrike/addons/amxmodx/data/lang/walkguard.txt
L 06/06/2017 - 07:19:36: [walkguard.amxx] no zone-file found
L 06/06/2017 - 07:20:51: [slayafk.amxx] U4BUNNNYYYY a primit slay, deoarece a fost afk mai mult de 30 secunde
L 06/06/2017 - 08:14:15: -------- Mapchange to deathrun_trenal_lux --------
L 06/06/2017 - 08:14:16: [AMXX] Failed to open dictionary file: cstrike/addons/amxmodx/data/lang/walkguard.txt
L 06/06/2017 - 08:14:17: [walkguard.amxx] no zone-file found
L 06/06/2017 - 08:47:50: -------- Mapchange to deathrun_greyskull --------
L 06/06/2017 - 08:47:51: [AMXX] Failed to open dictionary file: cstrike/addons/amxmodx/data/lang/walkguard.txt
L 06/06/2017 - 08:47:52: [walkguard.amxx] no zone-file found
L 06/06/2017 - 10:06:54: -------- Mapchange to deathrun_stronghold_beta1 --------
L 06/06/2017 - 10:06:55: [AMXX] Failed to open dictionary file: cstrike/addons/amxmodx/data/lang/walkguard.txt
L 06/06/2017 - 10:06:56: [walkguard.amxx] no zone-file found
L 06/06/2017 - 10:23:37: [admincmd.amxx] Cmd: "Dr.FioriGinal.Ro ~ Server Clasi<0><><>" slay "[mr] isam ghaith<288><STEAM_0:0:997819823><>"
L 06/06/2017 - 10:25:55: [admincmd.amxx] Cmd: "Dr.FioriGinal.Ro ~ Server Clasi<0><><>" slay "[mr] isam ghaith<290><STEAM_0:0:997819823><>"
L 06/06/2017 - 11:01:50: [admin.amxx] Login: "Stifler<302><STEAM_0:0:1784836802><>" became an admin (account "Stifler") (access "b") (address "31.5.145.190")
L 06/06/2017 - 11:20:35: [admin.amxx] Login: "Stifler<305><STEAM_0:0:1784836802><>" became an admin (account "Stifler") (access "b") (address "31.5.145.190")
L 06/06/2017 - 11:21:14: -------- Mapchange to deathrun_aztecan_beta1 --------
L 06/06/2017 - 11:21:16: [AMXX] Failed to open dictionary file: cstrike/addons/amxmodx/data/lang/walkguard.txt
L 06/06/2017 - 11:21:16: [admin.amxx] Login: "Stifler<305><STEAM_0:0:1784836802><>" became an admin (account "Stifler") (access "b") (address "31.5.145.190")
L 06/06/2017 - 11:21:16: [walkguard.amxx] no zone-file found
L 06/06/2017 - 11:22:55: [admin.amxx] Login: "Stifler<309><STEAM_0:0:1784836802><>" became an admin (account "Stifler") (access "b") (address "31.5.145.190")
L 06/06/2017 - 11:37:44: [admin.amxx] Login: "Stifler<313><STEAM_0:0:1784836802><>" became an admin (account "Stifler") (access "b") (address "31.5.145.190")
L 06/06/2017 - 11:38:19: [admin.amxx] Login: "Stifler<314><STEAM_0:0:1784836802><>" became an admin (account "Stifler") (access "b") (address "31.5.145.190")
L 06/06/2017 - 11:46:28: -------- Mapchange to deathrun_pyramid --------
L 06/06/2017 - 11:46:29: [AMXX] Failed to open dictionary file: cstrike/addons/amxmodx/data/lang/walkguard.txt
L 06/06/2017 - 11:46:30: [walkguard.amxx] no zone-file found
L 06/06/2017 - 12:10:06: [admin.amxx] Login: "Stifler<323><STEAM_0:0:1784836802><>" became an admin (account "Stifler") (access "b") (address "31.5.145.190")
L 06/06/2017 - 12:11:59: -------- Mapchange to deathrun_standup --------
L 06/06/2017 - 12:12:00: [AMXX] Failed to open dictionary file: cstrike/addons/amxmodx/data/lang/walkguard.txt
L 06/06/2017 - 12:12:01: [admin.amxx] Login: "Stifler<323><STEAM_0:0:1784836802><>" became an admin (account "Stifler") (access "b") (address "31.5.145.190")
L 06/06/2017 - 12:12:01: [walkguard.amxx] no zone-file found
L 06/06/2017 - 12:12:24: [admin.amxx] Login: "Stifler<327><STEAM_0:0:1784836802><>" became an admin (account "Stifler") (access "b") (address "31.5.145.190")
L 06/06/2017 - 12:35:46: [admin.amxx] Login: "Bidi<340><STEAM_0:0:1795066701><>" became an admin (account "Bidi") (access "bit") (address "46.102.20.234")
L 06/06/2017 - 12:36:03: [admincmd.amxx] Cmd: "Bidi<340><STEAM_0:0:1795066701><>" ask for players list
L 06/06/2017 - 12:57:03: -------- Mapchange to deathrun_sentinel --------
L 06/06/2017 - 12:57:14: -------- Mapchange to deathrun_forest --------
L 06/06/2017 - 12:57:21: [AMXX] Failed to open dictionary file: cstrike/addons/amxmodx/data/lang/walkguard.txt
L 06/06/2017 - 12:57:24: [walkguard.amxx] no zone-file found
L 06/06/2017 - 12:57:33: Invalid multi-lingual line (file "cstrike/addons/amxmodx/data/lang/rom_protect.txt" key "// *ROM-Protect// Plugin OpenSource anti-IsFlooding/bug-fix pentru orice server." lang "")
L 06/06/2017 - 12:57:33: Invalid multi-lingual line (file "cstrike/addons/amxmodx/data/lang/rom_protect.txt" key "// Versiunea : 1.0.4s-dev. Bulid : 98. Data lansarii versiunii : 03.12.2016." lang "")
L 06/06/2017 - 12:57:33: Invalid multi-lingual line (file "cstrike/addons/amxmodx/data/lang/rom_protect.txt" key "// Autor : lüxor # Dr.Fio & DR2.IND (+ eNd.) - SteamID (contact) : luxxxoor" lang "")
L 06/06/2017 - 12:57:33: Invalid multi-lingual line (file "cstrike/addons/amxmodx/data/lang/rom_protect.txt" key "// O productie FioriGinal.ro - site : www.fioriginal.ro" lang "")
L 06/06/2017 - 12:57:33: Invalid multi-lingual line (file "cstrike/addons/amxmodx/data/lang/rom_protect.txt" key "// Link forum de dezvoltare : http://forum.fioriginal.ro/amxmodx-plugins-pluginuri/rom-protect-anti-flood-bug-fix-t28292.html" lang "")
L 06/06/2017 - 12:57:33: Invalid multi-lingual line (file "cstrike/addons/amxmodx/data/lang/rom_protect.txt" key "// Link sursa : https://github.com/luxxxoor/ROM-Protect" lang "")
L 06/06/2017 - 12:57:33: Invalid multi-lingual line (file "cstrike/addons/amxmodx/data/lang/rom_protect.txt" key "// Colori : ^1 - Culoarea aleasa de jucator cu con_color." lang "")
L 06/06/2017 - 12:57:33: Invalid multi-lingual line (file "cstrike/addons/amxmodx/data/lang/rom_protect.txt" key "//          ^3 - Culoare gri." lang "")
L 06/06/2017 - 12:57:33: Invalid multi-lingual line (file "cstrike/addons/amxmodx/data/lang/rom_protect.txt" key "//          ^4 - Culoare verde." lang "")
L 06/06/2017 - 13:39:46: -------- Mapchange to deathrun_jinglebells --------
L 06/06/2017 - 13:39:47: [AMXX] Failed to open dictionary file: cstrike/addons/amxmodx/data/lang/walkguard.txt
L 06/06/2017 - 13:39:48: [walkguard.amxx] no zone-file found
L 06/06/2017 - 14:23:15: [admin.amxx] Login: "Stifler<15><STEAM_0:0:1784836802><>" became an admin (account "Stifler") (access "b") (address "31.5.145.190")
L 06/06/2017 - 14:24:25: -------- Mapchange to deathrun_long_run --------
L 06/06/2017 - 14:24:27: [AMXX] Failed to open dictionary file: cstrike/addons/amxmodx/data/lang/walkguard.txt
L 06/06/2017 - 14:24:27: [admin.amxx] Login: "Stifler<15><STEAM_0:0:1784836802><>" became an admin (account "Stifler") (access "b") (address "31.5.145.190")
L 06/06/2017 - 14:24:27: [walkguard.amxx] no zone-file found
L 06/06/2017 - 14:38:35: [admin.amxx] Login: "tiganu<25><STEAM_0:0:187978272><>" kicked due to invalid password (account "tiganu") (address "86.124.212.182")
L 06/06/2017 - 14:40:27: [admin.amxx] Login: "Stifler<27><STEAM_0:0:1784836802><>" became an admin (account "Stifler") (access "b") (address "31.5.145.190")
L 06/06/2017 - 14:41:01: [admin.amxx] Login: "Stifler<27><STEAM_0:0:1784836802><>" became an admin (account "Stifler") (access "b") (address "31.5.145.190")
L 06/06/2017 - 14:41:07: [admincmd.amxx] Cmd: "Dr.FioriGinal.Ro ~ Server Clasi<0><><>" slay "Stifler<27><STEAM_0:0:1784836802><>"
L 06/06/2017 - 15:06:00: [admin.amxx] Login: "Stifler<30><STEAM_0:0:1784836802><>" became an admin (account "Stifler") (access "b") (address "31.5.145.190")
L 06/06/2017 - 15:06:25: -------- Mapchange to deathrun_virtualstrike --------
L 06/06/2017 - 15:06:27: [AMXX] Failed to open dictionary file: cstrike/addons/amxmodx/data/lang/walkguard.txt
L 06/06/2017 - 15:06:27: [admin.amxx] Login: "Stifler<30><STEAM_0:0:1784836802><>" became an admin (account "Stifler") (access "b") (address "31.5.145.190")
L 06/06/2017 - 15:06:28: [walkguard.amxx] no zone-file found
L 06/06/2017 - 15:35:27: -------- Mapchange to deathrun_nightrun_beta3 --------
L 06/06/2017 - 15:35:28: [AMXX] Failed to open dictionary file: cstrike/addons/amxmodx/data/lang/walkguard.txt
L 06/06/2017 - 15:35:29: [walkguard.amxx] no zone-file found
L 06/06/2017 - 15:40:44: [admin.amxx] Login: "Stifler<47><STEAM_0:0:1784836802><>" became an admin (account "Stifler") (access "b") (address "31.5.145.190")
L 06/06/2017 - 15:46:47: [admincmd.amxx] Cmd: "Dr.FioriGinal.Ro ~ Server Clasi<0><><>" slay "ro. waLLkeRR /A/<52><STEAM_0:0:53240091><>"
L 06/06/2017 - 15:48:49: [slayafk.amxx] eXe a primit slay, deoarece a fost afk mai mult de 30 secunde
L 06/06/2017 - 16:13:18: -------- Mapchange to deathrun_0mega --------
L 06/06/2017 - 16:13:20: [AMXX] Failed to open dictionary file: cstrike/addons/amxmodx/data/lang/walkguard.txt
L 06/06/2017 - 16:13:21: [walkguard.amxx] no zone-file found
L 06/06/2017 - 16:14:02: [admincmd.amxx] Cmd: "Dr.FioriGinal.Ro ~ Server Clasi<0><><>" slay "ins<77><VALVE_0:4:1834080626><>"
L 06/06/2017 - 17:21:44: -------- Mapchange to deathrun_discovery3 --------
L 06/06/2017 - 17:21:45: [AMXX] Failed to open dictionary file: cstrike/addons/amxmodx/data/lang/walkguard.txt
L 06/06/2017 - 17:21:46: [walkguard.amxx] no zone-file found
L 06/06/2017 - 17:39:46: [slayafk.amxx] Risnita a primit slay, deoarece a fost afk mai mult de 30 secunde
L 06/06/2017 - 17:40:26: [slayafk.amxx] Risnita a primit slay, deoarece a fost afk mai mult de 30 secunde
L 06/06/2017 - 17:41:06: [slayafk.amxx] Risnita a primit slay, deoarece a fost afk mai mult de 30 secunde
L 06/06/2017 - 17:41:51: [slayafk.amxx] Risnita a primit slay, deoarece a fost afk mai mult de 30 secunde
L 06/06/2017 - 17:49:06: [admincmd.amxx] Cmd: "Dr.FioriGinal.Ro ~ Server Clasi<0><><>" slay "waLLy**<114><VALVE_0:4:1232260091><>"
L 06/06/2017 - 18:01:52: [admincmd.amxx] Cmd: "Dr.FioriGinal.Ro ~ Server Clasi<0><><>" slay "In Vivo Leon-ona voli fudbalere<120><STEAM_0:0:1689622445><>"
L 06/06/2017 - 18:22:05: -------- Mapchange to deathrun_adi_blurez --------
L 06/06/2017 - 18:22:06: [AMXX] Failed to open dictionary file: cstrike/addons/amxmodx/data/lang/walkguard.txt
L 06/06/2017 - 18:22:07: [walkguard.amxx] no zone-file found
L 06/06/2017 - 18:36:22: [slayafk.amxx] 777 a primit slay, deoarece a fost afk mai mult de 30 secunde
L 06/06/2017 - 18:37:12: [slayafk.amxx] 777 a primit slay, deoarece a fost afk mai mult de 30 secunde
L 06/06/2017 - 18:38:52: [slayafk.amxx] 777 a primit slay, deoarece a fost afk mai mult de 30 secunde
L 06/06/2017 - 18:41:56: [admincmd.amxx] Cmd: "Dr.FioriGinal.Ro ~ Server Clasi<0><><>" slay "speDDy.<139><VALVE_0:4:137821442><>"
L 06/06/2017 - 19:04:21: -------- Mapchange to deathrun_2h_estonia --------
L 06/06/2017 - 19:04:22: [AMXX] Failed to open dictionary file: cstrike/addons/amxmodx/data/lang/walkguard.txt
L 06/06/2017 - 19:04:23: [walkguard.amxx] no zone-file found
L 06/06/2017 - 19:37:20: -------- Mapchange to deathrun_y_underground --------
L 06/06/2017 - 19:37:22: [AMXX] Failed to open dictionary file: cstrike/addons/amxmodx/data/lang/walkguard.txt
L 06/06/2017 - 19:37:22: [walkguard.amxx] no zone-file found
L 06/06/2017 - 20:03:12: [slayafk.amxx] FANAT M9SNIKA a primit slay, deoarece a fost afk mai mult de 30 secunde
L 06/06/2017 - 20:03:52: [slayafk.amxx] FANAT M9SNIKA a primit slay, deoarece a fost afk mai mult de 30 secunde
L 06/06/2017 - 20:15:17: [slayafk.amxx] mamaliguta a primit slay, deoarece a fost afk mai mult de 30 secunde
L 06/06/2017 - 20:42:37: [admin.amxx] Login: "tiganu<183><STEAM_0:0:187978272><>" kicked due to invalid password (account "tiganu") (address "86.124.212.182")
L 06/06/2017 - 20:43:34: [admin.amxx] Login: "TALINSKA<184><STEAM_0:0:95233985><>" kicked due to invalid password (account "TALINSKA") (address "92.86.51.103")
L 06/06/2017 - 20:43:37: [admin.amxx] Login: "TALINSKA<185><STEAM_0:0:95233985><>" became an admin (account "TALINSKA") (access "b") (address "92.86.51.103")
L 06/06/2017 - 20:49:51: [admincmd.amxx] Cmd: "Dr.FioriGinal.Ro ~ Server Clasi<0><><>" slay "FANAT M9SNIKA<189><STEAM_0:0:252169748><>"
L 06/06/2017 - 21:15:18: -------- Mapchange to deathrun_privateers --------
L 06/06/2017 - 21:15:20: [AMXX] Failed to open dictionary file: cstrike/addons/amxmodx/data/lang/walkguard.txt
L 06/06/2017 - 21:15:21: [walkguard.amxx] no zone-file found
L 06/06/2017 - 21:41:11: -------- Mapchange to deathrun_rizzy_x --------
L 06/06/2017 - 21:41:12: [AMXX] Failed to open dictionary file: cstrike/addons/amxmodx/data/lang/walkguard.txt
L 06/06/2017 - 21:41:13: [walkguard.amxx] no zone-file found
L 06/06/2017 - 22:27:54: -------- Mapchange to deathrun_ghosts --------
L 06/06/2017 - 22:27:55: [AMXX] Failed to open dictionary file: cstrike/addons/amxmodx/data/lang/walkguard.txt
L 06/06/2017 - 22:27:56: [walkguard.amxx] no zone-file found
L 06/06/2017 - 22:56:34: -------- Mapchange to deathrun_sk_occult --------
L 06/06/2017 - 22:56:35: [AMXX] Failed to open dictionary file: cstrike/addons/amxmodx/data/lang/walkguard.txt
L 06/06/2017 - 22:56:36: [walkguard.amxx] no zone-file found
L 06/06/2017 - 23:54:20: -------- Mapchange to deathrun_jigsaw2 --------
L 06/06/2017 - 23:54:22: [AMXX] Failed to open dictionary file: cstrike/addons/amxmodx/data/lang/walkguard.txt
L 06/06/2017 - 23:54:23: [walkguard.amxx] no zone-file found
