L 06/04/2017 - 00:26:50: -------- Mapchange to deathrun_christmas --------
L 06/04/2017 - 00:26:52: [AMXX] Failed to open dictionary file: cstrike/addons/amxmodx/data/lang/walkguard.txt
L 06/04/2017 - 00:26:53: [walkguard.amxx] no zone-file found
L 06/04/2017 - 01:40:50: -------- Mapchange to deathrun_jinglebells2 --------
L 06/04/2017 - 01:40:52: [AMXX] Failed to open dictionary file: cstrike/addons/amxmodx/data/lang/walkguard.txt
L 06/04/2017 - 01:40:53: [walkguard.amxx] no zone-file found
L 06/04/2017 - 02:21:10: -------- Mapchange to deathrun_gb_winter_final4 --------
L 06/04/2017 - 02:21:12: [AMXX] Failed to open dictionary file: cstrike/addons/amxmodx/data/lang/walkguard.txt
L 06/04/2017 - 02:21:13: [walkguard.amxx] no zone-file found
L 06/04/2017 - 03:14:30: -------- Mapchange to deathrun_expres-winter --------
L 06/04/2017 - 03:14:32: [AMXX] Failed to open dictionary file: cstrike/addons/amxmodx/data/lang/walkguard.txt
L 06/04/2017 - 03:14:33: [walkguard.amxx] no zone-file found
L 06/04/2017 - 03:16:18: [slayafk.amxx] gF.lL[u]ck a primit slay, deoarece a fost afk mai mult de 30 secunde
L 06/04/2017 - 03:17:53: [admincmd.amxx] Cmd: "Dr.FioriGinal.Ro ~ Server Clasi<0><><>" slay "gF.lL[u]ck<301><STEAM_0:0:1322934216><>"
L 06/04/2017 - 04:08:32: -------- Mapchange to deathrun_alleywinter --------
L 06/04/2017 - 04:08:34: [AMXX] Failed to open dictionary file: cstrike/addons/amxmodx/data/lang/walkguard.txt
L 06/04/2017 - 04:08:35: [walkguard.amxx] no zone-file found
L 06/04/2017 - 04:42:10: -------- Mapchange to deathrun_trenal_lux --------
L 06/04/2017 - 04:42:12: [AMXX] Failed to open dictionary file: cstrike/addons/amxmodx/data/lang/walkguard.txt
L 06/04/2017 - 04:42:13: [walkguard.amxx] no zone-file found
L 06/04/2017 - 07:03:16: -------- Mapchange to deathrun_greyskull --------
L 06/04/2017 - 07:03:18: [AMXX] Failed to open dictionary file: cstrike/addons/amxmodx/data/lang/walkguard.txt
L 06/04/2017 - 07:03:19: [walkguard.amxx] no zone-file found
L 06/04/2017 - 07:11:48: [slayafk.amxx] e9 a primit slay, deoarece a fost afk mai mult de 30 secunde
L 06/04/2017 - 08:09:59: -------- Mapchange to deathrun_stronghold_beta1 --------
L 06/04/2017 - 08:10:00: [AMXX] Failed to open dictionary file: cstrike/addons/amxmodx/data/lang/walkguard.txt
L 06/04/2017 - 08:10:02: [walkguard.amxx] no zone-file found
L 06/04/2017 - 08:37:25: -------- Mapchange to deathrun_aztecan_beta1 --------
L 06/04/2017 - 08:37:27: [AMXX] Failed to open dictionary file: cstrike/addons/amxmodx/data/lang/walkguard.txt
L 06/04/2017 - 08:37:28: [walkguard.amxx] no zone-file found
L 06/04/2017 - 09:14:16: -------- Mapchange to deathrun_pyramid --------
L 06/04/2017 - 09:14:17: [AMXX] Failed to open dictionary file: cstrike/addons/amxmodx/data/lang/walkguard.txt
L 06/04/2017 - 09:14:19: [walkguard.amxx] no zone-file found
L 06/04/2017 - 09:34:25: [admincmd.amxx] Cmd: "Dr.FioriGinal.Ro ~ Server Clasi<0><><>" slay "nVidia E7 Player<347><VALVE_0:4:417879669><>"
L 06/04/2017 - 09:42:07: -------- Mapchange to deathrun_standup --------
L 06/04/2017 - 09:42:08: [AMXX] Failed to open dictionary file: cstrike/addons/amxmodx/data/lang/walkguard.txt
L 06/04/2017 - 09:42:10: [walkguard.amxx] no zone-file found
L 06/04/2017 - 09:44:56: [admin.amxx] Login: "wKn<354><STEAM_0:0:196614190><>" became an admin (account "wKn") (access "bit") (address "92.85.64.7")
L 06/04/2017 - 10:04:51: [admincmd.amxx] Cmd: "Dr.FioriGinal.Ro ~ Server Clasi<0><><>" slay "nVidia E7 Player<359><VALVE_0:4:417879669><>"
L 06/04/2017 - 10:36:29: -------- Mapchange to deathrun_sentinel --------
L 06/04/2017 - 10:36:40: -------- Mapchange to deathrun_forest --------
L 06/04/2017 - 10:36:48: [AMXX] Failed to open dictionary file: cstrike/addons/amxmodx/data/lang/walkguard.txt
L 06/04/2017 - 10:36:50: [walkguard.amxx] no zone-file found
L 06/04/2017 - 10:36:59: Invalid multi-lingual line (file "cstrike/addons/amxmodx/data/lang/rom_protect.txt" key "// *ROM-Protect// Plugin OpenSource anti-IsFlooding/bug-fix pentru orice server." lang "")
L 06/04/2017 - 10:36:59: Invalid multi-lingual line (file "cstrike/addons/amxmodx/data/lang/rom_protect.txt" key "// Versiunea : 1.0.4s-dev. Bulid : 98. Data lansarii versiunii : 03.12.2016." lang "")
L 06/04/2017 - 10:36:59: Invalid multi-lingual line (file "cstrike/addons/amxmodx/data/lang/rom_protect.txt" key "// Autor : lüxor # Dr.Fio & DR2.IND (+ eNd.) - SteamID (contact) : luxxxoor" lang "")
L 06/04/2017 - 10:36:59: Invalid multi-lingual line (file "cstrike/addons/amxmodx/data/lang/rom_protect.txt" key "// O productie FioriGinal.ro - site : www.fioriginal.ro" lang "")
L 06/04/2017 - 10:36:59: Invalid multi-lingual line (file "cstrike/addons/amxmodx/data/lang/rom_protect.txt" key "// Link forum de dezvoltare : http://forum.fioriginal.ro/amxmodx-plugins-pluginuri/rom-protect-anti-flood-bug-fix-t28292.html" lang "")
L 06/04/2017 - 10:36:59: Invalid multi-lingual line (file "cstrike/addons/amxmodx/data/lang/rom_protect.txt" key "// Link sursa : https://github.com/luxxxoor/ROM-Protect" lang "")
L 06/04/2017 - 10:36:59: Invalid multi-lingual line (file "cstrike/addons/amxmodx/data/lang/rom_protect.txt" key "// Colori : ^1 - Culoarea aleasa de jucator cu con_color." lang "")
L 06/04/2017 - 10:36:59: Invalid multi-lingual line (file "cstrike/addons/amxmodx/data/lang/rom_protect.txt" key "//          ^3 - Culoare gri." lang "")
L 06/04/2017 - 10:36:59: Invalid multi-lingual line (file "cstrike/addons/amxmodx/data/lang/rom_protect.txt" key "//          ^4 - Culoare verde." lang "")
L 06/04/2017 - 10:39:25: [admin.amxx] Login: "cool<8><STEAM_0:1:25922700><>" became an admin (account "cool") (access "b") (address "5.14.96.61")
L 06/04/2017 - 11:04:00: -------- Mapchange to deathrun_jinglebells --------
L 06/04/2017 - 11:04:02: [AMXX] Failed to open dictionary file: cstrike/addons/amxmodx/data/lang/walkguard.txt
L 06/04/2017 - 11:04:03: [walkguard.amxx] no zone-file found
L 06/04/2017 - 11:07:00: [admin.amxx] Login: "Stifler<23><STEAM_0:0:1784836802><>" became an admin (account "Stifler") (access "b") (address "31.5.145.190")
L 06/04/2017 - 11:10:19: [admin.amxx] Login: "cool<24><STEAM_0:1:25922700><>" became an admin (account "cool") (access "b") (address "5.14.96.61")
L 06/04/2017 - 11:13:42: [admin.amxx] Login: "cool<25><STEAM_0:1:25922700><>" became an admin (account "cool") (access "b") (address "5.14.96.61")
L 06/04/2017 - 11:16:38: [slayafk.amxx] cool a primit slay, deoarece a fost afk mai mult de 30 secunde
L 06/04/2017 - 11:41:23: -------- Mapchange to deathrun_long_run --------
L 06/04/2017 - 11:41:24: [AMXX] Failed to open dictionary file: cstrike/addons/amxmodx/data/lang/walkguard.txt
L 06/04/2017 - 11:41:25: [walkguard.amxx] no zone-file found
L 06/04/2017 - 11:47:04: [admin.amxx] Login: "Stifler<36><STEAM_0:0:1784836802><>" became an admin (account "Stifler") (access "b") (address "31.5.145.190")
L 06/04/2017 - 11:59:50: [slayafk.amxx] aga a primit slay, deoarece a fost afk mai mult de 30 secunde
L 06/04/2017 - 12:13:42: -------- Mapchange to deathrun_virtualstrike --------
L 06/04/2017 - 12:13:43: [AMXX] Failed to open dictionary file: cstrike/addons/amxmodx/data/lang/walkguard.txt
L 06/04/2017 - 12:13:45: [walkguard.amxx] no zone-file found
L 06/04/2017 - 12:21:24: [admincmd.amxx] Cmd: "Dr.FioriGinal.Ro ~ Server Clasi<0><><>" slay "-Eq- George<49><VALVE_0:4:542402288><>"
L 06/04/2017 - 12:36:03: [admincmd.amxx] Cmd: "Dr.FioriGinal.Ro ~ Server Clasi<0><><>" slay "[mr] isam ghaith<53><STEAM_0:0:997819823><>"
L 06/04/2017 - 12:36:10: [admin.amxx] Login: "Stifler<54><STEAM_0:0:1784836802><>" became an admin (account "Stifler") (access "b") (address "31.5.145.190")
L 06/04/2017 - 12:37:05: [admincmd.amxx] Cmd: "Dr.FioriGinal.Ro ~ Server Clasi<0><><>" slay "[mr] isam ghaith<56><STEAM_0:0:997819823><>"
L 06/04/2017 - 13:11:06: [admincmd.amxx] Cmd: "Dr.FioriGinal.Ro ~ Server Clasi<0><><>" slay "gF.lL[u]ck<73><STEAM_0:0:1322934216><>"
L 06/04/2017 - 13:18:24: [admincmd.amxx] Cmd: "Dr.FioriGinal.Ro ~ Server Clasi<0><><>" slay "Xzppz<78><VALVE_0:4:280655710><>"
L 06/04/2017 - 13:35:17: [admin.amxx] Login: "cool<84><STEAM_0:1:25922700><>" became an admin (account "cool") (access "b") (address "5.14.96.61")
L 06/04/2017 - 13:39:19: [slayafk.amxx] cool a primit slay, deoarece a fost afk mai mult de 30 secunde
L 06/04/2017 - 13:48:05: [admincmd.amxx] Cmd: "Dr.FioriGinal.Ro ~ Server Clasi<0><><>" slay "gF.lL[u]ck<89><STEAM_0:0:1322934216><>"
L 06/04/2017 - 14:38:37: -------- Mapchange to deathrun_nightrun_beta3 --------
L 06/04/2017 - 14:38:39: [AMXX] Failed to open dictionary file: cstrike/addons/amxmodx/data/lang/walkguard.txt
L 06/04/2017 - 14:38:40: [walkguard.amxx] no zone-file found
L 06/04/2017 - 14:52:12: [admincmd.amxx] Cmd: "Dr.FioriGinal.Ro ~ Server Clasi<0><><>" slay "gF.lL[u]ck<118><STEAM_0:0:1322934216><>"
L 06/04/2017 - 14:52:28: [admincmd.amxx] Cmd: "Dr.FioriGinal.Ro ~ Server Clasi<0><><>" slay "sTupTITAN<119><VALVE_0:4:757619194><>"
L 06/04/2017 - 14:52:32: [admincmd.amxx] Cmd: "Dr.FioriGinal.Ro ~ Server Clasi<0><><>" slay "gF.lL[u]ck<120><STEAM_0:0:1322934216><>"
L 06/04/2017 - 14:52:42: [admincmd.amxx] Cmd: "Dr.FioriGinal.Ro ~ Server Clasi<0><><>" slay "sTupTITAN<121><VALVE_0:4:757619194><>"
L 06/04/2017 - 14:52:44: [admincmd.amxx] Cmd: "Dr.FioriGinal.Ro ~ Server Clasi<0><><>" slay "gF.lL[u]ck<122><STEAM_0:0:1322934216><>"
L 06/04/2017 - 14:53:02: [admincmd.amxx] Cmd: "Dr.FioriGinal.Ro ~ Server Clasi<0><><>" slay "gF.lL[u]ck<123><STEAM_0:0:1322934216><>"
L 06/04/2017 - 14:53:10: [admincmd.amxx] Cmd: "Dr.FioriGinal.Ro ~ Server Clasi<0><><>" slay "sTupTITAN<126><VALVE_0:4:757619194><>"
L 06/04/2017 - 14:53:27: [admincmd.amxx] Cmd: "Dr.FioriGinal.Ro ~ Server Clasi<0><><>" slay "gF.lL[u]ck<128><STEAM_0:0:1322934216><>"
L 06/04/2017 - 14:53:35: [admincmd.amxx] Cmd: "Dr.FioriGinal.Ro ~ Server Clasi<0><><>" slay "sTupTITAN<130><VALVE_0:4:757619194><>"
L 06/04/2017 - 14:53:54: [admincmd.amxx] Cmd: "Dr.FioriGinal.Ro ~ Server Clasi<0><><>" slay "gF.lL[u]ck<132><STEAM_0:0:1322934216><>"
L 06/04/2017 - 14:59:15: [admincmd.amxx] Cmd: "Dr.FioriGinal.Ro ~ Server Clasi<0><><>" slay "gF.lL[u]ck<136><STEAM_0:0:1322934216><>"
L 06/04/2017 - 15:03:59: [slayafk.amxx] What do you want ? a primit slay, deoarece a fost afk mai mult de 30 secunde
L 06/04/2017 - 15:40:02: -------- Mapchange to deathrun_0mega --------
L 06/04/2017 - 15:40:04: [AMXX] Failed to open dictionary file: cstrike/addons/amxmodx/data/lang/walkguard.txt
L 06/04/2017 - 15:40:05: [walkguard.amxx] no zone-file found
L 06/04/2017 - 15:41:22: [admincmd.amxx] Cmd: "Dr.FioriGinal.Ro ~ Server Clasi<0><><>" slay "kel<158><STEAM_0:0:1016541550><>"
L 06/04/2017 - 15:46:27: [admincmd.amxx] Cmd: "Dr.FioriGinal.Ro ~ Server Clasi<0><><>" slay "mamaliguta<166><VALVE_0:4:1869437170><>"
L 06/04/2017 - 16:12:10: [admincmd.amxx] Cmd: "Dr.FioriGinal.Ro ~ Server Clasi<0><><>" slay "miezu' || good as hell âœ¡<184><STEAM_0:1:76767434><>"
L 06/04/2017 - 16:32:41: -------- Mapchange to deathrun_discovery3 --------
L 06/04/2017 - 16:32:43: [AMXX] Failed to open dictionary file: cstrike/addons/amxmodx/data/lang/walkguard.txt
L 06/04/2017 - 16:32:44: [walkguard.amxx] no zone-file found
L 06/04/2017 - 17:03:59: -------- Mapchange to deathrun_adi_blurez --------
L 06/04/2017 - 17:04:01: [AMXX] Failed to open dictionary file: cstrike/addons/amxmodx/data/lang/walkguard.txt
L 06/04/2017 - 17:04:02: [walkguard.amxx] no zone-file found
L 06/04/2017 - 17:25:49: [admincmd.amxx] Cmd: "Dr.FioriGinal.Ro ~ Server Clasi<0><><>" slay "gF.lL[u]ck<222><STEAM_0:0:1322934216><>"
L 06/04/2017 - 17:27:15: [admincmd.amxx] Cmd: "Dr.FioriGinal.Ro ~ Server Clasi<0><><>" slay "gF.lL[u]ck<223><STEAM_0:0:1322934216><>"
L 06/04/2017 - 17:56:45: -------- Mapchange to deathrun_2h_estonia --------
L 06/04/2017 - 17:56:46: [AMXX] Failed to open dictionary file: cstrike/addons/amxmodx/data/lang/walkguard.txt
L 06/04/2017 - 17:56:47: [walkguard.amxx] no zone-file found
L 06/04/2017 - 18:32:34: [admincmd.amxx] Cmd: "Dr.FioriGinal.Ro ~ Server Clasi<0><><>" slay "[mr] isam ghaith<249><STEAM_0:0:997819823><>"
L 06/04/2017 - 18:32:36: [admincmd.amxx] Cmd: "Dr.FioriGinal.Ro ~ Server Clasi<0><><>" slay "dNk|RyuuKo<250><STEAM_0:0:129460880><>"
L 06/04/2017 - 18:32:55: [admincmd.amxx] Cmd: "Dr.FioriGinal.Ro ~ Server Clasi<0><><>" slay "[mr] isam ghaith<251><STEAM_0:0:997819823><>"
L 06/04/2017 - 18:59:30: -------- Mapchange to deathrun_y_underground --------
L 06/04/2017 - 18:59:32: [AMXX] Failed to open dictionary file: cstrike/addons/amxmodx/data/lang/walkguard.txt
L 06/04/2017 - 18:59:33: [walkguard.amxx] no zone-file found
L 06/04/2017 - 19:09:14: [adminchat.amxx] Chat: "AnduXIK<265><STEAM_0:1:40514827><>" chat "da"
L 06/04/2017 - 19:33:22: [slayafk.amxx] IseDareXD a primit slay, deoarece a fost afk mai mult de 30 secunde
L 06/04/2017 - 19:34:02: [slayafk.amxx] IseDareXD a primit slay, deoarece a fost afk mai mult de 30 secunde
L 06/04/2017 - 19:40:46: -------- Mapchange to deathrun_privateers --------
L 06/04/2017 - 19:40:47: [AMXX] Failed to open dictionary file: cstrike/addons/amxmodx/data/lang/walkguard.txt
L 06/04/2017 - 19:40:48: [walkguard.amxx] no zone-file found
L 06/04/2017 - 19:55:28: [slayafk.amxx] Mamaliga[GP] a primit slay, deoarece a fost afk mai mult de 30 secunde
L 06/04/2017 - 19:56:08: [slayafk.amxx] Mamaliga[GP] a primit slay, deoarece a fost afk mai mult de 30 secunde
L 06/04/2017 - 19:56:48: [slayafk.amxx] Mamaliga[GP] a primit slay, deoarece a fost afk mai mult de 30 secunde
L 06/04/2017 - 19:57:28: [slayafk.amxx] Mamaliga[GP] a primit slay, deoarece a fost afk mai mult de 30 secunde
L 06/04/2017 - 19:59:03: [slayafk.amxx] Mamaliga[GP] a primit slay, deoarece a fost afk mai mult de 30 secunde
L 06/04/2017 - 20:23:51: -------- Mapchange to deathrun_rizzy_x --------
L 06/04/2017 - 20:23:52: [AMXX] Failed to open dictionary file: cstrike/addons/amxmodx/data/lang/walkguard.txt
L 06/04/2017 - 20:23:53: [walkguard.amxx] no zone-file found
L 06/04/2017 - 21:16:44: -------- Mapchange to deathrun_ghosts --------
L 06/04/2017 - 21:16:45: [AMXX] Failed to open dictionary file: cstrike/addons/amxmodx/data/lang/walkguard.txt
L 06/04/2017 - 21:16:46: [walkguard.amxx] no zone-file found
L 06/04/2017 - 21:30:23: [admincmd.amxx] Cmd: "Dr.FioriGinal.Ro ~ Server Clasi<0><><>" slay "pTm # c0cKa1nNa<326><VALVE_0:4:313452272><>"
L 06/04/2017 - 21:39:36: [admincmd.amxx] Cmd: "Dr.FioriGinal.Ro ~ Server Clasi<0><><>" slay "MaryanN<333><VALVE_0:4:182543856><>"
L 06/04/2017 - 22:08:50: -------- Mapchange to deathrun_sk_occult --------
L 06/04/2017 - 22:08:51: [AMXX] Failed to open dictionary file: cstrike/addons/amxmodx/data/lang/walkguard.txt
L 06/04/2017 - 22:08:52: [walkguard.amxx] no zone-file found
L 06/04/2017 - 22:34:37: -------- Mapchange to deathrun_jigsaw2 --------
L 06/04/2017 - 22:34:39: [AMXX] Failed to open dictionary file: cstrike/addons/amxmodx/data/lang/walkguard.txt
L 06/04/2017 - 22:34:40: [walkguard.amxx] no zone-file found
L 06/04/2017 - 23:09:42: -------- Mapchange to deathrun_christmas --------
L 06/04/2017 - 23:09:43: [AMXX] Failed to open dictionary file: cstrike/addons/amxmodx/data/lang/walkguard.txt
L 06/04/2017 - 23:09:44: [walkguard.amxx] no zone-file found
L 06/04/2017 - 23:25:21: [admincmd.amxx] Cmd: "Dr.FioriGinal.Ro ~ Server Clasi<0><><>" slay "I'M-BACK --- BLK<364><VALVE_0:4:685308930><>"
L 06/04/2017 - 23:36:45: -------- Mapchange to deathrun_jinglebells2 --------
L 06/04/2017 - 23:36:46: [AMXX] Failed to open dictionary file: cstrike/addons/amxmodx/data/lang/walkguard.txt
L 06/04/2017 - 23:36:47: [walkguard.amxx] no zone-file found
