L 03/02/2017 - 00:02:40: [admincmd.amxx] Cmd: "Dr.FioriGinal.Ro ~ Server Clasi<0><><>" slay "ssaacc.<160><STEAM_0:0:1844758109><>"
L 03/02/2017 - 00:06:28: [slayafk.amxx] ssaacc. a primit slay, deoarece a fost afk mai mult de 30 secunde
L 03/02/2017 - 00:07:18: [slayafk.amxx] ssaacc. a primit slay, deoarece a fost afk mai mult de 30 secunde
L 03/02/2017 - 00:09:28: [slayafk.amxx] ssaacc. a primit slay, deoarece a fost afk mai mult de 30 secunde
L 03/02/2017 - 00:10:08: -------- Mapchange to deathrun_kings_never_die --------
L 03/02/2017 - 00:10:09: [AMXX] Failed to open dictionary file: cstrike/addons/amxmodx/data/lang/walkguard.txt
L 03/02/2017 - 00:10:10: [walkguard.amxx] no zone-file found
L 03/02/2017 - 00:10:44: [slayafk.amxx] ssaacc. a primit slay, deoarece a fost afk mai mult de 30 secunde
L 03/02/2017 - 00:11:20: [slayafk.amxx] ssaacc. a primit slay, deoarece a fost afk mai mult de 30 secunde
L 03/02/2017 - 00:12:05: [slayafk.amxx] ssaacc. a primit slay, deoarece a fost afk mai mult de 30 secunde
L 03/02/2017 - 00:12:55: [slayafk.amxx] ssaacc. a primit slay, deoarece a fost afk mai mult de 30 secunde
L 03/02/2017 - 00:13:34: [slayafk.amxx] ssaacc. a primit slay, deoarece a fost afk mai mult de 30 secunde
L 03/02/2017 - 00:14:24: [slayafk.amxx] ssaacc. a primit slay, deoarece a fost afk mai mult de 30 secunde
L 03/02/2017 - 00:14:34: [admincmd.amxx] Cmd: "Dr.FioriGinal.Ro ~ Server Clasi<0><><>" slay "tiganu<166><STEAM_0:0:1715760849><>"
L 03/02/2017 - 00:15:05: [slayafk.amxx] ssaacc. a primit slay, deoarece a fost afk mai mult de 30 secunde
L 03/02/2017 - 00:15:45: [slayafk.amxx] ssaacc. a primit slay, deoarece a fost afk mai mult de 30 secunde
L 03/02/2017 - 00:16:24: [slayafk.amxx] tiganu a primit slay, deoarece a fost afk mai mult de 30 secunde
L 03/02/2017 - 00:16:54: [slayafk.amxx] ssaacc. a primit slay, deoarece a fost afk mai mult de 30 secunde
L 03/02/2017 - 00:17:34: [slayafk.amxx] tiganu a primit slay, deoarece a fost afk mai mult de 30 secunde
L 03/02/2017 - 00:18:09: [slayafk.amxx] ssaacc. a primit slay, deoarece a fost afk mai mult de 30 secunde
L 03/02/2017 - 00:18:49: [slayafk.amxx] tiganu a primit slay, deoarece a fost afk mai mult de 30 secunde
L 03/02/2017 - 00:19:19: [slayafk.amxx] ssaacc. a primit slay, deoarece a fost afk mai mult de 30 secunde
L 03/02/2017 - 00:19:54: [slayafk.amxx] tiganu a primit slay, deoarece a fost afk mai mult de 30 secunde
L 03/02/2017 - 00:20:25: [slayafk.amxx] ssaacc. a primit slay, deoarece a fost afk mai mult de 30 secunde
L 03/02/2017 - 00:20:59: [slayafk.amxx] tiganu a primit slay, deoarece a fost afk mai mult de 30 secunde
L 03/02/2017 - 00:21:34: [slayafk.amxx] ssaacc. a primit slay, deoarece a fost afk mai mult de 30 secunde
L 03/02/2017 - 00:22:15: [slayafk.amxx] tiganu a primit slay, deoarece a fost afk mai mult de 30 secunde
L 03/02/2017 - 00:22:44: [slayafk.amxx] ssaacc. a primit slay, deoarece a fost afk mai mult de 30 secunde
L 03/02/2017 - 00:23:24: [slayafk.amxx] tiganu a primit slay, deoarece a fost afk mai mult de 30 secunde
L 03/02/2017 - 00:23:59: [slayafk.amxx] ssaacc. a primit slay, deoarece a fost afk mai mult de 30 secunde
L 03/02/2017 - 00:24:39: [slayafk.amxx] tiganu a primit slay, deoarece a fost afk mai mult de 30 secunde
L 03/02/2017 - 00:25:14: [slayafk.amxx] ssaacc. a primit slay, deoarece a fost afk mai mult de 30 secunde
L 03/02/2017 - 00:25:54: [slayafk.amxx] tiganu a primit slay, deoarece a fost afk mai mult de 30 secunde
L 03/02/2017 - 00:26:25: [slayafk.amxx] ssaacc. a primit slay, deoarece a fost afk mai mult de 30 secunde
L 03/02/2017 - 00:51:14: -------- Mapchange to deathrun_inferno_beta1 --------
L 03/02/2017 - 00:51:15: [AMXX] Failed to open dictionary file: cstrike/addons/amxmodx/data/lang/walkguard.txt
L 03/02/2017 - 00:51:16: [walkguard.amxx] no zone-file found
L 03/02/2017 - 00:56:23: [admin.amxx] Login: "SWAGGIE. XD<174><VALVE_0:4:862961770><>" became an admin (account "SWAGGIE. XD") (access "bi") (address "109.98.131.207")
L 03/02/2017 - 01:33:57: -------- Mapchange to deathrun_coolf4 --------
L 03/02/2017 - 01:33:59: [AMXX] Failed to open dictionary file: cstrike/addons/amxmodx/data/lang/walkguard.txt
L 03/02/2017 - 01:34:00: [walkguard.amxx] no zone-file found
L 03/02/2017 - 01:41:22: [admincmd.amxx] Cmd: "Dr.FioriGinal.Ro ~ Server Clasi<0><><>" slay "Rusu<186><STEAM_0:0:1134474968><>"
L 03/02/2017 - 02:00:58: -------- Mapchange to deathrun_demolish --------
L 03/02/2017 - 02:00:59: [AMXX] Failed to open dictionary file: cstrike/addons/amxmodx/data/lang/walkguard.txt
L 03/02/2017 - 02:01:00: [walkguard.amxx] no zone-file found
L 03/02/2017 - 05:17:47: -------- Mapchange to deathrun_y_snow_wind_v3 --------
L 03/02/2017 - 05:17:49: [AMXX] Failed to open dictionary file: cstrike/addons/amxmodx/data/lang/walkguard.txt
L 03/02/2017 - 05:17:50: [walkguard.amxx] no zone-file found
L 03/02/2017 - 08:44:45: -------- Mapchange to deathrun_adelina --------
L 03/02/2017 - 08:44:46: [AMXX] Failed to open dictionary file: cstrike/addons/amxmodx/data/lang/walkguard.txt
L 03/02/2017 - 08:44:47: [walkguard.amxx] no zone-file found
L 03/02/2017 - 09:08:32: [slayafk.amxx] Margarina a primit slay, deoarece a fost afk mai mult de 30 secunde
L 03/02/2017 - 09:49:41: -------- Mapchange to deathrun_scooby-doo --------
L 03/02/2017 - 09:49:42: [AMXX] Failed to open dictionary file: cstrike/addons/amxmodx/data/lang/walkguard.txt
L 03/02/2017 - 09:49:43: [walkguard.amxx] no zone-file found
L 03/02/2017 - 10:04:50: [admin.amxx] Login: "cool<224><STEAM_0:1:25922700><>" became an admin (account "cool") (access "bi") (address "5.14.100.218")
L 03/02/2017 - 10:04:56: [admincmd.amxx] Cmd: "Dr.FioriGinal.Ro ~ Server Clasi<0><><>" slay "cool<224><STEAM_0:1:25922700><>"
L 03/02/2017 - 10:25:01: [admin.amxx] Login: "cool<226><STEAM_0:1:25922700><>" became an admin (account "cool") (access "bi") (address "5.14.100.218")
L 03/02/2017 - 11:10:39: [admincmd.amxx] Cmd: "Dr.FioriGinal.Ro ~ Server Clasi<0><><>" slay "NOOB<237><STEAM_0:0:854973727><>"
L 03/02/2017 - 11:22:15: -------- Mapchange to deathrun_laikiux_dev --------
L 03/02/2017 - 11:22:17: [AMXX] Failed to open dictionary file: cstrike/addons/amxmodx/data/lang/walkguard.txt
L 03/02/2017 - 11:22:18: [walkguard.amxx] no zone-file found
L 03/02/2017 - 11:36:35: [admincmd.amxx] Cmd: "Dr.FioriGinal.Ro ~ Server Clasi<0><><>" slay "NOOB<244><STEAM_0:0:854973727><>"
L 03/02/2017 - 11:46:13: [admin.amxx] Login: "IrreguLar<246><STEAM_0:1:101181073><>" became an admin (account "Irregular") (access "bi") (address "79.119.230.6")
L 03/02/2017 - 11:49:57: -------- Mapchange to deathrun_winterfg_lux --------
L 03/02/2017 - 11:49:58: [AMXX] Failed to open dictionary file: cstrike/addons/amxmodx/data/lang/walkguard.txt
L 03/02/2017 - 11:49:59: [walkguard.amxx] no zone-file found
L 03/02/2017 - 11:50:10: [admin.amxx] Login: "IrreguLar<252><STEAM_0:1:101181073><>" became an admin (account "Irregular") (access "bi") (address "79.119.230.6")
L 03/02/2017 - 12:03:04: [adminchat.amxx] Chat: "IrreguLar<252><STEAM_0:1:101181073><>" csay "r LBJ!"
L 03/02/2017 - 12:05:52: [adminchat.amxx] Chat: "IrreguLar<252><STEAM_0:1:101181073><>" chat ""
L 03/02/2017 - 12:12:04: [admin.amxx] Login: "DoNpAkaa<263><STEAM_0:0:34150055><>" became an admin (account "DoNpAkaa") (access "bi") (address "79.118.116.44")
L 03/02/2017 - 12:14:50: [mapsmenu.amxx] Vote: "DoNpAkaa<263><STEAM_0:0:34150055><>" vote maps (map#1 "deathrun_bricks_lux") (map#2 "deathrun_bhopz_v2") (map#3 "") (map#4 "")
L 03/02/2017 - 12:15:02: [mapsmenu.amxx] Vote: Voting successful. Map will be changed to deathrun_bricks_lux
L 03/02/2017 - 12:16:45: -------- Mapchange to deathrun_bricks_lux --------
L 03/02/2017 - 12:16:47: [AMXX] Failed to open dictionary file: cstrike/addons/amxmodx/data/lang/walkguard.txt
L 03/02/2017 - 12:16:48: [walkguard.amxx] no zone-file found
L 03/02/2017 - 12:16:48: [admin.amxx] Login: "DoNpAkaa<263><STEAM_0:0:34150055><>" became an admin (account "DoNpAkaa") (access "bi") (address "79.118.116.44")
L 03/02/2017 - 12:16:48: [admin.amxx] Login: "IrreguLar<252><STEAM_0:1:101181073><>" became an admin (account "Irregular") (access "bi") (address "79.119.230.6")
L 03/02/2017 - 12:22:18: [slayafk.amxx] CrimsoN a primit slay, deoarece a fost afk mai mult de 30 secunde
L 03/02/2017 - 12:26:52: [slayafk.amxx] IrreguLar a primit slay, deoarece a fost afk mai mult de 30 secunde
L 03/02/2017 - 12:37:59: [admincmd.amxx] Kick: "IrreguLar<252><STEAM_0:1:101181073><>" kick "tiganu<245><STEAM_0:0:1715760849><>" (reason "")
L 03/02/2017 - 12:39:14: [mapsmenu.amxx] Vote: "DoNpAkaa<263><STEAM_0:0:34150055><>" vote maps (map#1 "deathrun_challenge_x") (map#2 "deathrun_clarion_dojo_b3") (map#3 "") (map#4 "")
L 03/02/2017 - 12:39:26: [mapsmenu.amxx] Vote: Voting successful. Map will be changed to deathrun_challenge_x
L 03/02/2017 - 12:43:42: -------- Mapchange to deathrun_challenge_x --------
L 03/02/2017 - 12:43:44: [AMXX] Failed to open dictionary file: cstrike/addons/amxmodx/data/lang/walkguard.txt
L 03/02/2017 - 12:43:45: [walkguard.amxx] no zone-file found
L 03/02/2017 - 12:43:45: [admin.amxx] Login: "DoNpAkaa<263><STEAM_0:0:34150055><>" became an admin (account "DoNpAkaa") (access "bi") (address "79.118.116.44")
L 03/02/2017 - 12:43:45: [admin.amxx] Login: "IrreguLar<252><STEAM_0:1:101181073><>" became an admin (account "Irregular") (access "bi") (address "79.119.230.6")
L 03/02/2017 - 12:47:17: [admincmd.amxx] Cmd: "Dr.FioriGinal.Ro ~ Server Clasi<0><><>" slay "zivoin<288><STEAM_0:0:582226405><>"
L 03/02/2017 - 12:47:30: [admincmd.amxx] Cmd: "DoNpAkaa<263><STEAM_0:0:34150055><>" slay "zivoin<288><STEAM_0:0:582226405><>"
L 03/02/2017 - 12:47:32: [admincmd.amxx] Cmd: "DoNpAkaa<263><STEAM_0:0:34150055><>" slay "zivoin<288><STEAM_0:0:582226405><>"
L 03/02/2017 - 12:49:41: [admin.amxx] Login: "wadafac!<269><VALVE_0:4:848579451><>" became an admin (account "wadafac!") (access "bi") (address "79.116.116.204")
L 03/02/2017 - 12:50:04: [slayafk.amxx] zivoin a primit slay, deoarece a fost afk mai mult de 30 secunde
L 03/02/2017 - 12:52:26: [admin.amxx] Login: "wadafac!<269><VALVE_0:4:848579451><>" became an admin (account "wadafac!") (access "bi") (address "79.116.116.204")
L 03/02/2017 - 12:52:59: [slayafk.amxx] zivoin a primit slay, deoarece a fost afk mai mult de 30 secunde
L 03/02/2017 - 12:55:45: [admincmd.amxx] Cmd: "DoNpAkaa<263><STEAM_0:0:34150055><>" slay "addons/a<292><STEAM_0:0:1771070235><>"
L 03/02/2017 - 12:58:19: [slayafk.amxx] zivoin a primit slay, deoarece a fost afk mai mult de 30 secunde
L 03/02/2017 - 13:00:34: [slayafk.amxx] zivoin a primit slay, deoarece a fost afk mai mult de 30 secunde
L 03/02/2017 - 13:05:10: [mapsmenu.amxx] Vote: "DoNpAkaa<263><STEAM_0:0:34150055><>" vote maps (map#1 "deathrun_clarion_dojo_b3") (map#2 "deathrun_projetocs") (map#3 "") (map#4 "")
L 03/02/2017 - 13:05:22: [mapsmenu.amxx] Vote: Voting successful. Map will be changed to deathrun_clarion_dojo_b3
L 03/02/2017 - 13:05:29: [slayafk.amxx] zivoin a primit slay, deoarece a fost afk mai mult de 30 secunde
L 03/02/2017 - 13:07:29: [slayafk.amxx] zivoin a primit slay, deoarece a fost afk mai mult de 30 secunde
L 03/02/2017 - 13:09:09: [slayafk.amxx] zivoin a primit slay, deoarece a fost afk mai mult de 30 secunde
L 03/02/2017 - 13:09:44: [slayafk.amxx] DoNpAkaa a primit slay, deoarece a fost afk mai mult de 30 secunde
L 03/02/2017 - 13:09:47: -------- Mapchange to deathrun_clarion_dojo_b3 --------
L 03/02/2017 - 13:09:49: [AMXX] Failed to open dictionary file: cstrike/addons/amxmodx/data/lang/walkguard.txt
L 03/02/2017 - 13:09:50: [admin.amxx] Login: "DoNpAkaa<263><STEAM_0:0:34150055><>" became an admin (account "DoNpAkaa") (access "bi") (address "79.118.116.44")
L 03/02/2017 - 13:09:50: [walkguard.amxx] no zone-file found
L 03/02/2017 - 13:35:37: -------- Mapchange to deathrun_holiday --------
L 03/02/2017 - 13:35:39: [AMXX] Failed to open dictionary file: cstrike/addons/amxmodx/data/lang/walkguard.txt
L 03/02/2017 - 13:35:40: [walkguard.amxx] no zone-file found
L 03/02/2017 - 13:35:57: [admin.amxx] Login: "cool<308><STEAM_0:1:25922700><>" became an admin (account "cool") (access "bi") (address "5.14.100.218")
L 03/02/2017 - 13:36:39: [slayafk.amxx] zivoin a primit slay, deoarece a fost afk mai mult de 30 secunde
L 03/02/2017 - 13:38:14: [slayafk.amxx] zivoin a primit slay, deoarece a fost afk mai mult de 30 secunde
L 03/02/2017 - 13:38:17: [admin.amxx] Login: "cool<310><STEAM_0:1:25922700><>" became an admin (account "cool") (access "bi") (address "5.14.100.218")
L 03/02/2017 - 13:39:04: [slayafk.amxx] zivoin a primit slay, deoarece a fost afk mai mult de 30 secunde
L 03/02/2017 - 13:39:36: [admincmd.amxx] Cmd: "cool<310><STEAM_0:1:25922700><>" ask for players list
L 03/02/2017 - 13:40:09: [slayafk.amxx] zivoin a primit slay, deoarece a fost afk mai mult de 30 secunde
L 03/02/2017 - 13:40:59: [slayafk.amxx] zivoin a primit slay, deoarece a fost afk mai mult de 30 secunde
L 03/02/2017 - 13:41:44: [slayafk.amxx] zivoin a primit slay, deoarece a fost afk mai mult de 30 secunde
L 03/02/2017 - 13:43:14: [slayafk.amxx] zivoin a primit slay, deoarece a fost afk mai mult de 30 secunde
L 03/02/2017 - 13:43:54: [slayafk.amxx] zivoin a primit slay, deoarece a fost afk mai mult de 30 secunde
L 03/02/2017 - 13:46:14: [slayafk.amxx] zivoin a primit slay, deoarece a fost afk mai mult de 30 secunde
L 03/02/2017 - 13:46:19: [slayafk.amxx] Elyon a primit slay, deoarece a fost afk mai mult de 30 secunde
L 03/02/2017 - 13:47:29: [slayafk.amxx] cool a primit slay, deoarece a fost afk mai mult de 30 secunde
L 03/02/2017 - 13:47:29: [slayafk.amxx] zivoin a primit slay, deoarece a fost afk mai mult de 30 secunde
L 03/02/2017 - 13:48:09: [slayafk.amxx] zivoin a primit slay, deoarece a fost afk mai mult de 30 secunde
L 03/02/2017 - 13:50:09: [slayafk.amxx] cool a primit slay, deoarece a fost afk mai mult de 30 secunde
L 03/02/2017 - 13:50:54: [slayafk.amxx] zivoin a primit slay, deoarece a fost afk mai mult de 30 secunde
L 03/02/2017 - 13:50:59: [slayafk.amxx] cool a primit slay, deoarece a fost afk mai mult de 30 secunde
L 03/02/2017 - 13:51:39: [slayafk.amxx] cool a primit slay, deoarece a fost afk mai mult de 30 secunde
L 03/02/2017 - 13:51:39: [slayafk.amxx] zivoin a primit slay, deoarece a fost afk mai mult de 30 secunde
L 03/02/2017 - 13:52:19: [slayafk.amxx] zivoin a primit slay, deoarece a fost afk mai mult de 30 secunde
L 03/02/2017 - 13:53:19: [slayafk.amxx] NOOB a primit slay, deoarece a fost afk mai mult de 30 secunde
L 03/02/2017 - 13:53:19: [slayafk.amxx] zivoin a primit slay, deoarece a fost afk mai mult de 30 secunde
L 03/02/2017 - 13:53:59: [slayafk.amxx] NOOB a primit slay, deoarece a fost afk mai mult de 30 secunde
L 03/02/2017 - 13:53:59: [slayafk.amxx] zivoin a primit slay, deoarece a fost afk mai mult de 30 secunde
L 03/02/2017 - 13:54:44: [slayafk.amxx] NOOB a primit slay, deoarece a fost afk mai mult de 30 secunde
L 03/02/2017 - 14:02:56: -------- Mapchange to deathrun_purplez --------
L 03/02/2017 - 14:02:57: [AMXX] Failed to open dictionary file: cstrike/addons/amxmodx/data/lang/walkguard.txt
L 03/02/2017 - 14:02:58: [walkguard.amxx] no zone-file found
L 03/02/2017 - 14:07:18: [slayafk.amxx] Elyon a primit slay, deoarece a fost afk mai mult de 30 secunde
L 03/02/2017 - 14:33:25: -------- Mapchange to deathrun_cityhotel_v2 --------
L 03/02/2017 - 14:33:26: [AMXX] Failed to open dictionary file: cstrike/addons/amxmodx/data/lang/walkguard.txt
L 03/02/2017 - 14:33:28: [walkguard.amxx] no zone-file found
L 03/02/2017 - 14:50:04: [admin.amxx] Login: "wadafac!<340><VALVE_0:4:848579451><>" became an admin (account "wadafac!") (access "bi") (address "79.116.116.204")
L 03/02/2017 - 14:50:07: [admin.amxx] Login: "wadafac!<341><VALVE_0:4:848579451><>" became an admin (account "wadafac!") (access "bi") (address "79.116.116.204")
L 03/02/2017 - 14:57:26: [admincmd.amxx] Cmd: "Dr.FioriGinal.Ro ~ Server Clasi<0><><>" slay "zivoin<346><STEAM_0:0:582226405><>"
L 03/02/2017 - 15:15:28: [admincmd.amxx] Cmd: "Dr.FioriGinal.Ro ~ Server Clasi<0><><>" slay "zivoin<356><STEAM_0:0:582226405><>"
L 03/02/2017 - 15:16:53: [admincmd.amxx] Cmd: "Dr.FioriGinal.Ro ~ Server Clasi<0><><>" slay "zivoin<358><STEAM_0:0:582226405><>"
L 03/02/2017 - 15:21:02: [admincmd.amxx] Cmd: "Dr.FioriGinal.Ro ~ Server Clasi<0><><>" slay "zivoin<360><STEAM_0:0:582226405><>"
L 03/02/2017 - 15:23:28: -------- Mapchange to deathrun_abtropicano2 --------
L 03/02/2017 - 15:23:29: [AMXX] Failed to open dictionary file: cstrike/addons/amxmodx/data/lang/walkguard.txt
L 03/02/2017 - 15:23:30: [walkguard.amxx] no zone-file found
L 03/02/2017 - 15:26:15: [admincmd.amxx] Cmd: "Dr.FioriGinal.Ro ~ Server Clasi<0><><>" slay "zivoin<365><STEAM_0:0:582226405><>"
L 03/02/2017 - 15:29:43: [admincmd.amxx] Cmd: "Dr.FioriGinal.Ro ~ Server Clasi<0><><>" slay "zivoin<367><STEAM_0:0:582226405><>"
L 03/02/2017 - 15:30:23: [admincmd.amxx] Cmd: "Dr.FioriGinal.Ro ~ Server Clasi<0><><>" slay "zivoin<369><STEAM_0:0:582226405><>"
L 03/02/2017 - 15:35:53: [admin.amxx] Login: "wadafac!<375><VALVE_0:4:848579451><>" became an admin (account "wadafac!") (access "bi") (address "79.116.116.204")
L 03/02/2017 - 15:35:54: [admin.amxx] Login: "wadafac!<376><VALVE_0:4:848579451><>" became an admin (account "wadafac!") (access "bi") (address "79.116.116.204")
L 03/02/2017 - 15:36:49: [admincmd.amxx] Cmd: "Dr.FioriGinal.Ro ~ Server Clasi<0><><>" slay "zivoin<377><STEAM_0:0:582226405><>"
L 03/02/2017 - 15:42:55: [slayafk.amxx] zivoin a primit slay, deoarece a fost afk mai mult de 30 secunde
L 03/02/2017 - 15:46:00: [admincmd.amxx] Cmd: "Dr.FioriGinal.Ro ~ Server Clasi<0><><>" slay "GOLD*RTV<382><STEAM_0:0:1088164935><>"
L 03/02/2017 - 15:46:20: [slayafk.amxx] zivoin a primit slay, deoarece a fost afk mai mult de 30 secunde
L 03/02/2017 - 15:47:25: [slayafk.amxx] zivoin a primit slay, deoarece a fost afk mai mult de 30 secunde
L 03/02/2017 - 15:54:40: [slayafk.amxx] zivoin a primit slay, deoarece a fost afk mai mult de 30 secunde
L 03/02/2017 - 15:56:05: [slayafk.amxx] zivoin a primit slay, deoarece a fost afk mai mult de 30 secunde
L 03/02/2017 - 15:56:55: [slayafk.amxx] zivoin a primit slay, deoarece a fost afk mai mult de 30 secunde
L 03/02/2017 - 15:58:10: [slayafk.amxx] zivoin a primit slay, deoarece a fost afk mai mult de 30 secunde
L 03/02/2017 - 15:58:50: [slayafk.amxx] zivoin a primit slay, deoarece a fost afk mai mult de 30 secunde
L 03/02/2017 - 15:59:30: [slayafk.amxx] zivoin a primit slay, deoarece a fost afk mai mult de 30 secunde
L 03/02/2017 - 16:00:20: [slayafk.amxx] zivoin a primit slay, deoarece a fost afk mai mult de 30 secunde
L 03/02/2017 - 16:15:12: [admin.amxx] Login: "cool<394><STEAM_0:1:25922700><>" became an admin (account "cool") (access "bi") (address "5.14.100.218")
L 03/02/2017 - 16:15:13: [admin.amxx] Login: "cool<395><STEAM_0:1:25922700><>" became an admin (account "cool") (access "bi") (address "5.14.100.218")
L 03/02/2017 - 16:17:04: -------- Mapchange to deathrun_trap_canyon --------
L 03/02/2017 - 16:17:05: [AMXX] Failed to open dictionary file: cstrike/addons/amxmodx/data/lang/walkguard.txt
L 03/02/2017 - 16:17:06: [walkguard.amxx] no zone-file found
L 03/02/2017 - 16:17:16: [admin.amxx] Login: "cool<400><STEAM_0:1:25922700><>" became an admin (account "cool") (access "bi") (address "5.14.100.218")
L 03/02/2017 - 16:17:18: [admin.amxx] Login: "cool<401><STEAM_0:1:25922700><>" became an admin (account "cool") (access "bi") (address "5.14.100.218")
L 03/02/2017 - 16:21:08: [admin.amxx] Login: "cool<403><STEAM_0:1:25922700><>" became an admin (account "cool") (access "bi") (address "5.14.100.218")
L 03/02/2017 - 16:21:15: [admincmd.amxx] Cmd: "Dr.FioriGinal.Ro ~ Server Clasi<0><><>" slay "cool<403><STEAM_0:1:25922700><>"
L 03/02/2017 - 16:37:21: [admin.amxx] Login: "-rTg|maEsTrOo<408><STEAM_0:1:154430568><>" became an admin (account "-rTg|maEsTrOo") (access "bit") (address "109.96.112.28")
L 03/02/2017 - 16:40:47: [admincmd.amxx] Cmd: "-rTg|maEsTrOo<408><STEAM_0:1:154430568><>" changelevel "deathrun_hertz"
L 03/02/2017 - 16:40:49: -------- Mapchange to deathrun_hertz --------
L 03/02/2017 - 16:40:51: [AMXX] Failed to open dictionary file: cstrike/addons/amxmodx/data/lang/walkguard.txt
L 03/02/2017 - 16:40:52: [admin.amxx] Login: "-rTg|maEsTrOo<408><STEAM_0:1:154430568><>" became an admin (account "-rTg|maEsTrOo") (access "bit") (address "109.96.112.28")
L 03/02/2017 - 16:40:52: [walkguard.amxx] no zone-file found
L 03/02/2017 - 16:57:09: [admin.amxx] Login: "cool<415><STEAM_0:1:25922700><>" became an admin (account "cool") (access "bi") (address "5.14.100.218")
L 03/02/2017 - 16:58:45: -------- Mapchange to deathrun_finland --------
L 03/02/2017 - 16:58:47: [AMXX] Failed to open dictionary file: cstrike/addons/amxmodx/data/lang/walkguard.txt
L 03/02/2017 - 16:58:48: [walkguard.amxx] no zone-file found
L 03/02/2017 - 16:58:48: [admin.amxx] Login: "cool<415><STEAM_0:1:25922700><>" became an admin (account "cool") (access "bi") (address "5.14.100.218")
L 03/02/2017 - 17:07:58: [slayafk.amxx] cool a primit slay, deoarece a fost afk mai mult de 30 secunde
L 03/02/2017 - 17:10:20: [admincmd.amxx] Cmd: "Dr.FioriGinal.Ro ~ Server Clasi<0><><>" slay "S3v3n^uP^<427><STEAM_0:0:1404105953><>"
L 03/02/2017 - 17:12:07: [admincmd.amxx] Cmd: "Dr.FioriGinal.Ro ~ Server Clasi<0><><>" slay "S3v3n^uP^<428><STEAM_0:0:1404105953><>"
L 03/02/2017 - 17:13:29: [adminchat.amxx] Chat: "hackerul<424><STEAM_0:0:528638369><>" chat "?"
L 03/02/2017 - 17:13:31: [adminchat.amxx] Chat: "hackerul<424><STEAM_0:0:528638369><>" chat "?"
L 03/02/2017 - 17:14:00: [admin.amxx] Login: "cool<429><STEAM_0:1:25922700><>" became an admin (account "cool") (access "bi") (address "5.14.100.218")
L 03/02/2017 - 17:25:33: -------- Mapchange to deathrun_green_h2_final --------
L 03/02/2017 - 17:25:35: [AMXX] Failed to open dictionary file: cstrike/addons/amxmodx/data/lang/walkguard.txt
L 03/02/2017 - 17:25:36: [walkguard.amxx] no zone-file found
L 03/02/2017 - 17:31:26: [admin.amxx] Login: "SWAGGIE. XD<445><VALVE_0:4:862961770><>" became an admin (account "SWAGGIE. XD") (access "bi") (address "109.98.131.207")
L 03/02/2017 - 17:31:28: [admin.amxx] Login: "SWAGGIE. XD<446><VALVE_0:4:862961770><>" became an admin (account "SWAGGIE. XD") (access "bi") (address "109.98.131.207")
L 03/02/2017 - 17:32:19: [admincmd.amxx] Cmd: "Dr.FioriGinal.Ro ~ Server Clasi<0><><>" slay "S3v3n^uP^<449><STEAM_0:0:1404105953><>"
L 03/02/2017 - 17:34:09: [admin.amxx] Login: "cool<451><STEAM_0:1:25922700><>" became an admin (account "cool") (access "bi") (address "5.14.100.218")
L 03/02/2017 - 17:34:18: [admincmd.amxx] Cmd: "Dr.FioriGinal.Ro ~ Server Clasi<0><><>" slay "S3v3n^uP^<452><STEAM_0:0:1404105953><>"
L 03/02/2017 - 17:37:18: [admin.amxx] Login: "SWAGGIE. XD<453><VALVE_0:4:862961770><>" became an admin (account "SWAGGIE. XD") (access "bi") (address "109.98.131.207")
L 03/02/2017 - 17:43:04: [admin.amxx] Login: "EvolGenius - ThE king#<455><STEAM_0:1:84045719><>" became an admin (account "EvolGeniuS - ThE king#") (access "bi") (address "5.14.158.235")
L 03/02/2017 - 17:44:18: [admin.amxx] Login: "EvolGenius - ThE king#<457><STEAM_0:1:84045719><>" became an admin (account "EvolGeniuS - ThE king#") (access "bi") (address "5.14.158.235")
L 03/02/2017 - 17:47:34: [mapsmenu.amxx] Vote: "cool<451><STEAM_0:1:25922700><>" vote maps (map#1 "deathrun_heaven") (map#2 "deathrun_adi_blurez") (map#3 "") (map#4 "")
L 03/02/2017 - 17:47:46: [mapsmenu.amxx] Vote: Voting successful. Map will be changed to deathrun_adi_blurez
L 03/02/2017 - 17:49:30: [admin.amxx] Login: "EvolGenius - ThE king#<459><STEAM_0:1:84045719><>" became an admin (account "EvolGeniuS - ThE king#") (access "bi") (address "5.14.158.235")
L 03/02/2017 - 17:51:17: -------- Mapchange to deathrun_adi_blurez --------
L 03/02/2017 - 17:51:19: [AMXX] Failed to open dictionary file: cstrike/addons/amxmodx/data/lang/walkguard.txt
L 03/02/2017 - 17:51:20: [walkguard.amxx] no zone-file found
L 03/02/2017 - 17:51:20: [admin.amxx] Login: "cool<451><STEAM_0:1:25922700><>" became an admin (account "cool") (access "bi") (address "5.14.100.218")
L 03/02/2017 - 17:51:20: [admin.amxx] Login: "EvolGenius - ThE king#<459><STEAM_0:1:84045719><>" became an admin (account "EvolGeniuS - ThE king#") (access "bi") (address "5.14.158.235")
L 03/02/2017 - 17:52:09: [slayafk.amxx] cool a primit slay, deoarece a fost afk mai mult de 30 secunde
L 03/02/2017 - 17:53:49: [slayafk.amxx] cool a primit slay, deoarece a fost afk mai mult de 30 secunde
L 03/02/2017 - 17:54:55: [slayafk.amxx] cool a primit slay, deoarece a fost afk mai mult de 30 secunde
L 03/02/2017 - 17:55:35: [admin.amxx] Login: "SWAGGIE. XD<468><VALVE_0:4:862961770><>" became an admin (account "SWAGGIE. XD") (access "bi") (address "109.98.131.207")
L 03/02/2017 - 17:55:49: [slayafk.amxx] cool a primit slay, deoarece a fost afk mai mult de 30 secunde
L 03/02/2017 - 17:56:45: [admin.amxx] Login: "DND<469><STEAM_0:0:7167276><>" kicked due to invalid password (account "DnD") (address "5.15.144.73")
L 03/02/2017 - 17:56:50: [admin.amxx] Login: "DND<470><STEAM_0:0:7167276><>" kicked due to invalid password (account "DnD") (address "5.15.144.73")
L 03/02/2017 - 17:59:14: [slayafk.amxx] Martin ;<3 Oradea a primit slay, deoarece a fost afk mai mult de 30 secunde
L 03/02/2017 - 18:16:34: -------- Mapchange to deathrun_coolf2 --------
L 03/02/2017 - 18:16:36: [AMXX] Failed to open dictionary file: cstrike/addons/amxmodx/data/lang/walkguard.txt
L 03/02/2017 - 18:16:37: [walkguard.amxx] no zone-file found
L 03/02/2017 - 18:20:55: [admin.amxx] Login: "SWAGGIE. XD<485><VALVE_0:4:862961770><>" became an admin (account "SWAGGIE. XD") (access "bi") (address "109.98.131.207")
L 03/02/2017 - 18:25:51: [slayafk.amxx] BlacKDeviL a primit slay, deoarece a fost afk mai mult de 30 secunde
L 03/02/2017 - 18:27:11: [slayafk.amxx] BlacKDeviL a primit slay, deoarece a fost afk mai mult de 30 secunde
L 03/02/2017 - 18:28:36: [slayafk.amxx] BlacKDeviL a primit slay, deoarece a fost afk mai mult de 30 secunde
L 03/02/2017 - 18:29:56: [slayafk.amxx] BlacKDeviL a primit slay, deoarece a fost afk mai mult de 30 secunde
L 03/02/2017 - 18:30:46: [slayafk.amxx] BlacKDeviL a primit slay, deoarece a fost afk mai mult de 30 secunde
L 03/02/2017 - 18:32:11: [slayafk.amxx] BlacKDeviL a primit slay, deoarece a fost afk mai mult de 30 secunde
L 03/02/2017 - 18:33:06: [slayafk.amxx] BlacKDeviL a primit slay, deoarece a fost afk mai mult de 30 secunde
L 03/02/2017 - 18:34:11: [slayafk.amxx] BlacKDeviL a primit slay, deoarece a fost afk mai mult de 30 secunde
L 03/02/2017 - 18:37:56: [slayafk.amxx] JustKILL a primit slay, deoarece a fost afk mai mult de 30 secunde
L 03/02/2017 - 18:39:22: [admin.amxx] Login: "deadpool<499><STEAM_0:0:30403765><>" kicked due to invalid password (account "deadpool") (address "86.125.82.233")
L 03/02/2017 - 18:39:40: [admin.amxx] Login: "deadpool<500><STEAM_0:0:30403765><>" became an admin (account "deadpool") (access "bit") (address "86.125.82.233")
L 03/02/2017 - 18:44:07: -------- Mapchange to deathrun_coolf_3 --------
L 03/02/2017 - 18:44:08: [AMXX] Failed to open dictionary file: cstrike/addons/amxmodx/data/lang/walkguard.txt
L 03/02/2017 - 18:44:09: [walkguard.amxx] no zone-file found
L 03/02/2017 - 18:44:09: [admin.amxx] Login: "deadpool<500><STEAM_0:0:30403765><>" became an admin (account "deadpool") (access "bit") (address "86.125.82.233")
L 03/02/2017 - 18:50:57: [admin.amxx] Login: "SWAGGIE. XD<508><VALVE_0:4:862961770><>" became an admin (account "SWAGGIE. XD") (access "bi") (address "109.98.131.207")
L 03/02/2017 - 18:52:27: [admin.amxx] Login: "SWAGGIE. XD<510><VALVE_0:4:862961770><>" became an admin (account "SWAGGIE. XD") (access "bi") (address "109.98.131.207")
L 03/02/2017 - 18:52:33: [admincmd.amxx] Cmd: "Dr.FioriGinal.Ro ~ Server Clasi<0><><>" slay "SWAGGIE. XD<510><VALVE_0:4:862961770><>"
L 03/02/2017 - 19:02:18: [admin.amxx] Login: "SWAGGIE. XD<513><VALVE_0:4:862961770><>" became an admin (account "SWAGGIE. XD") (access "bi") (address "109.98.131.207")
L 03/02/2017 - 19:07:41: [admincmd.amxx] Cmd: "Dr.FioriGinal.Ro ~ Server Clasi<0><><>" slay "shaun.q<521><STEAM_0:0:830046509><>"
L 03/02/2017 - 19:09:06: [admincmd.amxx] Cmd: "Dr.FioriGinal.Ro ~ Server Clasi<0><><>" slay "shaun.q<523><STEAM_0:0:830046509><>"
L 03/02/2017 - 19:11:09: [admincmd.amxx] Cmd: "Dr.FioriGinal.Ro ~ Server Clasi<0><><>" slay "shaun.q<525><STEAM_0:0:830046509><>"
L 03/02/2017 - 19:14:26: [admin.amxx] Login: "SWAGGIE. XD<532><VALVE_0:4:862961770><>" became an admin (account "SWAGGIE. XD") (access "bi") (address "109.98.131.207")
L 03/02/2017 - 19:15:29: [admincmd.amxx] Cmd: "Dr.FioriGinal.Ro ~ Server Clasi<0><><>" slay "shaun.q<534><STEAM_0:0:830046509><>"
L 03/02/2017 - 19:16:19: [admincmd.amxx] Cmd: "Dr.FioriGinal.Ro ~ Server Clasi<0><><>" slay "GOLD*RTV<535><STEAM_0:0:1088164935><>"
L 03/02/2017 - 19:16:19: [slayafk.amxx] shaun.q a primit slay, deoarece a fost afk mai mult de 30 secunde
L 03/02/2017 - 19:17:57: [admincmd.amxx] Cmd: "Dr.FioriGinal.Ro ~ Server Clasi<0><><>" slay "nebunnu.<538><VALVE_0:4:649544042><>"
L 03/02/2017 - 19:20:52: [admin.amxx] Login: "SWAGGIE. XD<539><VALVE_0:4:862961770><>" became an admin (account "SWAGGIE. XD") (access "bi") (address "109.98.131.207")
L 03/02/2017 - 19:21:09: [slayafk.amxx] shaun.q a primit slay, deoarece a fost afk mai mult de 30 secunde
L 03/02/2017 - 19:21:44: [slayafk.amxx] shaun.q a primit slay, deoarece a fost afk mai mult de 30 secunde
L 03/02/2017 - 19:24:41: [admincmd.amxx] Cmd: "Dr.FioriGinal.Ro ~ Server Clasi<0><><>" slay "shaun.q<541><STEAM_0:0:830046509><>"
L 03/02/2017 - 19:27:21: [admin.amxx] Login: "SWAGGIE. XD<543><VALVE_0:4:862961770><>" became an admin (account "SWAGGIE. XD") (access "bi") (address "109.98.131.207")
L 03/02/2017 - 19:35:49: [slayafk.amxx] shaun.q a primit slay, deoarece a fost afk mai mult de 30 secunde
L 03/02/2017 - 19:37:38: [admin.amxx] Login: "SWAGGIE. XD<546><VALVE_0:4:862961770><>" became an admin (account "SWAGGIE. XD") (access "bi") (address "109.98.131.207")
L 03/02/2017 - 19:40:10: [admin.amxx] Login: "SWAGGIE. XD<551><VALVE_0:4:862961770><>" became an admin (account "SWAGGIE. XD") (access "bi") (address "109.98.131.207")
L 03/02/2017 - 19:41:49: [admincmd.amxx] Cmd: "Dr.FioriGinal.Ro ~ Server Clasi<0><><>" slay "Tr3fla<557><STEAM_0:0:30052801><>"
L 03/02/2017 - 19:42:08: [admincmd.amxx] Cmd: "Dr.FioriGinal.Ro ~ Server Clasi<0><><>" slay "Tr3fla<560><STEAM_0:0:30052801><>"
L 03/02/2017 - 19:42:14: [admincmd.amxx] Cmd: "Dr.FioriGinal.Ro ~ Server Clasi<0><><>" slay "dNk|RyuuKo<561><VALVE_0:4:954648827><>"
L 03/02/2017 - 19:47:54: [slayafk.amxx] Furōrin * (1) a primit slay, deoarece a fost afk mai mult de 30 secunde
L 03/02/2017 - 19:57:46: [admincmd.amxx] Cmd: "Dr.FioriGinal.Ro ~ Server Clasi<0><><>" slay "xRestr1cT<584><STEAM_0:0:1531991600><>"
L 03/02/2017 - 20:02:29: [bhop.amxx] Error on query: Duplicate entry '[OxIgEn]*KiD*Lj' for key 'NickName'
L 03/02/2017 - 20:02:29: [bhop.amxx] FailState == TQUERY_QUERY_FAILED, Query failed.
L 03/02/2017 - 20:03:21: [admincmd.amxx] Cmd: "Dr.FioriGinal.Ro ~ Server Clasi<0><><>" slay "FVSSION :[<587><VALVE_0:4:737951850><>"
L 03/02/2017 - 20:06:48: [admincmd.amxx] Cmd: "Dr.FioriGinal.Ro ~ Server Clasi<0><><>" slay "shaun.q<589><STEAM_0:0:830046509><>"
L 03/02/2017 - 20:07:06: [admincmd.amxx] Cmd: "Dr.FioriGinal.Ro ~ Server Clasi<0><><>" slay "shaun.q<590><STEAM_0:0:830046509><>"
L 03/02/2017 - 20:07:24: [slayafk.amxx] Roxy a primit slay, deoarece a fost afk mai mult de 30 secunde
L 03/02/2017 - 20:08:14: [slayafk.amxx] Roxy a primit slay, deoarece a fost afk mai mult de 30 secunde
L 03/02/2017 - 20:09:34: [slayafk.amxx] Roxy a primit slay, deoarece a fost afk mai mult de 30 secunde
L 03/02/2017 - 20:16:16: [admincmd.amxx] Cmd: "Dr.FioriGinal.Ro ~ Server Clasi<0><><>" slay "Tr3fla<606><STEAM_0:0:30052801><>"
L 03/02/2017 - 20:25:06: [admincmd.amxx] Cmd: "Dr.FioriGinal.Ro ~ Server Clasi<0><><>" slay "BLK<612><VALVE_0:4:456644469><>"
L 03/02/2017 - 20:25:53: [admincmd.amxx] Cmd: "Dr.FioriGinal.Ro ~ Server Clasi<0><><>" slay "BLK<614><VALVE_0:4:456644469><>"
L 03/02/2017 - 20:27:21: [admincmd.amxx] Cmd: "Dr.FioriGinal.Ro ~ Server Clasi<0><><>" slay "BLK<616><VALVE_0:4:456644469><>"
L 03/02/2017 - 20:43:52: [admincmd.amxx] Cmd: "Dr.FioriGinal.Ro ~ Server Clasi<0><><>" slay "tiganu<626><STEAM_0:0:1715760849><>"
L 03/02/2017 - 20:44:09: [admin.amxx] Login: "cool<627><STEAM_0:1:25922700><>" became an admin (account "cool") (access "bi") (address "5.14.100.218")
L 03/02/2017 - 20:44:11: [admin.amxx] Login: "cool<628><STEAM_0:1:25922700><>" kicked due to invalid password (account "cool") (address "5.14.100.218")
L 03/02/2017 - 20:44:26: [admin.amxx] Login: "cool<629><STEAM_0:1:25922700><>" became an admin (account "cool") (access "bi") (address "5.14.100.218")
L 03/02/2017 - 20:44:40: [admin.amxx] Login: "cool<630><STEAM_0:1:25922700><>" became an admin (account "cool") (access "bi") (address "5.14.100.218")
L 03/02/2017 - 20:44:58: [admin.amxx] Login: "cool<631><STEAM_0:1:25922700><>" became an admin (account "cool") (access "bi") (address "5.14.100.218")
L 03/02/2017 - 20:45:04: [admincmd.amxx] Cmd: "Dr.FioriGinal.Ro ~ Server Clasi<0><><>" slay "cool<631><STEAM_0:1:25922700><>"
L 03/02/2017 - 20:45:22: [admincmd.amxx] Cmd: "Dr.FioriGinal.Ro ~ Server Clasi<0><><>" slay "Furōrin * (1)<633><STEAM_0:0:54023227><>"
L 03/02/2017 - 21:00:02: [admin.amxx] Login: "SWAGGIE. XD<639><VALVE_0:4:862961770><>" became an admin (account "SWAGGIE. XD") (access "bi") (address "109.98.131.207")
L 03/02/2017 - 21:01:49: [slayafk.amxx] SWAGGIE. XD a primit slay, deoarece a fost afk mai mult de 30 secunde
L 03/02/2017 - 21:02:54: [slayafk.amxx] SWAGGIE. XD a primit slay, deoarece a fost afk mai mult de 30 secunde
L 03/02/2017 - 21:03:09: [slayafk.amxx] ssaacc. a primit slay, deoarece a fost afk mai mult de 30 secunde
L 03/02/2017 - 21:03:35: [admincmd.amxx] Cmd: "Dr.FioriGinal.Ro ~ Server Clasi<0><><>" slay "[FaNtA]StIc<654><STEAM_0:0:16552710><>"
L 03/02/2017 - 21:03:59: [slayafk.amxx] SWAGGIE. XD a primit slay, deoarece a fost afk mai mult de 30 secunde
L 03/02/2017 - 21:04:36: [admincmd.amxx] Cmd: "Dr.FioriGinal.Ro ~ Server Clasi<0><><>" slay "[FaNtA]StIc<662><STEAM_0:0:16552710><>"
L 03/02/2017 - 21:04:46: [admincmd.amxx] Cmd: "Dr.FioriGinal.Ro ~ Server Clasi<0><><>" slay "S3v3n^uP^<664><STEAM_0:0:1404105953><>"
L 03/02/2017 - 21:05:04: [slayafk.amxx] SWAGGIE. XD a primit slay, deoarece a fost afk mai mult de 30 secunde
L 03/02/2017 - 21:07:00: [admincmd.amxx] Cmd: "Dr.FioriGinal.Ro ~ Server Clasi<0><><>" slay "Kenvelo<675><VALVE_0:4:1673644283><>"
L 03/02/2017 - 21:07:25: [admincmd.amxx] Cmd: "Dr.FioriGinal.Ro ~ Server Clasi<0><><>" slay "NANE<677><STEAM_0:0:727160630><>"
L 03/02/2017 - 21:07:36: [admincmd.amxx] Cmd: "Dr.FioriGinal.Ro ~ Server Clasi<0><><>" slay "NANE<679><STEAM_0:0:727160630><>"
L 03/02/2017 - 21:13:11: [admincmd.amxx] Cmd: "Dr.FioriGinal.Ro ~ Server Clasi<0><><>" slay "sare<687><VALVE_0:4:2125614198><>"
L 03/02/2017 - 21:14:21: [admincmd.amxx] Cmd: "Dr.FioriGinal.Ro ~ Server Clasi<0><><>" slay "Nyku<691><VALVE_0:4:2125614198><>"
L 03/02/2017 - 21:16:28: [admincmd.amxx] Cmd: "Dr.FioriGinal.Ro ~ Server Clasi<0><><>" slay "DoZe<694><STEAM_0:0:1518108911><>"
L 03/02/2017 - 21:17:01: [mapsmenu.amxx] Vote: "SWAGGIE. XD<639><VALVE_0:4:862961770><>" vote maps (map#1 "deathrun_bhopz_v2") (map#2 "deathrun_hertz") (map#3 "") (map#4 "")
L 03/02/2017 - 21:17:13: [mapsmenu.amxx] Vote: Voting successful. Map will be changed to deathrun_bhopz_v2
L 03/02/2017 - 21:19:40: [admincmd.amxx] Cmd: "Dr.FioriGinal.Ro ~ Server Clasi<0><><>" slay "Roxy<710><STEAM_0:0:1413439483><>"
L 03/02/2017 - 21:20:11: [admincmd.amxx] Cmd: "Dr.FioriGinal.Ro ~ Server Clasi<0><><>" slay "Roxy<711><STEAM_0:0:1413439483><>"
L 03/02/2017 - 21:21:28: [admincmd.amxx] Cmd: "Dr.FioriGinal.Ro ~ Server Clasi<0><><>" slay "Roxy<720><STEAM_0:0:1413439483><>"
L 03/02/2017 - 21:21:36: [admincmd.amxx] Cmd: "Dr.FioriGinal.Ro ~ Server Clasi<0><><>" slay "Furōrin * (1)<721><STEAM_0:0:54023227><>"
L 03/02/2017 - 21:24:19: [slayafk.amxx] DoZe a primit slay, deoarece a fost afk mai mult de 30 secunde
L 03/02/2017 - 21:24:42: -------- Mapchange to deathrun_bhopz_v2 --------
L 03/02/2017 - 21:24:44: [AMXX] Failed to open dictionary file: cstrike/addons/amxmodx/data/lang/walkguard.txt
L 03/02/2017 - 21:24:45: [walkguard.amxx] no zone-file found
L 03/02/2017 - 21:24:45: [admin.amxx] Login: "SWAGGIE. XD<639><VALVE_0:4:862961770><>" became an admin (account "SWAGGIE. XD") (access "bi") (address "109.98.131.207")
L 03/02/2017 - 21:30:37: [admincmd.amxx] Cmd: "Dr.FioriGinal.Ro ~ Server Clasi<0><><>" slay "S3v3n^uP^<750><STEAM_0:0:1404105953><>"
L 03/02/2017 - 21:30:40: [admincmd.amxx] Cmd: "Dr.FioriGinal.Ro ~ Server Clasi<0><><>" slay "[FaNtA]StIc<751><STEAM_0:0:16552710><>"
L 03/02/2017 - 21:30:42: [admincmd.amxx] Cmd: "SWAGGIE. XD<639><VALVE_0:4:862961770><>" slay "S3v3n^uP^<750><STEAM_0:0:1404105953><>"
L 03/02/2017 - 21:30:44: [admincmd.amxx] Cmd: "SWAGGIE. XD<639><VALVE_0:4:862961770><>" slay "S3v3n^uP^<750><STEAM_0:0:1404105953><>"
L 03/02/2017 - 21:30:45: [admincmd.amxx] Cmd: "SWAGGIE. XD<639><VALVE_0:4:862961770><>" slay "S3v3n^uP^<750><STEAM_0:0:1404105953><>"
L 03/02/2017 - 21:30:46: [admincmd.amxx] Cmd: "SWAGGIE. XD<639><VALVE_0:4:862961770><>" slay "S3v3n^uP^<750><STEAM_0:0:1404105953><>"
L 03/02/2017 - 21:30:48: [admincmd.amxx] Cmd: "SWAGGIE. XD<639><VALVE_0:4:862961770><>" slay "S3v3n^uP^<750><STEAM_0:0:1404105953><>"
L 03/02/2017 - 21:30:50: [admincmd.amxx] Cmd: "SWAGGIE. XD<639><VALVE_0:4:862961770><>" slay "S3v3n^uP^<750><STEAM_0:0:1404105953><>"
L 03/02/2017 - 21:30:58: [admincmd.amxx] Cmd: "SWAGGIE. XD<639><VALVE_0:4:862961770><>" slay "[FaNtA]StIc<751><STEAM_0:0:16552710><>"
L 03/02/2017 - 21:31:41: [adminchat.amxx] Chat: "S3v3n^uP^<750><STEAM_0:0:1404105953><>" chat " ma-ta"
L 03/02/2017 - 21:31:45: [adminchat.amxx] Chat: "S3v3n^uP^<750><STEAM_0:0:1404105953><>" chat " suge pula"
L 03/02/2017 - 21:33:29: [admin.amxx] Login: "FAKE ^^<755><STEAM_0:0:334408724><>" became an admin (account "FAKE ^^") (access "bi") (address "95.76.3.7")
L 03/02/2017 - 21:34:34: [adminchat.amxx] Chat: "FAKE ^^<755><STEAM_0:0:334408724><>" chat "ce ai ba .. ?"
L 03/02/2017 - 21:36:42: [admincmd.amxx] Cmd: "FAKE ^^<755><STEAM_0:0:334408724><>" slay "[AB]RAZVAN<761><STEAM_0:0:1200997481><>"
L 03/02/2017 - 21:46:00: [mapsmenu.amxx] Vote: "FAKE ^^<755><STEAM_0:0:334408724><>" vote maps (map#1 "deathrun_y_snow_wind_v3") (map#2 "deathrun_laikiux_rawr") (map#3 "") (map#4 "")
L 03/02/2017 - 21:46:12: [mapsmenu.amxx] Vote: Voting successful. Map will be changed to deathrun_y_snow_wind_v3
L 03/02/2017 - 21:47:54: [admincmd.amxx] Cmd: "SWAGGIE. XD<639><VALVE_0:4:862961770><>" slay "SWAGGIE. XD<639><VALVE_0:4:862961770><>"
L 03/02/2017 - 21:48:50: [admin.amxx] Login: "Joker$*<769><VALVE_0:4:2071222386><>" became an admin (account "Joker$*") (access "bi") (address "92.82.180.95")
L 03/02/2017 - 21:49:38: [admincmd.amxx] Cmd: "SWAGGIE. XD<639><VALVE_0:4:862961770><>" slay "SWAGGIE. XD<639><VALVE_0:4:862961770><>"
L 03/02/2017 - 21:50:27: [mapsmenu.amxx] Vote: "Joker$*<769><VALVE_0:4:2071222386><>" vote maps (map#1 "deathrun_challenge_x") (map#2 "") (map#3 "") (map#4 "")
L 03/02/2017 - 21:50:30: -------- Mapchange to deathrun_y_snow_wind_v3 --------
L 03/02/2017 - 21:50:32: [AMXX] Failed to open dictionary file: cstrike/addons/amxmodx/data/lang/walkguard.txt
L 03/02/2017 - 21:50:33: [walkguard.amxx] no zone-file found
L 03/02/2017 - 21:50:33: [admin.amxx] Login: "Joker$*<769><VALVE_0:4:2071222386><>" became an admin (account "Joker$*") (access "bi") (address "92.82.180.95")
L 03/02/2017 - 21:50:37: [admin.amxx] Login: "Joker$*<773><VALVE_0:4:2071222386><>" became an admin (account "Joker$*") (access "bi") (address "92.82.180.95")
L 03/02/2017 - 21:50:43: [admin.amxx] Login: "SWAGGIE. XD<780><VALVE_0:4:862961770><>" became an admin (account "SWAGGIE. XD") (access "bi") (address "109.98.131.207")
L 03/02/2017 - 21:50:45: [admin.amxx] Login: "FAKE ^^<781><STEAM_0:0:334408724><>" became an admin (account "FAKE ^^") (access "bi") (address "95.76.3.7")
L 03/02/2017 - 21:50:56: [admin.amxx] Login: "FAKE ^^<782><STEAM_0:0:334408724><>" became an admin (account "FAKE ^^") (access "bi") (address "95.76.3.7")
L 03/02/2017 - 21:51:02: [admincmd.amxx] Cmd: "Dr.FioriGinal.Ro ~ Server Clasi<0><><>" slay "FAKE ^^<782><STEAM_0:0:334408724><>"
L 03/02/2017 - 21:51:16: [adminchat.amxx] Chat: "Joker$*<773><VALVE_0:4:2071222386><>" say "uite asa.. s-o termine si Gabi"
L 03/02/2017 - 21:52:47: [adminchat.amxx] Chat: "Joker$*<773><VALVE_0:4:2071222386><>" say "fute-ma"
L 03/02/2017 - 21:53:12: [adminchat.amxx] Chat: "Joker$*<773><VALVE_0:4:2071222386><>" say "nu.. nu "
L 03/02/2017 - 21:53:37: [adminchat.amxx] Chat: "Joker$*<773><VALVE_0:4:2071222386><>" say "eu in gura"
L 03/02/2017 - 21:54:00: [adminchat.amxx] Chat: "Joker$*<773><VALVE_0:4:2071222386><>" say "roxy.. o dam in 3 ?"
L 03/02/2017 - 21:54:31: [adminchat.amxx] Chat: "Joker$*<773><VALVE_0:4:2071222386><>" say "tu pierzi"
L 03/02/2017 - 21:55:42: [admin.amxx] Login: "IrreguLar<787><STEAM_0:1:101181073><>" became an admin (account "Irregular") (access "bi") (address "79.119.230.6")
L 03/02/2017 - 21:55:44: [admin.amxx] Login: "IrreguLar<788><STEAM_0:1:101181073><>" became an admin (account "Irregular") (access "bi") (address "79.119.230.6")
L 03/02/2017 - 21:56:06: [adminchat.amxx] Chat: "Joker$*<773><VALVE_0:4:2071222386><>" say "iar te supara Gabi, Roxi ?"
L 03/02/2017 - 22:01:10: [admin.amxx] Login: "IrreguLar<789><STEAM_0:0:740700675><>" became an admin (account "Irregular") (access "bi") (address "79.119.230.6")
L 03/02/2017 - 22:01:13: [admin.amxx] Login: "IrreguLar<790><STEAM_0:0:740700675><>" became an admin (account "Irregular") (access "bi") (address "79.119.230.6")
L 03/02/2017 - 22:01:59: [admincmd.amxx] Cmd: "Dr.FioriGinal.Ro ~ Server Clasi<0><><>" slay "RaZvAn<793><STEAM_0:0:1200997481><>"
L 03/02/2017 - 22:02:06: [admin.amxx] Login: "IrreguLar<795><STEAM_0:0:740700675><>" became an admin (account "Irregular") (access "bi") (address "79.119.230.6")
L 03/02/2017 - 22:09:36: [admin.amxx] Login: "SWAGGIE. XD<801><VALVE_0:4:862961770><>" became an admin (account "SWAGGIE. XD") (access "bi") (address "109.98.131.207")
L 03/02/2017 - 22:11:00: [mapsmenu.amxx] Vote: "SWAGGIE. XD<801><VALVE_0:4:862961770><>" vote maps (map#1 "deathrun_winter2011_final") (map#2 "deathrun_herb") (map#3 "") (map#4 "")
L 03/02/2017 - 22:11:12: [mapsmenu.amxx] Vote: Voting successful. Map will be changed to deathrun_winter2011_final
L 03/02/2017 - 22:12:39: [admin.amxx] Login: "SWAGGIE. XD<806><VALVE_0:4:862961770><>" became an admin (account "SWAGGIE. XD") (access "bi") (address "109.98.131.207")
L 03/02/2017 - 22:15:18: [admin.amxx] Login: "SWAGGIE. XD<811><VALVE_0:4:862961770><>" became an admin (account "SWAGGIE. XD") (access "bi") (address "109.98.131.207")
L 03/02/2017 - 22:16:20: -------- Mapchange to deathrun_winter2011_final --------
L 03/02/2017 - 22:16:22: [AMXX] Failed to open dictionary file: cstrike/addons/amxmodx/data/lang/walkguard.txt
L 03/02/2017 - 22:16:23: [walkguard.amxx] no zone-file found
L 03/02/2017 - 22:16:23: [admin.amxx] Login: "IrreguLar<795><STEAM_0:0:740700675><>" became an admin (account "Irregular") (access "bi") (address "79.119.230.6")
L 03/02/2017 - 22:16:25: [admin.amxx] Login: "IrreguLar<812><STEAM_0:0:740700675><>" became an admin (account "Irregular") (access "bi") (address "79.119.230.6")
L 03/02/2017 - 22:17:03: [admincmd.amxx] Cmd: "Dr.FioriGinal.Ro ~ Server Clasi<0><><>" slay "Cataa<820><STEAM_0:0:1960989564><>"
L 03/02/2017 - 22:28:28: [admin.amxx] Login: "SWAGGIE. XD<844><VALVE_0:4:862961770><>" became an admin (account "SWAGGIE. XD") (access "bi") (address "109.98.131.207")
L 03/02/2017 - 22:28:29: [admin.amxx] Login: "SWAGGIE. XD<845><VALVE_0:4:862961770><>" became an admin (account "SWAGGIE. XD") (access "bi") (address "109.98.131.207")
L 03/02/2017 - 22:31:45: [admin.amxx] Login: "SWAGGIE. XD<848><VALVE_0:4:862961770><>" became an admin (account "SWAGGIE. XD") (access "bi") (address "109.98.131.207")
L 03/02/2017 - 22:40:53: [admin.amxx] Login: "SWAGGIE. XD<850><VALVE_0:4:862961770><>" became an admin (account "SWAGGIE. XD") (access "bi") (address "109.98.131.207")
L 03/02/2017 - 22:45:21: -------- Mapchange to deathrun_surf --------
L 03/02/2017 - 22:45:22: [AMXX] Failed to open dictionary file: cstrike/addons/amxmodx/data/lang/walkguard.txt
L 03/02/2017 - 22:45:23: [walkguard.amxx] no zone-file found
L 03/02/2017 - 22:45:23: [admin.amxx] Login: "IrreguLar<812><STEAM_0:0:740700675><>" became an admin (account "Irregular") (access "bi") (address "79.119.230.6")
L 03/02/2017 - 22:45:26: [admin.amxx] Login: "IrreguLar<854><STEAM_0:0:740700675><>" became an admin (account "Irregular") (access "bi") (address "79.119.230.6")
L 03/02/2017 - 22:49:56: [admin.amxx] Login: "SWAGGIE. XD<859><VALVE_0:4:862961770><>" became an admin (account "SWAGGIE. XD") (access "bi") (address "109.98.131.207")
L 03/02/2017 - 22:49:57: [admin.amxx] Login: "SWAGGIE. XD<860><VALVE_0:4:862961770><>" became an admin (account "SWAGGIE. XD") (access "bi") (address "109.98.131.207")
L 03/02/2017 - 22:54:06: [admin.amxx] Login: "Joker$*<864><VALVE_0:4:2071222386><>" became an admin (account "Joker$*") (access "bi") (address "92.82.180.95")
L 03/02/2017 - 23:01:09: [admin.amxx] Login: "leet<875><STEAM_0:0:67562713><>" became an admin (account "leet") (access "bi") (address "79.116.134.101")
L 03/02/2017 - 23:01:11: [admin.amxx] Login: "leet<876><STEAM_0:0:67562713><>" became an admin (account "leet") (access "bi") (address "79.116.134.101")
L 03/02/2017 - 23:06:33: [adminchat.amxx] Chat: "Joker$*<864><VALVE_0:4:2071222386><>" say "make tganu "
L 03/02/2017 - 23:11:33: [adminchat.amxx] Chat: "Joker$*<864><VALVE_0:4:2071222386><>" say "ce mape vreti ?"
L 03/02/2017 - 23:12:02: [adminchat.amxx] Chat: "Joker$*<864><VALVE_0:4:2071222386><>" say "n-o faci"
L 03/02/2017 - 23:12:36: [mapsmenu.amxx] Vote: "Joker$*<864><VALVE_0:4:2071222386><>" vote maps (map#1 "deathrun_jinglebells") (map#2 "deathrun_challenge_x") (map#3 "") (map#4 "")
L 03/02/2017 - 23:12:48: [mapsmenu.amxx] Vote: Voting successful. Map will be changed to deathrun_challenge_x
L 03/02/2017 - 23:14:48: [adminchat.amxx] Chat: "Joker$*<864><VALVE_0:4:2071222386><>" say "nu-i adevarat"
L 03/02/2017 - 23:15:03: [adminchat.amxx] Chat: "Joker$*<864><VALVE_0:4:2071222386><>" say "fara dev poti scoate sub 30"
L 03/02/2017 - 23:15:28: -------- Mapchange to deathrun_challenge_x --------
L 03/02/2017 - 23:15:30: [AMXX] Failed to open dictionary file: cstrike/addons/amxmodx/data/lang/walkguard.txt
L 03/02/2017 - 23:15:31: [walkguard.amxx] no zone-file found
L 03/02/2017 - 23:15:31: [admin.amxx] Login: "Joker$*<864><VALVE_0:4:2071222386><>" became an admin (account "Joker$*") (access "bi") (address "92.82.180.95")
L 03/02/2017 - 23:15:31: [admin.amxx] Login: "SWAGGIE. XD<860><VALVE_0:4:862961770><>" became an admin (account "SWAGGIE. XD") (access "bi") (address "109.98.131.207")
L 03/02/2017 - 23:15:55: [adminchat.amxx] Chat: "Joker$*<864><VALVE_0:4:2071222386><>" say "pe asta n-am jucat niciodata la record.. cam ar fi cazul"
L 03/02/2017 - 23:16:15: [adminchat.amxx] Chat: "Joker$*<864><VALVE_0:4:2071222386><>" say "si tot eu sunt pe 1.. chiar de e slab"
L 03/02/2017 - 23:20:45: [adminchat.amxx] Chat: "Joker$*<864><VALVE_0:4:2071222386><>" say "schimbam cu votemap ?"
L 03/02/2017 - 23:21:05: [adminchat.amxx] Chat: "Joker$*<864><VALVE_0:4:2071222386><>" say "daca vrei"
L 03/02/2017 - 23:27:22: [adminchat.amxx] Chat: "Joker$*<864><VALVE_0:4:2071222386><>" say "nu vrea nimeni t ? =))"
L 03/02/2017 - 23:28:54: [adminchat.amxx] Chat: "SWAGGIE. XD<860><VALVE_0:4:862961770><>" chat " coaie deci jur ca ma las ma"
L 03/02/2017 - 23:30:16: [adminchat.amxx] Chat: "Joker$*<864><VALVE_0:4:2071222386><>" say "eu ies Gabi.."
L 03/02/2017 - 23:30:22: [adminchat.amxx] Chat: "Joker$*<864><VALVE_0:4:2071222386><>" say "mai raman t"
L 03/02/2017 - 23:30:28: [adminchat.amxx] Chat: "Joker$*<864><VALVE_0:4:2071222386><>" say "pana fumez.."
L 03/02/2017 - 23:30:32: [adminchat.amxx] Chat: "Joker$*<864><VALVE_0:4:2071222386><>" say "la urma ies"
L 03/02/2017 - 23:30:42: [adminchat.amxx] Chat: "Joker$*<864><VALVE_0:4:2071222386><>" say "mai joaca.."
L 03/02/2017 - 23:31:33: [adminchat.amxx] Chat: "Joker$*<864><VALVE_0:4:2071222386><>" say "iti vine randu odata.."
L 03/02/2017 - 23:31:49: [adminchat.amxx] Chat: "Joker$*<864><VALVE_0:4:2071222386><>" say "incearca sa nu te grabesti... joacac mai usor"
L 03/02/2017 - 23:32:54: [adminchat.amxx] Chat: "Joker$*<864><VALVE_0:4:2071222386><>" say "revin in 5 min.. la urma ies.."
L 03/02/2017 - 23:33:14: [adminchat.amxx] Chat: "Joker$*<864><VALVE_0:4:2071222386><>" say "joaca o runda mai usor si vezi daca o faci.. pe urma joci la record"
L 03/02/2017 - 23:46:08: [admin.amxx] Login: "J.Smith<896><STEAM_0:0:59563675><>" became an admin (account "J.Smith") (access "bi") (address "109.185.5.238")
L 03/02/2017 - 23:54:27: -------- Mapchange to deathrun_bom2 --------
L 03/02/2017 - 23:54:28: [AMXX] Failed to open dictionary file: cstrike/addons/amxmodx/data/lang/walkguard.txt
L 03/02/2017 - 23:54:29: [walkguard.amxx] no zone-file found
