L 06/01/2017 - 00:07:15: -------- Mapchange to deathrun_long_run --------
L 06/01/2017 - 00:07:17: [AMXX] Failed to open dictionary file: cstrike/addons/amxmodx/data/lang/walkguard.txt
L 06/01/2017 - 00:07:18: [walkguard.amxx] no zone-file found
L 06/01/2017 - 00:37:52: -------- Mapchange to deathrun_virtualstrike --------
L 06/01/2017 - 00:37:54: [AMXX] Failed to open dictionary file: cstrike/addons/amxmodx/data/lang/walkguard.txt
L 06/01/2017 - 00:37:55: [walkguard.amxx] no zone-file found
L 06/01/2017 - 01:55:52: -------- Mapchange to deathrun_nightrun_beta3 --------
L 06/01/2017 - 01:55:53: [AMXX] Failed to open dictionary file: cstrike/addons/amxmodx/data/lang/walkguard.txt
L 06/01/2017 - 01:55:54: [walkguard.amxx] no zone-file found
L 06/01/2017 - 02:22:04: -------- Mapchange to deathrun_0mega --------
L 06/01/2017 - 02:22:06: [AMXX] Failed to open dictionary file: cstrike/addons/amxmodx/data/lang/walkguard.txt
L 06/01/2017 - 02:22:07: [walkguard.amxx] no zone-file found
L 06/01/2017 - 02:23:04: [admincmd.amxx] Cmd: "Dr.FioriGinal.Ro ~ Server Clasi<0><><>" slay "aksdlkna<52><VALVE_0:4:1756020970><>"
L 06/01/2017 - 02:23:56: [admincmd.amxx] Cmd: "Dr.FioriGinal.Ro ~ Server Clasi<0><><>" slay "aksdlkna<54><VALVE_0:4:1756020970><>"
L 06/01/2017 - 02:24:34: [admincmd.amxx] Cmd: "Dr.FioriGinal.Ro ~ Server Clasi<0><><>" slay "aksdlkna<55><VALVE_0:4:1756020970><>"
L 06/01/2017 - 06:23:29: [admin.amxx] Login: "vOci<56><STEAM_0:1:120471225><>" became an admin (account "vOci") (access "b") (address "79.115.216.67")
L 06/01/2017 - 06:24:31: -------- Mapchange to deathrun_discovery3 --------
L 06/01/2017 - 06:24:33: [AMXX] Failed to open dictionary file: cstrike/addons/amxmodx/data/lang/walkguard.txt
L 06/01/2017 - 06:24:34: [walkguard.amxx] no zone-file found
L 06/01/2017 - 07:17:56: -------- Mapchange to deathrun_adi_blurez --------
L 06/01/2017 - 07:17:58: [AMXX] Failed to open dictionary file: cstrike/addons/amxmodx/data/lang/walkguard.txt
L 06/01/2017 - 07:17:58: [walkguard.amxx] no zone-file found
L 06/01/2017 - 07:47:52: -------- Mapchange to deathrun_2h_estonia --------
L 06/01/2017 - 07:47:53: [AMXX] Failed to open dictionary file: cstrike/addons/amxmodx/data/lang/walkguard.txt
L 06/01/2017 - 07:47:54: [walkguard.amxx] no zone-file found
L 06/01/2017 - 08:13:02: -------- Mapchange to deathrun_y_underground --------
L 06/01/2017 - 08:13:04: [AMXX] Failed to open dictionary file: cstrike/addons/amxmodx/data/lang/walkguard.txt
L 06/01/2017 - 08:13:04: [walkguard.amxx] no zone-file found
L 06/01/2017 - 08:26:16: [admin.amxx] Login: "tiganu<83><STEAM_0:0:187978272><>" became an admin (account "tiganu") (access "b") (address "86.124.212.182")
L 06/01/2017 - 08:27:08: [admin.amxx] Login: "tiganu<85><STEAM_0:0:187978272><>" became an admin (account "tiganu") (access "b") (address "86.124.212.182")
L 06/01/2017 - 08:27:14: [admincmd.amxx] Cmd: "Dr.FioriGinal.Ro ~ Server Clasi<0><><>" slay "tiganu<85><STEAM_0:0:187978272><>"
L 06/01/2017 - 08:39:04: -------- Mapchange to deathrun_privateers --------
L 06/01/2017 - 08:39:05: [AMXX] Failed to open dictionary file: cstrike/addons/amxmodx/data/lang/walkguard.txt
L 06/01/2017 - 08:39:06: [walkguard.amxx] no zone-file found
L 06/01/2017 - 08:41:46: [slayafk.amxx] NtS^dDeK^FaNreNNN a primit slay, deoarece a fost afk mai mult de 30 secunde
L 06/01/2017 - 09:18:16: -------- Mapchange to deathrun_rizzy_x --------
L 06/01/2017 - 09:18:18: [AMXX] Failed to open dictionary file: cstrike/addons/amxmodx/data/lang/walkguard.txt
L 06/01/2017 - 09:18:19: [walkguard.amxx] no zone-file found
L 06/01/2017 - 09:50:38: -------- Mapchange to deathrun_ghosts --------
L 06/01/2017 - 09:50:39: [AMXX] Failed to open dictionary file: cstrike/addons/amxmodx/data/lang/walkguard.txt
L 06/01/2017 - 09:50:40: [walkguard.amxx] no zone-file found
L 06/01/2017 - 09:54:32: [admin.amxx] Login: "tiganu<117><STEAM_0:0:187978272><>" became an admin (account "tiganu") (access "b") (address "86.124.212.182")
L 06/01/2017 - 09:54:55: [admin.amxx] Login: "tiganu<118><STEAM_0:0:187978272><>" became an admin (account "tiganu") (access "b") (address "86.124.212.182")
L 06/01/2017 - 09:55:01: [admincmd.amxx] Cmd: "Dr.FioriGinal.Ro ~ Server Clasi<0><><>" slay "tiganu<118><STEAM_0:0:187978272><>"
L 06/01/2017 - 09:57:28: [admin.amxx] Login: "tiganu<120><STEAM_0:0:187978272><>" became an admin (account "tiganu") (access "b") (address "86.124.212.182")
L 06/01/2017 - 09:57:34: [admincmd.amxx] Cmd: "Dr.FioriGinal.Ro ~ Server Clasi<0><><>" slay "tiganu<120><STEAM_0:0:187978272><>"
L 06/01/2017 - 09:58:30: [admin.amxx] Login: "tiganu<122><STEAM_0:0:187978272><>" became an admin (account "tiganu") (access "b") (address "86.124.212.182")
L 06/01/2017 - 09:58:36: [admincmd.amxx] Cmd: "Dr.FioriGinal.Ro ~ Server Clasi<0><><>" slay "tiganu<122><STEAM_0:0:187978272><>"
L 06/01/2017 - 10:17:04: -------- Mapchange to deathrun_sk_occult --------
L 06/01/2017 - 10:17:06: [AMXX] Failed to open dictionary file: cstrike/addons/amxmodx/data/lang/walkguard.txt
L 06/01/2017 - 10:17:07: [walkguard.amxx] no zone-file found
L 06/01/2017 - 10:43:52: -------- Mapchange to deathrun_jigsaw2 --------
L 06/01/2017 - 10:43:54: [AMXX] Failed to open dictionary file: cstrike/addons/amxmodx/data/lang/walkguard.txt
L 06/01/2017 - 10:43:55: [walkguard.amxx] no zone-file found
L 06/01/2017 - 10:47:37: [admin.amxx] Login: "cool<143><STEAM_0:1:25922700><>" became an admin (account "cool") (access "b") (address "5.14.96.61")
L 06/01/2017 - 11:37:15: -------- Mapchange to deathrun_christmas --------
L 06/01/2017 - 11:37:17: [AMXX] Failed to open dictionary file: cstrike/addons/amxmodx/data/lang/walkguard.txt
L 06/01/2017 - 11:37:18: [walkguard.amxx] no zone-file found
L 06/01/2017 - 12:02:07: [slayafk.amxx] shto a primit slay, deoarece a fost afk mai mult de 30 secunde
L 06/01/2017 - 12:02:47: [slayafk.amxx] shto a primit slay, deoarece a fost afk mai mult de 30 secunde
L 06/01/2017 - 12:02:50: -------- Mapchange to deathrun_jinglebells2 --------
L 06/01/2017 - 12:02:52: [AMXX] Failed to open dictionary file: cstrike/addons/amxmodx/data/lang/walkguard.txt
L 06/01/2017 - 12:02:53: [walkguard.amxx] no zone-file found
L 06/01/2017 - 12:03:33: [slayafk.amxx] shto a primit slay, deoarece a fost afk mai mult de 30 secunde
L 06/01/2017 - 12:04:13: [slayafk.amxx] shto a primit slay, deoarece a fost afk mai mult de 30 secunde
L 06/01/2017 - 12:04:53: [slayafk.amxx] shto a primit slay, deoarece a fost afk mai mult de 30 secunde
L 06/01/2017 - 12:05:33: [slayafk.amxx] shto a primit slay, deoarece a fost afk mai mult de 30 secunde
L 06/01/2017 - 12:06:13: [slayafk.amxx] shto a primit slay, deoarece a fost afk mai mult de 30 secunde
L 06/01/2017 - 12:06:53: [slayafk.amxx] shto a primit slay, deoarece a fost afk mai mult de 30 secunde
L 06/01/2017 - 12:06:53: [admin.amxx] Login: "cool<170><STEAM_0:1:25922700><>" became an admin (account "cool") (access "b") (address "5.14.96.61")
L 06/01/2017 - 12:23:08: [admincmd.amxx] Cmd: "Dr.FioriGinal.Ro ~ Server Clasi<0><><>" slay "shto<173><STEAM_0:0:3385128><>"
L 06/01/2017 - 12:26:03: [slayafk.amxx] shto a primit slay, deoarece a fost afk mai mult de 30 secunde
L 06/01/2017 - 12:41:19: -------- Mapchange to deathrun_gb_winter_final4 --------
L 06/01/2017 - 12:41:21: [AMXX] Failed to open dictionary file: cstrike/addons/amxmodx/data/lang/walkguard.txt
L 06/01/2017 - 12:41:22: [walkguard.amxx] no zone-file found
L 06/01/2017 - 12:46:03: [admincmd.amxx] Cmd: "Dr.FioriGinal.Ro ~ Server Clasi<0><><>" slay "[mr] isam ghaith<182><STEAM_0:0:997819823><>"
L 06/01/2017 - 12:59:25: [admin.amxx] Login: "wKn<189><STEAM_0:0:196614190><>" kicked due to invalid password (account "wKn") (address "92.80.113.109")
L 06/01/2017 - 12:59:31: [admin.amxx] Login: "wKn<190><STEAM_0:0:196614190><>" kicked due to invalid password (account "wKn") (address "92.80.113.109")
L 06/01/2017 - 12:59:39: [admin.amxx] Login: "wKn<191><STEAM_0:0:196614190><>" became an admin (account "wKn") (access "bit") (address "92.80.113.109")
L 06/01/2017 - 13:05:41: [admin.amxx] Login: "wKn<194><STEAM_0:0:196614190><>" became an admin (account "wKn") (access "bit") (address "92.80.113.109")
L 06/01/2017 - 13:28:57: -------- Mapchange to deathrun_expres-winter --------
L 06/01/2017 - 13:28:59: [AMXX] Failed to open dictionary file: cstrike/addons/amxmodx/data/lang/walkguard.txt
L 06/01/2017 - 13:29:00: [walkguard.amxx] no zone-file found
L 06/01/2017 - 13:35:29: [admin.amxx] Login: "Stifler<202><STEAM_0:0:1784836802><>" became an admin (account "Stifler") (access "b") (address "31.5.145.190")
L 06/01/2017 - 13:54:54: -------- Mapchange to deathrun_alleywinter --------
L 06/01/2017 - 13:54:56: [AMXX] Failed to open dictionary file: cstrike/addons/amxmodx/data/lang/walkguard.txt
L 06/01/2017 - 13:54:57: [walkguard.amxx] no zone-file found
L 06/01/2017 - 14:00:57: [admin.amxx] Login: "Stifler<214><STEAM_0:0:1784836802><>" became an admin (account "Stifler") (access "b") (address "31.5.145.190")
L 06/01/2017 - 14:03:38: [admin.amxx] Login: "Stifler<217><STEAM_0:0:1784836802><>" became an admin (account "Stifler") (access "b") (address "31.5.145.190")
L 06/01/2017 - 14:03:44: [admincmd.amxx] Cmd: "Dr.FioriGinal.Ro ~ Server Clasi<0><><>" slay "Stifler<217><STEAM_0:0:1784836802><>"
L 06/01/2017 - 14:55:17: -------- Mapchange to deathrun_trenal_lux --------
L 06/01/2017 - 14:55:19: [AMXX] Failed to open dictionary file: cstrike/addons/amxmodx/data/lang/walkguard.txt
L 06/01/2017 - 14:55:20: [walkguard.amxx] no zone-file found
L 06/01/2017 - 14:56:56: [admincmd.amxx] Cmd: "Dr.FioriGinal.Ro ~ Server Clasi<0><><>" slay "kel<234><STEAM_0:0:1016541550><>"
L 06/01/2017 - 14:58:43: [admincmd.amxx] Cmd: "Dr.FioriGinal.Ro ~ Server Clasi<0><><>" slay "kel<236><STEAM_0:0:1016541550><>"
L 06/01/2017 - 14:59:47: [admincmd.amxx] Cmd: "Dr.FioriGinal.Ro ~ Server Clasi<0><><>" slay "kel<237><STEAM_0:0:1016541550><>"
L 06/01/2017 - 15:34:53: -------- Mapchange to deathrun_greyskull --------
L 06/01/2017 - 15:34:55: [AMXX] Failed to open dictionary file: cstrike/addons/amxmodx/data/lang/walkguard.txt
L 06/01/2017 - 15:34:56: [walkguard.amxx] no zone-file found
L 06/01/2017 - 16:05:59: -------- Mapchange to deathrun_stronghold_beta1 --------
L 06/01/2017 - 16:06:01: [AMXX] Failed to open dictionary file: cstrike/addons/amxmodx/data/lang/walkguard.txt
L 06/01/2017 - 16:06:02: [walkguard.amxx] no zone-file found
L 06/01/2017 - 16:08:07: [admin.amxx] Login: "aLex.<257><VALVE_0:4:1111545717><>" kicked due to invalid password (account "Alex.") (address "82.76.221.45")
L 06/01/2017 - 16:08:08: [admin.amxx] Login: "aLex.<258><VALVE_0:4:1111545717><>" kicked due to invalid password (account "Alex.") (address "82.76.221.45")
L 06/01/2017 - 16:08:18: [admincmd.amxx] Cmd: "Dr.FioriGinal.Ro ~ Server Clasi<0><><>" slay "kNIFE. SEries<259><VALVE_0:4:141250032><>"
L 06/01/2017 - 16:37:44: -------- Mapchange to deathrun_aztecan_beta1 --------
L 06/01/2017 - 16:37:46: [AMXX] Failed to open dictionary file: cstrike/addons/amxmodx/data/lang/walkguard.txt
L 06/01/2017 - 16:37:47: [walkguard.amxx] no zone-file found
L 06/01/2017 - 16:44:16: [admincmd.amxx] Cmd: "Dr.FioriGinal.Ro ~ Server Clasi<0><><>" slay "[EX]dana<272><STEAM_0:0:467126468><>"
L 06/01/2017 - 17:03:07: -------- Mapchange to deathrun_pyramid --------
L 06/01/2017 - 17:03:09: [AMXX] Failed to open dictionary file: cstrike/addons/amxmodx/data/lang/walkguard.txt
L 06/01/2017 - 17:03:10: [walkguard.amxx] no zone-file found
L 06/01/2017 - 17:31:23: -------- Mapchange to deathrun_standup --------
L 06/01/2017 - 17:31:25: [AMXX] Failed to open dictionary file: cstrike/addons/amxmodx/data/lang/walkguard.txt
L 06/01/2017 - 17:31:26: [walkguard.amxx] no zone-file found
L 06/01/2017 - 17:41:50: [admincmd.amxx] Cmd: "Dr.FioriGinal.Ro ~ Server Clasi<0><><>" slay "SNAPPLE<296><VALVE_0:4:1666659824><>"
L 06/01/2017 - 17:42:47: [admincmd.amxx] Cmd: "Dr.FioriGinal.Ro ~ Server Clasi<0><><>" slay "SNAPPLE<297><VALVE_0:4:1666659824><>"
L 06/01/2017 - 17:45:47: [admincmd.amxx] Cmd: "Dr.FioriGinal.Ro ~ Server Clasi<0><><>" slay "kel<302><STEAM_0:0:1016541550><>"
L 06/01/2017 - 18:11:33: [admin.amxx] Login: "tiganu<310><STEAM_0:0:187978272><>" became an admin (account "tiganu") (access "b") (address "86.124.212.182")
L 06/01/2017 - 18:12:04: -------- Mapchange to deathrun_sentinel --------
L 06/01/2017 - 18:12:15: -------- Mapchange to deathrun_forest --------
L 06/01/2017 - 18:12:23: [AMXX] Failed to open dictionary file: cstrike/addons/amxmodx/data/lang/walkguard.txt
L 06/01/2017 - 18:12:25: [walkguard.amxx] no zone-file found
L 06/01/2017 - 18:12:34: Invalid multi-lingual line (file "cstrike/addons/amxmodx/data/lang/rom_protect.txt" key "// *ROM-Protect// Plugin OpenSource anti-IsFlooding/bug-fix pentru orice server." lang "")
L 06/01/2017 - 18:12:34: Invalid multi-lingual line (file "cstrike/addons/amxmodx/data/lang/rom_protect.txt" key "// Versiunea : 1.0.4s-dev. Bulid : 98. Data lansarii versiunii : 03.12.2016." lang "")
L 06/01/2017 - 18:12:34: Invalid multi-lingual line (file "cstrike/addons/amxmodx/data/lang/rom_protect.txt" key "// Autor : lüxor # Dr.Fio & DR2.IND (+ eNd.) - SteamID (contact) : luxxxoor" lang "")
L 06/01/2017 - 18:12:34: Invalid multi-lingual line (file "cstrike/addons/amxmodx/data/lang/rom_protect.txt" key "// O productie FioriGinal.ro - site : www.fioriginal.ro" lang "")
L 06/01/2017 - 18:12:34: Invalid multi-lingual line (file "cstrike/addons/amxmodx/data/lang/rom_protect.txt" key "// Link forum de dezvoltare : http://forum.fioriginal.ro/amxmodx-plugins-pluginuri/rom-protect-anti-flood-bug-fix-t28292.html" lang "")
L 06/01/2017 - 18:12:34: Invalid multi-lingual line (file "cstrike/addons/amxmodx/data/lang/rom_protect.txt" key "// Link sursa : https://github.com/luxxxoor/ROM-Protect" lang "")
L 06/01/2017 - 18:12:34: Invalid multi-lingual line (file "cstrike/addons/amxmodx/data/lang/rom_protect.txt" key "// Colori : ^1 - Culoarea aleasa de jucator cu con_color." lang "")
L 06/01/2017 - 18:12:34: Invalid multi-lingual line (file "cstrike/addons/amxmodx/data/lang/rom_protect.txt" key "//          ^3 - Culoare gri." lang "")
L 06/01/2017 - 18:12:34: Invalid multi-lingual line (file "cstrike/addons/amxmodx/data/lang/rom_protect.txt" key "//          ^4 - Culoare verde." lang "")
L 06/01/2017 - 18:43:15: -------- Mapchange to deathrun_jinglebells --------
L 06/01/2017 - 18:43:17: [AMXX] Failed to open dictionary file: cstrike/addons/amxmodx/data/lang/walkguard.txt
L 06/01/2017 - 18:43:18: [walkguard.amxx] no zone-file found
L 06/01/2017 - 18:54:33: [slayafk.amxx] Kenvelo #4RUN a primit slay, deoarece a fost afk mai mult de 30 secunde
L 06/01/2017 - 19:06:24: [admincmd.amxx] Cmd: "Dr.FioriGinal.Ro ~ Server Clasi<0><><>" slay "Kenvelo #4RUN<29><VALVE_0:4:1010911483><>"
L 06/01/2017 - 19:08:33: [admin.amxx] Login: "FAKE ^^<30><STEAM_0:0:272564954><>" became an admin (account "FAKE ^^") (access "bit") (address "95.76.0.214")
L 06/01/2017 - 19:30:30: -------- Mapchange to deathrun_long_run --------
L 06/01/2017 - 19:30:32: [AMXX] Failed to open dictionary file: cstrike/addons/amxmodx/data/lang/walkguard.txt
L 06/01/2017 - 19:30:33: [walkguard.amxx] no zone-file found
L 06/01/2017 - 19:55:53: -------- Mapchange to deathrun_virtualstrike --------
L 06/01/2017 - 19:55:54: [AMXX] Failed to open dictionary file: cstrike/addons/amxmodx/data/lang/walkguard.txt
L 06/01/2017 - 19:55:55: [walkguard.amxx] no zone-file found
L 06/01/2017 - 20:24:06: -------- Mapchange to deathrun_nightrun_beta3 --------
L 06/01/2017 - 20:24:07: [AMXX] Failed to open dictionary file: cstrike/addons/amxmodx/data/lang/walkguard.txt
L 06/01/2017 - 20:24:08: [walkguard.amxx] no zone-file found
L 06/01/2017 - 20:51:02: [admincmd.amxx] Cmd: "Dr.FioriGinal.Ro ~ Server Clasi<0><><>" slay "Lou1s.<61><VALVE_0:4:339300215><>"
L 06/01/2017 - 20:58:06: [admin.amxx] Login: "Bidi<62><STEAM_0:1:45864800><>" became an admin (account "Bidi") (access "bit") (address "89.34.214.199")
L 06/01/2017 - 21:01:33: [admincmd.amxx] Cmd: "Bidi<62><STEAM_0:1:45864800><>" ask for players list
L 06/01/2017 - 21:13:57: [admin.amxx] Login: "vOci<69><STEAM_0:1:120471225><>" became an admin (account "vOci") (access "b") (address "188.24.245.178")
L 06/01/2017 - 21:26:19: [admin.amxx] Login: "tiganu<70><STEAM_0:0:187978272><>" became an admin (account "tiganu") (access "b") (address "86.124.212.182")
L 06/01/2017 - 21:27:37: [admin.amxx] Login: "tiganu<74><STEAM_0:0:187978272><>" became an admin (account "tiganu") (access "b") (address "86.124.212.182")
L 06/01/2017 - 21:38:49: -------- Mapchange to deathrun_0mega --------
L 06/01/2017 - 21:38:51: [AMXX] Failed to open dictionary file: cstrike/addons/amxmodx/data/lang/walkguard.txt
L 06/01/2017 - 21:38:52: [walkguard.amxx] no zone-file found
L 06/01/2017 - 22:11:30: -------- Mapchange to deathrun_discovery3 --------
L 06/01/2017 - 22:11:31: [AMXX] Failed to open dictionary file: cstrike/addons/amxmodx/data/lang/walkguard.txt
L 06/01/2017 - 22:11:33: [walkguard.amxx] no zone-file found
L 06/01/2017 - 22:32:57: [slayafk.amxx] kNIFE. SEries a primit slay, deoarece a fost afk mai mult de 30 secunde
L 06/01/2017 - 22:44:54: -------- Mapchange to deathrun_adi_blurez --------
L 06/01/2017 - 22:44:55: [AMXX] Failed to open dictionary file: cstrike/addons/amxmodx/data/lang/walkguard.txt
L 06/01/2017 - 22:44:56: [walkguard.amxx] no zone-file found
L 06/01/2017 - 22:48:16: [admincmd.amxx] Cmd: "Dr.FioriGinal.Ro ~ Server Clasi<0><><>" slay "St4r<107><STEAM_0:0:1736861820><>"
L 06/01/2017 - 22:59:31: [pistols_sql.amxx] FailState == TQUERY_QUERY_FAILED, Query failed.
L 06/01/2017 - 23:00:02: [admin.amxx] Login: "tiganu<112><STEAM_0:0:187978272><>" became an admin (account "tiganu") (access "b") (address "86.124.212.182")
L 06/01/2017 - 23:24:08: [admin.amxx] Login: "tiganu<114><STEAM_0:0:187978272><>" became an admin (account "tiganu") (access "b") (address "86.124.212.182")
L 06/01/2017 - 23:25:51: [admin.amxx] Login: "SWAGGIE. XD<115><STEAM_0:1:120414993><>" became an admin (account "SWAGGIE. XD") (access "b") (address "109.98.131.207")
L 06/01/2017 - 23:26:02: -------- Mapchange to deathrun_2h_estonia --------
L 06/01/2017 - 23:26:03: [AMXX] Failed to open dictionary file: cstrike/addons/amxmodx/data/lang/walkguard.txt
L 06/01/2017 - 23:26:04: [walkguard.amxx] no zone-file found
L 06/01/2017 - 23:26:08: [admin.amxx] Login: "tiganu<116><STEAM_0:0:187978272><>" became an admin (account "tiganu") (access "b") (address "86.124.212.182")
L 06/01/2017 - 23:26:17: [admin.amxx] Login: "SWAGGIE. XD<120><STEAM_0:1:120414993><>" became an admin (account "SWAGGIE. XD") (access "b") (address "109.98.131.207")
L 06/01/2017 - 23:27:19: [slayafk.amxx] SWAGGIE. XD a primit slay, deoarece a fost afk mai mult de 30 secunde
L 06/01/2017 - 23:27:31: [admincmd.amxx] Cmd: "SWAGGIE. XD<120><STEAM_0:1:120414993><>" changelevel "deathrun_purplez_v2_b3"
L 06/01/2017 - 23:27:33: -------- Mapchange to deathrun_purplez_v2_b3 --------
L 06/01/2017 - 23:27:34: [AMXX] Failed to open dictionary file: cstrike/addons/amxmodx/data/lang/walkguard.txt
L 06/01/2017 - 23:27:35: [walkguard.amxx] no zone-file found
L 06/01/2017 - 23:27:35: [admin.amxx] Login: "SWAGGIE. XD<120><STEAM_0:1:120414993><>" became an admin (account "SWAGGIE. XD") (access "b") (address "109.98.131.207")
L 06/01/2017 - 23:27:39: [admin.amxx] Login: "tiganu<121><STEAM_0:0:187978272><>" became an admin (account "tiganu") (access "b") (address "86.124.212.182")
L 06/01/2017 - 23:28:12: [admin.amxx] Login: "tiganu<127><STEAM_0:0:187978272><>" became an admin (account "tiganu") (access "b") (address "86.124.212.182")
L 06/01/2017 - 23:37:15: [admin.amxx] Login: "FAKE ^^<128><STEAM_0:0:272564954><>" became an admin (account "FAKE ^^") (access "bit") (address "95.76.0.214")
L 06/01/2017 - 23:47:30: [slayafk.amxx] IrreguLar #4RUN a primit slay, deoarece a fost afk mai mult de 30 secunde
L 06/01/2017 - 23:50:57: [admin.amxx] Login: "tiganu<133><STEAM_0:0:187978272><>" became an admin (account "tiganu") (access "b") (address "86.124.212.182")
L 06/01/2017 - 23:51:03: [admincmd.amxx] Cmd: "Dr.FioriGinal.Ro ~ Server Clasi<0><><>" slay "tiganu<133><STEAM_0:0:187978272><>"
L 06/01/2017 - 23:56:25: [slayafk.amxx] tiganu a primit slay, deoarece a fost afk mai mult de 30 secunde
L 06/01/2017 - 23:59:34: [admin.amxx] Login: "tiganu<134><STEAM_0:0:187978272><>" became an admin (account "tiganu") (access "b") (address "86.124.212.182")
