L 06/09/2017 - 00:28:15: -------- Mapchange to deathrun_stronghold_beta1 --------
L 06/09/2017 - 00:28:17: [AMXX] Failed to open dictionary file: cstrike/addons/amxmodx/data/lang/walkguard.txt
L 06/09/2017 - 00:28:18: [walkguard.amxx] no zone-file found
L 06/09/2017 - 01:25:00: -------- Mapchange to deathrun_aztecan_beta1 --------
L 06/09/2017 - 01:25:02: [AMXX] Failed to open dictionary file: cstrike/addons/amxmodx/data/lang/walkguard.txt
L 06/09/2017 - 01:25:03: [walkguard.amxx] no zone-file found
L 06/09/2017 - 01:59:24: [admincmd.amxx] Cmd: "Dr.FioriGinal.Ro ~ Server Clasi<0><><>" slay "where.is.your.daddy?<397><STEAM_0:0:187978272><>"
L 06/09/2017 - 01:59:28: -------- Mapchange to deathrun_pyramid --------
L 06/09/2017 - 01:59:29: [AMXX] Failed to open dictionary file: cstrike/addons/amxmodx/data/lang/walkguard.txt
L 06/09/2017 - 01:59:30: [walkguard.amxx] no zone-file found
L 06/09/2017 - 02:56:22: -------- Mapchange to deathrun_standup --------
L 06/09/2017 - 02:56:23: [AMXX] Failed to open dictionary file: cstrike/addons/amxmodx/data/lang/walkguard.txt
L 06/09/2017 - 02:56:24: [walkguard.amxx] no zone-file found
L 06/09/2017 - 03:24:51: -------- Mapchange to deathrun_sentinel --------
L 06/09/2017 - 03:25:02: -------- Mapchange to deathrun_forest --------
L 06/09/2017 - 03:25:09: [AMXX] Failed to open dictionary file: cstrike/addons/amxmodx/data/lang/walkguard.txt
L 06/09/2017 - 03:25:10: [walkguard.amxx] no zone-file found
L 06/09/2017 - 03:25:19: Invalid multi-lingual line (file "cstrike/addons/amxmodx/data/lang/rom_protect.txt" key "// *ROM-Protect// Plugin OpenSource anti-IsFlooding/bug-fix pentru orice server." lang "")
L 06/09/2017 - 03:25:19: Invalid multi-lingual line (file "cstrike/addons/amxmodx/data/lang/rom_protect.txt" key "// Versiunea : 1.0.4s-dev. Bulid : 98. Data lansarii versiunii : 03.12.2016." lang "")
L 06/09/2017 - 03:25:19: Invalid multi-lingual line (file "cstrike/addons/amxmodx/data/lang/rom_protect.txt" key "// Autor : lüxor # Dr.Fio & DR2.IND (+ eNd.) - SteamID (contact) : luxxxoor" lang "")
L 06/09/2017 - 03:25:19: Invalid multi-lingual line (file "cstrike/addons/amxmodx/data/lang/rom_protect.txt" key "// O productie FioriGinal.ro - site : www.fioriginal.ro" lang "")
L 06/09/2017 - 03:25:19: Invalid multi-lingual line (file "cstrike/addons/amxmodx/data/lang/rom_protect.txt" key "// Link forum de dezvoltare : http://forum.fioriginal.ro/amxmodx-plugins-pluginuri/rom-protect-anti-flood-bug-fix-t28292.html" lang "")
L 06/09/2017 - 03:25:19: Invalid multi-lingual line (file "cstrike/addons/amxmodx/data/lang/rom_protect.txt" key "// Link sursa : https://github.com/luxxxoor/ROM-Protect" lang "")
L 06/09/2017 - 03:25:19: Invalid multi-lingual line (file "cstrike/addons/amxmodx/data/lang/rom_protect.txt" key "// Colori : ^1 - Culoarea aleasa de jucator cu con_color." lang "")
L 06/09/2017 - 03:25:19: Invalid multi-lingual line (file "cstrike/addons/amxmodx/data/lang/rom_protect.txt" key "//          ^3 - Culoare gri." lang "")
L 06/09/2017 - 03:25:19: Invalid multi-lingual line (file "cstrike/addons/amxmodx/data/lang/rom_protect.txt" key "//          ^4 - Culoare verde." lang "")
L 06/09/2017 - 03:50:39: -------- Mapchange to deathrun_jinglebells --------
L 06/09/2017 - 03:50:40: [AMXX] Failed to open dictionary file: cstrike/addons/amxmodx/data/lang/walkguard.txt
L 06/09/2017 - 03:50:41: [walkguard.amxx] no zone-file found
L 06/09/2017 - 04:43:51: -------- Mapchange to deathrun_long_run --------
L 06/09/2017 - 04:43:53: [AMXX] Failed to open dictionary file: cstrike/addons/amxmodx/data/lang/walkguard.txt
L 06/09/2017 - 04:43:54: [walkguard.amxx] no zone-file found
L 06/09/2017 - 06:06:05: -------- Mapchange to deathrun_virtualstrike --------
L 06/09/2017 - 06:06:06: [AMXX] Failed to open dictionary file: cstrike/addons/amxmodx/data/lang/walkguard.txt
L 06/09/2017 - 06:06:07: [walkguard.amxx] no zone-file found
L 06/09/2017 - 07:21:25: -------- Mapchange to deathrun_nightrun_beta3 --------
L 06/09/2017 - 07:21:26: [AMXX] Failed to open dictionary file: cstrike/addons/amxmodx/data/lang/walkguard.txt
L 06/09/2017 - 07:21:27: [walkguard.amxx] no zone-file found
L 06/09/2017 - 07:54:50: -------- Mapchange to deathrun_0mega --------
L 06/09/2017 - 07:54:51: [AMXX] Failed to open dictionary file: cstrike/addons/amxmodx/data/lang/walkguard.txt
L 06/09/2017 - 07:54:52: [walkguard.amxx] no zone-file found
L 06/09/2017 - 07:56:02: [slayafk.amxx] . a primit slay, deoarece a fost afk mai mult de 30 secunde
L 06/09/2017 - 09:00:48: -------- Mapchange to deathrun_discovery3 --------
L 06/09/2017 - 09:00:49: [AMXX] Failed to open dictionary file: cstrike/addons/amxmodx/data/lang/walkguard.txt
L 06/09/2017 - 09:00:50: [walkguard.amxx] no zone-file found
L 06/09/2017 - 09:31:30: -------- Mapchange to deathrun_adi_blurez --------
L 06/09/2017 - 09:31:31: [AMXX] Failed to open dictionary file: cstrike/addons/amxmodx/data/lang/walkguard.txt
L 06/09/2017 - 09:31:32: [walkguard.amxx] no zone-file found
L 06/09/2017 - 09:39:57: [slayafk.amxx] unic a primit slay, deoarece a fost afk mai mult de 30 secunde
L 06/09/2017 - 09:40:37: [slayafk.amxx] unic a primit slay, deoarece a fost afk mai mult de 30 secunde
L 06/09/2017 - 09:41:17: [slayafk.amxx] unic a primit slay, deoarece a fost afk mai mult de 30 secunde
L 06/09/2017 - 10:02:05: -------- Mapchange to deathrun_2h_estonia --------
L 06/09/2017 - 10:02:06: [AMXX] Failed to open dictionary file: cstrike/addons/amxmodx/data/lang/walkguard.txt
L 06/09/2017 - 10:02:07: [walkguard.amxx] no zone-file found
L 06/09/2017 - 10:31:42: [admin.amxx] Login: "wKn<58><STEAM_0:0:196614190><>" became an admin (account "wKn") (access "bit") (address "92.80.110.61")
L 06/09/2017 - 10:31:46: [admin.amxx] Login: "wKn<59><STEAM_0:0:196614190><>" became an admin (account "wKn") (access "bit") (address "92.80.110.61")
L 06/09/2017 - 10:32:33: -------- Mapchange to deathrun_y_underground --------
L 06/09/2017 - 10:32:35: [AMXX] Failed to open dictionary file: cstrike/addons/amxmodx/data/lang/walkguard.txt
L 06/09/2017 - 10:32:36: [walkguard.amxx] no zone-file found
L 06/09/2017 - 10:57:56: -------- Mapchange to deathrun_privateers --------
L 06/09/2017 - 10:57:57: [AMXX] Failed to open dictionary file: cstrike/addons/amxmodx/data/lang/walkguard.txt
L 06/09/2017 - 10:57:58: [walkguard.amxx] no zone-file found
L 06/09/2017 - 11:22:32: [admin.amxx] Login: "Stifler<79><STEAM_0:0:1784836802><>" became an admin (account "Stifler") (access "b") (address "31.5.145.190")
L 06/09/2017 - 11:23:15: -------- Mapchange to deathrun_rizzy_x --------
L 06/09/2017 - 11:23:16: [AMXX] Failed to open dictionary file: cstrike/addons/amxmodx/data/lang/walkguard.txt
L 06/09/2017 - 11:23:17: [admin.amxx] Login: "Stifler<79><STEAM_0:0:1784836802><>" became an admin (account "Stifler") (access "b") (address "31.5.145.190")
L 06/09/2017 - 11:23:17: [walkguard.amxx] no zone-file found
L 06/09/2017 - 11:51:15: -------- Mapchange to deathrun_ghosts --------
L 06/09/2017 - 11:51:16: [AMXX] Failed to open dictionary file: cstrike/addons/amxmodx/data/lang/walkguard.txt
L 06/09/2017 - 11:51:17: [walkguard.amxx] no zone-file found
L 06/09/2017 - 12:09:08: [admin.amxx] Login: "Stifler<95><STEAM_0:0:1784836802><>" became an admin (account "Stifler") (access "b") (address "31.5.145.190")
L 06/09/2017 - 12:27:44: -------- Mapchange to deathrun_sk_occult --------
L 06/09/2017 - 12:27:45: [AMXX] Failed to open dictionary file: cstrike/addons/amxmodx/data/lang/walkguard.txt
L 06/09/2017 - 12:27:46: [walkguard.amxx] no zone-file found
L 06/09/2017 - 13:01:26: [admincmd.amxx] Cmd: "Dr.FioriGinal.Ro ~ Server Clasi<0><><>" slay "Caras<122><STEAM_0:0:1746758197><>"
L 06/09/2017 - 13:03:45: [admincmd.amxx] Cmd: "Dr.FioriGinal.Ro ~ Server Clasi<0><><>" slay "Caras<124><STEAM_0:0:1746758197><>"
L 06/09/2017 - 13:04:17: [admincmd.amxx] Cmd: "Dr.FioriGinal.Ro ~ Server Clasi<0><><>" slay "Caras<126><STEAM_0:0:1746758197><>"
L 06/09/2017 - 13:09:31: [admin.amxx] Login: "vOci<127><STEAM_0:1:120471225><>" became an admin (account "vOci") (access "b") (address "86.127.114.171")
L 06/09/2017 - 13:37:11: -------- Mapchange to deathrun_jigsaw2 --------
L 06/09/2017 - 13:37:12: [AMXX] Failed to open dictionary file: cstrike/addons/amxmodx/data/lang/walkguard.txt
L 06/09/2017 - 13:37:14: [walkguard.amxx] no zone-file found
L 06/09/2017 - 13:37:51: [admincmd.amxx] Cmd: "Dr.FioriGinal.Ro ~ Server Clasi<0><><>" slay "pGc.c0bR@<135><STEAM_0:0:2047962314><>"
L 06/09/2017 - 13:38:09: [admincmd.amxx] Cmd: "Dr.FioriGinal.Ro ~ Server Clasi<0><><>" slay "pGc.c0bR@<137><STEAM_0:0:2047962314><>"
L 06/09/2017 - 13:42:27: [admincmd.amxx] Cmd: "Dr.FioriGinal.Ro ~ Server Clasi<0><><>" slay "k1Dz0R // [RO]<141><STEAM_0:1:199176042><>"
L 06/09/2017 - 13:43:59: [admincmd.amxx] Cmd: "Dr.FioriGinal.Ro ~ Server Clasi<0><><>" slay "k1Dz0R // [RO]<143><STEAM_0:1:199176042><>"
L 06/09/2017 - 14:22:24: -------- Mapchange to deathrun_christmas --------
L 06/09/2017 - 14:22:25: [AMXX] Failed to open dictionary file: cstrike/addons/amxmodx/data/lang/walkguard.txt
L 06/09/2017 - 14:22:26: [walkguard.amxx] no zone-file found
L 06/09/2017 - 14:41:55: [admincmd.amxx] Cmd: "Dr.FioriGinal.Ro ~ Server Clasi<0><><>" slay "k1Dz0R // [RO]<168><STEAM_0:1:199176042><>"
L 06/09/2017 - 15:09:05: -------- Mapchange to deathrun_jinglebells2 --------
L 06/09/2017 - 15:09:07: [AMXX] Failed to open dictionary file: cstrike/addons/amxmodx/data/lang/walkguard.txt
L 06/09/2017 - 15:09:08: [walkguard.amxx] no zone-file found
L 06/09/2017 - 15:42:09: [admin.amxx] Login: "FAKE ^^<189><STEAM_0:0:272564954><>" became an admin (account "FAKE ^^") (access "bit") (address "95.76.0.23")
L 06/09/2017 - 15:42:51: -------- Mapchange to deathrun_gb_winter_final4 --------
L 06/09/2017 - 15:42:53: [AMXX] Failed to open dictionary file: cstrike/addons/amxmodx/data/lang/walkguard.txt
L 06/09/2017 - 15:42:53: [admin.amxx] Login: "FAKE ^^<189><STEAM_0:0:272564954><>" became an admin (account "FAKE ^^") (access "bit") (address "95.76.0.23")
L 06/09/2017 - 15:42:53: [walkguard.amxx] no zone-file found
L 06/09/2017 - 16:34:48: [slayafk.amxx] CheLu a primit slay, deoarece a fost afk mai mult de 30 secunde
L 06/09/2017 - 16:34:51: -------- Mapchange to deathrun_expres-winter --------
L 06/09/2017 - 16:34:53: [AMXX] Failed to open dictionary file: cstrike/addons/amxmodx/data/lang/walkguard.txt
L 06/09/2017 - 16:34:54: [walkguard.amxx] no zone-file found
L 06/09/2017 - 17:15:08: -------- Mapchange to deathrun_alleywinter --------
L 06/09/2017 - 17:15:09: [AMXX] Failed to open dictionary file: cstrike/addons/amxmodx/data/lang/walkguard.txt
L 06/09/2017 - 17:15:10: [walkguard.amxx] no zone-file found
L 06/09/2017 - 17:20:08: [admincmd.amxx] Cmd: "Dr.FioriGinal.Ro ~ Server Clasi<0><><>" slay "Dan<240><STEAM_0:0:1463792885><>"
L 06/09/2017 - 17:24:00: [admin.amxx] Login: "vOci<241><STEAM_0:1:120471225><>" became an admin (account "vOci") (access "b") (address "188.24.233.130")
L 06/09/2017 - 17:24:04: [admin.amxx] Login: "vOci<242><STEAM_0:1:120471225><>" became an admin (account "vOci") (access "b") (address "188.24.233.130")
L 06/09/2017 - 17:24:17: [admincmd.amxx] Cmd: "Dr.FioriGinal.Ro ~ Server Clasi<0><><>" slay "Dan<243><STEAM_0:0:1463792885><>"
L 06/09/2017 - 17:28:14: [admincmd.amxx] Cmd: "Dr.FioriGinal.Ro ~ Server Clasi<0><><>" slay "[mr] isam ghaith<246><STEAM_0:0:997819823><>"
L 06/09/2017 - 17:31:10: [admincmd.amxx] Cmd: "Dr.FioriGinal.Ro ~ Server Clasi<0><><>" slay "[mr] isam ghaith<248><STEAM_0:0:997819823><>"
L 06/09/2017 - 17:52:54: [admincmd.amxx] Cmd: "Dr.FioriGinal.Ro ~ Server Clasi<0><><>" slay "[mr] isam ghaith<256><STEAM_0:0:997819823><>"
L 06/09/2017 - 18:15:30: [slayafk.amxx] robi a primit slay, deoarece a fost afk mai mult de 30 secunde
L 06/09/2017 - 18:17:32: [admincmd.amxx] Cmd: "Dr.FioriGinal.Ro ~ Server Clasi<0><><>" slay "[mr] isam ghaith<265><STEAM_0:0:997819823><>"
L 06/09/2017 - 18:19:10: [admincmd.amxx] Cmd: "Dr.FioriGinal.Ro ~ Server Clasi<0><><>" slay "[mr] isam ghaith<267><STEAM_0:0:997819823><>"
L 06/09/2017 - 18:22:57: [admincmd.amxx] Cmd: "Dr.FioriGinal.Ro ~ Server Clasi<0><><>" slay "Caras<273><STEAM_0:0:1746758197><>"
L 06/09/2017 - 19:00:11: -------- Mapchange to deathrun_trenal_lux --------
L 06/09/2017 - 19:00:12: [AMXX] Failed to open dictionary file: cstrike/addons/amxmodx/data/lang/walkguard.txt
L 06/09/2017 - 19:00:13: [walkguard.amxx] no zone-file found
L 06/09/2017 - 19:13:01: [pistols_sql.amxx] FailState == TQUERY_QUERY_FAILED, Query failed.
L 06/09/2017 - 19:13:12: [pistols_sql.amxx] FailState == TQUERY_QUERY_FAILED, Query failed.
L 06/09/2017 - 19:23:02: [admincmd.amxx] Cmd: "Dr.FioriGinal.Ro ~ Server Clasi<0><><>" slay "Denif<299><VALVE_0:4:1181142134><>"
L 06/09/2017 - 19:53:43: [admin.amxx] Login: "SWAGGIE. XD<310><STEAM_0:1:120414993><>" became an admin (account "SWAGGIE. XD") (access "b") (address "109.98.131.207")
L 06/09/2017 - 19:54:30: [admincmd.amxx] Cmd: "SWAGGIE. XD<310><STEAM_0:1:120414993><>" changelevel "deathrun_supra"
L 06/09/2017 - 19:54:32: -------- Mapchange to deathrun_supra --------
L 06/09/2017 - 19:54:33: [AMXX] Failed to open dictionary file: cstrike/addons/amxmodx/data/lang/walkguard.txt
L 06/09/2017 - 19:54:34: [walkguard.amxx] no zone-file found
L 06/09/2017 - 19:54:34: [admin.amxx] Login: "SWAGGIE. XD<310><STEAM_0:1:120414993><>" became an admin (account "SWAGGIE. XD") (access "b") (address "109.98.131.207")
L 06/09/2017 - 19:54:36: [admin.amxx] Login: "SWAGGIE. XD<311><STEAM_0:1:120414993><>" became an admin (account "SWAGGIE. XD") (access "b") (address "109.98.131.207")
L 06/09/2017 - 19:56:07: [admincmd.amxx] Cmd: "Dr.FioriGinal.Ro ~ Server Clasi<0><><>" slay "urs<317><VALVE_0:4:1526267><>"
L 06/09/2017 - 20:02:50: [admincmd.amxx] Cmd: "Dr.FioriGinal.Ro ~ Server Clasi<0><><>" slay "urs<319><VALVE_0:4:1526267><>"
L 06/09/2017 - 20:24:31: [admincmd.amxx] Cmd: "Dr.FioriGinal.Ro ~ Server Clasi<0><><>" slay "[mr] isam ghaith<333><STEAM_0:0:997819823><>"
L 06/09/2017 - 20:25:20: [admincmd.amxx] Cmd: "Dr.FioriGinal.Ro ~ Server Clasi<0><><>" slay "[mr] isam ghaith<334><STEAM_0:0:997819823><>"
L 06/09/2017 - 20:34:35: [admin.amxx] Login: "FAKE ^^<339><STEAM_0:0:272564954><>" became an admin (account "FAKE ^^") (access "bit") (address "95.76.0.23")
L 06/09/2017 - 20:36:31: [admin.amxx] Login: "FAKE ^^<342><STEAM_0:0:272564954><>" became an admin (account "FAKE ^^") (access "bit") (address "95.76.0.23")
L 06/09/2017 - 20:36:38: [admincmd.amxx] Cmd: "Dr.FioriGinal.Ro ~ Server Clasi<0><><>" slay "FAKE ^^<342><STEAM_0:0:272564954><>"
L 06/09/2017 - 20:36:58: [admin.amxx] Login: "FAKE ^^<343><STEAM_0:0:272564954><>" became an admin (account "FAKE ^^") (access "bit") (address "95.76.0.23")
L 06/09/2017 - 20:37:04: [admincmd.amxx] Cmd: "Dr.FioriGinal.Ro ~ Server Clasi<0><><>" slay "FAKE ^^<343><STEAM_0:0:272564954><>"
L 06/09/2017 - 20:43:15: [admincmd.amxx] Cmd: "Dr.FioriGinal.Ro ~ Server Clasi<0><><>" slay "tiganu #4RUN<350><STEAM_0:0:187978272><>"
L 06/09/2017 - 20:54:15: [admincmd.amxx] Cmd: "Dr.FioriGinal.Ro ~ Server Clasi<0><><>" slay "[OFF] - KillShot [;x]<356><STEAM_0:0:149865307><>"
L 06/09/2017 - 21:00:21: [admincmd.amxx] Cmd: "Dr.FioriGinal.Ro ~ Server Clasi<0><><>" slay "tiganu #4RUN<363><STEAM_0:0:187978272><>"
L 06/09/2017 - 21:00:34: [admincmd.amxx] Cmd: "Dr.FioriGinal.Ro ~ Server Clasi<0><><>" slay "BRONZE<364><STEAM_0:0:1875743988><>"
L 06/09/2017 - 21:05:07: [admincmd.amxx] Cmd: "Dr.FioriGinal.Ro ~ Server Clasi<0><><>" slay "BRONZE<367><STEAM_0:0:1875743988><>"
L 06/09/2017 - 21:21:13: -------- Mapchange to deathrun_stronghold_beta1 --------
L 06/09/2017 - 21:21:15: [AMXX] Failed to open dictionary file: cstrike/addons/amxmodx/data/lang/walkguard.txt
L 06/09/2017 - 21:21:16: [walkguard.amxx] no zone-file found
L 06/09/2017 - 21:45:08: [admincmd.amxx] Cmd: "Dr.FioriGinal.Ro ~ Server Clasi<0><><>" slay "Ro.# iNdecEnT<380><STEAM_0:0:58082199><>"
L 06/09/2017 - 21:59:54: [admincmd.amxx] Cmd: "Dr.FioriGinal.Ro ~ Server Clasi<0><><>" slay "PGL#SideWays<386><STEAM_0:0:1963219118><>"
L 06/09/2017 - 22:06:55: [admincmd.amxx] Cmd: "Dr.FioriGinal.Ro ~ Server Clasi<0><><>" slay "BCSPlayer<391><STEAM_0:0:1593426101><>"
L 06/09/2017 - 22:28:44: -------- Mapchange to deathrun_aztecan_beta1 --------
L 06/09/2017 - 22:28:46: [AMXX] Failed to open dictionary file: cstrike/addons/amxmodx/data/lang/walkguard.txt
L 06/09/2017 - 22:28:47: [walkguard.amxx] no zone-file found
L 06/09/2017 - 22:31:28: [admin.amxx] Login: "Bidi<400><STEAM_0:1:45864800><>" became an admin (account "Bidi") (access "bit") (address "89.35.92.49")
L 06/09/2017 - 22:36:29: [admin.amxx] Login: "Bidi<402><STEAM_0:1:45864800><>" became an admin (account "Bidi") (access "bit") (address "89.35.92.49")
L 06/09/2017 - 22:36:35: [admincmd.amxx] Cmd: "Dr.FioriGinal.Ro ~ Server Clasi<0><><>" slay "Bidi<402><STEAM_0:1:45864800><>"
L 06/09/2017 - 22:45:04: [admin.amxx] Login: "Bidi<404><STEAM_0:1:45864800><>" became an admin (account "Bidi") (access "bit") (address "89.35.92.49")
L 06/09/2017 - 22:45:10: [admincmd.amxx] Cmd: "Dr.FioriGinal.Ro ~ Server Clasi<0><><>" slay "Bidi<404><STEAM_0:1:45864800><>"
L 06/09/2017 - 22:47:01: [admin.amxx] Login: "Bidi<406><STEAM_0:1:45864800><>" became an admin (account "Bidi") (access "bit") (address "89.35.92.49")
L 06/09/2017 - 22:47:07: [admincmd.amxx] Cmd: "Dr.FioriGinal.Ro ~ Server Clasi<0><><>" slay "Bidi<406><STEAM_0:1:45864800><>"
L 06/09/2017 - 22:47:23: [mapsmenu.amxx] Vote: "Bidi<406><STEAM_0:1:45864800><>" vote maps (map#1 "deathrun_bhopz_v2") (map#2 "") (map#3 "") (map#4 "")
L 06/09/2017 - 22:47:35: [mapsmenu.amxx] Vote: Voting successful. Map will be changed to deathrun_bhopz_v2
L 06/09/2017 - 23:18:46: -------- Mapchange to deathrun_bhopz_v2 --------
L 06/09/2017 - 23:18:47: [AMXX] Failed to open dictionary file: cstrike/addons/amxmodx/data/lang/walkguard.txt
L 06/09/2017 - 23:18:48: [walkguard.amxx] no zone-file found
L 06/09/2017 - 23:46:04: [admincmd.amxx] Cmd: "Dr.FioriGinal.Ro ~ Server Clasi<0><><>" slay "rebel<431><STEAM_0:0:69535170><>"
