L 03/22/2017 - 00:04:39: [slayafk.amxx] A[W]P_Music-Andrey[M+] a primit slay, deoarece a fost afk mai mult de 30 secunde
L 03/22/2017 - 00:16:42: -------- Mapchange to deathrun_bhopz_v2 --------
L 03/22/2017 - 00:16:43: [AMXX] Failed to open dictionary file: cstrike/addons/amxmodx/data/lang/walkguard.txt
L 03/22/2017 - 00:16:44: [walkguard.amxx] no zone-file found
L 03/22/2017 - 00:16:44: [admin.amxx] Login: "-rTg|maEsTrOo<642><STEAM_0:1:154430568><>" became an admin (account "-rTg|maEsTrOo") (access "bit") (address "109.96.111.96")
L 03/22/2017 - 00:23:49: [admincmd.amxx] Cmd: "Dr.FioriGinal.Ro ~ Server Clasi<0><><>" slay "crazi #<663><STEAM_0:0:176678667><>"
L 03/22/2017 - 00:26:12: [admincmd.amxx] Cmd: "Dr.FioriGinal.Ro ~ Server Clasi<0><><>" slay "crazi #<666><STEAM_0:0:176678667><>"
L 03/22/2017 - 02:11:59: -------- Mapchange to deathrun_hertz --------
L 03/22/2017 - 02:12:00: [AMXX] Failed to open dictionary file: cstrike/addons/amxmodx/data/lang/walkguard.txt
L 03/22/2017 - 02:12:01: [walkguard.amxx] no zone-file found
L 03/22/2017 - 05:08:35: -------- Mapchange to deathrun_minimalism_beta2 --------
L 03/22/2017 - 05:08:36: [AMXX] Failed to open dictionary file: cstrike/addons/amxmodx/data/lang/walkguard.txt
L 03/22/2017 - 05:08:37: [walkguard.amxx] no zone-file found
L 03/22/2017 - 06:20:46: -------- Mapchange to deathrun_pacman --------
L 03/22/2017 - 06:20:47: [AMXX] Failed to open dictionary file: cstrike/addons/amxmodx/data/lang/walkguard.txt
L 03/22/2017 - 06:20:48: [walkguard.amxx] no zone-file found
L 03/22/2017 - 07:28:45: -------- Mapchange to deathrun_snow_wind --------
L 03/22/2017 - 07:28:46: [AMXX] Failed to open dictionary file: cstrike/addons/amxmodx/data/lang/walkguard.txt
L 03/22/2017 - 07:28:47: [walkguard.amxx] no zone-file found
L 03/22/2017 - 07:57:19: -------- Mapchange to deathrun_helvis --------
L 03/22/2017 - 07:57:21: [AMXX] Failed to open dictionary file: cstrike/addons/amxmodx/data/lang/walkguard.txt
L 03/22/2017 - 07:57:22: [walkguard.amxx] no zone-file found
L 03/22/2017 - 08:06:26: [slayafk.amxx] shaun.q a primit slay, deoarece a fost afk mai mult de 30 secunde
L 03/22/2017 - 08:43:04: [admin.amxx] Login: "cool<710><STEAM_0:1:25922700><>" became an admin (account "cool") (access "bi") (address "5.14.99.188")
L 03/22/2017 - 08:46:53: -------- Mapchange to deathrun_challenge_x --------
L 03/22/2017 - 08:46:54: [AMXX] Failed to open dictionary file: cstrike/addons/amxmodx/data/lang/walkguard.txt
L 03/22/2017 - 08:46:55: [admin.amxx] Login: "cool<710><STEAM_0:1:25922700><>" became an admin (account "cool") (access "bi") (address "5.14.99.188")
L 03/22/2017 - 08:46:55: [walkguard.amxx] no zone-file found
L 03/22/2017 - 08:46:57: [admin.amxx] Login: "cool<711><STEAM_0:1:25922700><>" became an admin (account "cool") (access "bi") (address "5.14.99.188")
L 03/22/2017 - 08:54:04: [slayafk.amxx] cool a primit slay, deoarece a fost afk mai mult de 30 secunde
L 03/22/2017 - 08:54:44: [slayafk.amxx] cool a primit slay, deoarece a fost afk mai mult de 30 secunde
L 03/22/2017 - 08:55:24: [slayafk.amxx] cool a primit slay, deoarece a fost afk mai mult de 30 secunde
L 03/22/2017 - 08:56:04: [slayafk.amxx] cool a primit slay, deoarece a fost afk mai mult de 30 secunde
L 03/22/2017 - 08:57:21: [admin.amxx] Login: "cool<715><STEAM_0:1:25922700><>" became an admin (account "cool") (access "bi") (address "5.14.99.188")
L 03/22/2017 - 09:08:02: [mapsmenu.amxx] Vote: "cool<715><STEAM_0:1:25922700><>" vote maps (map#1 "deathrun_trenal_lux") (map#2 "") (map#3 "") (map#4 "")
L 03/22/2017 - 09:08:14: [mapsmenu.amxx] Vote: Voting successful. Map will be changed to deathrun_trenal_lux
L 03/22/2017 - 09:12:34: [slayafk.amxx] cool a primit slay, deoarece a fost afk mai mult de 30 secunde
L 03/22/2017 - 09:12:37: -------- Mapchange to deathrun_trenal_lux --------
L 03/22/2017 - 09:12:39: [AMXX] Failed to open dictionary file: cstrike/addons/amxmodx/data/lang/walkguard.txt
L 03/22/2017 - 09:12:40: [admin.amxx] Login: "cool<715><STEAM_0:1:25922700><>" became an admin (account "cool") (access "bi") (address "5.14.99.188")
L 03/22/2017 - 09:12:40: [walkguard.amxx] no zone-file found
L 03/22/2017 - 09:12:42: [admin.amxx] Login: "cool<716><STEAM_0:1:25922700><>" became an admin (account "cool") (access "bi") (address "5.14.99.188")
L 03/22/2017 - 09:15:54: [admin.amxx] Login: "cool<716><STEAM_0:1:25922700><>" became an admin (account "cool") (access "bi") (address "5.14.99.188")
L 03/22/2017 - 09:26:22: [admin.amxx] Login: "cool<720><STEAM_0:1:25922700><>" became an admin (account "cool") (access "bi") (address "5.14.99.188")
L 03/22/2017 - 09:27:34: [slayafk.amxx] cool a primit slay, deoarece a fost afk mai mult de 30 secunde
L 03/22/2017 - 09:30:25: [admin.amxx] Login: "cool<726><STEAM_0:1:25922700><>" became an admin (account "cool") (access "bi") (address "5.14.99.188")
L 03/22/2017 - 10:00:37: -------- Mapchange to deathrun_alpin_spring --------
L 03/22/2017 - 10:00:38: [AMXX] Failed to open dictionary file: cstrike/addons/amxmodx/data/lang/walkguard.txt
L 03/22/2017 - 10:27:55: -------- Mapchange to deathrun_unreal --------
L 03/22/2017 - 10:27:56: [AMXX] Failed to open dictionary file: cstrike/addons/amxmodx/data/lang/walkguard.txt
L 03/22/2017 - 10:27:57: [walkguard.amxx] no zone-file found
L 03/22/2017 - 10:42:03: [admincmd.amxx] Cmd: "Dr.FioriGinal.Ro ~ Server Clasi<0><><>" slay "NVIDIA E6 Player<743><VALVE_0:4:595592630><>"
L 03/22/2017 - 11:08:46: [admin.amxx] Login: "Dudu.- ;o!<748><STEAM_0:0:1815771365><>" became an admin (account "Dudu.- ;o!") (access "bit") (address "86.122.27.139")
L 03/22/2017 - 11:08:49: [admin.amxx] Login: "Dudu.- ;o!<749><STEAM_0:0:1815771365><>" became an admin (account "Dudu.- ;o!") (access "bit") (address "86.122.27.139")
L 03/22/2017 - 11:09:45: [admin.amxx] Login: "Dudu.- ;o!<752><STEAM_0:0:1815771365><>" became an admin (account "Dudu.- ;o!") (access "bit") (address "86.122.27.139")
L 03/22/2017 - 11:09:48: -------- Mapchange to deathrun_anca --------
L 03/22/2017 - 11:09:50: [AMXX] Failed to open dictionary file: cstrike/addons/amxmodx/data/lang/walkguard.txt
L 03/22/2017 - 11:09:51: [walkguard.amxx] no zone-file found
L 03/22/2017 - 11:09:51: [admin.amxx] Login: "Dudu.- ;o!<752><STEAM_0:0:1815771365><>" became an admin (account "Dudu.- ;o!") (access "bit") (address "86.122.27.139")
L 03/22/2017 - 11:09:51: [admin.amxx] Login: "Dudu.- ;o!<753><STEAM_0:0:1815771365><>" became an admin (account "Dudu.- ;o!") (access "bit") (address "86.122.27.139")
L 03/22/2017 - 11:30:16: [admincmd.amxx] Cmd: "Dr.FioriGinal.Ro ~ Server Clasi<0><><>" slay "DavidCS<760><STEAM_0:0:870031381><>"
L 03/22/2017 - 11:35:06: [admincmd.amxx] Cmd: "Dr.FioriGinal.Ro ~ Server Clasi<0><><>" slay "DavidCS<764><STEAM_0:0:870031381><>"
L 03/22/2017 - 11:35:09: -------- Mapchange to deathrun_expres-game --------
L 03/22/2017 - 11:35:10: [AMXX] Failed to open dictionary file: cstrike/addons/amxmodx/data/lang/walkguard.txt
L 03/22/2017 - 11:35:11: [walkguard.amxx] no zone-file found
L 03/22/2017 - 12:02:02: -------- Mapchange to deathrun_legendz --------
L 03/22/2017 - 12:02:03: [AMXX] Failed to open dictionary file: cstrike/addons/amxmodx/data/lang/walkguard.txt
L 03/22/2017 - 12:02:04: [walkguard.amxx] no zone-file found
L 03/22/2017 - 12:27:49: -------- Mapchange to deathrun_clarion_dojo_b3 --------
L 03/22/2017 - 12:27:51: [AMXX] Failed to open dictionary file: cstrike/addons/amxmodx/data/lang/walkguard.txt
L 03/22/2017 - 12:27:52: [walkguard.amxx] no zone-file found
L 03/22/2017 - 12:32:15: [admincmd.amxx] Cmd: "Dr.FioriGinal.Ro ~ Server Clasi<0><><>" slay "unprajit<786><STEAM_0:0:1165641832><>"
L 03/22/2017 - 12:37:16: [admincmd.amxx] Cmd: "Dr.FioriGinal.Ro ~ Server Clasi<0><><>" slay "tiganu<787><STEAM_0:0:187978272><>"
L 03/22/2017 - 12:37:38: [admincmd.amxx] Cmd: "Dr.FioriGinal.Ro ~ Server Clasi<0><><>" slay "tiganu<788><STEAM_0:0:187978272><>"
L 03/22/2017 - 12:37:54: [admincmd.amxx] Cmd: "Dr.FioriGinal.Ro ~ Server Clasi<0><><>" slay "tiganu<789><STEAM_0:0:187978272><>"
L 03/22/2017 - 12:38:23: [admincmd.amxx] Cmd: "Dr.FioriGinal.Ro ~ Server Clasi<0><><>" slay "tiganu<790><STEAM_0:0:187978272><>"
L 03/22/2017 - 12:38:41: [admincmd.amxx] Cmd: "Dr.FioriGinal.Ro ~ Server Clasi<0><><>" slay "tiganu<791><STEAM_0:0:187978272><>"
L 03/22/2017 - 12:38:59: [admincmd.amxx] Cmd: "Dr.FioriGinal.Ro ~ Server Clasi<0><><>" slay "tiganu<792><STEAM_0:0:187978272><>"
L 03/22/2017 - 12:39:22: [admincmd.amxx] Cmd: "Dr.FioriGinal.Ro ~ Server Clasi<0><><>" slay "tiganu<793><STEAM_0:0:187978272><>"
L 03/22/2017 - 12:39:46: [admincmd.amxx] Cmd: "Dr.FioriGinal.Ro ~ Server Clasi<0><><>" slay "tiganu<796><STEAM_0:0:187978272><>"
L 03/22/2017 - 12:40:25: [admincmd.amxx] Cmd: "Dr.FioriGinal.Ro ~ Server Clasi<0><><>" slay "tiganu<801><STEAM_0:0:187978272><>"
L 03/22/2017 - 12:40:27: [admincmd.amxx] Cmd: "Dr.FioriGinal.Ro ~ Server Clasi<0><><>" slay "unprajit<802><STEAM_0:0:1165641832><>"
L 03/22/2017 - 12:40:49: [admincmd.amxx] Cmd: "Dr.FioriGinal.Ro ~ Server Clasi<0><><>" slay "tiganu<804><STEAM_0:0:187978272><>"
L 03/22/2017 - 12:41:06: [admincmd.amxx] Cmd: "Dr.FioriGinal.Ro ~ Server Clasi<0><><>" slay "tiganu<809><STEAM_0:0:187978272><>"
L 03/22/2017 - 12:41:16: [admincmd.amxx] Cmd: "Dr.FioriGinal.Ro ~ Server Clasi<0><><>" slay "tiganu<810><STEAM_0:0:187978272><>"
L 03/22/2017 - 12:57:11: [admincmd.amxx] Cmd: "Dr.FioriGinal.Ro ~ Server Clasi<0><><>" slay "tiganu<812><STEAM_0:0:187978272><>"
L 03/22/2017 - 12:57:39: [admincmd.amxx] Cmd: "Dr.FioriGinal.Ro ~ Server Clasi<0><><>" slay "tiganu<815><STEAM_0:0:187978272><>"
L 03/22/2017 - 12:57:47: [admin.amxx] Login: "cool<814><STEAM_0:1:25922700><>" became an admin (account "cool") (access "bi") (address "5.14.99.188")
L 03/22/2017 - 13:09:54: [admincmd.amxx] Cmd: "Dr.FioriGinal.Ro ~ Server Clasi<0><><>" slay "tiganu<816><STEAM_0:0:187978272><>"
L 03/22/2017 - 13:17:35: [admincmd.amxx] Cmd: "Dr.FioriGinal.Ro ~ Server Clasi<0><><>" slay "tiganu<830><STEAM_0:0:187978272><>"
L 03/22/2017 - 13:18:30: [admin.amxx] Login: "wadafac!<832><VALVE_0:4:823479163><>" became an admin (account "wadafac!") (access "bi") (address "79.116.118.203")
L 03/22/2017 - 13:18:39: [admincmd.amxx] Cmd: "Dr.FioriGinal.Ro ~ Server Clasi<0><><>" slay "tiganu<833><STEAM_0:0:187978272><>"
L 03/22/2017 - 13:19:59: -------- Mapchange to deathrun_massive --------
L 03/22/2017 - 13:20:01: [AMXX] Failed to open dictionary file: cstrike/addons/amxmodx/data/lang/walkguard.txt
L 03/22/2017 - 13:20:02: [admin.amxx] Login: "wadafac!<832><VALVE_0:4:823479163><>" became an admin (account "wadafac!") (access "bi") (address "79.116.118.203")
L 03/22/2017 - 13:20:02: [walkguard.amxx] no zone-file found
L 03/22/2017 - 13:30:38: [admincmd.amxx] Cmd: "wadafac!<832><VALVE_0:4:823479163><>" ask for players list
L 03/22/2017 - 13:34:45: [admincmd.amxx] Cmd: "wadafac!<832><VALVE_0:4:823479163><>" slap with 0 damage "G1.ro player [231]<841><VALVE_0:4:1125477363><>"
L 03/22/2017 - 13:34:45: [admincmd.amxx] Cmd: "wadafac!<832><VALVE_0:4:823479163><>" slap with 0 damage "G1.ro player [231]<841><VALVE_0:4:1125477363><>"
L 03/22/2017 - 13:34:45: [admincmd.amxx] Cmd: "wadafac!<832><VALVE_0:4:823479163><>" slap with 0 damage "G1.ro player [231]<841><VALVE_0:4:1125477363><>"
L 03/22/2017 - 13:34:46: [admincmd.amxx] Cmd: "wadafac!<832><VALVE_0:4:823479163><>" slap with 0 damage "G1.ro player [231]<841><VALVE_0:4:1125477363><>"
L 03/22/2017 - 13:34:46: [admincmd.amxx] Cmd: "wadafac!<832><VALVE_0:4:823479163><>" slap with 0 damage "G1.ro player [231]<841><VALVE_0:4:1125477363><>"
L 03/22/2017 - 13:34:46: [admincmd.amxx] Cmd: "wadafac!<832><VALVE_0:4:823479163><>" ask for players list
L 03/22/2017 - 13:34:48: [admincmd.amxx] Cmd: "wadafac!<832><VALVE_0:4:823479163><>" slap with 0 damage "G1.ro player [231]<841><VALVE_0:4:1125477363><>"
L 03/22/2017 - 13:34:48: [admincmd.amxx] Cmd: "wadafac!<832><VALVE_0:4:823479163><>" slap with 0 damage "G1.ro player [231]<841><VALVE_0:4:1125477363><>"
L 03/22/2017 - 13:34:48: [admincmd.amxx] Cmd: "wadafac!<832><VALVE_0:4:823479163><>" slap with 0 damage "G1.ro player [231]<841><VALVE_0:4:1125477363><>"
L 03/22/2017 - 13:44:23: [admincmd.amxx] Cmd: "wadafac!<832><VALVE_0:4:823479163><>" slap with 0 damage "G1.ro player [231]<841><VALVE_0:4:1125477363><>"
L 03/22/2017 - 13:44:23: [admincmd.amxx] Cmd: "wadafac!<832><VALVE_0:4:823479163><>" slap with 0 damage "G1.ro player [231]<841><VALVE_0:4:1125477363><>"
L 03/22/2017 - 13:44:24: [admincmd.amxx] Cmd: "wadafac!<832><VALVE_0:4:823479163><>" slap with 0 damage "G1.ro player [231]<841><VALVE_0:4:1125477363><>"
L 03/22/2017 - 13:44:24: [admincmd.amxx] Cmd: "wadafac!<832><VALVE_0:4:823479163><>" slap with 0 damage "G1.ro player [231]<841><VALVE_0:4:1125477363><>"
L 03/22/2017 - 13:44:24: [admincmd.amxx] Cmd: "wadafac!<832><VALVE_0:4:823479163><>" slap with 0 damage "G1.ro player [231]<841><VALVE_0:4:1125477363><>"
L 03/22/2017 - 13:44:38: [admincmd.amxx] Cmd: "wadafac!<832><VALVE_0:4:823479163><>" slap with 0 damage "G1.ro player [231]<841><VALVE_0:4:1125477363><>"
L 03/22/2017 - 13:44:38: [admincmd.amxx] Cmd: "wadafac!<832><VALVE_0:4:823479163><>" slap with 0 damage "G1.ro player [231]<841><VALVE_0:4:1125477363><>"
L 03/22/2017 - 13:44:38: [admincmd.amxx] Cmd: "wadafac!<832><VALVE_0:4:823479163><>" slap with 0 damage "G1.ro player [231]<841><VALVE_0:4:1125477363><>"
L 03/22/2017 - 13:45:46: [admincmd.amxx] Cmd: "wadafac!<832><VALVE_0:4:823479163><>" slap with 0 damage "G1.ro player [231]<841><VALVE_0:4:1125477363><>"
L 03/22/2017 - 13:45:46: [admincmd.amxx] Cmd: "wadafac!<832><VALVE_0:4:823479163><>" slap with 0 damage "G1.ro player [231]<841><VALVE_0:4:1125477363><>"
L 03/22/2017 - 13:45:46: [admincmd.amxx] Cmd: "wadafac!<832><VALVE_0:4:823479163><>" slap with 0 damage "G1.ro player [231]<841><VALVE_0:4:1125477363><>"
L 03/22/2017 - 13:45:46: [admincmd.amxx] Cmd: "wadafac!<832><VALVE_0:4:823479163><>" slap with 0 damage "G1.ro player [231]<841><VALVE_0:4:1125477363><>"
L 03/22/2017 - 13:45:57: [mapsmenu.amxx] Vote: "wadafac!<832><VALVE_0:4:823479163><>" vote maps (map#1 "deathrun_hertz") (map#2 "deathrun_minimalism_beta2") (map#3 "") (map#4 "")
L 03/22/2017 - 13:46:09: [mapsmenu.amxx] Vote: Voting successful. Map will be changed to deathrun_hertz
L 03/22/2017 - 13:46:31: -------- Mapchange to deathrun_hertz --------
L 03/22/2017 - 13:46:33: [AMXX] Failed to open dictionary file: cstrike/addons/amxmodx/data/lang/walkguard.txt
L 03/22/2017 - 13:46:34: [admin.amxx] Login: "wadafac!<832><VALVE_0:4:823479163><>" became an admin (account "wadafac!") (access "bi") (address "79.116.118.203")
L 03/22/2017 - 13:46:34: [walkguard.amxx] no zone-file found
L 03/22/2017 - 13:46:43: [admincmd.amxx] Kick: "wadafac!<832><VALVE_0:4:823479163><>" kick "G1.ro player [231]<848><VALVE_0:4:1125477363><>" (reason "")
L 03/22/2017 - 13:56:53: [admincmd.amxx] Cmd: "wadafac!<832><VALVE_0:4:823479163><>" slay "tiganu<833><STEAM_0:0:187978272><>"
L 03/22/2017 - 13:57:47: [admincmd.amxx] Cmd: "wadafac!<832><VALVE_0:4:823479163><>" slay "tiganu<833><STEAM_0:0:187978272><>"
L 03/22/2017 - 14:01:03: [slayafk.amxx] tiganu a primit slay, deoarece a fost afk mai mult de 30 secunde
L 03/22/2017 - 14:01:38: [slayafk.amxx] tiganu a primit slay, deoarece a fost afk mai mult de 30 secunde
L 03/22/2017 - 14:02:48: [slayafk.amxx] tiganu a primit slay, deoarece a fost afk mai mult de 30 secunde
L 03/22/2017 - 14:03:28: [slayafk.amxx] tiganu a primit slay, deoarece a fost afk mai mult de 30 secunde
L 03/22/2017 - 14:03:44: [admin.amxx] Login: "wadafac!<858><VALVE_0:4:823479163><>" became an admin (account "wadafac!") (access "bi") (address "79.116.118.203")
L 03/22/2017 - 14:04:13: [slayafk.amxx] tiganu a primit slay, deoarece a fost afk mai mult de 30 secunde
L 03/22/2017 - 14:05:08: [slayafk.amxx] tiganu a primit slay, deoarece a fost afk mai mult de 30 secunde
L 03/22/2017 - 14:08:08: [slayafk.amxx] tiganu a primit slay, deoarece a fost afk mai mult de 30 secunde
L 03/22/2017 - 14:09:53: [slayafk.amxx] tiganu a primit slay, deoarece a fost afk mai mult de 30 secunde
L 03/22/2017 - 14:10:58: [slayafk.amxx] tiganu a primit slay, deoarece a fost afk mai mult de 30 secunde
L 03/22/2017 - 14:12:38: -------- Mapchange to deathrun_finland --------
L 03/22/2017 - 14:12:39: [AMXX] Failed to open dictionary file: cstrike/addons/amxmodx/data/lang/walkguard.txt
L 03/22/2017 - 14:12:40: [walkguard.amxx] no zone-file found
L 03/22/2017 - 14:16:57: [admin.amxx] Login: "SWAGGIE. XD<869><VALVE_0:4:862961770><>" became an admin (account "SWAGGIE. XD") (access "bi") (address "109.98.131.207")
L 03/22/2017 - 14:19:14: [admincmd.amxx] Cmd: "Dr.FioriGinal.Ro ~ Server Clasi<0><><>" slay "denis<872><VALVE_0:4:927397726><>"
L 03/22/2017 - 14:19:26: [admincmd.amxx] Cmd: "Dr.FioriGinal.Ro ~ Server Clasi<0><><>" slay "denis<873><VALVE_0:4:927397726><>"
L 03/22/2017 - 14:20:25: [slayafk.amxx] Anelise a primit slay, deoarece a fost afk mai mult de 30 secunde
L 03/22/2017 - 14:21:41: [admincmd.amxx] Cmd: "Dr.FioriGinal.Ro ~ Server Clasi<0><><>" slay "Anelise<876><VALVE_0:4:651215338><>"
L 03/22/2017 - 14:34:01: [mapsmenu.amxx] Vote: "SWAGGIE. XD<869><VALVE_0:4:862961770><>" vote maps (map#1 "deathrun_forest2_final") (map#2 "deathrun_jinglebells") (map#3 "") (map#4 "")
L 03/22/2017 - 14:34:13: [mapsmenu.amxx] Vote: Voting successful. Map will be changed to deathrun_forest2_final
L 03/22/2017 - 14:39:28: -------- Mapchange to deathrun_forest2_final --------
L 03/22/2017 - 14:39:30: [AMXX] Failed to open dictionary file: cstrike/addons/amxmodx/data/lang/walkguard.txt
L 03/22/2017 - 14:39:31: [walkguard.amxx] no zone-file found
L 03/22/2017 - 14:39:31: [admin.amxx] Login: "SWAGGIE. XD<869><VALVE_0:4:862961770><>" became an admin (account "SWAGGIE. XD") (access "bi") (address "109.98.131.207")
L 03/22/2017 - 14:47:05: [slayafk.amxx] DoZe a primit slay, deoarece a fost afk mai mult de 30 secunde
L 03/22/2017 - 14:50:35: [slayafk.amxx] DoZe a primit slay, deoarece a fost afk mai mult de 30 secunde
L 03/22/2017 - 14:51:55: [slayafk.amxx] DoZe a primit slay, deoarece a fost afk mai mult de 30 secunde
L 03/22/2017 - 14:54:36: [admincmd.amxx] Cmd: "SWAGGIE. XD<869><VALVE_0:4:862961770><>" slay "DoZe<879><STEAM_0:0:1898515925><>"
L 03/22/2017 - 14:55:15: [slayafk.amxx] DoZe a primit slay, deoarece a fost afk mai mult de 30 secunde
L 03/22/2017 - 14:55:33: [admincmd.amxx] Cmd: "SWAGGIE. XD<869><VALVE_0:4:862961770><>" slay "Deagle<892><STEAM_0:0:196277238><>"
L 03/22/2017 - 14:55:47: [admin.amxx] Login: "Cuppy # LePatron<893><STEAM_0:1:193294027><>" became an admin (account "Cuppy # LePatron") (access "bi") (address "46.253.168.87")
L 03/22/2017 - 14:56:10: [slayafk.amxx] DoZe a primit slay, deoarece a fost afk mai mult de 30 secunde
L 03/22/2017 - 14:58:05: [slayafk.amxx] DoZe a primit slay, deoarece a fost afk mai mult de 30 secunde
L 03/22/2017 - 14:59:15: [slayafk.amxx] DoZe a primit slay, deoarece a fost afk mai mult de 30 secunde
L 03/22/2017 - 14:59:38: [admincmd.amxx] Cmd: "SWAGGIE. XD<869><VALVE_0:4:862961770><>" slay "tiganu<861><STEAM_0:0:187978272><>"
L 03/22/2017 - 14:59:42: [admin.amxx] Login: "-rTg|maEsTrOo<895><STEAM_0:1:154430568><>" became an admin (account "-rTg|maEsTrOo") (access "bit") (address "109.96.111.96")
L 03/22/2017 - 15:04:32: [mapsmenu.amxx] Vote: "SWAGGIE. XD<869><VALVE_0:4:862961770><>" vote maps (map#1 "deathrun_long_run") (map#2 "deathrun_0mega") (map#3 "") (map#4 "")
L 03/22/2017 - 15:04:44: [mapsmenu.amxx] Vote: Voting successful. Map will be changed to deathrun_long_run
L 03/22/2017 - 15:06:08: -------- Mapchange to deathrun_long_run --------
L 03/22/2017 - 15:06:09: [AMXX] Failed to open dictionary file: cstrike/addons/amxmodx/data/lang/walkguard.txt
L 03/22/2017 - 15:06:10: [walkguard.amxx] no zone-file found
L 03/22/2017 - 15:06:10: [admin.amxx] Login: "SWAGGIE. XD<869><VALVE_0:4:862961770><>" became an admin (account "SWAGGIE. XD") (access "bi") (address "109.98.131.207")
L 03/22/2017 - 15:06:10: [admin.amxx] Login: "-rTg|maEsTrOo<895><STEAM_0:1:154430568><>" became an admin (account "-rTg|maEsTrOo") (access "bit") (address "109.96.111.96")
L 03/22/2017 - 15:06:20: [revive2.amxx] Error on query: Access denied for user 'vuser575'@'89.40.104.11' (using password: YES)
L 03/22/2017 - 15:06:20: [revive2.amxx] FailState == TQUERY_CONNECT_FAILED, Could not connect to SQL database.
L 03/22/2017 - 15:08:09: [slayafk.amxx] -rTg|maEsTrOo a primit slay, deoarece a fost afk mai mult de 30 secunde
L 03/22/2017 - 15:08:44: [slayafk.amxx] -rTg|maEsTrOo a primit slay, deoarece a fost afk mai mult de 30 secunde
L 03/22/2017 - 15:09:19: [slayafk.amxx] -rTg|maEsTrOo a primit slay, deoarece a fost afk mai mult de 30 secunde
L 03/22/2017 - 15:09:59: [slayafk.amxx] -rTg|maEsTrOo a primit slay, deoarece a fost afk mai mult de 30 secunde
L 03/22/2017 - 15:10:34: [slayafk.amxx] -rTg|maEsTrOo a primit slay, deoarece a fost afk mai mult de 30 secunde
L 03/22/2017 - 15:11:09: [slayafk.amxx] -rTg|maEsTrOo a primit slay, deoarece a fost afk mai mult de 30 secunde
L 03/22/2017 - 15:11:44: [slayafk.amxx] -rTg|maEsTrOo a primit slay, deoarece a fost afk mai mult de 30 secunde
L 03/22/2017 - 15:12:24: [slayafk.amxx] -rTg|maEsTrOo a primit slay, deoarece a fost afk mai mult de 30 secunde
L 03/22/2017 - 15:12:59: [slayafk.amxx] -rTg|maEsTrOo a primit slay, deoarece a fost afk mai mult de 30 secunde
L 03/22/2017 - 15:13:39: [slayafk.amxx] Alexa a primit slay, deoarece a fost afk mai mult de 30 secunde
L 03/22/2017 - 15:15:24: [slayafk.amxx] -rTg|maEsTrOo a primit slay, deoarece a fost afk mai mult de 30 secunde
L 03/22/2017 - 15:15:29: [slayafk.amxx] Alexa a primit slay, deoarece a fost afk mai mult de 30 secunde
L 03/22/2017 - 15:15:59: [slayafk.amxx] -rTg|maEsTrOo a primit slay, deoarece a fost afk mai mult de 30 secunde
L 03/22/2017 - 15:16:34: [slayafk.amxx] -rTg|maEsTrOo a primit slay, deoarece a fost afk mai mult de 30 secunde
L 03/22/2017 - 15:17:08: [admincmd.amxx] Cmd: "SWAGGIE. XD<869><VALVE_0:4:862961770><>" slay "noob<912><STEAM_0:0:161237094><>"
L 03/22/2017 - 15:17:09: [slayafk.amxx] -rTg|maEsTrOo a primit slay, deoarece a fost afk mai mult de 30 secunde
L 03/22/2017 - 15:17:49: [slayafk.amxx] -rTg|maEsTrOo a primit slay, deoarece a fost afk mai mult de 30 secunde
L 03/22/2017 - 15:17:49: [slayafk.amxx] Alexa a primit slay, deoarece a fost afk mai mult de 30 secunde
L 03/22/2017 - 15:18:24: [slayafk.amxx] -rTg|maEsTrOo a primit slay, deoarece a fost afk mai mult de 30 secunde
L 03/22/2017 - 15:18:59: [slayafk.amxx] -rTg|maEsTrOo a primit slay, deoarece a fost afk mai mult de 30 secunde
L 03/22/2017 - 15:19:34: [slayafk.amxx] -rTg|maEsTrOo a primit slay, deoarece a fost afk mai mult de 30 secunde
L 03/22/2017 - 15:20:09: [slayafk.amxx] -rTg|maEsTrOo a primit slay, deoarece a fost afk mai mult de 30 secunde
L 03/22/2017 - 15:20:44: [slayafk.amxx] -rTg|maEsTrOo a primit slay, deoarece a fost afk mai mult de 30 secunde
L 03/22/2017 - 15:21:19: [slayafk.amxx] -rTg|maEsTrOo a primit slay, deoarece a fost afk mai mult de 30 secunde
L 03/22/2017 - 15:21:54: [slayafk.amxx] -rTg|maEsTrOo a primit slay, deoarece a fost afk mai mult de 30 secunde
L 03/22/2017 - 15:22:29: [slayafk.amxx] -rTg|maEsTrOo a primit slay, deoarece a fost afk mai mult de 30 secunde
L 03/22/2017 - 15:22:59: [slayafk.amxx] (1)nVidia E7 Player a primit slay, deoarece a fost afk mai mult de 30 secunde
L 03/22/2017 - 15:23:09: [slayafk.amxx] -rTg|maEsTrOo a primit slay, deoarece a fost afk mai mult de 30 secunde
L 03/22/2017 - 15:23:44: [slayafk.amxx] -rTg|maEsTrOo a primit slay, deoarece a fost afk mai mult de 30 secunde
L 03/22/2017 - 15:24:04: [mapsmenu.amxx] Vote: "SWAGGIE. XD<869><VALVE_0:4:862961770><>" vote maps (map#1 "deathrun_raykium_xf") (map#2 "deathrun_jinglebells") (map#3 "") (map#4 "")
L 03/22/2017 - 15:24:16: [mapsmenu.amxx] Vote: Voting successful. Map will be changed to deathrun_raykium_xf
L 03/22/2017 - 15:24:29: [slayafk.amxx] -rTg|maEsTrOo a primit slay, deoarece a fost afk mai mult de 30 secunde
L 03/22/2017 - 15:25:04: [slayafk.amxx] -rTg|maEsTrOo a primit slay, deoarece a fost afk mai mult de 30 secunde
L 03/22/2017 - 15:25:32: [admincmd.amxx] Cmd: "SWAGGIE. XD<869><VALVE_0:4:862961770><>" slay "-rTg|maEsTrOo<895><STEAM_0:1:154430568><>"
L 03/22/2017 - 15:25:44: [slayafk.amxx] -rTg|maEsTrOo a primit slay, deoarece a fost afk mai mult de 30 secunde
L 03/22/2017 - 15:26:09: [slayafk.amxx] (1)nVidia E7 Player a primit slay, deoarece a fost afk mai mult de 30 secunde
L 03/22/2017 - 15:26:19: [slayafk.amxx] -rTg|maEsTrOo a primit slay, deoarece a fost afk mai mult de 30 secunde
L 03/22/2017 - 15:27:29: [slayafk.amxx] (1)nVidia E7 Player a primit slay, deoarece a fost afk mai mult de 30 secunde
L 03/22/2017 - 15:29:25: [admincmd.amxx] Cmd: "SWAGGIE. XD<869><VALVE_0:4:862961770><>" slay "SkiLL*Fanatic#Andrei<923><VALVE_0:4:245782387><>"
L 03/22/2017 - 15:30:18: [admincmd.amxx] Cmd: "Dr.FioriGinal.Ro ~ Server Clasi<0><><>" slay "wattkinson.<925><STEAM_0:0:53596872><>"
L 03/22/2017 - 15:32:13: -------- Mapchange to deathrun_raykium_xf --------
L 03/22/2017 - 15:32:14: [AMXX] Failed to open dictionary file: cstrike/addons/amxmodx/data/lang/walkguard.txt
L 03/22/2017 - 15:32:15: [walkguard.amxx] no zone-file found
L 03/22/2017 - 15:32:15: [admin.amxx] Login: "SWAGGIE. XD<869><VALVE_0:4:862961770><>" became an admin (account "SWAGGIE. XD") (access "bi") (address "109.98.131.207")
L 03/22/2017 - 15:32:15: [admin.amxx] Login: "-rTg|maEsTrOo<895><STEAM_0:1:154430568><>" became an admin (account "-rTg|maEsTrOo") (access "bit") (address "109.96.111.96")
L 03/22/2017 - 15:48:22: [mapsmenu.amxx] Vote: "SWAGGIE. XD<869><VALVE_0:4:862961770><>" vote maps (map#1 "deathrun_lies_f") (map#2 "deathrun_jinglebells") (map#3 "") (map#4 "")
L 03/22/2017 - 15:48:34: [mapsmenu.amxx] Vote: Voting successful. Map will be changed to deathrun_lies_f
L 03/22/2017 - 15:51:21: [admin.amxx] Login: "SWAGGIE. XD<938><VALVE_0:4:862961770><>" became an admin (account "SWAGGIE. XD") (access "bi") (address "109.98.131.207")
L 03/22/2017 - 15:52:37: [admincmd.amxx] Kick: "SWAGGIE. XD<938><VALVE_0:4:862961770><>" kick "adderall<924><STEAM_0:0:77647261><>" (reason "")
L 03/22/2017 - 15:59:13: -------- Mapchange to deathrun_lies_f --------
L 03/22/2017 - 15:59:15: [AMXX] Failed to open dictionary file: cstrike/addons/amxmodx/data/lang/walkguard.txt
L 03/22/2017 - 15:59:16: [walkguard.amxx] no zone-file found
L 03/22/2017 - 15:59:16: [admin.amxx] Login: "SWAGGIE. XD<938><VALVE_0:4:862961770><>" became an admin (account "SWAGGIE. XD") (access "bi") (address "109.98.131.207")
L 03/22/2017 - 15:59:37: [admincmd.amxx] Cmd: "Dr.FioriGinal.Ro ~ Server Clasi<0><><>" slay "ANDREJ<3<959><STEAM_0:1:13786020><>"
L 03/22/2017 - 16:04:00: [admin.amxx] Login: "KiddinG?<966><STEAM_0:0:59376673><>" kicked due to invalid password (account "KiddinG?") (address "79.113.92.103")
L 03/22/2017 - 16:04:09: [admin.amxx] Login: "KiddinG?<967><STEAM_0:0:59376673><>" became an admin (account "KiddinG?") (access "bit") (address "79.113.92.103")
L 03/22/2017 - 16:04:11: [admin.amxx] Login: "KiddinG?<968><STEAM_0:0:59376673><>" became an admin (account "KiddinG?") (access "bit") (address "79.113.92.103")
L 03/22/2017 - 16:05:30: [slayafk.amxx] SWAGGIE. XD a primit slay, deoarece a fost afk mai mult de 30 secunde
L 03/22/2017 - 16:07:57: [adminchat.amxx] Chat: "nVidia E7 Player<952><VALVE_0:4:1771470210><>" chat " tiganu"
L 03/22/2017 - 16:08:06: [adminchat.amxx] Chat: "nVidia E7 Player<952><VALVE_0:4:1771470210><>" chat "  ma-ta"
L 03/22/2017 - 16:10:23: [adminchat.amxx] Chat: "tiganu<861><STEAM_0:0:187978272><>" chat "kidding? ba dute dq"
L 03/22/2017 - 16:10:41: [adminchat.amxx] Chat: "tiganu<861><STEAM_0:0:187978272><>" chat "KiddinG? ba cine esti tu sa-mi zici mie ca sufar"
L 03/22/2017 - 16:24:33: [mapsmenu.amxx] Vote: "SWAGGIE. XD<938><VALVE_0:4:862961770><>" vote maps (map#1 "deathrun_jinglebells") (map#2 "") (map#3 "") (map#4 "")
L 03/22/2017 - 16:24:45: [mapsmenu.amxx] Vote: Voting successful. Map will be changed to deathrun_jinglebells
L 03/22/2017 - 16:25:17: [mapsmenu.amxx] Vote: "SWAGGIE. XD<938><VALVE_0:4:862961770><>" vote maps (map#1 "deathrun_jinglebells") (map#2 "deathrun_challenge_x") (map#3 "") (map#4 "")
L 03/22/2017 - 16:25:27: -------- Mapchange to deathrun_jinglebells --------
L 03/22/2017 - 16:25:29: [AMXX] Failed to open dictionary file: cstrike/addons/amxmodx/data/lang/walkguard.txt
L 03/22/2017 - 16:25:30: [walkguard.amxx] no zone-file found
L 03/22/2017 - 16:25:48: [admin.amxx] Login: "SWAGGIE. XD<985><VALVE_0:4:862961770><>" became an admin (account "SWAGGIE. XD") (access "bi") (address "109.98.131.207")
L 03/22/2017 - 16:26:24: [slayafk.amxx] adderall a primit slay, deoarece a fost afk mai mult de 30 secunde
L 03/22/2017 - 16:31:14: [slayafk.amxx] Alex. a primit slay, deoarece a fost afk mai mult de 30 secunde
L 03/22/2017 - 16:35:04: [slayafk.amxx] SWAGGIE. XD a primit slay, deoarece a fost afk mai mult de 30 secunde
L 03/22/2017 - 16:40:54: [admincmd.amxx] Cmd: "Dr.FioriGinal.Ro ~ Server Clasi<0><><>" slay "tiganu<991><STEAM_0:0:187978272><>"
L 03/22/2017 - 16:43:28: [admincmd.amxx] Cmd: "Dr.FioriGinal.Ro ~ Server Clasi<0><><>" slay "tiganu<993><STEAM_0:0:187978272><>"
L 03/22/2017 - 16:43:33: [admincmd.amxx] Cmd: "Dr.FioriGinal.Ro ~ Server Clasi<0><><>" slay "Andreea.<995><STEAM_0:1:101181073><>"
L 03/22/2017 - 16:43:54: [slayafk.amxx] SWAGGIE. XD a primit slay, deoarece a fost afk mai mult de 30 secunde
L 03/22/2017 - 16:47:29: [slayafk.amxx] SWAGGIE. XD a primit slay, deoarece a fost afk mai mult de 30 secunde
L 03/22/2017 - 16:49:24: [slayafk.amxx] SWAGGIE. XD a primit slay, deoarece a fost afk mai mult de 30 secunde
L 03/22/2017 - 16:52:21: -------- Mapchange to deathrun_latexx --------
L 03/22/2017 - 16:52:22: [AMXX] Failed to open dictionary file: cstrike/addons/amxmodx/data/lang/walkguard.txt
L 03/22/2017 - 16:52:23: [walkguard.amxx] no zone-file found
L 03/22/2017 - 16:56:53: [admincmd.amxx] Cmd: "Dr.FioriGinal.Ro ~ Server Clasi<0><><>" slay "tiganu<1012><STEAM_0:0:187978272><>"
L 03/22/2017 - 16:57:04: [admincmd.amxx] Cmd: "Dr.FioriGinal.Ro ~ Server Clasi<0><><>" slay "Dede<1014><STEAM_0:0:77647261><>"
L 03/22/2017 - 16:57:05: [admincmd.amxx] Cmd: "Dr.FioriGinal.Ro ~ Server Clasi<0><><>" slay "Andreea.<1016><STEAM_0:1:101181073><>"
L 03/22/2017 - 16:57:53: [admin.amxx] Login: "SWAGGIE. XD<1017><VALVE_0:4:862961770><>" became an admin (account "SWAGGIE. XD") (access "bi") (address "109.98.131.207")
L 03/22/2017 - 16:58:18: [slayafk.amxx] abc. a primit slay, deoarece a fost afk mai mult de 30 secunde
L 03/22/2017 - 16:59:36: [admin.amxx] Login: "SWAGGIE. XD<1018><VALVE_0:4:862961770><>" became an admin (account "SWAGGIE. XD") (access "bi") (address "109.98.131.207")
L 03/22/2017 - 17:00:38: [slayafk.amxx] SWAGGIE. XD a primit slay, deoarece a fost afk mai mult de 30 secunde
L 03/22/2017 - 17:00:56: [admincmd.amxx] Cmd: "Dr.FioriGinal.Ro ~ Server Clasi<0><><>" slay "tiganu<1021><STEAM_0:0:187978272><>"
L 03/22/2017 - 17:00:57: [admincmd.amxx] Cmd: "Dr.FioriGinal.Ro ~ Server Clasi<0><><>" slay "Andreea.<1020><STEAM_0:1:101181073><>"
L 03/22/2017 - 17:01:00: [admincmd.amxx] Cmd: "Dr.FioriGinal.Ro ~ Server Clasi<0><><>" slay "Dede<1022><STEAM_0:0:77647261><>"
L 03/22/2017 - 17:06:48: [slayafk.amxx] SWAGGIE. XD a primit slay, deoarece a fost afk mai mult de 30 secunde
L 03/22/2017 - 17:13:12: [admincmd.amxx] Cmd: "Dr.FioriGinal.Ro ~ Server Clasi<0><><>" slay "Andreea.<1045><STEAM_0:1:101181073><>"
L 03/22/2017 - 17:13:22: [admincmd.amxx] Cmd: "Dr.FioriGinal.Ro ~ Server Clasi<0><><>" slay "tiganu<1046><STEAM_0:0:187978272><>"
L 03/22/2017 - 17:13:24: [admincmd.amxx] Cmd: "Dr.FioriGinal.Ro ~ Server Clasi<0><><>" slay "Andreea.<1047><STEAM_0:1:101181073><>"
L 03/22/2017 - 17:14:04: [admin.amxx] Login: "irregular<1048><STEAM_0:1:101181073><>" became an admin (account "Irregular") (access "bi") (address "79.119.237.113")
L 03/22/2017 - 17:14:26: [mapsmenu.amxx] Vote: "irregular<1048><STEAM_0:1:101181073><>" vote maps (map#1 "deathrun_massive") (map#2 "") (map#3 "") (map#4 "")
L 03/22/2017 - 17:14:38: [mapsmenu.amxx] Vote: Voting successful. Map will be changed to deathrun_massive
L 03/22/2017 - 17:14:53: [admincmd.amxx] Cmd: "Dr.FioriGinal.Ro ~ Server Clasi<0><><>" slay "Andreea.<1050><STEAM_0:1:101181073><>"
L 03/22/2017 - 17:17:30: [admincmd.amxx] Cmd: "Dr.FioriGinal.Ro ~ Server Clasi<0><><>" slay "Player<1054><STEAM_0:0:69535170><>"
L 03/22/2017 - 17:19:37: -------- Mapchange to deathrun_massive --------
L 03/22/2017 - 17:19:38: [AMXX] Failed to open dictionary file: cstrike/addons/amxmodx/data/lang/walkguard.txt
L 03/22/2017 - 17:19:39: [walkguard.amxx] no zone-file found
L 03/22/2017 - 17:19:39: [admin.amxx] Login: "SWAGGIE. XD<1018><VALVE_0:4:862961770><>" became an admin (account "SWAGGIE. XD") (access "bi") (address "109.98.131.207")
L 03/22/2017 - 17:25:36: [admincmd.amxx] Cmd: "Dr.FioriGinal.Ro ~ Server Clasi<0><><>" slay "Melkrom<1064><VALVE_0:4:287850875><>"
L 03/22/2017 - 17:27:58: [admin.amxx] Login: "cool<1065><STEAM_0:1:25922700><>" became an admin (account "cool") (access "bi") (address "5.14.99.188")
L 03/22/2017 - 17:31:24: [admincmd.amxx] Cmd: "Dr.FioriGinal.Ro ~ Server Clasi<0><><>" slay "Andreea.<1068><STEAM_0:1:101181073><>"
L 03/22/2017 - 17:42:53: [admincmd.amxx] Cmd: "Dr.FioriGinal.Ro ~ Server Clasi<0><><>" slay "tiganu<1074><STEAM_0:0:187978272><>"
L 03/22/2017 - 17:42:54: [admin.amxx] Login: "irregular<1068><STEAM_0:1:101181073><>" became an admin (account "Irregular") (access "bi") (address "79.119.237.113")
L 03/22/2017 - 17:43:59: [mapsmenu.amxx] Vote: "irregular<1068><STEAM_0:1:101181073><>" vote maps (map#1 "deathrun_4rooms_fg") (map#2 "") (map#3 "") (map#4 "")
L 03/22/2017 - 17:44:11: [mapsmenu.amxx] Vote: Voting successful. Map will be changed to deathrun_4rooms_fg
L 03/22/2017 - 17:44:16: [admincmd.amxx] Cmd: "Dr.FioriGinal.Ro ~ Server Clasi<0><><>" slay "tiganu<1075><STEAM_0:0:187978272><>"
L 03/22/2017 - 17:44:19: [admincmd.amxx] Cmd: "Dr.FioriGinal.Ro ~ Server Clasi<0><><>" slay "Dede<1076><STEAM_0:0:77647261><>"
L 03/22/2017 - 17:49:32: [admincmd.amxx] Cmd: "Dr.FioriGinal.Ro ~ Server Clasi<0><><>" slay "tiganu<1081><STEAM_0:0:187978272><>"
L 03/22/2017 - 17:53:13: [admincmd.amxx] Cmd: "Dr.FioriGinal.Ro ~ Server Clasi<0><><>" slay "tiganu<1083><STEAM_0:0:187978272><>"
L 03/22/2017 - 18:00:22: [admincmd.amxx] Cmd: "Dr.FioriGinal.Ro ~ Server Clasi<0><><>" slay "tiganu<1086><STEAM_0:0:187978272><>"
L 03/22/2017 - 18:01:43: [admin.amxx] Login: "SWAGGIE. XD<1087><VALVE_0:4:862961770><>" became an admin (account "SWAGGIE. XD") (access "bi") (address "109.98.131.207")
L 03/22/2017 - 18:04:06: [admin.amxx] Login: "cool<1090><STEAM_0:1:25922700><>" became an admin (account "cool") (access "bi") (address "5.14.99.188")
L 03/22/2017 - 18:10:53: -------- Mapchange to deathrun_4rooms_fg --------
L 03/22/2017 - 18:10:55: [AMXX] Failed to open dictionary file: cstrike/addons/amxmodx/data/lang/walkguard.txt
L 03/22/2017 - 18:10:56: [walkguard.amxx] no zone-file found
L 03/22/2017 - 18:10:56: [admin.amxx] Login: "cool<1090><STEAM_0:1:25922700><>" became an admin (account "cool") (access "bi") (address "5.14.99.188")
L 03/22/2017 - 18:10:57: [admin.amxx] Login: "SWAGGIE. XD<1087><VALVE_0:4:862961770><>" became an admin (account "SWAGGIE. XD") (access "bi") (address "109.98.131.207")
L 03/22/2017 - 18:10:58: [admin.amxx] Login: "cool<1094><STEAM_0:1:25922700><>" became an admin (account "cool") (access "bi") (address "5.14.99.188")
L 03/22/2017 - 18:23:06: [admin.amxx] Login: "SWAGGIE. XD<1108><VALVE_0:4:862961770><>" became an admin (account "SWAGGIE. XD") (access "bi") (address "109.98.131.207")
L 03/22/2017 - 18:26:10: [slayafk.amxx] cool a primit slay, deoarece a fost afk mai mult de 30 secunde
L 03/22/2017 - 18:26:23: [admin.amxx] Login: "KiddinG?<1109><STEAM_0:0:59376673><>" became an admin (account "KiddinG?") (access "bit") (address "79.113.92.103")
L 03/22/2017 - 18:26:27: [admin.amxx] Login: "KiddinG?<1110><STEAM_0:0:59376673><>" became an admin (account "KiddinG?") (access "bit") (address "79.113.92.103")
L 03/22/2017 - 18:34:39: [mapsmenu.amxx] Vote: "cool<1094><STEAM_0:1:25922700><>" vote maps (map#1 "deathrun_bhopz_v2") (map#2 "deathrun_anca") (map#3 "") (map#4 "")
L 03/22/2017 - 18:34:51: [mapsmenu.amxx] Vote: Voting successful. Map will be changed to deathrun_bhopz_v2
L 03/22/2017 - 18:36:27: -------- Mapchange to deathrun_bhopz_v2 --------
L 03/22/2017 - 18:36:29: [AMXX] Failed to open dictionary file: cstrike/addons/amxmodx/data/lang/walkguard.txt
L 03/22/2017 - 18:36:30: [walkguard.amxx] no zone-file found
L 03/22/2017 - 18:36:30: [admin.amxx] Login: "cool<1094><STEAM_0:1:25922700><>" became an admin (account "cool") (access "bi") (address "5.14.99.188")
L 03/22/2017 - 18:36:32: [admin.amxx] Login: "SWAGGIE. XD<1108><VALVE_0:4:862961770><>" became an admin (account "SWAGGIE. XD") (access "bi") (address "109.98.131.207")
L 03/22/2017 - 18:36:32: [admin.amxx] Login: "cool<1120><STEAM_0:1:25922700><>" became an admin (account "cool") (access "bi") (address "5.14.99.188")
L 03/22/2017 - 18:36:53: [admin.amxx] Login: "KiddinG?<1126><STEAM_0:0:59376673><>" became an admin (account "KiddinG?") (access "bit") (address "79.113.92.103")
L 03/22/2017 - 18:37:00: [admin.amxx] Login: "KiddinG?<1128><STEAM_0:0:59376673><>" became an admin (account "KiddinG?") (access "bit") (address "79.113.92.103")
L 03/22/2017 - 18:37:06: [admincmd.amxx] Cmd: "Dr.FioriGinal.Ro ~ Server Clasi<0><><>" slay "KiddinG?<1128><STEAM_0:0:59376673><>"
L 03/22/2017 - 18:37:08: [admincmd.amxx] Cmd: "Dr.FioriGinal.Ro ~ Server Clasi<0><><>" slay "MiB nu sunt in <strange><1127><STEAM_0:0:813078760><>"
L 03/22/2017 - 18:50:30: [slayafk.amxx] SWAGGIE. XD a primit slay, deoarece a fost afk mai mult de 30 secunde
L 03/22/2017 - 18:56:39: [mapsmenu.amxx] Vote: "SWAGGIE. XD<1108><VALVE_0:4:862961770><>" vote maps (map#1 "deathrun_raykium_xf") (map#2 "deathrun_jinglebells") (map#3 "") (map#4 "")
L 03/22/2017 - 18:56:51: [mapsmenu.amxx] Vote: Voting successful. Map will be changed to deathrun_raykium_xf
L 03/22/2017 - 18:57:40: [slayafk.amxx] SWAGGIE. XD a primit slay, deoarece a fost afk mai mult de 30 secunde
L 03/22/2017 - 19:01:41: [admincmd.amxx] Cmd: "Dr.FioriGinal.Ro ~ Server Clasi<0><><>" slay "tiganu<1141><STEAM_0:0:187978272><>"
L 03/22/2017 - 19:02:41: -------- Mapchange to deathrun_raykium_xf --------
L 03/22/2017 - 19:02:42: [AMXX] Failed to open dictionary file: cstrike/addons/amxmodx/data/lang/walkguard.txt
L 03/22/2017 - 19:02:43: [walkguard.amxx] no zone-file found
L 03/22/2017 - 19:02:43: [admin.amxx] Login: "SWAGGIE. XD<1108><VALVE_0:4:862961770><>" became an admin (account "SWAGGIE. XD") (access "bi") (address "109.98.131.207")
L 03/22/2017 - 19:09:10: [admin.amxx] Login: "FAKE ^^<1154><STEAM_0:0:272564954><>" became an admin (account "FAKE ^^") (access "bi") (address "95.76.1.202")
L 03/22/2017 - 19:18:34: [admincmd.amxx] Cmd: "Dr.FioriGinal.Ro ~ Server Clasi<0><><>" slay "CR^Cristina.<1169><VALVE_0:4:1053234036><>"
L 03/22/2017 - 19:20:28: [slayafk.amxx] SWAGGIE. XD a primit slay, deoarece a fost afk mai mult de 30 secunde
L 03/22/2017 - 19:21:07: [admincmd.amxx] Cmd: "Dr.FioriGinal.Ro ~ Server Clasi<0><><>" slay "tiganu<1172><STEAM_0:0:187978272><>"
L 03/22/2017 - 19:22:19: [mapsmenu.amxx] Vote: "SWAGGIE. XD<1108><VALVE_0:4:862961770><>" vote maps (map#1 "deathrun_pirates") (map#2 "deathrun_jinglebells") (map#3 "") (map#4 "")
L 03/22/2017 - 19:22:31: [mapsmenu.amxx] Vote: Voting successful. Map will be changed to deathrun_pirates
L 03/22/2017 - 19:27:57: [admin.amxx] Login: "cool<1180><STEAM_0:1:25922700><>" became an admin (account "cool") (access "bi") (address "5.14.99.188")
L 03/22/2017 - 19:28:00: [admin.amxx] Login: "cool<1181><STEAM_0:1:25922700><>" became an admin (account "cool") (access "bi") (address "5.14.99.188")
L 03/22/2017 - 19:28:18: -------- Mapchange to deathrun_pirates --------
L 03/22/2017 - 19:28:20: [AMXX] Failed to open dictionary file: cstrike/addons/amxmodx/data/lang/walkguard.txt
L 03/22/2017 - 19:28:21: [admin.amxx] Login: "FAKE ^^<1154><STEAM_0:0:272564954><>" became an admin (account "FAKE ^^") (access "bi") (address "95.76.1.202")
L 03/22/2017 - 19:28:21: [walkguard.amxx] no zone-file found
L 03/22/2017 - 19:28:21: [admin.amxx] Login: "SWAGGIE. XD<1108><VALVE_0:4:862961770><>" became an admin (account "SWAGGIE. XD") (access "bi") (address "109.98.131.207")
L 03/22/2017 - 19:28:21: [admin.amxx] Login: "cool<1181><STEAM_0:1:25922700><>" became an admin (account "cool") (access "bi") (address "5.14.99.188")
L 03/22/2017 - 19:28:22: [admin.amxx] Login: "SWAGGIE. XD<1182><VALVE_0:4:862961770><>" became an admin (account "SWAGGIE. XD") (access "bi") (address "109.98.131.207")
L 03/22/2017 - 19:28:23: [admin.amxx] Login: "cool<1185><STEAM_0:1:25922700><>" became an admin (account "cool") (access "bi") (address "5.14.99.188")
L 03/22/2017 - 19:28:23: [admin.amxx] Login: "FAKE ^^<1186><STEAM_0:0:272564954><>" became an admin (account "FAKE ^^") (access "bi") (address "95.76.1.202")
L 03/22/2017 - 19:46:25: [mapsmenu.amxx] Vote: "FAKE ^^<1186><STEAM_0:0:272564954><>" vote maps (map#1 "deathrun_clarion_dojo_b3") (map#2 "deathrun_baxter") (map#3 "") (map#4 "")
L 03/22/2017 - 19:46:37: [mapsmenu.amxx] Vote: Voting successful. Map will be changed to deathrun_clarion_dojo_b3
L 03/22/2017 - 19:54:24: -------- Mapchange to deathrun_clarion_dojo_b3 --------
L 03/22/2017 - 19:54:26: [AMXX] Failed to open dictionary file: cstrike/addons/amxmodx/data/lang/walkguard.txt
L 03/22/2017 - 19:54:27: [walkguard.amxx] no zone-file found
L 03/22/2017 - 19:54:27: [admin.amxx] Login: "FAKE ^^<1186><STEAM_0:0:272564954><>" became an admin (account "FAKE ^^") (access "bi") (address "95.76.1.202")
L 03/22/2017 - 19:54:27: [admin.amxx] Login: "cool<1185><STEAM_0:1:25922700><>" became an admin (account "cool") (access "bi") (address "5.14.99.188")
L 03/22/2017 - 19:57:01: [adminchat.amxx] Chat: "Skynox<1222><VALVE_0:4:327789686><>" chat "d"
L 03/22/2017 - 20:28:51: [admincmd.amxx] Cmd: "Dr.FioriGinal.Ro ~ Server Clasi<0><><>" slay "tiganu<1247><STEAM_0:0:187978272><>"
L 03/22/2017 - 20:30:36: [slayafk.amxx] Eduard. a primit slay, deoarece a fost afk mai mult de 30 secunde
L 03/22/2017 - 20:31:04: [admincmd.amxx] Cmd: "Dr.FioriGinal.Ro ~ Server Clasi<0><><>" slay "tiganu<1252><STEAM_0:0:187978272><>"
L 03/22/2017 - 20:31:20: [admincmd.amxx] Cmd: "Dr.FioriGinal.Ro ~ Server Clasi<0><><>" slay "tiganu<1253><STEAM_0:0:187978272><>"
L 03/22/2017 - 20:54:06: -------- Mapchange to deathrun_hell1337_final --------
L 03/22/2017 - 20:54:08: [AMXX] Failed to open dictionary file: cstrike/addons/amxmodx/data/lang/walkguard.txt
L 03/22/2017 - 20:54:09: [walkguard.amxx] no zone-file found
L 03/22/2017 - 21:02:44: [slayafk.amxx] MaxINFINIT a primit slay, deoarece a fost afk mai mult de 30 secunde
L 03/22/2017 - 21:06:04: [slayafk.amxx] MaxINFINIT a primit slay, deoarece a fost afk mai mult de 30 secunde
L 03/22/2017 - 21:27:44: [admin.amxx] Login: "Scooby1^ @like's that69<1284><VALVE_0:4:1597915882><>" became an admin (account "Scooby1^ @like's that69") (access "bi") (address "109.103.32.23")
L 03/22/2017 - 21:27:46: [admin.amxx] Login: "Scooby1^ @like's that69<1285><VALVE_0:4:1597915882><>" became an admin (account "Scooby1^ @like's that69") (access "bi") (address "109.103.32.23")
L 03/22/2017 - 21:42:49: -------- Mapchange to deathrun_winterfg_lux --------
L 03/22/2017 - 21:42:50: [AMXX] Failed to open dictionary file: cstrike/addons/amxmodx/data/lang/walkguard.txt
L 03/22/2017 - 21:42:51: [walkguard.amxx] no zone-file found
L 03/22/2017 - 21:42:51: [admin.amxx] Login: "Scooby1^ @like's that69<1285><VALVE_0:4:1597915882><>" became an admin (account "Scooby1^ @like's that69") (access "bi") (address "109.103.32.23")
L 03/22/2017 - 21:59:25: [admin.amxx] Login: "irregular<1303><STEAM_0:1:101181073><>" became an admin (account "Irregular") (access "bi") (address "79.119.237.113")
L 03/22/2017 - 21:59:27: [admin.amxx] Login: "-rTg|maEsTrOo<1318><STEAM_0:1:154430568><>" became an admin (account "-rTg|maEsTrOo") (access "bit") (address "109.96.111.96")
L 03/22/2017 - 22:06:10: [adminvote.amxx] Vote: "-rTg|maEsTrOo<1318><STEAM_0:1:154430568><>" vote maps (map#1 "deathrun_c00l_f") (map#2 "deathrun_bom3") (map#3 "") (map#4 "")
L 03/22/2017 - 22:06:22: [adminvote.amxx] Vote: Voting successful (got "4") (needed "2") (result "amx_nextmap deathrun_bom3")
L 03/22/2017 - 22:06:23: [adminvote.amxx] Vote: Result accepted
L 03/22/2017 - 22:11:55: [admincmd.amxx] Cmd: "-rTg|maEsTrOo<1318><STEAM_0:1:154430568><>" slay "A4You ;x<1326><VALVE_0:4:227953531><>"
L 03/22/2017 - 22:11:59: -------- Mapchange to deathrun_bom3 --------
L 03/22/2017 - 22:12:00: [AMXX] Failed to open dictionary file: cstrike/addons/amxmodx/data/lang/walkguard.txt
L 03/22/2017 - 22:12:01: [walkguard.amxx] no zone-file found
L 03/22/2017 - 22:12:01: [admin.amxx] Login: "-rTg|maEsTrOo<1318><STEAM_0:1:154430568><>" became an admin (account "-rTg|maEsTrOo") (access "bit") (address "109.96.111.96")
L 03/22/2017 - 22:12:20: -------- Mapchange to deathrun_forest --------
L 03/22/2017 - 22:12:27: [AMXX] Failed to open dictionary file: cstrike/addons/amxmodx/data/lang/walkguard.txt
L 03/22/2017 - 22:12:29: [admin.amxx] Login: "-rTg|maEsTrOo<2><STEAM_0:1:154430568><>" became an admin (account "-rTg|maEsTrOo") (access "bit") (address "109.96.111.96")
L 03/22/2017 - 22:12:30: [walkguard.amxx] no zone-file found
L 03/22/2017 - 22:12:39: Invalid multi-lingual line (file "cstrike/addons/amxmodx/data/lang/rom_protect.txt" key "// *ROM-Protect// Plugin OpenSource anti-IsFlooding/bug-fix pentru orice server." lang "")
L 03/22/2017 - 22:12:39: Invalid multi-lingual line (file "cstrike/addons/amxmodx/data/lang/rom_protect.txt" key "// Versiunea : 1.0.4s-dev. Bulid : 98. Data lansarii versiunii : 03.12.2016." lang "")
L 03/22/2017 - 22:12:39: Invalid multi-lingual line (file "cstrike/addons/amxmodx/data/lang/rom_protect.txt" key "// Autor : lüxor # Dr.Fio & DR2.IND (+ eNd.) - SteamID (contact) : luxxxoor" lang "")
L 03/22/2017 - 22:12:39: Invalid multi-lingual line (file "cstrike/addons/amxmodx/data/lang/rom_protect.txt" key "// O productie FioriGinal.ro - site : www.fioriginal.ro" lang "")
L 03/22/2017 - 22:12:39: Invalid multi-lingual line (file "cstrike/addons/amxmodx/data/lang/rom_protect.txt" key "// Link forum de dezvoltare : http://forum.fioriginal.ro/amxmodx-plugins-pluginuri/rom-protect-anti-flood-bug-fix-t28292.html" lang "")
L 03/22/2017 - 22:12:39: Invalid multi-lingual line (file "cstrike/addons/amxmodx/data/lang/rom_protect.txt" key "// Link sursa : https://github.com/luxxxoor/ROM-Protect" lang "")
L 03/22/2017 - 22:12:39: Invalid multi-lingual line (file "cstrike/addons/amxmodx/data/lang/rom_protect.txt" key "// Colori : ^1 - Culoarea aleasa de jucator cu con_color." lang "")
L 03/22/2017 - 22:12:39: Invalid multi-lingual line (file "cstrike/addons/amxmodx/data/lang/rom_protect.txt" key "//          ^3 - Culoare gri." lang "")
L 03/22/2017 - 22:12:39: Invalid multi-lingual line (file "cstrike/addons/amxmodx/data/lang/rom_protect.txt" key "//          ^4 - Culoare verde." lang "")
L 03/22/2017 - 22:13:05: [admincmd.amxx] Cmd: "Dr.FioriGinal.Ro ~ Server Clasi<0><><>" slay "Hi Im Kr3nc1ka<15><VALVE_0:4:1360026482><>"
L 03/22/2017 - 22:14:04: [slayafk.amxx] Alex. a primit slay, deoarece a fost afk mai mult de 30 secunde
L 03/22/2017 - 22:21:47: [telemenu.amxx] Cmd: "-rTg|maEsTrOo<2><STEAM_0:1:154430568><>" teleport "sunt gay<13><VALVE_0:4:1415924091><>"
L 03/22/2017 - 22:26:20: [telemenu.amxx] Cmd: "-rTg|maEsTrOo<2><STEAM_0:1:154430568><>" teleport "Alex.<14><STEAM_0:1:101181073><>"
L 03/22/2017 - 22:34:17: [admin.amxx] Login: "irregular<14><STEAM_0:1:101181073><>" became an admin (account "Irregular") (access "bi") (address "79.119.237.113")
L 03/22/2017 - 22:34:31: [mapsmenu.amxx] Vote: "irregular<14><STEAM_0:1:101181073><>" vote maps (map#1 "deathrun_gohard_final") (map#2 "") (map#3 "") (map#4 "")
L 03/22/2017 - 22:34:43: [mapsmenu.amxx] Vote: Voting successful. Map will be changed to deathrun_gohard_final
L 03/22/2017 - 22:38:11: -------- Mapchange to deathrun_gohard_final --------
L 03/22/2017 - 22:38:12: [AMXX] Failed to open dictionary file: cstrike/addons/amxmodx/data/lang/walkguard.txt
L 03/22/2017 - 22:38:13: [walkguard.amxx] no zone-file found
L 03/22/2017 - 22:45:08: [admin.amxx] Login: "SWAGGIE. XD<39><VALVE_0:4:862961770><>" became an admin (account "SWAGGIE. XD") (access "bi") (address "109.98.131.207")
L 03/22/2017 - 22:45:09: [admin.amxx] Login: "SWAGGIE. XD<40><VALVE_0:4:862961770><>" became an admin (account "SWAGGIE. XD") (access "bi") (address "109.98.131.207")
L 03/22/2017 - 22:46:13: [slayafk.amxx] SWAGGIE. XD a primit slay, deoarece a fost afk mai mult de 30 secunde
L 03/22/2017 - 22:50:22: [slayafk.amxx] SWAGGIE. XD a primit slay, deoarece a fost afk mai mult de 30 secunde
L 03/22/2017 - 22:59:37: [mapsmenu.amxx] Vote: "SWAGGIE. XD<40><VALVE_0:4:862961770><>" vote maps (map#1 "deathrun_raykium_xf") (map#2 "deathrun_jinglebells") (map#3 "") (map#4 "")
L 03/22/2017 - 22:59:49: [mapsmenu.amxx] Vote: Voting successful. Map will be changed to deathrun_raykium_xf
L 03/22/2017 - 23:07:59: -------- Mapchange to deathrun_raykium_xf --------
L 03/22/2017 - 23:08:00: [AMXX] Failed to open dictionary file: cstrike/addons/amxmodx/data/lang/walkguard.txt
L 03/22/2017 - 23:08:01: [walkguard.amxx] no zone-file found
L 03/22/2017 - 23:08:01: [admin.amxx] Login: "SWAGGIE. XD<40><VALVE_0:4:862961770><>" became an admin (account "SWAGGIE. XD") (access "bi") (address "109.98.131.207")
L 03/22/2017 - 23:12:06: [admin.amxx] Login: "default.<50><VALVE_0:4:1361991539><>" became an admin (account "default.") (access "bi") (address "95.76.0.11")
L 03/22/2017 - 23:12:09: [admin.amxx] Login: "default.<51><VALVE_0:4:1361991539><>" became an admin (account "default.") (access "bi") (address "95.76.0.11")
L 03/22/2017 - 23:23:25: [admincmd.amxx] Cmd: "Dr.FioriGinal.Ro ~ Server Clasi<0><><>" slay "tiganu<52><STEAM_0:0:187978272><>"
L 03/22/2017 - 23:31:11: [admin.amxx] Login: "default.<56><VALVE_0:4:1361991539><>" became an admin (account "default.") (access "bi") (address "95.76.0.11")
L 03/22/2017 - 23:33:16: [admincmd.amxx] Cmd: "Dr.FioriGinal.Ro ~ Server Clasi<0><><>" slay "Alex.<60><STEAM_0:1:101181073><>"
L 03/22/2017 - 23:35:32: [mapsmenu.amxx] Vote: "SWAGGIE. XD<40><VALVE_0:4:862961770><>" vote maps (map#1 "deathrun_y_underground") (map#2 "deathrun_discovery3") (map#3 "") (map#4 "")
L 03/22/2017 - 23:35:44: [mapsmenu.amxx] Vote: Voting successful. Map will be changed to deathrun_y_underground
L 03/22/2017 - 23:35:46: -------- Mapchange to deathrun_pacman_v2 --------
L 03/22/2017 - 23:35:47: [AMXX] Failed to open dictionary file: cstrike/addons/amxmodx/data/lang/walkguard.txt
L 03/22/2017 - 23:35:48: [walkguard.amxx] no zone-file found
L 03/22/2017 - 23:35:48: [admin.amxx] Login: "SWAGGIE. XD<40><VALVE_0:4:862961770><>" became an admin (account "SWAGGIE. XD") (access "bi") (address "109.98.131.207")
L 03/22/2017 - 23:36:33: [admincmd.amxx] Cmd: "Dr.FioriGinal.Ro ~ Server Clasi<0><><>" slay "Alex.<64><STEAM_0:1:101181073><>"
L 03/22/2017 - 23:36:35: [admincmd.amxx] Cmd: "Dr.FioriGinal.Ro ~ Server Clasi<0><><>" slay "tiganu<65><STEAM_0:0:187978272><>"
L 03/22/2017 - 23:38:40: [admincmd.amxx] Cmd: "Dr.FioriGinal.Ro ~ Server Clasi<0><><>" slay "tiganu<66><STEAM_0:0:187978272><>"
L 03/22/2017 - 23:38:44: [admincmd.amxx] Cmd: "Dr.FioriGinal.Ro ~ Server Clasi<0><><>" slay "Alex.<67><STEAM_0:1:101181073><>"
L 03/22/2017 - 23:41:08: [admincmd.amxx] Cmd: "Dr.FioriGinal.Ro ~ Server Clasi<0><><>" slay "Alex.<68><STEAM_0:1:101181073><>"
L 03/22/2017 - 23:41:09: [admincmd.amxx] Cmd: "Dr.FioriGinal.Ro ~ Server Clasi<0><><>" slay "tiganu<69><STEAM_0:0:187978272><>"
L 03/22/2017 - 23:44:27: [admincmd.amxx] Cmd: "Dr.FioriGinal.Ro ~ Server Clasi<0><><>" slay "Alex.<70><STEAM_0:1:101181073><>"
L 03/22/2017 - 23:44:29: [admincmd.amxx] Cmd: "Dr.FioriGinal.Ro ~ Server Clasi<0><><>" slay "tiganu<71><STEAM_0:0:187978272><>"
L 03/22/2017 - 23:47:24: [admincmd.amxx] Cmd: "Dr.FioriGinal.Ro ~ Server Clasi<0><><>" slay "tiganu<72><STEAM_0:0:187978272><>"
L 03/22/2017 - 23:49:32: [slayafk.amxx] SWAGGIE. XD a primit slay, deoarece a fost afk mai mult de 30 secunde
L 03/22/2017 - 23:49:38: [admincmd.amxx] Cmd: "Dr.FioriGinal.Ro ~ Server Clasi<0><><>" slay "Alex.<75><STEAM_0:1:101181073><>"
L 03/22/2017 - 23:49:40: [admincmd.amxx] Cmd: "Dr.FioriGinal.Ro ~ Server Clasi<0><><>" slay "tiganu<76><STEAM_0:0:187978272><>"
L 03/22/2017 - 23:50:42: [admincmd.amxx] Cmd: "Dr.FioriGinal.Ro ~ Server Clasi<0><><>" slay "tiganu<81><STEAM_0:0:187978272><>"
L 03/22/2017 - 23:50:44: [admincmd.amxx] Cmd: "Dr.FioriGinal.Ro ~ Server Clasi<0><><>" slay "Alex.<82><STEAM_0:1:101181073><>"
L 03/22/2017 - 23:52:04: [admincmd.amxx] Cmd: "Dr.FioriGinal.Ro ~ Server Clasi<0><><>" slay "Alex.<84><STEAM_0:1:101181073><>"
L 03/22/2017 - 23:52:06: [admincmd.amxx] Cmd: "Dr.FioriGinal.Ro ~ Server Clasi<0><><>" slay "tiganu<85><STEAM_0:0:187978272><>"
L 03/22/2017 - 23:52:42: [admincmd.amxx] Cmd: "Dr.FioriGinal.Ro ~ Server Clasi<0><><>" slay "tiganu<88><STEAM_0:0:187978272><>"
L 03/22/2017 - 23:52:44: [admincmd.amxx] Cmd: "Dr.FioriGinal.Ro ~ Server Clasi<0><><>" slay "Alex.<89><STEAM_0:1:101181073><>"
L 03/22/2017 - 23:53:41: [admincmd.amxx] Cmd: "Dr.FioriGinal.Ro ~ Server Clasi<0><><>" slay "Alex.<91><STEAM_0:1:101181073><>"
L 03/22/2017 - 23:53:41: [admincmd.amxx] Cmd: "Dr.FioriGinal.Ro ~ Server Clasi<0><><>" slay "tiganu<92><STEAM_0:0:187978272><>"
L 03/22/2017 - 23:53:42: [slayafk.amxx] SWAGGIE. XD a primit slay, deoarece a fost afk mai mult de 30 secunde
L 03/22/2017 - 23:53:50: [admincmd.amxx] Cmd: "Dr.FioriGinal.Ro ~ Server Clasi<0><><>" slay "tiganu<93><STEAM_0:0:187978272><>"
L 03/22/2017 - 23:54:22: [admincmd.amxx] Cmd: "Dr.FioriGinal.Ro ~ Server Clasi<0><><>" slay "tiganu<95><STEAM_0:0:187978272><>"
L 03/22/2017 - 23:54:24: [admincmd.amxx] Cmd: "Dr.FioriGinal.Ro ~ Server Clasi<0><><>" slay "Alex.<96><STEAM_0:1:101181073><>"
