L 06/14/2017 - 00:24:03: -------- Mapchange to deathrun_stronghold_beta1 --------
L 06/14/2017 - 00:24:05: [AMXX] Failed to open dictionary file: cstrike/addons/amxmodx/data/lang/walkguard.txt
L 06/14/2017 - 00:24:06: [walkguard.amxx] no zone-file found
L 06/14/2017 - 00:25:37: [admincmd.amxx] Cmd: "Dr.FioriGinal.Ro ~ Server Clasi<0><><>" slay "Bong<390><VALVE_0:4:1404885618><>"
L 06/14/2017 - 00:31:11: [admincmd.amxx] Cmd: "Dr.FioriGinal.Ro ~ Server Clasi<0><><>" slay "Bong<392><VALVE_0:4:1404885618><>"
L 06/14/2017 - 02:00:17: -------- Mapchange to deathrun_aztecan_beta1 --------
L 06/14/2017 - 02:00:18: [AMXX] Failed to open dictionary file: cstrike/addons/amxmodx/data/lang/walkguard.txt
L 06/14/2017 - 02:00:19: [walkguard.amxx] no zone-file found
L 06/14/2017 - 03:19:03: -------- Mapchange to deathrun_pyramid --------
L 06/14/2017 - 03:19:04: [AMXX] Failed to open dictionary file: cstrike/addons/amxmodx/data/lang/walkguard.txt
L 06/14/2017 - 03:19:05: [walkguard.amxx] no zone-file found
L 06/14/2017 - 05:25:28: -------- Mapchange to deathrun_standup --------
L 06/14/2017 - 05:25:29: [AMXX] Failed to open dictionary file: cstrike/addons/amxmodx/data/lang/walkguard.txt
L 06/14/2017 - 05:25:30: [walkguard.amxx] no zone-file found
L 06/14/2017 - 08:39:38: -------- Mapchange to deathrun_sentinel --------
L 06/14/2017 - 08:39:48: -------- Mapchange to deathrun_forest --------
L 06/14/2017 - 08:39:56: [AMXX] Failed to open dictionary file: cstrike/addons/amxmodx/data/lang/walkguard.txt
L 06/14/2017 - 08:39:58: [walkguard.amxx] no zone-file found
L 06/14/2017 - 08:40:07: Invalid multi-lingual line (file "cstrike/addons/amxmodx/data/lang/rom_protect.txt" key "// *ROM-Protect// Plugin OpenSource anti-IsFlooding/bug-fix pentru orice server." lang "")
L 06/14/2017 - 08:40:07: Invalid multi-lingual line (file "cstrike/addons/amxmodx/data/lang/rom_protect.txt" key "// Versiunea : 1.0.4s-dev. Bulid : 98. Data lansarii versiunii : 03.12.2016." lang "")
L 06/14/2017 - 08:40:07: Invalid multi-lingual line (file "cstrike/addons/amxmodx/data/lang/rom_protect.txt" key "// Autor : lüxor # Dr.Fio & DR2.IND (+ eNd.) - SteamID (contact) : luxxxoor" lang "")
L 06/14/2017 - 08:40:07: Invalid multi-lingual line (file "cstrike/addons/amxmodx/data/lang/rom_protect.txt" key "// O productie FioriGinal.ro - site : www.fioriginal.ro" lang "")
L 06/14/2017 - 08:40:07: Invalid multi-lingual line (file "cstrike/addons/amxmodx/data/lang/rom_protect.txt" key "// Link forum de dezvoltare : http://forum.fioriginal.ro/amxmodx-plugins-pluginuri/rom-protect-anti-flood-bug-fix-t28292.html" lang "")
L 06/14/2017 - 08:40:07: Invalid multi-lingual line (file "cstrike/addons/amxmodx/data/lang/rom_protect.txt" key "// Link sursa : https://github.com/luxxxoor/ROM-Protect" lang "")
L 06/14/2017 - 08:40:07: Invalid multi-lingual line (file "cstrike/addons/amxmodx/data/lang/rom_protect.txt" key "// Colori : ^1 - Culoarea aleasa de jucator cu con_color." lang "")
L 06/14/2017 - 08:40:07: Invalid multi-lingual line (file "cstrike/addons/amxmodx/data/lang/rom_protect.txt" key "//          ^3 - Culoare gri." lang "")
L 06/14/2017 - 08:40:07: Invalid multi-lingual line (file "cstrike/addons/amxmodx/data/lang/rom_protect.txt" key "//          ^4 - Culoare verde." lang "")
L 06/14/2017 - 09:11:56: -------- Mapchange to deathrun_jinglebells --------
L 06/14/2017 - 09:11:57: [AMXX] Failed to open dictionary file: cstrike/addons/amxmodx/data/lang/walkguard.txt
L 06/14/2017 - 09:11:58: [walkguard.amxx] no zone-file found
L 06/14/2017 - 09:49:14: -------- Mapchange to deathrun_long_run --------
L 06/14/2017 - 09:49:15: [AMXX] Failed to open dictionary file: cstrike/addons/amxmodx/data/lang/walkguard.txt
L 06/14/2017 - 09:49:16: [walkguard.amxx] no zone-file found
L 06/14/2017 - 09:55:16: [admincmd.amxx] Cmd: "Dr.FioriGinal.Ro ~ Server Clasi<0><><>" slay "[OFF] - KillShot [;x]<23><STEAM_0:0:149865307><>"
L 06/14/2017 - 10:33:24: -------- Mapchange to deathrun_virtualstrike --------
L 06/14/2017 - 10:33:25: [AMXX] Failed to open dictionary file: cstrike/addons/amxmodx/data/lang/walkguard.txt
L 06/14/2017 - 10:33:26: [walkguard.amxx] no zone-file found
L 06/14/2017 - 11:02:11: -------- Mapchange to deathrun_nightrun_beta3 --------
L 06/14/2017 - 11:02:13: [AMXX] Failed to open dictionary file: cstrike/addons/amxmodx/data/lang/walkguard.txt
L 06/14/2017 - 11:02:14: [walkguard.amxx] no zone-file found
L 06/14/2017 - 11:05:28: [admincmd.amxx] Cmd: "Dr.FioriGinal.Ro ~ Server Clasi<0><><>" slay "RauL<40><STEAM_0:0:1466162642><>"
L 06/14/2017 - 11:51:54: -------- Mapchange to deathrun_0mega --------
L 06/14/2017 - 11:51:56: [AMXX] Failed to open dictionary file: cstrike/addons/amxmodx/data/lang/walkguard.txt
L 06/14/2017 - 11:51:57: [walkguard.amxx] no zone-file found
L 06/14/2017 - 12:40:11: -------- Mapchange to deathrun_discovery3 --------
L 06/14/2017 - 12:40:13: [AMXX] Failed to open dictionary file: cstrike/addons/amxmodx/data/lang/walkguard.txt
L 06/14/2017 - 12:40:13: [walkguard.amxx] no zone-file found
L 06/14/2017 - 13:14:02: -------- Mapchange to deathrun_adi_blurez --------
L 06/14/2017 - 13:14:03: [AMXX] Failed to open dictionary file: cstrike/addons/amxmodx/data/lang/walkguard.txt
L 06/14/2017 - 13:14:04: [walkguard.amxx] no zone-file found
L 06/14/2017 - 13:54:34: -------- Mapchange to deathrun_2h_estonia --------
L 06/14/2017 - 13:54:36: [AMXX] Failed to open dictionary file: cstrike/addons/amxmodx/data/lang/walkguard.txt
L 06/14/2017 - 13:54:37: [walkguard.amxx] no zone-file found
L 06/14/2017 - 14:25:03: -------- Mapchange to deathrun_y_underground --------
L 06/14/2017 - 14:25:04: [AMXX] Failed to open dictionary file: cstrike/addons/amxmodx/data/lang/walkguard.txt
L 06/14/2017 - 14:25:05: [walkguard.amxx] no zone-file found
L 06/14/2017 - 14:47:20: [admin.amxx] Login: "anca<104><STEAM_0:0:58514266><>" became an admin (account "anca") (access "bit") (address "109.103.126.196")
L 06/14/2017 - 14:48:23: [admin.amxx] Login: "-rTg|maEsTrOo<105><STEAM_0:1:154430568><>" became an admin (account "-rTg|maEsTrOo") (access "bit") (address "109.96.99.228")
L 06/14/2017 - 14:49:04: [admin.amxx] Login: "-rTg|maEsTrOo<106><STEAM_0:1:154430568><>" became an admin (account "-rTg|maEsTrOo") (access "bit") (address "109.96.99.228")
L 06/14/2017 - 14:53:59: [slayafk.amxx] -rTg|maEsTrOo a primit slay, deoarece a fost afk mai mult de 30 secunde
L 06/14/2017 - 14:58:34: [slayafk.amxx] -rTg|maEsTrOo a primit slay, deoarece a fost afk mai mult de 30 secunde
L 06/14/2017 - 15:01:34: [slayafk.amxx] -rTg|maEsTrOo a primit slay, deoarece a fost afk mai mult de 30 secunde
L 06/14/2017 - 15:03:29: [slayafk.amxx] -rTg|maEsTrOo a primit slay, deoarece a fost afk mai mult de 30 secunde
L 06/14/2017 - 15:05:24: [slayafk.amxx] -rTg|maEsTrOo a primit slay, deoarece a fost afk mai mult de 30 secunde
L 06/14/2017 - 15:05:59: [admin.amxx] Login: "SWAGGIE. XD<109><STEAM_0:1:120414993><>" kicked due to invalid password (account "SWAGGIE. XD") (address "109.98.131.207")
L 06/14/2017 - 15:06:14: [admin.amxx] Login: "SWAGGIE. XD<110><STEAM_0:1:120414993><>" became an admin (account "SWAGGIE. XD") (access "b") (address "109.98.131.207")
L 06/14/2017 - 15:07:19: [slayafk.amxx] -rTg|maEsTrOo a primit slay, deoarece a fost afk mai mult de 30 secunde
L 06/14/2017 - 15:08:24: [slayafk.amxx] -rTg|maEsTrOo a primit slay, deoarece a fost afk mai mult de 30 secunde
L 06/14/2017 - 15:10:39: [slayafk.amxx] -rTg|maEsTrOo a primit slay, deoarece a fost afk mai mult de 30 secunde
L 06/14/2017 - 15:11:09: [admincmd.amxx] Cmd: "SWAGGIE. XD<110><STEAM_0:1:120414993><>" changelevel "deathrun_anca"
L 06/14/2017 - 15:11:11: -------- Mapchange to deathrun_anca --------
L 06/14/2017 - 15:11:12: [AMXX] Failed to open dictionary file: cstrike/addons/amxmodx/data/lang/walkguard.txt
L 06/14/2017 - 15:11:13: [walkguard.amxx] no zone-file found
L 06/14/2017 - 15:11:14: [admin.amxx] Login: "-rTg|maEsTrOo<106><STEAM_0:1:154430568><>" became an admin (account "-rTg|maEsTrOo") (access "bit") (address "109.96.99.228")
L 06/14/2017 - 15:11:14: [admin.amxx] Login: "anca<104><STEAM_0:0:58514266><>" became an admin (account "anca") (access "bit") (address "109.103.126.196")
L 06/14/2017 - 15:11:14: [admin.amxx] Login: "SWAGGIE. XD<110><STEAM_0:1:120414993><>" became an admin (account "SWAGGIE. XD") (access "b") (address "109.98.131.207")
L 06/14/2017 - 15:11:14: [admin.amxx] Login: "-rTg|maEsTrOo<115><STEAM_0:1:154430568><>" became an admin (account "-rTg|maEsTrOo") (access "bit") (address "109.96.99.228")
L 06/14/2017 - 15:11:15: [admin.amxx] Login: "SWAGGIE. XD<116><STEAM_0:1:120414993><>" became an admin (account "SWAGGIE. XD") (access "b") (address "109.98.131.207")
L 06/14/2017 - 15:51:12: -------- Mapchange to deathrun_rizzy_x --------
L 06/14/2017 - 15:51:14: [AMXX] Failed to open dictionary file: cstrike/addons/amxmodx/data/lang/walkguard.txt
L 06/14/2017 - 15:51:15: [walkguard.amxx] no zone-file found
L 06/14/2017 - 16:15:29: [admincmd.amxx] Cmd: "Dr.FioriGinal.Ro ~ Server Clasi<0><><>" slay "adam_a8<144><STEAM_0:0:1043011619><>"
L 06/14/2017 - 16:51:04: -------- Mapchange to deathrun_ghosts --------
L 06/14/2017 - 16:51:05: [AMXX] Failed to open dictionary file: cstrike/addons/amxmodx/data/lang/walkguard.txt
L 06/14/2017 - 16:51:06: [walkguard.amxx] no zone-file found
L 06/14/2017 - 17:07:16: [slayafk.amxx] Mc Paranoia a primit slay, deoarece a fost afk mai mult de 30 secunde
L 06/14/2017 - 17:19:34: -------- Mapchange to deathrun_sk_occult --------
L 06/14/2017 - 17:19:36: [AMXX] Failed to open dictionary file: cstrike/addons/amxmodx/data/lang/walkguard.txt
L 06/14/2017 - 17:19:37: [walkguard.amxx] no zone-file found
L 06/14/2017 - 17:23:51: [slayafk.amxx] [mr] isam ghaith a primit slay, deoarece a fost afk mai mult de 30 secunde
L 06/14/2017 - 17:53:24: -------- Mapchange to deathrun_jigsaw2 --------
L 06/14/2017 - 17:53:25: [AMXX] Failed to open dictionary file: cstrike/addons/amxmodx/data/lang/walkguard.txt
L 06/14/2017 - 17:53:27: [walkguard.amxx] no zone-file found
L 06/14/2017 - 18:18:42: -------- Mapchange to deathrun_christmas --------
L 06/14/2017 - 18:18:44: [AMXX] Failed to open dictionary file: cstrike/addons/amxmodx/data/lang/walkguard.txt
L 06/14/2017 - 18:18:45: [walkguard.amxx] no zone-file found
L 06/14/2017 - 18:36:32: [admincmd.amxx] Cmd: "Dr.FioriGinal.Ro ~ Server Clasi<0><><>" slay "Gustavimowichi<197><VALVE_0:4:857483635><>"
L 06/14/2017 - 19:13:30: -------- Mapchange to deathrun_jinglebells2 --------
L 06/14/2017 - 19:13:32: [AMXX] Failed to open dictionary file: cstrike/addons/amxmodx/data/lang/walkguard.txt
L 06/14/2017 - 19:13:33: [walkguard.amxx] no zone-file found
L 06/14/2017 - 20:02:11: -------- Mapchange to deathrun_gb_winter_final4 --------
L 06/14/2017 - 20:02:12: [AMXX] Failed to open dictionary file: cstrike/addons/amxmodx/data/lang/walkguard.txt
L 06/14/2017 - 20:02:13: [walkguard.amxx] no zone-file found
L 06/14/2017 - 20:03:53: [slayafk.amxx] [{RPG}]Tyk a primit slay, deoarece a fost afk mai mult de 30 secunde
L 06/14/2017 - 20:54:02: -------- Mapchange to deathrun_expres-winter --------
L 06/14/2017 - 20:54:04: [AMXX] Failed to open dictionary file: cstrike/addons/amxmodx/data/lang/walkguard.txt
L 06/14/2017 - 20:54:05: [walkguard.amxx] no zone-file found
L 06/14/2017 - 21:13:46: [admincmd.amxx] Cmd: "Dr.FioriGinal.Ro ~ Server Clasi<0><><>" slay "lemon #4RUN<242><STEAM_0:1:156969001><>"
L 06/14/2017 - 21:19:23: [admincmd.amxx] Cmd: "Dr.FioriGinal.Ro ~ Server Clasi<0><><>" slay "NVIDIA E6 Player<248><VALVE_0:4:261899242><>"
L 06/14/2017 - 21:21:29: [slayafk.amxx] ultras^ a primit slay, deoarece a fost afk mai mult de 30 secunde
L 06/14/2017 - 21:21:53: [admincmd.amxx] Cmd: "Dr.FioriGinal.Ro ~ Server Clasi<0><><>" slay "Lou1s.<253><VALVE_0:4:1996507771><>"
L 06/14/2017 - 21:29:59: [admincmd.amxx] Cmd: "Dr.FioriGinal.Ro ~ Server Clasi<0><><>" slay "fear.<262><STEAM_0:0:1803854523><>"
L 06/14/2017 - 21:57:59: -------- Mapchange to deathrun_alleywinter --------
L 06/14/2017 - 21:58:01: [AMXX] Failed to open dictionary file: cstrike/addons/amxmodx/data/lang/walkguard.txt
L 06/14/2017 - 21:58:02: [walkguard.amxx] no zone-file found
L 06/14/2017 - 22:33:22: -------- Mapchange to deathrun_trenal_lux --------
L 06/14/2017 - 22:33:24: [AMXX] Failed to open dictionary file: cstrike/addons/amxmodx/data/lang/walkguard.txt
L 06/14/2017 - 22:33:25: [walkguard.amxx] no zone-file found
L 06/14/2017 - 22:57:39: [slayafk.amxx] [mr] isam ghaith a primit slay, deoarece a fost afk mai mult de 30 secunde
L 06/14/2017 - 23:01:57: -------- Mapchange to deathrun_greyskull --------
L 06/14/2017 - 23:01:59: [AMXX] Failed to open dictionary file: cstrike/addons/amxmodx/data/lang/walkguard.txt
L 06/14/2017 - 23:02:00: [walkguard.amxx] no zone-file found
L 06/14/2017 - 23:15:52: [admincmd.amxx] Cmd: "Dr.FioriGinal.Ro ~ Server Clasi<0><><>" slay "RAULL<295><VALVE_0:4:1901512955><>"
