L 06/21/2017 - 00:33:50: -------- Mapchange to deathrun_rizzy_x --------
L 06/21/2017 - 00:33:51: [AMXX] Failed to open dictionary file: cstrike/addons/amxmodx/data/lang/walkguard.txt
L 06/21/2017 - 00:33:52: [walkguard.amxx] no zone-file found
L 06/21/2017 - 01:07:32: -------- Mapchange to deathrun_ghosts --------
L 06/21/2017 - 01:07:33: [AMXX] Failed to open dictionary file: cstrike/addons/amxmodx/data/lang/walkguard.txt
L 06/21/2017 - 01:07:34: [walkguard.amxx] no zone-file found
L 06/21/2017 - 01:36:59: [admin.amxx] Login: "SWAGGIE. XD<224><STEAM_0:1:120414993><>" kicked due to invalid password (account "SWAGGIE. XD") (address "109.98.131.207")
L 06/21/2017 - 01:37:17: [admin.amxx] Login: "SWAGGIE. XD<225><STEAM_0:1:120414993><>" became an admin (account "SWAGGIE. XD") (access "b") (address "109.98.131.207")
L 06/21/2017 - 01:37:41: -------- Mapchange to deathrun_sk_occult --------
L 06/21/2017 - 01:37:43: [AMXX] Failed to open dictionary file: cstrike/addons/amxmodx/data/lang/walkguard.txt
L 06/21/2017 - 01:37:44: [admin.amxx] Login: "SWAGGIE. XD<225><STEAM_0:1:120414993><>" became an admin (account "SWAGGIE. XD") (access "b") (address "109.98.131.207")
L 06/21/2017 - 01:37:44: [walkguard.amxx] no zone-file found
L 06/21/2017 - 04:40:19: -------- Mapchange to deathrun_jigsaw2 --------
L 06/21/2017 - 04:40:21: [AMXX] Failed to open dictionary file: cstrike/addons/amxmodx/data/lang/walkguard.txt
L 06/21/2017 - 04:40:22: [walkguard.amxx] no zone-file found
L 06/21/2017 - 09:17:12: [admin.amxx] Login: "Stifler<245><STEAM_0:1:22458368><>" became an admin (account "Stifler") (access "b") (address "31.5.145.190")
L 06/21/2017 - 09:17:19: [admin.amxx] Login: "Stifler<246><STEAM_0:1:22458368><>" became an admin (account "Stifler") (access "b") (address "31.5.145.190")
L 06/21/2017 - 09:18:11: -------- Mapchange to deathrun_christmas --------
L 06/21/2017 - 09:18:12: [AMXX] Failed to open dictionary file: cstrike/addons/amxmodx/data/lang/walkguard.txt
L 06/21/2017 - 09:18:13: [admin.amxx] Login: "Stifler<246><STEAM_0:1:22458368><>" became an admin (account "Stifler") (access "b") (address "31.5.145.190")
L 06/21/2017 - 09:18:13: [walkguard.amxx] no zone-file found
L 06/21/2017 - 09:47:29: -------- Mapchange to deathrun_jinglebells2 --------
L 06/21/2017 - 09:47:31: [AMXX] Failed to open dictionary file: cstrike/addons/amxmodx/data/lang/walkguard.txt
L 06/21/2017 - 09:47:32: [walkguard.amxx] no zone-file found
L 06/21/2017 - 09:52:54: [admincmd.amxx] Cmd: "Dr.FioriGinal.Ro ~ Server Clasi<0><><>" slay "GeantFusee<257><STEAM_0:0:684702832><>"
L 06/21/2017 - 09:56:41: [slayafk.amxx] GeantFusee a primit slay, deoarece a fost afk mai mult de 30 secunde
L 06/21/2017 - 09:57:21: [slayafk.amxx] GeantFusee a primit slay, deoarece a fost afk mai mult de 30 secunde
L 06/21/2017 - 09:58:01: [slayafk.amxx] GeantFusee a primit slay, deoarece a fost afk mai mult de 30 secunde
L 06/21/2017 - 09:58:41: [slayafk.amxx] GeantFusee a primit slay, deoarece a fost afk mai mult de 30 secunde
L 06/21/2017 - 09:59:21: [slayafk.amxx] GeantFusee a primit slay, deoarece a fost afk mai mult de 30 secunde
L 06/21/2017 - 10:00:01: [slayafk.amxx] GeantFusee a primit slay, deoarece a fost afk mai mult de 30 secunde
L 06/21/2017 - 10:00:41: [slayafk.amxx] GeantFusee a primit slay, deoarece a fost afk mai mult de 30 secunde
L 06/21/2017 - 10:01:21: [slayafk.amxx] GeantFusee a primit slay, deoarece a fost afk mai mult de 30 secunde
L 06/21/2017 - 10:02:01: [slayafk.amxx] GeantFusee a primit slay, deoarece a fost afk mai mult de 30 secunde
L 06/21/2017 - 10:02:41: [slayafk.amxx] GeantFusee a primit slay, deoarece a fost afk mai mult de 30 secunde
L 06/21/2017 - 10:03:21: [slayafk.amxx] GeantFusee a primit slay, deoarece a fost afk mai mult de 30 secunde
L 06/21/2017 - 10:04:01: [slayafk.amxx] GeantFusee a primit slay, deoarece a fost afk mai mult de 30 secunde
L 06/21/2017 - 10:04:41: [slayafk.amxx] GeantFusee a primit slay, deoarece a fost afk mai mult de 30 secunde
L 06/21/2017 - 10:05:21: [slayafk.amxx] GeantFusee a primit slay, deoarece a fost afk mai mult de 30 secunde
L 06/21/2017 - 10:13:05: -------- Mapchange to deathrun_gb_winter_final4 --------
L 06/21/2017 - 10:13:07: [AMXX] Failed to open dictionary file: cstrike/addons/amxmodx/data/lang/walkguard.txt
L 06/21/2017 - 10:13:08: [walkguard.amxx] no zone-file found
L 06/21/2017 - 10:23:01: [admincmd.amxx] Cmd: "Dr.FioriGinal.Ro ~ Server Clasi<0><><>" slay "GeantFusee<267><STEAM_0:0:684702832><>"
L 06/21/2017 - 10:26:32: [slayafk.amxx] GeantFusee a primit slay, deoarece a fost afk mai mult de 30 secunde
L 06/21/2017 - 10:44:58: -------- Mapchange to deathrun_expres-winter --------
L 06/21/2017 - 10:45:00: [AMXX] Failed to open dictionary file: cstrike/addons/amxmodx/data/lang/walkguard.txt
L 06/21/2017 - 10:45:01: [walkguard.amxx] no zone-file found
L 06/21/2017 - 10:52:02: [admincmd.amxx] Cmd: "Dr.FioriGinal.Ro ~ Server Clasi<0><><>" slay "[mr] isam ghaith<275><STEAM_0:0:997819823><>"
L 06/21/2017 - 11:28:55: -------- Mapchange to deathrun_alleywinter --------
L 06/21/2017 - 11:28:56: [AMXX] Failed to open dictionary file: cstrike/addons/amxmodx/data/lang/walkguard.txt
L 06/21/2017 - 11:28:57: [walkguard.amxx] no zone-file found
L 06/21/2017 - 11:41:57: [slayafk.amxx] GeantFusee a primit slay, deoarece a fost afk mai mult de 30 secunde
L 06/21/2017 - 11:42:37: [slayafk.amxx] GeantFusee a primit slay, deoarece a fost afk mai mult de 30 secunde
L 06/21/2017 - 11:43:17: [slayafk.amxx] GeantFusee a primit slay, deoarece a fost afk mai mult de 30 secunde
L 06/21/2017 - 11:43:57: [slayafk.amxx] GeantFusee a primit slay, deoarece a fost afk mai mult de 30 secunde
L 06/21/2017 - 11:44:37: [slayafk.amxx] GeantFusee a primit slay, deoarece a fost afk mai mult de 30 secunde
L 06/21/2017 - 12:10:54: -------- Mapchange to deathrun_trenal_lux --------
L 06/21/2017 - 12:10:55: [AMXX] Failed to open dictionary file: cstrike/addons/amxmodx/data/lang/walkguard.txt
L 06/21/2017 - 12:10:56: [walkguard.amxx] no zone-file found
L 06/21/2017 - 12:13:08: [admincmd.amxx] Cmd: "Dr.FioriGinal.Ro ~ Server Clasi<0><><>" slay "GeantFusee<308><STEAM_0:0:684702832><>"
L 06/21/2017 - 12:20:30: [admincmd.amxx] Cmd: "Dr.FioriGinal.Ro ~ Server Clasi<0><><>" slay "GeantFusee<310><STEAM_0:0:684702832><>"
L 06/21/2017 - 12:20:48: [admincmd.amxx] Cmd: "Dr.FioriGinal.Ro ~ Server Clasi<0><><>" slay "GeantFusee<312><STEAM_0:0:684702832><>"
L 06/21/2017 - 12:30:21: [admin.amxx] Login: "Stifler<316><STEAM_0:1:22458368><>" became an admin (account "Stifler") (access "b") (address "31.5.145.190")
L 06/21/2017 - 12:30:23: [admin.amxx] Login: "Stifler<317><STEAM_0:1:22458368><>" became an admin (account "Stifler") (access "b") (address "31.5.145.190")
L 06/21/2017 - 12:30:57: [admincmd.amxx] Cmd: "Dr.FioriGinal.Ro ~ Server Clasi<0><><>" slay "Kix<318><STEAM_0:0:445837271><>"
L 06/21/2017 - 12:32:52: [admin.amxx] Login: "Stifler<317><STEAM_0:1:22458368><>" became an admin (account "Stifler") (access "b") (address "31.5.145.190")
L 06/21/2017 - 12:32:58: [admincmd.amxx] Cmd: "Dr.FioriGinal.Ro ~ Server Clasi<0><><>" slay "Stifler<317><STEAM_0:1:22458368><>"
L 06/21/2017 - 12:33:00: [admincmd.amxx] Cmd: "Dr.FioriGinal.Ro ~ Server Clasi<0><><>" slay "Kix<320><STEAM_0:0:445837271><>"
L 06/21/2017 - 12:33:02: [admincmd.amxx] Cmd: "Dr.FioriGinal.Ro ~ Server Clasi<0><><>" slay "GeantFusee<319><STEAM_0:0:684702832><>"
L 06/21/2017 - 12:38:54: [admincmd.amxx] Cmd: "Dr.FioriGinal.Ro ~ Server Clasi<0><><>" slay "Kix<322><STEAM_0:0:445837271><>"
L 06/21/2017 - 12:40:01: [admincmd.amxx] Cmd: "Dr.FioriGinal.Ro ~ Server Clasi<0><><>" slay "GeantFusee<323><STEAM_0:0:684702832><>"
L 06/21/2017 - 12:40:17: [admincmd.amxx] Cmd: "Dr.FioriGinal.Ro ~ Server Clasi<0><><>" slay "GeantFusee<324><STEAM_0:0:684702832><>"
L 06/21/2017 - 12:42:27: [admincmd.amxx] Cmd: "Dr.FioriGinal.Ro ~ Server Clasi<0><><>" slay "InfinitiRo*[]sidewalks^<328><VALVE_0:4:1693437303><>"
L 06/21/2017 - 12:42:29: [admincmd.amxx] Cmd: "Dr.FioriGinal.Ro ~ Server Clasi<0><><>" slay "GeantFusee<327><STEAM_0:0:684702832><>"
L 06/21/2017 - 12:43:57: [admincmd.amxx] Cmd: "Dr.FioriGinal.Ro ~ Server Clasi<0><><>" slay "GeantFusee<329><STEAM_0:0:684702832><>"
L 06/21/2017 - 12:43:59: [admincmd.amxx] Cmd: "Dr.FioriGinal.Ro ~ Server Clasi<0><><>" slay "InfinitiRo*[]sidewalks^<330><VALVE_0:4:1693437303><>"
L 06/21/2017 - 12:48:12: [admincmd.amxx] Cmd: "Dr.FioriGinal.Ro ~ Server Clasi<0><><>" slay "GeantFusee<333><STEAM_0:0:684702832><>"
L 06/21/2017 - 12:49:34: [admincmd.amxx] Cmd: "Dr.FioriGinal.Ro ~ Server Clasi<0><><>" slay "GeantFusee<337><STEAM_0:0:684702832><>"
L 06/21/2017 - 13:18:38: -------- Mapchange to deathrun_greyskull --------
L 06/21/2017 - 13:18:39: [AMXX] Failed to open dictionary file: cstrike/addons/amxmodx/data/lang/walkguard.txt
L 06/21/2017 - 13:18:41: [walkguard.amxx] no zone-file found
L 06/21/2017 - 13:47:26: -------- Mapchange to deathrun_stronghold_beta1 --------
L 06/21/2017 - 13:47:28: [AMXX] Failed to open dictionary file: cstrike/addons/amxmodx/data/lang/walkguard.txt
L 06/21/2017 - 13:47:29: [walkguard.amxx] no zone-file found
L 06/21/2017 - 14:17:06: [admincmd.amxx] Cmd: "Dr.FioriGinal.Ro ~ Server Clasi<0><><>" slay "where.is.your.daddy?<372><STEAM_0:0:187978272><>"
L 06/21/2017 - 14:22:52: [admincmd.amxx] Cmd: "Dr.FioriGinal.Ro ~ Server Clasi<0><><>" slay "Hitsouka<376><STEAM_0:0:1095217314><>"
L 06/21/2017 - 14:24:23: [admin.amxx] Login: "-rTg|maEsTrOo<379><STEAM_0:1:154430568><>" became an admin (account "-rTg|maEsTrOo") (access "bit") (address "89.123.107.42")
L 06/21/2017 - 14:25:05: [admin.amxx] Login: "anca<381><STEAM_0:0:58514266><>" became an admin (account "anca") (access "bit") (address "109.103.126.196")
L 06/21/2017 - 14:25:12: [admincmd.amxx] Cmd: "Dr.FioriGinal.Ro ~ Server Clasi<0><><>" slay "anca<381><STEAM_0:0:58514266><>"
L 06/21/2017 - 14:46:10: [admincmd.amxx] Cmd: "-rTg|maEsTrOo<379><STEAM_0:1:154430568><>" changelevel "deathrun_cliff"
L 06/21/2017 - 14:46:12: -------- Mapchange to deathrun_cliff --------
L 06/21/2017 - 14:46:14: [AMXX] Failed to open dictionary file: cstrike/addons/amxmodx/data/lang/walkguard.txt
L 06/21/2017 - 14:46:15: [walkguard.amxx] no zone-file found
L 06/21/2017 - 14:46:15: [admin.amxx] Login: "anca<381><STEAM_0:0:58514266><>" became an admin (account "anca") (access "bit") (address "109.103.126.196")
L 06/21/2017 - 14:46:15: [admin.amxx] Login: "-rTg|maEsTrOo<379><STEAM_0:1:154430568><>" became an admin (account "-rTg|maEsTrOo") (access "bit") (address "89.123.107.42")
L 06/21/2017 - 15:12:01: [admin.amxx] Login: "wKn<393><STEAM_0:0:196614190><>" became an admin (account "wKn") (access "bit") (address "92.85.77.245")
L 06/21/2017 - 15:12:09: -------- Mapchange to deathrun_pyramid --------
L 06/21/2017 - 15:12:10: [AMXX] Failed to open dictionary file: cstrike/addons/amxmodx/data/lang/walkguard.txt
L 06/21/2017 - 15:12:11: [walkguard.amxx] no zone-file found
L 06/21/2017 - 15:12:11: [admin.amxx] Login: "wKn<393><STEAM_0:0:196614190><>" became an admin (account "wKn") (access "bit") (address "92.85.77.245")
L 06/21/2017 - 15:12:11: [admin.amxx] Login: "anca<381><STEAM_0:0:58514266><>" became an admin (account "anca") (access "bit") (address "109.103.126.196")
L 06/21/2017 - 15:12:11: [admin.amxx] Login: "-rTg|maEsTrOo<379><STEAM_0:1:154430568><>" became an admin (account "-rTg|maEsTrOo") (access "bit") (address "89.123.107.42")
L 06/21/2017 - 15:12:12: [admin.amxx] Login: "wKn<394><STEAM_0:0:196614190><>" became an admin (account "wKn") (access "bit") (address "92.85.77.245")
L 06/21/2017 - 15:12:18: [admin.amxx] Login: "wKn<395><STEAM_0:0:196614190><>" became an admin (account "wKn") (access "bit") (address "92.85.77.245")
L 06/21/2017 - 15:12:34: [admin.amxx] Login: "wKn<399><STEAM_0:0:196614190><>" became an admin (account "wKn") (access "bit") (address "92.85.77.245")
L 06/21/2017 - 16:10:24: [admin.amxx] Login: "SWAGGIE. XD<431><STEAM_0:1:120414993><>" became an admin (account "SWAGGIE. XD") (access "b") (address "109.98.131.207")
L 06/21/2017 - 16:14:31: [slayafk.amxx] COBRA a primit slay, deoarece a fost afk mai mult de 30 secunde
L 06/21/2017 - 16:14:59: [admin.amxx] Login: "anca<432><STEAM_0:0:58514266><>" became an admin (account "anca") (access "bit") (address "109.103.126.196")
L 06/21/2017 - 16:17:30: -------- Mapchange to deathrun_standup --------
L 06/21/2017 - 16:17:31: [AMXX] Failed to open dictionary file: cstrike/addons/amxmodx/data/lang/walkguard.txt
L 06/21/2017 - 16:17:33: [walkguard.amxx] no zone-file found
L 06/21/2017 - 16:17:33: [admin.amxx] Login: "-rTg|maEsTrOo<379><STEAM_0:1:154430568><>" became an admin (account "-rTg|maEsTrOo") (access "bit") (address "89.123.107.42")
L 06/21/2017 - 16:17:37: [admin.amxx] Login: "anca<437><STEAM_0:0:58514266><>" became an admin (account "anca") (access "bit") (address "109.103.126.196")
L 06/21/2017 - 16:29:00: [admincmd.amxx] Cmd: "anca<437><STEAM_0:0:58514266><>" changelevel "deathrun_surf"
L 06/21/2017 - 16:29:02: -------- Mapchange to deathrun_surf --------
L 06/21/2017 - 16:29:04: [AMXX] Failed to open dictionary file: cstrike/addons/amxmodx/data/lang/walkguard.txt
L 06/21/2017 - 16:29:05: [admin.amxx] Login: "-rTg|maEsTrOo<379><STEAM_0:1:154430568><>" became an admin (account "-rTg|maEsTrOo") (access "bit") (address "89.123.107.42")
L 06/21/2017 - 16:29:05: [walkguard.amxx] no zone-file found
L 06/21/2017 - 16:29:05: [admin.amxx] Login: "anca<437><STEAM_0:0:58514266><>" became an admin (account "anca") (access "bit") (address "109.103.126.196")
L 06/21/2017 - 16:29:07: [admin.amxx] Login: "anca<442><STEAM_0:0:58514266><>" became an admin (account "anca") (access "bit") (address "109.103.126.196")
L 06/21/2017 - 16:54:49: -------- Mapchange to deathrun_hardsurf_v2 --------
L 06/21/2017 - 16:54:50: [AMXX] Failed to open dictionary file: cstrike/addons/amxmodx/data/lang/walkguard.txt
L 06/21/2017 - 16:54:51: [walkguard.amxx] no zone-file found
L 06/21/2017 - 17:21:10: -------- Mapchange to deathrun_skyzzar --------
L 06/21/2017 - 17:21:12: [AMXX] Failed to open dictionary file: cstrike/addons/amxmodx/data/lang/walkguard.txt
L 06/21/2017 - 17:21:13: [walkguard.amxx] no zone-file found
L 06/21/2017 - 17:26:47: [slayafk.amxx] Iliu(x)a a primit slay, deoarece a fost afk mai mult de 30 secunde
L 06/21/2017 - 17:27:52: [slayafk.amxx] Iliu(x)a a primit slay, deoarece a fost afk mai mult de 30 secunde
L 06/21/2017 - 17:30:52: [slayafk.amxx] Iliu(x)a a primit slay, deoarece a fost afk mai mult de 30 secunde
L 06/21/2017 - 17:32:02: [slayafk.amxx] Iliu(x)a a primit slay, deoarece a fost afk mai mult de 30 secunde
L 06/21/2017 - 17:35:37: [slayafk.amxx] Iliu(x)a a primit slay, deoarece a fost afk mai mult de 30 secunde
L 06/21/2017 - 17:40:17: [slayafk.amxx] Iliu(x)a a primit slay, deoarece a fost afk mai mult de 30 secunde
L 06/21/2017 - 17:44:27: [slayafk.amxx] Iliu(x)a a primit slay, deoarece a fost afk mai mult de 30 secunde
L 06/21/2017 - 17:46:39: -------- Mapchange to deathrun_glasslight_medium_fix --------
L 06/21/2017 - 17:46:41: [AMXX] Failed to open dictionary file: cstrike/addons/amxmodx/data/lang/walkguard.txt
L 06/21/2017 - 17:46:42: [walkguard.amxx] no zone-file found
L 06/21/2017 - 18:12:27: -------- Mapchange to deathrun_crash_future --------
L 06/21/2017 - 18:12:38: -------- Mapchange to deathrun_forest --------
L 06/21/2017 - 18:12:46: [AMXX] Failed to open dictionary file: cstrike/addons/amxmodx/data/lang/walkguard.txt
L 06/21/2017 - 18:12:49: [walkguard.amxx] no zone-file found
L 06/21/2017 - 18:12:58: Invalid multi-lingual line (file "cstrike/addons/amxmodx/data/lang/rom_protect.txt" key "// *ROM-Protect// Plugin OpenSource anti-IsFlooding/bug-fix pentru orice server." lang "")
L 06/21/2017 - 18:12:58: Invalid multi-lingual line (file "cstrike/addons/amxmodx/data/lang/rom_protect.txt" key "// Versiunea : 1.0.4s-dev. Bulid : 98. Data lansarii versiunii : 03.12.2016." lang "")
L 06/21/2017 - 18:12:58: Invalid multi-lingual line (file "cstrike/addons/amxmodx/data/lang/rom_protect.txt" key "// Autor : lüxor # Dr.Fio & DR2.IND (+ eNd.) - SteamID (contact) : luxxxoor" lang "")
L 06/21/2017 - 18:12:58: Invalid multi-lingual line (file "cstrike/addons/amxmodx/data/lang/rom_protect.txt" key "// O productie FioriGinal.ro - site : www.fioriginal.ro" lang "")
L 06/21/2017 - 18:12:58: Invalid multi-lingual line (file "cstrike/addons/amxmodx/data/lang/rom_protect.txt" key "// Link forum de dezvoltare : http://forum.fioriginal.ro/amxmodx-plugins-pluginuri/rom-protect-anti-flood-bug-fix-t28292.html" lang "")
L 06/21/2017 - 18:12:58: Invalid multi-lingual line (file "cstrike/addons/amxmodx/data/lang/rom_protect.txt" key "// Link sursa : https://github.com/luxxxoor/ROM-Protect" lang "")
L 06/21/2017 - 18:12:58: Invalid multi-lingual line (file "cstrike/addons/amxmodx/data/lang/rom_protect.txt" key "// Colori : ^1 - Culoarea aleasa de jucator cu con_color." lang "")
L 06/21/2017 - 18:12:58: Invalid multi-lingual line (file "cstrike/addons/amxmodx/data/lang/rom_protect.txt" key "//          ^3 - Culoare gri." lang "")
L 06/21/2017 - 18:12:58: Invalid multi-lingual line (file "cstrike/addons/amxmodx/data/lang/rom_protect.txt" key "//          ^4 - Culoare verde." lang "")
L 06/21/2017 - 18:45:02: -------- Mapchange to deathrun_jinglebells --------
L 06/21/2017 - 18:45:04: [AMXX] Failed to open dictionary file: cstrike/addons/amxmodx/data/lang/walkguard.txt
L 06/21/2017 - 18:45:05: [walkguard.amxx] no zone-file found
L 06/21/2017 - 18:48:20: [slayafk.amxx] Kix a primit slay, deoarece a fost afk mai mult de 30 secunde
L 06/21/2017 - 19:01:05: [slayafk.amxx] GeantFusee a primit slay, deoarece a fost afk mai mult de 30 secunde
L 06/21/2017 - 19:02:50: [slayafk.amxx] GeantFusee a primit slay, deoarece a fost afk mai mult de 30 secunde
L 06/21/2017 - 19:05:15: [slayafk.amxx] GeantFusee a primit slay, deoarece a fost afk mai mult de 30 secunde
L 06/21/2017 - 19:06:30: [slayafk.amxx] GeantFusee a primit slay, deoarece a fost afk mai mult de 30 secunde
L 06/21/2017 - 19:08:40: [slayafk.amxx] GeantFusee a primit slay, deoarece a fost afk mai mult de 30 secunde
L 06/21/2017 - 19:10:30: [slayafk.amxx] GeantFusee a primit slay, deoarece a fost afk mai mult de 30 secunde
L 06/21/2017 - 19:11:06: -------- Mapchange to deathrun_long_run --------
L 06/21/2017 - 19:11:07: [AMXX] Failed to open dictionary file: cstrike/addons/amxmodx/data/lang/walkguard.txt
L 06/21/2017 - 19:11:08: [walkguard.amxx] no zone-file found
L 06/21/2017 - 19:13:23: [slayafk.amxx] GeantFusee a primit slay, deoarece a fost afk mai mult de 30 secunde
L 06/21/2017 - 19:14:08: [slayafk.amxx] GeantFusee a primit slay, deoarece a fost afk mai mult de 30 secunde
L 06/21/2017 - 19:15:08: [slayafk.amxx] GeantFusee a primit slay, deoarece a fost afk mai mult de 30 secunde
L 06/21/2017 - 19:27:03: [slayafk.amxx] GeantFusee a primit slay, deoarece a fost afk mai mult de 30 secunde
L 06/21/2017 - 19:27:38: [slayafk.amxx] GeantFusee a primit slay, deoarece a fost afk mai mult de 30 secunde
L 06/21/2017 - 19:28:53: [slayafk.amxx] GeantFusee a primit slay, deoarece a fost afk mai mult de 30 secunde
L 06/21/2017 - 19:29:38: [slayafk.amxx] GeantFusee a primit slay, deoarece a fost afk mai mult de 30 secunde
L 06/21/2017 - 19:30:28: [slayafk.amxx] GeantFusee a primit slay, deoarece a fost afk mai mult de 30 secunde
L 06/21/2017 - 19:31:33: [slayafk.amxx] GeantFusee a primit slay, deoarece a fost afk mai mult de 30 secunde
L 06/21/2017 - 19:32:18: [slayafk.amxx] GeantFusee a primit slay, deoarece a fost afk mai mult de 30 secunde
L 06/21/2017 - 19:33:08: [slayafk.amxx] GeantFusee a primit slay, deoarece a fost afk mai mult de 30 secunde
L 06/21/2017 - 19:34:28: [slayafk.amxx] GeantFusee a primit slay, deoarece a fost afk mai mult de 30 secunde
L 06/21/2017 - 19:35:13: [slayafk.amxx] GeantFusee a primit slay, deoarece a fost afk mai mult de 30 secunde
L 06/21/2017 - 19:39:33: [slayafk.amxx] GeantFusee a primit slay, deoarece a fost afk mai mult de 30 secunde
L 06/21/2017 - 19:44:37: [adminchat.amxx] Chat: "AnduXIK<57><STEAM_0:1:40514827><>" chat "@"
L 06/21/2017 - 19:44:42: [adminchat.amxx] Chat: "AnduXIK<57><STEAM_0:1:40514827><>" chat "ups"
L 06/21/2017 - 19:49:55: [admincmd.amxx] Cmd: "Dr.FioriGinal.Ro ~ Server Clasi<0><><>" slay "Iliu(x)a<67><STEAM_0:0:554774404><>"
L 06/21/2017 - 19:51:01: -------- Mapchange to deathrun_virtualstrike --------
L 06/21/2017 - 19:51:03: [AMXX] Failed to open dictionary file: cstrike/addons/amxmodx/data/lang/walkguard.txt
L 06/21/2017 - 19:51:04: [walkguard.amxx] no zone-file found
L 06/21/2017 - 20:01:56: [admincmd.amxx] Cmd: "Dr.FioriGinal.Ro ~ Server Clasi<0><><>" slay "nVidia E9 Gamer<88><VALVE_0:4:309307882><>"
L 06/21/2017 - 20:10:53: [slayafk.amxx] nVidia E9 Gamer a primit slay, deoarece a fost afk mai mult de 30 secunde
L 06/21/2017 - 20:12:58: [slayafk.amxx] nVidia E9 Gamer a primit slay, deoarece a fost afk mai mult de 30 secunde
L 06/21/2017 - 20:15:13: [slayafk.amxx] nVidia E9 Gamer a primit slay, deoarece a fost afk mai mult de 30 secunde
L 06/21/2017 - 20:16:28: [slayafk.amxx] nVidia E9 Gamer a primit slay, deoarece a fost afk mai mult de 30 secunde
L 06/21/2017 - 20:18:03: [slayafk.amxx] nVidia E9 Gamer a primit slay, deoarece a fost afk mai mult de 30 secunde
L 06/21/2017 - 20:19:08: [slayafk.amxx] nVidia E9 Gamer a primit slay, deoarece a fost afk mai mult de 30 secunde
L 06/21/2017 - 20:19:43: [slayafk.amxx] AnduXIK a primit slay, deoarece a fost afk mai mult de 30 secunde
L 06/21/2017 - 20:22:23: [slayafk.amxx] nVidia E9 Gamer a primit slay, deoarece a fost afk mai mult de 30 secunde
L 06/21/2017 - 20:24:13: [slayafk.amxx] nVidia E9 Gamer a primit slay, deoarece a fost afk mai mult de 30 secunde
L 06/21/2017 - 20:32:33: [slayafk.amxx] nVidia E9 Gamer a primit slay, deoarece a fost afk mai mult de 30 secunde
L 06/21/2017 - 20:33:13: [slayafk.amxx] [mr] isam ghaith a primit slay, deoarece a fost afk mai mult de 30 secunde
L 06/21/2017 - 20:33:43: [slayafk.amxx] nVidia E9 Gamer a primit slay, deoarece a fost afk mai mult de 30 secunde
L 06/21/2017 - 20:35:43: [slayafk.amxx] nVidia E9 Gamer a primit slay, deoarece a fost afk mai mult de 30 secunde
L 06/21/2017 - 20:37:28: [slayafk.amxx] nVidia E9 Gamer a primit slay, deoarece a fost afk mai mult de 30 secunde
L 06/21/2017 - 20:38:08: [slayafk.amxx] nVidia E9 Gamer a primit slay, deoarece a fost afk mai mult de 30 secunde
L 06/21/2017 - 20:39:03: [slayafk.amxx] nVidia E9 Gamer a primit slay, deoarece a fost afk mai mult de 30 secunde
L 06/21/2017 - 20:40:58: [slayafk.amxx] nVidia E9 Gamer a primit slay, deoarece a fost afk mai mult de 30 secunde
L 06/21/2017 - 20:42:08: [slayafk.amxx] nVidia E9 Gamer a primit slay, deoarece a fost afk mai mult de 30 secunde
L 06/21/2017 - 20:43:43: [slayafk.amxx] nVidia E9 Gamer a primit slay, deoarece a fost afk mai mult de 30 secunde
L 06/21/2017 - 20:46:33: [slayafk.amxx] nVidia E9 Gamer a primit slay, deoarece a fost afk mai mult de 30 secunde
L 06/21/2017 - 20:50:48: [slayafk.amxx] nVidia E9 Gamer a primit slay, deoarece a fost afk mai mult de 30 secunde
L 06/21/2017 - 20:53:13: [slayafk.amxx] nVidia E9 Gamer a primit slay, deoarece a fost afk mai mult de 30 secunde
L 06/21/2017 - 21:07:46: -------- Mapchange to deathrun_nightrun_beta3 --------
L 06/21/2017 - 21:07:48: [AMXX] Failed to open dictionary file: cstrike/addons/amxmodx/data/lang/walkguard.txt
L 06/21/2017 - 21:07:49: [walkguard.amxx] no zone-file found
L 06/21/2017 - 21:08:35: [admincmd.amxx] Cmd: "Dr.FioriGinal.Ro ~ Server Clasi<0><><>" slay "9or<119><VALVE_0:4:7053930><>"
L 06/21/2017 - 21:45:27: -------- Mapchange to deathrun_0mega --------
L 06/21/2017 - 21:45:28: [AMXX] Failed to open dictionary file: cstrike/addons/amxmodx/data/lang/walkguard.txt
L 06/21/2017 - 21:45:29: [walkguard.amxx] no zone-file found
L 06/21/2017 - 21:46:24: [slayafk.amxx] nVidia E9 Gamer a primit slay, deoarece a fost afk mai mult de 30 secunde
L 06/21/2017 - 21:48:04: [slayafk.amxx] nVidia E9 Gamer a primit slay, deoarece a fost afk mai mult de 30 secunde
L 06/21/2017 - 21:50:19: [slayafk.amxx] nVidia E9 Gamer a primit slay, deoarece a fost afk mai mult de 30 secunde
L 06/21/2017 - 21:52:59: [slayafk.amxx] nVidia E9 Gamer a primit slay, deoarece a fost afk mai mult de 30 secunde
L 06/21/2017 - 21:53:44: [slayafk.amxx] nVidia E9 Gamer a primit slay, deoarece a fost afk mai mult de 30 secunde
L 06/21/2017 - 21:55:24: [slayafk.amxx] nVidia E9 Gamer a primit slay, deoarece a fost afk mai mult de 30 secunde
L 06/21/2017 - 21:56:49: [slayafk.amxx] Roxy a primit slay, deoarece a fost afk mai mult de 30 secunde
L 06/21/2017 - 21:59:19: [slayafk.amxx] nVidia E9 Gamer a primit slay, deoarece a fost afk mai mult de 30 secunde
L 06/21/2017 - 21:59:54: [slayafk.amxx] nVidia E9 Gamer a primit slay, deoarece a fost afk mai mult de 30 secunde
L 06/21/2017 - 22:02:38: [admincmd.amxx] Cmd: "Dr.FioriGinal.Ro ~ Server Clasi<0><><>" slay "Crina<142><VALVE_0:4:1634200950><>"
L 06/21/2017 - 22:12:23: [admincmd.amxx] Cmd: "Dr.FioriGinal.Ro ~ Server Clasi<0><><>" slay "nVidia E9 Gamer<143><VALVE_0:4:309307882><>"
L 06/21/2017 - 22:32:53: [admin.amxx] Login: "FAKE ^^<147><STEAM_0:0:272564954><>" became an admin (account "FAKE ^^") (access "bit") (address "95.76.2.168")
L 06/21/2017 - 22:33:41: [admincmd.amxx] Cmd: "Dr.FioriGinal.Ro ~ Server Clasi<0><><>" slay "GS G-Star 3001 RAW<148><STEAM_0:0:1125805092><>"
L 06/21/2017 - 22:34:44: [admincmd.amxx] Cmd: "Dr.FioriGinal.Ro ~ Server Clasi<0><><>" slay "GS G-Star 3001 RAW<150><STEAM_0:0:1125805092><>"
L 06/21/2017 - 22:37:06: [admincmd.amxx] Cmd: "Dr.FioriGinal.Ro ~ Server Clasi<0><><>" slay "GS G-Star 3001 RAW<151><STEAM_0:0:1125805092><>"
L 06/21/2017 - 22:37:09: -------- Mapchange to deathrun_discovery3 --------
L 06/21/2017 - 22:37:11: [AMXX] Failed to open dictionary file: cstrike/addons/amxmodx/data/lang/walkguard.txt
L 06/21/2017 - 22:37:12: [walkguard.amxx] no zone-file found
L 06/21/2017 - 22:37:22: [revive2.amxx] Error on query: Access denied for user 'vuser575'@'89.40.104.11' (using password: YES)
L 06/21/2017 - 22:37:22: [revive2.amxx] FailState == TQUERY_CONNECT_FAILED, Could not connect to SQL database.
L 06/21/2017 - 22:37:41: [admincmd.amxx] Cmd: "Dr.FioriGinal.Ro ~ Server Clasi<0><><>" slay "GS G-Star 3001 RAW<159><STEAM_0:0:1125805092><>"
L 06/21/2017 - 22:38:18: [admincmd.amxx] Cmd: "Dr.FioriGinal.Ro ~ Server Clasi<0><><>" slay "GS G-Star 3001 RAW<161><STEAM_0:0:1125805092><>"
L 06/21/2017 - 23:51:45: -------- Mapchange to deathrun_adi_blurez --------
L 06/21/2017 - 23:51:47: [AMXX] Failed to open dictionary file: cstrike/addons/amxmodx/data/lang/walkguard.txt
L 06/21/2017 - 23:51:48: [walkguard.amxx] no zone-file found
