L 07/03/2017 - 11:16:58: -------- Mapchange to deathrun_forest --------
L 07/03/2017 - 11:17:05: [AMXX] Failed to open dictionary file: cstrike/addons/amxmodx/data/lang/walkguard.txt
L 07/03/2017 - 11:17:07: [walkguard.amxx] no zone-file found
L 07/03/2017 - 11:17:16: Invalid multi-lingual line (file "cstrike/addons/amxmodx/data/lang/rom_protect.txt" key "// *ROM-Protect// Plugin OpenSource anti-IsFlooding/bug-fix pentru orice server." lang "")
L 07/03/2017 - 11:17:16: Invalid multi-lingual line (file "cstrike/addons/amxmodx/data/lang/rom_protect.txt" key "// Versiunea : 1.0.4s-dev. Bulid : 98. Data lansarii versiunii : 03.12.2016." lang "")
L 07/03/2017 - 11:17:16: Invalid multi-lingual line (file "cstrike/addons/amxmodx/data/lang/rom_protect.txt" key "// Autor : lüxor # Dr.Fio & DR2.IND (+ eNd.) - SteamID (contact) : luxxxoor" lang "")
L 07/03/2017 - 11:17:16: Invalid multi-lingual line (file "cstrike/addons/amxmodx/data/lang/rom_protect.txt" key "// O productie FioriGinal.ro - site : www.fioriginal.ro" lang "")
L 07/03/2017 - 11:17:16: Invalid multi-lingual line (file "cstrike/addons/amxmodx/data/lang/rom_protect.txt" key "// Link forum de dezvoltare : http://forum.fioriginal.ro/amxmodx-plugins-pluginuri/rom-protect-anti-flood-bug-fix-t28292.html" lang "")
L 07/03/2017 - 11:17:16: Invalid multi-lingual line (file "cstrike/addons/amxmodx/data/lang/rom_protect.txt" key "// Link sursa : https://github.com/luxxxoor/ROM-Protect" lang "")
L 07/03/2017 - 11:17:16: Invalid multi-lingual line (file "cstrike/addons/amxmodx/data/lang/rom_protect.txt" key "// Colori : ^1 - Culoarea aleasa de jucator cu con_color." lang "")
L 07/03/2017 - 11:17:16: Invalid multi-lingual line (file "cstrike/addons/amxmodx/data/lang/rom_protect.txt" key "//          ^3 - Culoare gri." lang "")
L 07/03/2017 - 11:17:16: Invalid multi-lingual line (file "cstrike/addons/amxmodx/data/lang/rom_protect.txt" key "//          ^4 - Culoare verde." lang "")
L 07/03/2017 - 11:58:43: -------- Mapchange to deathrun_jinglebells --------
L 07/03/2017 - 11:58:45: [AMXX] Failed to open dictionary file: cstrike/addons/amxmodx/data/lang/walkguard.txt
L 07/03/2017 - 11:58:46: [walkguard.amxx] no zone-file found
L 07/03/2017 - 12:35:08: -------- Mapchange to deathrun_long_run --------
L 07/03/2017 - 12:35:09: [AMXX] Failed to open dictionary file: cstrike/addons/amxmodx/data/lang/walkguard.txt
L 07/03/2017 - 12:35:10: [walkguard.amxx] no zone-file found
L 07/03/2017 - 12:35:55: [slayafk.amxx] AsLoG a primit slay, deoarece a fost afk mai mult de 30 secunde
L 07/03/2017 - 13:05:47: -------- Mapchange to deathrun_virtualstrike --------
L 07/03/2017 - 13:05:49: [AMXX] Failed to open dictionary file: cstrike/addons/amxmodx/data/lang/walkguard.txt
L 07/03/2017 - 13:05:50: [walkguard.amxx] no zone-file found
L 07/03/2017 - 13:36:42: -------- Mapchange to deathrun_nightrun_beta3 --------
L 07/03/2017 - 13:36:44: [AMXX] Failed to open dictionary file: cstrike/addons/amxmodx/data/lang/walkguard.txt
L 07/03/2017 - 13:36:45: [walkguard.amxx] no zone-file found
L 07/03/2017 - 13:46:17: [admin.amxx] Login: "Stifler<46><STEAM_0:1:22458368><>" became an admin (account "Stifler") (access "b") (address "31.5.145.190")
L 07/03/2017 - 13:46:56: -------- Mapchange to deathrun_forest --------
L 07/03/2017 - 13:47:04: [AMXX] Failed to open dictionary file: cstrike/addons/amxmodx/data/lang/walkguard.txt
L 07/03/2017 - 13:47:06: [walkguard.amxx] no zone-file found
L 07/03/2017 - 13:47:15: Invalid multi-lingual line (file "cstrike/addons/amxmodx/data/lang/rom_protect.txt" key "// *ROM-Protect// Plugin OpenSource anti-IsFlooding/bug-fix pentru orice server." lang "")
L 07/03/2017 - 13:47:15: Invalid multi-lingual line (file "cstrike/addons/amxmodx/data/lang/rom_protect.txt" key "// Versiunea : 1.0.4s-dev. Bulid : 98. Data lansarii versiunii : 03.12.2016." lang "")
L 07/03/2017 - 13:47:15: Invalid multi-lingual line (file "cstrike/addons/amxmodx/data/lang/rom_protect.txt" key "// Autor : lüxor # Dr.Fio & DR2.IND (+ eNd.) - SteamID (contact) : luxxxoor" lang "")
L 07/03/2017 - 13:47:15: Invalid multi-lingual line (file "cstrike/addons/amxmodx/data/lang/rom_protect.txt" key "// O productie FioriGinal.ro - site : www.fioriginal.ro" lang "")
L 07/03/2017 - 13:47:15: Invalid multi-lingual line (file "cstrike/addons/amxmodx/data/lang/rom_protect.txt" key "// Link forum de dezvoltare : http://forum.fioriginal.ro/amxmodx-plugins-pluginuri/rom-protect-anti-flood-bug-fix-t28292.html" lang "")
L 07/03/2017 - 13:47:15: Invalid multi-lingual line (file "cstrike/addons/amxmodx/data/lang/rom_protect.txt" key "// Link sursa : https://github.com/luxxxoor/ROM-Protect" lang "")
L 07/03/2017 - 13:47:15: Invalid multi-lingual line (file "cstrike/addons/amxmodx/data/lang/rom_protect.txt" key "// Colori : ^1 - Culoarea aleasa de jucator cu con_color." lang "")
L 07/03/2017 - 13:47:15: Invalid multi-lingual line (file "cstrike/addons/amxmodx/data/lang/rom_protect.txt" key "//          ^3 - Culoare gri." lang "")
L 07/03/2017 - 13:47:15: Invalid multi-lingual line (file "cstrike/addons/amxmodx/data/lang/rom_protect.txt" key "//          ^4 - Culoare verde." lang "")
L 07/03/2017 - 13:51:46: [admin.amxx] Login: "Stifler<7><STEAM_0:1:22458368><>" became an admin (account "Stifler") (access "b") (address "31.5.145.190")
L 07/03/2017 - 13:57:32: [admincmd.amxx] Cmd: "Dr.FioriGinal.Ro ~ Server Clasi<0><><>" slay "PLAYER-FREE[2]<10><VALVE_0:4:1584597393><>"
L 07/03/2017 - 13:58:51: [slayafk.amxx] PLAYER-FREE[2] a primit slay, deoarece a fost afk mai mult de 30 secunde
L 07/03/2017 - 14:27:23: -------- Mapchange to deathrun_jinglebells --------
L 07/03/2017 - 14:27:24: [AMXX] Failed to open dictionary file: cstrike/addons/amxmodx/data/lang/walkguard.txt
L 07/03/2017 - 14:27:25: [walkguard.amxx] no zone-file found
L 07/03/2017 - 14:53:06: -------- Mapchange to deathrun_long_run --------
L 07/03/2017 - 14:53:07: [AMXX] Failed to open dictionary file: cstrike/addons/amxmodx/data/lang/walkguard.txt
L 07/03/2017 - 14:53:08: [walkguard.amxx] no zone-file found
L 07/03/2017 - 15:38:54: -------- Mapchange to deathrun_virtualstrike --------
L 07/03/2017 - 15:38:56: [AMXX] Failed to open dictionary file: cstrike/addons/amxmodx/data/lang/walkguard.txt
L 07/03/2017 - 15:38:57: [walkguard.amxx] no zone-file found
L 07/03/2017 - 16:20:12: -------- Mapchange to deathrun_nightrun_beta3 --------
L 07/03/2017 - 16:20:14: [AMXX] Failed to open dictionary file: cstrike/addons/amxmodx/data/lang/walkguard.txt
L 07/03/2017 - 16:20:15: [walkguard.amxx] no zone-file found
L 07/03/2017 - 16:45:39: -------- Mapchange to deathrun_0mega --------
L 07/03/2017 - 16:45:40: [AMXX] Failed to open dictionary file: cstrike/addons/amxmodx/data/lang/walkguard.txt
L 07/03/2017 - 16:45:41: [walkguard.amxx] no zone-file found
L 07/03/2017 - 17:17:14: -------- Mapchange to deathrun_discovery3 --------
L 07/03/2017 - 17:17:16: [AMXX] Failed to open dictionary file: cstrike/addons/amxmodx/data/lang/walkguard.txt
L 07/03/2017 - 17:17:17: [walkguard.amxx] no zone-file found
L 07/03/2017 - 17:26:51: [slayafk.amxx] SeeCanMeeWar a primit slay, deoarece a fost afk mai mult de 30 secunde
L 07/03/2017 - 17:27:31: [slayafk.amxx] SeeCanMeeWar a primit slay, deoarece a fost afk mai mult de 30 secunde
L 07/03/2017 - 17:28:11: [slayafk.amxx] SeeCanMeeWar a primit slay, deoarece a fost afk mai mult de 30 secunde
L 07/03/2017 - 17:38:31: [slayafk.amxx] SeeCanMeeWar a primit slay, deoarece a fost afk mai mult de 30 secunde
L 07/03/2017 - 17:43:16: -------- Mapchange to deathrun_adi_blurez --------
L 07/03/2017 - 17:43:17: [AMXX] Failed to open dictionary file: cstrike/addons/amxmodx/data/lang/walkguard.txt
L 07/03/2017 - 17:43:18: [walkguard.amxx] no zone-file found
L 07/03/2017 - 18:14:26: -------- Mapchange to deathrun_2h_estonia --------
L 07/03/2017 - 18:14:27: [AMXX] Failed to open dictionary file: cstrike/addons/amxmodx/data/lang/walkguard.txt
L 07/03/2017 - 18:14:28: [walkguard.amxx] no zone-file found
L 07/03/2017 - 18:39:43: -------- Mapchange to deathrun_y_underground --------
L 07/03/2017 - 18:39:44: [AMXX] Failed to open dictionary file: cstrike/addons/amxmodx/data/lang/walkguard.txt
L 07/03/2017 - 18:39:45: [walkguard.amxx] no zone-file found
L 07/03/2017 - 19:00:10: [slayafk.amxx] petriboule a primit slay, deoarece a fost afk mai mult de 30 secunde
L 07/03/2017 - 19:07:55: [slayafk.amxx] SkyFallen a primit slay, deoarece a fost afk mai mult de 30 secunde
L 07/03/2017 - 19:08:25: [slayafk.amxx] gambler a primit slay, deoarece a fost afk mai mult de 30 secunde
L 07/03/2017 - 19:09:00: [slayafk.amxx] SkyFallen a primit slay, deoarece a fost afk mai mult de 30 secunde
L 07/03/2017 - 19:09:30: [slayafk.amxx] gambler a primit slay, deoarece a fost afk mai mult de 30 secunde
L 07/03/2017 - 19:10:35: [slayafk.amxx] gambler a primit slay, deoarece a fost afk mai mult de 30 secunde
L 07/03/2017 - 19:12:15: [slayafk.amxx] gambler a primit slay, deoarece a fost afk mai mult de 30 secunde
L 07/03/2017 - 19:14:05: [slayafk.amxx] AMD64 - AwP a primit slay, deoarece a fost afk mai mult de 30 secunde
L 07/03/2017 - 19:14:10: [slayafk.amxx] gambler a primit slay, deoarece a fost afk mai mult de 30 secunde
L 07/03/2017 - 19:14:50: [slayafk.amxx] AMD64 - AwP a primit slay, deoarece a fost afk mai mult de 30 secunde
L 07/03/2017 - 19:16:40: [slayafk.amxx] gambler a primit slay, deoarece a fost afk mai mult de 30 secunde
L 07/03/2017 - 19:17:55: [slayafk.amxx] AMD64 - AwP a primit slay, deoarece a fost afk mai mult de 30 secunde
L 07/03/2017 - 19:18:05: [slayafk.amxx] SkyFallen a primit slay, deoarece a fost afk mai mult de 30 secunde
L 07/03/2017 - 19:18:35: [slayafk.amxx] gambler a primit slay, deoarece a fost afk mai mult de 30 secunde
L 07/03/2017 - 19:18:50: [slayafk.amxx] SkyFallen a primit slay, deoarece a fost afk mai mult de 30 secunde
L 07/03/2017 - 19:19:25: [slayafk.amxx] AMD64 - AwP a primit slay, deoarece a fost afk mai mult de 30 secunde
L 07/03/2017 - 19:19:30: [slayafk.amxx] gambler a primit slay, deoarece a fost afk mai mult de 30 secunde
L 07/03/2017 - 19:20:10: [slayafk.amxx] AMD64 - AwP a primit slay, deoarece a fost afk mai mult de 30 secunde
L 07/03/2017 - 19:20:15: [slayafk.amxx] SkyFallen a primit slay, deoarece a fost afk mai mult de 30 secunde
L 07/03/2017 - 19:21:00: [slayafk.amxx] SkyFallen a primit slay, deoarece a fost afk mai mult de 30 secunde
L 07/03/2017 - 19:21:35: [slayafk.amxx] AMD64 - AwP a primit slay, deoarece a fost afk mai mult de 30 secunde
L 07/03/2017 - 19:22:20: [slayafk.amxx] SkyFallen a primit slay, deoarece a fost afk mai mult de 30 secunde
L 07/03/2017 - 19:23:05: [slayafk.amxx] SkyFallen a primit slay, deoarece a fost afk mai mult de 30 secunde
L 07/03/2017 - 19:23:45: [slayafk.amxx] SkyFallen a primit slay, deoarece a fost afk mai mult de 30 secunde
L 07/03/2017 - 19:23:48: -------- Mapchange to deathrun_privateers --------
L 07/03/2017 - 19:23:50: [AMXX] Failed to open dictionary file: cstrike/addons/amxmodx/data/lang/walkguard.txt
L 07/03/2017 - 19:23:51: [walkguard.amxx] no zone-file found
L 07/03/2017 - 19:24:35: [slayafk.amxx] AMD64 - AwP a primit slay, deoarece a fost afk mai mult de 30 secunde
L 07/03/2017 - 19:24:35: [slayafk.amxx] SkyFallen a primit slay, deoarece a fost afk mai mult de 30 secunde
L 07/03/2017 - 19:25:10: [slayafk.amxx] SkyFallen a primit slay, deoarece a fost afk mai mult de 30 secunde
L 07/03/2017 - 19:25:45: [slayafk.amxx] AMD64 - AwP a primit slay, deoarece a fost afk mai mult de 30 secunde
L 07/03/2017 - 19:26:15: [slayafk.amxx] SkyFallen a primit slay, deoarece a fost afk mai mult de 30 secunde
L 07/03/2017 - 19:26:50: [slayafk.amxx] AMD64 - AwP a primit slay, deoarece a fost afk mai mult de 30 secunde
L 07/03/2017 - 19:27:20: [slayafk.amxx] SkyFallen a primit slay, deoarece a fost afk mai mult de 30 secunde
L 07/03/2017 - 19:28:00: [slayafk.amxx] AMD64 - AwP a primit slay, deoarece a fost afk mai mult de 30 secunde
L 07/03/2017 - 19:28:09: [admincmd.amxx] Cmd: "Dr.FioriGinal.Ro ~ Server Clasi<0><><>" slay "MYXA-XYI-OXA<144><STEAM_0:0:208104171><>"
L 07/03/2017 - 19:29:05: [slayafk.amxx] AMD64 - AwP a primit slay, deoarece a fost afk mai mult de 30 secunde
L 07/03/2017 - 19:30:15: [slayafk.amxx] AMD64 - AwP a primit slay, deoarece a fost afk mai mult de 30 secunde
L 07/03/2017 - 19:31:30: [slayafk.amxx] AMD64 - AwP a primit slay, deoarece a fost afk mai mult de 30 secunde
L 07/03/2017 - 19:32:50: [admincmd.amxx] Cmd: "Dr.FioriGinal.Ro ~ Server Clasi<0><><>" slay "mamaliguta<148><VALVE_0:4:1767388656><>"
L 07/03/2017 - 19:33:15: [slayafk.amxx] AMD64 - AwP a primit slay, deoarece a fost afk mai mult de 30 secunde
L 07/03/2017 - 19:36:10: [slayafk.amxx] AMD64 - AwP a primit slay, deoarece a fost afk mai mult de 30 secunde
L 07/03/2017 - 19:40:55: [slayafk.amxx] <<demon>> a primit slay, deoarece a fost afk mai mult de 30 secunde
L 07/03/2017 - 19:43:05: [slayafk.amxx] <<demon>> a primit slay, deoarece a fost afk mai mult de 30 secunde
L 07/03/2017 - 19:43:45: [slayafk.amxx] <<demon>> a primit slay, deoarece a fost afk mai mult de 30 secunde
L 07/03/2017 - 19:44:31: [admincmd.amxx] Cmd: "Dr.FioriGinal.Ro ~ Server Clasi<0><><>" slay "<<demon>><152><STEAM_0:0:1038910202><>"
L 07/03/2017 - 20:09:30: [admincmd.amxx] Cmd: "Dr.FioriGinal.Ro ~ Server Clasi<0><><>" slay "Xlayder<164><VALVE_0:4:1570739060><>"
L 07/03/2017 - 20:37:41: -------- Mapchange to deathrun_rizzy_x --------
L 07/03/2017 - 20:37:42: [AMXX] Failed to open dictionary file: cstrike/addons/amxmodx/data/lang/walkguard.txt
L 07/03/2017 - 20:37:43: [walkguard.amxx] no zone-file found
L 07/03/2017 - 20:40:12: [admincmd.amxx] Cmd: "Dr.FioriGinal.Ro ~ Server Clasi<0><><>" slay "|rZc| andrei<172><VALVE_0:4:699946613><>"
L 07/03/2017 - 20:45:13: [admincmd.amxx] Cmd: "Dr.FioriGinal.Ro ~ Server Clasi<0><><>" slay "ursuletu femeilor<174><STEAM_0:0:1125805092><>"
L 07/03/2017 - 20:57:33: [admin.amxx] Login: "Andreea<175><VALVE_0:4:1812061042><>" kicked due to invalid password (account "Andreea") (address "92.84.95.113")
L 07/03/2017 - 20:57:40: [admin.amxx] Login: "Andreea<176><VALVE_0:4:1812061042><>" kicked due to invalid password (account "Andreea") (address "92.84.95.113")
L 07/03/2017 - 20:57:52: [admincmd.amxx] Cmd: "Dr.FioriGinal.Ro ~ Server Clasi<0><><>" slay "ursuletu femeilor<177><STEAM_0:0:1125805092><>"
L 07/03/2017 - 20:58:13: [admin.amxx] Login: "Andreea<178><VALVE_0:4:1812061042><>" kicked due to invalid password (account "Andreea") (address "92.84.95.113")
L 07/03/2017 - 20:58:24: [admincmd.amxx] Cmd: "Dr.FioriGinal.Ro ~ Server Clasi<0><><>" slay "ursuletu femeilor<179><STEAM_0:0:1125805092><>"
L 07/03/2017 - 21:25:15: -------- Mapchange to deathrun_ghosts --------
L 07/03/2017 - 21:25:16: [AMXX] Failed to open dictionary file: cstrike/addons/amxmodx/data/lang/walkguard.txt
L 07/03/2017 - 21:25:17: [walkguard.amxx] no zone-file found
L 07/03/2017 - 22:01:02: -------- Mapchange to deathrun_sk_occult --------
L 07/03/2017 - 22:01:04: [AMXX] Failed to open dictionary file: cstrike/addons/amxmodx/data/lang/walkguard.txt
L 07/03/2017 - 22:01:05: [walkguard.amxx] no zone-file found
L 07/03/2017 - 22:17:05: [slayafk.amxx] C H A M P 1 O N   ` a primit slay, deoarece a fost afk mai mult de 30 secunde
L 07/03/2017 - 22:19:30: [slayafk.amxx] C H A M P 1 O N   ` a primit slay, deoarece a fost afk mai mult de 30 secunde
L 07/03/2017 - 22:44:45: -------- Mapchange to deathrun_jigsaw2 --------
L 07/03/2017 - 22:44:46: [AMXX] Failed to open dictionary file: cstrike/addons/amxmodx/data/lang/walkguard.txt
L 07/03/2017 - 22:44:48: [walkguard.amxx] no zone-file found
L 07/03/2017 - 23:07:51: [admincmd.amxx] Cmd: "Dr.FioriGinal.Ro ~ Server Clasi<0><><>" slay "mamaliguta<223><VALVE_0:4:1767388656><>"
L 07/03/2017 - 23:12:52: [slayafk.amxx] DoZe a primit slay, deoarece a fost afk mai mult de 30 secunde
L 07/03/2017 - 23:48:57: -------- Mapchange to deathrun_christmas --------
L 07/03/2017 - 23:48:58: [AMXX] Failed to open dictionary file: cstrike/addons/amxmodx/data/lang/walkguard.txt
L 07/03/2017 - 23:48:59: [walkguard.amxx] no zone-file found
L 07/03/2017 - 23:58:15: [admincmd.amxx] Cmd: "Dr.FioriGinal.Ro ~ Server Clasi<0><><>" slay "GG<238><VALVE_0:4:1919664331><>"
