L 02/02/2017 - 00:03:11: [slayafk.amxx] SWAGGIE. XD a primit slay, deoarece a fost afk mai mult de 30 secunde
L 02/02/2017 - 00:04:21: [slayafk.amxx] SWAGGIE. XD a primit slay, deoarece a fost afk mai mult de 30 secunde
L 02/02/2017 - 00:08:51: [slayafk.amxx] SWAGGIE. XD a primit slay, deoarece a fost afk mai mult de 30 secunde
L 02/02/2017 - 00:10:36: [slayafk.amxx] SWAGGIE. XD a primit slay, deoarece a fost afk mai mult de 30 secunde
L 02/02/2017 - 00:11:16: [slayafk.amxx] SWAGGIE. XD a primit slay, deoarece a fost afk mai mult de 30 secunde
L 02/02/2017 - 00:13:07: -------- Mapchange to deathrun_cityhotel_v2 --------
L 02/02/2017 - 00:13:08: [comp_timer2.amxx] Error on query: You have an error in your SQL syntax; check the manual that corresponds to your MySQL server version for the right syntax to use near '' at line 1
L 02/02/2017 - 00:13:08: [comp_timer2.amxx] FailState == TQUERY_QUERY_FAILED, Query failed.
L 02/02/2017 - 00:13:11: [admin.amxx] Login: "SWAGGIE. XD<612><VALVE_0:4:862961770><>" became an admin (account "SWAGGIE. XD") (access "bi") (address "109.98.131.207")
L 02/02/2017 - 00:13:49: [slayafk.amxx] SWAGGIE. XD a primit slay, deoarece a fost afk mai mult de 30 secunde
L 02/02/2017 - 00:14:24: [slayafk.amxx] SWAGGIE. XD a primit slay, deoarece a fost afk mai mult de 30 secunde
L 02/02/2017 - 00:16:09: [slayafk.amxx] SWAGGIE. XD a primit slay, deoarece a fost afk mai mult de 30 secunde
L 02/02/2017 - 00:21:59: [slayafk.amxx] SWAGGIE. XD a primit slay, deoarece a fost afk mai mult de 30 secunde
L 02/02/2017 - 00:24:19: [slayafk.amxx] SWAGGIE. XD a primit slay, deoarece a fost afk mai mult de 30 secunde
L 02/02/2017 - 00:38:59: -------- Mapchange to deathrun_abtropicano2 --------
L 02/02/2017 - 00:39:00: [comp_timer2.amxx] Error on query: You have an error in your SQL syntax; check the manual that corresponds to your MySQL server version for the right syntax to use near '' at line 1
L 02/02/2017 - 00:39:00: [comp_timer2.amxx] FailState == TQUERY_QUERY_FAILED, Query failed.
L 02/02/2017 - 00:39:20: [admin.amxx] Login: "SWAGGIE. XD<677><VALVE_0:4:862961770><>" became an admin (account "SWAGGIE. XD") (access "bi") (address "109.98.131.207")
L 02/02/2017 - 00:42:45: [slayafk.amxx] SWAGGIE. XD a primit slay, deoarece a fost afk mai mult de 30 secunde
L 02/02/2017 - 00:45:15: [slayafk.amxx] Junky a primit slay, deoarece a fost afk mai mult de 30 secunde
L 02/02/2017 - 00:45:15: [slayafk.amxx] SWAGGIE. XD a primit slay, deoarece a fost afk mai mult de 30 secunde
L 02/02/2017 - 00:45:55: [slayafk.amxx] Junky a primit slay, deoarece a fost afk mai mult de 30 secunde
L 02/02/2017 - 00:45:55: [slayafk.amxx] SWAGGIE. XD a primit slay, deoarece a fost afk mai mult de 30 secunde
L 02/02/2017 - 00:49:20: [slayafk.amxx] SWAGGIE. XD a primit slay, deoarece a fost afk mai mult de 30 secunde
L 02/02/2017 - 00:51:10: [slayafk.amxx] SWAGGIE. XD a primit slay, deoarece a fost afk mai mult de 30 secunde
L 02/02/2017 - 00:52:10: [slayafk.amxx] SWAGGIE. XD a primit slay, deoarece a fost afk mai mult de 30 secunde
L 02/02/2017 - 01:00:16: [mapsmenu.amxx] Vote: "SWAGGIE. XD<677><VALVE_0:4:862961770><>" vote maps (map#1 "deathrun_3sixty_fg_fix3") (map#2 "deathrun_expres-game") (map#3 "") (map#4 "")
L 02/02/2017 - 01:00:28: [mapsmenu.amxx] Vote: Voting successful. Map will be changed to deathrun_3sixty_fg_fix3
L 02/02/2017 - 01:06:02: -------- Mapchange to deathrun_3sixty_fg_fix3 --------
L 02/02/2017 - 01:06:04: [comp_timer2.amxx] Error on query: You have an error in your SQL syntax; check the manual that corresponds to your MySQL server version for the right syntax to use near '' at line 1
L 02/02/2017 - 01:06:04: [comp_timer2.amxx] FailState == TQUERY_QUERY_FAILED, Query failed.
L 02/02/2017 - 01:06:05: [admin.amxx] Login: "SWAGGIE. XD<677><VALVE_0:4:862961770><>" became an admin (account "SWAGGIE. XD") (access "bi") (address "109.98.131.207")
L 02/02/2017 - 01:07:29: [slayafk.amxx] SWAGGIE. XD a primit slay, deoarece a fost afk mai mult de 30 secunde
L 02/02/2017 - 01:32:45: -------- Mapchange to deathrun_blabla_hard --------
L 02/02/2017 - 01:32:47: [comp_timer2.amxx] Error on query: You have an error in your SQL syntax; check the manual that corresponds to your MySQL server version for the right syntax to use near '' at line 1
L 02/02/2017 - 01:32:47: [comp_timer2.amxx] FailState == TQUERY_QUERY_FAILED, Query failed.
L 02/02/2017 - 02:02:05: -------- Mapchange to deathrun_massive --------
L 02/02/2017 - 02:02:08: [comp_timer2.amxx] Error on query: You have an error in your SQL syntax; check the manual that corresponds to your MySQL server version for the right syntax to use near '' at line 1
L 02/02/2017 - 02:02:08: [comp_timer2.amxx] FailState == TQUERY_QUERY_FAILED, Query failed.
L 02/02/2017 - 02:45:49: -------- Mapchange to deathrun_green_h2_final --------
L 02/02/2017 - 02:45:50: [comp_timer2.amxx] Error on query: You have an error in your SQL syntax; check the manual that corresponds to your MySQL server version for the right syntax to use near '' at line 1
L 02/02/2017 - 02:45:50: [comp_timer2.amxx] FailState == TQUERY_QUERY_FAILED, Query failed.
L 02/02/2017 - 03:12:16: -------- Mapchange to deathrun_abstract --------
L 02/02/2017 - 03:12:18: [comp_timer2.amxx] Error on query: You have an error in your SQL syntax; check the manual that corresponds to your MySQL server version for the right syntax to use near '' at line 1
L 02/02/2017 - 03:12:18: [comp_timer2.amxx] FailState == TQUERY_QUERY_FAILED, Query failed.
L 02/02/2017 - 03:12:49: [admincmd.amxx] Cmd: "Dr.FioriGinal.Ro ~ Server Clasi<0><><>" slay "Ene[R]gy^_ FiNs0N WaRSiMpS0NpFf<731><STEAM_0:0:947863493><>"
L 02/02/2017 - 03:17:44: [admincmd.amxx] Cmd: "Dr.FioriGinal.Ro ~ Server Clasi<0><><>" slay "Ene[R]gy^_ FiNs0N WaRSiMpS0NpFf<732><STEAM_0:0:947863493><>"
L 02/02/2017 - 03:40:55: [admincmd.amxx] Cmd: "Dr.FioriGinal.Ro ~ Server Clasi<0><><>" slay "C9 Yijox<736><STEAM_0:0:660503307><>"
L 02/02/2017 - 03:41:03: [admincmd.amxx] Cmd: "Dr.FioriGinal.Ro ~ Server Clasi<0><><>" slay "C9 Yijox<737><STEAM_0:0:660503307><>"
L 02/02/2017 - 03:41:07: [admincmd.amxx] Cmd: "Dr.FioriGinal.Ro ~ Server Clasi<0><><>" slay "Ene[R]gy^_ FiNs0N WaRSiMpS0NpFf<738><STEAM_0:0:947863493><>"
L 02/02/2017 - 04:11:48: -------- Mapchange to deathrun_coolf2 --------
L 02/02/2017 - 04:11:49: [comp_timer2.amxx] Error on query: You have an error in your SQL syntax; check the manual that corresponds to your MySQL server version for the right syntax to use near '' at line 1
L 02/02/2017 - 04:11:49: [comp_timer2.amxx] FailState == TQUERY_QUERY_FAILED, Query failed.
L 02/02/2017 - 04:12:25: [slayafk.amxx] Ene[R]gy^_ FiNs0N WaRSiMpS0NpFf a primit slay, deoarece a fost afk mai mult de 30 secunde
L 02/02/2017 - 04:15:00: [slayafk.amxx] Ene[R]gy^_ FiNs0N WaRSiMpS0NpFf a primit slay, deoarece a fost afk mai mult de 30 secunde
L 02/02/2017 - 04:15:50: [slayafk.amxx] Ene[R]gy^_ FiNs0N WaRSiMpS0NpFf a primit slay, deoarece a fost afk mai mult de 30 secunde
L 02/02/2017 - 04:18:05: [slayafk.amxx] Ene[R]gy^_ FiNs0N WaRSiMpS0NpFf a primit slay, deoarece a fost afk mai mult de 30 secunde
L 02/02/2017 - 04:18:45: [slayafk.amxx] Ene[R]gy^_ FiNs0N WaRSiMpS0NpFf a primit slay, deoarece a fost afk mai mult de 30 secunde
L 02/02/2017 - 04:19:30: [slayafk.amxx] Ene[R]gy^_ FiNs0N WaRSiMpS0NpFf a primit slay, deoarece a fost afk mai mult de 30 secunde
L 02/02/2017 - 04:20:50: [slayafk.amxx] Ene[R]gy^_ FiNs0N WaRSiMpS0NpFf a primit slay, deoarece a fost afk mai mult de 30 secunde
L 02/02/2017 - 04:21:45: [slayafk.amxx] Ene[R]gy^_ FiNs0N WaRSiMpS0NpFf a primit slay, deoarece a fost afk mai mult de 30 secunde
L 02/02/2017 - 04:22:25: [slayafk.amxx] Ene[R]gy^_ FiNs0N WaRSiMpS0NpFf a primit slay, deoarece a fost afk mai mult de 30 secunde
L 02/02/2017 - 04:23:45: [slayafk.amxx] Ene[R]gy^_ FiNs0N WaRSiMpS0NpFf a primit slay, deoarece a fost afk mai mult de 30 secunde
L 02/02/2017 - 04:25:35: [slayafk.amxx] Ene[R]gy^_ FiNs0N WaRSiMpS0NpFf a primit slay, deoarece a fost afk mai mult de 30 secunde
L 02/02/2017 - 04:27:10: [slayafk.amxx] Ene[R]gy^_ FiNs0N WaRSiMpS0NpFf a primit slay, deoarece a fost afk mai mult de 30 secunde
L 02/02/2017 - 04:27:55: [slayafk.amxx] Ene[R]gy^_ FiNs0N WaRSiMpS0NpFf a primit slay, deoarece a fost afk mai mult de 30 secunde
L 02/02/2017 - 04:29:00: [slayafk.amxx] Ene[R]gy^_ FiNs0N WaRSiMpS0NpFf a primit slay, deoarece a fost afk mai mult de 30 secunde
L 02/02/2017 - 04:31:20: [slayafk.amxx] Ene[R]gy^_ FiNs0N WaRSiMpS0NpFf a primit slay, deoarece a fost afk mai mult de 30 secunde
L 02/02/2017 - 04:32:25: [slayafk.amxx] Ene[R]gy^_ FiNs0N WaRSiMpS0NpFf a primit slay, deoarece a fost afk mai mult de 30 secunde
L 02/02/2017 - 04:34:20: [slayafk.amxx] Ene[R]gy^_ FiNs0N WaRSiMpS0NpFf a primit slay, deoarece a fost afk mai mult de 30 secunde
L 02/02/2017 - 04:35:15: [slayafk.amxx] Ene[R]gy^_ FiNs0N WaRSiMpS0NpFf a primit slay, deoarece a fost afk mai mult de 30 secunde
L 02/02/2017 - 04:37:00: [slayafk.amxx] Ene[R]gy^_ FiNs0N WaRSiMpS0NpFf a primit slay, deoarece a fost afk mai mult de 30 secunde
L 02/02/2017 - 04:37:33: -------- Mapchange to deathrun_coolf_3 --------
L 02/02/2017 - 04:37:34: [comp_timer2.amxx] Error on query: You have an error in your SQL syntax; check the manual that corresponds to your MySQL server version for the right syntax to use near '' at line 1
L 02/02/2017 - 04:37:34: [comp_timer2.amxx] FailState == TQUERY_QUERY_FAILED, Query failed.
L 02/02/2017 - 04:38:09: [slayafk.amxx] Ene[R]gy^_ FiNs0N WaRSiMpS0NpFf a primit slay, deoarece a fost afk mai mult de 30 secunde
L 02/02/2017 - 04:38:54: [slayafk.amxx] Ene[R]gy^_ FiNs0N WaRSiMpS0NpFf a primit slay, deoarece a fost afk mai mult de 30 secunde
L 02/02/2017 - 04:39:39: [slayafk.amxx] Ene[R]gy^_ FiNs0N WaRSiMpS0NpFf a primit slay, deoarece a fost afk mai mult de 30 secunde
L 02/02/2017 - 04:52:39: [slayafk.amxx] Ene[R]gy^_ FiNs0N WaRSiMpS0NpFf a primit slay, deoarece a fost afk mai mult de 30 secunde
L 02/02/2017 - 04:53:14: [slayafk.amxx] IrreguLar a primit slay, deoarece a fost afk mai mult de 30 secunde
L 02/02/2017 - 04:54:44: [slayafk.amxx] IrreguLar a primit slay, deoarece a fost afk mai mult de 30 secunde
L 02/02/2017 - 04:55:24: [slayafk.amxx] Ene[R]gy^_ FiNs0N WaRSiMpS0NpFf a primit slay, deoarece a fost afk mai mult de 30 secunde
L 02/02/2017 - 04:55:54: [slayafk.amxx] IrreguLar a primit slay, deoarece a fost afk mai mult de 30 secunde
L 02/02/2017 - 04:57:04: [slayafk.amxx] IrreguLar a primit slay, deoarece a fost afk mai mult de 30 secunde
L 02/02/2017 - 04:57:59: [slayafk.amxx] IrreguLar a primit slay, deoarece a fost afk mai mult de 30 secunde
L 02/02/2017 - 04:58:39: [slayafk.amxx] Ene[R]gy^_ FiNs0N WaRSiMpS0NpFf a primit slay, deoarece a fost afk mai mult de 30 secunde
L 02/02/2017 - 04:59:09: [slayafk.amxx] IrreguLar a primit slay, deoarece a fost afk mai mult de 30 secunde
L 02/02/2017 - 04:59:49: [slayafk.amxx] Ene[R]gy^_ FiNs0N WaRSiMpS0NpFf a primit slay, deoarece a fost afk mai mult de 30 secunde
L 02/02/2017 - 05:00:24: [slayafk.amxx] IrreguLar a primit slay, deoarece a fost afk mai mult de 30 secunde
L 02/02/2017 - 05:01:04: [slayafk.amxx] Ene[R]gy^_ FiNs0N WaRSiMpS0NpFf a primit slay, deoarece a fost afk mai mult de 30 secunde
L 02/02/2017 - 05:01:39: [slayafk.amxx] IrreguLar a primit slay, deoarece a fost afk mai mult de 30 secunde
L 02/02/2017 - 05:02:14: [slayafk.amxx] Ene[R]gy^_ FiNs0N WaRSiMpS0NpFf a primit slay, deoarece a fost afk mai mult de 30 secunde
L 02/02/2017 - 05:02:49: [slayafk.amxx] IrreguLar a primit slay, deoarece a fost afk mai mult de 30 secunde
L 02/02/2017 - 05:03:29: [slayafk.amxx] Ene[R]gy^_ FiNs0N WaRSiMpS0NpFf a primit slay, deoarece a fost afk mai mult de 30 secunde
L 02/02/2017 - 05:03:32: -------- Mapchange to deathrun_air_final --------
L 02/02/2017 - 05:03:35: [comp_timer2.amxx] Error on query: You have an error in your SQL syntax; check the manual that corresponds to your MySQL server version for the right syntax to use near '' at line 1
L 02/02/2017 - 05:03:35: [comp_timer2.amxx] FailState == TQUERY_QUERY_FAILED, Query failed.
L 02/02/2017 - 07:53:52: -------- Mapchange to deathrun_cliff --------
L 02/02/2017 - 07:53:53: [comp_timer2.amxx] Error on query: You have an error in your SQL syntax; check the manual that corresponds to your MySQL server version for the right syntax to use near '' at line 1
L 02/02/2017 - 07:53:53: [comp_timer2.amxx] FailState == TQUERY_QUERY_FAILED, Query failed.
L 02/02/2017 - 08:02:40: [admincmd.amxx] Cmd: "Dr.FioriGinal.Ro ~ Server Clasi<0><><>" slay "JustKILL<761><STEAM_0:0:516949682><>"
L 02/02/2017 - 08:10:55: [admincmd.amxx] Cmd: "Dr.FioriGinal.Ro ~ Server Clasi<0><><>" slay "hackerul<763><STEAM_0:0:528638369><>"
L 02/02/2017 - 08:51:31: -------- Mapchange to deathrun_arabrun_v1 --------
L 02/02/2017 - 08:51:33: [comp_timer2.amxx] Error on query: You have an error in your SQL syntax; check the manual that corresponds to your MySQL server version for the right syntax to use near '' at line 1
L 02/02/2017 - 08:51:33: [comp_timer2.amxx] FailState == TQUERY_QUERY_FAILED, Query failed.
L 02/02/2017 - 09:33:59: -------- Mapchange to deathrun_surf --------
L 02/02/2017 - 09:34:02: [comp_timer2.amxx] Error on query: You have an error in your SQL syntax; check the manual that corresponds to your MySQL server version for the right syntax to use near '' at line 1
L 02/02/2017 - 09:34:02: [comp_timer2.amxx] FailState == TQUERY_QUERY_FAILED, Query failed.
L 02/02/2017 - 09:51:11: [slayafk.amxx] Vallentina a primit slay, deoarece a fost afk mai mult de 30 secunde
L 02/02/2017 - 09:59:07: [admin.amxx] Login: "wKn<789><STEAM_0:0:196614190><>" became an admin (account "wKn") (access "bit") (address "92.80.78.114")
L 02/02/2017 - 09:59:13: [admin.amxx] Login: "wKn<790><STEAM_0:0:196614190><>" became an admin (account "wKn") (access "bit") (address "92.80.78.114")
L 02/02/2017 - 09:59:44: -------- Mapchange to deathrun_hard_cspgames2 --------
L 02/02/2017 - 09:59:46: [comp_timer2.amxx] Error on query: You have an error in your SQL syntax; check the manual that corresponds to your MySQL server version for the right syntax to use near '' at line 1
L 02/02/2017 - 09:59:46: [comp_timer2.amxx] FailState == TQUERY_QUERY_FAILED, Query failed.
L 02/02/2017 - 09:59:47: [admin.amxx] Login: "wKn<790><STEAM_0:0:196614190><>" became an admin (account "wKn") (access "bit") (address "92.80.78.114")
L 02/02/2017 - 10:00:12: [admin.amxx] Login: "wKn<795><STEAM_0:0:196614190><>" became an admin (account "wKn") (access "bit") (address "92.80.78.114")
L 02/02/2017 - 10:10:51: [admin.amxx] Login: "d@rc@ # VANDALIZM<800><STEAM_0:1:63870684><>" became an admin (account "d@rc@ # VANDALIZM") (access "bi") (address "109.97.27.219")
L 02/02/2017 - 10:10:58: [admincmd.amxx] Cmd: "Dr.FioriGinal.Ro ~ Server Clasi<0><><>" slay "d@rc@ # VANDALIZM<800><STEAM_0:1:63870684><>"
L 02/02/2017 - 10:18:17: [admincmd.amxx] Cmd: "d@rc@ # VANDALIZM<800><STEAM_0:1:63870684><>" ask for players list
L 02/02/2017 - 10:19:54: [admincmd.amxx] Cmd: "d@rc@ # VANDALIZM<800><STEAM_0:1:63870684><>" ask for players list
L 02/02/2017 - 10:31:46: [admin.amxx] Login: "d@rc@ # VANDALIZM<807><STEAM_0:1:63870684><>" became an admin (account "d@rc@ # VANDALIZM") (access "bi") (address "109.97.27.219")
L 02/02/2017 - 10:41:55: [admin.amxx] Login: "wKn<812><STEAM_0:0:196614190><>" became an admin (account "wKn") (access "bit") (address "92.80.78.114")
L 02/02/2017 - 10:42:01: [admincmd.amxx] Cmd: "Dr.FioriGinal.Ro ~ Server Clasi<0><><>" slay "wKn<812><STEAM_0:0:196614190><>"
L 02/02/2017 - 10:56:17: -------- Mapchange to deathrun_bom2 --------
L 02/02/2017 - 10:56:19: [comp_timer2.amxx] Error on query: You have an error in your SQL syntax; check the manual that corresponds to your MySQL server version for the right syntax to use near '' at line 1
L 02/02/2017 - 10:56:19: [comp_timer2.amxx] FailState == TQUERY_QUERY_FAILED, Query failed.
L 02/02/2017 - 10:56:20: [admin.amxx] Login: "wKn<812><STEAM_0:0:196614190><>" became an admin (account "wKn") (access "bit") (address "92.80.78.114")
L 02/02/2017 - 10:56:20: [admin.amxx] Login: "d@rc@ # VANDALIZM<807><STEAM_0:1:63870684><>" became an admin (account "d@rc@ # VANDALIZM") (access "bi") (address "109.97.27.219")
L 02/02/2017 - 10:56:24: [admin.amxx] Login: "wKn<828><STEAM_0:0:196614190><>" became an admin (account "wKn") (access "bit") (address "92.80.78.114")
L 02/02/2017 - 11:02:02: [admin.amxx] Login: "deadpool<835><STEAM_0:0:30403765><>" became an admin (account "deadpool") (access "bit") (address "82.79.251.176")
L 02/02/2017 - 11:13:40: [admin.amxx] Login: "cool<848><STEAM_0:1:25922700><>" became an admin (account "cool") (access "bi") (address "5.14.100.155")
L 02/02/2017 - 11:13:42: [admin.amxx] Login: "cool<849><STEAM_0:1:25922700><>" became an admin (account "cool") (access "bi") (address "5.14.100.155")
L 02/02/2017 - 11:16:05: [admincmd.amxx] Cmd: "cool<849><STEAM_0:1:25922700><>" slay "IrreguLar<834><STEAM_0:0:740700675><>"
L 02/02/2017 - 11:16:42: [admincmd.amxx] Kick: "cool<849><STEAM_0:1:25922700><>" kick "IrreguLar<834><STEAM_0:0:740700675><>" (reason "")
L 02/02/2017 - 11:18:18: [mapsmenu.amxx] Vote: "cool<849><STEAM_0:1:25922700><>" vote maps (map#1 "deathrun_clarion_dojo_b3") (map#2 "deathrun_bhopz_v2") (map#3 "") (map#4 "")
L 02/02/2017 - 11:18:30: [mapsmenu.amxx] Vote: Voting successful. Map will be changed to deathrun_clarion_dojo_b3
L 02/02/2017 - 11:22:55: -------- Mapchange to deathrun_clarion_dojo_b3 --------
L 02/02/2017 - 11:22:57: [comp_timer2.amxx] Error on query: You have an error in your SQL syntax; check the manual that corresponds to your MySQL server version for the right syntax to use near '' at line 1
L 02/02/2017 - 11:22:57: [comp_timer2.amxx] FailState == TQUERY_QUERY_FAILED, Query failed.
L 02/02/2017 - 11:23:05: [admin.amxx] Login: "cool<852><STEAM_0:1:25922700><>" became an admin (account "cool") (access "bi") (address "5.14.100.155")
L 02/02/2017 - 11:23:15: [admin.amxx] Login: "cool<856><STEAM_0:1:25922700><>" became an admin (account "cool") (access "bi") (address "5.14.100.155")
L 02/02/2017 - 11:23:21: [admincmd.amxx] Cmd: "Dr.FioriGinal.Ro ~ Server Clasi<0><><>" slay "cool<856><STEAM_0:1:25922700><>"
L 02/02/2017 - 11:49:42: [admincmd.amxx] Cmd: "Dr.FioriGinal.Ro ~ Server Clasi<0><><>" slay "Morocoo<866><VALVE_0:4:1140703080><>"
L 02/02/2017 - 12:19:05: [admincmd.amxx] Cmd: "Dr.FioriGinal.Ro ~ Server Clasi<0><><>" slay "Z3u !<878><VALVE_0:4:91708402><>"
L 02/02/2017 - 12:35:30: [admin.amxx] Login: "Joker$*<881><VALVE_0:4:2104377450><>" became an admin (account "Joker$*") (access "bi") (address "109.98.128.83")
L 02/02/2017 - 12:42:37: [admincmd.amxx] Cmd: "Dr.FioriGinal.Ro ~ Server Clasi<0><><>" slay "Chlenix<890><STEAM_0:0:1941482153><>"
L 02/02/2017 - 12:44:38: -------- Mapchange to deathrun_hertz --------
L 02/02/2017 - 12:44:40: [comp_timer2.amxx] Error on query: You have an error in your SQL syntax; check the manual that corresponds to your MySQL server version for the right syntax to use near '' at line 1
L 02/02/2017 - 12:44:40: [comp_timer2.amxx] FailState == TQUERY_QUERY_FAILED, Query failed.
L 02/02/2017 - 12:44:40: [admin.amxx] Login: "Joker$*<881><VALVE_0:4:2104377450><>" became an admin (account "Joker$*") (access "bi") (address "109.98.128.83")
L 02/02/2017 - 12:45:15: [slayafk.amxx] Vallentina a primit slay, deoarece a fost afk mai mult de 30 secunde
L 02/02/2017 - 12:46:55: [slayafk.amxx] Vallentina a primit slay, deoarece a fost afk mai mult de 30 secunde
L 02/02/2017 - 12:47:35: [slayafk.amxx] Joker$* a primit slay, deoarece a fost afk mai mult de 30 secunde
L 02/02/2017 - 12:48:35: [slayafk.amxx] Vallentina a primit slay, deoarece a fost afk mai mult de 30 secunde
L 02/02/2017 - 12:48:40: [slayafk.amxx] Joker$* a primit slay, deoarece a fost afk mai mult de 30 secunde
L 02/02/2017 - 12:49:45: [slayafk.amxx] Vallentina a primit slay, deoarece a fost afk mai mult de 30 secunde
L 02/02/2017 - 12:49:45: [slayafk.amxx] Joker$* a primit slay, deoarece a fost afk mai mult de 30 secunde
L 02/02/2017 - 12:50:30: [slayafk.amxx] Joker$* a primit slay, deoarece a fost afk mai mult de 30 secunde
L 02/02/2017 - 12:51:15: [slayafk.amxx] Vallentina a primit slay, deoarece a fost afk mai mult de 30 secunde
L 02/02/2017 - 12:52:25: [slayafk.amxx] Joker$* a primit slay, deoarece a fost afk mai mult de 30 secunde
L 02/02/2017 - 12:52:30: [slayafk.amxx] Vallentina a primit slay, deoarece a fost afk mai mult de 30 secunde
L 02/02/2017 - 12:53:05: [slayafk.amxx] Age a primit slay, deoarece a fost afk mai mult de 30 secunde
L 02/02/2017 - 12:53:10: [slayafk.amxx] Joker$* a primit slay, deoarece a fost afk mai mult de 30 secunde
L 02/02/2017 - 12:54:05: [slayafk.amxx] Vallentina a primit slay, deoarece a fost afk mai mult de 30 secunde
L 02/02/2017 - 12:54:10: [slayafk.amxx] Joker$* a primit slay, deoarece a fost afk mai mult de 30 secunde
L 02/02/2017 - 12:57:50: [slayafk.amxx] Age a primit slay, deoarece a fost afk mai mult de 30 secunde
L 02/02/2017 - 12:57:55: [slayafk.amxx] Vallentina a primit slay, deoarece a fost afk mai mult de 30 secunde
L 02/02/2017 - 12:57:59: [admin.amxx] Login: "Joker$*<905><VALVE_0:4:2104377450><>" became an admin (account "Joker$*") (access "bi") (address "109.98.128.83")
L 02/02/2017 - 12:58:45: [slayafk.amxx] Vallentina a primit slay, deoarece a fost afk mai mult de 30 secunde
L 02/02/2017 - 12:58:45: [slayafk.amxx] Age a primit slay, deoarece a fost afk mai mult de 30 secunde
L 02/02/2017 - 13:00:55: [slayafk.amxx] Vallentina a primit slay, deoarece a fost afk mai mult de 30 secunde
L 02/02/2017 - 13:00:55: [slayafk.amxx] Age a primit slay, deoarece a fost afk mai mult de 30 secunde
L 02/02/2017 - 13:03:20: [slayafk.amxx] Age a primit slay, deoarece a fost afk mai mult de 30 secunde
L 02/02/2017 - 13:05:00: [slayafk.amxx] Vallentina a primit slay, deoarece a fost afk mai mult de 30 secunde
L 02/02/2017 - 13:05:05: [slayafk.amxx] Age a primit slay, deoarece a fost afk mai mult de 30 secunde
L 02/02/2017 - 13:06:20: [slayafk.amxx] Vallentina a primit slay, deoarece a fost afk mai mult de 30 secunde
L 02/02/2017 - 13:06:50: [slayafk.amxx] Age a primit slay, deoarece a fost afk mai mult de 30 secunde
L 02/02/2017 - 13:07:00: [slayafk.amxx] Vallentina a primit slay, deoarece a fost afk mai mult de 30 secunde
L 02/02/2017 - 13:07:30: [slayafk.amxx] Vlad a primit slay, deoarece a fost afk mai mult de 30 secunde
L 02/02/2017 - 13:07:40: [slayafk.amxx] Vallentina a primit slay, deoarece a fost afk mai mult de 30 secunde
L 02/02/2017 - 13:08:20: [slayafk.amxx] Age a primit slay, deoarece a fost afk mai mult de 30 secunde
L 02/02/2017 - 13:08:25: [slayafk.amxx] Vallentina a primit slay, deoarece a fost afk mai mult de 30 secunde
L 02/02/2017 - 13:09:10: [slayafk.amxx] Vallentina a primit slay, deoarece a fost afk mai mult de 30 secunde
L 02/02/2017 - 13:09:10: [slayafk.amxx] Age a primit slay, deoarece a fost afk mai mult de 30 secunde
L 02/02/2017 - 13:10:25: [slayafk.amxx] Age a primit slay, deoarece a fost afk mai mult de 30 secunde
L 02/02/2017 - 13:10:25: [slayafk.amxx] k3NNy a primit slay, deoarece a fost afk mai mult de 30 secunde
L 02/02/2017 - 13:10:50: -------- Mapchange to deathrun_minimalism_beta2 --------
L 02/02/2017 - 13:10:52: [comp_timer2.amxx] Error on query: You have an error in your SQL syntax; check the manual that corresponds to your MySQL server version for the right syntax to use near '' at line 1
L 02/02/2017 - 13:10:52: [comp_timer2.amxx] FailState == TQUERY_QUERY_FAILED, Query failed.
L 02/02/2017 - 13:12:01: [admin.amxx] Login: "FL0PPY<919><VALVE_0:4:69193463><>" became an admin (account "fl0ppy") (access "bi") (address "86.127.99.161")
L 02/02/2017 - 13:12:05: [admin.amxx] Login: "FL0PPY<920><VALVE_0:4:69193463><>" became an admin (account "fl0ppy") (access "bi") (address "86.127.99.161")
L 02/02/2017 - 13:24:56: [admin.amxx] Login: "FL0PPY<927><VALVE_0:4:69193463><>" became an admin (account "fl0ppy") (access "bi") (address "86.127.99.161")
L 02/02/2017 - 13:25:41: [admincmd.amxx] Cmd: "FL0PPY<927><VALVE_0:4:69193463><>" slap with 0 damage "DragoS <out of sync><924><VALVE_0:4:838647914><>"
L 02/02/2017 - 13:26:09: [admincmd.amxx] Cmd: "FL0PPY<927><VALVE_0:4:69193463><>" slap with 0 damage "DragoS <out of sync><924><VALVE_0:4:838647914><>"
L 02/02/2017 - 13:32:06: [mapsmenu.amxx] Vote: "FL0PPY<927><VALVE_0:4:69193463><>" vote maps (map#1 "deathrun_scooby-doo") (map#2 "deathrun_expres-game") (map#3 "") (map#4 "")
L 02/02/2017 - 13:32:18: [mapsmenu.amxx] Vote: Voting successful. Map will be changed to deathrun_expres-game
L 02/02/2017 - 13:36:19: [adminchat.amxx] Chat: "FL0PPY<927><VALVE_0:4:69193463><>" psay "MiB^ @like's that69<918><STEAM_0:0:1940015179><>" "bhop.wars.ro"
L 02/02/2017 - 13:36:19: [adminchat.amxx] Chat: "FL0PPY<927><VALVE_0:4:69193463><>" psay "MiB^ @like's that69<918><STEAM_0:0:1940015179><>" "bhop.wars.ro "
L 02/02/2017 - 13:36:20: [adminchat.amxx] Chat: "FL0PPY<927><VALVE_0:4:69193463><>" psay "MiB^ @like's that69<918><STEAM_0:0:1940015179><>" "bhop.wars.ro "
L 02/02/2017 - 13:36:20: [adminchat.amxx] Chat: "FL0PPY<927><VALVE_0:4:69193463><>" psay "MiB^ @like's that69<918><STEAM_0:0:1940015179><>" "bhop.wars.ro "
L 02/02/2017 - 13:37:57: -------- Mapchange to deathrun_expres-game --------
L 02/02/2017 - 13:37:58: [comp_timer2.amxx] Error on query: You have an error in your SQL syntax; check the manual that corresponds to your MySQL server version for the right syntax to use near '' at line 1
L 02/02/2017 - 13:37:58: [comp_timer2.amxx] FailState == TQUERY_QUERY_FAILED, Query failed.
L 02/02/2017 - 13:38:48: [slayafk.amxx] Vallentina a primit slay, deoarece a fost afk mai mult de 30 secunde
L 02/02/2017 - 13:39:24: [slayafk.amxx] Vallentina a primit slay, deoarece a fost afk mai mult de 30 secunde
L 02/02/2017 - 13:40:23: [slayafk.amxx] Vallentina a primit slay, deoarece a fost afk mai mult de 30 secunde
L 02/02/2017 - 13:41:24: [slayafk.amxx] Vallentina a primit slay, deoarece a fost afk mai mult de 30 secunde
L 02/02/2017 - 13:41:24: [slayafk.amxx] k3NNy a primit slay, deoarece a fost afk mai mult de 30 secunde
L 02/02/2017 - 13:42:33: [slayafk.amxx] k3NNy a primit slay, deoarece a fost afk mai mult de 30 secunde
L 02/02/2017 - 13:43:43: [slayafk.amxx] Vallentina a primit slay, deoarece a fost afk mai mult de 30 secunde
L 02/02/2017 - 13:46:19: [admin.amxx] Login: "EvolGeniuS - ThE king#<949><STEAM_0:1:84045719><>" became an admin (account "EvolGeniuS - ThE king#") (access "bi") (address "5.14.38.200")
L 02/02/2017 - 13:46:53: [slayafk.amxx] Vallentina a primit slay, deoarece a fost afk mai mult de 30 secunde
L 02/02/2017 - 13:49:28: [slayafk.amxx] Vallentina a primit slay, deoarece a fost afk mai mult de 30 secunde
L 02/02/2017 - 13:50:14: [slayafk.amxx] Vallentina a primit slay, deoarece a fost afk mai mult de 30 secunde
L 02/02/2017 - 13:54:13: [slayafk.amxx] Vallentina a primit slay, deoarece a fost afk mai mult de 30 secunde
L 02/02/2017 - 13:55:14: [slayafk.amxx] Vallentina a primit slay, deoarece a fost afk mai mult de 30 secunde
L 02/02/2017 - 13:56:49: [slayafk.amxx] Vallentina a primit slay, deoarece a fost afk mai mult de 30 secunde
L 02/02/2017 - 13:57:34: [slayafk.amxx] Vallentina a primit slay, deoarece a fost afk mai mult de 30 secunde
L 02/02/2017 - 13:57:34: [slayafk.amxx] byCRENNZY a primit slay, deoarece a fost afk mai mult de 30 secunde
L 02/02/2017 - 14:00:43: [slayafk.amxx] Vallentina a primit slay, deoarece a fost afk mai mult de 30 secunde
L 02/02/2017 - 14:02:14: [admin.amxx] Login: "EvolGeniuS - ThE king#<957><STEAM_0:1:84045719><>" became an admin (account "EvolGeniuS - ThE king#") (access "bi") (address "5.14.38.200")
L 02/02/2017 - 14:02:33: [slayafk.amxx] Vallentina a primit slay, deoarece a fost afk mai mult de 30 secunde
L 02/02/2017 - 14:03:27: -------- Mapchange to deathrun_snow_wind --------
L 02/02/2017 - 14:03:30: [comp_timer2.amxx] Error on query: You have an error in your SQL syntax; check the manual that corresponds to your MySQL server version for the right syntax to use near '' at line 1
L 02/02/2017 - 14:03:30: [comp_timer2.amxx] FailState == TQUERY_QUERY_FAILED, Query failed.
L 02/02/2017 - 14:07:48: [comp_timer2.amxx] Error on query: You have an error in your SQL syntax; check the manual that corresponds to your MySQL server version for the right syntax to use near 's that69' AND Map = 'deathrun_snow_wind'' at line 1
L 02/02/2017 - 14:07:48: [comp_timer2.amxx] FailState == TQUERY_QUERY_FAILED, Query failed.
L 02/02/2017 - 14:11:09: [admincmd.amxx] Cmd: "Dr.FioriGinal.Ro ~ Server Clasi<0><><>" slay "pufuletz<983><STEAM_0:0:917011913><>"
L 02/02/2017 - 14:11:21: [admincmd.amxx] Cmd: "Dr.FioriGinal.Ro ~ Server Clasi<0><><>" slay "Andrei.Versace<984><STEAM_0:0:917011913><>"
L 02/02/2017 - 14:19:50: [comp_timer2.amxx] Error on query: You have an error in your SQL syntax; check the manual that corresponds to your MySQL server version for the right syntax to use near 's that69' AND Map = 'deathrun_snow_wind'' at line 1
L 02/02/2017 - 14:19:50: [comp_timer2.amxx] FailState == TQUERY_QUERY_FAILED, Query failed.
L 02/02/2017 - 14:26:06: [admin.amxx] Login: "KingKong<999><VALVE_0:4:1602109546><>" became an admin (account "KingKong") (access "bi") (address "109.98.160.23")
L 02/02/2017 - 14:26:09: [admin.amxx] Login: "KingKong<1000><VALVE_0:4:1602109546><>" became an admin (account "KingKong") (access "bi") (address "109.98.160.23")
L 02/02/2017 - 14:26:48: [admincmd.amxx] Cmd: "KingKong<1000><VALVE_0:4:1602109546><>" slay "k3NNy<971><STEAM_0:0:526098351><>"
L 02/02/2017 - 14:28:08: [admincmd.amxx] Kick: "KingKong<1000><VALVE_0:4:1602109546><>" kick "markeloff <3<990><STEAM_0:0:519573258><>" (reason "gura")
L 02/02/2017 - 14:28:56: [admincmd.amxx] Cmd: "KingKong<1000><VALVE_0:4:1602109546><>" slap with 0 damage "KingKong<1000><VALVE_0:4:1602109546><>"
L 02/02/2017 - 14:29:02: [admincmd.amxx] Cmd: "KingKong<1000><VALVE_0:4:1602109546><>" slap with 0 damage "KingKong<1000><VALVE_0:4:1602109546><>"
L 02/02/2017 - 14:29:05: [admincmd.amxx] Cmd: "KingKong<1000><VALVE_0:4:1602109546><>" slap with 0 damage "KingKong<1000><VALVE_0:4:1602109546><>"
L 02/02/2017 - 14:29:07: [admincmd.amxx] Cmd: "KingKong<1000><VALVE_0:4:1602109546><>" slap with 0 damage "KingKong<1000><VALVE_0:4:1602109546><>"
L 02/02/2017 - 14:29:10: [admincmd.amxx] Cmd: "KingKong<1000><VALVE_0:4:1602109546><>" slap with 0 damage "KingKong<1000><VALVE_0:4:1602109546><>"
L 02/02/2017 - 14:29:27: [admincmd.amxx] Cmd: "KingKong<1000><VALVE_0:4:1602109546><>" slap with 0 damage "KingKong<1000><VALVE_0:4:1602109546><>"
L 02/02/2017 - 14:29:46: [admincmd.amxx] Kick: "KingKong<1000><VALVE_0:4:1602109546><>" kick "markeloff <3<1001><STEAM_0:0:519573258><>" (reason "gura")
L 02/02/2017 - 14:30:15: [admincmd.amxx] Kick: "KingKong<1000><VALVE_0:4:1602109546><>" kick "markeloff <3<1003><STEAM_0:0:519573258><>" (reason "gura")
L 02/02/2017 - 14:30:35: [admincmd.amxx] Kick: "KingKong<1000><VALVE_0:4:1602109546><>" kick "markeloff <3<1004><STEAM_0:0:519573258><>" (reason "gura")
L 02/02/2017 - 14:30:43: [admincmd.amxx] Cmd: "Dr.FioriGinal.Ro ~ Server Clasi<0><><>" slay "markeloff <3<1005><STEAM_0:0:519573258><>"
L 02/02/2017 - 14:31:00: [adminchat.amxx] Chat: "markeloff <3<1005><STEAM_0:0:519573258><>" chat " ba copile"
L 02/02/2017 - 14:31:39: -------- Mapchange to deathrun_helvis --------
L 02/02/2017 - 14:31:40: [comp_timer2.amxx] Error on query: You have an error in your SQL syntax; check the manual that corresponds to your MySQL server version for the right syntax to use near '' at line 1
L 02/02/2017 - 14:31:40: [comp_timer2.amxx] FailState == TQUERY_QUERY_FAILED, Query failed.
L 02/02/2017 - 14:31:41: [admin.amxx] Login: "KingKong<1000><VALVE_0:4:1602109546><>" became an admin (account "KingKong") (access "bi") (address "109.98.160.23")
L 02/02/2017 - 14:31:50: [admin.amxx] Login: "KingKong<1009><VALVE_0:4:1602109546><>" became an admin (account "KingKong") (access "bi") (address "109.98.160.23")
L 02/02/2017 - 14:32:23: [admincmd.amxx] Kick: "KingKong<1009><VALVE_0:4:1602109546><>" kick "markeloff <3<1008><STEAM_0:0:519573258><>" (reason "gura")
L 02/02/2017 - 14:32:31: [admincmd.amxx] Cmd: "Dr.FioriGinal.Ro ~ Server Clasi<0><><>" slay "markeloff <3<1013><STEAM_0:0:519573258><>"
L 02/02/2017 - 14:34:26: [admincmd.amxx] Kick: "KingKong<1009><VALVE_0:4:1602109546><>" kick "markeloff <3<1013><STEAM_0:0:519573258><>" (reason "gura")
L 02/02/2017 - 14:34:35: [admincmd.amxx] Kick: "KingKong<1009><VALVE_0:4:1602109546><>" kick "markeloff <3<1016><STEAM_0:0:519573258><>" (reason "gura")
L 02/02/2017 - 14:34:39: [admincmd.amxx] Kick: "KingKong<1009><VALVE_0:4:1602109546><>" kick "markeloff <3<1018><STEAM_0:0:519573258><>" (reason "gura")
L 02/02/2017 - 14:34:51: [admincmd.amxx] Kick: "KingKong<1009><VALVE_0:4:1602109546><>" kick "markeloff <3<1019><STEAM_0:0:519573258><>" (reason "gura")
L 02/02/2017 - 14:35:01: [admincmd.amxx] Kick: "KingKong<1009><VALVE_0:4:1602109546><>" kick "markeloff <3<1022><STEAM_0:0:519573258><>" (reason "gura")
L 02/02/2017 - 14:35:29: [plmenu.amxx] Kick: "KingKong<1009><VALVE_0:4:1602109546><>" kick "markeloff <3<1023><STEAM_0:0:519573258><>"
L 02/02/2017 - 14:35:39: [plmenu.amxx] Kick: "KingKong<1009><VALVE_0:4:1602109546><>" kick "markeloff <3<1024><STEAM_0:0:519573258><>"
L 02/02/2017 - 14:35:54: [plmenu.amxx] Kick: "KingKong<1009><VALVE_0:4:1602109546><>" kick "Age<994><STEAM_0:0:709566424><>"
L 02/02/2017 - 14:35:55: [plmenu.amxx] Kick: "KingKong<1009><VALVE_0:4:1602109546><>" kick "k3NNy<1007><STEAM_0:0:526098351><>"
L 02/02/2017 - 14:35:56: [plmenu.amxx] Kick: "KingKong<1009><VALVE_0:4:1602109546><>" kick "TheDRAGONGAMER4<1021><STEAM_0:0:1731702648><>"
L 02/02/2017 - 14:35:56: [plmenu.amxx] Kick: "KingKong<1009><VALVE_0:4:1602109546><>" kick "Junky<1017><STEAM_0:0:460552036><>"
L 02/02/2017 - 14:35:56: [plmenu.amxx] Kick: "KingKong<1009><VALVE_0:4:1602109546><>" kick "markeloff <3<1025><STEAM_0:0:519573258><>"
L 02/02/2017 - 14:35:56: [plmenu.amxx] Kick: "KingKong<1009><VALVE_0:4:1602109546><>" kick "KingKong<1009><VALVE_0:4:1602109546><>"
L 02/02/2017 - 14:36:05: [admincmd.amxx] Cmd: "Dr.FioriGinal.Ro ~ Server Clasi<0><><>" slay "Age<1026><STEAM_0:0:709566424><>"
L 02/02/2017 - 14:36:06: [admincmd.amxx] Cmd: "Dr.FioriGinal.Ro ~ Server Clasi<0><><>" slay "k3NNy<1028><STEAM_0:0:526098351><>"
L 02/02/2017 - 14:36:06: [admincmd.amxx] Cmd: "Dr.FioriGinal.Ro ~ Server Clasi<0><><>" slay "TheDRAGONGAMER4<1027><STEAM_0:0:1731702648><>"
L 02/02/2017 - 14:36:10: [admincmd.amxx] Cmd: "Dr.FioriGinal.Ro ~ Server Clasi<0><><>" slay "Junky<1029><STEAM_0:0:460552036><>"
L 02/02/2017 - 14:36:12: [admin.amxx] Login: "KingKong<1032><VALVE_0:4:1602109546><>" became an admin (account "KingKong") (access "bi") (address "109.98.160.23")
L 02/02/2017 - 14:36:31: [plmenu.amxx] Kick: "KingKong<1032><VALVE_0:4:1602109546><>" kick "Age<1026><STEAM_0:0:709566424><>"
L 02/02/2017 - 14:36:33: [plmenu.amxx] Kick: "KingKong<1032><VALVE_0:4:1602109546><>" kick "nVidia E9 Gamer<1006><VALVE_0:4:35376247><>"
L 02/02/2017 - 14:36:35: [plmenu.amxx] Kick: "KingKong<1032><VALVE_0:4:1602109546><>" kick "markeloff <3<1031><STEAM_0:0:519573258><>"
L 02/02/2017 - 14:36:36: [plmenu.amxx] Kick: "KingKong<1032><VALVE_0:4:1602109546><>" kick "TheDRAGONGAMER4<1027><STEAM_0:0:1731702648><>"
L 02/02/2017 - 14:36:40: [admincmd.amxx] Cmd: "Dr.FioriGinal.Ro ~ Server Clasi<0><><>" slay "Age<1033><STEAM_0:0:709566424><>"
L 02/02/2017 - 14:36:48: [admincmd.amxx] Cmd: "Dr.FioriGinal.Ro ~ Server Clasi<0><><>" slay "TheDRAGONGAMER4<1036><STEAM_0:0:1731702648><>"
L 02/02/2017 - 14:37:07: [adminchat.amxx] Chat: "Age<1033><STEAM_0:0:709566424><>" chat "jegu pulii mele"
L 02/02/2017 - 14:37:14: [adminchat.amxx] Chat: "Age<1033><STEAM_0:0:709566424><>" chat "de masochist"
L 02/02/2017 - 14:37:15: [admincmd.amxx] Kick: "KingKong<1032><VALVE_0:4:1602109546><>" kick "Age<1033><STEAM_0:0:709566424><>" (reason "muie")
L 02/02/2017 - 14:37:39: [adminchat.amxx] Chat: "Age<1037><STEAM_0:0:709566424><>" chat "si vreti playeri pe joc:))"
L 02/02/2017 - 14:37:43: [admincmd.amxx] Kick: "KingKong<1032><VALVE_0:4:1602109546><>" kick "Age<1037><STEAM_0:0:709566424><>" (reason "muie")
L 02/02/2017 - 14:37:51: [adminchat.amxx] Chat: "Age<1038><STEAM_0:0:709566424><>" chat "vai de pl ta"
L 02/02/2017 - 14:37:52: [admincmd.amxx] Cmd: "Dr.FioriGinal.Ro ~ Server Clasi<0><><>" slay "Age<1038><STEAM_0:0:709566424><>"
L 02/02/2017 - 14:37:54: [admincmd.amxx] Kick: "KingKong<1032><VALVE_0:4:1602109546><>" kick "Age<1038><STEAM_0:0:709566424><>" (reason "muie")
L 02/02/2017 - 14:38:14: [plmenu.amxx] Kick: "KingKong<1032><VALVE_0:4:1602109546><>" kick "DR.FIORIGINAL.RO<1010><BOT><>"
L 02/02/2017 - 14:38:14: [plmenu.amxx] Kick: "KingKong<1032><VALVE_0:4:1602109546><>" kick "Nevrozatu<1012><BOT><>"
L 02/02/2017 - 14:38:16: [plmenu.amxx] Kick: "KingKong<1032><VALVE_0:4:1602109546><>" kick "www.forum.fioriginal.ro<1011><BOT><>"
L 02/02/2017 - 14:38:18: [adminchat.amxx] Chat: "6AM<1034><VALVE_0:4:35376247><>" chat " spec me, te rog"
L 02/02/2017 - 14:38:47: [admincmd.amxx] Kick: "KingKong<1032><VALVE_0:4:1602109546><>" kick "g10<1041><STEAM_0:0:709566424><>" (reason "")
L 02/02/2017 - 14:39:08: [admincmd.amxx] Cmd: "KingKong<1032><VALVE_0:4:1602109546><>" slap with 0 damage "KingKong<1032><VALVE_0:4:1602109546><>"
L 02/02/2017 - 14:39:08: [admincmd.amxx] Cmd: "KingKong<1032><VALVE_0:4:1602109546><>" slap with 0 damage "KingKong<1032><VALVE_0:4:1602109546><>"
L 02/02/2017 - 14:39:08: [admincmd.amxx] Cmd: "KingKong<1032><VALVE_0:4:1602109546><>" slap with 0 damage "KingKong<1032><VALVE_0:4:1602109546><>"
L 02/02/2017 - 14:39:09: [admincmd.amxx] Cmd: "KingKong<1032><VALVE_0:4:1602109546><>" slap with 0 damage "KingKong<1032><VALVE_0:4:1602109546><>"
L 02/02/2017 - 14:39:09: [admincmd.amxx] Cmd: "KingKong<1032><VALVE_0:4:1602109546><>" slap with 0 damage "KingKong<1032><VALVE_0:4:1602109546><>"
L 02/02/2017 - 14:39:09: [admincmd.amxx] Cmd: "KingKong<1032><VALVE_0:4:1602109546><>" slap with 0 damage "KingKong<1032><VALVE_0:4:1602109546><>"
L 02/02/2017 - 14:39:09: [admincmd.amxx] Cmd: "KingKong<1032><VALVE_0:4:1602109546><>" slap with 0 damage "KingKong<1032><VALVE_0:4:1602109546><>"
L 02/02/2017 - 14:39:10: [admincmd.amxx] Cmd: "KingKong<1032><VALVE_0:4:1602109546><>" slap with 0 damage "KingKong<1032><VALVE_0:4:1602109546><>"
L 02/02/2017 - 14:39:10: [admincmd.amxx] Cmd: "KingKong<1032><VALVE_0:4:1602109546><>" slap with 0 damage "KingKong<1032><VALVE_0:4:1602109546><>"
L 02/02/2017 - 14:39:10: [admincmd.amxx] Cmd: "KingKong<1032><VALVE_0:4:1602109546><>" slap with 0 damage "KingKong<1032><VALVE_0:4:1602109546><>"
L 02/02/2017 - 14:39:10: [admincmd.amxx] Cmd: "KingKong<1032><VALVE_0:4:1602109546><>" slap with 0 damage "KingKong<1032><VALVE_0:4:1602109546><>"
L 02/02/2017 - 14:39:11: [admincmd.amxx] Cmd: "KingKong<1032><VALVE_0:4:1602109546><>" slap with 0 damage "KingKong<1032><VALVE_0:4:1602109546><>"
L 02/02/2017 - 14:39:11: [admincmd.amxx] Cmd: "KingKong<1032><VALVE_0:4:1602109546><>" slap with 0 damage "KingKong<1032><VALVE_0:4:1602109546><>"
L 02/02/2017 - 14:39:14: [plmenu.amxx] Kick: "KingKong<1032><VALVE_0:4:1602109546><>" kick "6AM<1034><VALVE_0:4:35376247><>"
L 02/02/2017 - 14:39:14: [plmenu.amxx] Kick: "KingKong<1032><VALVE_0:4:1602109546><>" kick "KingKong<1032><VALVE_0:4:1602109546><>"
L 02/02/2017 - 14:55:45: [admin.amxx] Login: "SWAGGIE. XD<1060><VALVE_0:4:862961770><>" became an admin (account "SWAGGIE. XD") (access "bi") (address "109.98.131.207")
L 02/02/2017 - 14:58:12: -------- Mapchange to deathrun_challenge_x --------
L 02/02/2017 - 14:58:13: [comp_timer2.amxx] Error on query: You have an error in your SQL syntax; check the manual that corresponds to your MySQL server version for the right syntax to use near '' at line 1
L 02/02/2017 - 14:58:13: [comp_timer2.amxx] FailState == TQUERY_QUERY_FAILED, Query failed.
L 02/02/2017 - 15:04:31: [admincmd.amxx] Cmd: "Dr.FioriGinal.Ro ~ Server Clasi<0><><>" slay "Daky69<1074><STEAM_0:0:523798960><>"
L 02/02/2017 - 15:06:20: [admin.amxx] Login: "FAKE ^^<1077><STEAM_0:0:334408724><>" became an admin (account "FAKE ^^") (access "bit") (address "95.76.1.170")
L 02/02/2017 - 15:11:54: [slayafk.amxx] FAKE ^^ a primit slay, deoarece a fost afk mai mult de 30 secunde
L 02/02/2017 - 15:13:59: [slayafk.amxx] FAKE ^^ a primit slay, deoarece a fost afk mai mult de 30 secunde
L 02/02/2017 - 15:15:39: [slayafk.amxx] FAKE ^^ a primit slay, deoarece a fost afk mai mult de 30 secunde
L 02/02/2017 - 15:19:34: [slayafk.amxx] FAKE ^^ a primit slay, deoarece a fost afk mai mult de 30 secunde
L 02/02/2017 - 15:25:17: -------- Mapchange to deathrun_genius --------
L 02/02/2017 - 15:25:18: [comp_timer2.amxx] Error on query: You have an error in your SQL syntax; check the manual that corresponds to your MySQL server version for the right syntax to use near '' at line 1
L 02/02/2017 - 15:25:18: [comp_timer2.amxx] FailState == TQUERY_QUERY_FAILED, Query failed.
L 02/02/2017 - 15:25:20: [admin.amxx] Login: "FAKE ^^<1077><STEAM_0:0:334408724><>" became an admin (account "FAKE ^^") (access "bit") (address "95.76.1.170")
L 02/02/2017 - 15:26:11: [admin.amxx] Login: "FL0PPY<1104><VALVE_0:4:69193463><>" became an admin (account "fl0ppy") (access "bi") (address "86.127.99.161")
L 02/02/2017 - 15:26:39: [slayafk.amxx] FAKE ^^ a primit slay, deoarece a fost afk mai mult de 30 secunde
L 02/02/2017 - 15:29:54: [slayafk.amxx] 6AM a primit slay, deoarece a fost afk mai mult de 30 secunde
L 02/02/2017 - 15:29:54: [slayafk.amxx] FL0PPY a primit slay, deoarece a fost afk mai mult de 30 secunde
L 02/02/2017 - 15:30:04: [pistols_sql.amxx] FailState == TQUERY_QUERY_FAILED, Query failed.
L 02/02/2017 - 15:30:04: [pistols_sql.amxx] SqlConnection == Empty_Handle, SqlError: Can't connect to MySQL server on '89.40.104.2' (4)
L 02/02/2017 - 15:30:19: [pistols_sql.amxx] FailState == TQUERY_QUERY_FAILED, Query failed.
L 02/02/2017 - 15:31:59: [slayafk.amxx] 6AM a primit slay, deoarece a fost afk mai mult de 30 secunde
L 02/02/2017 - 15:31:59: [slayafk.amxx] FL0PPY a primit slay, deoarece a fost afk mai mult de 30 secunde
L 02/02/2017 - 15:33:09: [slayafk.amxx] FL0PPY a primit slay, deoarece a fost afk mai mult de 30 secunde
L 02/02/2017 - 15:36:40: [admin.amxx] Login: "FAKE ^^<1114><STEAM_0:0:334408724><>" became an admin (account "FAKE ^^") (access "bit") (address "95.76.1.170")
L 02/02/2017 - 15:50:55: -------- Mapchange to deathrun_alpin_spring --------
L 02/02/2017 - 15:50:56: [comp_timer2.amxx] Error on query: You have an error in your SQL syntax; check the manual that corresponds to your MySQL server version for the right syntax to use near '' at line 1
L 02/02/2017 - 15:50:56: [comp_timer2.amxx] FailState == TQUERY_QUERY_FAILED, Query failed.
L 02/02/2017 - 16:16:58: -------- Mapchange to deathrun_unreal --------
L 02/02/2017 - 16:16:59: [comp_timer2.amxx] Error on query: You have an error in your SQL syntax; check the manual that corresponds to your MySQL server version for the right syntax to use near '' at line 1
L 02/02/2017 - 16:16:59: [comp_timer2.amxx] FailState == TQUERY_QUERY_FAILED, Query failed.
L 02/02/2017 - 16:19:53: [admin.amxx] Login: "FL0PPY<1158><VALVE_0:4:69193463><>" became an admin (account "fl0ppy") (access "bi") (address "86.127.99.161")
L 02/02/2017 - 16:21:05: [slayafk.amxx] omer a primit slay, deoarece a fost afk mai mult de 30 secunde
L 02/02/2017 - 16:22:10: [slayafk.amxx] omer a primit slay, deoarece a fost afk mai mult de 30 secunde
L 02/02/2017 - 16:29:40: [admincmd.amxx] Cmd: "Dr.FioriGinal.Ro ~ Server Clasi<0><><>" slay "C9 Yijox<1163><STEAM_0:0:660503307><>"
L 02/02/2017 - 16:35:35: [slayafk.amxx] omer a primit slay, deoarece a fost afk mai mult de 30 secunde
L 02/02/2017 - 16:38:50: [slayafk.amxx] omer a primit slay, deoarece a fost afk mai mult de 30 secunde
L 02/02/2017 - 16:40:45: [slayafk.amxx] omer a primit slay, deoarece a fost afk mai mult de 30 secunde
L 02/02/2017 - 16:41:25: [slayafk.amxx] omer a primit slay, deoarece a fost afk mai mult de 30 secunde
L 02/02/2017 - 16:42:56: -------- Mapchange to deathrun_anca --------
L 02/02/2017 - 16:42:58: [comp_timer2.amxx] Error on query: You have an error in your SQL syntax; check the manual that corresponds to your MySQL server version for the right syntax to use near '' at line 1
L 02/02/2017 - 16:42:58: [comp_timer2.amxx] FailState == TQUERY_QUERY_FAILED, Query failed.
L 02/02/2017 - 16:54:52: [admin.amxx] Login: "J.Smith<1185><STEAM_0:0:59563675><>" became an admin (account "J.Smith") (access "bi") (address "109.185.5.238")
L 02/02/2017 - 16:56:10: [admin.amxx] Login: "fl0ppy<1190><VALVE_0:4:69193463><>" became an admin (account "fl0ppy") (access "bi") (address "86.127.99.161")
L 02/02/2017 - 16:56:13: [admin.amxx] Login: "fl0ppy<1191><VALVE_0:4:69193463><>" became an admin (account "fl0ppy") (access "bi") (address "86.127.99.161")
L 02/02/2017 - 16:57:56: [admin.amxx] Login: "wKn<1194><STEAM_0:0:196614190><>" became an admin (account "wKn") (access "bit") (address "92.80.78.114")
L 02/02/2017 - 16:58:00: [admin.amxx] Login: "wKn<1195><STEAM_0:0:196614190><>" became an admin (account "wKn") (access "bit") (address "92.80.78.114")
L 02/02/2017 - 16:59:23: [admin.amxx] Login: "trickz-<1196><VALVE_0:4:1793827434><>" kicked due to invalid password (account "trickz-") (address "109.166.139.124")
L 02/02/2017 - 16:59:29: [admin.amxx] Login: "trickz-<1197><VALVE_0:4:1793827434><>" became an admin (account "trickz-") (access "bi") (address "109.166.139.124")
L 02/02/2017 - 16:59:35: [admin.amxx] Login: "trickz-<1198><VALVE_0:4:1793827434><>" became an admin (account "trickz-") (access "bi") (address "109.166.139.124")
L 02/02/2017 - 17:06:12: [admin.amxx] Login: "fl0ppy<1205><VALVE_0:4:69193463><>" became an admin (account "fl0ppy") (access "bi") (address "86.127.99.161")
L 02/02/2017 - 17:06:18: [admincmd.amxx] Cmd: "Dr.FioriGinal.Ro ~ Server Clasi<0><><>" slay "fl0ppy<1205><VALVE_0:4:69193463><>"
L 02/02/2017 - 17:09:40: -------- Mapchange to deathrun_expres-game --------
L 02/02/2017 - 17:09:41: [comp_timer2.amxx] Error on query: You have an error in your SQL syntax; check the manual that corresponds to your MySQL server version for the right syntax to use near '' at line 1
L 02/02/2017 - 17:09:41: [comp_timer2.amxx] FailState == TQUERY_QUERY_FAILED, Query failed.
L 02/02/2017 - 17:09:42: [admin.amxx] Login: "wKn<1195><STEAM_0:0:196614190><>" became an admin (account "wKn") (access "bit") (address "92.80.78.114")
L 02/02/2017 - 17:09:42: [admin.amxx] Login: "fl0ppy<1205><VALVE_0:4:69193463><>" became an admin (account "fl0ppy") (access "bi") (address "86.127.99.161")
L 02/02/2017 - 17:12:49: [admincmd.amxx] Cmd: "fl0ppy<1205><VALVE_0:4:69193463><>" slay "G7<1222><VALVE_0:4:137972976><>"
L 02/02/2017 - 17:16:17: [slayafk.amxx] IrreguLar a primit slay, deoarece a fost afk mai mult de 30 secunde
L 02/02/2017 - 17:16:17: [slayafk.amxx] fl0ppy a primit slay, deoarece a fost afk mai mult de 30 secunde
L 02/02/2017 - 17:19:47: [slayafk.amxx] IrreguLar a primit slay, deoarece a fost afk mai mult de 30 secunde
L 02/02/2017 - 17:19:47: [slayafk.amxx] fl0ppy a primit slay, deoarece a fost afk mai mult de 30 secunde
L 02/02/2017 - 17:21:35: [admin.amxx] Login: "wKn<1228><STEAM_0:0:196614190><>" became an admin (account "wKn") (access "bit") (address "92.80.78.114")
L 02/02/2017 - 17:21:47: [slayafk.amxx] fl0ppy a primit slay, deoarece a fost afk mai mult de 30 secunde
L 02/02/2017 - 17:23:57: [slayafk.amxx] fl0ppy a primit slay, deoarece a fost afk mai mult de 30 secunde
L 02/02/2017 - 17:24:52: [slayafk.amxx] fl0ppy a primit slay, deoarece a fost afk mai mult de 30 secunde
L 02/02/2017 - 17:29:42: [slayafk.amxx] fl0ppy a primit slay, deoarece a fost afk mai mult de 30 secunde
L 02/02/2017 - 17:30:57: [slayafk.amxx] fl0ppy a primit slay, deoarece a fost afk mai mult de 30 secunde
L 02/02/2017 - 17:31:12: [slayafk.amxx] NiNjA.cfg a primit slay, deoarece a fost afk mai mult de 30 secunde
L 02/02/2017 - 17:32:22: [slayafk.amxx] fl0ppy a primit slay, deoarece a fost afk mai mult de 30 secunde
L 02/02/2017 - 17:36:13: [adminchat.amxx] Chat: "FLVXSOW;[<1237><STEAM_0:0:77647261><>" chat " slay ninja in pula mea"
L 02/02/2017 - 17:37:08: -------- Mapchange to deathrun_legendz --------
L 02/02/2017 - 17:37:10: [comp_timer2.amxx] Error on query: You have an error in your SQL syntax; check the manual that corresponds to your MySQL server version for the right syntax to use near '' at line 1
L 02/02/2017 - 17:37:10: [comp_timer2.amxx] FailState == TQUERY_QUERY_FAILED, Query failed.
L 02/02/2017 - 17:37:14: [admin.amxx] Login: "fl0ppy<1205><VALVE_0:4:69193463><>" became an admin (account "fl0ppy") (access "bi") (address "86.127.99.161")
L 02/02/2017 - 17:37:15: [admin.amxx] Login: "fl0ppy<1254><VALVE_0:4:69193463><>" became an admin (account "fl0ppy") (access "bi") (address "86.127.99.161")
L 02/02/2017 - 17:42:40: [slayafk.amxx] Alex a primit slay, deoarece a fost afk mai mult de 30 secunde
L 02/02/2017 - 17:43:50: [slayafk.amxx] G7 a primit slay, deoarece a fost afk mai mult de 30 secunde
L 02/02/2017 - 17:52:48: [admin.amxx] Login: "Cuppy # LePatron<1282><STEAM_0:1:193294027><>" kicked due to invalid password (account "Cuppy # LePatron") (address "46.253.168.87")
L 02/02/2017 - 17:53:15: [admin.amxx] Login: "Cuppy # LePatron<1283><STEAM_0:1:193294027><>" became an admin (account "Cuppy # LePatron") (access "bi") (address "46.253.168.87")
L 02/02/2017 - 17:54:10: [slayafk.amxx] Fortlessica. a primit slay, deoarece a fost afk mai mult de 30 secunde
L 02/02/2017 - 17:56:16: [admincmd.amxx] Kick: "Cuppy # LePatron<1283><STEAM_0:1:193294027><>" kick "G7<1259><VALVE_0:4:137972976><>" (reason "")
L 02/02/2017 - 17:57:45: [adminchat.amxx] Chat: "G7<1287><VALVE_0:4:137972976><>" chat "ai "
L 02/02/2017 - 17:57:49: [adminchat.amxx] Chat: "G7<1287><VALVE_0:4:137972976><>" chat "Abia astept"
L 02/02/2017 - 17:59:00: [slayafk.amxx] G7 a primit slay, deoarece a fost afk mai mult de 30 secunde
L 02/02/2017 - 17:59:38: [admin.amxx] Login: "deadpool<1295><STEAM_0:0:30403765><>" became an admin (account "deadpool") (access "bit") (address "82.79.251.176")
L 02/02/2017 - 17:59:41: [mapsmenu.amxx] Vote: "Cuppy # LePatron<1283><STEAM_0:1:193294027><>" vote maps (map#1 "deathrun_gb_winter_final4") (map#2 "deathrun_antic") (map#3 "") (map#4 "")
L 02/02/2017 - 17:59:53: [mapsmenu.amxx] Vote: Voting successful. Map will be changed to deathrun_gb_winter_final4
L 02/02/2017 - 18:01:53: [adminchat.amxx] Chat: "Cuppy # LePatron<1283><STEAM_0:1:193294027><>" psay "GoD-Ra<1260><VALVE_0:4:1190480507><>" "nu mai injura!!"
L 02/02/2017 - 18:09:13: -------- Mapchange to deathrun_gb_winter_final4 --------
L 02/02/2017 - 18:09:15: [comp_timer2.amxx] Error on query: You have an error in your SQL syntax; check the manual that corresponds to your MySQL server version for the right syntax to use near '' at line 1
L 02/02/2017 - 18:09:15: [comp_timer2.amxx] FailState == TQUERY_QUERY_FAILED, Query failed.
L 02/02/2017 - 18:09:16: [admin.amxx] Login: "deadpool<1295><STEAM_0:0:30403765><>" became an admin (account "deadpool") (access "bit") (address "82.79.251.176")
L 02/02/2017 - 18:11:12: [admin.amxx] Login: "kaka<1309><VALVE_0:4:1033726963><>" kicked due to invalid password (account "kaka") (address "94.53.102.210")
L 02/02/2017 - 18:12:06: [admin.amxx] Login: "kaka<1310><VALVE_0:4:1033726963><>" became an admin (account "kaka") (access "bi") (address "94.53.102.210")
L 02/02/2017 - 18:14:20: [admincmd.amxx] Cmd: "kaka<1310><VALVE_0:4:1033726963><>" ask for players list
L 02/02/2017 - 18:14:24: [adminchat.amxx] Chat: "kaka<1310><VALVE_0:4:1033726963><>" chat " .."
L 02/02/2017 - 18:18:12: [adminchat.amxx] Chat: "=MIRE<1308><VALVE_0:4:1711063146><>" chat " "
L 02/02/2017 - 18:19:06: [adminvote.amxx] Vote: "kaka<1310><VALVE_0:4:1033726963><>" vote ban (target "G7")
L 02/02/2017 - 18:19:18: [adminvote.amxx] Vote: Voting successful (got "7") (needed "4") (result "amx_ban #1287 30 "lbj"")
L 02/02/2017 - 18:24:21: [adminchat.amxx] Chat: "G7<1287><VALVE_0:4:137972976><>" chat "sugi pola kaka"
L 02/02/2017 - 18:25:02: [admincmd.amxx] Cmd: "Dr.FioriGinal.Ro ~ Server Clasi<0><><>" slay "hhh<1322><VALVE_0:4:137972976><>"
L 02/02/2017 - 18:27:11: [admincmd.amxx] Cmd: "kaka<1310><VALVE_0:4:1033726963><>" ask for players list
L 02/02/2017 - 18:34:44: -------- Mapchange to deathrun_tomb_beta1 --------
L 02/02/2017 - 18:34:46: [comp_timer2.amxx] Error on query: You have an error in your SQL syntax; check the manual that corresponds to your MySQL server version for the right syntax to use near '' at line 1
L 02/02/2017 - 18:34:46: [comp_timer2.amxx] FailState == TQUERY_QUERY_FAILED, Query failed.
L 02/02/2017 - 18:40:03: [admin.amxx] Login: "J.Smith<1355><STEAM_0:0:59563675><>" became an admin (account "J.Smith") (access "bi") (address "109.185.5.238")
L 02/02/2017 - 18:44:56: [slayafk.amxx] FLVXSOW;[ a primit slay, deoarece a fost afk mai mult de 30 secunde
L 02/02/2017 - 18:49:12: [admin.amxx] Login: "LoV3<1372><STEAM_0:0:137776089><>" became an admin (account "LoV3") (access "bi") (address "109.102.38.10")
L 02/02/2017 - 18:49:36: [admincmd.amxx] Cmd: "LoV3<1372><STEAM_0:0:137776089><>" ask for players list
L 02/02/2017 - 18:52:01: [slayafk.amxx] LoV3 a primit slay, deoarece a fost afk mai mult de 30 secunde
L 02/02/2017 - 18:53:51: [slayafk.amxx] LoV3 a primit slay, deoarece a fost afk mai mult de 30 secunde
L 02/02/2017 - 18:55:26: [slayafk.amxx] Alexandru.pRo.cLaN-Nexon a primit slay, deoarece a fost afk mai mult de 30 secunde
L 02/02/2017 - 18:55:26: [slayafk.amxx] LoV3 a primit slay, deoarece a fost afk mai mult de 30 secunde
L 02/02/2017 - 18:58:26: [slayafk.amxx] Alexandru.pRo.cLaN-Nexon a primit slay, deoarece a fost afk mai mult de 30 secunde
L 02/02/2017 - 18:58:26: [slayafk.amxx] LoV3 a primit slay, deoarece a fost afk mai mult de 30 secunde
L 02/02/2017 - 18:59:41: [slayafk.amxx] LoV3 a primit slay, deoarece a fost afk mai mult de 30 secunde
L 02/02/2017 - 19:00:13: -------- Mapchange to deathrun_isle_beta1 --------
L 02/02/2017 - 19:00:14: [comp_timer2.amxx] Error on query: You have an error in your SQL syntax; check the manual that corresponds to your MySQL server version for the right syntax to use near '' at line 1
L 02/02/2017 - 19:00:14: [comp_timer2.amxx] FailState == TQUERY_QUERY_FAILED, Query failed.
L 02/02/2017 - 19:00:15: [admin.amxx] Login: "LoV3<1372><STEAM_0:0:137776089><>" became an admin (account "LoV3") (access "bi") (address "109.102.38.10")
L 02/02/2017 - 19:00:16: [admin.amxx] Login: "wKn<1385><STEAM_0:0:196614190><>" became an admin (account "wKn") (access "bit") (address "92.80.78.114")
L 02/02/2017 - 19:00:21: [admin.amxx] Login: "wKn<1388><STEAM_0:0:196614190><>" became an admin (account "wKn") (access "bit") (address "92.80.78.114")
L 02/02/2017 - 19:00:53: [admin.amxx] Login: "wKn<1396><STEAM_0:0:196614190><>" became an admin (account "wKn") (access "bit") (address "92.80.78.114")
L 02/02/2017 - 19:01:00: [slayafk.amxx] Alexandru.pRo.cLaN-Nexon a primit slay, deoarece a fost afk mai mult de 30 secunde
L 02/02/2017 - 19:01:01: [admincmd.amxx] Cmd: "Dr.FioriGinal.Ro ~ Server Clasi<0><><>" slay "wKn<1396><STEAM_0:0:196614190><>"
L 02/02/2017 - 19:01:10: [slayafk.amxx] LoV3 a primit slay, deoarece a fost afk mai mult de 30 secunde
L 02/02/2017 - 19:07:04: [admin.amxx] Login: "SWAGGIE. XD<1409><VALVE_0:4:862961770><>" became an admin (account "SWAGGIE. XD") (access "bi") (address "109.98.131.207")
L 02/02/2017 - 19:10:15: [admin.amxx] Login: "SWAGGIE. XD<1420><VALVE_0:4:862961770><>" became an admin (account "SWAGGIE. XD") (access "bi") (address "109.98.131.207")
L 02/02/2017 - 19:11:03: [admincmd.amxx] Cmd: "SWAGGIE. XD<1420><VALVE_0:4:862961770><>" slay "SWAGGIE. XD<1420><VALVE_0:4:862961770><>"
L 02/02/2017 - 19:14:10: [admincmd.amxx] Cmd: "Dr.FioriGinal.Ro ~ Server Clasi<0><><>" slay "K.A.S* WAK[N]ES<1429><STEAM_0:0:1315499095><>"
L 02/02/2017 - 19:16:38: [admincmd.amxx] Cmd: "Dr.FioriGinal.Ro ~ Server Clasi<0><><>" slay "K.A.S* WAK[N]ES<1434><STEAM_0:0:1315499095><>"
L 02/02/2017 - 19:16:47: [admincmd.amxx] Cmd: "Dr.FioriGinal.Ro ~ Server Clasi<0><><>" slay "K.A.S* WAK[N]ES<1435><STEAM_0:0:1315499095><>"
L 02/02/2017 - 19:17:07: [admin.amxx] Login: "SWAGGIE. XD<1438><VALVE_0:4:862961770><>" became an admin (account "SWAGGIE. XD") (access "bi") (address "109.98.131.207")
L 02/02/2017 - 19:18:45: [slayafk.amxx] RTRF a primit slay, deoarece a fost afk mai mult de 30 secunde
L 02/02/2017 - 19:18:45: [slayafk.amxx] Fortlessica. a primit slay, deoarece a fost afk mai mult de 30 secunde
L 02/02/2017 - 19:18:50: [admin.amxx] Login: "SWAGGIE. XD<1440><VALVE_0:4:862961770><>" became an admin (account "SWAGGIE. XD") (access "bi") (address "109.98.131.207")
L 02/02/2017 - 19:21:25: [slayafk.amxx] Fortlessica. a primit slay, deoarece a fost afk mai mult de 30 secunde
L 02/02/2017 - 19:25:23: [mapsmenu.amxx] Vote: "SWAGGIE. XD<1440><VALVE_0:4:862961770><>" vote maps (map#1 "deathrun_challenge_x") (map#2 "deathrun_y_underground") (map#3 "") (map#4 "")
L 02/02/2017 - 19:25:35: [mapsmenu.amxx] Vote: Voting successful. Map will be changed to deathrun_challenge_x
L 02/02/2017 - 19:26:37: -------- Mapchange to deathrun_challenge_x --------
L 02/02/2017 - 19:26:39: [comp_timer2.amxx] Error on query: You have an error in your SQL syntax; check the manual that corresponds to your MySQL server version for the right syntax to use near '' at line 1
L 02/02/2017 - 19:26:39: [comp_timer2.amxx] FailState == TQUERY_QUERY_FAILED, Query failed.
L 02/02/2017 - 19:26:40: [admin.amxx] Login: "SWAGGIE. XD<1440><VALVE_0:4:862961770><>" became an admin (account "SWAGGIE. XD") (access "bi") (address "109.98.131.207")
L 02/02/2017 - 19:27:19: [slayafk.amxx] Alexandru.pRo.cLaN-Nexon a primit slay, deoarece a fost afk mai mult de 30 secunde
L 02/02/2017 - 19:27:19: [slayafk.amxx] adysialtele a primit slay, deoarece a fost afk mai mult de 30 secunde
L 02/02/2017 - 19:27:54: [slayafk.amxx] Alexandru.pRo.cLaN-Nexon a primit slay, deoarece a fost afk mai mult de 30 secunde
L 02/02/2017 - 19:27:54: [slayafk.amxx] adysialtele a primit slay, deoarece a fost afk mai mult de 30 secunde
L 02/02/2017 - 19:29:49: [slayafk.amxx] adysialtele a primit slay, deoarece a fost afk mai mult de 30 secunde
L 02/02/2017 - 19:31:24: [admincmd.amxx] Cmd: "Dr.FioriGinal.Ro ~ Server Clasi<0><><>" slay "maketacke<1458><STEAM_0:0:1715760849><>"
L 02/02/2017 - 19:31:44: [slayafk.amxx] Alexandru.pRo.cLaN-Nexon a primit slay, deoarece a fost afk mai mult de 30 secunde
L 02/02/2017 - 19:34:28: [admin.amxx] Login: "Cuppy # LePatron<1466><STEAM_0:1:193294027><>" became an admin (account "Cuppy # LePatron") (access "bi") (address "46.253.168.87")
L 02/02/2017 - 19:36:47: [admincmd.amxx] Cmd: "Dr.FioriGinal.Ro ~ Server Clasi<0><><>" slay "seconD ;HNSk<1470><STEAM_0:1:39271980><>"
L 02/02/2017 - 19:37:01: [admin.amxx] Login: "J.Smith<1460><STEAM_0:0:59563675><>" became an admin (account "J.Smith") (access "bi") (address "109.185.5.238")
L 02/02/2017 - 19:37:29: [slayafk.amxx] Alexandru.pRo.cLaN-Nexon a primit slay, deoarece a fost afk mai mult de 30 secunde
L 02/02/2017 - 19:38:27: [admincmd.amxx] Cmd: "J.Smith<1460><STEAM_0:0:59563675><>" ask for players list
L 02/02/2017 - 19:40:25: [adminchat.amxx] Chat: "SWAGGIE. XD<1440><VALVE_0:4:862961770><>" chat " Amina.ioana1 a zis sa ti l dau"
L 02/02/2017 - 19:40:59: [admincmd.amxx] Cmd: "SWAGGIE. XD<1440><VALVE_0:4:862961770><>" slay "RTRF<1471><STEAM_0:0:744655790><>"
L 02/02/2017 - 19:42:48: [adminchat.amxx] Chat: "Cuppy # LePatron<1466><STEAM_0:1:193294027><>" chat "swag"
L 02/02/2017 - 19:42:50: [adminchat.amxx] Chat: "SWAGGIE. XD<1440><VALVE_0:4:862961770><>" chat "?"
L 02/02/2017 - 19:43:04: [adminchat.amxx] Chat: "Cuppy # LePatron<1466><STEAM_0:1:193294027><>" chat "ami nu sta pe fb?"
L 02/02/2017 - 19:43:19: [adminchat.amxx] Chat: "Cuppy # LePatron<1466><STEAM_0:1:193294027><>" chat "tu n-ai fb"
L 02/02/2017 - 19:43:57: [adminchat.amxx] Chat: "Cuppy # LePatron<1466><STEAM_0:1:193294027><>" psay "Ami<1474><STEAM_0:0:800612921><>" "Nu stai pe fb?"
L 02/02/2017 - 19:44:45: [adminchat.amxx] Chat: "Cuppy # LePatron<1466><STEAM_0:1:193294027><>" psay "Ami<1474><STEAM_0:0:800612921><>" "Nu stai pe fb?"
L 02/02/2017 - 19:45:27: [admincmd.amxx] Cmd: "Dr.FioriGinal.Ro ~ Server Clasi<0><><>" slay "RTRF<1477><STEAM_0:0:744655790><>"
L 02/02/2017 - 19:45:41: [admincmd.amxx] Cmd: "Dr.FioriGinal.Ro ~ Server Clasi<0><><>" slay "RTRF<1478><STEAM_0:0:744655790><>"
L 02/02/2017 - 19:48:12: [adminchat.amxx] Chat: "Cuppy # LePatron<1466><STEAM_0:1:193294027><>" psay "maketacke<1458><STEAM_0:0:1715760849><>" "intreba-l mama ta e shemale ? :))"
L 02/02/2017 - 19:51:34: [mapsmenu.amxx] Vote: "Cuppy # LePatron<1466><STEAM_0:1:193294027><>" vote maps (map#1 "deathrun_sentinel") (map#2 "deathrun_caves") (map#3 "") (map#4 "")
L 02/02/2017 - 19:51:46: [mapsmenu.amxx] Vote: Voting successful. Map will be changed to deathrun_sentinel
L 02/02/2017 - 19:53:14: -------- Mapchange to deathrun_sentinel --------
L 02/02/2017 - 19:53:15: [comp_timer2.amxx] Error on query: You have an error in your SQL syntax; check the manual that corresponds to your MySQL server version for the right syntax to use near '' at line 1
L 02/02/2017 - 19:53:15: [comp_timer2.amxx] FailState == TQUERY_QUERY_FAILED, Query failed.
L 02/02/2017 - 19:53:16: [admin.amxx] Login: "J.Smith<1460><STEAM_0:0:59563675><>" became an admin (account "J.Smith") (access "bi") (address "109.185.5.238")
L 02/02/2017 - 19:53:16: [admin.amxx] Login: "Cuppy # LePatron<1466><STEAM_0:1:193294027><>" became an admin (account "Cuppy # LePatron") (access "bi") (address "46.253.168.87")
L 02/02/2017 - 19:53:29: [admin.amxx] Login: "J.Smith<1488><STEAM_0:0:59563675><>" became an admin (account "J.Smith") (access "bi") (address "109.185.5.238")
L 02/02/2017 - 20:11:05: [pistols_sql.amxx] FailState == TQUERY_QUERY_FAILED, Query failed.
L 02/02/2017 - 20:11:05: [pistols_sql.amxx] SqlConnection == Empty_Handle, SqlError: Can't connect to MySQL server on '89.40.104.2' (4)
L 02/02/2017 - 20:18:58: -------- Mapchange to deathrun_snow_wind_v2 --------
L 02/02/2017 - 20:19:00: [comp_timer2.amxx] Error on query: You have an error in your SQL syntax; check the manual that corresponds to your MySQL server version for the right syntax to use near '' at line 1
L 02/02/2017 - 20:19:00: [comp_timer2.amxx] FailState == TQUERY_QUERY_FAILED, Query failed.
L 02/02/2017 - 20:19:01: [admin.amxx] Login: "Cuppy # LePatron<1466><STEAM_0:1:193294027><>" became an admin (account "Cuppy # LePatron") (access "bi") (address "46.253.168.87")
L 02/02/2017 - 20:19:20: [admin.amxx] Login: "wKn<1531><STEAM_0:0:196614190><>" became an admin (account "wKn") (access "bit") (address "92.80.78.114")
L 02/02/2017 - 20:19:28: [admin.amxx] Login: "wKn<1532><STEAM_0:0:196614190><>" became an admin (account "wKn") (access "bit") (address "92.80.78.114")
L 02/02/2017 - 20:19:36: [admincmd.amxx] Cmd: "Dr.FioriGinal.Ro ~ Server Clasi<0><><>" slay "wKn<1532><STEAM_0:0:196614190><>"
L 02/02/2017 - 20:19:38: [admincmd.amxx] Cmd: "Dr.FioriGinal.Ro ~ Server Clasi<0><><>" slay "AmatoR<1533><VALVE_0:4:864214002><>"
L 02/02/2017 - 20:19:40: [slayafk.amxx] Cuppy # LePatron a primit slay, deoarece a fost afk mai mult de 30 secunde
L 02/02/2017 - 20:19:55: [slayafk.amxx] markeloff <3 a primit slay, deoarece a fost afk mai mult de 30 secunde
L 02/02/2017 - 20:20:15: [slayafk.amxx] Cuppy # LePatron a primit slay, deoarece a fost afk mai mult de 30 secunde
L 02/02/2017 - 20:22:20: [slayafk.amxx] markeloff <3 a primit slay, deoarece a fost afk mai mult de 30 secunde
L 02/02/2017 - 20:22:20: [slayafk.amxx] Cuppy # LePatron a primit slay, deoarece a fost afk mai mult de 30 secunde
L 02/02/2017 - 20:24:15: [slayafk.amxx] markeloff <3 a primit slay, deoarece a fost afk mai mult de 30 secunde
L 02/02/2017 - 20:24:15: [slayafk.amxx] Cuppy # LePatron a primit slay, deoarece a fost afk mai mult de 30 secunde
L 02/02/2017 - 20:25:45: [slayafk.amxx] markeloff <3 a primit slay, deoarece a fost afk mai mult de 30 secunde
L 02/02/2017 - 20:25:45: [slayafk.amxx] Cuppy # LePatron a primit slay, deoarece a fost afk mai mult de 30 secunde
L 02/02/2017 - 20:27:05: [slayafk.amxx] markeloff <3 a primit slay, deoarece a fost afk mai mult de 30 secunde
L 02/02/2017 - 20:27:05: [slayafk.amxx] Cuppy # LePatron a primit slay, deoarece a fost afk mai mult de 30 secunde
L 02/02/2017 - 20:29:30: [slayafk.amxx] markeloff <3 a primit slay, deoarece a fost afk mai mult de 30 secunde
L 02/02/2017 - 20:29:30: [slayafk.amxx] Cuppy # LePatron a primit slay, deoarece a fost afk mai mult de 30 secunde
L 02/02/2017 - 20:31:15: [slayafk.amxx] Cuppy # LePatron a primit slay, deoarece a fost afk mai mult de 30 secunde
L 02/02/2017 - 20:32:55: [slayafk.amxx] markeloff <3 a primit slay, deoarece a fost afk mai mult de 30 secunde
L 02/02/2017 - 20:33:00: [slayafk.amxx] Cuppy # LePatron a primit slay, deoarece a fost afk mai mult de 30 secunde
L 02/02/2017 - 20:34:15: [slayafk.amxx] markeloff <3 a primit slay, deoarece a fost afk mai mult de 30 secunde
L 02/02/2017 - 20:36:56: [admin.amxx] Login: "Stifler<1544><STEAM_0:0:970363837><>" became an admin (account "Stifler") (access "bi") (address "46.102.16.104")
L 02/02/2017 - 20:36:59: [admin.amxx] Login: "Stifler<1545><STEAM_0:0:970363837><>" became an admin (account "Stifler") (access "bi") (address "46.102.16.104")
L 02/02/2017 - 20:37:40: [slayafk.amxx] markeloff <3 a primit slay, deoarece a fost afk mai mult de 30 secunde
L 02/02/2017 - 20:38:01: [admin.amxx] Login: "Joker$*<1547><VALVE_0:4:2104377450><>" became an admin (account "Joker$*") (access "bi") (address "109.98.128.83")
L 02/02/2017 - 20:38:20: [slayafk.amxx] markeloff <3 a primit slay, deoarece a fost afk mai mult de 30 secunde
L 02/02/2017 - 20:38:40: [slayafk.amxx] DoZe a primit slay, deoarece a fost afk mai mult de 30 secunde
L 02/02/2017 - 20:39:30: [slayafk.amxx] markeloff <3 a primit slay, deoarece a fost afk mai mult de 30 secunde
L 02/02/2017 - 20:41:00: [slayafk.amxx] DoZe a primit slay, deoarece a fost afk mai mult de 30 secunde
L 02/02/2017 - 20:43:03: [adminchat.amxx] Chat: "Joker$*<1547><VALVE_0:4:2104377450><>" say "stii ca eram 800 si nu jucam la record ? =))))"
L 02/02/2017 - 20:43:25: [slayafk.amxx] DoZe a primit slay, deoarece a fost afk mai mult de 30 secunde
L 02/02/2017 - 20:43:34: [adminchat.amxx] Chat: "Joker$*<1547><VALVE_0:4:2104377450><>" say "dupa ce termin"
L 02/02/2017 - 20:43:56: [adminchat.amxx] Chat: "Joker$*<1547><VALVE_0:4:2104377450><>" say "nu-ti dadeam ma"
L 02/02/2017 - 20:45:36: [mapsmenu.amxx] Vote: "Joker$*<1547><VALVE_0:4:2104377450><>" vote maps (map#1 "deathrun_neon") (map#2 "deathrun_pasable") (map#3 "deathrun_av2009_recolored-ez") (map#4 "deathrun_projetocs2")
L 02/02/2017 - 20:45:42: [mapsmenu.amxx] Vote: Cancel vote session
L 02/02/2017 - 20:45:48: [mapsmenu.amxx] Vote: Voting successful. Map will be changed to deathrun_neon
L 02/02/2017 - 20:45:49: [admincmd.amxx] Kick: "Joker$*<1547><VALVE_0:4:2104377450><>" kick "Stifler<1545><STEAM_0:0:970363837><>" (reason "")
L 02/02/2017 - 20:45:52: [admin.amxx] Login: "Stifler<1561><STEAM_0:0:970363837><>" became an admin (account "Stifler") (access "bi") (address "46.102.16.104")
L 02/02/2017 - 20:45:58: [admincmd.amxx] Cmd: "Dr.FioriGinal.Ro ~ Server Clasi<0><><>" slay "Stifler<1561><STEAM_0:0:970363837><>"
L 02/02/2017 - 20:46:07: [adminchat.amxx] Chat: "Joker$*<1547><VALVE_0:4:2104377450><>" say "nu m-am putut abtine.. acum tu urmezi"
L 02/02/2017 - 20:46:10: -------- Mapchange to deathrun_neon --------
L 02/02/2017 - 20:46:12: [comp_timer2.amxx] Error on query: You have an error in your SQL syntax; check the manual that corresponds to your MySQL server version for the right syntax to use near '' at line 1
L 02/02/2017 - 20:46:12: [comp_timer2.amxx] FailState == TQUERY_QUERY_FAILED, Query failed.
L 02/02/2017 - 20:46:13: [admin.amxx] Login: "Joker$*<1547><VALVE_0:4:2104377450><>" became an admin (account "Joker$*") (access "bi") (address "109.98.128.83")
L 02/02/2017 - 20:46:13: [admin.amxx] Login: "Stifler<1561><STEAM_0:0:970363837><>" became an admin (account "Stifler") (access "bi") (address "46.102.16.104")
L 02/02/2017 - 20:46:15: [admin.amxx] Login: "Stifler<1564><STEAM_0:0:970363837><>" became an admin (account "Stifler") (access "bi") (address "46.102.16.104")
L 02/02/2017 - 20:46:24: [adminchat.amxx] Chat: "Stifler<1564><STEAM_0:0:970363837><>" chat "care mi-a dat kick?"
L 02/02/2017 - 20:46:30: [adminchat.amxx] Chat: "Joker$*<1547><VALVE_0:4:2104377450><>" chat " eu nu"
L 02/02/2017 - 20:46:42: [admincmd.amxx] Cmd: "Dr.FioriGinal.Ro ~ Server Clasi<0><><>" slay "Alexandru.pRo.cLaN-Nexon<1570><VALVE_0:4:1264603760><>"
L 02/02/2017 - 20:47:11: [adminchat.amxx] Chat: "Joker$*<1547><VALVE_0:4:2104377450><>" say "joc 700 sa vad cat scot"
L 02/02/2017 - 20:47:31: [adminchat.amxx] Chat: "Stifler<1564><STEAM_0:0:970363837><>" chat "amator are cod"
L 02/02/2017 - 20:48:37: [slayafk.amxx] DoZe a primit slay, deoarece a fost afk mai mult de 30 secunde
L 02/02/2017 - 20:50:42: [slayafk.amxx] DoZe a primit slay, deoarece a fost afk mai mult de 30 secunde
L 02/02/2017 - 20:53:47: [slayafk.amxx] DoZe a primit slay, deoarece a fost afk mai mult de 30 secunde
L 02/02/2017 - 20:56:13: [admin.amxx] Login: "Sol<1585><STEAM_0:1:191882096><>" became an admin (account "Sol") (access "bi") (address "79.114.190.226")
L 02/02/2017 - 20:56:15: [admin.amxx] Login: "Sol<1586><STEAM_0:1:191882096><>" became an admin (account "Sol") (access "bi") (address "79.114.190.226")
L 02/02/2017 - 20:58:39: [admincmd.amxx] Kick: "Joker$*<1547><VALVE_0:4:2104377450><>" kick "Fortlessica.<1562><VALVE_0:4:1379257211><>" (reason "")
L 02/02/2017 - 20:58:39: [admincmd.amxx] Cmd: "Sol<1586><STEAM_0:1:191882096><>" slay "fursec<1592><STEAM_0:0:144457027><>"
L 02/02/2017 - 20:58:47: [admincmd.amxx] Cmd: "Dr.FioriGinal.Ro ~ Server Clasi<0><><>" slay "Fortlessica.<1593><VALVE_0:4:1379257211><>"
L 02/02/2017 - 20:58:51: [adminchat.amxx] Chat: "Sol<1586><STEAM_0:1:191882096><>" chat "lasa-l da-l drq"
L 02/02/2017 - 20:59:23: [admin.amxx] Login: "cool<1594><STEAM_0:1:25922700><>" became an admin (account "cool") (access "bi") (address "5.14.100.148")
L 02/02/2017 - 21:00:04: [admincmd.amxx] Cmd: "Joker$*<1547><VALVE_0:4:2104377450><>" slap with 0 damage "Fortlessica.<1593><VALVE_0:4:1379257211><>"
L 02/02/2017 - 21:00:08: [adminchat.amxx] Chat: "Sol<1586><STEAM_0:1:191882096><>" chat "lasa-l"
L 02/02/2017 - 21:00:09: [adminchat.amxx] Chat: "Joker$*<1547><VALVE_0:4:2104377450><>" say "raspunde"
L 02/02/2017 - 21:00:11: [adminchat.amxx] Chat: "Sol<1586><STEAM_0:1:191882096><>" chat "Numai da comenzi"
L 02/02/2017 - 21:00:40: [adminchat.amxx] Chat: "Joker$*<1547><VALVE_0:4:2104377450><>" say "how are you ?"
L 02/02/2017 - 21:02:41: [adminchat.amxx] Chat: "Joker$*<1547><VALVE_0:4:2104377450><>" say "care da un race pe 4 mape.. ? avem server 700.. ?"
L 02/02/2017 - 21:03:19: [adminchat.amxx] Chat: "Joker$*<1547><VALVE_0:4:2104377450><>" say "pe train fioriginal"
L 02/02/2017 - 21:03:26: [adminchat.amxx] Chat: "Sol<1586><STEAM_0:1:191882096><>" chat "bd-"
L 02/02/2017 - 21:05:24: [admin.amxx] Login: "Joker$*<1603><VALVE_0:4:2104377450><>" became an admin (account "Joker$*") (access "bi") (address "109.98.128.83")
L 02/02/2017 - 21:05:41: [adminchat.amxx] Chat: "Joker$*<1603><VALVE_0:4:2104377450><>" say "ai cumva admin pe train ?"
L 02/02/2017 - 21:05:50: [adminchat.amxx] Chat: "Sol<1586><STEAM_0:1:191882096><>" chat "stai sa vad prin listsa"
L 02/02/2017 - 21:05:54: [adminchat.amxx] Chat: "Sol<1586><STEAM_0:1:191882096><>" chat "lista daca am pe cineva"
L 02/02/2017 - 21:06:09: [adminchat.amxx] Chat: "Sol<1586><STEAM_0:1:191882096><>" chat "stai ca-i flux on"
L 02/02/2017 - 21:06:20: [admin.amxx] Login: "Stifler<1605><STEAM_0:0:970363837><>" became an admin (account "Stifler") (access "bi") (address "46.102.16.104")
L 02/02/2017 - 21:06:41: [adminchat.amxx] Chat: "Stifler<1605><STEAM_0:0:970363837><>" chat "sol give me up ?:>"
L 02/02/2017 - 21:07:42: [slayafk.amxx] G7 a primit slay, deoarece a fost afk mai mult de 30 secunde
L 02/02/2017 - 21:07:55: [adminchat.amxx] Chat: "Sol<1586><STEAM_0:1:191882096><>" chat ""
L 02/02/2017 - 21:08:08: [adminchat.amxx] Chat: "Sol<1586><STEAM_0:1:191882096><>" chat "nu-i momentan flux la pc dar vine cuppy"
L 02/02/2017 - 21:08:11: [adminchat.amxx] Chat: "Sol<1586><STEAM_0:1:191882096><>" chat "du-te pe srv"
L 02/02/2017 - 21:08:28: [adminchat.amxx] Chat: "Joker$*<1603><VALVE_0:4:2104377450><>" say "il astept pe train.. ok ?"
L 02/02/2017 - 21:08:41: [adminchat.amxx] Chat: "Stifler<1605><STEAM_0:0:970363837><>" chat "cine-i sector asta?"
L 02/02/2017 - 21:08:46: [adminchat.amxx] Chat: "Sol<1586><STEAM_0:1:191882096><>" chat "ii florin"
L 02/02/2017 - 21:08:51: [adminchat.amxx] Chat: "Sol<1586><STEAM_0:1:191882096><>" chat "florin *"
L 02/02/2017 - 21:08:54: [adminchat.amxx] Chat: "Stifler<1605><STEAM_0:0:970363837><>" chat "aha"
L 02/02/2017 - 21:09:27: [admin.amxx] Login: "wKn<1609><STEAM_0:0:196614190><>" became an admin (account "wKn") (access "bit") (address "92.80.78.114")
L 02/02/2017 - 21:09:46: [admincmd.amxx] Cmd: "Dr.FioriGinal.Ro ~ Server Clasi<0><><>" slay "-Eq- George<1610><STEAM_0:1:182939447><>"
L 02/02/2017 - 21:10:17: [slayafk.amxx] -r fursec a primit slay, deoarece a fost afk mai mult de 30 secunde
L 02/02/2017 - 21:11:52: [admin.amxx] Login: "SWAGGIE. XD<1615><VALVE_0:4:862961770><>" became an admin (account "SWAGGIE. XD") (access "bi") (address "109.98.131.207")
L 02/02/2017 - 21:12:37: [admincmd.amxx] Cmd: "Dr.FioriGinal.Ro ~ Server Clasi<0><><>" slay "MyCuTzU<1616><STEAM_0:0:709566424><>"
L 02/02/2017 - 21:12:40: -------- Mapchange to deathrun_lies_f --------
L 02/02/2017 - 21:12:42: [comp_timer2.amxx] Error on query: You have an error in your SQL syntax; check the manual that corresponds to your MySQL server version for the right syntax to use near '' at line 1
L 02/02/2017 - 21:12:42: [comp_timer2.amxx] FailState == TQUERY_QUERY_FAILED, Query failed.
L 02/02/2017 - 21:12:43: [admin.amxx] Login: "Stifler<1605><STEAM_0:0:970363837><>" became an admin (account "Stifler") (access "bi") (address "46.102.16.104")
L 02/02/2017 - 21:12:43: [admin.amxx] Login: "SWAGGIE. XD<1615><VALVE_0:4:862961770><>" became an admin (account "SWAGGIE. XD") (access "bi") (address "109.98.131.207")
L 02/02/2017 - 21:12:43: [admin.amxx] Login: "cool<1594><STEAM_0:1:25922700><>" became an admin (account "cool") (access "bi") (address "5.14.100.148")
L 02/02/2017 - 21:12:43: [admin.amxx] Login: "wKn<1609><STEAM_0:0:196614190><>" became an admin (account "wKn") (access "bit") (address "92.80.78.114")
L 02/02/2017 - 21:12:45: [admin.amxx] Login: "cool<1617><STEAM_0:1:25922700><>" became an admin (account "cool") (access "bi") (address "5.14.100.148")
L 02/02/2017 - 21:17:57: [slayafk.amxx] DeVo a primit slay, deoarece a fost afk mai mult de 30 secunde
L 02/02/2017 - 21:30:13: [admin.amxx] Login: "deadpool<1641><STEAM_0:0:30403765><>" became an admin (account "deadpool") (access "bit") (address "82.79.251.176")
L 02/02/2017 - 21:30:42: [admin.amxx] Login: "Sol<1642><STEAM_0:1:191882096><>" became an admin (account "Sol") (access "bi") (address "79.114.190.226")
L 02/02/2017 - 21:30:45: [admin.amxx] Login: "Sol<1643><STEAM_0:1:191882096><>" became an admin (account "Sol") (access "bi") (address "79.114.190.226")
L 02/02/2017 - 21:34:33: [admincmd.amxx] Cmd: "Sol<1643><STEAM_0:1:191882096><>" slay "sector.bg<1647><STEAM_0:0:54023227><>"
L 02/02/2017 - 21:42:25: -------- Mapchange to deathrun_minecraft_final --------
L 02/02/2017 - 21:42:27: [comp_timer2.amxx] Error on query: You have an error in your SQL syntax; check the manual that corresponds to your MySQL server version for the right syntax to use near '' at line 1
L 02/02/2017 - 21:42:27: [comp_timer2.amxx] FailState == TQUERY_QUERY_FAILED, Query failed.
L 02/02/2017 - 21:55:36: [admin.amxx] Login: "Stifler<1666><STEAM_0:0:970363837><>" became an admin (account "Stifler") (access "bi") (address "46.102.16.104")
L 02/02/2017 - 21:55:39: [admin.amxx] Login: "Stifler<1667><STEAM_0:0:970363837><>" became an admin (account "Stifler") (access "bi") (address "46.102.16.104")
L 02/02/2017 - 21:58:14: [adminvote.amxx] Vote: "Stifler<1667><STEAM_0:0:970363837><>" vote kick (target "G7")
L 02/02/2017 - 21:58:26: [adminvote.amxx] Vote: Voting successful (got "4") (needed "2") (result "kick #1651")
L 02/02/2017 - 21:58:38: [admincmd.amxx] Cmd: "Dr.FioriGinal.Ro ~ Server Clasi<0><><>" slay "G7<1669><VALVE_0:4:137972976><>"
L 02/02/2017 - 21:59:17: [slayafk.amxx] Alexandru.pRo.cLaN-Nexon a primit slay, deoarece a fost afk mai mult de 30 secunde
L 02/02/2017 - 22:02:57: [slayafk.amxx] Alexandru.pRo.cLaN-Nexon a primit slay, deoarece a fost afk mai mult de 30 secunde
L 02/02/2017 - 22:08:34: -------- Mapchange to deathrun_latexx --------
L 02/02/2017 - 22:08:35: [comp_timer2.amxx] Error on query: You have an error in your SQL syntax; check the manual that corresponds to your MySQL server version for the right syntax to use near '' at line 1
L 02/02/2017 - 22:08:35: [comp_timer2.amxx] FailState == TQUERY_QUERY_FAILED, Query failed.
L 02/02/2017 - 22:16:16: [admin.amxx] Login: "deadpool<1688><STEAM_0:0:30403765><>" became an admin (account "deadpool") (access "bit") (address "82.79.251.176")
L 02/02/2017 - 22:35:33: -------- Mapchange to deathrun_kolor_v2 --------
L 02/02/2017 - 22:35:35: [comp_timer2.amxx] Error on query: You have an error in your SQL syntax; check the manual that corresponds to your MySQL server version for the right syntax to use near '' at line 1
L 02/02/2017 - 22:35:35: [comp_timer2.amxx] FailState == TQUERY_QUERY_FAILED, Query failed.
L 02/02/2017 - 22:35:35: [admin.amxx] Login: "deadpool<1688><STEAM_0:0:30403765><>" became an admin (account "deadpool") (access "bit") (address "82.79.251.176")
L 02/02/2017 - 23:01:57: -------- Mapchange to deathrun_jinglebells --------
L 02/02/2017 - 23:01:59: [comp_timer2.amxx] Error on query: You have an error in your SQL syntax; check the manual that corresponds to your MySQL server version for the right syntax to use near '' at line 1
L 02/02/2017 - 23:01:59: [comp_timer2.amxx] FailState == TQUERY_QUERY_FAILED, Query failed.
L 02/02/2017 - 23:03:02: [admin.amxx] Login: "Trysz<1761><STEAM_0:0:151659743><>" became an admin (account "trysz") (access "bit") (address "89.120.5.180")
L 02/02/2017 - 23:03:10: [slayafk.amxx] Alexandru.pRo.cLaN-Nexon a primit slay, deoarece a fost afk mai mult de 30 secunde
L 02/02/2017 - 23:05:05: [slayafk.amxx] Alexandru.pRo.cLaN-Nexon a primit slay, deoarece a fost afk mai mult de 30 secunde
L 02/02/2017 - 23:06:25: [slayafk.amxx] Alexandru.pRo.cLaN-Nexon a primit slay, deoarece a fost afk mai mult de 30 secunde
L 02/02/2017 - 23:06:25: [slayafk.amxx] Eduard. a primit slay, deoarece a fost afk mai mult de 30 secunde
L 02/02/2017 - 23:08:25: [slayafk.amxx] Alexandru.pRo.cLaN-Nexon a primit slay, deoarece a fost afk mai mult de 30 secunde
L 02/02/2017 - 23:08:25: [slayafk.amxx] Eduard. a primit slay, deoarece a fost afk mai mult de 30 secunde
L 02/02/2017 - 23:09:50: [slayafk.amxx] Alexandru.pRo.cLaN-Nexon a primit slay, deoarece a fost afk mai mult de 30 secunde
L 02/02/2017 - 23:09:50: [slayafk.amxx] Eduard. a primit slay, deoarece a fost afk mai mult de 30 secunde
L 02/02/2017 - 23:10:54: [slayafk.amxx] Alexandru.pRo.cLaN-Nexon a primit slay, deoarece a fost afk mai mult de 30 secunde
L 02/02/2017 - 23:10:54: [slayafk.amxx] Eduard. a primit slay, deoarece a fost afk mai mult de 30 secunde
L 02/02/2017 - 23:12:15: [slayafk.amxx] Alexandru.pRo.cLaN-Nexon a primit slay, deoarece a fost afk mai mult de 30 secunde
L 02/02/2017 - 23:13:15: [slayafk.amxx] Eduard. a primit slay, deoarece a fost afk mai mult de 30 secunde
L 02/02/2017 - 23:13:50: [slayafk.amxx] Alexandru.pRo.cLaN-Nexon a primit slay, deoarece a fost afk mai mult de 30 secunde
L 02/02/2017 - 23:13:54: [slayafk.amxx] Eduard. a primit slay, deoarece a fost afk mai mult de 30 secunde
L 02/02/2017 - 23:15:08: [admin.amxx] Login: "SWAGGIE. XD<1776><VALVE_0:4:862961770><>" became an admin (account "SWAGGIE. XD") (access "bi") (address "109.98.131.207")
L 02/02/2017 - 23:15:10: [slayafk.amxx] Alexandru.pRo.cLaN-Nexon a primit slay, deoarece a fost afk mai mult de 30 secunde
L 02/02/2017 - 23:15:10: [slayafk.amxx] Eduard. a primit slay, deoarece a fost afk mai mult de 30 secunde
L 02/02/2017 - 23:16:55: [slayafk.amxx] Alexandru.pRo.cLaN-Nexon a primit slay, deoarece a fost afk mai mult de 30 secunde
L 02/02/2017 - 23:16:55: [slayafk.amxx] Eduard. a primit slay, deoarece a fost afk mai mult de 30 secunde
L 02/02/2017 - 23:18:00: [slayafk.amxx] Alexandru.pRo.cLaN-Nexon a primit slay, deoarece a fost afk mai mult de 30 secunde
L 02/02/2017 - 23:18:20: [slayafk.amxx] Eduard. a primit slay, deoarece a fost afk mai mult de 30 secunde
L 02/02/2017 - 23:18:45: [slayafk.amxx] Alexandru.pRo.cLaN-Nexon a primit slay, deoarece a fost afk mai mult de 30 secunde
L 02/02/2017 - 23:18:55: [slayafk.amxx] Eduard. a primit slay, deoarece a fost afk mai mult de 30 secunde
L 02/02/2017 - 23:19:35: [slayafk.amxx] Eduard. a primit slay, deoarece a fost afk mai mult de 30 secunde
L 02/02/2017 - 23:20:40: [slayafk.amxx] Eduard. a primit slay, deoarece a fost afk mai mult de 30 secunde
L 02/02/2017 - 23:21:56: [admin.amxx] Login: "SWAGGIE. XD<1779><VALVE_0:4:862961770><>" became an admin (account "SWAGGIE. XD") (access "bi") (address "109.98.131.207")
L 02/02/2017 - 23:25:24: [mapsmenu.amxx] Vote: "SWAGGIE. XD<1779><VALVE_0:4:862961770><>" vote maps (map#1 "deathrun_bhopz_v2") (map#2 "deathrun_clarion_dojo_b3") (map#3 "") (map#4 "")
L 02/02/2017 - 23:25:36: [mapsmenu.amxx] Vote: Voting successful. Map will be changed to deathrun_clarion_dojo_b3
L 02/02/2017 - 23:29:04: [admin.amxx] Login: "-rTg|maEsTrOo<1786><STEAM_0:1:154430568><>" became an admin (account "-rTg|maEsTrOo") (access "bit") (address "89.123.112.201")
L 02/02/2017 - 23:29:41: -------- Mapchange to deathrun_clarion_dojo_b3 --------
L 02/02/2017 - 23:29:42: [comp_timer2.amxx] Error on query: You have an error in your SQL syntax; check the manual that corresponds to your MySQL server version for the right syntax to use near '' at line 1
L 02/02/2017 - 23:29:42: [comp_timer2.amxx] FailState == TQUERY_QUERY_FAILED, Query failed.
L 02/02/2017 - 23:36:03: [admin.amxx] Login: "wKn<1800><STEAM_0:0:196614190><>" became an admin (account "wKn") (access "bit") (address "92.80.78.114")
L 02/02/2017 - 23:36:23: [slayafk.amxx] Remus a primit slay, deoarece a fost afk mai mult de 30 secunde
L 02/02/2017 - 23:58:43: -------- Mapchange to deathrun_all_green --------
L 02/02/2017 - 23:58:44: [comp_timer2.amxx] Error on query: You have an error in your SQL syntax; check the manual that corresponds to your MySQL server version for the right syntax to use near '' at line 1
L 02/02/2017 - 23:58:44: [comp_timer2.amxx] FailState == TQUERY_QUERY_FAILED, Query failed.
