L 06/08/2017 - 00:15:14: [slayafk.amxx] watsoN a primit slay, deoarece a fost afk mai mult de 30 secunde
L 06/08/2017 - 00:26:07: -------- Mapchange to deathrun_stronghold_beta1 --------
L 06/08/2017 - 00:26:08: [AMXX] Failed to open dictionary file: cstrike/addons/amxmodx/data/lang/walkguard.txt
L 06/08/2017 - 00:26:10: [walkguard.amxx] no zone-file found
L 06/08/2017 - 00:55:39: -------- Mapchange to deathrun_aztecan_beta1 --------
L 06/08/2017 - 00:55:40: [AMXX] Failed to open dictionary file: cstrike/addons/amxmodx/data/lang/walkguard.txt
L 06/08/2017 - 00:55:41: [walkguard.amxx] no zone-file found
L 06/08/2017 - 01:18:26: [slayafk.amxx] BigJoes a primit slay, deoarece a fost afk mai mult de 30 secunde
L 06/08/2017 - 01:19:06: [slayafk.amxx] BigJoes a primit slay, deoarece a fost afk mai mult de 30 secunde
L 06/08/2017 - 01:20:52: -------- Mapchange to deathrun_pyramid --------
L 06/08/2017 - 01:20:53: [AMXX] Failed to open dictionary file: cstrike/addons/amxmodx/data/lang/walkguard.txt
L 06/08/2017 - 01:20:54: [walkguard.amxx] no zone-file found
L 06/08/2017 - 02:08:23: -------- Mapchange to deathrun_standup --------
L 06/08/2017 - 02:08:25: [AMXX] Failed to open dictionary file: cstrike/addons/amxmodx/data/lang/walkguard.txt
L 06/08/2017 - 02:08:26: [walkguard.amxx] no zone-file found
L 06/08/2017 - 03:17:30: -------- Mapchange to deathrun_sentinel --------
L 06/08/2017 - 03:17:41: -------- Mapchange to deathrun_forest --------
L 06/08/2017 - 03:17:49: [AMXX] Failed to open dictionary file: cstrike/addons/amxmodx/data/lang/walkguard.txt
L 06/08/2017 - 03:17:51: [walkguard.amxx] no zone-file found
L 06/08/2017 - 03:18:00: Invalid multi-lingual line (file "cstrike/addons/amxmodx/data/lang/rom_protect.txt" key "// *ROM-Protect// Plugin OpenSource anti-IsFlooding/bug-fix pentru orice server." lang "")
L 06/08/2017 - 03:18:00: Invalid multi-lingual line (file "cstrike/addons/amxmodx/data/lang/rom_protect.txt" key "// Versiunea : 1.0.4s-dev. Bulid : 98. Data lansarii versiunii : 03.12.2016." lang "")
L 06/08/2017 - 03:18:00: Invalid multi-lingual line (file "cstrike/addons/amxmodx/data/lang/rom_protect.txt" key "// Autor : lüxor # Dr.Fio & DR2.IND (+ eNd.) - SteamID (contact) : luxxxoor" lang "")
L 06/08/2017 - 03:18:00: Invalid multi-lingual line (file "cstrike/addons/amxmodx/data/lang/rom_protect.txt" key "// O productie FioriGinal.ro - site : www.fioriginal.ro" lang "")
L 06/08/2017 - 03:18:00: Invalid multi-lingual line (file "cstrike/addons/amxmodx/data/lang/rom_protect.txt" key "// Link forum de dezvoltare : http://forum.fioriginal.ro/amxmodx-plugins-pluginuri/rom-protect-anti-flood-bug-fix-t28292.html" lang "")
L 06/08/2017 - 03:18:00: Invalid multi-lingual line (file "cstrike/addons/amxmodx/data/lang/rom_protect.txt" key "// Link sursa : https://github.com/luxxxoor/ROM-Protect" lang "")
L 06/08/2017 - 03:18:00: Invalid multi-lingual line (file "cstrike/addons/amxmodx/data/lang/rom_protect.txt" key "// Colori : ^1 - Culoarea aleasa de jucator cu con_color." lang "")
L 06/08/2017 - 03:18:00: Invalid multi-lingual line (file "cstrike/addons/amxmodx/data/lang/rom_protect.txt" key "//          ^3 - Culoare gri." lang "")
L 06/08/2017 - 03:18:00: Invalid multi-lingual line (file "cstrike/addons/amxmodx/data/lang/rom_protect.txt" key "//          ^4 - Culoare verde." lang "")
L 06/08/2017 - 05:27:47: -------- Mapchange to deathrun_jinglebells --------
L 06/08/2017 - 05:27:48: [AMXX] Failed to open dictionary file: cstrike/addons/amxmodx/data/lang/walkguard.txt
L 06/08/2017 - 05:27:49: [walkguard.amxx] no zone-file found
L 06/08/2017 - 06:25:34: -------- Mapchange to deathrun_long_run --------
L 06/08/2017 - 06:25:35: [AMXX] Failed to open dictionary file: cstrike/addons/amxmodx/data/lang/walkguard.txt
L 06/08/2017 - 06:25:36: [walkguard.amxx] no zone-file found
L 06/08/2017 - 08:42:24: -------- Mapchange to deathrun_virtualstrike --------
L 06/08/2017 - 08:42:25: [AMXX] Failed to open dictionary file: cstrike/addons/amxmodx/data/lang/walkguard.txt
L 06/08/2017 - 08:42:26: [walkguard.amxx] no zone-file found
L 06/08/2017 - 08:59:56: [slayafk.amxx] Player a primit slay, deoarece a fost afk mai mult de 30 secunde
L 06/08/2017 - 09:09:12: -------- Mapchange to deathrun_nightrun_beta3 --------
L 06/08/2017 - 09:09:13: [AMXX] Failed to open dictionary file: cstrike/addons/amxmodx/data/lang/walkguard.txt
L 06/08/2017 - 09:09:14: [walkguard.amxx] no zone-file found
L 06/08/2017 - 09:48:57: -------- Mapchange to deathrun_0mega --------
L 06/08/2017 - 09:48:59: [AMXX] Failed to open dictionary file: cstrike/addons/amxmodx/data/lang/walkguard.txt
L 06/08/2017 - 09:49:00: [walkguard.amxx] no zone-file found
L 06/08/2017 - 11:47:55: -------- Mapchange to deathrun_discovery3 --------
L 06/08/2017 - 11:47:57: [AMXX] Failed to open dictionary file: cstrike/addons/amxmodx/data/lang/walkguard.txt
L 06/08/2017 - 11:47:58: [walkguard.amxx] no zone-file found
L 06/08/2017 - 12:12:16: [admincmd.amxx] Cmd: "Dr.FioriGinal.Ro ~ Server Clasi<0><><>" slay "TG.BOGDAN # STT1<77><VALVE_0:4:70011122><>"
L 06/08/2017 - 12:14:05: -------- Mapchange to deathrun_adi_blurez --------
L 06/08/2017 - 12:14:06: [AMXX] Failed to open dictionary file: cstrike/addons/amxmodx/data/lang/walkguard.txt
L 06/08/2017 - 12:14:07: [walkguard.amxx] no zone-file found
L 06/08/2017 - 12:30:10: [admin.amxx] Login: "Stifler<88><STEAM_0:0:1784836802><>" became an admin (account "Stifler") (access "b") (address "31.5.145.190")
L 06/08/2017 - 12:30:49: [admincmd.amxx] Cmd: "Dr.FioriGinal.Ro ~ Server Clasi<0><><>" slay "TG.BOGDAN #STT1<89><VALVE_0:4:70011122><>"
L 06/08/2017 - 13:07:27: [admin.amxx] Login: "Stifler<105><STEAM_0:0:1784836802><>" became an admin (account "Stifler") (access "b") (address "31.5.145.190")
L 06/08/2017 - 13:07:36: -------- Mapchange to deathrun_2h_estonia --------
L 06/08/2017 - 13:07:37: [AMXX] Failed to open dictionary file: cstrike/addons/amxmodx/data/lang/walkguard.txt
L 06/08/2017 - 13:07:38: [admin.amxx] Login: "Stifler<105><STEAM_0:0:1784836802><>" became an admin (account "Stifler") (access "b") (address "31.5.145.190")
L 06/08/2017 - 13:07:38: [walkguard.amxx] no zone-file found
L 06/08/2017 - 13:19:38: [admincmd.amxx] Cmd: "Dr.FioriGinal.Ro ~ Server Clasi<0><><>" slay "th3 # Like<113><STEAM_0:0:9786116><>"
L 06/08/2017 - 13:47:05: [admin.amxx] Login: "Stifler<118><STEAM_0:0:1784836802><>" became an admin (account "Stifler") (access "b") (address "31.5.145.190")
L 06/08/2017 - 14:08:55: -------- Mapchange to deathrun_y_underground --------
L 06/08/2017 - 14:08:56: [AMXX] Failed to open dictionary file: cstrike/addons/amxmodx/data/lang/walkguard.txt
L 06/08/2017 - 14:08:57: [walkguard.amxx] no zone-file found
L 06/08/2017 - 14:10:51: [admin.amxx] Login: "Stifler<124><STEAM_0:0:1784836802><>" became an admin (account "Stifler") (access "b") (address "31.5.145.190")
L 06/08/2017 - 14:11:17: [admincmd.amxx] Cmd: "Dr.FioriGinal.Ro ~ Server Clasi<0><><>" slay "BigJoes<125><VALVE_0:4:2051982186><>"
L 06/08/2017 - 14:24:42: [admincmd.amxx] Cmd: "Dr.FioriGinal.Ro ~ Server Clasi<0><><>" slay "eXe<129><VALVE_0:4:12757873><>"
L 06/08/2017 - 14:27:51: [slayafk.amxx] eXe a primit slay, deoarece a fost afk mai mult de 30 secunde
L 06/08/2017 - 14:49:48: -------- Mapchange to deathrun_privateers --------
L 06/08/2017 - 14:49:50: [AMXX] Failed to open dictionary file: cstrike/addons/amxmodx/data/lang/walkguard.txt
L 06/08/2017 - 14:49:51: [walkguard.amxx] no zone-file found
L 06/08/2017 - 15:06:24: [admin.amxx] Login: "FAKE ^^<141><STEAM_0:0:272564954><>" became an admin (account "FAKE ^^") (access "bit") (address "95.76.0.179")
L 06/08/2017 - 15:33:30: -------- Mapchange to deathrun_rizzy_x --------
L 06/08/2017 - 15:33:31: [AMXX] Failed to open dictionary file: cstrike/addons/amxmodx/data/lang/walkguard.txt
L 06/08/2017 - 15:33:32: [walkguard.amxx] no zone-file found
L 06/08/2017 - 16:29:31: -------- Mapchange to deathrun_ghosts --------
L 06/08/2017 - 16:29:32: [AMXX] Failed to open dictionary file: cstrike/addons/amxmodx/data/lang/walkguard.txt
L 06/08/2017 - 16:29:33: [walkguard.amxx] no zone-file found
L 06/08/2017 - 16:55:29: -------- Mapchange to deathrun_sk_occult --------
L 06/08/2017 - 16:55:31: [AMXX] Failed to open dictionary file: cstrike/addons/amxmodx/data/lang/walkguard.txt
L 06/08/2017 - 16:55:32: [walkguard.amxx] no zone-file found
L 06/08/2017 - 17:11:11: [slayafk.amxx] Zai4ik a primit slay, deoarece a fost afk mai mult de 30 secunde
L 06/08/2017 - 17:11:43: [admincmd.amxx] Cmd: "Dr.FioriGinal.Ro ~ Server Clasi<0><><>" slay "Zai4ik<209><STEAM_0:1:91994252><>"
L 06/08/2017 - 17:40:36: [slayafk.amxx] fernando a primit slay, deoarece a fost afk mai mult de 30 secunde
L 06/08/2017 - 18:06:19: -------- Mapchange to deathrun_jigsaw2 --------
L 06/08/2017 - 18:06:21: [AMXX] Failed to open dictionary file: cstrike/addons/amxmodx/data/lang/walkguard.txt
L 06/08/2017 - 18:06:22: [walkguard.amxx] no zone-file found
L 06/08/2017 - 18:36:01: -------- Mapchange to deathrun_christmas --------
L 06/08/2017 - 18:36:02: [AMXX] Failed to open dictionary file: cstrike/addons/amxmodx/data/lang/walkguard.txt
L 06/08/2017 - 18:36:03: [walkguard.amxx] no zone-file found
L 06/08/2017 - 18:48:21: [admincmd.amxx] Cmd: "Dr.FioriGinal.Ro ~ Server Clasi<0><><>" slay "mamaliguta<250><VALVE_0:4:806860144><>"
L 06/08/2017 - 19:05:38: [slayafk.amxx] slime_lock a primit slay, deoarece a fost afk mai mult de 30 secunde
L 06/08/2017 - 19:07:13: [slayafk.amxx] slime_lock a primit slay, deoarece a fost afk mai mult de 30 secunde
L 06/08/2017 - 19:22:23: [slayafk.amxx] welzy 1-1 a primit slay, deoarece a fost afk mai mult de 30 secunde
L 06/08/2017 - 19:23:07: [admincmd.amxx] Cmd: "Dr.FioriGinal.Ro ~ Server Clasi<0><><>" slay "xLR<270><VALVE_0:4:1589560042><>"
L 06/08/2017 - 19:44:15: [admincmd.amxx] Cmd: "Dr.FioriGinal.Ro ~ Server Clasi<0><><>" slay "3njjgv<287><STEAM_0:0:753080395><>"
L 06/08/2017 - 20:34:37: -------- Mapchange to deathrun_jinglebells2 --------
L 06/08/2017 - 20:34:39: [AMXX] Failed to open dictionary file: cstrike/addons/amxmodx/data/lang/walkguard.txt
L 06/08/2017 - 20:34:40: [walkguard.amxx] no zone-file found
L 06/08/2017 - 20:46:39: [slayafk.amxx] SheiKh a primit slay, deoarece a fost afk mai mult de 30 secunde
L 06/08/2017 - 21:07:19: [slayafk.amxx] [ZCN if OBEYoneCANOBEY] str4fe a primit slay, deoarece a fost afk mai mult de 30 secunde
L 06/08/2017 - 21:12:26: -------- Mapchange to deathrun_gb_winter_final4 --------
L 06/08/2017 - 21:12:27: [AMXX] Failed to open dictionary file: cstrike/addons/amxmodx/data/lang/walkguard.txt
L 06/08/2017 - 21:12:28: [walkguard.amxx] no zone-file found
L 06/08/2017 - 21:50:28: -------- Mapchange to deathrun_expres-winter --------
L 06/08/2017 - 21:50:30: [AMXX] Failed to open dictionary file: cstrike/addons/amxmodx/data/lang/walkguard.txt
L 06/08/2017 - 21:50:31: [walkguard.amxx] no zone-file found
L 06/08/2017 - 22:18:12: -------- Mapchange to deathrun_alleywinter --------
L 06/08/2017 - 22:18:13: [AMXX] Failed to open dictionary file: cstrike/addons/amxmodx/data/lang/walkguard.txt
L 06/08/2017 - 22:18:14: [walkguard.amxx] no zone-file found
L 06/08/2017 - 23:09:03: [slayafk.amxx] [mr] isam ghaith a primit slay, deoarece a fost afk mai mult de 30 secunde
L 06/08/2017 - 23:09:07: -------- Mapchange to deathrun_trenal_lux --------
L 06/08/2017 - 23:09:08: [AMXX] Failed to open dictionary file: cstrike/addons/amxmodx/data/lang/walkguard.txt
L 06/08/2017 - 23:09:09: [walkguard.amxx] no zone-file found
L 06/08/2017 - 23:34:32: -------- Mapchange to deathrun_greyskull --------
L 06/08/2017 - 23:34:33: [AMXX] Failed to open dictionary file: cstrike/addons/amxmodx/data/lang/walkguard.txt
L 06/08/2017 - 23:34:35: [walkguard.amxx] no zone-file found
L 06/08/2017 - 23:45:25: [admincmd.amxx] Cmd: "Dr.FioriGinal.Ro ~ Server Clasi<0><><>" slay "where.is.your.daddy?<378><STEAM_0:0:187978272><>"
