L 06/19/2017 - 00:12:24: -------- Mapchange to deathrun_long_run --------
L 06/19/2017 - 00:12:25: [AMXX] Failed to open dictionary file: cstrike/addons/amxmodx/data/lang/walkguard.txt
L 06/19/2017 - 00:12:26: [walkguard.amxx] no zone-file found
L 06/19/2017 - 00:40:03: -------- Mapchange to deathrun_virtualstrike --------
L 06/19/2017 - 00:40:04: [AMXX] Failed to open dictionary file: cstrike/addons/amxmodx/data/lang/walkguard.txt
L 06/19/2017 - 00:40:05: [walkguard.amxx] no zone-file found
L 06/19/2017 - 00:44:40: [slayafk.amxx] nVidia E8 Player a primit slay, deoarece a fost afk mai mult de 30 secunde
L 06/19/2017 - 01:28:42: -------- Mapchange to deathrun_nightrun_beta3 --------
L 06/19/2017 - 01:28:44: [AMXX] Failed to open dictionary file: cstrike/addons/amxmodx/data/lang/walkguard.txt
L 06/19/2017 - 01:28:45: [walkguard.amxx] no zone-file found
L 06/19/2017 - 02:08:32: -------- Mapchange to deathrun_0mega --------
L 06/19/2017 - 02:08:33: [AMXX] Failed to open dictionary file: cstrike/addons/amxmodx/data/lang/walkguard.txt
L 06/19/2017 - 02:08:34: [walkguard.amxx] no zone-file found
L 06/19/2017 - 02:28:09: [slayafk.amxx] Tomato a primit slay, deoarece a fost afk mai mult de 30 secunde
L 06/19/2017 - 19:43:44: -------- Mapchange to deathrun_forest --------
L 06/19/2017 - 19:43:51: [AMXX] Failed to open dictionary file: cstrike/addons/amxmodx/data/lang/walkguard.txt
L 06/19/2017 - 19:43:53: [walkguard.amxx] no zone-file found
L 06/19/2017 - 19:43:56: -------- Mapchange to deathrun_forest --------
L 06/19/2017 - 19:44:03: [AMXX] Failed to open dictionary file: cstrike/addons/amxmodx/data/lang/walkguard.txt
L 06/19/2017 - 19:44:05: [walkguard.amxx] no zone-file found
L 06/19/2017 - 19:44:08: [admin.amxx] Login: "-rTg|maEsTrOo<1><STEAM_0:1:154430568><>" became an admin (account "-rTg|maEsTrOo") (access "bit") (address "89.123.107.42")
L 06/19/2017 - 19:44:14: Invalid multi-lingual line (file "cstrike/addons/amxmodx/data/lang/rom_protect.txt" key "// *ROM-Protect// Plugin OpenSource anti-IsFlooding/bug-fix pentru orice server." lang "")
L 06/19/2017 - 19:44:14: Invalid multi-lingual line (file "cstrike/addons/amxmodx/data/lang/rom_protect.txt" key "// Versiunea : 1.0.4s-dev. Bulid : 98. Data lansarii versiunii : 03.12.2016." lang "")
L 06/19/2017 - 19:44:14: Invalid multi-lingual line (file "cstrike/addons/amxmodx/data/lang/rom_protect.txt" key "// Autor : lüxor # Dr.Fio & DR2.IND (+ eNd.) - SteamID (contact) : luxxxoor" lang "")
L 06/19/2017 - 19:44:14: Invalid multi-lingual line (file "cstrike/addons/amxmodx/data/lang/rom_protect.txt" key "// O productie FioriGinal.ro - site : www.fioriginal.ro" lang "")
L 06/19/2017 - 19:44:14: Invalid multi-lingual line (file "cstrike/addons/amxmodx/data/lang/rom_protect.txt" key "// Link forum de dezvoltare : http://forum.fioriginal.ro/amxmodx-plugins-pluginuri/rom-protect-anti-flood-bug-fix-t28292.html" lang "")
L 06/19/2017 - 19:44:14: Invalid multi-lingual line (file "cstrike/addons/amxmodx/data/lang/rom_protect.txt" key "// Link sursa : https://github.com/luxxxoor/ROM-Protect" lang "")
L 06/19/2017 - 19:44:14: Invalid multi-lingual line (file "cstrike/addons/amxmodx/data/lang/rom_protect.txt" key "// Colori : ^1 - Culoarea aleasa de jucator cu con_color." lang "")
L 06/19/2017 - 19:44:14: Invalid multi-lingual line (file "cstrike/addons/amxmodx/data/lang/rom_protect.txt" key "//          ^3 - Culoare gri." lang "")
L 06/19/2017 - 19:44:14: Invalid multi-lingual line (file "cstrike/addons/amxmodx/data/lang/rom_protect.txt" key "//          ^4 - Culoare verde." lang "")
L 06/19/2017 - 20:37:52: -------- Mapchange to deathrun_jinglebells --------
L 06/19/2017 - 20:37:54: [AMXX] Failed to open dictionary file: cstrike/addons/amxmodx/data/lang/walkguard.txt
L 06/19/2017 - 20:37:55: [walkguard.amxx] no zone-file found
L 06/19/2017 - 20:52:08: [admin.amxx] Login: "-rTg|maEsTrOo<24><STEAM_0:1:154430568><>" became an admin (account "-rTg|maEsTrOo") (access "bit") (address "89.123.107.42")
L 06/19/2017 - 20:58:05: [slayafk.amxx] -rTg|maEsTrOo a primit slay, deoarece a fost afk mai mult de 30 secunde
L 06/19/2017 - 20:58:45: [slayafk.amxx] -rTg|maEsTrOo a primit slay, deoarece a fost afk mai mult de 30 secunde
L 06/19/2017 - 20:59:25: [slayafk.amxx] -rTg|maEsTrOo a primit slay, deoarece a fost afk mai mult de 30 secunde
L 06/19/2017 - 21:00:05: [slayafk.amxx] -rTg|maEsTrOo a primit slay, deoarece a fost afk mai mult de 30 secunde
L 06/19/2017 - 21:00:45: [slayafk.amxx] -rTg|maEsTrOo a primit slay, deoarece a fost afk mai mult de 30 secunde
L 06/19/2017 - 21:01:25: [slayafk.amxx] -rTg|maEsTrOo a primit slay, deoarece a fost afk mai mult de 30 secunde
L 06/19/2017 - 21:02:05: [slayafk.amxx] -rTg|maEsTrOo a primit slay, deoarece a fost afk mai mult de 30 secunde
L 06/19/2017 - 21:02:50: [slayafk.amxx] -rTg|maEsTrOo a primit slay, deoarece a fost afk mai mult de 30 secunde
L 06/19/2017 - 21:03:35: [slayafk.amxx] -rTg|maEsTrOo a primit slay, deoarece a fost afk mai mult de 30 secunde
L 06/19/2017 - 21:03:38: -------- Mapchange to deathrun_long_run --------
L 06/19/2017 - 21:03:39: [AMXX] Failed to open dictionary file: cstrike/addons/amxmodx/data/lang/walkguard.txt
L 06/19/2017 - 21:03:40: [admin.amxx] Login: "-rTg|maEsTrOo<24><STEAM_0:1:154430568><>" became an admin (account "-rTg|maEsTrOo") (access "bit") (address "89.123.107.42")
L 06/19/2017 - 21:03:40: [walkguard.amxx] no zone-file found
L 06/19/2017 - 21:04:15: [slayafk.amxx] -rTg|maEsTrOo a primit slay, deoarece a fost afk mai mult de 30 secunde
L 06/19/2017 - 21:04:50: [slayafk.amxx] -rTg|maEsTrOo a primit slay, deoarece a fost afk mai mult de 30 secunde
L 06/19/2017 - 21:05:30: [slayafk.amxx] -rTg|maEsTrOo a primit slay, deoarece a fost afk mai mult de 30 secunde
L 06/19/2017 - 21:06:10: [slayafk.amxx] -rTg|maEsTrOo a primit slay, deoarece a fost afk mai mult de 30 secunde
L 06/19/2017 - 21:06:50: [slayafk.amxx] -rTg|maEsTrOo a primit slay, deoarece a fost afk mai mult de 30 secunde
L 06/19/2017 - 21:07:30: [slayafk.amxx] -rTg|maEsTrOo a primit slay, deoarece a fost afk mai mult de 30 secunde
L 06/19/2017 - 21:08:10: [slayafk.amxx] -rTg|maEsTrOo a primit slay, deoarece a fost afk mai mult de 30 secunde
L 06/19/2017 - 21:08:50: [slayafk.amxx] -rTg|maEsTrOo a primit slay, deoarece a fost afk mai mult de 30 secunde
L 06/19/2017 - 21:09:30: [slayafk.amxx] -rTg|maEsTrOo a primit slay, deoarece a fost afk mai mult de 30 secunde
L 06/19/2017 - 21:10:10: [slayafk.amxx] -rTg|maEsTrOo a primit slay, deoarece a fost afk mai mult de 30 secunde
L 06/19/2017 - 21:10:50: [slayafk.amxx] -rTg|maEsTrOo a primit slay, deoarece a fost afk mai mult de 30 secunde
L 06/19/2017 - 21:11:30: [slayafk.amxx] -rTg|maEsTrOo a primit slay, deoarece a fost afk mai mult de 30 secunde
L 06/19/2017 - 21:12:10: [slayafk.amxx] -rTg|maEsTrOo a primit slay, deoarece a fost afk mai mult de 30 secunde
L 06/19/2017 - 21:12:50: [slayafk.amxx] -rTg|maEsTrOo a primit slay, deoarece a fost afk mai mult de 30 secunde
L 06/19/2017 - 21:13:30: [slayafk.amxx] -rTg|maEsTrOo a primit slay, deoarece a fost afk mai mult de 30 secunde
L 06/19/2017 - 21:14:10: [slayafk.amxx] -rTg|maEsTrOo a primit slay, deoarece a fost afk mai mult de 30 secunde
L 06/19/2017 - 21:14:50: [slayafk.amxx] -rTg|maEsTrOo a primit slay, deoarece a fost afk mai mult de 30 secunde
L 06/19/2017 - 21:15:30: [slayafk.amxx] -rTg|maEsTrOo a primit slay, deoarece a fost afk mai mult de 30 secunde
L 06/19/2017 - 21:16:10: [slayafk.amxx] -rTg|maEsTrOo a primit slay, deoarece a fost afk mai mult de 30 secunde
L 06/19/2017 - 21:16:50: [slayafk.amxx] -rTg|maEsTrOo a primit slay, deoarece a fost afk mai mult de 30 secunde
L 06/19/2017 - 21:17:30: [slayafk.amxx] -rTg|maEsTrOo a primit slay, deoarece a fost afk mai mult de 30 secunde
L 06/19/2017 - 21:19:00: [slayafk.amxx] -rTg|maEsTrOo a primit slay, deoarece a fost afk mai mult de 30 secunde
L 06/19/2017 - 21:19:47: [admincmd.amxx] Cmd: "Dr.FioriGinal.Ro ~ Server Clasi<0><><>" slay "padu<31><STEAM_0:1:195409976><>"
L 06/19/2017 - 22:11:42: -------- Mapchange to deathrun_virtualstrike --------
L 06/19/2017 - 22:11:44: [AMXX] Failed to open dictionary file: cstrike/addons/amxmodx/data/lang/walkguard.txt
L 06/19/2017 - 22:11:45: [walkguard.amxx] no zone-file found
L 06/19/2017 - 22:41:08: -------- Mapchange to deathrun_nightrun_beta3 --------
L 06/19/2017 - 22:41:09: [AMXX] Failed to open dictionary file: cstrike/addons/amxmodx/data/lang/walkguard.txt
L 06/19/2017 - 22:41:10: [walkguard.amxx] no zone-file found
L 06/19/2017 - 23:31:49: -------- Mapchange to deathrun_0mega --------
L 06/19/2017 - 23:31:50: [AMXX] Failed to open dictionary file: cstrike/addons/amxmodx/data/lang/walkguard.txt
L 06/19/2017 - 23:31:51: [walkguard.amxx] no zone-file found
L 06/19/2017 - 23:38:48: [admin.amxx] Login: "-rTg|maEsTrOo<63><STEAM_0:1:154430568><>" became an admin (account "-rTg|maEsTrOo") (access "bit") (address "89.123.107.42")
L 06/19/2017 - 23:39:16: [admin.amxx] Login: "anca<64><STEAM_0:0:58514266><>" became an admin (account "anca") (access "bit") (address "109.103.126.196")
L 06/19/2017 - 23:39:19: [admin.amxx] Login: "anca<65><STEAM_0:0:58514266><>" became an admin (account "anca") (access "bit") (address "109.103.126.196")
L 06/19/2017 - 23:51:28: [admincmd.amxx] Cmd: "-rTg|maEsTrOo<63><STEAM_0:1:154430568><>" changelevel "deathrun_clarion_dojo_b3"
L 06/19/2017 - 23:51:30: -------- Mapchange to deathrun_clarion_dojo_b3 --------
L 06/19/2017 - 23:51:32: [AMXX] Failed to open dictionary file: cstrike/addons/amxmodx/data/lang/walkguard.txt
L 06/19/2017 - 23:51:33: [walkguard.amxx] no zone-file found
L 06/19/2017 - 23:51:33: [admin.amxx] Login: "-rTg|maEsTrOo<63><STEAM_0:1:154430568><>" became an admin (account "-rTg|maEsTrOo") (access "bit") (address "89.123.107.42")
L 06/19/2017 - 23:51:48: [admin.amxx] Login: "anca<76><STEAM_0:0:58514266><>" became an admin (account "anca") (access "bit") (address "109.103.126.196")
