L 05/21/2017 - 00:15:21: -------- Mapchange to deathrun_nightrun_beta3 --------
L 05/21/2017 - 00:15:22: [AMXX] Failed to open dictionary file: cstrike/addons/amxmodx/data/lang/walkguard.txt
L 05/21/2017 - 00:15:23: [walkguard.amxx] no zone-file found
L 05/21/2017 - 00:24:36: [admincmd.amxx] Cmd: "Dr.FioriGinal.Ro ~ Server Clasi<0><><>" slay "N1ku-Jegosu<41><VALVE_0:4:1237378800><>"
L 05/21/2017 - 00:34:23: [admincmd.amxx] Cmd: "Dr.FioriGinal.Ro ~ Server Clasi<0><><>" slay "pr0<45><STEAM_0:1:47552294><>"
L 05/21/2017 - 00:47:12: [admincmd.amxx] Cmd: "Dr.FioriGinal.Ro ~ Server Clasi<0><><>" slay "kel<52><STEAM_0:0:1016541550><>"
L 05/21/2017 - 01:12:04: -------- Mapchange to deathrun_0mega --------
L 05/21/2017 - 01:12:06: [AMXX] Failed to open dictionary file: cstrike/addons/amxmodx/data/lang/walkguard.txt
L 05/21/2017 - 01:12:07: [walkguard.amxx] no zone-file found
L 05/21/2017 - 01:12:51: [slayafk.amxx] Wkp# W3edIsMyLife a primit slay, deoarece a fost afk mai mult de 30 secunde
L 05/21/2017 - 01:13:31: [slayafk.amxx] Wkp# W3edIsMyLife a primit slay, deoarece a fost afk mai mult de 30 secunde
L 05/21/2017 - 02:35:58: -------- Mapchange to deathrun_discovery3 --------
L 05/21/2017 - 02:36:00: [AMXX] Failed to open dictionary file: cstrike/addons/amxmodx/data/lang/walkguard.txt
L 05/21/2017 - 02:36:01: [walkguard.amxx] no zone-file found
L 05/21/2017 - 03:21:09: -------- Mapchange to deathrun_adi_blurez --------
L 05/21/2017 - 03:21:10: [AMXX] Failed to open dictionary file: cstrike/addons/amxmodx/data/lang/walkguard.txt
L 05/21/2017 - 03:21:11: [walkguard.amxx] no zone-file found
L 05/21/2017 - 08:23:21: -------- Mapchange to deathrun_2h_estonia --------
L 05/21/2017 - 08:23:23: [AMXX] Failed to open dictionary file: cstrike/addons/amxmodx/data/lang/walkguard.txt
L 05/21/2017 - 08:23:24: [walkguard.amxx] no zone-file found
L 05/21/2017 - 09:00:59: -------- Mapchange to deathrun_y_underground --------
L 05/21/2017 - 09:01:00: [AMXX] Failed to open dictionary file: cstrike/addons/amxmodx/data/lang/walkguard.txt
L 05/21/2017 - 09:01:01: [walkguard.amxx] no zone-file found
L 05/21/2017 - 09:16:09: [admin.amxx] Login: "wKn<95><STEAM_0:0:196614190><>" became an admin (account "wKn") (access "bit") (address "92.80.116.179")
L 05/21/2017 - 09:26:59: -------- Mapchange to deathrun_privateers --------
L 05/21/2017 - 09:27:00: [AMXX] Failed to open dictionary file: cstrike/addons/amxmodx/data/lang/walkguard.txt
L 05/21/2017 - 09:27:01: [walkguard.amxx] no zone-file found
L 05/21/2017 - 09:47:06: [admin.amxx] Login: "-rTg|maEsTrOo<103><STEAM_0:1:154430568><>" became an admin (account "-rTg|maEsTrOo") (access "bit") (address "89.123.123.41")
L 05/21/2017 - 09:48:54: [admin.amxx] Login: "anca<104><STEAM_0:0:58514266><>" became an admin (account "anca") (access "bit") (address "109.103.126.196")
L 05/21/2017 - 09:48:57: [admin.amxx] Login: "anca<105><STEAM_0:0:58514266><>" became an admin (account "anca") (access "bit") (address "109.103.126.196")
L 05/21/2017 - 10:02:13: [admin.amxx] Login: "wKn<108><STEAM_0:0:196614190><>" became an admin (account "wKn") (access "bit") (address "92.80.116.179")
L 05/21/2017 - 10:08:21: [admin.amxx] Login: "LoV3<113><STEAM_0:0:137776089><>" became an admin (account "LoV3") (access "b") (address "109.102.38.10")
L 05/21/2017 - 10:09:01: [adminchat.amxx] Chat: "-rTg|maEsTrOo<103><STEAM_0:1:154430568><>" chat ""
L 05/21/2017 - 10:09:08: [adminchat.amxx] Chat: "LoV3<113><STEAM_0:0:137776089><>" chat "."
L 05/21/2017 - 10:09:12: [adminchat.amxx] Chat: "-rTg|maEsTrOo<103><STEAM_0:1:154430568><>" chat ":*"
L 05/21/2017 - 10:09:26: [adminchat.amxx] Chat: "LoV3<113><STEAM_0:0:137776089><>" chat ":*"
L 05/21/2017 - 10:10:11: [adminchat.amxx] Chat: "-rTg|maEsTrOo<103><STEAM_0:1:154430568><>" chat ":*"
L 05/21/2017 - 10:10:18: [adminchat.amxx] Chat: "anca<105><STEAM_0:0:58514266><>" chat ":*:X"
L 05/21/2017 - 10:10:30: [adminchat.amxx] Chat: "LoV3<113><STEAM_0:0:137776089><>" chat "credeam ca epentru mine"
L 05/21/2017 - 10:10:32: [adminchat.amxx] Chat: "LoV3<113><STEAM_0:0:137776089><>" chat ":("
L 05/21/2017 - 10:10:37: [adminchat.amxx] Chat: "anca<105><STEAM_0:0:58514266><>" chat ":)) ai avut unul tu"
L 05/21/2017 - 10:10:43: [admin.amxx] Login: "LoV3<114><STEAM_0:0:137776089><>" became an admin (account "LoV3") (access "b") (address "109.102.38.10")
L 05/21/2017 - 10:10:45: [adminchat.amxx] Chat: "anca<105><STEAM_0:0:58514266><>" chat "si ai fost primul chiar:("
L 05/21/2017 - 10:11:11: [adminchat.amxx] Chat: "LoV3<114><STEAM_0:0:137776089><>" chat "vreau mai multi"
L 05/21/2017 - 10:11:25: [adminchat.amxx] Chat: "-rTg|maEsTrOo<103><STEAM_0:1:154430568><>" chat "pai si eu?"
L 05/21/2017 - 10:11:38: [adminchat.amxx] Chat: "LoV3<114><STEAM_0:0:137776089><>" chat "pai da-mi ca sa iti dau"
L 05/21/2017 - 10:11:53: [adminchat.amxx] Chat: "-rTg|maEsTrOo<103><STEAM_0:1:154430568><>" chat ".*"
L 05/21/2017 - 10:12:04: [adminchat.amxx] Chat: "LoV3<114><STEAM_0:0:137776089><>" chat ":* :* :*"
L 05/21/2017 - 10:12:11: [adminchat.amxx] Chat: "anca<105><STEAM_0:0:58514266><>" chat ":-w"
L 05/21/2017 - 10:12:15: [adminchat.amxx] Chat: "LoV3<114><STEAM_0:0:137776089><>" chat "^_^"
L 05/21/2017 - 10:12:16: [adminchat.amxx] Chat: "anca<105><STEAM_0:0:58514266><>" chat "ati termiunat?:))"
L 05/21/2017 - 10:15:09: -------- Mapchange to deathrun_rizzy_x --------
L 05/21/2017 - 10:15:11: [AMXX] Failed to open dictionary file: cstrike/addons/amxmodx/data/lang/walkguard.txt
L 05/21/2017 - 10:15:12: [walkguard.amxx] no zone-file found
L 05/21/2017 - 10:15:12: [admin.amxx] Login: "LoV3<114><STEAM_0:0:137776089><>" became an admin (account "LoV3") (access "b") (address "109.102.38.10")
L 05/21/2017 - 10:15:12: [admin.amxx] Login: "wKn<108><STEAM_0:0:196614190><>" became an admin (account "wKn") (access "bit") (address "92.80.116.179")
L 05/21/2017 - 10:15:12: [admin.amxx] Login: "-rTg|maEsTrOo<103><STEAM_0:1:154430568><>" became an admin (account "-rTg|maEsTrOo") (access "bit") (address "89.123.123.41")
L 05/21/2017 - 10:15:12: [admin.amxx] Login: "anca<105><STEAM_0:0:58514266><>" became an admin (account "anca") (access "bit") (address "109.103.126.196")
L 05/21/2017 - 10:15:14: [admin.amxx] Login: "anca<116><STEAM_0:0:58514266><>" became an admin (account "anca") (access "bit") (address "109.103.126.196")
L 05/21/2017 - 10:17:16: [adminchat.amxx] Chat: "LoV3<114><STEAM_0:0:137776089><>" chat "ce cadou ti-a facut anca?"
L 05/21/2017 - 10:17:33: [adminchat.amxx] Chat: "-rTg|maEsTrOo<103><STEAM_0:1:154430568><>" chat "ee"
L 05/21/2017 - 10:17:41: [slayafk.amxx] fanat_M9SA a primit slay, deoarece a fost afk mai mult de 30 secunde
L 05/21/2017 - 10:18:32: [adminchat.amxx] Chat: "-rTg|maEsTrOo<103><STEAM_0:1:154430568><>" chat "ea e cadoul <3"
L 05/21/2017 - 10:18:39: [adminchat.amxx] Chat: "LoV3<114><STEAM_0:0:137776089><>" chat "si eu ce is?"
L 05/21/2017 - 10:18:44: [admin.amxx] Login: "OreD<123><VALVE_0:4:1997207262><>" became an admin (account "OreD") (access "b") (address "5.15.73.71")
L 05/21/2017 - 10:18:46: [admin.amxx] Login: "OreD<124><VALVE_0:4:1997207262><>" became an admin (account "OreD") (access "b") (address "5.15.73.71")
L 05/21/2017 - 10:19:02: [adminchat.amxx] Chat: "-rTg|maEsTrOo<103><STEAM_0:1:154430568><>" chat "curierul"
L 05/21/2017 - 10:19:04: [adminchat.amxx] Chat: "anca<116><STEAM_0:0:58514266><>" chat ":X"
L 05/21/2017 - 10:19:04: [admin.amxx] Login: "cool<125><STEAM_0:1:25922700><>" became an admin (account "cool") (access "b") (address "5.14.110.87")
L 05/21/2017 - 10:19:08: [adminchat.amxx] Chat: "-rTg|maEsTrOo<103><STEAM_0:1:154430568><>" chat ":))"
L 05/21/2017 - 10:19:21: [adminchat.amxx] Chat: "-rTg|maEsTrOo<103><STEAM_0:1:154430568><>" chat ":*"
L 05/21/2017 - 10:28:22: [admin.amxx] Login: "cool<127><STEAM_0:1:25922700><>" became an admin (account "cool") (access "b") (address "5.14.110.87")
L 05/21/2017 - 10:36:26: [admincmd.amxx] Cmd: "Dr.FioriGinal.Ro ~ Server Clasi<0><><>" slay "fear.<133><STEAM_0:0:1803854523><>"
L 05/21/2017 - 10:38:01: [admincmd.amxx] Cmd: "Dr.FioriGinal.Ro ~ Server Clasi<0><><>" slay "fear.<135><STEAM_0:0:1803854523><>"
L 05/21/2017 - 10:40:39: -------- Mapchange to deathrun_ghosts --------
L 05/21/2017 - 10:40:40: [AMXX] Failed to open dictionary file: cstrike/addons/amxmodx/data/lang/walkguard.txt
L 05/21/2017 - 10:40:41: [walkguard.amxx] no zone-file found
L 05/21/2017 - 10:51:48: [admincmd.amxx] Cmd: "Dr.FioriGinal.Ro ~ Server Clasi<0><><>" slay "mwheeldown.rebel<145><STEAM_0:0:69535170><>"
L 05/21/2017 - 10:53:42: [admincmd.amxx] Cmd: "Dr.FioriGinal.Ro ~ Server Clasi<0><><>" slay "mwheeldown.rebel<147><STEAM_0:0:69535170><>"
L 05/21/2017 - 10:54:13: [admincmd.amxx] Cmd: "Dr.FioriGinal.Ro ~ Server Clasi<0><><>" slay "Paul_<151><STEAM_0:1:4730021><>"
L 05/21/2017 - 10:55:24: [admincmd.amxx] Cmd: "Dr.FioriGinal.Ro ~ Server Clasi<0><><>" slay "Benny.<154><VALVE_0:4:472828283><>"
L 05/21/2017 - 10:56:26: [slayafk.amxx] Benny. a primit slay, deoarece a fost afk mai mult de 30 secunde
L 05/21/2017 - 11:01:58: [admincmd.amxx] Cmd: "Dr.FioriGinal.Ro ~ Server Clasi<0><><>" slay "Benny.<160><VALVE_0:4:472828283><>"
L 05/21/2017 - 11:04:22: [admincmd.amxx] Cmd: "Dr.FioriGinal.Ro ~ Server Clasi<0><><>" slay "Benny.<162><VALVE_0:4:472828283><>"
L 05/21/2017 - 11:20:56: [admincmd.amxx] Cmd: "Dr.FioriGinal.Ro ~ Server Clasi<0><><>" slay "[mr] isam ghaith<171><STEAM_0:0:997819823><>"
L 05/21/2017 - 11:21:59: [admincmd.amxx] Cmd: "Dr.FioriGinal.Ro ~ Server Clasi<0><><>" slay "[mr] isam ghaith<172><STEAM_0:0:997819823><>"
L 05/21/2017 - 11:44:27: -------- Mapchange to deathrun_sk_occult --------
L 05/21/2017 - 11:44:29: [AMXX] Failed to open dictionary file: cstrike/addons/amxmodx/data/lang/walkguard.txt
L 05/21/2017 - 11:44:30: [walkguard.amxx] no zone-file found
L 05/21/2017 - 12:08:24: [slayafk.amxx] Clabucel1 a primit slay, deoarece a fost afk mai mult de 30 secunde
L 05/21/2017 - 12:13:17: -------- Mapchange to deathrun_jigsaw2 --------
L 05/21/2017 - 12:13:18: [AMXX] Failed to open dictionary file: cstrike/addons/amxmodx/data/lang/walkguard.txt
L 05/21/2017 - 12:13:20: [walkguard.amxx] no zone-file found
L 05/21/2017 - 12:39:49: -------- Mapchange to deathrun_christmas --------
L 05/21/2017 - 12:39:50: [AMXX] Failed to open dictionary file: cstrike/addons/amxmodx/data/lang/walkguard.txt
L 05/21/2017 - 12:39:51: [walkguard.amxx] no zone-file found
L 05/21/2017 - 13:11:16: -------- Mapchange to deathrun_jinglebells2 --------
L 05/21/2017 - 13:11:17: [AMXX] Failed to open dictionary file: cstrike/addons/amxmodx/data/lang/walkguard.txt
L 05/21/2017 - 13:11:18: [walkguard.amxx] no zone-file found
L 05/21/2017 - 13:15:08: [admincmd.amxx] Cmd: "Dr.FioriGinal.Ro ~ Server Clasi<0><><>" slay "mwheeldown.KeBu^<219><STEAM_0:0:1430659934><>"
L 05/21/2017 - 13:28:59: [admin.amxx] Login: "wKn<223><STEAM_0:0:196614190><>" became an admin (account "wKn") (access "bit") (address "92.80.116.179")
L 05/21/2017 - 13:29:13: [admin.amxx] Login: "wKn<224><STEAM_0:0:196614190><>" became an admin (account "wKn") (access "bit") (address "92.80.116.179")
L 05/21/2017 - 13:35:11: [admincmd.amxx] Cmd: "Dr.FioriGinal.Ro ~ Server Clasi<0><><>" slay "gF.lL[u]ck<230><STEAM_0:0:1322934216><>"
L 05/21/2017 - 13:35:24: [admincmd.amxx] Cmd: "Dr.FioriGinal.Ro ~ Server Clasi<0><><>" slay "gF.lL[u]ck<231><STEAM_0:0:1322934216><>"
L 05/21/2017 - 13:35:48: [admincmd.amxx] Cmd: "Dr.FioriGinal.Ro ~ Server Clasi<0><><>" slay "gF.lL[u]ck<233><STEAM_0:0:1322934216><>"
L 05/21/2017 - 13:39:42: [admin.amxx] Login: "cool<235><STEAM_0:1:25922700><>" became an admin (account "cool") (access "b") (address "5.14.110.87")
L 05/21/2017 - 13:39:45: [admin.amxx] Login: "cool<236><STEAM_0:1:25922700><>" became an admin (account "cool") (access "b") (address "5.14.110.87")
L 05/21/2017 - 13:39:49: [admin.amxx] Login: "cool<237><STEAM_0:1:25922700><>" became an admin (account "cool") (access "b") (address "5.14.110.87")
L 05/21/2017 - 13:45:09: [admin.amxx] Login: "TALINSKA<238><STEAM_0:0:95233985><>" became an admin (account "TALINSKA") (access "b") (address "92.86.36.23")
L 05/21/2017 - 13:45:35: [admin.amxx] Login: "TALINSKA<239><STEAM_0:0:95233985><>" became an admin (account "TALINSKA") (access "b") (address "92.86.36.23")
L 05/21/2017 - 13:58:25: -------- Mapchange to deathrun_gb_winter_final4 --------
L 05/21/2017 - 13:58:27: [AMXX] Failed to open dictionary file: cstrike/addons/amxmodx/data/lang/walkguard.txt
L 05/21/2017 - 13:58:28: [walkguard.amxx] no zone-file found
L 05/21/2017 - 14:11:35: [admincmd.amxx] Cmd: "Dr.FioriGinal.Ro ~ Server Clasi<0><><>" slay "sf<261><STEAM_0:0:1522747117><>"
L 05/21/2017 - 14:16:07: [admincmd.amxx] Cmd: "Dr.FioriGinal.Ro ~ Server Clasi<0><><>" slay "Sylv3R<266><VALVE_0:4:1727578986><>"
L 05/21/2017 - 14:16:09: [admincmd.amxx] Cmd: "Dr.FioriGinal.Ro ~ Server Clasi<0><><>" slay "sf<265><STEAM_0:0:1522747117><>"
L 05/21/2017 - 14:16:28: [admincmd.amxx] Cmd: "Dr.FioriGinal.Ro ~ Server Clasi<0><><>" slay "sf<268><STEAM_0:0:1522747117><>"
L 05/21/2017 - 14:16:29: [admincmd.amxx] Cmd: "Dr.FioriGinal.Ro ~ Server Clasi<0><><>" slay "Sylv3R<269><VALVE_0:4:1727578986><>"
L 05/21/2017 - 14:24:13: [admin.amxx] Login: "cool<275><STEAM_0:1:25922700><>" became an admin (account "cool") (access "b") (address "5.14.110.87")
L 05/21/2017 - 14:25:56: [admin.amxx] Login: "cool<279><STEAM_0:1:25922700><>" became an admin (account "cool") (access "b") (address "5.14.110.87")
L 05/21/2017 - 14:26:00: [admincmd.amxx] Cmd: "Dr.FioriGinal.Ro ~ Server Clasi<0><><>" slay "gF.lL[u]ck<278><STEAM_0:0:1322934216><>"
L 05/21/2017 - 14:26:40: [admincmd.amxx] Cmd: "Dr.FioriGinal.Ro ~ Server Clasi<0><><>" slay "gF.lL[u]ck<282><STEAM_0:0:1322934216><>"
L 05/21/2017 - 14:26:44: [admincmd.amxx] Cmd: "cool<279><STEAM_0:1:25922700><>" slay "gF.lL[u]ck<282><STEAM_0:0:1322934216><>"
L 05/21/2017 - 14:26:48: [admincmd.amxx] Cmd: "cool<279><STEAM_0:1:25922700><>" slay "gF.lL[u]ck<282><STEAM_0:0:1322934216><>"
L 05/21/2017 - 14:26:54: [admincmd.amxx] Cmd: "cool<279><STEAM_0:1:25922700><>" slay "gF.lL[u]ck<282><STEAM_0:0:1322934216><>"
L 05/21/2017 - 14:32:33: [admincmd.amxx] Cmd: "cool<279><STEAM_0:1:25922700><>" slap with 0 damage "Madina :J<283><STEAM_0:0:554774404><>"
L 05/21/2017 - 14:38:30: [mapsmenu.amxx] Vote: "cool<279><STEAM_0:1:25922700><>" vote maps (map#1 "deathrun_heaven_v2") (map#2 "deathrun_bhopz_v2") (map#3 "") (map#4 "")
L 05/21/2017 - 14:38:42: [mapsmenu.amxx] Vote: Voting successful. Map will be changed to deathrun_bhopz_v2
L 05/21/2017 - 14:40:08: [slayafk.amxx] cool a primit slay, deoarece a fost afk mai mult de 30 secunde
L 05/21/2017 - 14:43:06: -------- Mapchange to deathrun_bhopz_v2 --------
L 05/21/2017 - 14:43:08: [AMXX] Failed to open dictionary file: cstrike/addons/amxmodx/data/lang/walkguard.txt
L 05/21/2017 - 14:43:09: [walkguard.amxx] no zone-file found
L 05/21/2017 - 14:43:09: [admin.amxx] Login: "cool<279><STEAM_0:1:25922700><>" became an admin (account "cool") (access "b") (address "5.14.110.87")
L 05/21/2017 - 14:57:22: [admin.amxx] Login: "cool<302><STEAM_0:1:25922700><>" became an admin (account "cool") (access "b") (address "5.14.110.87")
L 05/21/2017 - 15:02:33: [slayafk.amxx] MEEEESH:j a primit slay, deoarece a fost afk mai mult de 30 secunde
L 05/21/2017 - 15:09:44: -------- Mapchange to deathrun_alleywinter --------
L 05/21/2017 - 15:09:45: [AMXX] Failed to open dictionary file: cstrike/addons/amxmodx/data/lang/walkguard.txt
L 05/21/2017 - 15:09:47: [walkguard.amxx] no zone-file found
L 05/21/2017 - 15:27:35: [admincmd.amxx] Cmd: "Dr.FioriGinal.Ro ~ Server Clasi<0><><>" slay "urs<321><STEAM_0:0:829338104><>"
L 05/21/2017 - 15:29:40: [admincmd.amxx] Cmd: "Dr.FioriGinal.Ro ~ Server Clasi<0><><>" slay "urs<323><STEAM_0:0:1952005800><>"
L 05/21/2017 - 15:54:21: -------- Mapchange to deathrun_trenal_lux --------
L 05/21/2017 - 15:54:23: [AMXX] Failed to open dictionary file: cstrike/addons/amxmodx/data/lang/walkguard.txt
L 05/21/2017 - 15:54:24: [walkguard.amxx] no zone-file found
L 05/21/2017 - 15:56:02: [admincmd.amxx] Cmd: "Dr.FioriGinal.Ro ~ Server Clasi<0><><>" slay "Kira<334><VALVE_0:4:1080697450><>"
L 05/21/2017 - 15:56:46: [admincmd.amxx] Cmd: "Dr.FioriGinal.Ro ~ Server Clasi<0><><>" slay "aaaaaaaaaaaaaaaaky<335><STEAM_0:0:202453035><>"
L 05/21/2017 - 15:57:07: [admincmd.amxx] Cmd: "Dr.FioriGinal.Ro ~ Server Clasi<0><><>" slay "aaaaaaaaaaaaaaaaky<337><STEAM_0:0:202453035><>"
L 05/21/2017 - 15:57:22: [admincmd.amxx] Cmd: "Dr.FioriGinal.Ro ~ Server Clasi<0><><>" slay "aaaaaaaaaaaaaaaaky<338><STEAM_0:0:202453035><>"
L 05/21/2017 - 16:01:14: [admincmd.amxx] Cmd: "Dr.FioriGinal.Ro ~ Server Clasi<0><><>" slay "CosminYT<342><STEAM_0:0:1827969387><>"
L 05/21/2017 - 16:01:51: [admincmd.amxx] Cmd: "Dr.FioriGinal.Ro ~ Server Clasi<0><><>" slay "CosminYT<345><STEAM_0:0:1827969387><>"
L 05/21/2017 - 16:01:52: [admincmd.amxx] Cmd: "Dr.FioriGinal.Ro ~ Server Clasi<0><><>" slay "Danii<346><STEAM_0:0:1079364101><>"
L 05/21/2017 - 16:17:14: [admincmd.amxx] Cmd: "Dr.FioriGinal.Ro ~ Server Clasi<0><><>" slay "Morocco<350><STEAM_0:0:1939982400><>"
L 05/21/2017 - 16:39:50: [admincmd.amxx] Cmd: "Dr.FioriGinal.Ro ~ Server Clasi<0><><>" slay "R.E.W.T<364><VALVE_0:4:1442674654><>"
L 05/21/2017 - 16:40:17: [admincmd.amxx] Cmd: "Dr.FioriGinal.Ro ~ Server Clasi<0><><>" slay "R.E.W.T<365><VALVE_0:4:1442674654><>"
L 05/21/2017 - 16:42:46: [admincmd.amxx] Cmd: "Dr.FioriGinal.Ro ~ Server Clasi<0><><>" slay "R.E.W.T<367><VALVE_0:4:1442674654><>"
L 05/21/2017 - 16:43:07: [admincmd.amxx] Cmd: "Dr.FioriGinal.Ro ~ Server Clasi<0><><>" slay "R.E.W.T<370><VALVE_0:4:1442674654><>"
L 05/21/2017 - 16:56:28: [slayafk.amxx] arNy a primit slay, deoarece a fost afk mai mult de 30 secunde
L 05/21/2017 - 17:01:22: [admincmd.amxx] Cmd: "Dr.FioriGinal.Ro ~ Server Clasi<0><><>" slay "sf<381><STEAM_0:0:1522747117><>"
L 05/21/2017 - 17:09:37: [admincmd.amxx] Cmd: "Dr.FioriGinal.Ro ~ Server Clasi<0><><>" slay "sf<384><STEAM_0:0:1522747117><>"
L 05/21/2017 - 17:12:27: [admincmd.amxx] Cmd: "Dr.FioriGinal.Ro ~ Server Clasi<0><><>" slay "sf<387><STEAM_0:0:1522747117><>"
L 05/21/2017 - 17:12:34: [admincmd.amxx] Cmd: "Dr.FioriGinal.Ro ~ Server Clasi<0><><>" slay "LaZaR[<3]#dRuNk<388><STEAM_0:0:1833088062><>"
L 05/21/2017 - 17:12:42: [admincmd.amxx] Cmd: "Dr.FioriGinal.Ro ~ Server Clasi<0><><>" slay "sf<389><STEAM_0:0:1522747117><>"
L 05/21/2017 - 17:13:27: [admincmd.amxx] Cmd: "Dr.FioriGinal.Ro ~ Server Clasi<0><><>" slay "sf<391><STEAM_0:0:1522747117><>"
L 05/21/2017 - 17:16:35: [admincmd.amxx] Cmd: "Dr.FioriGinal.Ro ~ Server Clasi<0><><>" slay "sf<393><STEAM_0:0:1522747117><>"
L 05/21/2017 - 17:25:23: [admincmd.amxx] Cmd: "Dr.FioriGinal.Ro ~ Server Clasi<0><><>" slay "Ro.#iNdecEnT<397><STEAM_0:0:58082199><>"
L 05/21/2017 - 17:25:45: [admincmd.amxx] Cmd: "Dr.FioriGinal.Ro ~ Server Clasi<0><><>" slay "Ro.#iNdecEnT<399><STEAM_0:0:58082199><>"
L 05/21/2017 - 17:25:57: [admincmd.amxx] Cmd: "Dr.FioriGinal.Ro ~ Server Clasi<0><><>" slay "Ro.#iNdecEnT<400><STEAM_0:0:58082199><>"
L 05/21/2017 - 17:30:01: [admincmd.amxx] Cmd: "Dr.FioriGinal.Ro ~ Server Clasi<0><><>" slay "sf<401><STEAM_0:0:1522747117><>"
L 05/21/2017 - 17:33:55: [admincmd.amxx] Cmd: "Dr.FioriGinal.Ro ~ Server Clasi<0><><>" slay "sf<403><STEAM_0:0:1522747117><>"
L 05/21/2017 - 17:47:08: [admincmd.amxx] Cmd: "Dr.FioriGinal.Ro ~ Server Clasi<0><><>" slay "Renjilian<409><STEAM_0:1:151302654><>"
L 05/21/2017 - 17:47:43: [admincmd.amxx] Cmd: "Dr.FioriGinal.Ro ~ Server Clasi<0><><>" slay "Renjilian<411><STEAM_0:1:151302654><>"
L 05/21/2017 - 17:49:48: [admin.amxx] Login: "wKn<412><STEAM_0:0:196614190><>" became an admin (account "wKn") (access "bit") (address "92.80.116.179")
L 05/21/2017 - 17:49:54: [admin.amxx] Login: "wKn<413><STEAM_0:0:196614190><>" became an admin (account "wKn") (access "bit") (address "92.80.116.179")
L 05/21/2017 - 17:50:02: [admincmd.amxx] Cmd: "Dr.FioriGinal.Ro ~ Server Clasi<0><><>" slay "Renjilian<414><STEAM_0:1:151302654><>"
L 05/21/2017 - 17:50:57: [admin.amxx] Login: "wKn<417><STEAM_0:0:196614190><>" became an admin (account "wKn") (access "bit") (address "92.80.116.179")
L 05/21/2017 - 17:51:04: [admincmd.amxx] Cmd: "Dr.FioriGinal.Ro ~ Server Clasi<0><><>" slay "wKn<417><STEAM_0:0:196614190><>"
L 05/21/2017 - 17:51:07: -------- Mapchange to deathrun_greyskull --------
L 05/21/2017 - 17:51:09: [AMXX] Failed to open dictionary file: cstrike/addons/amxmodx/data/lang/walkguard.txt
L 05/21/2017 - 17:51:10: [walkguard.amxx] no zone-file found
L 05/21/2017 - 17:51:10: [admin.amxx] Login: "wKn<417><STEAM_0:0:196614190><>" became an admin (account "wKn") (access "bit") (address "92.80.116.179")
L 05/21/2017 - 17:56:49: [admincmd.amxx] Cmd: "Dr.FioriGinal.Ro ~ Server Clasi<0><><>" slay "Renjilian<427><STEAM_0:1:151302654><>"
L 05/21/2017 - 18:01:20: [admincmd.amxx] Cmd: "Dr.FioriGinal.Ro ~ Server Clasi<0><><>" slay "Renjilian<430><STEAM_0:1:151302654><>"
L 05/21/2017 - 18:02:13: [admincmd.amxx] Cmd: "Dr.FioriGinal.Ro ~ Server Clasi<0><><>" slay "Renjilian<431><STEAM_0:1:151302654><>"
L 05/21/2017 - 18:06:15: [admincmd.amxx] Cmd: "Dr.FioriGinal.Ro ~ Server Clasi<0><><>" slay "Renjilian<433><STEAM_0:1:151302654><>"
L 05/21/2017 - 18:18:10: [slayafk.amxx] Renjilian a primit slay, deoarece a fost afk mai mult de 30 secunde
L 05/21/2017 - 18:19:20: [slayafk.amxx] Renjilian a primit slay, deoarece a fost afk mai mult de 30 secunde
L 05/21/2017 - 18:20:05: [slayafk.amxx] Renjilian a primit slay, deoarece a fost afk mai mult de 30 secunde
L 05/21/2017 - 18:20:55: [slayafk.amxx] Renjilian a primit slay, deoarece a fost afk mai mult de 30 secunde
L 05/21/2017 - 18:21:40: [slayafk.amxx] Renjilian a primit slay, deoarece a fost afk mai mult de 30 secunde
L 05/21/2017 - 18:25:55: [admincmd.amxx] Cmd: "Dr.FioriGinal.Ro ~ Server Clasi<0><><>" slay "Renjilian<445><STEAM_0:1:151302654><>"
L 05/21/2017 - 18:29:56: [admin.amxx] Login: "cool<446><STEAM_0:1:25922700><>" became an admin (account "cool") (access "b") (address "5.14.110.87")
L 05/21/2017 - 18:29:58: [admin.amxx] Login: "cool<447><STEAM_0:1:25922700><>" became an admin (account "cool") (access "b") (address "5.14.110.87")
L 05/21/2017 - 18:42:44: -------- Mapchange to deathrun_stronghold_beta1 --------
L 05/21/2017 - 18:42:46: [AMXX] Failed to open dictionary file: cstrike/addons/amxmodx/data/lang/walkguard.txt
L 05/21/2017 - 18:42:47: [walkguard.amxx] no zone-file found
L 05/21/2017 - 18:50:56: [admincmd.amxx] Cmd: "Dr.FioriGinal.Ro ~ Server Clasi<0><><>" slay "Sprint<458><VALVE_0:4:1442674654><>"
L 05/21/2017 - 19:12:46: [slayafk.amxx] anas a primit slay, deoarece a fost afk mai mult de 30 secunde
L 05/21/2017 - 19:17:37: [admincmd.amxx] Cmd: "Dr.FioriGinal.Ro ~ Server Clasi<0><><>" slay "shto<477><STEAM_0:0:3385128><>"
L 05/21/2017 - 19:17:47: -------- Mapchange to deathrun_aztecan_beta1 --------
L 05/21/2017 - 19:17:49: [AMXX] Failed to open dictionary file: cstrike/addons/amxmodx/data/lang/walkguard.txt
L 05/21/2017 - 19:17:50: [walkguard.amxx] no zone-file found
L 05/21/2017 - 19:23:04: [slayafk.amxx] shto a primit slay, deoarece a fost afk mai mult de 30 secunde
L 05/21/2017 - 19:24:19: [admincmd.amxx] Cmd: "Dr.FioriGinal.Ro ~ Server Clasi<0><><>" slay "shto<485><STEAM_0:0:3385128><>"
L 05/21/2017 - 19:26:04: [slayafk.amxx] shto a primit slay, deoarece a fost afk mai mult de 30 secunde
L 05/21/2017 - 19:28:04: [slayafk.amxx] shto a primit slay, deoarece a fost afk mai mult de 30 secunde
L 05/21/2017 - 19:30:14: [slayafk.amxx] shto a primit slay, deoarece a fost afk mai mult de 30 secunde
L 05/21/2017 - 19:35:24: [slayafk.amxx] shto a primit slay, deoarece a fost afk mai mult de 30 secunde
L 05/21/2017 - 19:36:39: [slayafk.amxx] shto a primit slay, deoarece a fost afk mai mult de 30 secunde
L 05/21/2017 - 19:37:27: [admincmd.amxx] Cmd: "Dr.FioriGinal.Ro ~ Server Clasi<0><><>" slay "Ro.# iNdecEnT<497><STEAM_0:0:58082199><>"
L 05/21/2017 - 19:37:49: [slayafk.amxx] shto a primit slay, deoarece a fost afk mai mult de 30 secunde
L 05/21/2017 - 19:39:14: [slayafk.amxx] shto a primit slay, deoarece a fost afk mai mult de 30 secunde
L 05/21/2017 - 19:40:04: [slayafk.amxx] shto a primit slay, deoarece a fost afk mai mult de 30 secunde
L 05/21/2017 - 19:40:39: [slayafk.amxx] Lou1s. a primit slay, deoarece a fost afk mai mult de 30 secunde
L 05/21/2017 - 19:41:14: [slayafk.amxx] shto a primit slay, deoarece a fost afk mai mult de 30 secunde
L 05/21/2017 - 19:41:49: [slayafk.amxx] Lou1s. a primit slay, deoarece a fost afk mai mult de 30 secunde
L 05/21/2017 - 19:42:19: [slayafk.amxx] shto a primit slay, deoarece a fost afk mai mult de 30 secunde
L 05/21/2017 - 19:42:54: [slayafk.amxx] Lou1s. a primit slay, deoarece a fost afk mai mult de 30 secunde
L 05/21/2017 - 19:43:24: [slayafk.amxx] shto a primit slay, deoarece a fost afk mai mult de 30 secunde
L 05/21/2017 - 19:43:59: [slayafk.amxx] Lou1s. a primit slay, deoarece a fost afk mai mult de 30 secunde
L 05/21/2017 - 19:44:34: [slayafk.amxx] shto a primit slay, deoarece a fost afk mai mult de 30 secunde
L 05/21/2017 - 19:45:09: [slayafk.amxx] Lou1s. a primit slay, deoarece a fost afk mai mult de 30 secunde
L 05/21/2017 - 19:45:39: [slayafk.amxx] shto a primit slay, deoarece a fost afk mai mult de 30 secunde
L 05/21/2017 - 19:46:14: [slayafk.amxx] Lou1s. a primit slay, deoarece a fost afk mai mult de 30 secunde
L 05/21/2017 - 19:47:19: [slayafk.amxx] Lou1s. a primit slay, deoarece a fost afk mai mult de 30 secunde
L 05/21/2017 - 19:50:56: -------- Mapchange to deathrun_pyramid --------
L 05/21/2017 - 19:50:57: [AMXX] Failed to open dictionary file: cstrike/addons/amxmodx/data/lang/walkguard.txt
L 05/21/2017 - 19:50:58: [walkguard.amxx] no zone-file found
L 05/21/2017 - 20:38:43: -------- Mapchange to deathrun_standup --------
L 05/21/2017 - 20:38:45: [AMXX] Failed to open dictionary file: cstrike/addons/amxmodx/data/lang/walkguard.txt
L 05/21/2017 - 20:38:46: [walkguard.amxx] no zone-file found
L 05/21/2017 - 21:14:26: [admin.amxx] Login: "-rTg|maEsTrOo<523><STEAM_0:1:154430568><>" became an admin (account "-rTg|maEsTrOo") (access "bit") (address "89.123.123.41")
L 05/21/2017 - 21:14:45: -------- Mapchange to deathrun_sentinel --------
L 05/21/2017 - 21:14:56: -------- Mapchange to deathrun_forest --------
L 05/21/2017 - 21:15:05: [AMXX] Failed to open dictionary file: cstrike/addons/amxmodx/data/lang/walkguard.txt
L 05/21/2017 - 21:15:07: [admin.amxx] Login: "-rTg|maEsTrOo<1><STEAM_0:1:154430568><>" became an admin (account "-rTg|maEsTrOo") (access "bit") (address "89.123.123.41")
L 05/21/2017 - 21:15:07: [walkguard.amxx] no zone-file found
L 05/21/2017 - 21:15:16: Invalid multi-lingual line (file "cstrike/addons/amxmodx/data/lang/rom_protect.txt" key "// *ROM-Protect// Plugin OpenSource anti-IsFlooding/bug-fix pentru orice server." lang "")
L 05/21/2017 - 21:15:16: Invalid multi-lingual line (file "cstrike/addons/amxmodx/data/lang/rom_protect.txt" key "// Versiunea : 1.0.4s-dev. Bulid : 98. Data lansarii versiunii : 03.12.2016." lang "")
L 05/21/2017 - 21:15:16: Invalid multi-lingual line (file "cstrike/addons/amxmodx/data/lang/rom_protect.txt" key "// Autor : lüxor # Dr.Fio & DR2.IND (+ eNd.) - SteamID (contact) : luxxxoor" lang "")
L 05/21/2017 - 21:15:16: Invalid multi-lingual line (file "cstrike/addons/amxmodx/data/lang/rom_protect.txt" key "// O productie FioriGinal.ro - site : www.fioriginal.ro" lang "")
L 05/21/2017 - 21:15:16: Invalid multi-lingual line (file "cstrike/addons/amxmodx/data/lang/rom_protect.txt" key "// Link forum de dezvoltare : http://forum.fioriginal.ro/amxmodx-plugins-pluginuri/rom-protect-anti-flood-bug-fix-t28292.html" lang "")
L 05/21/2017 - 21:15:16: Invalid multi-lingual line (file "cstrike/addons/amxmodx/data/lang/rom_protect.txt" key "// Link sursa : https://github.com/luxxxoor/ROM-Protect" lang "")
L 05/21/2017 - 21:15:16: Invalid multi-lingual line (file "cstrike/addons/amxmodx/data/lang/rom_protect.txt" key "// Colori : ^1 - Culoarea aleasa de jucator cu con_color." lang "")
L 05/21/2017 - 21:15:16: Invalid multi-lingual line (file "cstrike/addons/amxmodx/data/lang/rom_protect.txt" key "//          ^3 - Culoare gri." lang "")
L 05/21/2017 - 21:15:16: Invalid multi-lingual line (file "cstrike/addons/amxmodx/data/lang/rom_protect.txt" key "//          ^4 - Culoare verde." lang "")
L 05/21/2017 - 21:19:51: [admin.amxx] Login: "anca<5><STEAM_0:0:58514266><>" became an admin (account "anca") (access "bit") (address "109.103.126.196")
L 05/21/2017 - 21:48:21: -------- Mapchange to deathrun_jinglebells --------
L 05/21/2017 - 21:48:22: [AMXX] Failed to open dictionary file: cstrike/addons/amxmodx/data/lang/walkguard.txt
L 05/21/2017 - 21:48:23: [walkguard.amxx] no zone-file found
L 05/21/2017 - 21:48:23: [admin.amxx] Login: "-rTg|maEsTrOo<1><STEAM_0:1:154430568><>" became an admin (account "-rTg|maEsTrOo") (access "bit") (address "89.123.123.41")
L 05/21/2017 - 21:48:23: [admin.amxx] Login: "anca<5><STEAM_0:0:58514266><>" became an admin (account "anca") (access "bit") (address "109.103.126.196")
L 05/21/2017 - 21:48:58: [slayafk.amxx] anca a primit slay, deoarece a fost afk mai mult de 30 secunde
L 05/21/2017 - 21:49:33: [slayafk.amxx] anca a primit slay, deoarece a fost afk mai mult de 30 secunde
L 05/21/2017 - 21:50:48: [slayafk.amxx] anca a primit slay, deoarece a fost afk mai mult de 30 secunde
L 05/21/2017 - 21:52:38: [slayafk.amxx] anca a primit slay, deoarece a fost afk mai mult de 30 secunde
L 05/21/2017 - 21:54:18: [slayafk.amxx] anca a primit slay, deoarece a fost afk mai mult de 30 secunde
L 05/21/2017 - 21:55:58: [slayafk.amxx] anca a primit slay, deoarece a fost afk mai mult de 30 secunde
L 05/21/2017 - 21:58:48: [slayafk.amxx] anca a primit slay, deoarece a fost afk mai mult de 30 secunde
L 05/21/2017 - 22:01:33: [slayafk.amxx] anca a primit slay, deoarece a fost afk mai mult de 30 secunde
L 05/21/2017 - 22:02:18: [slayafk.amxx] anca a primit slay, deoarece a fost afk mai mult de 30 secunde
L 05/21/2017 - 22:07:53: [slayafk.amxx] anca a primit slay, deoarece a fost afk mai mult de 30 secunde
L 05/21/2017 - 22:09:13: [slayafk.amxx] anca a primit slay, deoarece a fost afk mai mult de 30 secunde
L 05/21/2017 - 22:09:53: [slayafk.amxx] anca a primit slay, deoarece a fost afk mai mult de 30 secunde
L 05/21/2017 - 22:10:53: [slayafk.amxx] anca a primit slay, deoarece a fost afk mai mult de 30 secunde
L 05/21/2017 - 22:30:52: -------- Mapchange to deathrun_long_run --------
L 05/21/2017 - 22:30:59: [AMXX] Failed to open dictionary file: cstrike/addons/amxmodx/data/lang/walkguard.txt
L 05/21/2017 - 22:31:00: [walkguard.amxx] no zone-file found
L 05/21/2017 - 22:36:47: [admin.amxx] Login: "Stifler<44><STEAM_0:0:1784836802><>" became an admin (account "Stifler") (access "b") (address "31.5.145.190")
L 05/21/2017 - 22:38:15: [admincmd.amxx] Cmd: "Dr.FioriGinal.Ro ~ Server Clasi<0><><>" slay "Urs<45><STEAM_0:0:1700340159><>"
L 05/21/2017 - 23:12:17: -------- Mapchange to deathrun_virtualstrike --------
L 05/21/2017 - 23:12:18: [AMXX] Failed to open dictionary file: cstrike/addons/amxmodx/data/lang/walkguard.txt
L 05/21/2017 - 23:12:19: [walkguard.amxx] no zone-file found
L 05/21/2017 - 23:52:12: -------- Mapchange to deathrun_nightrun_beta3 --------
L 05/21/2017 - 23:52:14: [AMXX] Failed to open dictionary file: cstrike/addons/amxmodx/data/lang/walkguard.txt
L 05/21/2017 - 23:52:15: [walkguard.amxx] no zone-file found
