L 03/17/2017 - 00:00:08: [admin.amxx] Login: "SWAGGIE. XD<1686><VALVE_0:4:862961770><>" became an admin (account "SWAGGIE. XD") (access "bi") (address "109.98.131.207")
L 03/17/2017 - 00:02:19: [admin.amxx] Login: "SWAGGIE. XD<1687><VALVE_0:4:862961770><>" became an admin (account "SWAGGIE. XD") (access "bi") (address "109.98.131.207")
L 03/17/2017 - 00:13:01: -------- Mapchange to deathrun_unreal_air --------
L 03/17/2017 - 00:13:03: [AMXX] Failed to open dictionary file: cstrike/addons/amxmodx/data/lang/walkguard.txt
L 03/17/2017 - 00:13:04: [walkguard.amxx] no zone-file found
L 03/17/2017 - 00:26:29: [admincmd.amxx] Cmd: "Dr.FioriGinal.Ro ~ Server Clasi<0><><>" slay "ultras<1695><STEAM_0:0:1102681870><>"
L 03/17/2017 - 00:44:54: [admin.amxx] Login: "vOci<1697><STEAM_0:1:120471225><>" became an admin (account "vOci") (access "bi") (address "188.24.244.29")
L 03/17/2017 - 00:44:56: [admin.amxx] Login: "vOci<1698><STEAM_0:1:120471225><>" became an admin (account "vOci") (access "bi") (address "188.24.244.29")
L 03/17/2017 - 00:45:52: [admincmd.amxx] Cmd: "vOci<1698><STEAM_0:1:120471225><>" ask for players list
L 03/17/2017 - 00:47:16: [admincmd.amxx] Cmd: "vOci<1698><STEAM_0:1:120471225><>" ask for players list
L 03/17/2017 - 00:49:20: [admincmd.amxx] Cmd: "Dr.FioriGinal.Ro ~ Server Clasi<0><><>" slay "tiganu<1700><STEAM_0:0:1715760849><>"
L 03/17/2017 - 00:57:01: [admincmd.amxx] Cmd: "Dr.FioriGinal.Ro ~ Server Clasi<0><><>" slay "tiganu<1703><STEAM_0:0:1715760849><>"
L 03/17/2017 - 00:58:41: [admincmd.amxx] Cmd: "Dr.FioriGinal.Ro ~ Server Clasi<0><><>" slay "tiganu<1704><STEAM_0:0:1715760849><>"
L 03/17/2017 - 00:59:26: [admincmd.amxx] Cmd: "Dr.FioriGinal.Ro ~ Server Clasi<0><><>" slay "tiganu<1705><STEAM_0:0:1715760849><>"
L 03/17/2017 - 00:59:56: [admincmd.amxx] Cmd: "Dr.FioriGinal.Ro ~ Server Clasi<0><><>" slay "tiganu<1706><STEAM_0:0:1715760849><>"
L 03/17/2017 - 01:00:10: [admin.amxx] Login: "vOci<1707><STEAM_0:1:120471225><>" became an admin (account "vOci") (access "bi") (address "188.24.244.29")
L 03/17/2017 - 01:02:14: [admincmd.amxx] Cmd: "vOci<1707><STEAM_0:1:120471225><>" ask for players list
L 03/17/2017 - 01:07:59: [adminchat.amxx] Chat: "vOci<1707><STEAM_0:1:120471225><>" chat ""
L 03/17/2017 - 01:11:05: [admincmd.amxx] Cmd: "Dr.FioriGinal.Ro ~ Server Clasi<0><><>" slay "B J R<1712><STEAM_0:1:45220001><>"
L 03/17/2017 - 01:11:19: [admincmd.amxx] Cmd: "Dr.FioriGinal.Ro ~ Server Clasi<0><><>" slay "B J R<1713><STEAM_0:1:45220001><>"
L 03/17/2017 - 01:17:13: [admincmd.amxx] Cmd: "Dr.FioriGinal.Ro ~ Server Clasi<0><><>" slay "tiganu<1720><STEAM_0:0:1715760849><>"
L 03/17/2017 - 01:21:26: [admincmd.amxx] Cmd: "Dr.FioriGinal.Ro ~ Server Clasi<0><><>" slay "tiganu<1722><STEAM_0:0:1715760849><>"
L 03/17/2017 - 01:21:56: [admincmd.amxx] Cmd: "Dr.FioriGinal.Ro ~ Server Clasi<0><><>" slay "tiganu<1723><STEAM_0:0:1715760849><>"
L 03/17/2017 - 09:08:14: [admincmd.amxx] Cmd: "Dr.FioriGinal.Ro ~ Server Clasi<0><><>" slay "zaPP<1784><STEAM_0:0:386404553><>"
L 03/17/2017 - 10:02:54: [admincmd.amxx] Cmd: "Dr.FioriGinal.Ro ~ Server Clasi<0><><>" slay "BombilO<1798><STEAM_0:0:1781773149><>"
L 03/17/2017 - 10:45:34: -------- Mapchange to deathrun_mc_nwk --------
L 03/17/2017 - 10:45:36: [AMXX] Failed to open dictionary file: cstrike/addons/amxmodx/data/lang/walkguard.txt
L 03/17/2017 - 10:45:37: [walkguard.amxx] no zone-file found
L 03/17/2017 - 10:47:52: [admincmd.amxx] Cmd: "Dr.FioriGinal.Ro ~ Server Clasi<0><><>" slay "Tr3fla<1823><STEAM_0:0:30052801><>"
L 03/17/2017 - 11:05:01: [admincmd.amxx] Cmd: "Dr.FioriGinal.Ro ~ Server Clasi<0><><>" slay "zaPP<1828><STEAM_0:0:386404553><>"
L 03/17/2017 - 11:12:23: -------- Mapchange to deathrun_gb_winter_final4 --------
L 03/17/2017 - 11:12:25: [AMXX] Failed to open dictionary file: cstrike/addons/amxmodx/data/lang/walkguard.txt
L 03/17/2017 - 11:12:26: [walkguard.amxx] no zone-file found
L 03/17/2017 - 11:19:46: [admin.amxx] Login: "cool<1836><STEAM_0:1:25922700><>" became an admin (account "cool") (access "bi") (address "5.14.99.188")
L 03/17/2017 - 11:19:48: [admin.amxx] Login: "cool<1837><STEAM_0:1:25922700><>" became an admin (account "cool") (access "bi") (address "5.14.99.188")
L 03/17/2017 - 11:21:21: [slayafk.amxx] cool a primit slay, deoarece a fost afk mai mult de 30 secunde
L 03/17/2017 - 11:51:27: [admincmd.amxx] Cmd: "Dr.FioriGinal.Ro ~ Server Clasi<0><><>" slay "|Rolis|<1850><STEAM_0:0:1088164935><>"
L 03/17/2017 - 11:59:03: [admin.amxx] Login: "cool<1851><STEAM_0:1:25922700><>" became an admin (account "cool") (access "bi") (address "5.14.99.188")
L 03/17/2017 - 11:59:09: [admincmd.amxx] Cmd: "Dr.FioriGinal.Ro ~ Server Clasi<0><><>" slay "cool<1851><STEAM_0:1:25922700><>"
L 03/17/2017 - 12:02:01: [slayafk.amxx] cool a primit slay, deoarece a fost afk mai mult de 30 secunde
L 03/17/2017 - 12:02:56: [slayafk.amxx] cool a primit slay, deoarece a fost afk mai mult de 30 secunde
L 03/17/2017 - 12:03:56: [slayafk.amxx] cool a primit slay, deoarece a fost afk mai mult de 30 secunde
L 03/17/2017 - 12:07:16: [slayafk.amxx] cool a primit slay, deoarece a fost afk mai mult de 30 secunde
L 03/17/2017 - 12:21:55: [admin.amxx] Login: "Xstrafers # |LOL|XXX<1859><STEAM_0:1:24069958><>" became an admin (account "Xstrafers # |LOL|XXX") (access "bi") (address "86.124.48.110")
L 03/17/2017 - 12:25:36: [slayafk.amxx] Xstrafers # |LOL|XXX a primit slay, deoarece a fost afk mai mult de 30 secunde
L 03/17/2017 - 12:26:26: [slayafk.amxx] Xstrafers # |LOL|XXX a primit slay, deoarece a fost afk mai mult de 30 secunde
L 03/17/2017 - 12:27:16: [slayafk.amxx] Xstrafers # |LOL|XXX a primit slay, deoarece a fost afk mai mult de 30 secunde
L 03/17/2017 - 12:28:01: [slayafk.amxx] Xstrafers # |LOL|XXX a primit slay, deoarece a fost afk mai mult de 30 secunde
L 03/17/2017 - 12:29:41: [slayafk.amxx] Xstrafers # |LOL|XXX a primit slay, deoarece a fost afk mai mult de 30 secunde
L 03/17/2017 - 12:37:06: [slayafk.amxx] Xstrafers # |LOL|XXX a primit slay, deoarece a fost afk mai mult de 30 secunde
L 03/17/2017 - 12:43:01: [slayafk.amxx] Xstrafers # |LOL|XXX a primit slay, deoarece a fost afk mai mult de 30 secunde
L 03/17/2017 - 13:01:21: [admincmd.amxx] Cmd: "Dr.FioriGinal.Ro ~ Server Clasi<0><><>" slay "Rekt<1878><STEAM_0:0:1940356293><>"
L 03/17/2017 - 13:23:56: [slayafk.amxx] Xstrafers # |LOL|XXX a primit slay, deoarece a fost afk mai mult de 30 secunde
L 03/17/2017 - 13:26:21: [slayafk.amxx] Xstrafers # |LOL|XXX a primit slay, deoarece a fost afk mai mult de 30 secunde
L 03/17/2017 - 13:28:51: [slayafk.amxx] Xstrafers # |LOL|XXX a primit slay, deoarece a fost afk mai mult de 30 secunde
L 03/17/2017 - 13:29:46: [slayafk.amxx] Xstrafers # |LOL|XXX a primit slay, deoarece a fost afk mai mult de 30 secunde
L 03/17/2017 - 13:45:56: [slayafk.amxx] Xstrafers # |LOL|XXX a primit slay, deoarece a fost afk mai mult de 30 secunde
L 03/17/2017 - 13:46:41: [slayafk.amxx] Xstrafers # |LOL|XXX a primit slay, deoarece a fost afk mai mult de 30 secunde
L 03/17/2017 - 13:46:49: [admincmd.amxx] Cmd: "Dr.FioriGinal.Ro ~ Server Clasi<0><><>" slay "DoZe<1887><STEAM_0:0:1518108911><>"
L 03/17/2017 - 13:50:09: -------- Mapchange to deathrun_death --------
L 03/17/2017 - 13:50:11: [AMXX] Failed to open dictionary file: cstrike/addons/amxmodx/data/lang/walkguard.txt
L 03/17/2017 - 13:50:12: [walkguard.amxx] no zone-file found
L 03/17/2017 - 13:50:12: [admin.amxx] Login: "Xstrafers # |LOL|XXX<1859><STEAM_0:1:24069958><>" became an admin (account "Xstrafers # |LOL|XXX") (access "bi") (address "86.124.48.110")
L 03/17/2017 - 13:50:15: [admin.amxx] Login: "Xstrafers # |LOL|XXX<1888><STEAM_0:1:24069958><>" became an admin (account "Xstrafers # |LOL|XXX") (access "bi") (address "86.124.48.110")
L 03/17/2017 - 14:08:04: [admincmd.amxx] Cmd: "Dr.FioriGinal.Ro ~ Server Clasi<0><><>" slay "Melkrom<1906><VALVE_0:4:287850875><>"
L 03/17/2017 - 14:13:11: [admin.amxx] Login: "dRaGoNeLy^ ;x<1910><STEAM_0:0:40546701><>" became an admin (account "dRaGoNeLy^ ;x") (access "bit") (address "86.127.194.30")
L 03/17/2017 - 14:17:12: -------- Mapchange to deathrun_atacama_beta2 --------
L 03/17/2017 - 14:17:14: [AMXX] Failed to open dictionary file: cstrike/addons/amxmodx/data/lang/walkguard.txt
L 03/17/2017 - 14:17:15: [walkguard.amxx] no zone-file found
L 03/17/2017 - 14:17:15: [admin.amxx] Login: "Xstrafers # |LOL|XXX<1888><STEAM_0:1:24069958><>" became an admin (account "Xstrafers # |LOL|XXX") (access "bi") (address "86.124.48.110")
L 03/17/2017 - 14:43:34: -------- Mapchange to deathrun_silence --------
L 03/17/2017 - 14:43:35: [AMXX] Failed to open dictionary file: cstrike/addons/amxmodx/data/lang/walkguard.txt
L 03/17/2017 - 14:43:36: [walkguard.amxx] no zone-file found
L 03/17/2017 - 14:43:36: [admin.amxx] Login: "Xstrafers # |LOL|XXX<1888><STEAM_0:1:24069958><>" became an admin (account "Xstrafers # |LOL|XXX") (access "bi") (address "86.124.48.110")
L 03/17/2017 - 14:44:11: [slayafk.amxx] DoZe a primit slay, deoarece a fost afk mai mult de 30 secunde
L 03/17/2017 - 14:44:16: [slayafk.amxx] Xstrafers # |LOL|XXX a primit slay, deoarece a fost afk mai mult de 30 secunde
L 03/17/2017 - 14:44:46: [slayafk.amxx] DoZe a primit slay, deoarece a fost afk mai mult de 30 secunde
L 03/17/2017 - 14:44:51: [slayafk.amxx] Xstrafers # |LOL|XXX a primit slay, deoarece a fost afk mai mult de 30 secunde
L 03/17/2017 - 14:45:31: [slayafk.amxx] Xstrafers # |LOL|XXX a primit slay, deoarece a fost afk mai mult de 30 secunde
L 03/17/2017 - 14:47:26: [slayafk.amxx] DoZe a primit slay, deoarece a fost afk mai mult de 30 secunde
L 03/17/2017 - 14:47:31: [slayafk.amxx] Xstrafers # |LOL|XXX a primit slay, deoarece a fost afk mai mult de 30 secunde
L 03/17/2017 - 14:49:51: [slayafk.amxx] Xstrafers # |LOL|XXX a primit slay, deoarece a fost afk mai mult de 30 secunde
L 03/17/2017 - 14:52:11: [slayafk.amxx] DoZe a primit slay, deoarece a fost afk mai mult de 30 secunde
L 03/17/2017 - 14:54:36: [slayafk.amxx] Xstrafers # |LOL|XXX a primit slay, deoarece a fost afk mai mult de 30 secunde
L 03/17/2017 - 14:54:36: [slayafk.amxx] DoZe a primit slay, deoarece a fost afk mai mult de 30 secunde
L 03/17/2017 - 14:57:01: [slayafk.amxx] Xstrafers # |LOL|XXX a primit slay, deoarece a fost afk mai mult de 30 secunde
L 03/17/2017 - 14:58:06: [slayafk.amxx] DoZe a primit slay, deoarece a fost afk mai mult de 30 secunde
L 03/17/2017 - 14:59:31: [slayafk.amxx] Xstrafers # |LOL|XXX a primit slay, deoarece a fost afk mai mult de 30 secunde
L 03/17/2017 - 15:00:46: [slayafk.amxx] DoZe a primit slay, deoarece a fost afk mai mult de 30 secunde
L 03/17/2017 - 15:02:06: [slayafk.amxx] Xstrafers # |LOL|XXX a primit slay, deoarece a fost afk mai mult de 30 secunde
L 03/17/2017 - 15:02:46: [slayafk.amxx] DoZe a primit slay, deoarece a fost afk mai mult de 30 secunde
L 03/17/2017 - 15:03:26: [slayafk.amxx] Xstrafers # |LOL|XXX a primit slay, deoarece a fost afk mai mult de 30 secunde
L 03/17/2017 - 15:04:01: [slayafk.amxx] DoZe a primit slay, deoarece a fost afk mai mult de 30 secunde
L 03/17/2017 - 15:04:41: [slayafk.amxx] Xstrafers # |LOL|XXX a primit slay, deoarece a fost afk mai mult de 30 secunde
L 03/17/2017 - 15:05:16: [slayafk.amxx] DoZe a primit slay, deoarece a fost afk mai mult de 30 secunde
L 03/17/2017 - 15:05:51: [slayafk.amxx] Xstrafers # |LOL|XXX a primit slay, deoarece a fost afk mai mult de 30 secunde
L 03/17/2017 - 15:06:21: [slayafk.amxx] DoZe a primit slay, deoarece a fost afk mai mult de 30 secunde
L 03/17/2017 - 15:07:01: [slayafk.amxx] Xstrafers # |LOL|XXX a primit slay, deoarece a fost afk mai mult de 30 secunde
L 03/17/2017 - 15:07:31: [slayafk.amxx] DoZe a primit slay, deoarece a fost afk mai mult de 30 secunde
L 03/17/2017 - 15:08:06: [slayafk.amxx] Xstrafers # |LOL|XXX a primit slay, deoarece a fost afk mai mult de 30 secunde
L 03/17/2017 - 15:08:36: [slayafk.amxx] DoZe a primit slay, deoarece a fost afk mai mult de 30 secunde
L 03/17/2017 - 15:09:16: [slayafk.amxx] Xstrafers # |LOL|XXX a primit slay, deoarece a fost afk mai mult de 30 secunde
L 03/17/2017 - 15:09:19: -------- Mapchange to deathrun_death_hard --------
L 03/17/2017 - 15:09:21: [AMXX] Failed to open dictionary file: cstrike/addons/amxmodx/data/lang/walkguard.txt
L 03/17/2017 - 15:09:22: [walkguard.amxx] no zone-file found
L 03/17/2017 - 15:09:22: [admin.amxx] Login: "Xstrafers # |LOL|XXX<1888><STEAM_0:1:24069958><>" became an admin (account "Xstrafers # |LOL|XXX") (access "bi") (address "86.124.48.110")
L 03/17/2017 - 15:09:24: [admin.amxx] Login: "Xstrafers # |LOL|XXX<1940><STEAM_0:1:24069958><>" became an admin (account "Xstrafers # |LOL|XXX") (access "bi") (address "86.124.48.110")
L 03/17/2017 - 15:58:09: [admincmd.amxx] Cmd: "Dr.FioriGinal.Ro ~ Server Clasi<0><><>" slay "tiganu<1963><STEAM_0:0:1715760849><>"
L 03/17/2017 - 15:58:33: [admincmd.amxx] Cmd: "Dr.FioriGinal.Ro ~ Server Clasi<0><><>" slay "tiganu<1964><STEAM_0:0:1715760849><>"
L 03/17/2017 - 16:02:09: -------- Mapchange to deathrun_green_X --------
L 03/17/2017 - 16:02:10: [AMXX] Failed to open dictionary file: cstrike/addons/amxmodx/data/lang/walkguard.txt
L 03/17/2017 - 16:02:11: [walkguard.amxx] no zone-file found
L 03/17/2017 - 16:02:12: [admin.amxx] Login: "Xstrafers # |LOL|XXX<1940><STEAM_0:1:24069958><>" became an admin (account "Xstrafers # |LOL|XXX") (access "bi") (address "86.124.48.110")
L 03/17/2017 - 16:35:11: [slayafk.amxx] DoZe a primit slay, deoarece a fost afk mai mult de 30 secunde
L 03/17/2017 - 16:44:15: -------- Mapchange to deathrun_mici_f --------
L 03/17/2017 - 16:44:17: [AMXX] Failed to open dictionary file: cstrike/addons/amxmodx/data/lang/walkguard.txt
L 03/17/2017 - 16:44:18: [walkguard.amxx] no zone-file found
L 03/17/2017 - 16:44:18: [admin.amxx] Login: "Xstrafers # |LOL|XXX<1940><STEAM_0:1:24069958><>" became an admin (account "Xstrafers # |LOL|XXX") (access "bi") (address "86.124.48.110")
L 03/17/2017 - 17:07:36: [admin.amxx] Login: "J.Smith<2013><STEAM_0:0:59563675><>" became an admin (account "J.Smith") (access "bi") (address "109.185.5.238")
L 03/17/2017 - 17:10:52: -------- Mapchange to deathrun_pacman_v2 --------
L 03/17/2017 - 17:10:54: [AMXX] Failed to open dictionary file: cstrike/addons/amxmodx/data/lang/walkguard.txt
L 03/17/2017 - 17:10:55: [walkguard.amxx] no zone-file found
L 03/17/2017 - 17:10:55: [admin.amxx] Login: "J.Smith<2013><STEAM_0:0:59563675><>" became an admin (account "J.Smith") (access "bi") (address "109.185.5.238")
L 03/17/2017 - 17:10:55: [admin.amxx] Login: "Xstrafers # |LOL|XXX<1940><STEAM_0:1:24069958><>" became an admin (account "Xstrafers # |LOL|XXX") (access "bi") (address "86.124.48.110")
L 03/17/2017 - 17:11:23: [admincmd.amxx] Cmd: "Dr.FioriGinal.Ro ~ Server Clasi<0><><>" slay "XxX_PAPAIIIA_XxX<2019><STEAM_0:0:1088553844><>"
L 03/17/2017 - 17:11:30: [slayafk.amxx] Xstrafers # |LOL|XXX a primit slay, deoarece a fost afk mai mult de 30 secunde
L 03/17/2017 - 17:11:30: [slayafk.amxx] DoZe a primit slay, deoarece a fost afk mai mult de 30 secunde
L 03/17/2017 - 17:12:05: [slayafk.amxx] Xstrafers # |LOL|XXX a primit slay, deoarece a fost afk mai mult de 30 secunde
L 03/17/2017 - 17:12:05: [slayafk.amxx] DoZe a primit slay, deoarece a fost afk mai mult de 30 secunde
L 03/17/2017 - 17:12:24: [admincmd.amxx] Cmd: "J.Smith<2013><STEAM_0:0:59563675><>" ask for players list
L 03/17/2017 - 17:15:10: [slayafk.amxx] Xstrafers # |LOL|XXX a primit slay, deoarece a fost afk mai mult de 30 secunde
L 03/17/2017 - 17:16:57: [admincmd.amxx] Cmd: "Dr.FioriGinal.Ro ~ Server Clasi<0><><>" slay "abc.<2023><VALVE_0:4:1258049143><>"
L 03/17/2017 - 17:17:25: [slayafk.amxx] Xstrafers # |LOL|XXX a primit slay, deoarece a fost afk mai mult de 30 secunde
L 03/17/2017 - 17:17:25: [slayafk.amxx] DoZe a primit slay, deoarece a fost afk mai mult de 30 secunde
L 03/17/2017 - 17:19:40: [slayafk.amxx] Xstrafers # |LOL|XXX a primit slay, deoarece a fost afk mai mult de 30 secunde
L 03/17/2017 - 17:22:05: [slayafk.amxx] Xstrafers # |LOL|XXX a primit slay, deoarece a fost afk mai mult de 30 secunde
L 03/17/2017 - 17:22:15: [slayafk.amxx] DoZe a primit slay, deoarece a fost afk mai mult de 30 secunde
L 03/17/2017 - 17:22:50: [slayafk.amxx] DoZe a primit slay, deoarece a fost afk mai mult de 30 secunde
L 03/17/2017 - 17:24:35: [slayafk.amxx] Xstrafers # |LOL|XXX a primit slay, deoarece a fost afk mai mult de 30 secunde
L 03/17/2017 - 17:25:38: [admincmd.amxx] Cmd: "Dr.FioriGinal.Ro ~ Server Clasi<0><><>" slay "tiganu<2028><STEAM_0:0:1715760849><>"
L 03/17/2017 - 17:26:00: [slayafk.amxx] DoZe a primit slay, deoarece a fost afk mai mult de 30 secunde
L 03/17/2017 - 17:26:35: [slayafk.amxx] Xstrafers # |LOL|XXX a primit slay, deoarece a fost afk mai mult de 30 secunde
L 03/17/2017 - 17:27:10: [slayafk.amxx] DoZe a primit slay, deoarece a fost afk mai mult de 30 secunde
L 03/17/2017 - 17:27:50: [slayafk.amxx] DoZe a primit slay, deoarece a fost afk mai mult de 30 secunde
L 03/17/2017 - 17:29:20: [slayafk.amxx] Xstrafers # |LOL|XXX a primit slay, deoarece a fost afk mai mult de 30 secunde
L 03/17/2017 - 17:32:25: [slayafk.amxx] DoZe a primit slay, deoarece a fost afk mai mult de 30 secunde
L 03/17/2017 - 17:32:30: [slayafk.amxx] Xstrafers # |LOL|XXX a primit slay, deoarece a fost afk mai mult de 30 secunde
L 03/17/2017 - 17:33:25: [slayafk.amxx] DoZe a primit slay, deoarece a fost afk mai mult de 30 secunde
L 03/17/2017 - 17:35:44: [admincmd.amxx] Cmd: "Dr.FioriGinal.Ro ~ Server Clasi<0><><>" slay "(@$*(!*?:<<2037><STEAM_0:0:534113676><>"
L 03/17/2017 - 17:36:01: [admincmd.amxx] Cmd: "Dr.FioriGinal.Ro ~ Server Clasi<0><><>" slay "(@$*(!*?:<<2039><STEAM_0:0:534113676><>"
L 03/17/2017 - 17:36:15: [slayafk.amxx] FLVXSOW;[ a primit slay, deoarece a fost afk mai mult de 30 secunde
L 03/17/2017 - 17:38:07: -------- Mapchange to deathrun_purplez_v2_b3 --------
L 03/17/2017 - 17:38:09: [AMXX] Failed to open dictionary file: cstrike/addons/amxmodx/data/lang/walkguard.txt
L 03/17/2017 - 17:38:10: [walkguard.amxx] no zone-file found
L 03/17/2017 - 17:38:10: [admin.amxx] Login: "Xstrafers # |LOL|XXX<1940><STEAM_0:1:24069958><>" became an admin (account "Xstrafers # |LOL|XXX") (access "bi") (address "86.124.48.110")
L 03/17/2017 - 17:38:49: [slayafk.amxx] Xstrafers # |LOL|XXX a primit slay, deoarece a fost afk mai mult de 30 secunde
L 03/17/2017 - 17:38:54: [slayafk.amxx] FLVXSOW;[ a primit slay, deoarece a fost afk mai mult de 30 secunde
L 03/17/2017 - 17:38:59: [slayafk.amxx] DoZe a primit slay, deoarece a fost afk mai mult de 30 secunde
L 03/17/2017 - 17:39:49: [slayafk.amxx] Xstrafers # |LOL|XXX a primit slay, deoarece a fost afk mai mult de 30 secunde
L 03/17/2017 - 17:39:49: [slayafk.amxx] FLVXSOW;[ a primit slay, deoarece a fost afk mai mult de 30 secunde
L 03/17/2017 - 17:40:49: [slayafk.amxx] DoZe a primit slay, deoarece a fost afk mai mult de 30 secunde
L 03/17/2017 - 17:40:54: [slayafk.amxx] Xstrafers # |LOL|XXX a primit slay, deoarece a fost afk mai mult de 30 secunde
L 03/17/2017 - 17:40:54: [slayafk.amxx] FLVXSOW;[ a primit slay, deoarece a fost afk mai mult de 30 secunde
L 03/17/2017 - 17:41:34: [slayafk.amxx] Xstrafers # |LOL|XXX a primit slay, deoarece a fost afk mai mult de 30 secunde
L 03/17/2017 - 17:41:34: [slayafk.amxx] DoZe a primit slay, deoarece a fost afk mai mult de 30 secunde
L 03/17/2017 - 17:43:14: [slayafk.amxx] FLVXSOW;[ a primit slay, deoarece a fost afk mai mult de 30 secunde
L 03/17/2017 - 17:43:19: [slayafk.amxx] Xstrafers # |LOL|XXX a primit slay, deoarece a fost afk mai mult de 30 secunde
L 03/17/2017 - 17:43:59: [slayafk.amxx] FLVXSOW;[ a primit slay, deoarece a fost afk mai mult de 30 secunde
L 03/17/2017 - 17:44:54: [slayafk.amxx] Xstrafers # |LOL|XXX a primit slay, deoarece a fost afk mai mult de 30 secunde
L 03/17/2017 - 17:44:59: [slayafk.amxx] FLVXSOW;[ a primit slay, deoarece a fost afk mai mult de 30 secunde
L 03/17/2017 - 17:45:39: [slayafk.amxx] DoZe a primit slay, deoarece a fost afk mai mult de 30 secunde
L 03/17/2017 - 17:45:44: [slayafk.amxx] Xstrafers # |LOL|XXX a primit slay, deoarece a fost afk mai mult de 30 secunde
L 03/17/2017 - 17:45:44: [slayafk.amxx] FLVXSOW;[ a primit slay, deoarece a fost afk mai mult de 30 secunde
L 03/17/2017 - 17:47:39: [slayafk.amxx] DoZe a primit slay, deoarece a fost afk mai mult de 30 secunde
L 03/17/2017 - 17:47:39: [slayafk.amxx] FLVXSOW;[ a primit slay, deoarece a fost afk mai mult de 30 secunde
L 03/17/2017 - 17:48:14: [slayafk.amxx] Xstrafers # |LOL|XXX a primit slay, deoarece a fost afk mai mult de 30 secunde
L 03/17/2017 - 17:48:19: [slayafk.amxx] DoZe a primit slay, deoarece a fost afk mai mult de 30 secunde
L 03/17/2017 - 17:48:49: [slayafk.amxx] FLVXSOW;[ a primit slay, deoarece a fost afk mai mult de 30 secunde
L 03/17/2017 - 17:48:59: [slayafk.amxx] Xstrafers # |LOL|XXX a primit slay, deoarece a fost afk mai mult de 30 secunde
L 03/17/2017 - 17:49:39: [slayafk.amxx] FLVXSOW;[ a primit slay, deoarece a fost afk mai mult de 30 secunde
L 03/17/2017 - 17:50:14: [slayafk.amxx] Xstrafers # |LOL|XXX a primit slay, deoarece a fost afk mai mult de 30 secunde
L 03/17/2017 - 17:50:19: [slayafk.amxx] FLVXSOW;[ a primit slay, deoarece a fost afk mai mult de 30 secunde
L 03/17/2017 - 17:50:59: [slayafk.amxx] FLVXSOW;[ a primit slay, deoarece a fost afk mai mult de 30 secunde
L 03/17/2017 - 17:51:44: [slayafk.amxx] Xstrafers # |LOL|XXX a primit slay, deoarece a fost afk mai mult de 30 secunde
L 03/17/2017 - 17:51:49: [slayafk.amxx] FLVXSOW;[ a primit slay, deoarece a fost afk mai mult de 30 secunde
L 03/17/2017 - 17:52:29: [slayafk.amxx] Xstrafers # |LOL|XXX a primit slay, deoarece a fost afk mai mult de 30 secunde
L 03/17/2017 - 17:52:29: [slayafk.amxx] DoZe a primit slay, deoarece a fost afk mai mult de 30 secunde
L 03/17/2017 - 17:53:59: [slayafk.amxx] FLVXSOW;[ a primit slay, deoarece a fost afk mai mult de 30 secunde
L 03/17/2017 - 17:54:04: [slayafk.amxx] Xstrafers # |LOL|XXX a primit slay, deoarece a fost afk mai mult de 30 secunde
L 03/17/2017 - 17:54:04: [slayafk.amxx] DoZe a primit slay, deoarece a fost afk mai mult de 30 secunde
L 03/17/2017 - 17:54:59: [slayafk.amxx] DoZe a primit slay, deoarece a fost afk mai mult de 30 secunde
L 03/17/2017 - 17:54:59: [slayafk.amxx] FLVXSOW;[ a primit slay, deoarece a fost afk mai mult de 30 secunde
L 03/17/2017 - 17:55:39: [slayafk.amxx] Xstrafers # |LOL|XXX a primit slay, deoarece a fost afk mai mult de 30 secunde
L 03/17/2017 - 17:55:44: [slayafk.amxx] DoZe a primit slay, deoarece a fost afk mai mult de 30 secunde
L 03/17/2017 - 17:55:44: [slayafk.amxx] FLVXSOW;[ a primit slay, deoarece a fost afk mai mult de 30 secunde
L 03/17/2017 - 17:56:29: [slayafk.amxx] Xstrafers # |LOL|XXX a primit slay, deoarece a fost afk mai mult de 30 secunde
L 03/17/2017 - 17:56:29: [slayafk.amxx] FLVXSOW;[ a primit slay, deoarece a fost afk mai mult de 30 secunde
L 03/17/2017 - 17:57:44: [slayafk.amxx] DoZe a primit slay, deoarece a fost afk mai mult de 30 secunde
L 03/17/2017 - 17:57:49: [slayafk.amxx] Xstrafers # |LOL|XXX a primit slay, deoarece a fost afk mai mult de 30 secunde
L 03/17/2017 - 17:57:49: [slayafk.amxx] FLVXSOW;[ a primit slay, deoarece a fost afk mai mult de 30 secunde
L 03/17/2017 - 17:59:29: [slayafk.amxx] Xstrafers # |LOL|XXX a primit slay, deoarece a fost afk mai mult de 30 secunde
L 03/17/2017 - 17:59:29: [slayafk.amxx] FLVXSOW;[ a primit slay, deoarece a fost afk mai mult de 30 secunde
L 03/17/2017 - 17:59:56: [admin.amxx] Login: "J.Smith<2067><STEAM_0:0:59563675><>" became an admin (account "J.Smith") (access "bi") (address "109.185.5.238")
L 03/17/2017 - 18:00:01: [admincmd.amxx] Cmd: "Dr.FioriGinal.Ro ~ Server Clasi<0><><>" slay "tiganu<2066><STEAM_0:0:1715760849><>"
L 03/17/2017 - 18:00:24: [slayafk.amxx] DoZe a primit slay, deoarece a fost afk mai mult de 30 secunde
L 03/17/2017 - 18:00:29: [slayafk.amxx] Xstrafers # |LOL|XXX a primit slay, deoarece a fost afk mai mult de 30 secunde
L 03/17/2017 - 18:00:29: [slayafk.amxx] FLVXSOW;[ a primit slay, deoarece a fost afk mai mult de 30 secunde
L 03/17/2017 - 18:01:29: [slayafk.amxx] Xstrafers # |LOL|XXX a primit slay, deoarece a fost afk mai mult de 30 secunde
L 03/17/2017 - 18:01:29: [slayafk.amxx] DoZe a primit slay, deoarece a fost afk mai mult de 30 secunde
L 03/17/2017 - 18:01:29: [slayafk.amxx] FLVXSOW;[ a primit slay, deoarece a fost afk mai mult de 30 secunde
L 03/17/2017 - 18:01:55: [mapsmenu.amxx] Vote: "J.Smith<2067><STEAM_0:0:59563675><>" vote maps (map#1 "deathrun_long_run") (map#2 "deathrun_discovery3") (map#3 "") (map#4 "")
L 03/17/2017 - 18:02:07: [mapsmenu.amxx] Vote: Voting successful. Map will be changed to deathrun_long_run
L 03/17/2017 - 18:03:14: [slayafk.amxx] Xstrafers # |LOL|XXX a primit slay, deoarece a fost afk mai mult de 30 secunde
L 03/17/2017 - 18:03:14: [slayafk.amxx] DoZe a primit slay, deoarece a fost afk mai mult de 30 secunde
L 03/17/2017 - 18:03:14: [slayafk.amxx] FLVXSOW;[ a primit slay, deoarece a fost afk mai mult de 30 secunde
L 03/17/2017 - 18:04:45: -------- Mapchange to deathrun_long_run --------
L 03/17/2017 - 18:04:46: [AMXX] Failed to open dictionary file: cstrike/addons/amxmodx/data/lang/walkguard.txt
L 03/17/2017 - 18:04:48: [walkguard.amxx] no zone-file found
L 03/17/2017 - 18:04:48: [admin.amxx] Login: "J.Smith<2067><STEAM_0:0:59563675><>" became an admin (account "J.Smith") (access "bi") (address "109.185.5.238")
L 03/17/2017 - 18:04:48: [admin.amxx] Login: "Xstrafers # |LOL|XXX<1940><STEAM_0:1:24069958><>" became an admin (account "Xstrafers # |LOL|XXX") (access "bi") (address "86.124.48.110")
L 03/17/2017 - 18:05:22: [slayafk.amxx] Xstrafers # |LOL|XXX a primit slay, deoarece a fost afk mai mult de 30 secunde
L 03/17/2017 - 18:05:27: [admincmd.amxx] Cmd: "Dr.FioriGinal.Ro ~ Server Clasi<0><><>" slay "(@$*(!*?:<<2075><STEAM_0:0:534113676><>"
L 03/17/2017 - 18:05:37: [slayafk.amxx] DoZe a primit slay, deoarece a fost afk mai mult de 30 secunde
L 03/17/2017 - 18:05:57: [slayafk.amxx] Xstrafers # |LOL|XXX a primit slay, deoarece a fost afk mai mult de 30 secunde
L 03/17/2017 - 18:06:37: [slayafk.amxx] Xstrafers # |LOL|XXX a primit slay, deoarece a fost afk mai mult de 30 secunde
L 03/17/2017 - 18:08:07: [slayafk.amxx] Xstrafers # |LOL|XXX a primit slay, deoarece a fost afk mai mult de 30 secunde
L 03/17/2017 - 18:08:17: [slayafk.amxx] DoZe a primit slay, deoarece a fost afk mai mult de 30 secunde
L 03/17/2017 - 18:09:12: [slayafk.amxx] Xstrafers # |LOL|XXX a primit slay, deoarece a fost afk mai mult de 30 secunde
L 03/17/2017 - 18:09:26: [admincmd.amxx] Cmd: "Dr.FioriGinal.Ro ~ Server Clasi<0><><>" slay "tiganu<2079><STEAM_0:0:1715760849><>"
L 03/17/2017 - 18:09:52: [slayafk.amxx] DoZe a primit slay, deoarece a fost afk mai mult de 30 secunde
L 03/17/2017 - 18:12:12: [slayafk.amxx] DoZe a primit slay, deoarece a fost afk mai mult de 30 secunde
L 03/17/2017 - 18:12:47: [slayafk.amxx] Xstrafers # |LOL|XXX a primit slay, deoarece a fost afk mai mult de 30 secunde
L 03/17/2017 - 18:12:52: [slayafk.amxx] DoZe a primit slay, deoarece a fost afk mai mult de 30 secunde
L 03/17/2017 - 18:13:15: [admincmd.amxx] Cmd: "Dr.FioriGinal.Ro ~ Server Clasi<0><><>" slay "tiganu<2083><STEAM_0:0:1715760849><>"
L 03/17/2017 - 18:13:47: [slayafk.amxx] Xstrafers # |LOL|XXX a primit slay, deoarece a fost afk mai mult de 30 secunde
L 03/17/2017 - 18:13:47: [slayafk.amxx] DoZe a primit slay, deoarece a fost afk mai mult de 30 secunde
L 03/17/2017 - 18:15:47: [slayafk.amxx] Xstrafers # |LOL|XXX a primit slay, deoarece a fost afk mai mult de 30 secunde
L 03/17/2017 - 18:15:56: [admincmd.amxx] Cmd: "Dr.FioriGinal.Ro ~ Server Clasi<0><><>" slay "tiganu<2086><STEAM_0:0:1715760849><>"
L 03/17/2017 - 18:16:17: [slayafk.amxx] DoZe a primit slay, deoarece a fost afk mai mult de 30 secunde
L 03/17/2017 - 18:16:27: [slayafk.amxx] Xstrafers # |LOL|XXX a primit slay, deoarece a fost afk mai mult de 30 secunde
L 03/17/2017 - 18:18:02: [slayafk.amxx] Xstrafers # |LOL|XXX a primit slay, deoarece a fost afk mai mult de 30 secunde
L 03/17/2017 - 18:18:02: [slayafk.amxx] DoZe a primit slay, deoarece a fost afk mai mult de 30 secunde
L 03/17/2017 - 18:18:18: [admincmd.amxx] Cmd: "Dr.FioriGinal.Ro ~ Server Clasi<0><><>" slay "tiganu<2087><STEAM_0:0:1715760849><>"
L 03/17/2017 - 18:18:47: [slayafk.amxx] DoZe a primit slay, deoarece a fost afk mai mult de 30 secunde
L 03/17/2017 - 18:19:27: [slayafk.amxx] DoZe a primit slay, deoarece a fost afk mai mult de 30 secunde
L 03/17/2017 - 18:19:41: [admincmd.amxx] Cmd: "Dr.FioriGinal.Ro ~ Server Clasi<0><><>" slay "tiganu<2088><STEAM_0:0:1715760849><>"
L 03/17/2017 - 18:20:07: [slayafk.amxx] Xstrafers # |LOL|XXX a primit slay, deoarece a fost afk mai mult de 30 secunde
L 03/17/2017 - 18:20:12: [slayafk.amxx] DoZe a primit slay, deoarece a fost afk mai mult de 30 secunde
L 03/17/2017 - 18:22:32: [slayafk.amxx] DoZe a primit slay, deoarece a fost afk mai mult de 30 secunde
L 03/17/2017 - 18:23:12: [slayafk.amxx] DoZe a primit slay, deoarece a fost afk mai mult de 30 secunde
L 03/17/2017 - 18:23:22: [admincmd.amxx] Cmd: "Dr.FioriGinal.Ro ~ Server Clasi<0><><>" slay "tiganu<2091><STEAM_0:0:1715760849><>"
L 03/17/2017 - 18:23:47: [slayafk.amxx] Xstrafers # |LOL|XXX a primit slay, deoarece a fost afk mai mult de 30 secunde
L 03/17/2017 - 18:25:22: [slayafk.amxx] DoZe a primit slay, deoarece a fost afk mai mult de 30 secunde
L 03/17/2017 - 18:25:27: [slayafk.amxx] Xstrafers # |LOL|XXX a primit slay, deoarece a fost afk mai mult de 30 secunde
L 03/17/2017 - 18:26:07: [slayafk.amxx] Xstrafers # |LOL|XXX a primit slay, deoarece a fost afk mai mult de 30 secunde
L 03/17/2017 - 18:26:07: [slayafk.amxx] DoZe a primit slay, deoarece a fost afk mai mult de 30 secunde
L 03/17/2017 - 18:27:12: [slayafk.amxx] Xstrafers # |LOL|XXX a primit slay, deoarece a fost afk mai mult de 30 secunde
L 03/17/2017 - 18:28:37: [slayafk.amxx] DoZe a primit slay, deoarece a fost afk mai mult de 30 secunde
L 03/17/2017 - 18:28:42: [slayafk.amxx] Xstrafers # |LOL|XXX a primit slay, deoarece a fost afk mai mult de 30 secunde
L 03/17/2017 - 18:29:37: [slayafk.amxx] Xstrafers # |LOL|XXX a primit slay, deoarece a fost afk mai mult de 30 secunde
L 03/17/2017 - 18:29:37: [slayafk.amxx] DoZe a primit slay, deoarece a fost afk mai mult de 30 secunde
L 03/17/2017 - 18:30:10: -------- Mapchange to deathrun_kings_never_die --------
L 03/17/2017 - 18:30:12: [AMXX] Failed to open dictionary file: cstrike/addons/amxmodx/data/lang/walkguard.txt
L 03/17/2017 - 18:30:13: [walkguard.amxx] no zone-file found
L 03/17/2017 - 18:30:13: [admin.amxx] Login: "Xstrafers # |LOL|XXX<1940><STEAM_0:1:24069958><>" became an admin (account "Xstrafers # |LOL|XXX") (access "bi") (address "86.124.48.110")
L 03/17/2017 - 18:30:52: [slayafk.amxx] DoZe a primit slay, deoarece a fost afk mai mult de 30 secunde
L 03/17/2017 - 18:32:52: [slayafk.amxx] Xstrafers # |LOL|XXX a primit slay, deoarece a fost afk mai mult de 30 secunde
L 03/17/2017 - 18:33:07: [slayafk.amxx] DoZe a primit slay, deoarece a fost afk mai mult de 30 secunde
L 03/17/2017 - 18:34:22: [slayafk.amxx] Xstrafers # |LOL|XXX a primit slay, deoarece a fost afk mai mult de 30 secunde
L 03/17/2017 - 18:34:22: [slayafk.amxx] DoZe a primit slay, deoarece a fost afk mai mult de 30 secunde
L 03/17/2017 - 18:35:12: [slayafk.amxx] DoZe a primit slay, deoarece a fost afk mai mult de 30 secunde
L 03/17/2017 - 18:35:25: [admincmd.amxx] Cmd: "Dr.FioriGinal.Ro ~ Server Clasi<0><><>" slay "tiganu<2112><STEAM_0:0:1715760849><>"
L 03/17/2017 - 18:35:47: [slayafk.amxx] Xstrafers # |LOL|XXX a primit slay, deoarece a fost afk mai mult de 30 secunde
L 03/17/2017 - 18:35:52: [slayafk.amxx] DoZe a primit slay, deoarece a fost afk mai mult de 30 secunde
L 03/17/2017 - 18:36:32: [slayafk.amxx] DoZe a primit slay, deoarece a fost afk mai mult de 30 secunde
L 03/17/2017 - 18:37:37: [slayafk.amxx] Xstrafers # |LOL|XXX a primit slay, deoarece a fost afk mai mult de 30 secunde
L 03/17/2017 - 18:37:42: [slayafk.amxx] DoZe a primit slay, deoarece a fost afk mai mult de 30 secunde
L 03/17/2017 - 18:38:22: [slayafk.amxx] Xstrafers # |LOL|XXX a primit slay, deoarece a fost afk mai mult de 30 secunde
L 03/17/2017 - 18:38:22: [slayafk.amxx] DoZe a primit slay, deoarece a fost afk mai mult de 30 secunde
L 03/17/2017 - 18:39:02: [slayafk.amxx] Xstrafers # |LOL|XXX a primit slay, deoarece a fost afk mai mult de 30 secunde
L 03/17/2017 - 18:39:02: [slayafk.amxx] DoZe a primit slay, deoarece a fost afk mai mult de 30 secunde
L 03/17/2017 - 18:40:12: [slayafk.amxx] DoZe a primit slay, deoarece a fost afk mai mult de 30 secunde
L 03/17/2017 - 18:41:12: [slayafk.amxx] Xstrafers # |LOL|XXX a primit slay, deoarece a fost afk mai mult de 30 secunde
L 03/17/2017 - 18:41:17: [slayafk.amxx] DoZe a primit slay, deoarece a fost afk mai mult de 30 secunde
L 03/17/2017 - 18:42:12: [slayafk.amxx] Xstrafers # |LOL|XXX a primit slay, deoarece a fost afk mai mult de 30 secunde
L 03/17/2017 - 18:42:47: [slayafk.amxx] DoZe a primit slay, deoarece a fost afk mai mult de 30 secunde
L 03/17/2017 - 18:42:52: [slayafk.amxx] Xstrafers # |LOL|XXX a primit slay, deoarece a fost afk mai mult de 30 secunde
L 03/17/2017 - 18:43:32: [slayafk.amxx] DoZe a primit slay, deoarece a fost afk mai mult de 30 secunde
L 03/17/2017 - 18:44:05: [admincmd.amxx] Cmd: "Dr.FioriGinal.Ro ~ Server Clasi<0><><>" slay "Melkrom<2122><VALVE_0:4:287850875><>"
L 03/17/2017 - 18:44:22: [slayafk.amxx] Xstrafers # |LOL|XXX a primit slay, deoarece a fost afk mai mult de 30 secunde
L 03/17/2017 - 18:44:27: [slayafk.amxx] DoZe a primit slay, deoarece a fost afk mai mult de 30 secunde
L 03/17/2017 - 18:46:47: [slayafk.amxx] DoZe a primit slay, deoarece a fost afk mai mult de 30 secunde
L 03/17/2017 - 18:49:17: [slayafk.amxx] Xstrafers # |LOL|XXX a primit slay, deoarece a fost afk mai mult de 30 secunde
L 03/17/2017 - 18:49:22: [slayafk.amxx] DoZe a primit slay, deoarece a fost afk mai mult de 30 secunde
L 03/17/2017 - 18:50:03: [slayafk.amxx] DoZe a primit slay, deoarece a fost afk mai mult de 30 secunde
L 03/17/2017 - 18:52:38: [admin.amxx] Login: "FAKE ^^<2125><STEAM_0:0:334408724><>" became an admin (account "FAKE ^^") (access "bi") (address "95.76.3.77")
L 03/17/2017 - 18:52:39: [slayafk.amxx] Xstrafers # |LOL|XXX a primit slay, deoarece a fost afk mai mult de 30 secunde
L 03/17/2017 - 18:52:44: [slayafk.amxx] Tisha a primit slay, deoarece a fost afk mai mult de 30 secunde
L 03/17/2017 - 18:53:29: [mapsmenu.amxx] Vote: "FAKE ^^<2125><STEAM_0:0:334408724><>" vote maps (map#1 "deathrun_alpin_spring") (map#2 "deathrun_sanctuary") (map#3 "") (map#4 "")
L 03/17/2017 - 18:53:41: [mapsmenu.amxx] Vote: Voting successful. Map will be changed to deathrun_alpin_spring
L 03/17/2017 - 18:55:04: [slayafk.amxx] DoZe a primit slay, deoarece a fost afk mai mult de 30 secunde
L 03/17/2017 - 18:55:09: [slayafk.amxx] Xstrafers # |LOL|XXX a primit slay, deoarece a fost afk mai mult de 30 secunde
L 03/17/2017 - 18:55:36: -------- Mapchange to deathrun_alpin_spring --------
L 03/17/2017 - 18:55:38: [AMXX] Failed to open dictionary file: cstrike/addons/amxmodx/data/lang/walkguard.txt
L 03/17/2017 - 18:55:39: [admin.amxx] Login: "FAKE ^^<2125><STEAM_0:0:334408724><>" became an admin (account "FAKE ^^") (access "bi") (address "95.76.3.77")
L 03/17/2017 - 18:55:39: [admin.amxx] Login: "Xstrafers # |LOL|XXX<1940><STEAM_0:1:24069958><>" became an admin (account "Xstrafers # |LOL|XXX") (access "bi") (address "86.124.48.110")
L 03/17/2017 - 18:55:41: [admin.amxx] Login: "FAKE ^^<2133><STEAM_0:0:334408724><>" became an admin (account "FAKE ^^") (access "bi") (address "95.76.3.77")
L 03/17/2017 - 18:55:49: [admin.amxx] Login: "deadpool<2138><STEAM_0:0:30403765><>" kicked due to invalid password (account "deadpool") (address "86.125.82.233")
L 03/17/2017 - 18:55:55: [admin.amxx] Login: "deadpool<2139><STEAM_0:0:30403765><>" became an admin (account "deadpool") (access "bit") (address "86.125.82.233")
L 03/17/2017 - 19:10:02: [adminchat.amxx] Chat: "Melkrom<2134><VALVE_0:4:287850875><>" chat "invata prietene, apoi sa te vaiti"
L 03/17/2017 - 19:10:51: [adminchat.amxx] Chat: "Melkrom<2134><VALVE_0:4:287850875><>" chat "nu tu, ala yee de nu i convine nici o mapa"
L 03/17/2017 - 19:11:08: [adminchat.amxx] Chat: "Melkrom<2134><VALVE_0:4:287850875><>" chat " a ))"
L 03/17/2017 - 19:17:18: [mapsmenu.amxx] Vote: "FAKE ^^<2133><STEAM_0:0:334408724><>" vote maps (map#1 "deathrun_sk_occult") (map#2 "deathrun_fleury_fix2") (map#3 "") (map#4 "")
L 03/17/2017 - 19:17:30: [mapsmenu.amxx] Vote: Voting failed
L 03/17/2017 - 19:17:47: [mapsmenu.amxx] Vote: "FAKE ^^<2133><STEAM_0:0:334408724><>" vote maps (map#1 "deathrun_bhopz_v2") (map#2 "deathrun_hertz") (map#3 "") (map#4 "")
L 03/17/2017 - 19:17:59: [mapsmenu.amxx] Vote: Voting successful. Map will be changed to deathrun_bhopz_v2
L 03/17/2017 - 19:21:38: -------- Mapchange to deathrun_bhopz_v2 --------
L 03/17/2017 - 19:21:39: [AMXX] Failed to open dictionary file: cstrike/addons/amxmodx/data/lang/walkguard.txt
L 03/17/2017 - 19:21:41: [walkguard.amxx] no zone-file found
L 03/17/2017 - 19:21:41: [admin.amxx] Login: "FAKE ^^<2133><STEAM_0:0:334408724><>" became an admin (account "FAKE ^^") (access "bi") (address "95.76.3.77")
L 03/17/2017 - 19:21:41: [admin.amxx] Login: "Xstrafers # |LOL|XXX<1940><STEAM_0:1:24069958><>" became an admin (account "Xstrafers # |LOL|XXX") (access "bi") (address "86.124.48.110")
L 03/17/2017 - 19:21:53: [admin.amxx] Login: "SWAGGIE. XD<2159><VALVE_0:4:862961770><>" became an admin (account "SWAGGIE. XD") (access "bi") (address "109.98.131.207")
L 03/17/2017 - 19:35:08: [admin.amxx] Login: "deadpool<2162><STEAM_0:0:30403765><>" became an admin (account "deadpool") (access "bit") (address "86.125.82.233")
L 03/17/2017 - 19:36:57: [admin.amxx] Login: "SWAGGIE. XD<2165><VALVE_0:4:862961770><>" became an admin (account "SWAGGIE. XD") (access "bi") (address "109.98.131.207")
L 03/17/2017 - 19:39:24: [admin.amxx] Login: "Bidi<2167><STEAM_0:1:45864800><>" became an admin (account "Bidi") (access "bit") (address "176.223.53.5")
L 03/17/2017 - 19:44:37: [mapsmenu.amxx] Vote: "Bidi<2167><STEAM_0:1:45864800><>" vote maps (map#1 "deathrun_clarion_dojo_b3") (map#2 "deathrun_laikiux_rawr") (map#3 "") (map#4 "")
L 03/17/2017 - 19:44:49: [mapsmenu.amxx] Vote: Voting successful. Map will be changed to deathrun_clarion_dojo_b3
L 03/17/2017 - 19:46:55: -------- Mapchange to deathrun_clarion_dojo_b3 --------
L 03/17/2017 - 19:46:57: [AMXX] Failed to open dictionary file: cstrike/addons/amxmodx/data/lang/walkguard.txt
L 03/17/2017 - 19:46:58: [walkguard.amxx] no zone-file found
L 03/17/2017 - 19:46:58: [admin.amxx] Login: "Bidi<2167><STEAM_0:1:45864800><>" became an admin (account "Bidi") (access "bit") (address "176.223.53.5")
L 03/17/2017 - 19:46:58: [admin.amxx] Login: "Xstrafers # |LOL|XXX<1940><STEAM_0:1:24069958><>" became an admin (account "Xstrafers # |LOL|XXX") (access "bi") (address "86.124.48.110")
L 03/17/2017 - 19:49:11: [admin.amxx] Login: "SWAGGIE. XD<2180><VALVE_0:4:862961770><>" became an admin (account "SWAGGIE. XD") (access "bi") (address "109.98.131.207")
L 03/17/2017 - 20:06:35: [admincmd.amxx] Cmd: "Dr.FioriGinal.Ro ~ Server Clasi<0><><>" slay "tiganu<2201><STEAM_0:0:1715760849><>"
L 03/17/2017 - 20:12:39: -------- Mapchange to deathrun_y_snow_wind_v3 --------
L 03/17/2017 - 20:12:41: [AMXX] Failed to open dictionary file: cstrike/addons/amxmodx/data/lang/walkguard.txt
L 03/17/2017 - 20:12:42: [walkguard.amxx] no zone-file found
L 03/17/2017 - 20:12:42: [admin.amxx] Login: "SWAGGIE. XD<2180><VALVE_0:4:862961770><>" became an admin (account "SWAGGIE. XD") (access "bi") (address "109.98.131.207")
L 03/17/2017 - 20:15:42: [admin.amxx] Login: "deadpool<2211><STEAM_0:0:30403765><>" kicked due to invalid password (account "deadpool") (address "86.125.82.233")
L 03/17/2017 - 20:15:51: [admin.amxx] Login: "deadpool<2212><STEAM_0:0:30403765><>" became an admin (account "deadpool") (access "bit") (address "86.125.82.233")
L 03/17/2017 - 20:15:54: [admin.amxx] Login: "deadpool<2213><STEAM_0:0:30403765><>" became an admin (account "deadpool") (access "bit") (address "86.125.82.233")
L 03/17/2017 - 20:18:43: [admin.amxx] Login: "SWAGGIE. XD<2219><VALVE_0:4:862961770><>" became an admin (account "SWAGGIE. XD") (access "bi") (address "109.98.131.207")
L 03/17/2017 - 20:18:49: [admincmd.amxx] Cmd: "Dr.FioriGinal.Ro ~ Server Clasi<0><><>" slay "SWAGGIE. XD<2219><VALVE_0:4:862961770><>"
L 03/17/2017 - 20:20:07: [slayafk.amxx] DoZe a primit slay, deoarece a fost afk mai mult de 30 secunde
L 03/17/2017 - 20:21:17: [slayafk.amxx] DoZe a primit slay, deoarece a fost afk mai mult de 30 secunde
L 03/17/2017 - 20:21:43: [admincmd.amxx] Cmd: "Dr.FioriGinal.Ro ~ Server Clasi<0><><>" slay "tiganu<2223><STEAM_0:0:1715760849><>"
L 03/17/2017 - 20:26:12: [admincmd.amxx] Cmd: "Dr.FioriGinal.Ro ~ Server Clasi<0><><>" slay "tiganu<2224><STEAM_0:0:1715760849><>"
L 03/17/2017 - 20:26:55: [admin.amxx] Login: "SWAGGIE. XD<2225><VALVE_0:4:862961770><>" became an admin (account "SWAGGIE. XD") (access "bi") (address "109.98.131.207")
L 03/17/2017 - 20:27:01: [admincmd.amxx] Cmd: "Dr.FioriGinal.Ro ~ Server Clasi<0><><>" slay "SWAGGIE. XD<2225><VALVE_0:4:862961770><>"
L 03/17/2017 - 20:27:40: [admin.amxx] Login: "LinuxBENZ<2228><STEAM_0:0:1282202460><>" became an admin (account "LinuxBENZ") (access "bi") (address "86.126.133.35")
L 03/17/2017 - 20:30:02: [slayafk.amxx] DoZe a primit slay, deoarece a fost afk mai mult de 30 secunde
L 03/17/2017 - 20:33:01: [admin.amxx] Login: "wKn<2229><STEAM_0:0:196614190><>" became an admin (account "wKn") (access "bi") (address "92.86.226.85")
L 03/17/2017 - 20:34:46: [admincmd.amxx] Cmd: "Dr.FioriGinal.Ro ~ Server Clasi<0><><>" slay "tiganu<2230><STEAM_0:0:1715760849><>"
L 03/17/2017 - 20:35:42: [slayafk.amxx] DoZe a primit slay, deoarece a fost afk mai mult de 30 secunde
L 03/17/2017 - 20:36:49: [mapsmenu.amxx] Vote: "SWAGGIE. XD<2225><VALVE_0:4:862961770><>" vote maps (map#1 "deathrun_fuxia_fix_5") (map#2 "deathrun_jinglebells") (map#3 "") (map#4 "")
L 03/17/2017 - 20:37:01: [mapsmenu.amxx] Vote: Voting successful. Map will be changed to deathrun_fuxia_fix_5
L 03/17/2017 - 20:37:23: [admin.amxx] Login: "Scooby1^<2216><VALVE_0:4:1597915882><>" became an admin (account "Scooby1^") (access "bi") (address "109.103.32.23")
L 03/17/2017 - 20:39:11: -------- Mapchange to deathrun_fuxia_fix_5 --------
L 03/17/2017 - 20:39:13: [AMXX] Failed to open dictionary file: cstrike/addons/amxmodx/data/lang/walkguard.txt
L 03/17/2017 - 20:39:15: [admin.amxx] Login: "wKn<2229><STEAM_0:0:196614190><>" became an admin (account "wKn") (access "bi") (address "92.86.226.85")
L 03/17/2017 - 20:39:15: [admin.amxx] Login: "LinuxBENZ<2228><STEAM_0:0:1282202460><>" became an admin (account "LinuxBENZ") (access "bi") (address "86.126.133.35")
L 03/17/2017 - 20:39:15: [admin.amxx] Login: "Scooby1^<2216><VALVE_0:4:1597915882><>" became an admin (account "Scooby1^") (access "bi") (address "109.103.32.23")
L 03/17/2017 - 20:39:15: [walkguard.amxx] no zone-file found
L 03/17/2017 - 20:39:15: [admin.amxx] Login: "SWAGGIE. XD<2225><VALVE_0:4:862961770><>" became an admin (account "SWAGGIE. XD") (access "bi") (address "109.98.131.207")
L 03/17/2017 - 20:39:16: [admin.amxx] Login: "Scooby1^<2237><VALVE_0:4:1597915882><>" became an admin (account "Scooby1^") (access "bi") (address "109.103.32.23")
L 03/17/2017 - 20:39:17: [admin.amxx] Login: "LinuxBENZ<2238><STEAM_0:0:1282202460><>" became an admin (account "LinuxBENZ") (access "bi") (address "86.126.133.35")
L 03/17/2017 - 20:42:55: [admin.amxx] Login: "LinuxBENZ<2250><STEAM_0:0:1282202460><>" became an admin (account "LinuxBENZ") (access "bi") (address "86.126.133.35")
L 03/17/2017 - 20:44:46: [admin.amxx] Login: "SWAGGIE. XD<2252><VALVE_0:4:862961770><>" became an admin (account "SWAGGIE. XD") (access "bi") (address "109.98.131.207")
L 03/17/2017 - 20:47:04: [admin.amxx] Login: "SWAGGIE. XD<2256><VALVE_0:4:862961770><>" became an admin (account "SWAGGIE. XD") (access "bi") (address "109.98.131.207")
L 03/17/2017 - 20:49:39: [admin.amxx] Login: "SWAGGIE. XD<2257><VALVE_0:4:862961770><>" became an admin (account "SWAGGIE. XD") (access "bi") (address "109.98.131.207")
L 03/17/2017 - 20:50:28: [admin.amxx] Login: "LinuxBENZ<2258><STEAM_0:0:1282202460><>" became an admin (account "LinuxBENZ") (access "bi") (address "86.126.133.35")
L 03/17/2017 - 20:53:42: [admin.amxx] Login: "Scooby1^<2259><VALVE_0:4:1597915882><>" became an admin (account "Scooby1^") (access "bi") (address "109.103.32.23")
L 03/17/2017 - 20:59:51: [admincmd.amxx] Cmd: "Dr.FioriGinal.Ro ~ Server Clasi<0><><>" slay "tiganu<2260><STEAM_0:0:1715760849><>"
L 03/17/2017 - 21:06:09: -------- Mapchange to deathrun_scooby-doo --------
L 03/17/2017 - 21:06:11: [AMXX] Failed to open dictionary file: cstrike/addons/amxmodx/data/lang/walkguard.txt
L 03/17/2017 - 21:06:12: [walkguard.amxx] no zone-file found
L 03/17/2017 - 21:06:12: [admin.amxx] Login: "Scooby1^<2259><VALVE_0:4:1597915882><>" became an admin (account "Scooby1^") (access "bi") (address "109.103.32.23")
L 03/17/2017 - 21:07:04: [admincmd.amxx] Cmd: "Dr.FioriGinal.Ro ~ Server Clasi<0><><>" slay "tiganu<2271><STEAM_0:0:1715760849><>"
L 03/17/2017 - 21:10:48: [admin.amxx] Login: "SWAGGIE. XD<2274><VALVE_0:4:862961770><>" became an admin (account "SWAGGIE. XD") (access "bi") (address "109.98.131.207")
L 03/17/2017 - 21:15:28: [admin.amxx] Login: "Scooby1^<2275><VALVE_0:4:1597915882><>" became an admin (account "Scooby1^") (access "bi") (address "109.103.32.23")
L 03/17/2017 - 21:21:36: [admin.amxx] Login: "SWAGGIE. XD<2280><VALVE_0:4:862961770><>" became an admin (account "SWAGGIE. XD") (access "bi") (address "109.98.131.207")
L 03/17/2017 - 21:23:22: [mapsmenu.amxx] Vote: "SWAGGIE. XD<2280><VALVE_0:4:862961770><>" vote maps (map#1 "deathrun_sammal") (map#2 "deathrun_jinglebells") (map#3 "") (map#4 "")
L 03/17/2017 - 21:23:34: [mapsmenu.amxx] Vote: Voting successful. Map will be changed to deathrun_sammal
L 03/17/2017 - 21:26:28: [admincmd.amxx] Cmd: "Dr.FioriGinal.Ro ~ Server Clasi<0><><>" slay "tiganu<2286><STEAM_0:0:1715760849><>"
L 03/17/2017 - 21:28:03: [admincmd.amxx] Cmd: "Dr.FioriGinal.Ro ~ Server Clasi<0><><>" slay "tiganu<2291><STEAM_0:0:1715760849><>"
L 03/17/2017 - 21:33:21: -------- Mapchange to deathrun_sammal --------
L 03/17/2017 - 21:33:22: [AMXX] Failed to open dictionary file: cstrike/addons/amxmodx/data/lang/walkguard.txt
L 03/17/2017 - 21:33:23: [walkguard.amxx] no zone-file found
L 03/17/2017 - 21:33:23: [admin.amxx] Login: "SWAGGIE. XD<2280><VALVE_0:4:862961770><>" became an admin (account "SWAGGIE. XD") (access "bi") (address "109.98.131.207")
L 03/17/2017 - 21:33:25: [admin.amxx] Login: "SWAGGIE. XD<2293><VALVE_0:4:862961770><>" became an admin (account "SWAGGIE. XD") (access "bi") (address "109.98.131.207")
L 03/17/2017 - 21:34:13: [slayafk.amxx] SWAGGIE. XD a primit slay, deoarece a fost afk mai mult de 30 secunde
L 03/17/2017 - 21:38:13: [slayafk.amxx] NOOB a primit slay, deoarece a fost afk mai mult de 30 secunde
L 03/17/2017 - 21:38:13: [slayafk.amxx] SWAGGIE. XD a primit slay, deoarece a fost afk mai mult de 30 secunde
L 03/17/2017 - 21:38:18: [slayafk.amxx] DoZe a primit slay, deoarece a fost afk mai mult de 30 secunde
L 03/17/2017 - 21:41:03: [slayafk.amxx] NOOB a primit slay, deoarece a fost afk mai mult de 30 secunde
L 03/17/2017 - 21:41:08: [slayafk.amxx] SWAGGIE. XD a primit slay, deoarece a fost afk mai mult de 30 secunde
L 03/17/2017 - 21:43:18: [slayafk.amxx] DoZe a primit slay, deoarece a fost afk mai mult de 30 secunde
L 03/17/2017 - 21:43:18: [slayafk.amxx] NOOB a primit slay, deoarece a fost afk mai mult de 30 secunde
L 03/17/2017 - 21:46:13: [slayafk.amxx] NOOB a primit slay, deoarece a fost afk mai mult de 30 secunde
L 03/17/2017 - 21:46:21: [admin.amxx] Login: "SWAGGIE. XD<2310><VALVE_0:4:862961770><>" became an admin (account "SWAGGIE. XD") (access "bi") (address "109.98.131.207")
L 03/17/2017 - 21:46:53: [slayafk.amxx] eQuaL // asmeel a primit slay, deoarece a fost afk mai mult de 30 secunde
L 03/17/2017 - 21:48:28: [slayafk.amxx] NOOB a primit slay, deoarece a fost afk mai mult de 30 secunde
L 03/17/2017 - 21:48:48: [slayafk.amxx] SWAGGIE. XD a primit slay, deoarece a fost afk mai mult de 30 secunde
L 03/17/2017 - 21:49:23: [slayafk.amxx] SWAGGIE. XD a primit slay, deoarece a fost afk mai mult de 30 secunde
L 03/17/2017 - 21:49:58: [slayafk.amxx] SWAGGIE. XD a primit slay, deoarece a fost afk mai mult de 30 secunde
L 03/17/2017 - 21:51:48: [slayafk.amxx] DoZe a primit slay, deoarece a fost afk mai mult de 30 secunde
L 03/17/2017 - 21:51:48: [slayafk.amxx] NOOB a primit slay, deoarece a fost afk mai mult de 30 secunde
L 03/17/2017 - 21:51:48: [slayafk.amxx] eQuaL // asmeel a primit slay, deoarece a fost afk mai mult de 30 secunde
L 03/17/2017 - 21:51:52: [admin.amxx] Login: "SWAGGIE. XD<2313><VALVE_0:4:862961770><>" became an admin (account "SWAGGIE. XD") (access "bi") (address "109.98.131.207")
L 03/17/2017 - 21:51:58: [admincmd.amxx] Cmd: "Dr.FioriGinal.Ro ~ Server Clasi<0><><>" slay "SWAGGIE. XD<2313><VALVE_0:4:862961770><>"
L 03/17/2017 - 21:53:03: [slayafk.amxx] NOOB a primit slay, deoarece a fost afk mai mult de 30 secunde
L 03/17/2017 - 21:55:23: [slayafk.amxx] NOOB a primit slay, deoarece a fost afk mai mult de 30 secunde
L 03/17/2017 - 21:58:07: [mapsmenu.amxx] Vote: "SWAGGIE. XD<2313><VALVE_0:4:862961770><>" vote maps (map#1 "deathrun_special_ultra_final") (map#2 "deathrun_jinglebells") (map#3 "") (map#4 "")
L 03/17/2017 - 21:58:19: [mapsmenu.amxx] Vote: Voting successful. Map will be changed to deathrun_special_ultra_final
L 03/17/2017 - 21:58:29: -------- Mapchange to deathrun_special_ultra_final --------
L 03/17/2017 - 21:58:40: -------- Mapchange to deathrun_forest --------
L 03/17/2017 - 21:58:50: [AMXX] Failed to open dictionary file: cstrike/addons/amxmodx/data/lang/walkguard.txt
L 03/17/2017 - 21:58:52: [walkguard.amxx] no zone-file found
L 03/17/2017 - 21:59:01: Invalid multi-lingual line (file "cstrike/addons/amxmodx/data/lang/rom_protect.txt" key "// *ROM-Protect// Plugin OpenSource anti-IsFlooding/bug-fix pentru orice server." lang "")
L 03/17/2017 - 21:59:01: Invalid multi-lingual line (file "cstrike/addons/amxmodx/data/lang/rom_protect.txt" key "// Versiunea : 1.0.4s-dev. Bulid : 98. Data lansarii versiunii : 03.12.2016." lang "")
L 03/17/2017 - 21:59:01: Invalid multi-lingual line (file "cstrike/addons/amxmodx/data/lang/rom_protect.txt" key "// Autor : lxor # Dr.Fio & DR2.IND (+ eNd.) - SteamID (contact) : luxxxoor" lang "")
L 03/17/2017 - 21:59:01: Invalid multi-lingual line (file "cstrike/addons/amxmodx/data/lang/rom_protect.txt" key "// O productie FioriGinal.ro - site : www.fioriginal.ro" lang "")
L 03/17/2017 - 21:59:01: Invalid multi-lingual line (file "cstrike/addons/amxmodx/data/lang/rom_protect.txt" key "// Link forum de dezvoltare : http://forum.fioriginal.ro/amxmodx-plugins-pluginuri/rom-protect-anti-flood-bug-fix-t28292.html" lang "")
L 03/17/2017 - 21:59:01: Invalid multi-lingual line (file "cstrike/addons/amxmodx/data/lang/rom_protect.txt" key "// Link sursa : https://github.com/luxxxoor/ROM-Protect" lang "")
L 03/17/2017 - 21:59:01: Invalid multi-lingual line (file "cstrike/addons/amxmodx/data/lang/rom_protect.txt" key "// Colori : ^1 - Culoarea aleasa de jucator cu con_color." lang "")
L 03/17/2017 - 21:59:01: Invalid multi-lingual line (file "cstrike/addons/amxmodx/data/lang/rom_protect.txt" key "//          ^3 - Culoare gri." lang "")
L 03/17/2017 - 21:59:01: Invalid multi-lingual line (file "cstrike/addons/amxmodx/data/lang/rom_protect.txt" key "//          ^4 - Culoare verde." lang "")
L 03/17/2017 - 22:00:05: [admincmd.amxx] Cmd: "Dr.FioriGinal.Ro ~ Server Clasi<0><><>" slay "DoZe<7><STEAM_0:0:1898515925><>"
L 03/17/2017 - 22:00:35: [admin.amxx] Login: "SWAGGIE. XD<8><VALVE_0:4:862961770><>" became an admin (account "SWAGGIE. XD") (access "bi") (address "109.98.131.207")
L 03/17/2017 - 22:02:04: [admincmd.amxx] Cmd: "Dr.FioriGinal.Ro ~ Server Clasi<0><><>" slay "DoZe<9><STEAM_0:0:1898515925><>"
L 03/17/2017 - 22:03:08: [admincmd.amxx] Cmd: "Dr.FioriGinal.Ro ~ Server Clasi<0><><>" slay "DoZe<11><STEAM_0:0:1898515925><>"
L 03/17/2017 - 22:10:55: [admincmd.amxx] Cmd: "Dr.FioriGinal.Ro ~ Server Clasi<0><><>" slay "mo7amed<23><VALVE_0:4:1513455816><>"
L 03/17/2017 - 22:20:58: [admin.amxx] Login: "Levi99<29><STEAM_0:0:183716598><>" became an admin (account "Levi99") (access "bi") (address "79.115.12.103")
L 03/17/2017 - 22:23:49: [admincmd.amxx] Cmd: "Dr.FioriGinal.Ro ~ Server Clasi<0><><>" slay "DoZe<32><STEAM_0:0:1898515925><>"
L 03/17/2017 - 22:27:21: [admincmd.amxx] Cmd: "Dr.FioriGinal.Ro ~ Server Clasi<0><><>" slay "DoZe<36><STEAM_0:0:1898515925><>"
L 03/17/2017 - 22:36:57: [slayafk.amxx] NOOB a primit slay, deoarece a fost afk mai mult de 30 secunde
L 03/17/2017 - 22:43:41: [admincmd.amxx] Cmd: "Dr.FioriGinal.Ro ~ Server Clasi<0><><>" slay "NOOB<41><STEAM_0:0:1539025401><>"
L 03/17/2017 - 22:48:00: [admincmd.amxx] Cmd: "Dr.FioriGinal.Ro ~ Server Clasi<0><><>" slay "NOOB<42><STEAM_0:0:1539025401><>"
L 03/17/2017 - 22:48:37: [admincmd.amxx] Cmd: "Dr.FioriGinal.Ro ~ Server Clasi<0><><>" slay "NOOB<44><STEAM_0:0:1539025401><>"
L 03/17/2017 - 22:51:01: [admincmd.amxx] Cmd: "Dr.FioriGinal.Ro ~ Server Clasi<0><><>" slay "NOOB<46><STEAM_0:0:1539025401><>"
L 03/17/2017 - 23:11:42: [admin.amxx] Login: "SWAGGIE. XD<53><VALVE_0:4:862961770><>" became an admin (account "SWAGGIE. XD") (access "bi") (address "109.98.131.207")
L 03/17/2017 - 23:20:08: -------- Mapchange to deathrun_green_X --------
L 03/17/2017 - 23:20:10: [AMXX] Failed to open dictionary file: cstrike/addons/amxmodx/data/lang/walkguard.txt
L 03/17/2017 - 23:20:11: [walkguard.amxx] no zone-file found
L 03/17/2017 - 23:48:58: -------- Mapchange to deathrun_mici_f --------
L 03/17/2017 - 23:48:59: [AMXX] Failed to open dictionary file: cstrike/addons/amxmodx/data/lang/walkguard.txt
L 03/17/2017 - 23:49:00: [walkguard.amxx] no zone-file found
