L 03/19/2017 - 00:09:36: [admin.amxx] Login: "FAKE ^^<1096><STEAM_0:0:272564954><>" became an admin (account "FAKE ^^") (access "bi") (address "95.76.0.249")
L 03/19/2017 - 00:18:27: [admincmd.amxx] Cmd: "Dr.FioriGinal.Ro ~ Server Clasi<0><><>" slay "DoZe<1100><STEAM_0:0:1898515925><>"
L 03/19/2017 - 00:25:49: [admincmd.amxx] Cmd: "Dr.FioriGinal.Ro ~ Server Clasi<0><><>" slay "~PauL PogBa`*<1109><VALVE_0:4:834438384><>"
L 03/19/2017 - 00:32:50: [admincmd.amxx] Cmd: "Dr.FioriGinal.Ro ~ Server Clasi<0><><>" slay "DoZe<1115><STEAM_0:0:1898515925><>"
L 03/19/2017 - 00:35:37: [admincmd.amxx] Cmd: "Dr.FioriGinal.Ro ~ Server Clasi<0><><>" slay "DoZe<1117><STEAM_0:0:1898515925><>"
L 03/19/2017 - 00:38:25: [admincmd.amxx] Cmd: "Dr.FioriGinal.Ro ~ Server Clasi<0><><>" slay "DoZe<1119><STEAM_0:0:1898515925><>"
L 03/19/2017 - 00:50:11: [slayafk.amxx] Strepos a primit slay, deoarece a fost afk mai mult de 30 secunde
L 03/19/2017 - 00:51:13: [admin.amxx] Login: "SWAGGIE. XD<1127><VALVE_0:4:862961770><>" became an admin (account "SWAGGIE. XD") (access "bi") (address "109.98.131.207")
L 03/19/2017 - 00:51:35: [admincmd.amxx] Cmd: "SWAGGIE. XD<1127><VALVE_0:4:862961770><>" slay "DoZe<1119><STEAM_0:0:1898515925><>"
L 03/19/2017 - 00:51:42: [adminchat.amxx] Chat: "Strepos<1122><STEAM_0:0:181894008><>" chat "@ ba dadeam sv meu"
L 03/19/2017 - 00:51:47: [admincmd.amxx] Cmd: "Dr.FioriGinal.Ro ~ Server Clasi<0><><>" slay "tiganu<1128><STEAM_0:0:187978272><>"
L 03/19/2017 - 00:51:58: [adminchat.amxx] Chat: "Strepos<1122><STEAM_0:0:181894008><>" chat "dadeam sv meu dc faci asta"
L 03/19/2017 - 00:52:20: [adminchat.amxx] Chat: "Strepos<1122><STEAM_0:0:181894008><>" chat "nu"
L 03/19/2017 - 00:52:29: [adminchat.amxx] Chat: "Strepos<1122><STEAM_0:0:181894008><>" chat " dar vreau sa intre cineva pe sv meu"
L 03/19/2017 - 00:52:32: [adminchat.amxx] Chat: "Strepos<1122><STEAM_0:0:181894008><>" chat "@ ca0-s singur"
L 03/19/2017 - 01:02:03: [mapsmenu.amxx] Vote: "SWAGGIE. XD<1127><VALVE_0:4:862961770><>" vote maps (map#1 "deathrun_temple") (map#2 "deathrun_jinglebells") (map#3 "") (map#4 "")
L 03/19/2017 - 01:02:15: [mapsmenu.amxx] Vote: Voting successful. Map will be changed to deathrun_temple
L 03/19/2017 - 01:02:54: [adminchat.amxx] Chat: "Strepos<1132><STEAM_0:0:181894008><>" chat "vrei sa jucam pe sv meu de cs clasic 1 v 1?"
L 03/19/2017 - 01:03:10: [adminchat.amxx] Chat: "Strepos<1132><STEAM_0:0:181894008><>" chat " am facut un sv si nu am cu cine juca"
L 03/19/2017 - 01:03:30: [adminchat.amxx] Chat: "Strepos<1132><STEAM_0:0:181894008><>" chat "@ dar vreau sa vad daca iti place cum am facut sv"
L 03/19/2017 - 01:04:00: -------- Mapchange to deathrun_temple --------
L 03/19/2017 - 01:04:02: [AMXX] Failed to open dictionary file: cstrike/addons/amxmodx/data/lang/walkguard.txt
L 03/19/2017 - 01:04:03: [walkguard.amxx] no zone-file found
L 03/19/2017 - 01:04:03: [admin.amxx] Login: "SWAGGIE. XD<1127><VALVE_0:4:862961770><>" became an admin (account "SWAGGIE. XD") (access "bi") (address "109.98.131.207")
L 03/19/2017 - 01:13:31: [admincmd.amxx] Cmd: "Dr.FioriGinal.Ro ~ Server Clasi<0><><>" slay "tiganu<1142><STEAM_0:0:187978272><>"
L 03/19/2017 - 01:15:12: [admin.amxx] Login: "SWAGGIE. XD<1143><VALVE_0:4:862961770><>" became an admin (account "SWAGGIE. XD") (access "bi") (address "109.98.131.207")
L 03/19/2017 - 01:32:49: [admin.amxx] Login: "J.Smith<1149><STEAM_0:0:59563675><>" became an admin (account "J.Smith") (access "bi") (address "109.185.5.238")
L 03/19/2017 - 01:32:50: [admin.amxx] Login: "J.Smith<1150><STEAM_0:0:59563675><>" became an admin (account "J.Smith") (access "bi") (address "109.185.5.238")
L 03/19/2017 - 01:51:16: -------- Mapchange to deathrun_surf --------
L 03/19/2017 - 01:51:17: [AMXX] Failed to open dictionary file: cstrike/addons/amxmodx/data/lang/walkguard.txt
L 03/19/2017 - 01:51:18: [walkguard.amxx] no zone-file found
L 03/19/2017 - 01:54:28: [admincmd.amxx] Cmd: "Dr.FioriGinal.Ro ~ Server Clasi<0><><>" slay "zoc<1158><VALVE_0:4:269828714><>"
L 03/19/2017 - 02:26:54: -------- Mapchange to deathrun_hard_cspgames2 --------
L 03/19/2017 - 02:26:56: [AMXX] Failed to open dictionary file: cstrike/addons/amxmodx/data/lang/walkguard.txt
L 03/19/2017 - 02:26:57: [walkguard.amxx] no zone-file found
L 03/19/2017 - 02:54:17: -------- Mapchange to deathrun_bom2 --------
L 03/19/2017 - 02:54:18: [AMXX] Failed to open dictionary file: cstrike/addons/amxmodx/data/lang/walkguard.txt
L 03/19/2017 - 02:54:19: [walkguard.amxx] no zone-file found
L 03/19/2017 - 03:35:16: -------- Mapchange to deathrun_bhopz_v2 --------
L 03/19/2017 - 03:35:17: [AMXX] Failed to open dictionary file: cstrike/addons/amxmodx/data/lang/walkguard.txt
L 03/19/2017 - 03:35:18: [walkguard.amxx] no zone-file found
L 03/19/2017 - 06:52:13: -------- Mapchange to deathrun_hertz --------
L 03/19/2017 - 06:52:15: [AMXX] Failed to open dictionary file: cstrike/addons/amxmodx/data/lang/walkguard.txt
L 03/19/2017 - 06:52:16: [walkguard.amxx] no zone-file found
L 03/19/2017 - 06:53:05: [slayafk.amxx] good a primit slay, deoarece a fost afk mai mult de 30 secunde
L 03/19/2017 - 06:53:45: [slayafk.amxx] good a primit slay, deoarece a fost afk mai mult de 30 secunde
L 03/19/2017 - 06:54:25: [slayafk.amxx] good a primit slay, deoarece a fost afk mai mult de 30 secunde
L 03/19/2017 - 07:38:59: -------- Mapchange to deathrun_minimalism_beta2 --------
L 03/19/2017 - 07:39:01: [AMXX] Failed to open dictionary file: cstrike/addons/amxmodx/data/lang/walkguard.txt
L 03/19/2017 - 07:39:02: [walkguard.amxx] no zone-file found
L 03/19/2017 - 07:44:40: [admincmd.amxx] Cmd: "Dr.FioriGinal.Ro ~ Server Clasi<0><><>" slay "HE(.)INDUNGI(.)RO [1]<1200><STEAM_0:0:594824191><>"
L 03/19/2017 - 08:07:17: -------- Mapchange to deathrun_pacman --------
L 03/19/2017 - 08:07:19: [AMXX] Failed to open dictionary file: cstrike/addons/amxmodx/data/lang/walkguard.txt
L 03/19/2017 - 08:07:20: [walkguard.amxx] no zone-file found
L 03/19/2017 - 08:15:19: [slayafk.amxx] Vika a primit slay, deoarece a fost afk mai mult de 30 secunde
L 03/19/2017 - 08:18:59: [slayafk.amxx] Vika a primit slay, deoarece a fost afk mai mult de 30 secunde
L 03/19/2017 - 08:21:44: [slayafk.amxx] Vika a primit slay, deoarece a fost afk mai mult de 30 secunde
L 03/19/2017 - 08:22:34: [slayafk.amxx] Vika a primit slay, deoarece a fost afk mai mult de 30 secunde
L 03/19/2017 - 08:35:59: [slayafk.amxx] Vika a primit slay, deoarece a fost afk mai mult de 30 secunde
L 03/19/2017 - 08:37:24: [slayafk.amxx] Vika a primit slay, deoarece a fost afk mai mult de 30 secunde
L 03/19/2017 - 08:38:24: [slayafk.amxx] Vika a primit slay, deoarece a fost afk mai mult de 30 secunde
L 03/19/2017 - 08:46:14: [slayafk.amxx] Vika a primit slay, deoarece a fost afk mai mult de 30 secunde
L 03/19/2017 - 08:47:04: [slayafk.amxx] Vika a primit slay, deoarece a fost afk mai mult de 30 secunde
L 03/19/2017 - 08:50:04: [slayafk.amxx] small# a primit slay, deoarece a fost afk mai mult de 30 secunde
L 03/19/2017 - 08:50:14: [slayafk.amxx] Vika a primit slay, deoarece a fost afk mai mult de 30 secunde
L 03/19/2017 - 08:50:49: [slayafk.amxx] Vika a primit slay, deoarece a fost afk mai mult de 30 secunde
L 03/19/2017 - 08:52:04: [slayafk.amxx] Vika a primit slay, deoarece a fost afk mai mult de 30 secunde
L 03/19/2017 - 08:53:14: [slayafk.amxx] Vika a primit slay, deoarece a fost afk mai mult de 30 secunde
L 03/19/2017 - 08:53:54: [slayafk.amxx] Vika a primit slay, deoarece a fost afk mai mult de 30 secunde
L 03/19/2017 - 08:56:49: [slayafk.amxx] Vika a primit slay, deoarece a fost afk mai mult de 30 secunde
L 03/19/2017 - 08:57:54: [slayafk.amxx] Vika a primit slay, deoarece a fost afk mai mult de 30 secunde
L 03/19/2017 - 08:58:34: [slayafk.amxx] Vika a primit slay, deoarece a fost afk mai mult de 30 secunde
L 03/19/2017 - 08:59:54: [slayafk.amxx] Vika a primit slay, deoarece a fost afk mai mult de 30 secunde
L 03/19/2017 - 09:01:09: [slayafk.amxx] Vika a primit slay, deoarece a fost afk mai mult de 30 secunde
L 03/19/2017 - 09:04:04: [slayafk.amxx] Vika a primit slay, deoarece a fost afk mai mult de 30 secunde
L 03/19/2017 - 09:23:38: [admincmd.amxx] Cmd: "Dr.FioriGinal.Ro ~ Server Clasi<0><><>" slay "Nereklamuok!<1232><STEAM_0:0:2140984578><>"
L 03/19/2017 - 09:23:41: -------- Mapchange to deathrun_snow_wind --------
L 03/19/2017 - 09:23:43: [AMXX] Failed to open dictionary file: cstrike/addons/amxmodx/data/lang/walkguard.txt
L 03/19/2017 - 09:23:44: [walkguard.amxx] no zone-file found
L 03/19/2017 - 10:15:55: -------- Mapchange to deathrun_helvis --------
L 03/19/2017 - 10:15:56: [AMXX] Failed to open dictionary file: cstrike/addons/amxmodx/data/lang/walkguard.txt
L 03/19/2017 - 10:15:57: [walkguard.amxx] no zone-file found
L 03/19/2017 - 10:20:02: [slayafk.amxx] Nereklamuok! a primit slay, deoarece a fost afk mai mult de 30 secunde
L 03/19/2017 - 10:31:06: [admin.amxx] Login: "deadpool<1267><STEAM_0:0:30403765><>" kicked due to invalid password (account "deadpool") (address "86.125.82.233")
L 03/19/2017 - 10:31:13: [admin.amxx] Login: "deadpool<1268><STEAM_0:0:30403765><>" became an admin (account "deadpool") (access "bit") (address "86.125.82.233")
L 03/19/2017 - 10:38:29: [bhop.amxx] Error on query: Duplicate entry 'HeadShot' for key 'NickName'
L 03/19/2017 - 10:38:29: [bhop.amxx] FailState == TQUERY_QUERY_FAILED, Query failed.
L 03/19/2017 - 10:41:32: [slayafk.amxx] Nereklamuok! a primit slay, deoarece a fost afk mai mult de 30 secunde
L 03/19/2017 - 10:43:52: [slayafk.amxx] Nereklamuok! a primit slay, deoarece a fost afk mai mult de 30 secunde
L 03/19/2017 - 10:44:57: [slayafk.amxx] Nereklamuok! a primit slay, deoarece a fost afk mai mult de 30 secunde
L 03/19/2017 - 10:48:37: [slayafk.amxx] Nereklamuok! a primit slay, deoarece a fost afk mai mult de 30 secunde
L 03/19/2017 - 11:28:04: [admin.amxx] Login: "wKn<1314><STEAM_0:0:196614190><>" became an admin (account "wKn") (access "bit") (address "92.86.226.85")
L 03/19/2017 - 11:33:52: [slayafk.amxx] K!L3R a primit slay, deoarece a fost afk mai mult de 30 secunde
L 03/19/2017 - 11:41:47: [admin.amxx] Login: "FAKE ^^<1325><STEAM_0:0:272564954><>" became an admin (account "FAKE ^^") (access "bi") (address "95.76.0.179")
L 03/19/2017 - 11:42:12: [slayafk.amxx] K!L3R a primit slay, deoarece a fost afk mai mult de 30 secunde
L 03/19/2017 - 11:43:40: [admincmd.amxx] Cmd: "Dr.FioriGinal.Ro ~ Server Clasi<0><><>" slay "FLoRIN38<1328><VALVE_0:4:1875696242><>"
L 03/19/2017 - 11:50:05: [mapsmenu.amxx] Vote: "FAKE ^^<1325><STEAM_0:0:272564954><>" vote maps (map#1 "deathrun_bhopz_v2") (map#2 "deathrun_adi_snowycliff") (map#3 "") (map#4 "")
L 03/19/2017 - 11:50:17: [mapsmenu.amxx] Vote: Voting successful. Map will be changed to deathrun_bhopz_v2
L 03/19/2017 - 11:56:04: -------- Mapchange to deathrun_bhopz_v2 --------
L 03/19/2017 - 11:56:06: [AMXX] Failed to open dictionary file: cstrike/addons/amxmodx/data/lang/walkguard.txt
L 03/19/2017 - 11:56:07: [walkguard.amxx] no zone-file found
L 03/19/2017 - 11:56:07: [admin.amxx] Login: "FAKE ^^<1325><STEAM_0:0:272564954><>" became an admin (account "FAKE ^^") (access "bi") (address "95.76.0.179")
L 03/19/2017 - 11:56:59: [admin.amxx] Login: "default.<1349><VALVE_0:4:556717939><>" became an admin (account "default.") (access "bi") (address "95.76.1.235")
L 03/19/2017 - 12:28:08: [admincmd.amxx] Cmd: "Dr.FioriGinal.Ro ~ Server Clasi<0><><>" slay "<DRILON><1370><VALVE_0:4:1968401664><>"
L 03/19/2017 - 13:08:00: [admin.amxx] Login: "FAKE ^^<1407><STEAM_0:0:272564954><>" became an admin (account "FAKE ^^") (access "bi") (address "95.76.0.179")
L 03/19/2017 - 13:12:21: [slayafk.amxx] FANAT M9SA a primit slay, deoarece a fost afk mai mult de 30 secunde
L 03/19/2017 - 13:14:18: [admin.amxx] Login: "SWAGGIE. XD<1416><VALVE_0:4:862961770><>" became an admin (account "SWAGGIE. XD") (access "bi") (address "109.98.131.207")
L 03/19/2017 - 13:18:22: [mapsmenu.amxx] Vote: "FAKE ^^<1407><STEAM_0:0:272564954><>" vote maps (map#1 "deathrun_laikiux9") (map#2 "deathrun_adi_snowycliff") (map#3 "") (map#4 "")
L 03/19/2017 - 13:18:34: [mapsmenu.amxx] Vote: Voting successful. Map will be changed to deathrun_laikiux9
L 03/19/2017 - 13:21:00: -------- Mapchange to deathrun_laikiux9 --------
L 03/19/2017 - 13:21:02: [AMXX] Failed to open dictionary file: cstrike/addons/amxmodx/data/lang/walkguard.txt
L 03/19/2017 - 13:21:03: [admin.amxx] Login: "FAKE ^^<1407><STEAM_0:0:272564954><>" became an admin (account "FAKE ^^") (access "bi") (address "95.76.0.179")
L 03/19/2017 - 13:21:03: [walkguard.amxx] no zone-file found
L 03/19/2017 - 13:21:03: [admin.amxx] Login: "SWAGGIE. XD<1416><VALVE_0:4:862961770><>" became an admin (account "SWAGGIE. XD") (access "bi") (address "109.98.131.207")
L 03/19/2017 - 13:21:05: [admin.amxx] Login: "FAKE ^^<1427><STEAM_0:0:272564954><>" became an admin (account "FAKE ^^") (access "bi") (address "95.76.0.179")
L 03/19/2017 - 13:36:28: [slayafk.amxx] Eduard. a primit slay, deoarece a fost afk mai mult de 30 secunde
L 03/19/2017 - 13:49:19: [admincmd.amxx] Cmd: "Dr.FioriGinal.Ro ~ Server Clasi<0><><>" slay "LEGENDZ # dex0n<1452><VALVE_0:4:537931242><>"
L 03/19/2017 - 13:52:23: [slayafk.amxx] DoZe a primit slay, deoarece a fost afk mai mult de 30 secunde
L 03/19/2017 - 14:04:54: [bhop.amxx] Error on query: Duplicate entry 'SeCs' for key 'NickName'
L 03/19/2017 - 14:04:54: [bhop.amxx] FailState == TQUERY_QUERY_FAILED, Query failed.
L 03/19/2017 - 14:05:12: [admincmd.amxx] Cmd: "Dr.FioriGinal.Ro ~ Server Clasi<0><><>" slay "TITANy | check<1477><VALVE_0:4:80304370><>"
L 03/19/2017 - 14:06:23: [admincmd.amxx] Cmd: "Dr.FioriGinal.Ro ~ Server Clasi<0><><>" slay "tiganu<1479><STEAM_0:0:187978272><>"
L 03/19/2017 - 14:07:24: [admincmd.amxx] Cmd: "Dr.FioriGinal.Ro ~ Server Clasi<0><><>" slay "TITANy | check<1484><VALVE_0:4:80304370><>"
L 03/19/2017 - 14:07:42: [admincmd.amxx] Cmd: "Dr.FioriGinal.Ro ~ Server Clasi<0><><>" slay "tiganu<1486><STEAM_0:0:187978272><>"
L 03/19/2017 - 14:07:51: [admincmd.amxx] Cmd: "Dr.FioriGinal.Ro ~ Server Clasi<0><><>" slay "tiganu<1487><STEAM_0:0:187978272><>"
L 03/19/2017 - 14:15:01: [admincmd.amxx] Cmd: "Dr.FioriGinal.Ro ~ Server Clasi<0><><>" slay "Lineage<1499><STEAM_0:1:166549758><>"
L 03/19/2017 - 14:31:04: [admincmd.amxx] Cmd: "Dr.FioriGinal.Ro ~ Server Clasi<0><><>" slay "tiganu<1507><STEAM_0:0:187978272><>"
L 03/19/2017 - 14:33:20: [admincmd.amxx] Cmd: "Dr.FioriGinal.Ro ~ Server Clasi<0><><>" slay "tiganu<1509><STEAM_0:0:187978272><>"
L 03/19/2017 - 14:33:57: [admincmd.amxx] Cmd: "Dr.FioriGinal.Ro ~ Server Clasi<0><><>" slay "tiganu<1511><STEAM_0:0:187978272><>"
L 03/19/2017 - 14:34:09: [admincmd.amxx] Cmd: "Dr.FioriGinal.Ro ~ Server Clasi<0><><>" slay "tiganu<1512><STEAM_0:0:187978272><>"
L 03/19/2017 - 14:39:18: [slayafk.amxx] tiganu a primit slay, deoarece a fost afk mai mult de 30 secunde
L 03/19/2017 - 14:39:21: -------- Mapchange to deathrun_alpin_spring --------
L 03/19/2017 - 14:39:22: [AMXX] Failed to open dictionary file: cstrike/addons/amxmodx/data/lang/walkguard.txt
L 03/19/2017 - 14:40:28: [slayafk.amxx] tiganu a primit slay, deoarece a fost afk mai mult de 30 secunde
L 03/19/2017 - 14:48:05: [admincmd.amxx] Cmd: "Dr.FioriGinal.Ro ~ Server Clasi<0><><>" slay "tiganu<1520><STEAM_0:0:187978272><>"
L 03/19/2017 - 15:02:13: [admincmd.amxx] Cmd: "Dr.FioriGinal.Ro ~ Server Clasi<0><><>" slay "tiganu<1529><STEAM_0:0:187978272><>"
L 03/19/2017 - 15:09:34: [admincmd.amxx] Cmd: "Dr.FioriGinal.Ro ~ Server Clasi<0><><>" slay "tiganu<1532><STEAM_0:0:187978272><>"
L 03/19/2017 - 15:10:38: [admincmd.amxx] Cmd: "Dr.FioriGinal.Ro ~ Server Clasi<0><><>" slay "tiganu<1534><STEAM_0:0:187978272><>"
L 03/19/2017 - 15:10:55: [admincmd.amxx] Cmd: "Dr.FioriGinal.Ro ~ Server Clasi<0><><>" slay "tiganu<1537><STEAM_0:0:187978272><>"
L 03/19/2017 - 15:11:38: [admincmd.amxx] Cmd: "Dr.FioriGinal.Ro ~ Server Clasi<0><><>" slay "tiganu<1538><STEAM_0:0:187978272><>"
L 03/19/2017 - 15:15:24: [admincmd.amxx] Cmd: "Dr.FioriGinal.Ro ~ Server Clasi<0><><>" slay "tiganu<1539><STEAM_0:0:187978272><>"
L 03/19/2017 - 15:18:51: [admincmd.amxx] Cmd: "Dr.FioriGinal.Ro ~ Server Clasi<0><><>" slay "tiganu<1541><STEAM_0:0:187978272><>"
L 03/19/2017 - 15:20:40: [admincmd.amxx] Cmd: "Dr.FioriGinal.Ro ~ Server Clasi<0><><>" slay "tiganu<1544><STEAM_0:0:187978272><>"
L 03/19/2017 - 15:25:21: [admincmd.amxx] Cmd: "Dr.FioriGinal.Ro ~ Server Clasi<0><><>" slay "tiganu<1546><STEAM_0:0:187978272><>"
L 03/19/2017 - 15:28:42: [admincmd.amxx] Cmd: "Dr.FioriGinal.Ro ~ Server Clasi<0><><>" slay "tiganu<1548><STEAM_0:0:187978272><>"
L 03/19/2017 - 15:37:25: [admincmd.amxx] Cmd: "Dr.FioriGinal.Ro ~ Server Clasi<0><><>" slay "tiganu<1550><STEAM_0:0:187978272><>"
L 03/19/2017 - 15:39:48: [admincmd.amxx] Cmd: "Dr.FioriGinal.Ro ~ Server Clasi<0><><>" slay "tiganu<1552><STEAM_0:0:187978272><>"
L 03/19/2017 - 15:46:20: [admincmd.amxx] Cmd: "Dr.FioriGinal.Ro ~ Server Clasi<0><><>" slay "tiganu<1559><STEAM_0:0:187978272><>"
L 03/19/2017 - 15:47:54: [admincmd.amxx] Cmd: "Dr.FioriGinal.Ro ~ Server Clasi<0><><>" slay "tiganu<1562><STEAM_0:0:187978272><>"
L 03/19/2017 - 15:50:16: [admincmd.amxx] Cmd: "Dr.FioriGinal.Ro ~ Server Clasi<0><><>" slay "tiganu<1569><STEAM_0:0:187978272><>"
L 03/19/2017 - 15:52:01: [admincmd.amxx] Cmd: "Dr.FioriGinal.Ro ~ Server Clasi<0><><>" slay "rHuaN<1573><STEAM_0:0:1202812009><>"
L 03/19/2017 - 15:52:03: [admincmd.amxx] Cmd: "Dr.FioriGinal.Ro ~ Server Clasi<0><><>" slay "tiganu<1574><STEAM_0:0:187978272><>"
L 03/19/2017 - 15:52:29: [admin.amxx] Login: "-rTg|maEsTrOo<1576><STEAM_0:1:154430568><>" became an admin (account "-rTg|maEsTrOo") (access "bit") (address "109.96.99.144")
L 03/19/2017 - 16:04:01: [mapsmenu.amxx] Vote: "-rTg|maEsTrOo<1576><STEAM_0:1:154430568><>" vote maps (map#1 "deathrun_kings_never_die") (map#2 "deathrun_bricks_lux") (map#3 "") (map#4 "")
L 03/19/2017 - 16:04:13: [mapsmenu.amxx] Vote: Voting successful. Map will be changed to deathrun_kings_never_die
L 03/19/2017 - 16:05:00: [admin.amxx] Login: "LoV3<1589><STEAM_0:0:137776089><>" became an admin (account "LoV3") (access "bi") (address "109.102.38.10")
L 03/19/2017 - 16:05:16: [admin.amxx] Login: "LoV3<1590><STEAM_0:0:137776089><>" became an admin (account "LoV3") (access "bi") (address "109.102.38.10")
L 03/19/2017 - 16:06:31: -------- Mapchange to deathrun_kings_never_die --------
L 03/19/2017 - 16:06:32: [AMXX] Failed to open dictionary file: cstrike/addons/amxmodx/data/lang/walkguard.txt
L 03/19/2017 - 16:06:33: [walkguard.amxx] no zone-file found
L 03/19/2017 - 16:06:33: [admin.amxx] Login: "LoV3<1590><STEAM_0:0:137776089><>" became an admin (account "LoV3") (access "bi") (address "109.102.38.10")
L 03/19/2017 - 16:06:33: [admin.amxx] Login: "-rTg|maEsTrOo<1576><STEAM_0:1:154430568><>" became an admin (account "-rTg|maEsTrOo") (access "bit") (address "109.96.99.144")
L 03/19/2017 - 16:09:27: [admin.amxx] Login: "LoV3<1596><STEAM_0:0:137776089><>" became an admin (account "LoV3") (access "bi") (address "109.102.38.10")
L 03/19/2017 - 16:13:55: [adminchat.amxx] Chat: "LoV3<1596><STEAM_0:0:137776089><>" chat "."
L 03/19/2017 - 16:13:58: [adminchat.amxx] Chat: "-rTg|maEsTrOo<1576><STEAM_0:1:154430568><>" chat "!"
L 03/19/2017 - 16:14:13: [admincmd.amxx] Cmd: "-rTg|maEsTrOo<1576><STEAM_0:1:154430568><>" slap with 1 damage "-rTg|maEsTrOo<1576><STEAM_0:1:154430568><>"
L 03/19/2017 - 16:26:22: [admin.amxx] Login: "SWAGGIE. XD<1619><VALVE_0:4:862961770><>" became an admin (account "SWAGGIE. XD") (access "bi") (address "109.98.131.207")
L 03/19/2017 - 16:27:08: [admincmd.amxx] Cmd: "Dr.FioriGinal.Ro ~ Server Clasi<0><><>" slay "Fortlessica.<1620><VALVE_0:4:69519995><>"
L 03/19/2017 - 16:31:30: [mapsmenu.amxx] Vote: "LoV3<1596><STEAM_0:0:137776089><>" vote maps (map#1 "deathrun_special_ultra_final") (map#2 "deathrun_bricks_lux") (map#3 "deathrun_winterfg_lux") (map#4 "")
L 03/19/2017 - 16:31:42: [mapsmenu.amxx] Vote: Voting successful. Map will be changed to deathrun_special_ultra_final
L 03/19/2017 - 16:31:51: [admincmd.amxx] Cmd: "LoV3<1596><STEAM_0:0:137776089><>" changelevel "deathrun_special_ultra_final"
L 03/19/2017 - 16:31:53: -------- Mapchange to deathrun_special_ultra_final --------
L 03/19/2017 - 16:32:04: -------- Mapchange to deathrun_forest --------
L 03/19/2017 - 16:32:15: [AMXX] Failed to open dictionary file: cstrike/addons/amxmodx/data/lang/walkguard.txt
L 03/19/2017 - 16:32:18: [walkguard.amxx] no zone-file found
L 03/19/2017 - 16:32:18: [admin.amxx] Login: "-rTg|maEsTrOo<2><STEAM_0:1:154430568><>" became an admin (account "-rTg|maEsTrOo") (access "bit") (address "109.96.99.144")
L 03/19/2017 - 16:32:21: [admin.amxx] Login: "SWAGGIE. XD<3><VALVE_0:4:862961770><>" became an admin (account "SWAGGIE. XD") (access "bi") (address "109.98.131.207")
L 03/19/2017 - 16:32:23: [admin.amxx] Login: "LoV3<4><STEAM_0:0:137776089><>" became an admin (account "LoV3") (access "bi") (address "109.102.38.10")
L 03/19/2017 - 16:32:27: Invalid multi-lingual line (file "cstrike/addons/amxmodx/data/lang/rom_protect.txt" key "// *ROM-Protect// Plugin OpenSource anti-IsFlooding/bug-fix pentru orice server." lang "")
L 03/19/2017 - 16:32:27: Invalid multi-lingual line (file "cstrike/addons/amxmodx/data/lang/rom_protect.txt" key "// Versiunea : 1.0.4s-dev. Bulid : 98. Data lansarii versiunii : 03.12.2016." lang "")
L 03/19/2017 - 16:32:27: Invalid multi-lingual line (file "cstrike/addons/amxmodx/data/lang/rom_protect.txt" key "// Autor : lüxor # Dr.Fio & DR2.IND (+ eNd.) - SteamID (contact) : luxxxoor" lang "")
L 03/19/2017 - 16:32:27: Invalid multi-lingual line (file "cstrike/addons/amxmodx/data/lang/rom_protect.txt" key "// O productie FioriGinal.ro - site : www.fioriginal.ro" lang "")
L 03/19/2017 - 16:32:27: Invalid multi-lingual line (file "cstrike/addons/amxmodx/data/lang/rom_protect.txt" key "// Link forum de dezvoltare : http://forum.fioriginal.ro/amxmodx-plugins-pluginuri/rom-protect-anti-flood-bug-fix-t28292.html" lang "")
L 03/19/2017 - 16:32:27: Invalid multi-lingual line (file "cstrike/addons/amxmodx/data/lang/rom_protect.txt" key "// Link sursa : https://github.com/luxxxoor/ROM-Protect" lang "")
L 03/19/2017 - 16:32:27: Invalid multi-lingual line (file "cstrike/addons/amxmodx/data/lang/rom_protect.txt" key "// Colori : ^1 - Culoarea aleasa de jucator cu con_color." lang "")
L 03/19/2017 - 16:32:27: Invalid multi-lingual line (file "cstrike/addons/amxmodx/data/lang/rom_protect.txt" key "//          ^3 - Culoare gri." lang "")
L 03/19/2017 - 16:32:27: Invalid multi-lingual line (file "cstrike/addons/amxmodx/data/lang/rom_protect.txt" key "//          ^4 - Culoare verde." lang "")
L 03/19/2017 - 16:32:28: [admincmd.amxx] Cmd: "LoV3<4><STEAM_0:0:137776089><>" changelevel "deathrun_special_ultra_final"
L 03/19/2017 - 16:32:30: -------- Mapchange to deathrun_special_ultra_final --------
L 03/19/2017 - 16:32:41: -------- Mapchange to deathrun_forest --------
L 03/19/2017 - 16:32:52: [AMXX] Failed to open dictionary file: cstrike/addons/amxmodx/data/lang/walkguard.txt
L 03/19/2017 - 16:32:56: [walkguard.amxx] no zone-file found
L 03/19/2017 - 16:32:57: [admin.amxx] Login: "LoV3<2><STEAM_0:0:137776089><>" became an admin (account "LoV3") (access "bi") (address "109.102.38.10")
L 03/19/2017 - 16:32:58: [admin.amxx] Login: "-rTg|maEsTrOo<3><STEAM_0:1:154430568><>" became an admin (account "-rTg|maEsTrOo") (access "bit") (address "109.96.99.144")
L 03/19/2017 - 16:33:04: [admin.amxx] Login: "SWAGGIE. XD<4><VALVE_0:4:862961770><>" became an admin (account "SWAGGIE. XD") (access "bi") (address "109.98.131.207")
L 03/19/2017 - 16:33:05: Invalid multi-lingual line (file "cstrike/addons/amxmodx/data/lang/rom_protect.txt" key "// *ROM-Protect// Plugin OpenSource anti-IsFlooding/bug-fix pentru orice server." lang "")
L 03/19/2017 - 16:33:05: Invalid multi-lingual line (file "cstrike/addons/amxmodx/data/lang/rom_protect.txt" key "// Versiunea : 1.0.4s-dev. Bulid : 98. Data lansarii versiunii : 03.12.2016." lang "")
L 03/19/2017 - 16:33:05: Invalid multi-lingual line (file "cstrike/addons/amxmodx/data/lang/rom_protect.txt" key "// Autor : lüxor # Dr.Fio & DR2.IND (+ eNd.) - SteamID (contact) : luxxxoor" lang "")
L 03/19/2017 - 16:33:05: Invalid multi-lingual line (file "cstrike/addons/amxmodx/data/lang/rom_protect.txt" key "// O productie FioriGinal.ro - site : www.fioriginal.ro" lang "")
L 03/19/2017 - 16:33:05: Invalid multi-lingual line (file "cstrike/addons/amxmodx/data/lang/rom_protect.txt" key "// Link forum de dezvoltare : http://forum.fioriginal.ro/amxmodx-plugins-pluginuri/rom-protect-anti-flood-bug-fix-t28292.html" lang "")
L 03/19/2017 - 16:33:05: Invalid multi-lingual line (file "cstrike/addons/amxmodx/data/lang/rom_protect.txt" key "// Link sursa : https://github.com/luxxxoor/ROM-Protect" lang "")
L 03/19/2017 - 16:33:05: Invalid multi-lingual line (file "cstrike/addons/amxmodx/data/lang/rom_protect.txt" key "// Colori : ^1 - Culoarea aleasa de jucator cu con_color." lang "")
L 03/19/2017 - 16:33:05: Invalid multi-lingual line (file "cstrike/addons/amxmodx/data/lang/rom_protect.txt" key "//          ^3 - Culoare gri." lang "")
L 03/19/2017 - 16:33:05: Invalid multi-lingual line (file "cstrike/addons/amxmodx/data/lang/rom_protect.txt" key "//          ^4 - Culoare verde." lang "")
L 03/19/2017 - 16:40:10: [mapsmenu.amxx] Vote: "LoV3<2><STEAM_0:0:137776089><>" vote maps (map#1 "deathrun_temple") (map#2 "deathrun_shit_v2") (map#3 "deathrun_sentinel") (map#4 "")
L 03/19/2017 - 16:40:22: [mapsmenu.amxx] Vote: Voting successful. Map will be changed to deathrun_temple
L 03/19/2017 - 16:40:27: [admincmd.amxx] Cmd: "LoV3<2><STEAM_0:0:137776089><>" changelevel "deathrun_temple"
L 03/19/2017 - 16:40:30: -------- Mapchange to deathrun_temple --------
L 03/19/2017 - 16:40:31: [AMXX] Failed to open dictionary file: cstrike/addons/amxmodx/data/lang/walkguard.txt
L 03/19/2017 - 16:40:32: [admin.amxx] Login: "SWAGGIE. XD<4><VALVE_0:4:862961770><>" became an admin (account "SWAGGIE. XD") (access "bi") (address "109.98.131.207")
L 03/19/2017 - 16:40:32: [walkguard.amxx] no zone-file found
L 03/19/2017 - 16:40:32: [admin.amxx] Login: "LoV3<2><STEAM_0:0:137776089><>" became an admin (account "LoV3") (access "bi") (address "109.102.38.10")
L 03/19/2017 - 16:40:33: [admin.amxx] Login: "-rTg|maEsTrOo<3><STEAM_0:1:154430568><>" became an admin (account "-rTg|maEsTrOo") (access "bit") (address "109.96.99.144")
L 03/19/2017 - 16:48:34: [adminchat.amxx] Chat: "LoV3<2><STEAM_0:0:137776089><>" chat "in pizda ma-tii"
L 03/19/2017 - 16:50:05: [admin.amxx] Login: "LoV3<31><STEAM_0:0:137776089><>" became an admin (account "LoV3") (access "bi") (address "109.102.38.10")
L 03/19/2017 - 16:53:50: [admin.amxx] Login: "LoV3<38><STEAM_0:0:137776089><>" became an admin (account "LoV3") (access "bi") (address "109.102.38.10")
L 03/19/2017 - 16:54:18: [admin.amxx] Login: "LoV3<39><STEAM_0:0:137776089><>" became an admin (account "LoV3") (access "bi") (address "109.102.38.10")
L 03/19/2017 - 17:03:29: [admincmd.amxx] Cmd: "Dr.FioriGinal.Ro ~ Server Clasi<0><><>" slay "tiganu<48><STEAM_0:0:187978272><>"
L 03/19/2017 - 17:08:21: -------- Mapchange to deathrun_mici_f --------
L 03/19/2017 - 17:08:22: [AMXX] Failed to open dictionary file: cstrike/addons/amxmodx/data/lang/walkguard.txt
L 03/19/2017 - 17:08:24: [walkguard.amxx] no zone-file found
L 03/19/2017 - 17:08:25: [admin.amxx] Login: "SWAGGIE. XD<4><VALVE_0:4:862961770><>" became an admin (account "SWAGGIE. XD") (access "bi") (address "109.98.131.207")
L 03/19/2017 - 17:09:06: [admincmd.amxx] Cmd: "Dr.FioriGinal.Ro ~ Server Clasi<0><><>" slay "tiganu<63><STEAM_0:0:187978272><>"
L 03/19/2017 - 17:16:53: [admin.amxx] Login: "SWAGGIE. XD<79><VALVE_0:4:862961770><>" became an admin (account "SWAGGIE. XD") (access "bi") (address "109.98.131.207")
L 03/19/2017 - 17:30:22: [mapsmenu.amxx] Vote: "SWAGGIE. XD<79><VALVE_0:4:862961770><>" vote maps (map#1 "deathrun_sammal_3sixty_beta1") (map#2 "deathrun_jinglebells") (map#3 "") (map#4 "")
L 03/19/2017 - 17:30:34: [mapsmenu.amxx] Vote: Voting successful. Map will be changed to deathrun_sammal_3sixty_beta1
L 03/19/2017 - 17:33:42: [admincmd.amxx] Cmd: "Dr.FioriGinal.Ro ~ Server Clasi<0><><>" slay "tiganu<107><STEAM_0:0:187978272><>"
L 03/19/2017 - 17:34:47: -------- Mapchange to deathrun_sammal_3sixty_beta1 --------
L 03/19/2017 - 17:34:48: [AMXX] Failed to open dictionary file: cstrike/addons/amxmodx/data/lang/walkguard.txt
L 03/19/2017 - 17:34:50: [walkguard.amxx] no zone-file found
L 03/19/2017 - 17:34:50: [admin.amxx] Login: "SWAGGIE. XD<79><VALVE_0:4:862961770><>" became an admin (account "SWAGGIE. XD") (access "bi") (address "109.98.131.207")
L 03/19/2017 - 17:35:24: [slayafk.amxx] DoZe a primit slay, deoarece a fost afk mai mult de 30 secunde
L 03/19/2017 - 17:35:59: [slayafk.amxx] DoZe a primit slay, deoarece a fost afk mai mult de 30 secunde
L 03/19/2017 - 17:36:59: [slayafk.amxx] DoZe a primit slay, deoarece a fost afk mai mult de 30 secunde
L 03/19/2017 - 17:39:29: [slayafk.amxx] inr a primit slay, deoarece a fost afk mai mult de 30 secunde
L 03/19/2017 - 17:39:29: [slayafk.amxx] DoZe a primit slay, deoarece a fost afk mai mult de 30 secunde
L 03/19/2017 - 17:40:59: [slayafk.amxx] DoZe a primit slay, deoarece a fost afk mai mult de 30 secunde
L 03/19/2017 - 17:44:25: [admin.amxx] Login: "Neo.#<126><VALVE_0:4:1280702174><>" kicked due to invalid password (account "Neo.#") (address "5.15.247.49")
L 03/19/2017 - 17:44:34: [admincmd.amxx] Cmd: "Dr.FioriGinal.Ro ~ Server Clasi<0><><>" slay "tiganu<127><STEAM_0:0:187978272><>"
L 03/19/2017 - 17:44:41: [admin.amxx] Login: "Neo.#<128><VALVE_0:4:1280702174><>" became an admin (account "Neo.#") (access "bit") (address "5.15.247.49")
L 03/19/2017 - 17:44:44: [admin.amxx] Login: "Neo.#<129><VALVE_0:4:1280702174><>" became an admin (account "Neo.#") (access "bit") (address "5.15.247.49")
L 03/19/2017 - 17:44:49: [slayafk.amxx] inr a primit slay, deoarece a fost afk mai mult de 30 secunde
L 03/19/2017 - 17:44:54: [slayafk.amxx] DoZe a primit slay, deoarece a fost afk mai mult de 30 secunde
L 03/19/2017 - 17:48:44: [slayafk.amxx] inr a primit slay, deoarece a fost afk mai mult de 30 secunde
L 03/19/2017 - 17:48:49: [slayafk.amxx] DoZe a primit slay, deoarece a fost afk mai mult de 30 secunde
L 03/19/2017 - 17:51:04: [slayafk.amxx] DoZe a primit slay, deoarece a fost afk mai mult de 30 secunde
L 03/19/2017 - 17:52:39: [slayafk.amxx] Neo.# a primit slay, deoarece a fost afk mai mult de 30 secunde
L 03/19/2017 - 17:52:45: [mapsmenu.amxx] Vote: "SWAGGIE. XD<79><VALVE_0:4:862961770><>" vote maps (map#1 "deathrun_raykium_xf") (map#2 "deathrun_jinglebells") (map#3 "") (map#4 "")
L 03/19/2017 - 17:52:57: [mapsmenu.amxx] Vote: Voting successful. Map will be changed to deathrun_raykium_xf
L 03/19/2017 - 17:57:24: [slayafk.amxx] DoZe a primit slay, deoarece a fost afk mai mult de 30 secunde
L 03/19/2017 - 17:59:44: [slayafk.amxx] Neo.# a primit slay, deoarece a fost afk mai mult de 30 secunde
L 03/19/2017 - 18:00:57: -------- Mapchange to deathrun_raykium_xf --------
L 03/19/2017 - 18:00:59: [AMXX] Failed to open dictionary file: cstrike/addons/amxmodx/data/lang/walkguard.txt
L 03/19/2017 - 18:01:00: [walkguard.amxx] no zone-file found
L 03/19/2017 - 18:01:00: [admin.amxx] Login: "SWAGGIE. XD<79><VALVE_0:4:862961770><>" became an admin (account "SWAGGIE. XD") (access "bi") (address "109.98.131.207")
L 03/19/2017 - 18:01:36: [admincmd.amxx] Cmd: "Dr.FioriGinal.Ro ~ Server Clasi<0><><>" slay "ReeD4EVER<148><VALVE_0:4:1666665462><>"
L 03/19/2017 - 18:05:40: [admin.amxx] Login: "SWAGGIE. XD<152><VALVE_0:4:862961770><>" became an admin (account "SWAGGIE. XD") (access "bi") (address "109.98.131.207")
L 03/19/2017 - 18:05:46: [admincmd.amxx] Cmd: "Dr.FioriGinal.Ro ~ Server Clasi<0><><>" slay "SWAGGIE. XD<152><VALVE_0:4:862961770><>"
L 03/19/2017 - 18:12:42: [admin.amxx] Login: "SWAGGIE. XD<157><VALVE_0:4:862961770><>" became an admin (account "SWAGGIE. XD") (access "bi") (address "109.98.131.207")
L 03/19/2017 - 18:12:48: [admincmd.amxx] Cmd: "Dr.FioriGinal.Ro ~ Server Clasi<0><><>" slay "SWAGGIE. XD<157><VALVE_0:4:862961770><>"
L 03/19/2017 - 18:13:00: [admincmd.amxx] Cmd: "Dr.FioriGinal.Ro ~ Server Clasi<0><><>" slay "inr<158><STEAM_0:0:154095842><>"
L 03/19/2017 - 18:13:59: [admin.amxx] Login: "SWAGGIE. XD<159><VALVE_0:4:862961770><>" became an admin (account "SWAGGIE. XD") (access "bi") (address "109.98.131.207")
L 03/19/2017 - 18:16:05: [admincmd.amxx] Cmd: "Dr.FioriGinal.Ro ~ Server Clasi<0><><>" slay "inr<161><STEAM_0:0:154095842><>"
L 03/19/2017 - 18:16:08: [admincmd.amxx] Cmd: "Dr.FioriGinal.Ro ~ Server Clasi<0><><>" slay "tiganu<162><STEAM_0:0:187978272><>"
L 03/19/2017 - 18:21:42: [mapsmenu.amxx] Vote: "SWAGGIE. XD<159><VALVE_0:4:862961770><>" vote maps (map#1 "deathrun_sentinel") (map#2 "deathrun_sammal") (map#3 "") (map#4 "")
L 03/19/2017 - 18:21:54: [mapsmenu.amxx] Vote: Voting successful. Map will be changed to deathrun_sentinel
L 03/19/2017 - 18:23:11: [admincmd.amxx] Cmd: "Dr.FioriGinal.Ro ~ Server Clasi<0><><>" slay "inr<172><STEAM_0:0:154095842><>"
L 03/19/2017 - 18:23:16: [admincmd.amxx] Cmd: "SWAGGIE. XD<159><VALVE_0:4:862961770><>" slay "inr<172><STEAM_0:0:154095842><>"
L 03/19/2017 - 18:23:17: [admincmd.amxx] Cmd: "SWAGGIE. XD<159><VALVE_0:4:862961770><>" slay "inr<172><STEAM_0:0:154095842><>"
L 03/19/2017 - 18:23:18: [admincmd.amxx] Cmd: "SWAGGIE. XD<159><VALVE_0:4:862961770><>" slay "inr<172><STEAM_0:0:154095842><>"
L 03/19/2017 - 18:23:19: [admincmd.amxx] Cmd: "SWAGGIE. XD<159><VALVE_0:4:862961770><>" slay "inr<172><STEAM_0:0:154095842><>"
L 03/19/2017 - 18:23:21: [admincmd.amxx] Cmd: "SWAGGIE. XD<159><VALVE_0:4:862961770><>" slay "inr<172><STEAM_0:0:154095842><>"
L 03/19/2017 - 18:23:22: [admincmd.amxx] Cmd: "SWAGGIE. XD<159><VALVE_0:4:862961770><>" slay "inr<172><STEAM_0:0:154095842><>"
L 03/19/2017 - 18:23:24: [admincmd.amxx] Cmd: "SWAGGIE. XD<159><VALVE_0:4:862961770><>" slay "inr<172><STEAM_0:0:154095842><>"
L 03/19/2017 - 18:23:26: [admincmd.amxx] Cmd: "SWAGGIE. XD<159><VALVE_0:4:862961770><>" slay "inr<172><STEAM_0:0:154095842><>"
L 03/19/2017 - 18:23:28: [admincmd.amxx] Cmd: "SWAGGIE. XD<159><VALVE_0:4:862961770><>" slay "inr<172><STEAM_0:0:154095842><>"
L 03/19/2017 - 18:26:12: [admin.amxx] Login: "SWAGGIE. XD<180><VALVE_0:4:862961770><>" became an admin (account "SWAGGIE. XD") (access "bi") (address "109.98.131.207")
L 03/19/2017 - 18:26:18: [admincmd.amxx] Cmd: "Dr.FioriGinal.Ro ~ Server Clasi<0><><>" slay "SWAGGIE. XD<180><VALVE_0:4:862961770><>"
L 03/19/2017 - 18:28:38: -------- Mapchange to deathrun_sentinel --------
L 03/19/2017 - 18:28:49: -------- Mapchange to deathrun_forest --------
L 03/19/2017 - 18:29:01: [AMXX] Failed to open dictionary file: cstrike/addons/amxmodx/data/lang/walkguard.txt
L 03/19/2017 - 18:29:03: [admin.amxx] Login: "SWAGGIE. XD<2><VALVE_0:4:862961770><>" became an admin (account "SWAGGIE. XD") (access "bi") (address "109.98.131.207")
L 03/19/2017 - 18:29:03: [walkguard.amxx] no zone-file found
L 03/19/2017 - 18:29:11: [admincmd.amxx] Cmd: "Dr.FioriGinal.Ro ~ Server Clasi<0><><>" slay "Fortlessica.<6><VALVE_0:4:69519995><>"
L 03/19/2017 - 18:29:12: Invalid multi-lingual line (file "cstrike/addons/amxmodx/data/lang/rom_protect.txt" key "// *ROM-Protect// Plugin OpenSource anti-IsFlooding/bug-fix pentru orice server." lang "")
L 03/19/2017 - 18:29:12: Invalid multi-lingual line (file "cstrike/addons/amxmodx/data/lang/rom_protect.txt" key "// Versiunea : 1.0.4s-dev. Bulid : 98. Data lansarii versiunii : 03.12.2016." lang "")
L 03/19/2017 - 18:29:12: Invalid multi-lingual line (file "cstrike/addons/amxmodx/data/lang/rom_protect.txt" key "// Autor : lüxor # Dr.Fio & DR2.IND (+ eNd.) - SteamID (contact) : luxxxoor" lang "")
L 03/19/2017 - 18:29:12: Invalid multi-lingual line (file "cstrike/addons/amxmodx/data/lang/rom_protect.txt" key "// O productie FioriGinal.ro - site : www.fioriginal.ro" lang "")
L 03/19/2017 - 18:29:12: Invalid multi-lingual line (file "cstrike/addons/amxmodx/data/lang/rom_protect.txt" key "// Link forum de dezvoltare : http://forum.fioriginal.ro/amxmodx-plugins-pluginuri/rom-protect-anti-flood-bug-fix-t28292.html" lang "")
L 03/19/2017 - 18:29:12: Invalid multi-lingual line (file "cstrike/addons/amxmodx/data/lang/rom_protect.txt" key "// Link sursa : https://github.com/luxxxoor/ROM-Protect" lang "")
L 03/19/2017 - 18:29:12: Invalid multi-lingual line (file "cstrike/addons/amxmodx/data/lang/rom_protect.txt" key "// Colori : ^1 - Culoarea aleasa de jucator cu con_color." lang "")
L 03/19/2017 - 18:29:12: Invalid multi-lingual line (file "cstrike/addons/amxmodx/data/lang/rom_protect.txt" key "//          ^3 - Culoare gri." lang "")
L 03/19/2017 - 18:29:12: Invalid multi-lingual line (file "cstrike/addons/amxmodx/data/lang/rom_protect.txt" key "//          ^4 - Culoare verde." lang "")
L 03/19/2017 - 18:31:38: [slayafk.amxx] gamer [C014] a primit slay, deoarece a fost afk mai mult de 30 secunde
L 03/19/2017 - 18:32:48: [slayafk.amxx] SWAGGIE. XD a primit slay, deoarece a fost afk mai mult de 30 secunde
L 03/19/2017 - 18:45:40: [admin.amxx] Login: "Bidi<31><STEAM_0:1:45864800><>" became an admin (account "Bidi") (access "bit") (address "93.114.122.195")
L 03/19/2017 - 18:46:14: [admin.amxx] Login: "FAKE ^^<32><STEAM_0:0:272564954><>" became an admin (account "FAKE ^^") (access "bi") (address "95.76.0.179")
L 03/19/2017 - 18:49:00: [mapsmenu.amxx] Vote: "FAKE ^^<32><STEAM_0:0:272564954><>" vote maps (map#1 "deathrun_sk_occult") (map#2 "deathrun_sentinel_mini") (map#3 "") (map#4 "")
L 03/19/2017 - 18:49:12: [mapsmenu.amxx] Vote: Voting successful. Map will be changed to deathrun_sk_occult
L 03/19/2017 - 18:53:14: [adminchat.amxx] Chat: "The Pro<25><STEAM_0:0:531227794><>" chat "lame ok"
L 03/19/2017 - 18:53:20: [adminchat.amxx] Chat: "The Pro<25><STEAM_0:0:531227794><>" chat "pls lame"
L 03/19/2017 - 18:53:54: [admin.amxx] Login: "cool<37><STEAM_0:1:25922700><>" became an admin (account "cool") (access "bi") (address "5.14.99.188")
L 03/19/2017 - 18:54:18: [slayafk.amxx] k1d a primit slay, deoarece a fost afk mai mult de 30 secunde
L 03/19/2017 - 18:55:07: -------- Mapchange to deathrun_sk_occult --------
L 03/19/2017 - 18:55:09: [AMXX] Failed to open dictionary file: cstrike/addons/amxmodx/data/lang/walkguard.txt
L 03/19/2017 - 18:55:10: [walkguard.amxx] no zone-file found
L 03/19/2017 - 18:55:10: [admin.amxx] Login: "FAKE ^^<32><STEAM_0:0:272564954><>" became an admin (account "FAKE ^^") (access "bi") (address "95.76.0.179")
L 03/19/2017 - 18:55:10: [admin.amxx] Login: "cool<37><STEAM_0:1:25922700><>" became an admin (account "cool") (access "bi") (address "5.14.99.188")
L 03/19/2017 - 18:55:12: [admin.amxx] Login: "cool<41><STEAM_0:1:25922700><>" became an admin (account "cool") (access "bi") (address "5.14.99.188")
L 03/19/2017 - 18:58:01: [admincmd.amxx] Cmd: "Dr.FioriGinal.Ro ~ Server Clasi<0><><>" slay "WeZz^AndreY<51><VALVE_0:4:2001033203><>"
L 03/19/2017 - 18:58:19: [admincmd.amxx] Cmd: "Dr.FioriGinal.Ro ~ Server Clasi<0><><>" slay "WeZz^AndreY<52><VALVE_0:4:2001033203><>"
L 03/19/2017 - 18:59:50: [slayafk.amxx] tiganu a primit slay, deoarece a fost afk mai mult de 30 secunde
L 03/19/2017 - 19:06:50: [slayafk.amxx] WeZz^AndreY a primit slay, deoarece a fost afk mai mult de 30 secunde
L 03/19/2017 - 19:10:51: [admincmd.amxx] Cmd: "Dr.FioriGinal.Ro ~ Server Clasi<0><><>" slay "tiganu<64><STEAM_0:0:187978272><>"
L 03/19/2017 - 19:11:45: [slayafk.amxx] SEEKandDESTR a primit slay, deoarece a fost afk mai mult de 30 secunde
L 03/19/2017 - 19:11:54: [admin.amxx] Login: "SWAGGIE. XD<67><VALVE_0:4:862961770><>" became an admin (account "SWAGGIE. XD") (access "bi") (address "109.98.131.207")
L 03/19/2017 - 19:13:48: [adminchat.amxx] Chat: "kazamir<66><STEAM_0:0:226853265><>" chat "slay abel"
L 03/19/2017 - 19:13:54: [admincmd.amxx] Cmd: "SWAGGIE. XD<67><VALVE_0:4:862961770><>" slay "Abel<61><STEAM_0:0:130124966><>"
L 03/19/2017 - 19:14:15: [admincmd.amxx] Cmd: "SWAGGIE. XD<67><VALVE_0:4:862961770><>" slay "SEEKandDESTR<68><STEAM_0:0:481095217><>"
L 03/19/2017 - 19:15:42: [admincmd.amxx] Cmd: "SWAGGIE. XD<67><VALVE_0:4:862961770><>" slay "SWAGGIE. XD<67><VALVE_0:4:862961770><>"
L 03/19/2017 - 19:23:13: -------- Mapchange to deathrun_mici_f --------
L 03/19/2017 - 19:23:15: [AMXX] Failed to open dictionary file: cstrike/addons/amxmodx/data/lang/walkguard.txt
L 03/19/2017 - 19:23:16: [walkguard.amxx] no zone-file found
L 03/19/2017 - 19:30:47: [admin.amxx] Login: "DoNpAkaa<87><STEAM_0:0:1566082428><>" became an admin (account "DoNpAkaa") (access "bi") (address "79.117.235.144")
L 03/19/2017 - 19:37:39: [mapsmenu.amxx] Vote: "DoNpAkaa<87><STEAM_0:0:1566082428><>" vote maps (map#1 "deathrun_clarion_dojo_b3") (map#2 "deathrun_unknown-area") (map#3 "") (map#4 "")
L 03/19/2017 - 19:37:51: [mapsmenu.amxx] Vote: Voting successful. Map will be changed to deathrun_clarion_dojo_b3
L 03/19/2017 - 19:48:43: [admincmd.amxx] Cmd: "Dr.FioriGinal.Ro ~ Server Clasi<0><><>" slay "nVidia E8 Player<111><VALVE_0:4:1457507699><>"
L 03/19/2017 - 19:49:35: -------- Mapchange to deathrun_clarion_dojo_b3 --------
L 03/19/2017 - 19:49:36: [AMXX] Failed to open dictionary file: cstrike/addons/amxmodx/data/lang/walkguard.txt
L 03/19/2017 - 19:49:37: [walkguard.amxx] no zone-file found
L 03/19/2017 - 19:49:37: [admin.amxx] Login: "DoNpAkaa<87><STEAM_0:0:1566082428><>" became an admin (account "DoNpAkaa") (access "bi") (address "79.117.235.144")
L 03/19/2017 - 19:50:54: [admin.amxx] Login: "DoNpAkaa<117><STEAM_0:0:1834938226><>" became an admin (account "DoNpAkaa") (access "bi") (address "79.117.235.144")
L 03/19/2017 - 19:50:59: [admincmd.amxx] Cmd: "Dr.FioriGinal.Ro ~ Server Clasi<0><><>" slay "DoNpAkaa<117><STEAM_0:0:1834938226><>"
L 03/19/2017 - 19:52:49: [admincmd.amxx] Cmd: "Dr.FioriGinal.Ro ~ Server Clasi<0><><>" slay "RedBull<119><VALVE_0:4:44562270><>"
L 03/19/2017 - 19:52:59: [admincmd.amxx] Cmd: "DoNpAkaa<117><STEAM_0:0:1834938226><>" slay "RedBull<121><VALVE_0:4:44562270><>"
L 03/19/2017 - 19:53:02: [admincmd.amxx] Cmd: "Dr.FioriGinal.Ro ~ Server Clasi<0><><>" slay "RedBull<121><VALVE_0:4:44562270><>"
L 03/19/2017 - 19:55:59: [admincmd.amxx] Cmd: "DoNpAkaa<117><STEAM_0:0:1834938226><>" slay "RedBull<121><VALVE_0:4:44562270><>"
L 03/19/2017 - 20:08:22: -------- Mapchange to deathrun_forest --------
L 03/19/2017 - 20:08:35: [AMXX] Failed to open dictionary file: cstrike/addons/amxmodx/data/lang/walkguard.txt
L 03/19/2017 - 20:08:39: [walkguard.amxx] no zone-file found
L 03/19/2017 - 20:08:48: Invalid multi-lingual line (file "cstrike/addons/amxmodx/data/lang/rom_protect.txt" key "// *ROM-Protect// Plugin OpenSource anti-IsFlooding/bug-fix pentru orice server." lang "")
L 03/19/2017 - 20:08:48: Invalid multi-lingual line (file "cstrike/addons/amxmodx/data/lang/rom_protect.txt" key "// Versiunea : 1.0.4s-dev. Bulid : 98. Data lansarii versiunii : 03.12.2016." lang "")
L 03/19/2017 - 20:08:48: Invalid multi-lingual line (file "cstrike/addons/amxmodx/data/lang/rom_protect.txt" key "// Autor : lüxor # Dr.Fio & DR2.IND (+ eNd.) - SteamID (contact) : luxxxoor" lang "")
L 03/19/2017 - 20:08:48: Invalid multi-lingual line (file "cstrike/addons/amxmodx/data/lang/rom_protect.txt" key "// O productie FioriGinal.ro - site : www.fioriginal.ro" lang "")
L 03/19/2017 - 20:08:48: Invalid multi-lingual line (file "cstrike/addons/amxmodx/data/lang/rom_protect.txt" key "// Link forum de dezvoltare : http://forum.fioriginal.ro/amxmodx-plugins-pluginuri/rom-protect-anti-flood-bug-fix-t28292.html" lang "")
L 03/19/2017 - 20:08:48: Invalid multi-lingual line (file "cstrike/addons/amxmodx/data/lang/rom_protect.txt" key "// Link sursa : https://github.com/luxxxoor/ROM-Protect" lang "")
L 03/19/2017 - 20:08:48: Invalid multi-lingual line (file "cstrike/addons/amxmodx/data/lang/rom_protect.txt" key "// Colori : ^1 - Culoarea aleasa de jucator cu con_color." lang "")
L 03/19/2017 - 20:08:48: Invalid multi-lingual line (file "cstrike/addons/amxmodx/data/lang/rom_protect.txt" key "//          ^3 - Culoare gri." lang "")
L 03/19/2017 - 20:08:48: Invalid multi-lingual line (file "cstrike/addons/amxmodx/data/lang/rom_protect.txt" key "//          ^4 - Culoare verde." lang "")
L 03/19/2017 - 20:09:08: [admincmd.amxx] Cmd: "Dr.FioriGinal.Ro ~ Server Clasi<0><><>" slay "wAa # Killutzu<12><STEAM_0:0:454785472><>"
L 03/19/2017 - 20:14:24: [slayafk.amxx] addons/amxmodx/codules a primit slay, deoarece a fost afk mai mult de 30 secunde
L 03/19/2017 - 20:44:36: [admin.amxx] Login: "J.Smith<29><STEAM_0:0:59563675><>" became an admin (account "J.Smith") (access "bi") (address "109.185.5.238")
L 03/19/2017 - 20:55:45: [admincmd.amxx] Cmd: "Dr.FioriGinal.Ro ~ Server Clasi<0><><>" slay "Boost-Cs.Ro<36><STEAM_0:0:1735517759><>"
L 03/19/2017 - 21:19:24: [admincmd.amxx] Cmd: "Dr.FioriGinal.Ro ~ Server Clasi<0><><>" slay "DoZe<53><STEAM_0:0:1898515925><>"
L 03/19/2017 - 21:21:58: [admin.amxx] Login: "SWAGGIE. XD<54><VALVE_0:4:862961770><>" became an admin (account "SWAGGIE. XD") (access "bi") (address "109.98.131.207")
L 03/19/2017 - 21:25:31: [admin.amxx] Login: "J.Smith<55><STEAM_0:0:59563675><>" became an admin (account "J.Smith") (access "bi") (address "109.185.5.238")
L 03/19/2017 - 21:26:07: [admin.amxx] Login: "J.Smith<56><STEAM_0:0:59563675><>" became an admin (account "J.Smith") (access "bi") (address "109.185.5.238")
L 03/19/2017 - 21:26:21: [admin.amxx] Login: "J.Smith<60><STEAM_0:0:59563675><>" became an admin (account "J.Smith") (access "bi") (address "109.185.5.238")
L 03/19/2017 - 21:37:12: [admincmd.amxx] Cmd: "Dr.FioriGinal.Ro ~ Server Clasi<0><><>" slay "tiganu<72><STEAM_0:0:187978272><>"
L 03/19/2017 - 21:42:32: [adminchat.amxx] Chat: "SWAGGIE. XD<54><VALVE_0:4:862961770><>" psay "Lonely.<62><STEAM_0:1:182908908><>" "0725753275"
L 03/19/2017 - 21:42:33: [adminchat.amxx] Chat: "SWAGGIE. XD<54><VALVE_0:4:862961770><>" psay "Lonely.<62><STEAM_0:1:182908908><>" "0725753275 "
L 03/19/2017 - 21:42:33: [adminchat.amxx] Chat: "SWAGGIE. XD<54><VALVE_0:4:862961770><>" psay "Lonely.<62><STEAM_0:1:182908908><>" "0725753275 "
L 03/19/2017 - 21:42:34: [adminchat.amxx] Chat: "SWAGGIE. XD<54><VALVE_0:4:862961770><>" psay "Lonely.<62><STEAM_0:1:182908908><>" "0725753275 "
L 03/19/2017 - 21:42:34: [adminchat.amxx] Chat: "SWAGGIE. XD<54><VALVE_0:4:862961770><>" psay "Lonely.<62><STEAM_0:1:182908908><>" "0725753275 "
L 03/19/2017 - 21:42:34: [adminchat.amxx] Chat: "SWAGGIE. XD<54><VALVE_0:4:862961770><>" psay "Lonely.<62><STEAM_0:1:182908908><>" "0725753275 "
L 03/19/2017 - 21:42:35: [adminchat.amxx] Chat: "SWAGGIE. XD<54><VALVE_0:4:862961770><>" psay "Lonely.<62><STEAM_0:1:182908908><>" "0725753275 "
L 03/19/2017 - 21:42:35: [adminchat.amxx] Chat: "SWAGGIE. XD<54><VALVE_0:4:862961770><>" psay "Lonely.<62><STEAM_0:1:182908908><>" "0725753275 "
L 03/19/2017 - 21:42:35: [adminchat.amxx] Chat: "SWAGGIE. XD<54><VALVE_0:4:862961770><>" psay "Lonely.<62><STEAM_0:1:182908908><>" "0725753275 "
L 03/19/2017 - 21:42:36: [adminchat.amxx] Chat: "SWAGGIE. XD<54><VALVE_0:4:862961770><>" psay "Lonely.<62><STEAM_0:1:182908908><>" "0725753275 "
L 03/19/2017 - 21:42:36: [adminchat.amxx] Chat: "SWAGGIE. XD<54><VALVE_0:4:862961770><>" psay "Lonely.<62><STEAM_0:1:182908908><>" "0725753275 "
L 03/19/2017 - 21:42:36: [adminchat.amxx] Chat: "SWAGGIE. XD<54><VALVE_0:4:862961770><>" psay "Lonely.<62><STEAM_0:1:182908908><>" "0725753275 "
L 03/19/2017 - 21:42:37: [adminchat.amxx] Chat: "SWAGGIE. XD<54><VALVE_0:4:862961770><>" psay "Lonely.<62><STEAM_0:1:182908908><>" "0725753275 "
L 03/19/2017 - 21:42:37: [adminchat.amxx] Chat: "SWAGGIE. XD<54><VALVE_0:4:862961770><>" psay "Lonely.<62><STEAM_0:1:182908908><>" "0725753275 "
L 03/19/2017 - 21:43:04: [adminchat.amxx] Chat: "SWAGGIE. XD<54><VALVE_0:4:862961770><>" psay "Lonely.<62><STEAM_0:1:182908908><>" "0725753275 "
L 03/19/2017 - 21:43:24: [slayafk.amxx] Lonely. a primit slay, deoarece a fost afk mai mult de 30 secunde
L 03/19/2017 - 21:44:09: [mapsmenu.amxx] Vote: "SWAGGIE. XD<54><VALVE_0:4:862961770><>" vote maps (map#1 "deathrun_laikiux_pizdec") (map#2 "deathrun_jinglebells") (map#3 "") (map#4 "")
L 03/19/2017 - 21:44:21: [mapsmenu.amxx] Vote: Voting successful. Map will be changed to deathrun_laikiux_pizdec
L 03/19/2017 - 21:44:59: [slayafk.amxx] SWAGGIE. XD a primit slay, deoarece a fost afk mai mult de 30 secunde
L 03/19/2017 - 21:48:45: [admincmd.amxx] Cmd: "Dr.FioriGinal.Ro ~ Server Clasi<0><><>" slay "Strepos<80><STEAM_0:0:181894008><>"
L 03/19/2017 - 21:49:10: -------- Mapchange to deathrun_laikiux_pizdec --------
L 03/19/2017 - 21:49:12: [AMXX] Failed to open dictionary file: cstrike/addons/amxmodx/data/lang/walkguard.txt
L 03/19/2017 - 21:49:13: [walkguard.amxx] no zone-file found
L 03/19/2017 - 21:49:43: [admin.amxx] Login: "SWAGGIE. XD<85><VALVE_0:4:862961770><>" became an admin (account "SWAGGIE. XD") (access "bi") (address "109.98.131.207")
L 03/19/2017 - 21:50:08: [slayafk.amxx] DoZe a primit slay, deoarece a fost afk mai mult de 30 secunde
L 03/19/2017 - 21:56:16: [admin.amxx] Login: "SWAGGIE. XD<90><VALVE_0:4:862961770><>" became an admin (account "SWAGGIE. XD") (access "bi") (address "109.98.131.207")
L 03/19/2017 - 22:05:53: [slayafk.amxx] SWAGGIE. XD a primit slay, deoarece a fost afk mai mult de 30 secunde
L 03/19/2017 - 22:06:28: [slayafk.amxx] SWAGGIE. XD a primit slay, deoarece a fost afk mai mult de 30 secunde
L 03/19/2017 - 22:07:08: [slayafk.amxx] SWAGGIE. XD a primit slay, deoarece a fost afk mai mult de 30 secunde
L 03/19/2017 - 22:07:43: [slayafk.amxx] SWAGGIE. XD a primit slay, deoarece a fost afk mai mult de 30 secunde
L 03/19/2017 - 22:08:03: [admincmd.amxx] Cmd: "Dr.FioriGinal.Ro ~ Server Clasi<0><><>" slay "tiganu<98><STEAM_0:0:187978272><>"
L 03/19/2017 - 22:11:33: [slayafk.amxx] DoZe a primit slay, deoarece a fost afk mai mult de 30 secunde
L 03/19/2017 - 22:12:18: [slayafk.amxx] DoZe a primit slay, deoarece a fost afk mai mult de 30 secunde
L 03/19/2017 - 22:14:09: [mapsmenu.amxx] Vote: "SWAGGIE. XD<90><VALVE_0:4:862961770><>" vote maps (map#1 "deathrun_challenge_x") (map#2 "deathrun_jinglebells") (map#3 "") (map#4 "")
L 03/19/2017 - 22:14:21: [mapsmenu.amxx] Vote: Voting successful. Map will be changed to deathrun_challenge_x
L 03/19/2017 - 22:15:38: [slayafk.amxx] SWAGGIE. XD a primit slay, deoarece a fost afk mai mult de 30 secunde
L 03/19/2017 - 22:16:13: [slayafk.amxx] SWAGGIE. XD a primit slay, deoarece a fost afk mai mult de 30 secunde
L 03/19/2017 - 22:16:48: [slayafk.amxx] DoZe a primit slay, deoarece a fost afk mai mult de 30 secunde
L 03/19/2017 - 22:16:53: [slayafk.amxx] SWAGGIE. XD a primit slay, deoarece a fost afk mai mult de 30 secunde
L 03/19/2017 - 22:17:53: [slayafk.amxx] DoZe a primit slay, deoarece a fost afk mai mult de 30 secunde
L 03/19/2017 - 22:18:13: [slayafk.amxx] SWAGGIE. XD a primit slay, deoarece a fost afk mai mult de 30 secunde
L 03/19/2017 - 22:18:53: [slayafk.amxx] DoZe a primit slay, deoarece a fost afk mai mult de 30 secunde
L 03/19/2017 - 22:19:38: [slayafk.amxx] SWAGGIE. XD a primit slay, deoarece a fost afk mai mult de 30 secunde
L 03/19/2017 - 22:20:23: [slayafk.amxx] DoZe a primit slay, deoarece a fost afk mai mult de 30 secunde
L 03/19/2017 - 22:21:57: -------- Mapchange to deathrun_challenge_x --------
L 03/19/2017 - 22:21:59: [AMXX] Failed to open dictionary file: cstrike/addons/amxmodx/data/lang/walkguard.txt
L 03/19/2017 - 22:22:00: [walkguard.amxx] no zone-file found
L 03/19/2017 - 22:22:00: [admin.amxx] Login: "SWAGGIE. XD<90><VALVE_0:4:862961770><>" became an admin (account "SWAGGIE. XD") (access "bi") (address "109.98.131.207")
L 03/19/2017 - 22:22:34: [slayafk.amxx] DoZe a primit slay, deoarece a fost afk mai mult de 30 secunde
L 03/19/2017 - 22:25:52: [admin.amxx] Login: "FAKE ^^<106><STEAM_0:0:272564954><>" became an admin (account "FAKE ^^") (access "bi") (address "95.76.0.179")
L 03/19/2017 - 22:28:54: [slayafk.amxx] DoZe a primit slay, deoarece a fost afk mai mult de 30 secunde
L 03/19/2017 - 22:31:20: [admin.amxx] Login: "SWAGGIE. XD<107><VALVE_0:4:862961770><>" became an admin (account "SWAGGIE. XD") (access "bi") (address "109.98.131.207")
L 03/19/2017 - 22:31:26: [admincmd.amxx] Cmd: "Dr.FioriGinal.Ro ~ Server Clasi<0><><>" slay "SWAGGIE. XD<107><VALVE_0:4:862961770><>"
L 03/19/2017 - 22:34:15: [admin.amxx] Login: "SWAGGIE. XD<108><VALVE_0:4:862961770><>" became an admin (account "SWAGGIE. XD") (access "bi") (address "109.98.131.207")
L 03/19/2017 - 22:34:19: [admin.amxx] Login: "SWAGGIE. XD<110><VALVE_0:4:862961770><>" became an admin (account "SWAGGIE. XD") (access "bi") (address "109.98.131.207")
L 03/19/2017 - 22:34:24: [admincmd.amxx] Cmd: "Dr.FioriGinal.Ro ~ Server Clasi<0><><>" slay "tiganu<109><STEAM_0:0:187978272><>"
L 03/19/2017 - 22:34:25: [admincmd.amxx] Cmd: "Dr.FioriGinal.Ro ~ Server Clasi<0><><>" slay "SWAGGIE. XD<110><VALVE_0:4:862961770><>"
L 03/19/2017 - 22:34:31: [admincmd.amxx] Cmd: "Dr.FioriGinal.Ro ~ Server Clasi<0><><>" slay "tiganu<111><STEAM_0:0:187978272><>"
L 03/19/2017 - 22:35:58: [admin.amxx] Login: "SWAGGIE. XD<114><VALVE_0:4:862961770><>" became an admin (account "SWAGGIE. XD") (access "bi") (address "109.98.131.207")
L 03/19/2017 - 22:36:01: [admincmd.amxx] Cmd: "Dr.FioriGinal.Ro ~ Server Clasi<0><><>" slay "tiganu<113><STEAM_0:0:187978272><>"
L 03/19/2017 - 22:36:04: [admincmd.amxx] Cmd: "Dr.FioriGinal.Ro ~ Server Clasi<0><><>" slay "SWAGGIE. XD<114><VALVE_0:4:862961770><>"
L 03/19/2017 - 22:40:04: [slayafk.amxx] DoZe a primit slay, deoarece a fost afk mai mult de 30 secunde
L 03/19/2017 - 22:40:10: [admin.amxx] Login: "SWAGGIE. XD<120><VALVE_0:4:862961770><>" became an admin (account "SWAGGIE. XD") (access "bi") (address "109.98.131.207")
L 03/19/2017 - 22:40:12: [admincmd.amxx] Cmd: "Dr.FioriGinal.Ro ~ Server Clasi<0><><>" slay "tiganu<119><STEAM_0:0:187978272><>"
L 03/19/2017 - 22:40:16: [admincmd.amxx] Cmd: "Dr.FioriGinal.Ro ~ Server Clasi<0><><>" slay "SWAGGIE. XD<120><VALVE_0:4:862961770><>"
L 03/19/2017 - 22:42:51: [admincmd.amxx] Cmd: "SWAGGIE. XD<120><VALVE_0:4:862961770><>" slay "ColKa<124><VALVE_0:4:1590989684><>"
L 03/19/2017 - 22:43:19: [slayafk.amxx] DoZe a primit slay, deoarece a fost afk mai mult de 30 secunde
L 03/19/2017 - 22:44:16: [admin.amxx] Login: "SWAGGIE. XD<127><VALVE_0:4:862961770><>" became an admin (account "SWAGGIE. XD") (access "bi") (address "109.98.131.207")
L 03/19/2017 - 22:44:22: [admincmd.amxx] Cmd: "Dr.FioriGinal.Ro ~ Server Clasi<0><><>" slay "SWAGGIE. XD<127><VALVE_0:4:862961770><>"
L 03/19/2017 - 22:44:38: [mapsmenu.amxx] Vote: "SWAGGIE. XD<127><VALVE_0:4:862961770><>" vote maps (map#1 "deathrun_adi_snowycliff") (map#2 "deathrun_jinglebells") (map#3 "") (map#4 "")
L 03/19/2017 - 22:44:44: [slayafk.amxx] DoZe a primit slay, deoarece a fost afk mai mult de 30 secunde
L 03/19/2017 - 22:44:50: [mapsmenu.amxx] Vote: Voting successful. Map will be changed to deathrun_adi_snowycliff
L 03/19/2017 - 22:46:28: [admincmd.amxx] Cmd: "Dr.FioriGinal.Ro ~ Server Clasi<0><><>" slay "tiganu<128><STEAM_0:0:187978272><>"
L 03/19/2017 - 22:46:39: [admincmd.amxx] Cmd: "Dr.FioriGinal.Ro ~ Server Clasi<0><><>" slay "tiganu<130><STEAM_0:0:187978272><>"
L 03/19/2017 - 22:48:49: [slayafk.amxx] DoZe a primit slay, deoarece a fost afk mai mult de 30 secunde
L 03/19/2017 - 22:49:24: [slayafk.amxx] DoZe a primit slay, deoarece a fost afk mai mult de 30 secunde
L 03/19/2017 - 22:49:43: [admincmd.amxx] Cmd: "Dr.FioriGinal.Ro ~ Server Clasi<0><><>" slay "tiganu<131><STEAM_0:0:187978272><>"
L 03/19/2017 - 22:50:04: [slayafk.amxx] DoZe a primit slay, deoarece a fost afk mai mult de 30 secunde
L 03/19/2017 - 22:50:44: [slayafk.amxx] Skynox a primit slay, deoarece a fost afk mai mult de 30 secunde
L 03/19/2017 - 22:51:24: [admin.amxx] Login: "DnD<133><STEAM_0:0:1812428664><>" became an admin (account "DnD") (access "bi") (address "31.5.145.190")
L 03/19/2017 - 22:51:54: [slayafk.amxx] DoZe a primit slay, deoarece a fost afk mai mult de 30 secunde
L 03/19/2017 - 22:53:57: [admincmd.amxx] Cmd: "Dr.FioriGinal.Ro ~ Server Clasi<0><><>" slay "tiganu<136><STEAM_0:0:187978272><>"
L 03/19/2017 - 22:54:24: [slayafk.amxx] Skynox a primit slay, deoarece a fost afk mai mult de 30 secunde
L 03/19/2017 - 22:55:44: [slayafk.amxx] Skynox a primit slay, deoarece a fost afk mai mult de 30 secunde
L 03/19/2017 - 22:56:44: [slayafk.amxx] DoZe a primit slay, deoarece a fost afk mai mult de 30 secunde
L 03/19/2017 - 23:00:29: [slayafk.amxx] DoZe a primit slay, deoarece a fost afk mai mult de 30 secunde
L 03/19/2017 - 23:00:34: [slayafk.amxx] Skynox a primit slay, deoarece a fost afk mai mult de 30 secunde
L 03/19/2017 - 23:00:47: [admincmd.amxx] Cmd: "Dr.FioriGinal.Ro ~ Server Clasi<0><><>" slay "tiganu<140><STEAM_0:0:187978272><>"
L 03/19/2017 - 23:01:19: [slayafk.amxx] DoZe a primit slay, deoarece a fost afk mai mult de 30 secunde
L 03/19/2017 - 23:02:54: [slayafk.amxx] DoZe a primit slay, deoarece a fost afk mai mult de 30 secunde
L 03/19/2017 - 23:04:05: [admincmd.amxx] Cmd: "Dr.FioriGinal.Ro ~ Server Clasi<0><><>" slay "tiganu<141><STEAM_0:0:187978272><>"
L 03/19/2017 - 23:04:29: [slayafk.amxx] Skynox a primit slay, deoarece a fost afk mai mult de 30 secunde
L 03/19/2017 - 23:04:34: [slayafk.amxx] DoZe a primit slay, deoarece a fost afk mai mult de 30 secunde
L 03/19/2017 - 23:05:41: [admin.amxx] Login: "SWAGGIE. XD<142><VALVE_0:4:862961770><>" became an admin (account "SWAGGIE. XD") (access "bi") (address "109.98.131.207")
L 03/19/2017 - 23:06:19: [slayafk.amxx] Skynox a primit slay, deoarece a fost afk mai mult de 30 secunde
L 03/19/2017 - 23:06:19: [slayafk.amxx] DoZe a primit slay, deoarece a fost afk mai mult de 30 secunde
L 03/19/2017 - 23:06:25: [admin.amxx] Login: "-rTg|maEsTrOo<143><STEAM_0:1:154430568><>" became an admin (account "-rTg|maEsTrOo") (access "bit") (address "109.96.99.144")
L 03/19/2017 - 23:07:04: [slayafk.amxx] Skynox a primit slay, deoarece a fost afk mai mult de 30 secunde
L 03/19/2017 - 23:07:04: [slayafk.amxx] DoZe a primit slay, deoarece a fost afk mai mult de 30 secunde
L 03/19/2017 - 23:09:19: [slayafk.amxx] Skynox a primit slay, deoarece a fost afk mai mult de 30 secunde
L 03/19/2017 - 23:09:19: [slayafk.amxx] DoZe a primit slay, deoarece a fost afk mai mult de 30 secunde
L 03/19/2017 - 23:09:19: [slayafk.amxx] SWAGGIE. XD a primit slay, deoarece a fost afk mai mult de 30 secunde
L 03/19/2017 - 23:11:19: [slayafk.amxx] Skynox a primit slay, deoarece a fost afk mai mult de 30 secunde
L 03/19/2017 - 23:11:19: [slayafk.amxx] SWAGGIE. XD a primit slay, deoarece a fost afk mai mult de 30 secunde
L 03/19/2017 - 23:15:46: -------- Mapchange to deathrun_adi_snowycliff --------
L 03/19/2017 - 23:15:47: [AMXX] Failed to open dictionary file: cstrike/addons/amxmodx/data/lang/walkguard.txt
L 03/19/2017 - 23:15:48: [walkguard.amxx] no zone-file found
L 03/19/2017 - 23:15:49: [admin.amxx] Login: "SWAGGIE. XD<142><VALVE_0:4:862961770><>" became an admin (account "SWAGGIE. XD") (access "bi") (address "109.98.131.207")
L 03/19/2017 - 23:16:23: [slayafk.amxx] DoZe a primit slay, deoarece a fost afk mai mult de 30 secunde
L 03/19/2017 - 23:17:56: [admincmd.amxx] Cmd: "Dr.FioriGinal.Ro ~ Server Clasi<0><><>" slay "tiganu<151><STEAM_0:0:187978272><>"
L 03/19/2017 - 23:19:38: [slayafk.amxx] DoZe a primit slay, deoarece a fost afk mai mult de 30 secunde
L 03/19/2017 - 23:21:08: [slayafk.amxx] DoZe a primit slay, deoarece a fost afk mai mult de 30 secunde
L 03/19/2017 - 23:21:53: [slayafk.amxx] DoZe a primit slay, deoarece a fost afk mai mult de 30 secunde
L 03/19/2017 - 23:22:38: [slayafk.amxx] DoZe a primit slay, deoarece a fost afk mai mult de 30 secunde
L 03/19/2017 - 23:24:18: [slayafk.amxx] DoZe a primit slay, deoarece a fost afk mai mult de 30 secunde
L 03/19/2017 - 23:24:50: [admin.amxx] Login: "J.Smith<153><STEAM_0:0:59563675><>" became an admin (account "J.Smith") (access "bi") (address "109.185.5.238")
L 03/19/2017 - 23:24:56: [admin.amxx] Login: "J.Smith<154><STEAM_0:0:59563675><>" became an admin (account "J.Smith") (access "bi") (address "109.185.5.238")
L 03/19/2017 - 23:26:18: [slayafk.amxx] DoZe a primit slay, deoarece a fost afk mai mult de 30 secunde
L 03/19/2017 - 23:27:18: [slayafk.amxx] DoZe a primit slay, deoarece a fost afk mai mult de 30 secunde
L 03/19/2017 - 23:27:50: [admincmd.amxx] Cmd: "Dr.FioriGinal.Ro ~ Server Clasi<0><><>" slay "Skynox<158><VALVE_0:4:327789686><>"
L 03/19/2017 - 23:29:13: [slayafk.amxx] DoZe a primit slay, deoarece a fost afk mai mult de 30 secunde
L 03/19/2017 - 23:30:03: [slayafk.amxx] DoZe a primit slay, deoarece a fost afk mai mult de 30 secunde
L 03/19/2017 - 23:30:48: [slayafk.amxx] DoZe a primit slay, deoarece a fost afk mai mult de 30 secunde
L 03/19/2017 - 23:32:03: [slayafk.amxx] DoZe a primit slay, deoarece a fost afk mai mult de 30 secunde
L 03/19/2017 - 23:32:48: [slayafk.amxx] DoZe a primit slay, deoarece a fost afk mai mult de 30 secunde
L 03/19/2017 - 23:34:03: [slayafk.amxx] DoZe a primit slay, deoarece a fost afk mai mult de 30 secunde
L 03/19/2017 - 23:35:13: [admincmd.amxx] Cmd: "Dr.FioriGinal.Ro ~ Server Clasi<0><><>" slay "tiganu<167><STEAM_0:0:187978272><>"
L 03/19/2017 - 23:35:18: [admincmd.amxx] Cmd: "Dr.FioriGinal.Ro ~ Server Clasi<0><><>" slay "Fortlessica.<168><VALVE_0:4:69519995><>"
L 03/19/2017 - 23:35:25: [admincmd.amxx] Cmd: "J.Smith<154><STEAM_0:0:59563675><>" slay "tiganu<167><STEAM_0:0:187978272><>"
L 03/19/2017 - 23:35:38: [slayafk.amxx] DoZe a primit slay, deoarece a fost afk mai mult de 30 secunde
L 03/19/2017 - 23:36:33: [slayafk.amxx] DoZe a primit slay, deoarece a fost afk mai mult de 30 secunde
L 03/19/2017 - 23:38:08: [slayafk.amxx] DoZe a primit slay, deoarece a fost afk mai mult de 30 secunde
L 03/19/2017 - 23:38:08: [mapsmenu.amxx] Vote: "J.Smith<154><STEAM_0:0:59563675><>" vote maps (map#1 "deathrun_demonlished_fix2") (map#2 "deathrun_sammal") (map#3 "") (map#4 "")
L 03/19/2017 - 23:38:20: [mapsmenu.amxx] Vote: Voting successful. Map will be changed to deathrun_demonlished_fix2
L 03/19/2017 - 23:39:53: [slayafk.amxx] DoZe a primit slay, deoarece a fost afk mai mult de 30 secunde
L 03/19/2017 - 23:40:38: [slayafk.amxx] DoZe a primit slay, deoarece a fost afk mai mult de 30 secunde
L 03/19/2017 - 23:41:28: [slayafk.amxx] DoZe a primit slay, deoarece a fost afk mai mult de 30 secunde
L 03/19/2017 - 23:41:41: -------- Mapchange to deathrun_demonlished_fix2 --------
L 03/19/2017 - 23:41:43: [AMXX] Failed to open dictionary file: cstrike/addons/amxmodx/data/lang/walkguard.txt
L 03/19/2017 - 23:41:44: [walkguard.amxx] no zone-file found
L 03/19/2017 - 23:41:44: [admin.amxx] Login: "J.Smith<154><STEAM_0:0:59563675><>" became an admin (account "J.Smith") (access "bi") (address "109.185.5.238")
L 03/19/2017 - 23:41:44: [admin.amxx] Login: "SWAGGIE. XD<142><VALVE_0:4:862961770><>" became an admin (account "SWAGGIE. XD") (access "bi") (address "109.98.131.207")
L 03/19/2017 - 23:41:45: [admin.amxx] Login: "SWAGGIE. XD<174><VALVE_0:4:862961770><>" became an admin (account "SWAGGIE. XD") (access "bi") (address "109.98.131.207")
L 03/19/2017 - 23:41:54: [admin.amxx] Login: "J.Smith<180><STEAM_0:0:59563675><>" became an admin (account "J.Smith") (access "bi") (address "109.185.5.238")
L 03/19/2017 - 23:43:04: [slayafk.amxx] DoZe a primit slay, deoarece a fost afk mai mult de 30 secunde
L 03/19/2017 - 23:43:39: [slayafk.amxx] DoZe a primit slay, deoarece a fost afk mai mult de 30 secunde
L 03/19/2017 - 23:44:44: [admincmd.amxx] Cmd: "Dr.FioriGinal.Ro ~ Server Clasi<0><><>" slay "tiganu<181><STEAM_0:0:187978272><>"
L 03/19/2017 - 23:44:52: [admincmd.amxx] Cmd: "J.Smith<180><STEAM_0:0:59563675><>" slay "tiganu<181><STEAM_0:0:187978272><>"
L 03/19/2017 - 23:44:56: [admincmd.amxx] Cmd: "J.Smith<180><STEAM_0:0:59563675><>" slay "tiganu<181><STEAM_0:0:187978272><>"
L 03/19/2017 - 23:45:09: [slayafk.amxx] DoZe a primit slay, deoarece a fost afk mai mult de 30 secunde
L 03/19/2017 - 23:45:49: [slayafk.amxx] DoZe a primit slay, deoarece a fost afk mai mult de 30 secunde
L 03/19/2017 - 23:47:14: [slayafk.amxx] DoZe a primit slay, deoarece a fost afk mai mult de 30 secunde
L 03/19/2017 - 23:50:09: [slayafk.amxx] DoZe a primit slay, deoarece a fost afk mai mult de 30 secunde
L 03/19/2017 - 23:52:14: [slayafk.amxx] DoZe a primit slay, deoarece a fost afk mai mult de 30 secunde
L 03/19/2017 - 23:53:02: [admin.amxx] Login: "Spectru<187><STEAM_0:1:191882096><>" became an admin (account "Spectru") (access "bi") (address "79.114.188.62")
L 03/19/2017 - 23:54:44: [slayafk.amxx] DoZe a primit slay, deoarece a fost afk mai mult de 30 secunde
L 03/19/2017 - 23:56:39: [slayafk.amxx] DoZe a primit slay, deoarece a fost afk mai mult de 30 secunde
L 03/19/2017 - 23:57:29: [slayafk.amxx] DoZe a primit slay, deoarece a fost afk mai mult de 30 secunde
L 03/19/2017 - 23:59:39: [slayafk.amxx] DoZe a primit slay, deoarece a fost afk mai mult de 30 secunde
