L 02/28/2017 - 00:06:52: [admin.amxx] Login: "default.<458><VALVE_0:4:1680824179><>" became an admin (account "default.") (access "bi") (address "95.76.2.97")
L 02/28/2017 - 00:13:49: [admin.amxx] Login: "default.<459><VALVE_0:4:1680824179><>" became an admin (account "default.") (access "bi") (address "95.76.2.97")
L 02/28/2017 - 00:13:55: [admincmd.amxx] Cmd: "Dr.FioriGinal.Ro ~ Server Clasi<0><><>" slay "default.<459><VALVE_0:4:1680824179><>"
L 02/28/2017 - 00:45:33: [admin.amxx] Login: "default.<468><VALVE_0:4:1680824179><>" became an admin (account "default.") (access "bi") (address "95.76.2.97")
L 02/28/2017 - 00:45:44: [admin.amxx] Login: "|LOL|XXX<469><STEAM_0:1:24069958><>" became an admin (account "|LOL|XXX") (access "bi") (address "5.15.243.9")
L 02/28/2017 - 01:02:57: [admin.amxx] Login: "default.<473><VALVE_0:4:1680824179><>" became an admin (account "default.") (access "bi") (address "95.76.2.97")
L 02/28/2017 - 01:05:28: -------- Mapchange to deathrun_holiday --------
L 02/28/2017 - 01:05:30: [AMXX] Failed to open dictionary file: cstrike/addons/amxmodx/data/lang/walkguard.txt
L 02/28/2017 - 01:05:31: [walkguard.amxx] no zone-file found
L 02/28/2017 - 01:30:44: -------- Mapchange to deathrun_purplez --------
L 02/28/2017 - 01:30:46: [AMXX] Failed to open dictionary file: cstrike/addons/amxmodx/data/lang/walkguard.txt
L 02/28/2017 - 01:30:46: [walkguard.amxx] no zone-file found
L 02/28/2017 - 01:32:42: [admincmd.amxx] Cmd: "Dr.FioriGinal.Ro ~ Server Clasi<0><><>" slay "tiganu<482><STEAM_0:0:1715760849><>"
L 02/28/2017 - 02:50:24: -------- Mapchange to deathrun_cityhotel_v2 --------
L 02/28/2017 - 02:50:25: [AMXX] Failed to open dictionary file: cstrike/addons/amxmodx/data/lang/walkguard.txt
L 02/28/2017 - 02:50:26: [walkguard.amxx] no zone-file found
L 02/28/2017 - 07:48:32: -------- Mapchange to deathrun_abtropicano2 --------
L 02/28/2017 - 07:48:34: [AMXX] Failed to open dictionary file: cstrike/addons/amxmodx/data/lang/walkguard.txt
L 02/28/2017 - 07:48:35: [walkguard.amxx] no zone-file found
L 02/28/2017 - 08:14:26: -------- Mapchange to deathrun_trap_canyon --------
L 02/28/2017 - 08:14:28: [AMXX] Failed to open dictionary file: cstrike/addons/amxmodx/data/lang/walkguard.txt
L 02/28/2017 - 08:14:29: [walkguard.amxx] no zone-file found
L 02/28/2017 - 09:01:53: -------- Mapchange to deathrun_blabla_hard --------
L 02/28/2017 - 09:01:54: [AMXX] Failed to open dictionary file: cstrike/addons/amxmodx/data/lang/walkguard.txt
L 02/28/2017 - 09:01:55: [walkguard.amxx] no zone-file found
L 02/28/2017 - 09:32:25: [slayafk.amxx] adysialtele a primit slay, deoarece a fost afk mai mult de 30 secunde
L 02/28/2017 - 09:33:03: [admincmd.amxx] Cmd: "Dr.FioriGinal.Ro ~ Server Clasi<0><><>" slay "NOOB<532><STEAM_0:0:854973727><>"
L 02/28/2017 - 09:59:19: -------- Mapchange to deathrun_massive --------
L 02/28/2017 - 09:59:20: [AMXX] Failed to open dictionary file: cstrike/addons/amxmodx/data/lang/walkguard.txt
L 02/28/2017 - 09:59:21: [walkguard.amxx] no zone-file found
L 02/28/2017 - 10:29:55: -------- Mapchange to deathrun_green_h2_final --------
L 02/28/2017 - 10:29:57: [AMXX] Failed to open dictionary file: cstrike/addons/amxmodx/data/lang/walkguard.txt
L 02/28/2017 - 10:29:57: [walkguard.amxx] no zone-file found
L 02/28/2017 - 10:54:14: [admincmd.amxx] Cmd: "Dr.FioriGinal.Ro ~ Server Clasi<0><><>" slay "I LoVe YoU ! <3<561><VALVE_0:4:1159420146><>"
L 02/28/2017 - 10:54:32: [admincmd.amxx] Cmd: "Dr.FioriGinal.Ro ~ Server Clasi<0><><>" slay "I LoVe YoU ! <3<564><VALVE_0:4:1159420146><>"
L 02/28/2017 - 10:58:55: [admin.amxx] Login: "cool<567><STEAM_0:1:25922700><>" became an admin (account "cool") (access "bi") (address "5.14.100.218")
L 02/28/2017 - 10:58:57: [admin.amxx] Login: "cool<568><STEAM_0:1:25922700><>" became an admin (account "cool") (access "bi") (address "5.14.100.218")
L 02/28/2017 - 11:08:30: [admincmd.amxx] Cmd: "Dr.FioriGinal.Ro ~ Server Clasi<0><><>" slay "I LoVe YoU ! <3<570><VALVE_0:4:1159420146><>"
L 02/28/2017 - 11:14:12: [slayafk.amxx] Elyon a primit slay, deoarece a fost afk mai mult de 30 secunde
L 02/28/2017 - 11:14:46: [mapsmenu.amxx] Vote: "cool<568><STEAM_0:1:25922700><>" vote maps (map#1 "deathrun_clarion_dojo_b3") (map#2 "deathrun_bhopz_v2") (map#3 "") (map#4 "")
L 02/28/2017 - 11:14:58: [mapsmenu.amxx] Vote: Voting successful. Map will be changed to deathrun_bhopz_v2
L 02/28/2017 - 11:15:30: [bhop.amxx] Error on query: Duplicate entry 'TrusT^Me!' for key 'NickName'
L 02/28/2017 - 11:15:30: [bhop.amxx] FailState == TQUERY_QUERY_FAILED, Query failed.
L 02/28/2017 - 11:20:02: -------- Mapchange to deathrun_bhopz_v2 --------
L 02/28/2017 - 11:20:03: [AMXX] Failed to open dictionary file: cstrike/addons/amxmodx/data/lang/walkguard.txt
L 02/28/2017 - 11:20:04: [walkguard.amxx] no zone-file found
L 02/28/2017 - 11:20:04: [admin.amxx] Login: "cool<568><STEAM_0:1:25922700><>" became an admin (account "cool") (access "bi") (address "5.14.100.218")
L 02/28/2017 - 11:21:39: [slayafk.amxx] Elyon a primit slay, deoarece a fost afk mai mult de 30 secunde
L 02/28/2017 - 11:32:19: [slayafk.amxx] Elyon a primit slay, deoarece a fost afk mai mult de 30 secunde
L 02/28/2017 - 11:45:44: -------- Mapchange to deathrun_coolf2 --------
L 02/28/2017 - 11:45:45: [AMXX] Failed to open dictionary file: cstrike/addons/amxmodx/data/lang/walkguard.txt
L 02/28/2017 - 11:45:46: [walkguard.amxx] no zone-file found
L 02/28/2017 - 11:46:25: [slayafk.amxx] Elyon a primit slay, deoarece a fost afk mai mult de 30 secunde
L 02/28/2017 - 11:47:00: [slayafk.amxx] Elyon a primit slay, deoarece a fost afk mai mult de 30 secunde
L 02/28/2017 - 11:47:40: [slayafk.amxx] Elyon a primit slay, deoarece a fost afk mai mult de 30 secunde
L 02/28/2017 - 11:48:30: [admin.amxx] Login: "cool<595><STEAM_0:1:25922700><>" became an admin (account "cool") (access "bi") (address "5.14.100.218")
L 02/28/2017 - 11:49:10: [slayafk.amxx] Elyon a primit slay, deoarece a fost afk mai mult de 30 secunde
L 02/28/2017 - 11:49:15: [slayafk.amxx] cool a primit slay, deoarece a fost afk mai mult de 30 secunde
L 02/28/2017 - 11:49:55: [slayafk.amxx] Elyon a primit slay, deoarece a fost afk mai mult de 30 secunde
L 02/28/2017 - 11:50:35: [slayafk.amxx] Elyon a primit slay, deoarece a fost afk mai mult de 30 secunde
L 02/28/2017 - 11:50:54: [admincmd.amxx] Cmd: "Dr.FioriGinal.Ro ~ Server Clasi<0><><>" slay "NOOB<596><STEAM_0:0:854973727><>"
L 02/28/2017 - 11:58:26: [admincmd.amxx] Cmd: "Dr.FioriGinal.Ro ~ Server Clasi<0><><>" slay "NOOB<599><STEAM_0:0:854973727><>"
L 02/28/2017 - 11:59:22: [admincmd.amxx] Cmd: "Dr.FioriGinal.Ro ~ Server Clasi<0><><>" slay "NOOB<601><STEAM_0:0:854973727><>"
L 02/28/2017 - 11:59:22: [admincmd.amxx] Cmd: "Dr.FioriGinal.Ro ~ Server Clasi<0><><>" slay "xTrusT.<602><STEAM_0:0:363435534><>"
L 02/28/2017 - 12:02:01: [admincmd.amxx] Cmd: "Dr.FioriGinal.Ro ~ Server Clasi<0><><>" slay "HATER<605><STEAM_0:0:1088164935><>"
L 02/28/2017 - 12:07:38: [admin.amxx] Login: "Joker$*<607><VALVE_0:4:39737458><>" became an admin (account "Joker$*") (access "bi") (address "92.82.224.173")
L 02/28/2017 - 12:07:48: [admin.amxx] Login: "Joker$*<609><VALVE_0:4:39737458><>" became an admin (account "Joker$*") (access "bi") (address "92.82.224.173")
L 02/28/2017 - 12:11:33: [admin.amxx] Login: "Joker$*<612><VALVE_0:4:39737458><>" became an admin (account "Joker$*") (access "bi") (address "92.82.224.173")
L 02/28/2017 - 12:11:50: [plmenu.amxx] Cmd: "Joker$*<612><VALVE_0:4:39737458><>" slap with 0 damage "Joker$*<612><VALVE_0:4:39737458><>"
L 02/28/2017 - 12:11:51: [plmenu.amxx] Cmd: "Joker$*<612><VALVE_0:4:39737458><>" slap with 0 damage "Joker$*<612><VALVE_0:4:39737458><>"
L 02/28/2017 - 12:11:51: [plmenu.amxx] Cmd: "Joker$*<612><VALVE_0:4:39737458><>" slap with 0 damage "Joker$*<612><VALVE_0:4:39737458><>"
L 02/28/2017 - 12:11:51: [plmenu.amxx] Cmd: "Joker$*<612><VALVE_0:4:39737458><>" slap with 0 damage "Joker$*<612><VALVE_0:4:39737458><>"
L 02/28/2017 - 12:11:51: [plmenu.amxx] Cmd: "Joker$*<612><VALVE_0:4:39737458><>" slap with 0 damage "Joker$*<612><VALVE_0:4:39737458><>"
L 02/28/2017 - 12:11:51: [plmenu.amxx] Cmd: "Joker$*<612><VALVE_0:4:39737458><>" slap with 0 damage "Joker$*<612><VALVE_0:4:39737458><>"
L 02/28/2017 - 12:11:52: [plmenu.amxx] Cmd: "Joker$*<612><VALVE_0:4:39737458><>" slap with 0 damage "Joker$*<612><VALVE_0:4:39737458><>"
L 02/28/2017 - 12:11:52: [plmenu.amxx] Cmd: "Joker$*<612><VALVE_0:4:39737458><>" slap with 0 damage "Joker$*<612><VALVE_0:4:39737458><>"
L 02/28/2017 - 12:11:52: [plmenu.amxx] Cmd: "Joker$*<612><VALVE_0:4:39737458><>" slap with 0 damage "Joker$*<612><VALVE_0:4:39737458><>"
L 02/28/2017 - 12:11:52: [plmenu.amxx] Cmd: "Joker$*<612><VALVE_0:4:39737458><>" slap with 0 damage "Joker$*<612><VALVE_0:4:39737458><>"
L 02/28/2017 - 12:11:52: [plmenu.amxx] Cmd: "Joker$*<612><VALVE_0:4:39737458><>" slap with 0 damage "Joker$*<612><VALVE_0:4:39737458><>"
L 02/28/2017 - 12:11:52: [plmenu.amxx] Cmd: "Joker$*<612><VALVE_0:4:39737458><>" slap with 0 damage "Joker$*<612><VALVE_0:4:39737458><>"
L 02/28/2017 - 12:11:53: [plmenu.amxx] Cmd: "Joker$*<612><VALVE_0:4:39737458><>" slap with 0 damage "Joker$*<612><VALVE_0:4:39737458><>"
L 02/28/2017 - 12:11:53: [plmenu.amxx] Cmd: "Joker$*<612><VALVE_0:4:39737458><>" slap with 0 damage "Joker$*<612><VALVE_0:4:39737458><>"
L 02/28/2017 - 12:11:53: [plmenu.amxx] Cmd: "Joker$*<612><VALVE_0:4:39737458><>" slap with 0 damage "Joker$*<612><VALVE_0:4:39737458><>"
L 02/28/2017 - 12:11:53: [plmenu.amxx] Cmd: "Joker$*<612><VALVE_0:4:39737458><>" slap with 0 damage "Joker$*<612><VALVE_0:4:39737458><>"
L 02/28/2017 - 12:11:54: [plmenu.amxx] Cmd: "Joker$*<612><VALVE_0:4:39737458><>" slap with 0 damage "Joker$*<612><VALVE_0:4:39737458><>"
L 02/28/2017 - 12:12:05: [plmenu.amxx] Cmd: "Joker$*<612><VALVE_0:4:39737458><>" slap with 0 damage "Joker$*<612><VALVE_0:4:39737458><>"
L 02/28/2017 - 12:12:06: [plmenu.amxx] Cmd: "Joker$*<612><VALVE_0:4:39737458><>" slap with 0 damage "Joker$*<612><VALVE_0:4:39737458><>"
L 02/28/2017 - 12:12:06: [plmenu.amxx] Cmd: "Joker$*<612><VALVE_0:4:39737458><>" slap with 0 damage "Joker$*<612><VALVE_0:4:39737458><>"
L 02/28/2017 - 12:12:06: [plmenu.amxx] Cmd: "Joker$*<612><VALVE_0:4:39737458><>" slap with 0 damage "Joker$*<612><VALVE_0:4:39737458><>"
L 02/28/2017 - 12:12:06: [plmenu.amxx] Cmd: "Joker$*<612><VALVE_0:4:39737458><>" slap with 0 damage "Joker$*<612><VALVE_0:4:39737458><>"
L 02/28/2017 - 12:12:06: [plmenu.amxx] Cmd: "Joker$*<612><VALVE_0:4:39737458><>" slap with 0 damage "Joker$*<612><VALVE_0:4:39737458><>"
L 02/28/2017 - 12:12:06: [plmenu.amxx] Cmd: "Joker$*<612><VALVE_0:4:39737458><>" slap with 0 damage "Joker$*<612><VALVE_0:4:39737458><>"
L 02/28/2017 - 12:12:07: [plmenu.amxx] Cmd: "Joker$*<612><VALVE_0:4:39737458><>" slap with 0 damage "Joker$*<612><VALVE_0:4:39737458><>"
L 02/28/2017 - 12:12:07: [plmenu.amxx] Cmd: "Joker$*<612><VALVE_0:4:39737458><>" slap with 0 damage "Joker$*<612><VALVE_0:4:39737458><>"
L 02/28/2017 - 12:12:07: [plmenu.amxx] Cmd: "Joker$*<612><VALVE_0:4:39737458><>" slap with 0 damage "Joker$*<612><VALVE_0:4:39737458><>"
L 02/28/2017 - 12:12:07: [plmenu.amxx] Cmd: "Joker$*<612><VALVE_0:4:39737458><>" slap with 0 damage "Joker$*<612><VALVE_0:4:39737458><>"
L 02/28/2017 - 12:12:07: [plmenu.amxx] Cmd: "Joker$*<612><VALVE_0:4:39737458><>" slap with 0 damage "Joker$*<612><VALVE_0:4:39737458><>"
L 02/28/2017 - 12:12:08: [plmenu.amxx] Cmd: "Joker$*<612><VALVE_0:4:39737458><>" slap with 0 damage "Joker$*<612><VALVE_0:4:39737458><>"
L 02/28/2017 - 12:12:08: [plmenu.amxx] Cmd: "Joker$*<612><VALVE_0:4:39737458><>" slap with 0 damage "Joker$*<612><VALVE_0:4:39737458><>"
L 02/28/2017 - 12:12:08: [plmenu.amxx] Cmd: "Joker$*<612><VALVE_0:4:39737458><>" slap with 0 damage "Joker$*<612><VALVE_0:4:39737458><>"
L 02/28/2017 - 12:12:08: [plmenu.amxx] Cmd: "Joker$*<612><VALVE_0:4:39737458><>" slap with 0 damage "Joker$*<612><VALVE_0:4:39737458><>"
L 02/28/2017 - 12:12:08: [plmenu.amxx] Cmd: "Joker$*<612><VALVE_0:4:39737458><>" slap with 0 damage "Joker$*<612><VALVE_0:4:39737458><>"
L 02/28/2017 - 12:12:08: [plmenu.amxx] Cmd: "Joker$*<612><VALVE_0:4:39737458><>" slap with 0 damage "Joker$*<612><VALVE_0:4:39737458><>"
L 02/28/2017 - 12:12:09: [plmenu.amxx] Cmd: "Joker$*<612><VALVE_0:4:39737458><>" slap with 0 damage "Joker$*<612><VALVE_0:4:39737458><>"
L 02/28/2017 - 12:12:09: [plmenu.amxx] Cmd: "Joker$*<612><VALVE_0:4:39737458><>" slap with 0 damage "Joker$*<612><VALVE_0:4:39737458><>"
L 02/28/2017 - 12:12:09: [plmenu.amxx] Cmd: "Joker$*<612><VALVE_0:4:39737458><>" slap with 0 damage "Joker$*<612><VALVE_0:4:39737458><>"
L 02/28/2017 - 12:12:09: [plmenu.amxx] Cmd: "Joker$*<612><VALVE_0:4:39737458><>" slap with 0 damage "Joker$*<612><VALVE_0:4:39737458><>"
L 02/28/2017 - 12:12:09: [plmenu.amxx] Cmd: "Joker$*<612><VALVE_0:4:39737458><>" slap with 0 damage "Joker$*<612><VALVE_0:4:39737458><>"
L 02/28/2017 - 12:12:09: [plmenu.amxx] Cmd: "Joker$*<612><VALVE_0:4:39737458><>" slap with 0 damage "Joker$*<612><VALVE_0:4:39737458><>"
L 02/28/2017 - 12:12:10: [plmenu.amxx] Cmd: "Joker$*<612><VALVE_0:4:39737458><>" slap with 0 damage "Joker$*<612><VALVE_0:4:39737458><>"
L 02/28/2017 - 12:12:10: [plmenu.amxx] Cmd: "Joker$*<612><VALVE_0:4:39737458><>" slap with 0 damage "Joker$*<612><VALVE_0:4:39737458><>"
L 02/28/2017 - 12:12:10: [plmenu.amxx] Cmd: "Joker$*<612><VALVE_0:4:39737458><>" slap with 0 damage "Joker$*<612><VALVE_0:4:39737458><>"
L 02/28/2017 - 12:12:10: [plmenu.amxx] Cmd: "Joker$*<612><VALVE_0:4:39737458><>" slap with 0 damage "Joker$*<612><VALVE_0:4:39737458><>"
L 02/28/2017 - 12:12:10: [plmenu.amxx] Cmd: "Joker$*<612><VALVE_0:4:39737458><>" slap with 0 damage "Joker$*<612><VALVE_0:4:39737458><>"
L 02/28/2017 - 12:12:11: [plmenu.amxx] Cmd: "Joker$*<612><VALVE_0:4:39737458><>" slap with 0 damage "Joker$*<612><VALVE_0:4:39737458><>"
L 02/28/2017 - 12:12:11: [plmenu.amxx] Cmd: "Joker$*<612><VALVE_0:4:39737458><>" slap with 0 damage "Joker$*<612><VALVE_0:4:39737458><>"
L 02/28/2017 - 12:12:11: [plmenu.amxx] Cmd: "Joker$*<612><VALVE_0:4:39737458><>" slap with 0 damage "Joker$*<612><VALVE_0:4:39737458><>"
L 02/28/2017 - 12:12:11: [plmenu.amxx] Cmd: "Joker$*<612><VALVE_0:4:39737458><>" slap with 0 damage "Joker$*<612><VALVE_0:4:39737458><>"
L 02/28/2017 - 12:12:11: [plmenu.amxx] Cmd: "Joker$*<612><VALVE_0:4:39737458><>" slap with 0 damage "Joker$*<612><VALVE_0:4:39737458><>"
L 02/28/2017 - 12:12:11: [plmenu.amxx] Cmd: "Joker$*<612><VALVE_0:4:39737458><>" slap with 0 damage "Joker$*<612><VALVE_0:4:39737458><>"
L 02/28/2017 - 12:12:12: [plmenu.amxx] Cmd: "Joker$*<612><VALVE_0:4:39737458><>" slap with 0 damage "Joker$*<612><VALVE_0:4:39737458><>"
L 02/28/2017 - 12:12:12: [plmenu.amxx] Cmd: "Joker$*<612><VALVE_0:4:39737458><>" slap with 0 damage "Joker$*<612><VALVE_0:4:39737458><>"
L 02/28/2017 - 12:12:12: [plmenu.amxx] Cmd: "Joker$*<612><VALVE_0:4:39737458><>" slap with 0 damage "Joker$*<612><VALVE_0:4:39737458><>"
L 02/28/2017 - 12:12:12: [plmenu.amxx] Cmd: "Joker$*<612><VALVE_0:4:39737458><>" slap with 0 damage "Joker$*<612><VALVE_0:4:39737458><>"
L 02/28/2017 - 12:12:12: [plmenu.amxx] Cmd: "Joker$*<612><VALVE_0:4:39737458><>" slap with 0 damage "Joker$*<612><VALVE_0:4:39737458><>"
L 02/28/2017 - 12:12:13: [plmenu.amxx] Cmd: "Joker$*<612><VALVE_0:4:39737458><>" slap with 0 damage "Joker$*<612><VALVE_0:4:39737458><>"
L 02/28/2017 - 12:12:13: [plmenu.amxx] Cmd: "Joker$*<612><VALVE_0:4:39737458><>" slap with 0 damage "Joker$*<612><VALVE_0:4:39737458><>"
L 02/28/2017 - 12:12:13: [plmenu.amxx] Cmd: "Joker$*<612><VALVE_0:4:39737458><>" slap with 0 damage "Joker$*<612><VALVE_0:4:39737458><>"
L 02/28/2017 - 12:12:13: [plmenu.amxx] Cmd: "Joker$*<612><VALVE_0:4:39737458><>" slap with 0 damage "Joker$*<612><VALVE_0:4:39737458><>"
L 02/28/2017 - 12:12:13: [plmenu.amxx] Cmd: "Joker$*<612><VALVE_0:4:39737458><>" slap with 0 damage "Joker$*<612><VALVE_0:4:39737458><>"
L 02/28/2017 - 12:12:13: [plmenu.amxx] Cmd: "Joker$*<612><VALVE_0:4:39737458><>" slap with 0 damage "Joker$*<612><VALVE_0:4:39737458><>"
L 02/28/2017 - 12:12:14: [plmenu.amxx] Cmd: "Joker$*<612><VALVE_0:4:39737458><>" slap with 0 damage "Joker$*<612><VALVE_0:4:39737458><>"
L 02/28/2017 - 12:12:14: [plmenu.amxx] Cmd: "Joker$*<612><VALVE_0:4:39737458><>" slap with 0 damage "Joker$*<612><VALVE_0:4:39737458><>"
L 02/28/2017 - 12:12:14: [plmenu.amxx] Cmd: "Joker$*<612><VALVE_0:4:39737458><>" slap with 0 damage "Joker$*<612><VALVE_0:4:39737458><>"
L 02/28/2017 - 12:12:14: [plmenu.amxx] Cmd: "Joker$*<612><VALVE_0:4:39737458><>" slap with 0 damage "Joker$*<612><VALVE_0:4:39737458><>"
L 02/28/2017 - 12:12:14: [plmenu.amxx] Cmd: "Joker$*<612><VALVE_0:4:39737458><>" slap with 0 damage "Joker$*<612><VALVE_0:4:39737458><>"
L 02/28/2017 - 12:12:15: [plmenu.amxx] Cmd: "Joker$*<612><VALVE_0:4:39737458><>" slap with 0 damage "Joker$*<612><VALVE_0:4:39737458><>"
L 02/28/2017 - 12:12:15: [plmenu.amxx] Cmd: "Joker$*<612><VALVE_0:4:39737458><>" slap with 0 damage "Joker$*<612><VALVE_0:4:39737458><>"
L 02/28/2017 - 12:12:15: [plmenu.amxx] Cmd: "Joker$*<612><VALVE_0:4:39737458><>" slap with 0 damage "Joker$*<612><VALVE_0:4:39737458><>"
L 02/28/2017 - 12:12:15: [plmenu.amxx] Cmd: "Joker$*<612><VALVE_0:4:39737458><>" slap with 0 damage "Joker$*<612><VALVE_0:4:39737458><>"
L 02/28/2017 - 12:12:15: [plmenu.amxx] Cmd: "Joker$*<612><VALVE_0:4:39737458><>" slap with 0 damage "Joker$*<612><VALVE_0:4:39737458><>"
L 02/28/2017 - 12:12:16: [plmenu.amxx] Cmd: "Joker$*<612><VALVE_0:4:39737458><>" slap with 0 damage "Joker$*<612><VALVE_0:4:39737458><>"
L 02/28/2017 - 12:12:16: [plmenu.amxx] Cmd: "Joker$*<612><VALVE_0:4:39737458><>" slap with 0 damage "Joker$*<612><VALVE_0:4:39737458><>"
L 02/28/2017 - 12:12:16: [plmenu.amxx] Cmd: "Joker$*<612><VALVE_0:4:39737458><>" slap with 0 damage "Joker$*<612><VALVE_0:4:39737458><>"
L 02/28/2017 - 12:12:16: [plmenu.amxx] Cmd: "Joker$*<612><VALVE_0:4:39737458><>" slap with 0 damage "Joker$*<612><VALVE_0:4:39737458><>"
L 02/28/2017 - 12:12:16: [plmenu.amxx] Cmd: "Joker$*<612><VALVE_0:4:39737458><>" slap with 0 damage "Joker$*<612><VALVE_0:4:39737458><>"
L 02/28/2017 - 12:12:17: [plmenu.amxx] Cmd: "Joker$*<612><VALVE_0:4:39737458><>" slap with 0 damage "Joker$*<612><VALVE_0:4:39737458><>"
L 02/28/2017 - 12:12:17: [plmenu.amxx] Cmd: "Joker$*<612><VALVE_0:4:39737458><>" slap with 0 damage "Joker$*<612><VALVE_0:4:39737458><>"
L 02/28/2017 - 12:12:17: [plmenu.amxx] Cmd: "Joker$*<612><VALVE_0:4:39737458><>" slap with 0 damage "Joker$*<612><VALVE_0:4:39737458><>"
L 02/28/2017 - 12:12:17: [plmenu.amxx] Cmd: "Joker$*<612><VALVE_0:4:39737458><>" slap with 0 damage "Joker$*<612><VALVE_0:4:39737458><>"
L 02/28/2017 - 12:12:17: [plmenu.amxx] Cmd: "Joker$*<612><VALVE_0:4:39737458><>" slap with 0 damage "Joker$*<612><VALVE_0:4:39737458><>"
L 02/28/2017 - 12:12:17: [plmenu.amxx] Cmd: "Joker$*<612><VALVE_0:4:39737458><>" slap with 0 damage "Joker$*<612><VALVE_0:4:39737458><>"
L 02/28/2017 - 12:12:18: [plmenu.amxx] Cmd: "Joker$*<612><VALVE_0:4:39737458><>" slap with 0 damage "Joker$*<612><VALVE_0:4:39737458><>"
L 02/28/2017 - 12:12:18: [plmenu.amxx] Cmd: "Joker$*<612><VALVE_0:4:39737458><>" slap with 0 damage "Joker$*<612><VALVE_0:4:39737458><>"
L 02/28/2017 - 12:12:18: [plmenu.amxx] Cmd: "Joker$*<612><VALVE_0:4:39737458><>" slap with 0 damage "Joker$*<612><VALVE_0:4:39737458><>"
L 02/28/2017 - 12:12:18: [plmenu.amxx] Cmd: "Joker$*<612><VALVE_0:4:39737458><>" slap with 0 damage "Joker$*<612><VALVE_0:4:39737458><>"
L 02/28/2017 - 12:12:18: [plmenu.amxx] Cmd: "Joker$*<612><VALVE_0:4:39737458><>" slap with 0 damage "Joker$*<612><VALVE_0:4:39737458><>"
L 02/28/2017 - 12:12:19: [plmenu.amxx] Cmd: "Joker$*<612><VALVE_0:4:39737458><>" slap with 0 damage "Joker$*<612><VALVE_0:4:39737458><>"
L 02/28/2017 - 12:12:19: [plmenu.amxx] Cmd: "Joker$*<612><VALVE_0:4:39737458><>" slap with 0 damage "Joker$*<612><VALVE_0:4:39737458><>"
L 02/28/2017 - 12:12:19: [plmenu.amxx] Cmd: "Joker$*<612><VALVE_0:4:39737458><>" slap with 0 damage "Joker$*<612><VALVE_0:4:39737458><>"
L 02/28/2017 - 12:12:19: [plmenu.amxx] Cmd: "Joker$*<612><VALVE_0:4:39737458><>" slap with 0 damage "Joker$*<612><VALVE_0:4:39737458><>"
L 02/28/2017 - 12:12:22: [plmenu.amxx] Cmd: "Joker$*<612><VALVE_0:4:39737458><>" slap with 0 damage "Joker$*<612><VALVE_0:4:39737458><>"
L 02/28/2017 - 12:12:30: [plmenu.amxx] Cmd: "Joker$*<612><VALVE_0:4:39737458><>" slap with 0 damage "Joker$*<612><VALVE_0:4:39737458><>"
L 02/28/2017 - 12:12:30: [plmenu.amxx] Cmd: "Joker$*<612><VALVE_0:4:39737458><>" slap with 0 damage "Joker$*<612><VALVE_0:4:39737458><>"
L 02/28/2017 - 12:12:30: [plmenu.amxx] Cmd: "Joker$*<612><VALVE_0:4:39737458><>" slap with 0 damage "Joker$*<612><VALVE_0:4:39737458><>"
L 02/28/2017 - 12:12:31: [plmenu.amxx] Cmd: "Joker$*<612><VALVE_0:4:39737458><>" slap with 0 damage "Joker$*<612><VALVE_0:4:39737458><>"
L 02/28/2017 - 12:12:31: [plmenu.amxx] Cmd: "Joker$*<612><VALVE_0:4:39737458><>" slap with 0 damage "Joker$*<612><VALVE_0:4:39737458><>"
L 02/28/2017 - 12:12:31: [plmenu.amxx] Cmd: "Joker$*<612><VALVE_0:4:39737458><>" slap with 0 damage "Joker$*<612><VALVE_0:4:39737458><>"
L 02/28/2017 - 12:12:31: [plmenu.amxx] Cmd: "Joker$*<612><VALVE_0:4:39737458><>" slap with 0 damage "Joker$*<612><VALVE_0:4:39737458><>"
L 02/28/2017 - 12:12:31: [plmenu.amxx] Cmd: "Joker$*<612><VALVE_0:4:39737458><>" slap with 0 damage "Joker$*<612><VALVE_0:4:39737458><>"
L 02/28/2017 - 12:12:31: [plmenu.amxx] Cmd: "Joker$*<612><VALVE_0:4:39737458><>" slap with 0 damage "Joker$*<612><VALVE_0:4:39737458><>"
L 02/28/2017 - 12:12:32: [plmenu.amxx] Cmd: "Joker$*<612><VALVE_0:4:39737458><>" slap with 0 damage "Joker$*<612><VALVE_0:4:39737458><>"
L 02/28/2017 - 12:12:32: [plmenu.amxx] Cmd: "Joker$*<612><VALVE_0:4:39737458><>" slap with 0 damage "Joker$*<612><VALVE_0:4:39737458><>"
L 02/28/2017 - 12:12:32: [plmenu.amxx] Cmd: "Joker$*<612><VALVE_0:4:39737458><>" slap with 0 damage "Joker$*<612><VALVE_0:4:39737458><>"
L 02/28/2017 - 12:12:32: [plmenu.amxx] Cmd: "Joker$*<612><VALVE_0:4:39737458><>" slap with 0 damage "Joker$*<612><VALVE_0:4:39737458><>"
L 02/28/2017 - 12:12:32: [plmenu.amxx] Cmd: "Joker$*<612><VALVE_0:4:39737458><>" slap with 0 damage "Joker$*<612><VALVE_0:4:39737458><>"
L 02/28/2017 - 12:12:33: [plmenu.amxx] Cmd: "Joker$*<612><VALVE_0:4:39737458><>" slap with 0 damage "Joker$*<612><VALVE_0:4:39737458><>"
L 02/28/2017 - 12:12:33: [plmenu.amxx] Cmd: "Joker$*<612><VALVE_0:4:39737458><>" slap with 0 damage "Joker$*<612><VALVE_0:4:39737458><>"
L 02/28/2017 - 12:12:33: [plmenu.amxx] Cmd: "Joker$*<612><VALVE_0:4:39737458><>" slap with 0 damage "Joker$*<612><VALVE_0:4:39737458><>"
L 02/28/2017 - 12:12:33: [plmenu.amxx] Cmd: "Joker$*<612><VALVE_0:4:39737458><>" slap with 0 damage "Joker$*<612><VALVE_0:4:39737458><>"
L 02/28/2017 - 12:12:33: [plmenu.amxx] Cmd: "Joker$*<612><VALVE_0:4:39737458><>" slap with 0 damage "Joker$*<612><VALVE_0:4:39737458><>"
L 02/28/2017 - 12:12:34: [plmenu.amxx] Cmd: "Joker$*<612><VALVE_0:4:39737458><>" slap with 0 damage "Joker$*<612><VALVE_0:4:39737458><>"
L 02/28/2017 - 12:12:34: [plmenu.amxx] Cmd: "Joker$*<612><VALVE_0:4:39737458><>" slap with 0 damage "Joker$*<612><VALVE_0:4:39737458><>"
L 02/28/2017 - 12:12:34: [plmenu.amxx] Cmd: "Joker$*<612><VALVE_0:4:39737458><>" slap with 0 damage "Joker$*<612><VALVE_0:4:39737458><>"
L 02/28/2017 - 12:12:34: [plmenu.amxx] Cmd: "Joker$*<612><VALVE_0:4:39737458><>" slap with 0 damage "Joker$*<612><VALVE_0:4:39737458><>"
L 02/28/2017 - 12:12:34: [plmenu.amxx] Cmd: "Joker$*<612><VALVE_0:4:39737458><>" slap with 0 damage "Joker$*<612><VALVE_0:4:39737458><>"
L 02/28/2017 - 12:12:34: [plmenu.amxx] Cmd: "Joker$*<612><VALVE_0:4:39737458><>" slap with 0 damage "Joker$*<612><VALVE_0:4:39737458><>"
L 02/28/2017 - 12:12:35: [plmenu.amxx] Cmd: "Joker$*<612><VALVE_0:4:39737458><>" slap with 0 damage "Joker$*<612><VALVE_0:4:39737458><>"
L 02/28/2017 - 12:12:35: [plmenu.amxx] Cmd: "Joker$*<612><VALVE_0:4:39737458><>" slap with 0 damage "Joker$*<612><VALVE_0:4:39737458><>"
L 02/28/2017 - 12:12:35: [plmenu.amxx] Cmd: "Joker$*<612><VALVE_0:4:39737458><>" slap with 0 damage "Joker$*<612><VALVE_0:4:39737458><>"
L 02/28/2017 - 12:12:35: [plmenu.amxx] Cmd: "Joker$*<612><VALVE_0:4:39737458><>" slap with 0 damage "Joker$*<612><VALVE_0:4:39737458><>"
L 02/28/2017 - 12:12:35: [plmenu.amxx] Cmd: "Joker$*<612><VALVE_0:4:39737458><>" slap with 0 damage "Joker$*<612><VALVE_0:4:39737458><>"
L 02/28/2017 - 12:12:36: [plmenu.amxx] Cmd: "Joker$*<612><VALVE_0:4:39737458><>" slap with 0 damage "Joker$*<612><VALVE_0:4:39737458><>"
L 02/28/2017 - 12:12:36: [plmenu.amxx] Cmd: "Joker$*<612><VALVE_0:4:39737458><>" slap with 0 damage "Joker$*<612><VALVE_0:4:39737458><>"
L 02/28/2017 - 12:12:36: [plmenu.amxx] Cmd: "Joker$*<612><VALVE_0:4:39737458><>" slap with 0 damage "Joker$*<612><VALVE_0:4:39737458><>"
L 02/28/2017 - 12:12:36: [plmenu.amxx] Cmd: "Joker$*<612><VALVE_0:4:39737458><>" slap with 0 damage "Joker$*<612><VALVE_0:4:39737458><>"
L 02/28/2017 - 12:12:36: [plmenu.amxx] Cmd: "Joker$*<612><VALVE_0:4:39737458><>" slap with 0 damage "Joker$*<612><VALVE_0:4:39737458><>"
L 02/28/2017 - 12:12:37: [plmenu.amxx] Cmd: "Joker$*<612><VALVE_0:4:39737458><>" slap with 0 damage "Joker$*<612><VALVE_0:4:39737458><>"
L 02/28/2017 - 12:12:37: [plmenu.amxx] Cmd: "Joker$*<612><VALVE_0:4:39737458><>" slap with 0 damage "Joker$*<612><VALVE_0:4:39737458><>"
L 02/28/2017 - 12:12:37: [plmenu.amxx] Cmd: "Joker$*<612><VALVE_0:4:39737458><>" slap with 0 damage "Joker$*<612><VALVE_0:4:39737458><>"
L 02/28/2017 - 12:12:37: [plmenu.amxx] Cmd: "Joker$*<612><VALVE_0:4:39737458><>" slap with 0 damage "Joker$*<612><VALVE_0:4:39737458><>"
L 02/28/2017 - 12:12:37: [plmenu.amxx] Cmd: "Joker$*<612><VALVE_0:4:39737458><>" slap with 0 damage "Joker$*<612><VALVE_0:4:39737458><>"
L 02/28/2017 - 12:12:38: [plmenu.amxx] Cmd: "Joker$*<612><VALVE_0:4:39737458><>" slap with 0 damage "Joker$*<612><VALVE_0:4:39737458><>"
L 02/28/2017 - 12:12:38: [plmenu.amxx] Cmd: "Joker$*<612><VALVE_0:4:39737458><>" slap with 0 damage "Joker$*<612><VALVE_0:4:39737458><>"
L 02/28/2017 - 12:12:38: [plmenu.amxx] Cmd: "Joker$*<612><VALVE_0:4:39737458><>" slap with 0 damage "Joker$*<612><VALVE_0:4:39737458><>"
L 02/28/2017 - 12:12:38: [plmenu.amxx] Cmd: "Joker$*<612><VALVE_0:4:39737458><>" slap with 0 damage "Joker$*<612><VALVE_0:4:39737458><>"
L 02/28/2017 - 12:12:38: [plmenu.amxx] Cmd: "Joker$*<612><VALVE_0:4:39737458><>" slap with 0 damage "Joker$*<612><VALVE_0:4:39737458><>"
L 02/28/2017 - 12:12:38: [plmenu.amxx] Cmd: "Joker$*<612><VALVE_0:4:39737458><>" slap with 0 damage "Joker$*<612><VALVE_0:4:39737458><>"
L 02/28/2017 - 12:12:39: [plmenu.amxx] Cmd: "Joker$*<612><VALVE_0:4:39737458><>" slap with 0 damage "Joker$*<612><VALVE_0:4:39737458><>"
L 02/28/2017 - 12:12:39: [plmenu.amxx] Cmd: "Joker$*<612><VALVE_0:4:39737458><>" slap with 0 damage "Joker$*<612><VALVE_0:4:39737458><>"
L 02/28/2017 - 12:12:39: [plmenu.amxx] Cmd: "Joker$*<612><VALVE_0:4:39737458><>" slap with 0 damage "Joker$*<612><VALVE_0:4:39737458><>"
L 02/28/2017 - 12:12:39: [plmenu.amxx] Cmd: "Joker$*<612><VALVE_0:4:39737458><>" slap with 0 damage "Joker$*<612><VALVE_0:4:39737458><>"
L 02/28/2017 - 12:12:39: [plmenu.amxx] Cmd: "Joker$*<612><VALVE_0:4:39737458><>" slap with 0 damage "Joker$*<612><VALVE_0:4:39737458><>"
L 02/28/2017 - 12:12:40: [plmenu.amxx] Cmd: "Joker$*<612><VALVE_0:4:39737458><>" slap with 0 damage "Joker$*<612><VALVE_0:4:39737458><>"
L 02/28/2017 - 12:18:12: [admin.amxx] Login: "cool<613><STEAM_0:1:25922700><>" became an admin (account "cool") (access "bi") (address "5.14.100.218")
L 02/28/2017 - 12:23:20: [slayafk.amxx] cool a primit slay, deoarece a fost afk mai mult de 30 secunde
L 02/28/2017 - 12:24:00: [slayafk.amxx] cool a primit slay, deoarece a fost afk mai mult de 30 secunde
L 02/28/2017 - 12:24:40: [slayafk.amxx] cool a primit slay, deoarece a fost afk mai mult de 30 secunde
L 02/28/2017 - 12:25:39: [admin.amxx] Login: "Joker$*<612><VALVE_0:4:39737458><>" became an admin (account "Joker$*") (access "bi") (address "92.82.224.173")
L 02/28/2017 - 12:25:45: [slayafk.amxx] cool a primit slay, deoarece a fost afk mai mult de 30 secunde
L 02/28/2017 - 12:25:53: [adminchat.amxx] Chat: "Joker$*<612><VALVE_0:4:39737458><>" say "hai sa schimbam cu votemap"
L 02/28/2017 - 12:26:11: [adminchat.amxx] Chat: "cool<613><STEAM_0:1:25922700><>" chat "zi harta"
L 02/28/2017 - 12:27:04: -------- Mapchange to deathrun_bricks_lux --------
L 02/28/2017 - 12:27:05: [AMXX] Failed to open dictionary file: cstrike/addons/amxmodx/data/lang/walkguard.txt
L 02/28/2017 - 12:27:06: [walkguard.amxx] no zone-file found
L 02/28/2017 - 12:27:06: [admin.amxx] Login: "Joker$*<612><VALVE_0:4:39737458><>" became an admin (account "Joker$*") (access "bi") (address "92.82.224.173")
L 02/28/2017 - 12:27:06: [admin.amxx] Login: "cool<613><STEAM_0:1:25922700><>" became an admin (account "cool") (access "bi") (address "5.14.100.218")
L 02/28/2017 - 12:27:12: [admin.amxx] Login: "Joker$*<617><VALVE_0:4:39737458><>" became an admin (account "Joker$*") (access "bi") (address "92.82.224.173")
L 02/28/2017 - 12:36:57: [adminchat.amxx] Chat: "Joker$*<617><VALVE_0:4:39737458><>" say "nu inteleg cum a scos florin atat..  =))"
L 02/28/2017 - 12:37:15: [adminchat.amxx] Chat: "Joker$*<617><VALVE_0:4:39737458><>" say "2.29 si eu nu am jucat bine si aveam 2.24 acolo"
L 02/28/2017 - 12:39:16: [admin.amxx] Login: "-rTg|maEsTrOo<629><STEAM_0:1:154430568><>" became an admin (account "-rTg|maEsTrOo") (access "bit") (address "109.96.112.28")
L 02/28/2017 - 12:45:34: [adminchat.amxx] Chat: "Joker$*<617><VALVE_0:4:39737458><>" say "cat timp ai avut ?"
L 02/28/2017 - 12:52:04: [admin.amxx] Login: "-rTg|maEsTrOo<635><STEAM_0:1:154430568><>" became an admin (account "-rTg|maEsTrOo") (access "bit") (address "109.96.112.28")
L 02/28/2017 - 12:54:07: -------- Mapchange to deathrun_air_final --------
L 02/28/2017 - 12:54:08: [AMXX] Failed to open dictionary file: cstrike/addons/amxmodx/data/lang/walkguard.txt
L 02/28/2017 - 12:54:09: [walkguard.amxx] no zone-file found
L 02/28/2017 - 12:54:09: [admin.amxx] Login: "Joker$*<617><VALVE_0:4:39737458><>" became an admin (account "Joker$*") (access "bi") (address "92.82.224.173")
L 02/28/2017 - 12:54:09: [admin.amxx] Login: "cool<613><STEAM_0:1:25922700><>" became an admin (account "cool") (access "bi") (address "5.14.100.218")
L 02/28/2017 - 12:54:09: [admin.amxx] Login: "-rTg|maEsTrOo<635><STEAM_0:1:154430568><>" became an admin (account "-rTg|maEsTrOo") (access "bit") (address "109.96.112.28")
L 02/28/2017 - 12:54:11: [admin.amxx] Login: "cool<637><STEAM_0:1:25922700><>" became an admin (account "cool") (access "bi") (address "5.14.100.218")
L 02/28/2017 - 12:54:21: [admin.amxx] Login: "Joker$*<641><VALVE_0:4:39737458><>" became an admin (account "Joker$*") (access "bi") (address "92.82.224.173")
L 02/28/2017 - 12:54:22: [admin.amxx] Login: "EvolGenius - ThE king#<642><STEAM_0:1:84045719><>" became an admin (account "EvolGeniuS - ThE king#") (access "bi") (address "5.14.15.249")
L 02/28/2017 - 12:55:25: [admin.amxx] Login: "Joker$*<645><VALVE_0:4:39737458><>" became an admin (account "Joker$*") (access "bi") (address "92.82.224.173")
L 02/28/2017 - 13:09:48: [adminchat.amxx] Chat: "Joker$*<645><VALVE_0:4:39737458><>" say "fix la ultima.."
L 02/28/2017 - 13:10:57: [adminchat.amxx] Chat: "Joker$*<645><VALVE_0:4:39737458><>" say "e naspa rau... multe capcane dastea care se sparg.."
L 02/28/2017 - 13:11:36: [adminchat.amxx] Chat: "Joker$*<645><VALVE_0:4:39737458><>" say "bhopz ( nu v2 ) / expres winter / laikiux dev / evolui"
L 02/28/2017 - 13:11:50: [adminchat.amxx] Chat: "Joker$*<645><VALVE_0:4:39737458><>" say "evolution, "
L 02/28/2017 - 13:12:44: [mapsmenu.amxx] Vote: "Joker$*<645><VALVE_0:4:39737458><>" vote maps (map#1 "deathrun_nightrun_beta3") (map#2 "deathrun_christmas") (map#3 "deathrun_av2009_recolored-ez") (map#4 "")
L 02/28/2017 - 13:12:56: [mapsmenu.amxx] Vote: Voting successful. Map will be changed to deathrun_nightrun_beta3
L 02/28/2017 - 13:15:07: [admincmd.amxx] Cmd: "-rTg|maEsTrOo<635><STEAM_0:1:154430568><>" changelevel "deathrun_nightrun_beta3"
L 02/28/2017 - 13:15:09: -------- Mapchange to deathrun_nightrun_beta3 --------
L 02/28/2017 - 13:15:10: [AMXX] Failed to open dictionary file: cstrike/addons/amxmodx/data/lang/walkguard.txt
L 02/28/2017 - 13:15:11: [walkguard.amxx] no zone-file found
L 02/28/2017 - 13:15:11: [admin.amxx] Login: "Joker$*<645><VALVE_0:4:39737458><>" became an admin (account "Joker$*") (access "bi") (address "92.82.224.173")
L 02/28/2017 - 13:15:11: [admin.amxx] Login: "-rTg|maEsTrOo<635><STEAM_0:1:154430568><>" became an admin (account "-rTg|maEsTrOo") (access "bit") (address "109.96.112.28")
L 02/28/2017 - 13:17:08: [admincmd.amxx] Cmd: "Dr.FioriGinal.Ro ~ Server Clasi<0><><>" slay "zivoin<654><STEAM_0:0:582226405><>"
L 02/28/2017 - 13:17:21: [admincmd.amxx] Cmd: "Joker$*<645><VALVE_0:4:39737458><>" slay "zivoin<654><STEAM_0:0:582226405><>"
L 02/28/2017 - 13:17:26: [admincmd.amxx] Cmd: "Joker$*<645><VALVE_0:4:39737458><>" slay "zivoin<654><STEAM_0:0:582226405><>"
L 02/28/2017 - 13:18:34: [adminchat.amxx] Chat: "Joker$*<645><VALVE_0:4:39737458><>" say "iar l-am prins bine"
L 02/28/2017 - 13:36:43: [admin.amxx] Login: "EvolGenius - ThE king#<665><STEAM_0:1:84045719><>" became an admin (account "EvolGeniuS - ThE king#") (access "bi") (address "5.14.15.249")
L 02/28/2017 - 13:39:55: [admin.amxx] Login: "SWAGGIE. XD<668><VALVE_0:4:862961770><>" became an admin (account "SWAGGIE. XD") (access "bi") (address "109.98.131.207")
L 02/28/2017 - 13:39:56: [admin.amxx] Login: "SWAGGIE. XD<669><VALVE_0:4:862961770><>" became an admin (account "SWAGGIE. XD") (access "bi") (address "109.98.131.207")
L 02/28/2017 - 14:02:16: -------- Mapchange to deathrun_arabrun_v1 --------
L 02/28/2017 - 14:02:18: [AMXX] Failed to open dictionary file: cstrike/addons/amxmodx/data/lang/walkguard.txt
L 02/28/2017 - 14:02:19: [walkguard.amxx] no zone-file found
L 02/28/2017 - 14:02:19: [admin.amxx] Login: "-rTg|maEsTrOo<635><STEAM_0:1:154430568><>" became an admin (account "-rTg|maEsTrOo") (access "bit") (address "109.96.112.28")
L 02/28/2017 - 14:12:32: [admin.amxx] Login: "SWAGGIE. XD<688><VALVE_0:4:862961770><>" became an admin (account "SWAGGIE. XD") (access "bi") (address "109.98.131.207")
L 02/28/2017 - 14:15:08: [slayafk.amxx] ultras. a primit slay, deoarece a fost afk mai mult de 30 secunde
L 02/28/2017 - 14:15:48: [slayafk.amxx] ultras. a primit slay, deoarece a fost afk mai mult de 30 secunde
L 02/28/2017 - 14:18:59: [admincmd.amxx] Cmd: "Dr.FioriGinal.Ro ~ Server Clasi<0><><>" slay "HATER<691><STEAM_0:0:1088164935><>"
L 02/28/2017 - 14:35:30: [admin.amxx] Login: "FAKE ^^<697><STEAM_0:0:334408724><>" became an admin (account "FAKE ^^") (access "bi") (address "95.76.2.62")
L 02/28/2017 - 14:35:58: [admin.amxx] Login: "FAKE ^^<698><STEAM_0:0:334408724><>" became an admin (account "FAKE ^^") (access "bi") (address "95.76.2.62")
L 02/28/2017 - 14:57:04: -------- Mapchange to deathrun_surf --------
L 02/28/2017 - 14:57:06: [AMXX] Failed to open dictionary file: cstrike/addons/amxmodx/data/lang/walkguard.txt
L 02/28/2017 - 14:57:07: [walkguard.amxx] no zone-file found
L 02/28/2017 - 15:00:11: [slayafk.amxx] xRestr1cT a primit slay, deoarece a fost afk mai mult de 30 secunde
L 02/28/2017 - 15:01:20: [admincmd.amxx] Cmd: "Dr.FioriGinal.Ro ~ Server Clasi<0><><>" slay "tiganu<716><STEAM_0:0:1715760849><>"
L 02/28/2017 - 15:01:36: [admincmd.amxx] Cmd: "Dr.FioriGinal.Ro ~ Server Clasi<0><><>" slay "tiganu<719><STEAM_0:0:1715760849><>"
L 02/28/2017 - 15:04:47: [admincmd.amxx] Cmd: "Dr.FioriGinal.Ro ~ Server Clasi<0><><>" slay "tiganu<724><STEAM_0:0:1715760849><>"
L 02/28/2017 - 15:11:19: [admincmd.amxx] Cmd: "Dr.FioriGinal.Ro ~ Server Clasi<0><><>" slay "^^^St33lSerieS^^^<732><VALVE_0:4:471453687><>"
L 02/28/2017 - 15:24:27: [admincmd.amxx] Cmd: "Dr.FioriGinal.Ro ~ Server Clasi<0><><>" slay "tiganu<737><STEAM_0:0:1715760849><>"
L 02/28/2017 - 15:27:31: -------- Mapchange to deathrun_hard_cspgames2 --------
L 02/28/2017 - 15:27:32: [AMXX] Failed to open dictionary file: cstrike/addons/amxmodx/data/lang/walkguard.txt
L 02/28/2017 - 15:27:33: [walkguard.amxx] no zone-file found
L 02/28/2017 - 15:28:28: [admincmd.amxx] Cmd: "Dr.FioriGinal.Ro ~ Server Clasi<0><><>" slay "xRestr1cT<744><STEAM_0:0:1531991600><>"
L 02/28/2017 - 15:30:25: [admincmd.amxx] Cmd: "Dr.FioriGinal.Ro ~ Server Clasi<0><><>" slay "tiganu<745><STEAM_0:0:1715760849><>"
L 02/28/2017 - 15:32:23: [admincmd.amxx] Cmd: "Dr.FioriGinal.Ro ~ Server Clasi<0><><>" slay "xRestr1cT<752><STEAM_0:0:1531991600><>"
L 02/28/2017 - 15:58:47: [admincmd.amxx] Cmd: "Dr.FioriGinal.Ro ~ Server Clasi<0><><>" slay "xTrusT.<773><STEAM_0:0:363435534><>"
L 02/28/2017 - 16:19:38: [slayafk.amxx] SeFu a primit slay, deoarece a fost afk mai mult de 30 secunde
L 02/28/2017 - 16:31:33: [admin.amxx] Login: "SWAGGIE. XD<784><VALVE_0:4:862961770><>" became an admin (account "SWAGGIE. XD") (access "bi") (address "109.98.131.207")
L 02/28/2017 - 16:31:35: [admin.amxx] Login: "SWAGGIE. XD<785><VALVE_0:4:862961770><>" became an admin (account "SWAGGIE. XD") (access "bi") (address "109.98.131.207")
L 02/28/2017 - 16:32:08: [admin.amxx] Login: "SWAGGIE. XD<786><VALVE_0:4:862961770><>" became an admin (account "SWAGGIE. XD") (access "bi") (address "109.98.131.207")
L 02/28/2017 - 16:46:43: [slayafk.amxx] OK a primit slay, deoarece a fost afk mai mult de 30 secunde
L 02/28/2017 - 16:48:28: [mapsmenu.amxx] Vote: "SWAGGIE. XD<786><VALVE_0:4:862961770><>" vote maps (map#1 "deathrun_hertz") (map#2 "deathrun_3sixty_fg_fix3") (map#3 "") (map#4 "")
L 02/28/2017 - 16:48:40: [mapsmenu.amxx] Vote: Voting successful. Map will be changed to deathrun_hertz
L 02/28/2017 - 16:49:08: [admincmd.amxx] Cmd: "Dr.FioriGinal.Ro ~ Server Clasi<0><><>" slay "tiganu<799><STEAM_0:0:1715760849><>"
L 02/28/2017 - 16:52:01: [admin.amxx] Login: "SWAGGIE. XD<801><VALVE_0:4:862961770><>" became an admin (account "SWAGGIE. XD") (access "bi") (address "109.98.131.207")
L 02/28/2017 - 16:55:06: -------- Mapchange to deathrun_hertz --------
L 02/28/2017 - 16:55:07: [AMXX] Failed to open dictionary file: cstrike/addons/amxmodx/data/lang/walkguard.txt
L 02/28/2017 - 16:55:08: [walkguard.amxx] no zone-file found
L 02/28/2017 - 16:55:08: [admin.amxx] Login: "SWAGGIE. XD<801><VALVE_0:4:862961770><>" became an admin (account "SWAGGIE. XD") (access "bi") (address "109.98.131.207")
L 02/28/2017 - 16:55:48: [slayafk.amxx] OK a primit slay, deoarece a fost afk mai mult de 30 secunde
L 02/28/2017 - 16:56:23: [slayafk.amxx] OK a primit slay, deoarece a fost afk mai mult de 30 secunde
L 02/28/2017 - 16:58:03: [slayafk.amxx] OK a primit slay, deoarece a fost afk mai mult de 30 secunde
L 02/28/2017 - 16:58:33: [admincmd.amxx] Kick: "SWAGGIE. XD<801><VALVE_0:4:862961770><>" kick "89[.]40[.]233[.232 [1]<811><STEAM_0:0:344559660><>" (reason "")
L 02/28/2017 - 17:00:18: [slayafk.amxx] OK a primit slay, deoarece a fost afk mai mult de 30 secunde
L 02/28/2017 - 17:05:39: [admincmd.amxx] Kick: "SWAGGIE. XD<801><VALVE_0:4:862961770><>" kick "89[.]40[.]233[.232 [4]<816><STEAM_0:0:559972467><>" (reason "")
L 02/28/2017 - 17:05:55: [admincmd.amxx] Kick: "SWAGGIE. XD<801><VALVE_0:4:862961770><>" kick "89[.]40[.]233[.232 [4]<825><STEAM_0:0:559972467><>" (reason "")
L 02/28/2017 - 17:07:29: [admincmd.amxx] Cmd: "Dr.FioriGinal.Ro ~ Server Clasi<0><><>" slay "Deagle<826><STEAM_0:0:196277238><>"
L 02/28/2017 - 17:07:32: [admincmd.amxx] Cmd: "Dr.FioriGinal.Ro ~ Server Clasi<0><><>" slay "tiganu<827><STEAM_0:0:1715760849><>"
L 02/28/2017 - 17:07:36: [admincmd.amxx] Cmd: "Dr.FioriGinal.Ro ~ Server Clasi<0><><>" slay "S3v3n^uP^<828><STEAM_0:0:1404105953><>"
L 02/28/2017 - 17:07:41: [admincmd.amxx] Cmd: "SWAGGIE. XD<801><VALVE_0:4:862961770><>" slay "Deagle<829><STEAM_0:0:196277238><>"
L 02/28/2017 - 17:07:43: [admincmd.amxx] Cmd: "SWAGGIE. XD<801><VALVE_0:4:862961770><>" slay "Deagle<829><STEAM_0:0:196277238><>"
L 02/28/2017 - 17:13:50: [mapsmenu.amxx] Vote: "SWAGGIE. XD<801><VALVE_0:4:862961770><>" vote maps (map#1 "deathrun_rasta") (map#2 "deathrun_bhopz_v2") (map#3 "") (map#4 "")
L 02/28/2017 - 17:14:02: [mapsmenu.amxx] Vote: Voting successful. Map will be changed to deathrun_rasta
L 02/28/2017 - 17:17:33: [slayafk.amxx] Timmy Turner a primit slay, deoarece a fost afk mai mult de 30 secunde
L 02/28/2017 - 17:21:25: -------- Mapchange to deathrun_rasta --------
L 02/28/2017 - 17:21:27: [AMXX] Failed to open dictionary file: cstrike/addons/amxmodx/data/lang/walkguard.txt
L 02/28/2017 - 17:21:28: [walkguard.amxx] no zone-file found
L 02/28/2017 - 17:21:38: [admin.amxx] Login: "SWAGGIE. XD<846><VALVE_0:4:862961770><>" became an admin (account "SWAGGIE. XD") (access "bi") (address "109.98.131.207")
L 02/28/2017 - 17:25:47: [slayafk.amxx] hiddEN a primit slay, deoarece a fost afk mai mult de 30 secunde
L 02/28/2017 - 17:26:09: [admin.amxx] Login: "DoNpAkaa<851><STEAM_0:0:1988696406><>" became an admin (account "DoNpAkaa") (access "bi") (address "82.79.44.186")
L 02/28/2017 - 17:26:10: [admin.amxx] Login: "DoNpAkaa<853><STEAM_0:0:652458878><>" became an admin (account "DoNpAkaa") (access "bi") (address "82.79.44.186")
L 02/28/2017 - 17:32:44: [admin.amxx] Login: "SWAGGIE. XD<859><VALVE_0:4:862961770><>" became an admin (account "SWAGGIE. XD") (access "bi") (address "109.98.131.207")
L 02/28/2017 - 17:36:12: [slayafk.amxx] alexx12 a primit slay, deoarece a fost afk mai mult de 30 secunde
L 02/28/2017 - 17:39:04: [mapsmenu.amxx] Vote: "DoNpAkaa<853><STEAM_0:0:652458878><>" vote maps (map#1 "deathrun_inferno_beta1") (map#2 "deathrun_snow_wind_v2") (map#3 "") (map#4 "")
L 02/28/2017 - 17:39:16: [mapsmenu.amxx] Vote: Voting successful. Map will be changed to deathrun_inferno_beta1
L 02/28/2017 - 17:42:05: [admin.amxx] Login: "spartanC3<871><STEAM_0:0:1219032291><>" became an admin (account "spartanC3") (access "bi") (address "92.81.198.67")
L 02/28/2017 - 17:47:15: -------- Mapchange to deathrun_inferno_beta1 --------
L 02/28/2017 - 17:47:17: [AMXX] Failed to open dictionary file: cstrike/addons/amxmodx/data/lang/walkguard.txt
L 02/28/2017 - 17:47:18: [walkguard.amxx] no zone-file found
L 02/28/2017 - 17:47:47: [pistols_sql.amxx] FailState == TQUERY_QUERY_FAILED, Query failed.
L 02/28/2017 - 17:53:27: [slayafk.amxx] FLVXSOW;[ a primit slay, deoarece a fost afk mai mult de 30 secunde
L 02/28/2017 - 17:55:27: [slayafk.amxx] FLVXSOW;[ a primit slay, deoarece a fost afk mai mult de 30 secunde
L 02/28/2017 - 17:57:52: [slayafk.amxx] FLVXSOW;[ a primit slay, deoarece a fost afk mai mult de 30 secunde
L 02/28/2017 - 17:59:05: [admin.amxx] Login: "SWAGGIE. XD<891><VALVE_0:4:862961770><>" became an admin (account "SWAGGIE. XD") (access "bi") (address "109.98.131.207")
L 02/28/2017 - 18:06:40: [admin.amxx] Login: "Bidi<896><STEAM_0:1:45864800><>" became an admin (account "Bidi") (access "bit") (address "93.118.198.17")
L 02/28/2017 - 18:09:14: [admincmd.amxx] Cmd: "Dr.FioriGinal.Ro ~ Server Clasi<0><><>" slay "MamuLoS<899><STEAM_0:0:201912674><>"
L 02/28/2017 - 18:09:43: [admincmd.amxx] Cmd: "Dr.FioriGinal.Ro ~ Server Clasi<0><><>" slay "MamuLoS<901><STEAM_0:0:201912674><>"
L 02/28/2017 - 18:10:29: [admin.amxx] Login: "SWAGGIE. XD<903><VALVE_0:4:862961770><>" became an admin (account "SWAGGIE. XD") (access "bi") (address "109.98.131.207")
L 02/28/2017 - 18:18:20: [admin.amxx] Login: "Bidi<908><STEAM_0:1:45864800><>" became an admin (account "Bidi") (access "bit") (address "93.118.198.17")
L 02/28/2017 - 18:19:52: [admin.amxx] Login: "SWAGGIE. XD<909><VALVE_0:4:862961770><>" became an admin (account "SWAGGIE. XD") (access "bi") (address "109.98.131.207")
L 02/28/2017 - 18:23:29: [admin.amxx] Login: "DoNpAkaa<917><STEAM_0:0:1906718243><>" became an admin (account "DoNpAkaa") (access "bi") (address "82.79.44.186")
L 02/28/2017 - 18:23:34: [admincmd.amxx] Cmd: "Dr.FioriGinal.Ro ~ Server Clasi<0><><>" slay "DoNpAkaa<917><STEAM_0:0:1906718243><>"
L 02/28/2017 - 18:43:33: [mapsmenu.amxx] Vote: "DoNpAkaa<917><STEAM_0:0:1906718243><>" vote maps (map#1 "deathrun_arabrun_v1") (map#2 "deathrun_clarion_dojo_b3") (map#3 "") (map#4 "")
L 02/28/2017 - 18:43:45: [mapsmenu.amxx] Vote: Voting successful. Map will be changed to deathrun_arabrun_v1
L 02/28/2017 - 18:47:53: -------- Mapchange to deathrun_arabrun_v1 --------
L 02/28/2017 - 18:47:55: [AMXX] Failed to open dictionary file: cstrike/addons/amxmodx/data/lang/walkguard.txt
L 02/28/2017 - 18:47:56: [walkguard.amxx] no zone-file found
L 02/28/2017 - 18:47:56: [admin.amxx] Login: "DoNpAkaa<917><STEAM_0:0:1906718243><>" became an admin (account "DoNpAkaa") (access "bi") (address "82.79.44.186")
L 02/28/2017 - 18:47:58: [admin.amxx] Login: "DoNpAkaa<931><STEAM_0:0:14840803><>" became an admin (account "DoNpAkaa") (access "bi") (address "82.79.44.186")
L 02/28/2017 - 19:08:28: [mapsmenu.amxx] Vote: "DoNpAkaa<931><STEAM_0:0:14840803><>" vote maps (map#1 "deathrun_clarion_dojo_b3") (map#2 "deathrun_snow_wind_v2") (map#3 "") (map#4 "")
L 02/28/2017 - 19:08:40: [mapsmenu.amxx] Vote: Voting successful. Map will be changed to deathrun_clarion_dojo_b3
L 02/28/2017 - 19:13:33: -------- Mapchange to deathrun_clarion_dojo_b3 --------
L 02/28/2017 - 19:13:35: [AMXX] Failed to open dictionary file: cstrike/addons/amxmodx/data/lang/walkguard.txt
L 02/28/2017 - 19:13:36: [walkguard.amxx] no zone-file found
L 02/28/2017 - 19:13:36: [admin.amxx] Login: "DoNpAkaa<931><STEAM_0:0:14840803><>" became an admin (account "DoNpAkaa") (access "bi") (address "82.79.44.186")
L 02/28/2017 - 19:21:58: [adminchat.amxx] Chat: "DoNpAkaa<931><STEAM_0:0:14840803><>" chat "Wtf ce aim arE :))"
L 02/28/2017 - 19:39:04: [admincmd.amxx] Cmd: "DoNpAkaa<931><STEAM_0:0:14840803><>" slay "shaun.q<970><STEAM_0:0:830046509><>"
L 02/28/2017 - 19:39:11: -------- Mapchange to deathrun_snow_wind --------
L 02/28/2017 - 19:39:13: [AMXX] Failed to open dictionary file: cstrike/addons/amxmodx/data/lang/walkguard.txt
L 02/28/2017 - 19:39:14: [walkguard.amxx] no zone-file found
L 02/28/2017 - 19:39:14: [admin.amxx] Login: "DoNpAkaa<931><STEAM_0:0:14840803><>" became an admin (account "DoNpAkaa") (access "bi") (address "82.79.44.186")
L 02/28/2017 - 19:46:50: [admincmd.amxx] Cmd: "Dr.FioriGinal.Ro ~ Server Clasi<0><><>" slay "xRestr1cT<987><STEAM_0:0:1531991600><>"
L 02/28/2017 - 19:54:05: [admin.amxx] Login: "Joker$*<990><VALVE_0:4:2071222386><>" became an admin (account "Joker$*") (access "bi") (address "92.82.180.95")
L 02/28/2017 - 20:01:06: [admincmd.amxx] Cmd: "Dr.FioriGinal.Ro ~ Server Clasi<0><><>" slay "Xzppz<1005><VALVE_0:4:1012485115><>"
L 02/28/2017 - 20:01:13: [admincmd.amxx] Cmd: "Dr.FioriGinal.Ro ~ Server Clasi<0><><>" slay "Sm0Ke<1006><STEAM_0:0:577551552><>"
L 02/28/2017 - 20:02:39: [slayafk.amxx] RAULL a primit slay, deoarece a fost afk mai mult de 30 secunde
L 02/28/2017 - 20:03:48: [mapsmenu.amxx] Vote: "DoNpAkaa<931><STEAM_0:0:14840803><>" vote maps (map#1 "deathrun_sfa!") (map#2 "deathrun_projetocs") (map#3 "") (map#4 "")
L 02/28/2017 - 20:03:56: [admin.amxx] Login: "wadafac!<1012><VALVE_0:4:1326697339><>" became an admin (account "wadafac!") (access "bi") (address "79.116.123.55")
L 02/28/2017 - 20:04:00: [mapsmenu.amxx] Vote: Voting successful. Map will be changed to deathrun_sfa!
L 02/28/2017 - 20:04:07: [admin.amxx] Login: "wadafac!<1014><VALVE_0:4:1326697339><>" became an admin (account "wadafac!") (access "bi") (address "79.116.123.55")
L 02/28/2017 - 20:05:06: [mapsmenu.amxx] Vote: "wadafac!<1014><VALVE_0:4:1326697339><>" vote maps (map#1 "deathrun_hertz") (map#2 "deathrun_bhopz_v2") (map#3 "") (map#4 "")
L 02/28/2017 - 20:05:18: [mapsmenu.amxx] Vote: Voting failed
L 02/28/2017 - 20:05:30: [admincmd.amxx] Cmd: "wadafac!<1014><VALVE_0:4:1326697339><>" ask for players list
L 02/28/2017 - 20:05:36: [adminchat.amxx] Chat: "wadafac!<1014><VALVE_0:4:1326697339><>" chat "de cand ai admin?"
L 02/28/2017 - 20:05:37: [admincmd.amxx] Cmd: "DoNpAkaa<931><STEAM_0:0:14840803><>" ask for players list
L 02/28/2017 - 20:05:48: [adminchat.amxx] Chat: "DoNpAkaa<931><STEAM_0:0:14840803><>" chat "Am avut de mult, dar mii l-a scos pe inactivitate"
L 02/28/2017 - 20:05:58: -------- Mapchange to deathrun_sfa! --------
L 02/28/2017 - 20:05:59: [AMXX] Failed to open dictionary file: cstrike/addons/amxmodx/data/lang/walkguard.txt
L 02/28/2017 - 20:06:00: [walkguard.amxx] no zone-file found
L 02/28/2017 - 20:06:00: [admin.amxx] Login: "DoNpAkaa<931><STEAM_0:0:14840803><>" became an admin (account "DoNpAkaa") (access "bi") (address "82.79.44.186")
L 02/28/2017 - 20:06:00: [admin.amxx] Login: "wadafac!<1014><VALVE_0:4:1326697339><>" became an admin (account "wadafac!") (access "bi") (address "79.116.123.55")
L 02/28/2017 - 20:06:02: [admin.amxx] Login: "DoNpAkaa<1016><STEAM_0:0:714396873><>" became an admin (account "DoNpAkaa") (access "bi") (address "82.79.44.186")
L 02/28/2017 - 20:06:03: [admin.amxx] Login: "wadafac!<1017><VALVE_0:4:1326697339><>" became an admin (account "wadafac!") (access "bi") (address "79.116.123.55")
L 02/28/2017 - 20:18:10: [admin.amxx] Login: "wadafac!<1035><VALVE_0:4:1326697339><>" became an admin (account "wadafac!") (access "bi") (address "79.116.123.55")
L 02/28/2017 - 20:24:41: [mapsmenu.amxx] Vote: "wadafac!<1035><VALVE_0:4:1326697339><>" vote maps (map#1 "deathrun_hertz") (map#2 "deathrun_expres-game") (map#3 "") (map#4 "")
L 02/28/2017 - 20:24:53: [mapsmenu.amxx] Vote: Voting successful. Map will be changed to deathrun_expres-game
L 02/28/2017 - 20:28:10: [slayafk.amxx] pLanSai a primit slay, deoarece a fost afk mai mult de 30 secunde
L 02/28/2017 - 20:30:06: [admincmd.amxx] Cmd: "wadafac!<1035><VALVE_0:4:1326697339><>" slay "[FaNtA]StIc.<1028><STEAM_0:0:16552710><>"
L 02/28/2017 - 20:31:29: -------- Mapchange to deathrun_expres-game --------
L 02/28/2017 - 20:31:31: [AMXX] Failed to open dictionary file: cstrike/addons/amxmodx/data/lang/walkguard.txt
L 02/28/2017 - 20:31:32: [admin.amxx] Login: "wadafac!<1035><VALVE_0:4:1326697339><>" became an admin (account "wadafac!") (access "bi") (address "79.116.123.55")
L 02/28/2017 - 20:31:32: [walkguard.amxx] no zone-file found
L 02/28/2017 - 20:31:32: [admin.amxx] Login: "DoNpAkaa<1016><STEAM_0:0:714396873><>" became an admin (account "DoNpAkaa") (access "bi") (address "82.79.44.186")
L 02/28/2017 - 20:33:12: [slayafk.amxx] tiganu a primit slay, deoarece a fost afk mai mult de 30 secunde
L 02/28/2017 - 20:33:42: [slayafk.amxx] Skynox a primit slay, deoarece a fost afk mai mult de 30 secunde
L 02/28/2017 - 20:33:47: [slayafk.amxx] tiganu a primit slay, deoarece a fost afk mai mult de 30 secunde
L 02/28/2017 - 20:35:02: [slayafk.amxx] tiganu a primit slay, deoarece a fost afk mai mult de 30 secunde
L 02/28/2017 - 20:35:02: [slayafk.amxx] Skynox a primit slay, deoarece a fost afk mai mult de 30 secunde
L 02/28/2017 - 20:36:12: [slayafk.amxx] Th3^St0rM a primit slay, deoarece a fost afk mai mult de 30 secunde
L 02/28/2017 - 20:36:12: [slayafk.amxx] tiganu a primit slay, deoarece a fost afk mai mult de 30 secunde
L 02/28/2017 - 20:37:07: [slayafk.amxx] FLVXSOW;[ a primit slay, deoarece a fost afk mai mult de 30 secunde
L 02/28/2017 - 20:37:12: [slayafk.amxx] Th3^St0rM a primit slay, deoarece a fost afk mai mult de 30 secunde
L 02/28/2017 - 20:37:12: [slayafk.amxx] tiganu a primit slay, deoarece a fost afk mai mult de 30 secunde
L 02/28/2017 - 20:38:07: [slayafk.amxx] Th3^St0rM a primit slay, deoarece a fost afk mai mult de 30 secunde
L 02/28/2017 - 20:38:07: [slayafk.amxx] FLVXSOW;[ a primit slay, deoarece a fost afk mai mult de 30 secunde
L 02/28/2017 - 20:38:07: [slayafk.amxx] tiganu a primit slay, deoarece a fost afk mai mult de 30 secunde
L 02/28/2017 - 20:38:57: [slayafk.amxx] FLVXSOW;[ a primit slay, deoarece a fost afk mai mult de 30 secunde
L 02/28/2017 - 20:39:42: [slayafk.amxx] Th3^St0rM a primit slay, deoarece a fost afk mai mult de 30 secunde
L 02/28/2017 - 20:39:47: [slayafk.amxx] FLVXSOW;[ a primit slay, deoarece a fost afk mai mult de 30 secunde
L 02/28/2017 - 20:39:47: [slayafk.amxx] Skynox a primit slay, deoarece a fost afk mai mult de 30 secunde
L 02/28/2017 - 20:40:27: [slayafk.amxx] Th3^St0rM a primit slay, deoarece a fost afk mai mult de 30 secunde
L 02/28/2017 - 20:40:27: [slayafk.amxx] Skynox a primit slay, deoarece a fost afk mai mult de 30 secunde
L 02/28/2017 - 20:41:12: [slayafk.amxx] FLVXSOW;[ a primit slay, deoarece a fost afk mai mult de 30 secunde
L 02/28/2017 - 20:41:17: [slayafk.amxx] Th3^St0rM a primit slay, deoarece a fost afk mai mult de 30 secunde
L 02/28/2017 - 20:43:32: [slayafk.amxx] Th3^St0rM a primit slay, deoarece a fost afk mai mult de 30 secunde
L 02/28/2017 - 20:43:37: [slayafk.amxx] Cataa a primit slay, deoarece a fost afk mai mult de 30 secunde
L 02/28/2017 - 20:43:45: [admin.amxx] Login: "Joker$*<1071><VALVE_0:4:2071222386><>" became an admin (account "Joker$*") (access "bi") (address "92.82.180.95")
L 02/28/2017 - 20:44:57: [slayafk.amxx] Skynox a primit slay, deoarece a fost afk mai mult de 30 secunde
L 02/28/2017 - 20:47:27: [slayafk.amxx] Cataa a primit slay, deoarece a fost afk mai mult de 30 secunde
L 02/28/2017 - 20:47:27: [slayafk.amxx] Skynox a primit slay, deoarece a fost afk mai mult de 30 secunde
L 02/28/2017 - 20:48:07: [slayafk.amxx] Cataa a primit slay, deoarece a fost afk mai mult de 30 secunde
L 02/28/2017 - 20:48:07: [slayafk.amxx] Skynox a primit slay, deoarece a fost afk mai mult de 30 secunde
L 02/28/2017 - 20:49:47: [slayafk.amxx] DoNpAkaa a primit slay, deoarece a fost afk mai mult de 30 secunde
L 02/28/2017 - 20:49:47: [slayafk.amxx] Cataa a primit slay, deoarece a fost afk mai mult de 30 secunde
L 02/28/2017 - 20:49:47: [slayafk.amxx] Skynox a primit slay, deoarece a fost afk mai mult de 30 secunde
L 02/28/2017 - 20:53:02: [slayafk.amxx] DoNpAkaa a primit slay, deoarece a fost afk mai mult de 30 secunde
L 02/28/2017 - 20:53:02: [slayafk.amxx] Cataa a primit slay, deoarece a fost afk mai mult de 30 secunde
L 02/28/2017 - 20:53:02: [slayafk.amxx] Skynox a primit slay, deoarece a fost afk mai mult de 30 secunde
L 02/28/2017 - 20:54:42: [slayafk.amxx] DoNpAkaa a primit slay, deoarece a fost afk mai mult de 30 secunde
L 02/28/2017 - 20:54:42: [slayafk.amxx] Cataa a primit slay, deoarece a fost afk mai mult de 30 secunde
L 02/28/2017 - 20:54:42: [slayafk.amxx] Skynox a primit slay, deoarece a fost afk mai mult de 30 secunde
L 02/28/2017 - 20:55:27: [slayafk.amxx] DoNpAkaa a primit slay, deoarece a fost afk mai mult de 30 secunde
L 02/28/2017 - 20:55:27: [slayafk.amxx] Cataa a primit slay, deoarece a fost afk mai mult de 30 secunde
L 02/28/2017 - 20:57:26: -------- Mapchange to deathrun_genius --------
L 02/28/2017 - 20:57:28: [AMXX] Failed to open dictionary file: cstrike/addons/amxmodx/data/lang/walkguard.txt
L 02/28/2017 - 20:57:29: [walkguard.amxx] no zone-file found
L 02/28/2017 - 20:57:31: [admin.amxx] Login: "DoNpAkaa<1016><STEAM_0:0:714396873><>" became an admin (account "DoNpAkaa") (access "bi") (address "82.79.44.186")
L 02/28/2017 - 20:57:32: [admin.amxx] Login: "DoNpAkaa<1091><STEAM_0:0:314419647><>" became an admin (account "DoNpAkaa") (access "bi") (address "82.79.44.186")
L 02/28/2017 - 20:58:24: [slayafk.amxx] DoNpAkaa a primit slay, deoarece a fost afk mai mult de 30 secunde
L 02/28/2017 - 20:58:24: [slayafk.amxx] Cataa a primit slay, deoarece a fost afk mai mult de 30 secunde
L 02/28/2017 - 20:58:24: [slayafk.amxx] Skynox a primit slay, deoarece a fost afk mai mult de 30 secunde
L 02/28/2017 - 20:59:53: [admin.amxx] Login: "FAKE ^^<1099><STEAM_0:0:334408724><>" became an admin (account "FAKE ^^") (access "bi") (address "95.76.2.62")
L 02/28/2017 - 21:00:04: [slayafk.amxx] DoNpAkaa a primit slay, deoarece a fost afk mai mult de 30 secunde
L 02/28/2017 - 21:00:04: [slayafk.amxx] Skynox a primit slay, deoarece a fost afk mai mult de 30 secunde
L 02/28/2017 - 21:02:29: [slayafk.amxx] DoNpAkaa a primit slay, deoarece a fost afk mai mult de 30 secunde
L 02/28/2017 - 21:02:29: [slayafk.amxx] Skynox a primit slay, deoarece a fost afk mai mult de 30 secunde
L 02/28/2017 - 21:04:14: [slayafk.amxx] DoNpAkaa a primit slay, deoarece a fost afk mai mult de 30 secunde
L 02/28/2017 - 21:04:14: [slayafk.amxx] Skynox a primit slay, deoarece a fost afk mai mult de 30 secunde
L 02/28/2017 - 21:07:24: [slayafk.amxx] DoNpAkaa a primit slay, deoarece a fost afk mai mult de 30 secunde
L 02/28/2017 - 21:09:44: [slayafk.amxx] Skynox a primit slay, deoarece a fost afk mai mult de 30 secunde
L 02/28/2017 - 21:10:29: [slayafk.amxx] DoNpAkaa a primit slay, deoarece a fost afk mai mult de 30 secunde
L 02/28/2017 - 21:11:14: [slayafk.amxx] Skynox a primit slay, deoarece a fost afk mai mult de 30 secunde
L 02/28/2017 - 21:11:59: [slayafk.amxx] DoNpAkaa a primit slay, deoarece a fost afk mai mult de 30 secunde
L 02/28/2017 - 21:15:29: [slayafk.amxx] DoNpAkaa a primit slay, deoarece a fost afk mai mult de 30 secunde
L 02/28/2017 - 21:16:07: [admin.amxx] Login: "J.Smith<1107><STEAM_0:0:59563675><>" kicked due to invalid password (account "J.Smith") (address "109.185.5.238")
L 02/28/2017 - 21:16:17: [admin.amxx] Login: "J.Smith<1108><STEAM_0:0:59563675><>" became an admin (account "J.Smith") (access "bi") (address "109.185.5.238")
L 02/28/2017 - 21:16:44: [slayafk.amxx] DoNpAkaa a primit slay, deoarece a fost afk mai mult de 30 secunde
L 02/28/2017 - 21:17:21: [admin.amxx] Login: "SWAGGIE. XD<1109><VALVE_0:4:862961770><>" became an admin (account "SWAGGIE. XD") (access "bi") (address "109.98.131.207")
L 02/28/2017 - 21:17:22: [admin.amxx] Login: "SWAGGIE. XD<1110><VALVE_0:4:862961770><>" became an admin (account "SWAGGIE. XD") (access "bi") (address "109.98.131.207")
L 02/28/2017 - 21:17:54: [slayafk.amxx] DoNpAkaa a primit slay, deoarece a fost afk mai mult de 30 secunde
L 02/28/2017 - 21:17:54: [slayafk.amxx] tiganu a primit slay, deoarece a fost afk mai mult de 30 secunde
L 02/28/2017 - 21:19:42: [mapsmenu.amxx] Vote: "SWAGGIE. XD<1110><VALVE_0:4:862961770><>" vote maps (map#1 "deathrun_laikiux7") (map#2 "deathrun_spuf") (map#3 "") (map#4 "")
L 02/28/2017 - 21:19:54: [mapsmenu.amxx] Vote: Voting successful. Map will be changed to deathrun_spuf
L 02/28/2017 - 21:20:34: [slayafk.amxx] zivoin a primit slay, deoarece a fost afk mai mult de 30 secunde
L 02/28/2017 - 21:20:34: [slayafk.amxx] SWAGGIE. XD a primit slay, deoarece a fost afk mai mult de 30 secunde
L 02/28/2017 - 21:21:34: [slayafk.amxx] zivoin a primit slay, deoarece a fost afk mai mult de 30 secunde
L 02/28/2017 - 21:21:34: [slayafk.amxx] DoNpAkaa a primit slay, deoarece a fost afk mai mult de 30 secunde
L 02/28/2017 - 21:21:34: [slayafk.amxx] SWAGGIE. XD a primit slay, deoarece a fost afk mai mult de 30 secunde
L 02/28/2017 - 21:23:50: -------- Mapchange to deathrun_spuf --------
L 02/28/2017 - 21:23:52: [AMXX] Failed to open dictionary file: cstrike/addons/amxmodx/data/lang/walkguard.txt
L 02/28/2017 - 21:23:53: [walkguard.amxx] no zone-file found
L 02/28/2017 - 21:23:53: [admin.amxx] Login: "SWAGGIE. XD<1110><VALVE_0:4:862961770><>" became an admin (account "SWAGGIE. XD") (access "bi") (address "109.98.131.207")
L 02/28/2017 - 21:23:53: [admin.amxx] Login: "J.Smith<1108><STEAM_0:0:59563675><>" became an admin (account "J.Smith") (access "bi") (address "109.185.5.238")
L 02/28/2017 - 21:23:53: [admin.amxx] Login: "DoNpAkaa<1091><STEAM_0:0:314419647><>" became an admin (account "DoNpAkaa") (access "bi") (address "82.79.44.186")
L 02/28/2017 - 21:23:54: [admin.amxx] Login: "SWAGGIE. XD<1113><VALVE_0:4:862961770><>" became an admin (account "SWAGGIE. XD") (access "bi") (address "109.98.131.207")
L 02/28/2017 - 21:23:59: [admin.amxx] Login: "J.Smith<1115><STEAM_0:0:59563675><>" became an admin (account "J.Smith") (access "bi") (address "109.185.5.238")
L 02/28/2017 - 21:40:21: [admin.amxx] Login: "Spectru<1129><STEAM_0:1:191882096><>" became an admin (account "Spectru") (access "bi") (address "79.118.27.233")
L 02/28/2017 - 21:40:23: [admin.amxx] Login: "Spectru<1130><STEAM_0:1:191882096><>" became an admin (account "Spectru") (access "bi") (address "79.118.27.233")
L 02/28/2017 - 21:43:28: [mapsmenu.amxx] Vote: "Spectru<1130><STEAM_0:1:191882096><>" vote maps (map#1 "deathrun_bhopz_v2") (map#2 "deathrun_rizzy_x") (map#3 "deathrun_compact_v2") (map#4 "")
L 02/28/2017 - 21:43:40: [mapsmenu.amxx] Vote: Voting successful. Map will be changed to deathrun_rizzy_x
L 02/28/2017 - 21:48:42: [adminchat.amxx] Chat: "sa-ti dau pula ba<1138><STEAM_0:0:77647261><>" chat " tigane ai inteles?"
L 02/28/2017 - 21:48:48: [admincmd.amxx] Cmd: "Spectru<1130><STEAM_0:1:191882096><>" change nick to "hardcore" "sa-ti dau pula ba<1138><STEAM_0:0:77647261><>"
L 02/28/2017 - 21:49:09: [admincmd.amxx] Cmd: "Spectru<1130><STEAM_0:1:191882096><>" change nick to "hardcore" "sa-ti dau pula hardcore ba<1138><STEAM_0:0:77647261><>"
L 02/28/2017 - 21:49:32: [admincmd.amxx] Cmd: "Spectru<1130><STEAM_0:1:191882096><>" change nick to "bufon" "sa-ti dau pula hardcore ba hard<1138><STEAM_0:0:77647261><>"
L 02/28/2017 - 21:50:35: -------- Mapchange to deathrun_rizzy_x --------
L 02/28/2017 - 21:50:37: [AMXX] Failed to open dictionary file: cstrike/addons/amxmodx/data/lang/walkguard.txt
L 02/28/2017 - 21:50:38: [walkguard.amxx] no zone-file found
L 02/28/2017 - 21:50:38: [admin.amxx] Login: "DoNpAkaa<1091><STEAM_0:0:314419647><>" became an admin (account "DoNpAkaa") (access "bi") (address "82.79.44.186")
L 02/28/2017 - 21:50:38: [admin.amxx] Login: "Spectru<1130><STEAM_0:1:191882096><>" became an admin (account "Spectru") (access "bi") (address "79.118.27.233")
L 02/28/2017 - 21:50:39: [admin.amxx] Login: "DoNpAkaa<1144><STEAM_0:0:460898662><>" became an admin (account "DoNpAkaa") (access "bi") (address "82.79.44.186")
L 02/28/2017 - 21:50:40: [admin.amxx] Login: "Spectru<1147><STEAM_0:1:191882096><>" became an admin (account "Spectru") (access "bi") (address "79.118.27.233")
L 02/28/2017 - 21:52:15: [admin.amxx] Login: "SWAGGIE. XD<1156><VALVE_0:4:862961770><>" became an admin (account "SWAGGIE. XD") (access "bi") (address "109.98.131.207")
L 02/28/2017 - 21:52:33: [pistols_sql.amxx] FailState == TQUERY_QUERY_FAILED, Query failed.
L 02/28/2017 - 21:52:33: [pistols_sql.amxx] SqlConnection == Empty_Handle, SqlError: Can't connect to MySQL server on '89.40.104.2' (4)
L 02/28/2017 - 21:52:47: [admin.amxx] Login: "wKn<1157><STEAM_0:0:196614190><>" kicked due to invalid password (account "wKn") (address "92.80.81.114")
L 02/28/2017 - 21:52:58: [admin.amxx] Login: "wKn<1158><STEAM_0:0:196614190><>" became an admin (account "wKn") (access "bi") (address "92.80.81.114")
L 02/28/2017 - 21:53:23: [admincmd.amxx] Cmd: "Spectru<1147><STEAM_0:1:191882096><>" slay "wKn<1158><STEAM_0:0:196614190><>"
L 02/28/2017 - 21:54:52: [adminchat.amxx] Chat: "DoNpAkaa<1144><STEAM_0:0:460898662><>" chat "solica"
L 02/28/2017 - 21:55:00: [adminchat.amxx] Chat: "DoNpAkaa<1144><STEAM_0:0:460898662><>" chat "Vezi ca "calutz" are rhack."
L 02/28/2017 - 21:55:10: [adminchat.amxx] Chat: "DoNpAkaa<1144><STEAM_0:0:460898662><>" chat "l-am prins pe hns"
L 02/28/2017 - 22:00:04: [admincmd.amxx] Cmd: "Dr.FioriGinal.Ro ~ Server Clasi<0><><>" slay "I LoVe YoU ! <3<1163><VALVE_0:4:240173546><>"
L 02/28/2017 - 22:02:58: [admin.amxx] Login: "wKn<1166><STEAM_0:0:196614190><>" became an admin (account "wKn") (access "bi") (address "92.80.81.114")
L 02/28/2017 - 22:04:36: [admincmd.amxx] Cmd: "Dr.FioriGinal.Ro ~ Server Clasi<0><><>" slay "calutz.fericit<1169><VALVE_0:4:1846132><>"
L 02/28/2017 - 22:06:55: [admin.amxx] Login: "DoNpAkaa<1170><STEAM_0:0:602019305><>" became an admin (account "DoNpAkaa") (access "bi") (address "82.79.44.186")
L 02/28/2017 - 22:07:01: [admincmd.amxx] Cmd: "Dr.FioriGinal.Ro ~ Server Clasi<0><><>" slay "DoNpAkaa<1170><STEAM_0:0:602019305><>"
L 02/28/2017 - 22:07:01: [admincmd.amxx] Cmd: "Dr.FioriGinal.Ro ~ Server Clasi<0><><>" slay "calutz.fericit<1171><VALVE_0:4:1846132><>"
L 02/28/2017 - 22:07:22: [admin.amxx] Login: "|LOL|XXX<1172><STEAM_0:1:24069958><>" became an admin (account "|LOL|XXX") (access "bi") (address "5.15.99.225")
L 02/28/2017 - 22:07:25: [admin.amxx] Login: "|LOL|XXX<1173><STEAM_0:1:24069958><>" became an admin (account "|LOL|XXX") (access "bi") (address "5.15.99.225")
L 02/28/2017 - 22:08:08: [admincmd.amxx] Cmd: "Dr.FioriGinal.Ro ~ Server Clasi<0><><>" slay "Xstrafers # |LOL|XXX<1175><STEAM_0:1:24069958><>"
L 02/28/2017 - 22:08:13: [admin.amxx] Login: "DoNpAkaa<1170><STEAM_0:0:602019305><>" became an admin (account "DoNpAkaa") (access "bi") (address "82.79.44.186")
L 02/28/2017 - 22:08:13: [admin.amxx] Login: "Xstrafers # |LOL|XXX<1175><STEAM_0:1:24069958><>" became an admin (account "Xstrafers # |LOL|XXX") (access "bi") (address "5.15.99.225")
L 02/28/2017 - 22:08:13: [admin.amxx] Login: "SWAGGIE. XD<1156><VALVE_0:4:862961770><>" became an admin (account "SWAGGIE. XD") (access "bi") (address "109.98.131.207")
L 02/28/2017 - 22:09:56: [mapsmenu.amxx] Vote: "SWAGGIE. XD<1156><VALVE_0:4:862961770><>" vote maps (map#1 "deathrun_long_run") (map#2 "deathrun_y_underground") (map#3 "") (map#4 "")
L 02/28/2017 - 22:10:08: [mapsmenu.amxx] Vote: Voting successful. Map will be changed to deathrun_y_underground
L 02/28/2017 - 22:15:21: [admin.amxx] Login: "IrreguLar<1187><STEAM_0:1:101181073><>" became an admin (account "Irregular") (access "bi") (address "79.119.224.61")
L 02/28/2017 - 22:15:23: [admin.amxx] Login: "IrreguLar<1188><STEAM_0:1:101181073><>" became an admin (account "Irregular") (access "bi") (address "79.119.224.61")
L 02/28/2017 - 22:15:50: -------- Mapchange to deathrun_y_underground --------
L 02/28/2017 - 22:15:52: [AMXX] Failed to open dictionary file: cstrike/addons/amxmodx/data/lang/walkguard.txt
L 02/28/2017 - 22:15:53: [walkguard.amxx] no zone-file found
L 02/28/2017 - 22:15:53: [admin.amxx] Login: "DoNpAkaa<1170><STEAM_0:0:602019305><>" became an admin (account "DoNpAkaa") (access "bi") (address "82.79.44.186")
L 02/28/2017 - 22:15:53: [admin.amxx] Login: "SWAGGIE. XD<1156><VALVE_0:4:862961770><>" became an admin (account "SWAGGIE. XD") (access "bi") (address "109.98.131.207")
L 02/28/2017 - 22:15:53: [admin.amxx] Login: "IrreguLar<1188><STEAM_0:1:101181073><>" became an admin (account "Irregular") (access "bi") (address "79.119.224.61")
L 02/28/2017 - 22:15:53: [admin.amxx] Login: "Xstrafers # |LOL|XXX<1175><STEAM_0:1:24069958><>" became an admin (account "Xstrafers # |LOL|XXX") (access "bi") (address "5.15.99.225")
L 02/28/2017 - 22:16:21: [admincmd.amxx] Cmd: "Dr.FioriGinal.Ro ~ Server Clasi<0><><>" slay "lego<1197><VALVE_0:4:269828714><>"
L 02/28/2017 - 22:16:24: [admincmd.amxx] Cmd: "Dr.FioriGinal.Ro ~ Server Clasi<0><><>" slay "Skorpion<1199><STEAM_0:0:1313110277><>"
L 02/28/2017 - 22:16:26: [admincmd.amxx] Cmd: "Dr.FioriGinal.Ro ~ Server Clasi<0><><>" slay "Morocoo<1198><VALVE_0:4:2056861384><>"
L 02/28/2017 - 22:16:27: [slayafk.amxx] DoZe a primit slay, deoarece a fost afk mai mult de 30 secunde
L 02/28/2017 - 22:16:32: [admin.amxx] Login: "IrreguLar<1200><STEAM_0:1:101181073><>" became an admin (account "Irregular") (access "bi") (address "79.119.224.61")
L 02/28/2017 - 22:17:02: [slayafk.amxx] DoZe a primit slay, deoarece a fost afk mai mult de 30 secunde
L 02/28/2017 - 22:19:39: [admin.amxx] Login: "kaka<1204><VALVE_0:4:1033726963><>" became an admin (account "kaka") (access "bi") (address "94.53.102.210")
L 02/28/2017 - 22:21:02: [slayafk.amxx] DoZe a primit slay, deoarece a fost afk mai mult de 30 secunde
L 02/28/2017 - 22:21:02: [slayafk.amxx] lego a primit slay, deoarece a fost afk mai mult de 30 secunde
L 02/28/2017 - 22:23:42: [slayafk.amxx] Xstrafers # |LOL|XXX a primit slay, deoarece a fost afk mai mult de 30 secunde
L 02/28/2017 - 22:23:42: [slayafk.amxx] DoZe a primit slay, deoarece a fost afk mai mult de 30 secunde
L 02/28/2017 - 22:25:29: [admin.amxx] Login: "SWAGGIE. XD<1205><VALVE_0:4:862961770><>" became an admin (account "SWAGGIE. XD") (access "bi") (address "109.98.131.207")
L 02/28/2017 - 22:26:47: [slayafk.amxx] kaka a primit slay, deoarece a fost afk mai mult de 30 secunde
L 02/28/2017 - 22:26:57: [slayafk.amxx] Xstrafers # |LOL|XXX a primit slay, deoarece a fost afk mai mult de 30 secunde
L 02/28/2017 - 22:26:57: [slayafk.amxx] DoZe a primit slay, deoarece a fost afk mai mult de 30 secunde
L 02/28/2017 - 22:29:37: [slayafk.amxx] SWAGGIE. XD a primit slay, deoarece a fost afk mai mult de 30 secunde
L 02/28/2017 - 22:29:42: [slayafk.amxx] Xstrafers # |LOL|XXX a primit slay, deoarece a fost afk mai mult de 30 secunde
L 02/28/2017 - 22:29:42: [slayafk.amxx] kaka a primit slay, deoarece a fost afk mai mult de 30 secunde
L 02/28/2017 - 22:31:22: [slayafk.amxx] DoZe a primit slay, deoarece a fost afk mai mult de 30 secunde
L 02/28/2017 - 22:31:27: [slayafk.amxx] kaka a primit slay, deoarece a fost afk mai mult de 30 secunde
L 02/28/2017 - 22:34:12: [slayafk.amxx] kaka a primit slay, deoarece a fost afk mai mult de 30 secunde
L 02/28/2017 - 22:34:17: [slayafk.amxx] DoZe a primit slay, deoarece a fost afk mai mult de 30 secunde
L 02/28/2017 - 22:36:27: [slayafk.amxx] IrreguLar a primit slay, deoarece a fost afk mai mult de 30 secunde
L 02/28/2017 - 22:36:57: [slayafk.amxx] kaka a primit slay, deoarece a fost afk mai mult de 30 secunde
L 02/28/2017 - 22:40:20: [admin.amxx] Login: "SWAGGIE. XD<1206><VALVE_0:4:862961770><>" became an admin (account "SWAGGIE. XD") (access "bi") (address "109.98.131.207")
L 02/28/2017 - 22:40:53: [admincmd.amxx] Cmd: "Xstrafers # |LOL|XXX<1175><STEAM_0:1:24069958><>" ask for players list
L 02/28/2017 - 22:41:26: [mapsmenu.amxx] Vote: "SWAGGIE. XD<1206><VALVE_0:4:862961770><>" vote maps (map#1 "deathrun_inferno_beta1") (map#2 "deathrun_latexx") (map#3 "") (map#4 "")
L 02/28/2017 - 22:41:38: [mapsmenu.amxx] Vote: Voting successful. Map will be changed to deathrun_latexx
L 02/28/2017 - 22:42:53: -------- Mapchange to deathrun_latexx --------
L 02/28/2017 - 22:42:55: [AMXX] Failed to open dictionary file: cstrike/addons/amxmodx/data/lang/walkguard.txt
L 02/28/2017 - 22:42:56: [walkguard.amxx] no zone-file found
L 02/28/2017 - 22:42:56: [admin.amxx] Login: "DoNpAkaa<1170><STEAM_0:0:602019305><>" became an admin (account "DoNpAkaa") (access "bi") (address "82.79.44.186")
L 02/28/2017 - 22:42:56: [admin.amxx] Login: "SWAGGIE. XD<1206><VALVE_0:4:862961770><>" became an admin (account "SWAGGIE. XD") (access "bi") (address "109.98.131.207")
L 02/28/2017 - 22:42:56: [admin.amxx] Login: "Xstrafers # |LOL|XXX<1175><STEAM_0:1:24069958><>" became an admin (account "Xstrafers # |LOL|XXX") (access "bi") (address "5.15.99.225")
L 02/28/2017 - 22:43:03: [admin.amxx] Login: "IrreguLar<1209><STEAM_0:1:101181073><>" became an admin (account "Irregular") (access "bi") (address "79.119.224.61")
L 02/28/2017 - 22:50:24: [admincmd.amxx] Cmd: "Dr.FioriGinal.Ro ~ Server Clasi<0><><>" slay "DoZe<1214><STEAM_0:0:1518108911><>"
L 02/28/2017 - 22:50:40: [admincmd.amxx] Cmd: "SWAGGIE. XD<1206><VALVE_0:4:862961770><>" slay "DoZe<1214><STEAM_0:0:1518108911><>"
L 02/28/2017 - 23:06:08: [mapsmenu.amxx] Vote: "DoNpAkaa<1170><STEAM_0:0:602019305><>" vote maps (map#1 "deathrun_clarion_dojo_b3") (map#2 "deathrun_laikiux_rawr") (map#3 "") (map#4 "")
L 02/28/2017 - 23:06:20: [mapsmenu.amxx] Vote: Voting successful. Map will be changed to deathrun_laikiux_rawr
L 02/28/2017 - 23:06:25: [admin.amxx] Login: "SWAGGIE. XD<1226><VALVE_0:4:862961770><>" became an admin (account "SWAGGIE. XD") (access "bi") (address "109.98.131.207")
L 02/28/2017 - 23:08:32: -------- Mapchange to deathrun_laikiux_rawr --------
L 02/28/2017 - 23:08:33: [AMXX] Failed to open dictionary file: cstrike/addons/amxmodx/data/lang/walkguard.txt
L 02/28/2017 - 23:08:34: [walkguard.amxx] no zone-file found
L 02/28/2017 - 23:08:34: [admin.amxx] Login: "DoNpAkaa<1170><STEAM_0:0:602019305><>" became an admin (account "DoNpAkaa") (access "bi") (address "82.79.44.186")
L 02/28/2017 - 23:08:34: [admin.amxx] Login: "SWAGGIE. XD<1226><VALVE_0:4:862961770><>" became an admin (account "SWAGGIE. XD") (access "bi") (address "109.98.131.207")
L 02/28/2017 - 23:08:34: [admin.amxx] Login: "Xstrafers # |LOL|XXX<1175><STEAM_0:1:24069958><>" became an admin (account "Xstrafers # |LOL|XXX") (access "bi") (address "5.15.99.225")
L 02/28/2017 - 23:08:34: [admin.amxx] Login: "IrreguLar<1209><STEAM_0:1:101181073><>" became an admin (account "Irregular") (access "bi") (address "79.119.224.61")
L 02/28/2017 - 23:09:09: [slayafk.amxx] DoZe a primit slay, deoarece a fost afk mai mult de 30 secunde
L 02/28/2017 - 23:09:44: [slayafk.amxx] DoZe a primit slay, deoarece a fost afk mai mult de 30 secunde
L 02/28/2017 - 23:21:46: [admin.amxx] Login: "DoNpAkaa<1233><STEAM_0:0:21251408><>" became an admin (account "DoNpAkaa") (access "bi") (address "82.79.44.186")
L 02/28/2017 - 23:25:29: [mapsmenu.amxx] Vote: "SWAGGIE. XD<1226><VALVE_0:4:862961770><>" vote maps (map#1 "deathrun_3sixty_fg_fix3") (map#2 "deathrun_jinglebells") (map#3 "") (map#4 "")
L 02/28/2017 - 23:25:41: [mapsmenu.amxx] Vote: Voting successful. Map will be changed to deathrun_3sixty_fg_fix3
L 02/28/2017 - 23:33:21: [admin.amxx] Login: "Joker$*<1241><VALVE_0:4:2071222386><>" became an admin (account "Joker$*") (access "bi") (address "92.82.180.95")
L 02/28/2017 - 23:34:16: -------- Mapchange to deathrun_3sixty_fg_fix3 --------
L 02/28/2017 - 23:34:17: [AMXX] Failed to open dictionary file: cstrike/addons/amxmodx/data/lang/walkguard.txt
L 02/28/2017 - 23:34:18: [admin.amxx] Login: "Joker$*<1241><VALVE_0:4:2071222386><>" became an admin (account "Joker$*") (access "bi") (address "92.82.180.95")
L 02/28/2017 - 23:34:18: [walkguard.amxx] no zone-file found
L 02/28/2017 - 23:34:18: [admin.amxx] Login: "SWAGGIE. XD<1226><VALVE_0:4:862961770><>" became an admin (account "SWAGGIE. XD") (access "bi") (address "109.98.131.207")
L 02/28/2017 - 23:34:51: [admincmd.amxx] Cmd: "Dr.FioriGinal.Ro ~ Server Clasi<0><><>" slay "KlaNdEsTiN<1250><VALVE_0:4:779114994><>"
L 02/28/2017 - 23:41:50: [admin.amxx] Login: "J.Smith<1251><STEAM_0:0:59563675><>" kicked due to invalid password (account "J.Smith") (address "109.185.5.238")
L 02/28/2017 - 23:42:01: [admin.amxx] Login: "J.Smith<1252><STEAM_0:0:59563675><>" became an admin (account "J.Smith") (access "bi") (address "109.185.5.238")
L 02/28/2017 - 23:44:05: [adminchat.amxx] Chat: "Joker$*<1241><VALVE_0:4:2071222386><>" say "numai scrie porcaria aia de faimosul meu maestru ( fmm ) ?"
L 02/28/2017 - 23:44:28: [admincmd.amxx] Cmd: "J.Smith<1252><STEAM_0:0:59563675><>" ask for players list
L 02/28/2017 - 23:45:40: [adminchat.amxx] Chat: "Joker$*<1241><VALVE_0:4:2071222386><>" say "cand ma uitam pe tine nu prea faceai.."
L 02/28/2017 - 23:48:15: [adminchat.amxx] Chat: "Joker$*<1241><VALVE_0:4:2071222386><>" say "daca tu crezi ca joci bine cu ele.. nu trebuie sa-mi placa mie"
L 02/28/2017 - 23:52:16: [adminchat.amxx] Chat: "Joker$*<1241><VALVE_0:4:2071222386><>" say "make"
L 02/28/2017 - 23:52:28: [adminchat.amxx] Chat: "Joker$*<1241><VALVE_0:4:2071222386><>" say "ia dai jumpurile de la verde sw"
L 02/28/2017 - 23:52:45: [adminchat.amxx] Chat: "Joker$*<1241><VALVE_0:4:2071222386><>" say "vorbeam cu make"
L 02/28/2017 - 23:53:44: [adminchat.amxx] Chat: "Joker$*<1241><VALVE_0:4:2071222386><>" say "swgy"
L 02/28/2017 - 23:53:55: [adminchat.amxx] Chat: "Joker$*<1241><VALVE_0:4:2071222386><>" say "vreau sa vad daca trec de verde ubn 30 de sec,,,"
L 02/28/2017 - 23:54:02: [adminchat.amxx] Chat: "Joker$*<1241><VALVE_0:4:2071222386><>" say "dar si de primul nivel"
L 02/28/2017 - 23:54:37: [admincmd.amxx] Cmd: "J.Smith<1252><STEAM_0:0:59563675><>" ask for players list
L 02/28/2017 - 23:57:41: [mapsmenu.amxx] Vote: "Joker$*<1241><VALVE_0:4:2071222386><>" vote maps (map#1 "deathrun_bhopz_v2") (map#2 "deathrun_projetocs2") (map#3 "deathrun_challenge_x") (map#4 "")
L 02/28/2017 - 23:57:53: [mapsmenu.amxx] Vote: Voting successful. Map will be changed to deathrun_projetocs2
L 02/28/2017 - 23:58:29: [adminchat.amxx] Chat: "Joker$*<1241><VALVE_0:4:2071222386><>" say "cum se joaca la race.. 700 sau 800 ?"
L 02/28/2017 - 23:59:00: [adminchat.amxx] Chat: "Joker$*<1241><VALVE_0:4:2071222386><>" say "cum se joaca la race.. 700 sau 800  klandestin. ?"
