L 02/05/2017 - 00:05:57: [admin.amxx] Login: "trickz-<799><STEAM_0:0:42210206><>" became an admin (account "trickz-") (access "bi") (address "109.166.139.124")
L 02/05/2017 - 00:21:36: -------- Mapchange to deathrun_green_h2_final --------
L 02/05/2017 - 00:21:38: [comp_timer2.amxx] Error on query: You have an error in your SQL syntax; check the manual that corresponds to your MySQL server version for the right syntax to use near '' at line 1
L 02/05/2017 - 00:21:38: [comp_timer2.amxx] FailState == TQUERY_QUERY_FAILED, Query failed.
L 02/05/2017 - 00:21:39: [admin.amxx] Login: "trickz-<799><STEAM_0:0:42210206><>" became an admin (account "trickz-") (access "bi") (address "109.166.139.124")
L 02/05/2017 - 00:21:39: [admin.amxx] Login: "trickz-<803><STEAM_0:0:42210206><>" became an admin (account "trickz-") (access "bi") (address "109.166.139.124")
L 02/05/2017 - 00:21:40: [admin.amxx] Login: "SWAGGIE. XD<754><VALVE_0:4:862961770><>" became an admin (account "SWAGGIE. XD") (access "bi") (address "109.98.131.207")
L 02/05/2017 - 00:21:44: [admin.amxx] Login: "trickz-<806><STEAM_0:0:42210206><>" became an admin (account "trickz-") (access "bi") (address "109.166.139.124")
L 02/05/2017 - 00:25:09: [admin.amxx] Login: "trickz-<812><STEAM_0:0:42210206><>" became an admin (account "trickz-") (access "bi") (address "109.166.139.124")
L 02/05/2017 - 00:44:43: [adminchat.amxx] Chat: "ToxXxic<814><VALVE_0:4:1387754451><>" chat " cine zice ce e prost"
L 02/05/2017 - 00:47:13: [adminchat.amxx] Chat: "ToxXxic<814><VALVE_0:4:1387754451><>" chat " cine spune ce e prost"
L 02/05/2017 - 00:47:13: -------- Mapchange to deathrun_abstract --------
L 02/05/2017 - 00:47:15: [comp_timer2.amxx] Error on query: You have an error in your SQL syntax; check the manual that corresponds to your MySQL server version for the right syntax to use near '' at line 1
L 02/05/2017 - 00:47:15: [comp_timer2.amxx] FailState == TQUERY_QUERY_FAILED, Query failed.
L 02/05/2017 - 00:47:16: [admin.amxx] Login: "SWAGGIE. XD<754><VALVE_0:4:862961770><>" became an admin (account "SWAGGIE. XD") (access "bi") (address "109.98.131.207")
L 02/05/2017 - 00:48:41: [adminchat.amxx] Chat: "ToxXxic<828><VALVE_0:4:1387754451><>" chat " cine zice ce e prost"
L 02/05/2017 - 01:03:56: [admin.amxx] Login: "trickz-<846><STEAM_0:0:42210206><>" became an admin (account "trickz-") (access "bi") (address "109.166.139.124")
L 02/05/2017 - 01:03:59: [admin.amxx] Login: "trickz-<847><STEAM_0:0:42210206><>" became an admin (account "trickz-") (access "bi") (address "109.166.139.124")
L 02/05/2017 - 01:08:44: [mapsmenu.amxx] Vote: "SWAGGIE. XD<754><VALVE_0:4:862961770><>" vote maps (map#1 "deathrun_bhopz_v2") (map#2 "deathrun_latexx") (map#3 "") (map#4 "")
L 02/05/2017 - 01:08:56: [mapsmenu.amxx] Vote: Voting successful. Map will be changed to deathrun_bhopz_v2
L 02/05/2017 - 02:02:05: -------- Mapchange to deathrun_bhopz_v2 --------
L 02/05/2017 - 02:02:06: [comp_timer2.amxx] Error on query: You have an error in your SQL syntax; check the manual that corresponds to your MySQL server version for the right syntax to use near '' at line 1
L 02/05/2017 - 02:02:06: [comp_timer2.amxx] FailState == TQUERY_QUERY_FAILED, Query failed.
L 02/05/2017 - 02:46:28: -------- Mapchange to deathrun_coolf_3 --------
L 02/05/2017 - 02:46:30: [comp_timer2.amxx] Error on query: You have an error in your SQL syntax; check the manual that corresponds to your MySQL server version for the right syntax to use near '' at line 1
L 02/05/2017 - 02:46:30: [comp_timer2.amxx] FailState == TQUERY_QUERY_FAILED, Query failed.
L 02/05/2017 - 03:14:05: -------- Mapchange to deathrun_air_final --------
L 02/05/2017 - 03:14:07: [comp_timer2.amxx] Error on query: You have an error in your SQL syntax; check the manual that corresponds to your MySQL server version for the right syntax to use near '' at line 1
L 02/05/2017 - 03:14:07: [comp_timer2.amxx] FailState == TQUERY_QUERY_FAILED, Query failed.
L 02/05/2017 - 03:25:12: [slayafk.amxx] CocKtaiL a primit slay, deoarece a fost afk mai mult de 30 secunde
L 02/05/2017 - 03:36:27: [slayafk.amxx] CocKtaiL a primit slay, deoarece a fost afk mai mult de 30 secunde
L 02/05/2017 - 03:54:23: -------- Mapchange to deathrun_cliff --------
L 02/05/2017 - 03:54:24: [comp_timer2.amxx] Error on query: You have an error in your SQL syntax; check the manual that corresponds to your MySQL server version for the right syntax to use near '' at line 1
L 02/05/2017 - 03:54:24: [comp_timer2.amxx] FailState == TQUERY_QUERY_FAILED, Query failed.
L 02/05/2017 - 05:10:15: -------- Mapchange to deathrun_arabrun_v1 --------
L 02/05/2017 - 05:10:16: [comp_timer2.amxx] Error on query: You have an error in your SQL syntax; check the manual that corresponds to your MySQL server version for the right syntax to use near '' at line 1
L 02/05/2017 - 05:10:16: [comp_timer2.amxx] FailState == TQUERY_QUERY_FAILED, Query failed.
L 02/05/2017 - 06:17:29: -------- Mapchange to deathrun_surf --------
L 02/05/2017 - 06:17:31: [comp_timer2.amxx] Error on query: You have an error in your SQL syntax; check the manual that corresponds to your MySQL server version for the right syntax to use near '' at line 1
L 02/05/2017 - 06:17:31: [comp_timer2.amxx] FailState == TQUERY_QUERY_FAILED, Query failed.
L 02/05/2017 - 06:55:42: -------- Mapchange to deathrun_hard_cspgames2 --------
L 02/05/2017 - 06:55:43: [comp_timer2.amxx] Error on query: You have an error in your SQL syntax; check the manual that corresponds to your MySQL server version for the right syntax to use near '' at line 1
L 02/05/2017 - 06:55:43: [comp_timer2.amxx] FailState == TQUERY_QUERY_FAILED, Query failed.
L 02/05/2017 - 07:43:36: -------- Mapchange to deathrun_bom2 --------
L 02/05/2017 - 07:43:38: [comp_timer2.amxx] Error on query: You have an error in your SQL syntax; check the manual that corresponds to your MySQL server version for the right syntax to use near '' at line 1
L 02/05/2017 - 07:43:38: [comp_timer2.amxx] FailState == TQUERY_QUERY_FAILED, Query failed.
L 02/05/2017 - 08:25:30: -------- Mapchange to deathrun_bhopz_v2 --------
L 02/05/2017 - 08:25:31: [comp_timer2.amxx] Error on query: You have an error in your SQL syntax; check the manual that corresponds to your MySQL server version for the right syntax to use near '' at line 1
L 02/05/2017 - 08:25:31: [comp_timer2.amxx] FailState == TQUERY_QUERY_FAILED, Query failed.
L 02/05/2017 - 09:12:33: -------- Mapchange to deathrun_hertz --------
L 02/05/2017 - 09:12:35: [comp_timer2.amxx] Error on query: You have an error in your SQL syntax; check the manual that corresponds to your MySQL server version for the right syntax to use near '' at line 1
L 02/05/2017 - 09:12:35: [comp_timer2.amxx] FailState == TQUERY_QUERY_FAILED, Query failed.
L 02/05/2017 - 09:13:09: [slayafk.amxx] ssaacc. a primit slay, deoarece a fost afk mai mult de 30 secunde
L 02/05/2017 - 09:22:49: [slayafk.amxx] ssaacc. a primit slay, deoarece a fost afk mai mult de 30 secunde
L 02/05/2017 - 09:23:59: [slayafk.amxx] ssaacc. a primit slay, deoarece a fost afk mai mult de 30 secunde
L 02/05/2017 - 09:24:59: [slayafk.amxx] ssaacc. a primit slay, deoarece a fost afk mai mult de 30 secunde
L 02/05/2017 - 09:25:47: [admincmd.amxx] Cmd: "Dr.FioriGinal.Ro ~ Server Clasi<0><><>" slay "FANAT M9SNIKA<917><STEAM_0:0:1562243269><>"
L 02/05/2017 - 09:26:14: [slayafk.amxx] ssaacc. a primit slay, deoarece a fost afk mai mult de 30 secunde
L 02/05/2017 - 09:31:17: [admincmd.amxx] Cmd: "Dr.FioriGinal.Ro ~ Server Clasi<0><><>" slay "ssaacc.<919><STEAM_0:0:1844758109><>"
L 02/05/2017 - 09:49:21: [admincmd.amxx] Cmd: "Dr.FioriGinal.Ro ~ Server Clasi<0><><>" slay "qeeLen<928><STEAM_0:0:148036594><>"
L 02/05/2017 - 10:07:51: [admincmd.amxx] Cmd: "Dr.FioriGinal.Ro ~ Server Clasi<0><><>" slay "ssaacc.<935><STEAM_0:0:1844758109><>"
L 02/05/2017 - 10:25:58: [admin.amxx] Login: "wKn<947><STEAM_0:0:196614190><>" became an admin (account "wKn") (access "bit") (address "92.85.73.239")
L 02/05/2017 - 10:39:40: [slayafk.amxx] ssaacc. a primit slay, deoarece a fost afk mai mult de 30 secunde
L 02/05/2017 - 10:40:44: [slayafk.amxx] ssaacc. a primit slay, deoarece a fost afk mai mult de 30 secunde
L 02/05/2017 - 10:42:09: [slayafk.amxx] ssaacc. a primit slay, deoarece a fost afk mai mult de 30 secunde
L 02/05/2017 - 10:43:10: [admincmd.amxx] Cmd: "Dr.FioriGinal.Ro ~ Server Clasi<0><><>" slay "xTrusT.<958><STEAM_0:0:363435534><>"
L 02/05/2017 - 10:43:34: [slayafk.amxx] ssaacc. a primit slay, deoarece a fost afk mai mult de 30 secunde
L 02/05/2017 - 10:44:50: [slayafk.amxx] ssaacc. a primit slay, deoarece a fost afk mai mult de 30 secunde
L 02/05/2017 - 10:58:55: [admincmd.amxx] Cmd: "Dr.FioriGinal.Ro ~ Server Clasi<0><><>" slay "fAST<965><STEAM_0:0:1263848044><>"
L 02/05/2017 - 11:01:48: -------- Mapchange to deathrun_minimalism_beta2 --------
L 02/05/2017 - 11:01:49: [comp_timer2.amxx] Error on query: You have an error in your SQL syntax; check the manual that corresponds to your MySQL server version for the right syntax to use near '' at line 1
L 02/05/2017 - 11:01:49: [comp_timer2.amxx] FailState == TQUERY_QUERY_FAILED, Query failed.
L 02/05/2017 - 11:08:35: [slayafk.amxx] cplusplus a primit slay, deoarece a fost afk mai mult de 30 secunde
L 02/05/2017 - 11:33:35: [slayafk.amxx] Dizzy a primit slay, deoarece a fost afk mai mult de 30 secunde
L 02/05/2017 - 11:50:20: -------- Mapchange to deathrun_pacman --------
L 02/05/2017 - 11:50:22: [comp_timer2.amxx] Error on query: You have an error in your SQL syntax; check the manual that corresponds to your MySQL server version for the right syntax to use near '' at line 1
L 02/05/2017 - 11:50:22: [comp_timer2.amxx] FailState == TQUERY_QUERY_FAILED, Query failed.
L 02/05/2017 - 11:50:57: [slayafk.amxx] adysialtele a primit slay, deoarece a fost afk mai mult de 30 secunde
L 02/05/2017 - 11:51:32: [slayafk.amxx] adysialtele a primit slay, deoarece a fost afk mai mult de 30 secunde
L 02/05/2017 - 11:51:52: [slayafk.amxx] InSaNe# ShOt# a primit slay, deoarece a fost afk mai mult de 30 secunde
L 02/05/2017 - 11:53:02: [slayafk.amxx] InSaNe# ShOt# a primit slay, deoarece a fost afk mai mult de 30 secunde
L 02/05/2017 - 12:11:52: [slayafk.amxx] Trag3DSIMoriHD a primit slay, deoarece a fost afk mai mult de 30 secunde
L 02/05/2017 - 12:12:37: [slayafk.amxx] Trag3DSIMoriHD a primit slay, deoarece a fost afk mai mult de 30 secunde
L 02/05/2017 - 12:14:37: [slayafk.amxx] fAST a primit slay, deoarece a fost afk mai mult de 30 secunde
L 02/05/2017 - 12:14:37: [slayafk.amxx] Trag3DSIMoriHD a primit slay, deoarece a fost afk mai mult de 30 secunde
L 02/05/2017 - 12:15:53: -------- Mapchange to deathrun_snow_wind --------
L 02/05/2017 - 12:15:55: [comp_timer2.amxx] Error on query: You have an error in your SQL syntax; check the manual that corresponds to your MySQL server version for the right syntax to use near '' at line 1
L 02/05/2017 - 12:15:55: [comp_timer2.amxx] FailState == TQUERY_QUERY_FAILED, Query failed.
L 02/05/2017 - 12:21:28: [admin.amxx] Login: "J.Smith<1068><STEAM_0:0:59563675><>" became an admin (account "J.Smith") (access "bi") (address "109.185.5.238")
L 02/05/2017 - 12:21:31: [admin.amxx] Login: "J.Smith<1069><STEAM_0:0:59563675><>" became an admin (account "J.Smith") (access "bi") (address "109.185.5.238")
L 02/05/2017 - 12:40:57: [mapsmenu.amxx] Vote: "J.Smith<1069><STEAM_0:0:59563675><>" vote maps (map#1 "deathrun_helvis") (map#2 "") (map#3 "") (map#4 "")
L 02/05/2017 - 12:41:09: [mapsmenu.amxx] Vote: Voting successful. Map will be changed to deathrun_helvis
L 02/05/2017 - 12:41:27: [mapsmenu.amxx] Vote: "J.Smith<1069><STEAM_0:0:59563675><>" vote maps (map#1 "deathrun_forest") (map#2 "deathrun_helvis") (map#3 "") (map#4 "")
L 02/05/2017 - 12:41:39: [mapsmenu.amxx] Vote: Voting successful. Map will be changed to deathrun_forest
L 02/05/2017 - 12:42:09: -------- Mapchange to deathrun_forest --------
L 02/05/2017 - 12:42:11: [comp_timer2.amxx] Error on query: You have an error in your SQL syntax; check the manual that corresponds to your MySQL server version for the right syntax to use near '' at line 1
L 02/05/2017 - 12:42:11: [comp_timer2.amxx] FailState == TQUERY_QUERY_FAILED, Query failed.
L 02/05/2017 - 12:42:12: [admin.amxx] Login: "J.Smith<1069><STEAM_0:0:59563675><>" became an admin (account "J.Smith") (access "bi") (address "109.185.5.238")
L 02/05/2017 - 12:49:00: [admincmd.amxx] Cmd: "J.Smith<1069><STEAM_0:0:59563675><>" ask for players list
L 02/05/2017 - 12:55:12: [adminchat.amxx] Chat: "G7<1091><VALVE_0:4:1677482994><>" chat "suugi pula  te=n mortii matii"
L 02/05/2017 - 12:55:51: [adminchat.amxx] Chat: "G7<1091><VALVE_0:4:1677482994><>" chat "e free"
L 02/05/2017 - 12:56:10: [adminchat.amxx] Chat: "G7<1091><VALVE_0:4:1677482994><>" chat "si iti dau lu muie"
L 02/05/2017 - 12:56:25: [adminchat.amxx] Chat: "G7<1091><VALVE_0:4:1677482994><>" chat "zi"
L 02/05/2017 - 12:56:35: [admincmd.amxx] Cmd: "J.Smith<1069><STEAM_0:0:59563675><>" ask for players list
L 02/05/2017 - 13:03:19: [admin.amxx] Login: "-rTg|maEsTrOo<1116><STEAM_0:1:154430568><>" kicked due to invalid password (account "-rTg|maEsTrOo") (address "89.123.81.86")
L 02/05/2017 - 13:03:24: [admin.amxx] Login: "-rTg|maEsTrOo<1117><STEAM_0:1:154430568><>" became an admin (account "-rTg|maEsTrOo") (access "bit") (address "89.123.81.86")
L 02/05/2017 - 13:03:54: [admincmd.amxx] Cmd: "J.Smith<1069><STEAM_0:0:59563675><>" ask for players list
L 02/05/2017 - 13:04:59: [adminchat.amxx] Chat: "G7<1091><VALVE_0:4:1677482994><>" chat "prietene"
L 02/05/2017 - 13:05:31: [adminchat.amxx] Chat: "G7<1091><VALVE_0:4:1677482994><>" chat "de imi pun un prezervativ  fosforescent  pe pl si o fut pe ma-ta in gura ii lumineaza capu dynasty?"
L 02/05/2017 - 13:09:14: -------- Mapchange to deathrun_challenge_x --------
L 02/05/2017 - 13:09:15: [comp_timer2.amxx] Error on query: You have an error in your SQL syntax; check the manual that corresponds to your MySQL server version for the right syntax to use near '' at line 1
L 02/05/2017 - 13:09:15: [comp_timer2.amxx] FailState == TQUERY_QUERY_FAILED, Query failed.
L 02/05/2017 - 13:09:16: [admin.amxx] Login: "J.Smith<1069><STEAM_0:0:59563675><>" became an admin (account "J.Smith") (access "bi") (address "109.185.5.238")
L 02/05/2017 - 13:09:16: [admin.amxx] Login: "-rTg|maEsTrOo<1117><STEAM_0:1:154430568><>" became an admin (account "-rTg|maEsTrOo") (access "bit") (address "89.123.81.86")
L 02/05/2017 - 13:09:51: [slayafk.amxx] J.Smith a primit slay, deoarece a fost afk mai mult de 30 secunde
L 02/05/2017 - 13:10:26: [slayafk.amxx] J.Smith a primit slay, deoarece a fost afk mai mult de 30 secunde
L 02/05/2017 - 13:12:20: [admin.amxx] Login: "anca<1128><STEAM_0:0:58514266><>" became an admin (account "anca") (access "bit") (address "109.103.126.196")
L 02/05/2017 - 13:13:46: [slayafk.amxx] fear. a primit slay, deoarece a fost afk mai mult de 30 secunde
L 02/05/2017 - 13:13:51: [slayafk.amxx] G7 a primit slay, deoarece a fost afk mai mult de 30 secunde
L 02/05/2017 - 13:14:56: [slayafk.amxx] fear. a primit slay, deoarece a fost afk mai mult de 30 secunde
L 02/05/2017 - 13:14:56: [slayafk.amxx] G7 a primit slay, deoarece a fost afk mai mult de 30 secunde
L 02/05/2017 - 13:17:11: [slayafk.amxx] fear. a primit slay, deoarece a fost afk mai mult de 30 secunde
L 02/05/2017 - 13:18:16: [slayafk.amxx] fear. a primit slay, deoarece a fost afk mai mult de 30 secunde
L 02/05/2017 - 13:18:56: [slayafk.amxx] fear. a primit slay, deoarece a fost afk mai mult de 30 secunde
L 02/05/2017 - 13:21:21: [slayafk.amxx] fear. a primit slay, deoarece a fost afk mai mult de 30 secunde
L 02/05/2017 - 13:25:01: [slayafk.amxx] fear. a primit slay, deoarece a fost afk mai mult de 30 secunde
L 02/05/2017 - 13:28:11: [slayafk.amxx] ssaacc. a primit slay, deoarece a fost afk mai mult de 30 secunde
L 02/05/2017 - 13:30:51: [slayafk.amxx] ssaacc. a primit slay, deoarece a fost afk mai mult de 30 secunde
L 02/05/2017 - 13:31:11: [slayafk.amxx] WAYA a primit slay, deoarece a fost afk mai mult de 30 secunde
L 02/05/2017 - 13:32:28: [admincmd.amxx] Cmd: "Dr.FioriGinal.Ro ~ Server Clasi<0><><>" slay "Catalyn<1147><STEAM_0:1:121418164><>"
L 02/05/2017 - 13:33:21: [slayafk.amxx] fear. a primit slay, deoarece a fost afk mai mult de 30 secunde
L 02/05/2017 - 13:33:21: [slayafk.amxx] ssaacc. a primit slay, deoarece a fost afk mai mult de 30 secunde
L 02/05/2017 - 13:35:47: [admin.amxx] Login: "MrSexyPanda.-<1154><STEAM_0:1:51406297><>" became an admin (account "MrSexyPanda.-") (access "bi") (address "89.45.7.233")
L 02/05/2017 - 13:35:54: [admincmd.amxx] Cmd: "Dr.FioriGinal.Ro ~ Server Clasi<0><><>" slay "MrSexyPanda.-<1154><STEAM_0:1:51406297><>"
L 02/05/2017 - 13:36:58: -------- Mapchange to deathrun_genius --------
L 02/05/2017 - 13:37:00: [comp_timer2.amxx] Error on query: You have an error in your SQL syntax; check the manual that corresponds to your MySQL server version for the right syntax to use near '' at line 1
L 02/05/2017 - 13:37:00: [comp_timer2.amxx] FailState == TQUERY_QUERY_FAILED, Query failed.
L 02/05/2017 - 13:37:01: [admin.amxx] Login: "MrSexyPanda.-<1154><STEAM_0:1:51406297><>" became an admin (account "MrSexyPanda.-") (access "bi") (address "89.45.7.233")
L 02/05/2017 - 13:37:56: [slayafk.amxx] ssaacc. a primit slay, deoarece a fost afk mai mult de 30 secunde
L 02/05/2017 - 13:39:01: [slayafk.amxx] ssaacc. a primit slay, deoarece a fost afk mai mult de 30 secunde
L 02/05/2017 - 13:39:31: [slayafk.amxx] Daky69 a primit slay, deoarece a fost afk mai mult de 30 secunde
L 02/05/2017 - 13:40:28: [admin.amxx] Login: "-rTg|maEsTrOo<1173><STEAM_0:1:154430568><>" became an admin (account "-rTg|maEsTrOo") (access "bit") (address "89.123.81.86")
L 02/05/2017 - 13:40:28: [admin.amxx] Login: "anca<1174><STEAM_0:0:58514266><>" became an admin (account "anca") (access "bit") (address "109.103.126.196")
L 02/05/2017 - 13:40:30: [admin.amxx] Login: "anca<1175><STEAM_0:0:58514266><>" became an admin (account "anca") (access "bit") (address "109.103.126.196")
L 02/05/2017 - 13:40:56: [slayafk.amxx] ssaacc. a primit slay, deoarece a fost afk mai mult de 30 secunde
L 02/05/2017 - 13:45:21: [slayafk.amxx] ssaacc. a primit slay, deoarece a fost afk mai mult de 30 secunde
L 02/05/2017 - 13:45:21: [slayafk.amxx] anca a primit slay, deoarece a fost afk mai mult de 30 secunde
L 02/05/2017 - 13:46:57: [admin.amxx] Login: "cool<1185><STEAM_0:1:25922700><>" became an admin (account "cool") (access "bi") (address "5.14.100.172")
L 02/05/2017 - 13:46:59: [admin.amxx] Login: "cool<1186><STEAM_0:1:25922700><>" became an admin (account "cool") (access "bi") (address "5.14.100.172")
L 02/05/2017 - 13:47:30: [slayafk.amxx] ssaacc. a primit slay, deoarece a fost afk mai mult de 30 secunde
L 02/05/2017 - 13:49:56: [slayafk.amxx] ssaacc. a primit slay, deoarece a fost afk mai mult de 30 secunde
L 02/05/2017 - 13:50:16: [slayafk.amxx] cool a primit slay, deoarece a fost afk mai mult de 30 secunde
L 02/05/2017 - 13:52:26: [slayafk.amxx] ssaacc. a primit slay, deoarece a fost afk mai mult de 30 secunde
L 02/05/2017 - 13:55:40: [slayafk.amxx] ssaacc. a primit slay, deoarece a fost afk mai mult de 30 secunde
L 02/05/2017 - 13:55:40: [slayafk.amxx] cool a primit slay, deoarece a fost afk mai mult de 30 secunde
L 02/05/2017 - 13:57:14: [adminchat.amxx] Chat: "IrreguLar<1155><STEAM_0:0:740700675><>" chat "astroboy script rw"
L 02/05/2017 - 13:57:46: [slayafk.amxx] (1)Daky69 a primit slay, deoarece a fost afk mai mult de 30 secunde
L 02/05/2017 - 13:57:51: [slayafk.amxx] ssaacc. a primit slay, deoarece a fost afk mai mult de 30 secunde
L 02/05/2017 - 13:57:51: [slayafk.amxx] anca a primit slay, deoarece a fost afk mai mult de 30 secunde
L 02/05/2017 - 13:57:51: [slayafk.amxx] cool a primit slay, deoarece a fost afk mai mult de 30 secunde
L 02/05/2017 - 13:58:01: [slayafk.amxx] CocKtaiL a primit slay, deoarece a fost afk mai mult de 30 secunde
L 02/05/2017 - 13:59:31: [slayafk.amxx] ssaacc. a primit slay, deoarece a fost afk mai mult de 30 secunde
L 02/05/2017 - 13:59:31: [slayafk.amxx] cool a primit slay, deoarece a fost afk mai mult de 30 secunde
L 02/05/2017 - 14:00:08: [mapsmenu.amxx] Vote: "-rTg|maEsTrOo<1173><STEAM_0:1:154430568><>" vote maps (map#1 "deathrun_anca") (map#2 "deathrun_arabrun_v1") (map#3 "") (map#4 "")
L 02/05/2017 - 14:00:20: [mapsmenu.amxx] Vote: Voting successful. Map will be changed to deathrun_anca
L 02/05/2017 - 14:02:04: [admincmd.amxx] Cmd: "Dr.FioriGinal.Ro ~ Server Clasi<0><><>" slay "k3NNy<1204><STEAM_0:0:526098351><>"
L 02/05/2017 - 14:02:59: -------- Mapchange to deathrun_anca --------
L 02/05/2017 - 14:03:01: [comp_timer2.amxx] Error on query: You have an error in your SQL syntax; check the manual that corresponds to your MySQL server version for the right syntax to use near '' at line 1
L 02/05/2017 - 14:03:01: [comp_timer2.amxx] FailState == TQUERY_QUERY_FAILED, Query failed.
L 02/05/2017 - 14:03:02: [admin.amxx] Login: "anca<1175><STEAM_0:0:58514266><>" became an admin (account "anca") (access "bit") (address "109.103.126.196")
L 02/05/2017 - 14:03:05: [admin.amxx] Login: "-rTg|maEsTrOo<1207><STEAM_0:1:154430568><>" became an admin (account "-rTg|maEsTrOo") (access "bit") (address "89.123.81.86")
L 02/05/2017 - 14:03:38: [admincmd.amxx] Cmd: "Dr.FioriGinal.Ro ~ Server Clasi<0><><>" slay "CocKtaiL<1214><STEAM_0:0:1168266027><>"
L 02/05/2017 - 14:08:51: [slayafk.amxx] -rTg|maEsTrOo a primit slay, deoarece a fost afk mai mult de 30 secunde
L 02/05/2017 - 14:10:41: [slayafk.amxx] George#01st a primit slay, deoarece a fost afk mai mult de 30 secunde
L 02/05/2017 - 14:17:46: [slayafk.amxx] Daky69 a primit slay, deoarece a fost afk mai mult de 30 secunde
L 02/05/2017 - 14:20:47: [adminchat.amxx] Chat: "(1)Daky69<1235><STEAM_0:0:523798960><>" chat " ba ie"
L 02/05/2017 - 14:26:31: [slayafk.amxx] CocKtaiL a primit slay, deoarece a fost afk mai mult de 30 secunde
L 02/05/2017 - 14:29:32: -------- Mapchange to deathrun_unreal --------
L 02/05/2017 - 14:29:34: [comp_timer2.amxx] Error on query: You have an error in your SQL syntax; check the manual that corresponds to your MySQL server version for the right syntax to use near '' at line 1
L 02/05/2017 - 14:29:34: [comp_timer2.amxx] FailState == TQUERY_QUERY_FAILED, Query failed.
L 02/05/2017 - 14:29:35: [admin.amxx] Login: "anca<1175><STEAM_0:0:58514266><>" became an admin (account "anca") (access "bit") (address "109.103.126.196")
L 02/05/2017 - 14:29:37: [admin.amxx] Login: "anca<1249><STEAM_0:0:58514266><>" became an admin (account "anca") (access "bit") (address "109.103.126.196")
L 02/05/2017 - 14:29:57: [admincmd.amxx] Cmd: "Dr.FioriGinal.Ro ~ Server Clasi<0><><>" slay "IgnoreMe<1258><VALVE_0:4:1605039966><>"
L 02/05/2017 - 14:30:01: [admincmd.amxx] Cmd: "Dr.FioriGinal.Ro ~ Server Clasi<0><><>" slay "MiB<1259><STEAM_0:0:1940015179><>"
L 02/05/2017 - 14:30:14: [admin.amxx] Login: "cool<1260><STEAM_0:1:25922700><>" became an admin (account "cool") (access "bi") (address "5.14.100.172")
L 02/05/2017 - 14:30:16: [admin.amxx] Login: "cool<1261><STEAM_0:1:25922700><>" became an admin (account "cool") (access "bi") (address "5.14.100.172")
L 02/05/2017 - 14:30:24: [slayafk.amxx] anca a primit slay, deoarece a fost afk mai mult de 30 secunde
L 02/05/2017 - 14:32:19: [slayafk.amxx] anca a primit slay, deoarece a fost afk mai mult de 30 secunde
L 02/05/2017 - 14:35:59: [slayafk.amxx] anca a primit slay, deoarece a fost afk mai mult de 30 secunde
L 02/05/2017 - 14:41:44: [slayafk.amxx] ssaacc. a primit slay, deoarece a fost afk mai mult de 30 secunde
L 02/05/2017 - 14:41:49: [slayafk.amxx] adysialtele a primit slay, deoarece a fost afk mai mult de 30 secunde
L 02/05/2017 - 14:44:19: [slayafk.amxx] ssaacc. a primit slay, deoarece a fost afk mai mult de 30 secunde
L 02/05/2017 - 14:47:18: [admin.amxx] Login: "FAKE ^^<1279><STEAM_0:0:334408724><>" became an admin (account "FAKE ^^") (access "bit") (address "95.76.2.12")
L 02/05/2017 - 14:48:19: [slayafk.amxx] ssaacc. a primit slay, deoarece a fost afk mai mult de 30 secunde
L 02/05/2017 - 14:49:44: [mapsmenu.amxx] Vote: "FAKE ^^<1279><STEAM_0:0:334408724><>" vote maps (map#1 "deathrun_hybrid") (map#2 "deathrun_av2009_recolored-ez") (map#3 "") (map#4 "")
L 02/05/2017 - 14:49:56: [mapsmenu.amxx] Vote: Voting successful. Map will be changed to deathrun_hybrid
L 02/05/2017 - 14:50:39: [slayafk.amxx] ssaacc. a primit slay, deoarece a fost afk mai mult de 30 secunde
L 02/05/2017 - 14:51:49: [slayafk.amxx] ssaacc. a primit slay, deoarece a fost afk mai mult de 30 secunde
L 02/05/2017 - 14:53:19: [slayafk.amxx] ssaacc. a primit slay, deoarece a fost afk mai mult de 30 secunde
L 02/05/2017 - 14:55:41: -------- Mapchange to deathrun_hybrid --------
L 02/05/2017 - 14:55:42: [comp_timer2.amxx] Error on query: You have an error in your SQL syntax; check the manual that corresponds to your MySQL server version for the right syntax to use near '' at line 1
L 02/05/2017 - 14:55:42: [comp_timer2.amxx] FailState == TQUERY_QUERY_FAILED, Query failed.
L 02/05/2017 - 14:55:43: [admin.amxx] Login: "FAKE ^^<1279><STEAM_0:0:334408724><>" became an admin (account "FAKE ^^") (access "bit") (address "95.76.2.12")
L 02/05/2017 - 14:55:45: [admin.amxx] Login: "FAKE ^^<1290><STEAM_0:0:334408724><>" became an admin (account "FAKE ^^") (access "bit") (address "95.76.2.12")
L 02/05/2017 - 14:55:57: [admincmd.amxx] Cmd: "Dr.FioriGinal.Ro ~ Server Clasi<0><><>" slay "ssaacc.<1294><STEAM_0:0:1844758109><>"
L 02/05/2017 - 14:56:08: [admin.amxx] Login: "Hazard'<1300><STEAM_0:0:67292689><>" became an admin (account "Hazard'") (access "bi") (address "85.186.3.173")
L 02/05/2017 - 14:57:06: [comp_timer2.amxx] Error on query: You have an error in your SQL syntax; check the manual that corresponds to your MySQL server version for the right syntax to use near 'deathrun_hybrid'' at line 1
L 02/05/2017 - 14:57:06: [comp_timer2.amxx] FailState == TQUERY_QUERY_FAILED, Query failed.
L 02/05/2017 - 14:59:08: [slayafk.amxx] Hazard' a primit slay, deoarece a fost afk mai mult de 30 secunde
L 02/05/2017 - 15:01:33: [slayafk.amxx] Hazard' a primit slay, deoarece a fost afk mai mult de 30 secunde
L 02/05/2017 - 15:02:43: [slayafk.amxx] Hazard' a primit slay, deoarece a fost afk mai mult de 30 secunde
L 02/05/2017 - 15:04:48: [slayafk.amxx] ssaacc. a primit slay, deoarece a fost afk mai mult de 30 secunde
L 02/05/2017 - 15:04:48: [slayafk.amxx] Hazard' a primit slay, deoarece a fost afk mai mult de 30 secunde
L 02/05/2017 - 15:04:53: [adminchat.amxx] Chat: "I LoVe YoU ! <3<1293><STEAM_0:1:171215522><>" chat ""
L 02/05/2017 - 15:07:18: [slayafk.amxx] Hazard' a primit slay, deoarece a fost afk mai mult de 30 secunde
L 02/05/2017 - 15:10:48: [admincmd.amxx] Cmd: "Dr.FioriGinal.Ro ~ Server Clasi<0><><>" slay "zivoin<1310><STEAM_0:0:582226405><>"
L 02/05/2017 - 15:10:54: [admincmd.amxx] Cmd: "Dr.FioriGinal.Ro ~ Server Clasi<0><><>" slay "I LoVe YoU ! <3<1312><STEAM_0:1:171215522><>"
L 02/05/2017 - 15:11:13: [slayafk.amxx] ssaacc. a primit slay, deoarece a fost afk mai mult de 30 secunde
L 02/05/2017 - 15:12:38: [slayafk.amxx] Hazard' a primit slay, deoarece a fost afk mai mult de 30 secunde
L 02/05/2017 - 15:12:48: [slayafk.amxx] ssaacc. a primit slay, deoarece a fost afk mai mult de 30 secunde
L 02/05/2017 - 15:13:02: [adminchat.amxx] Chat: "m-emo<1291><STEAM_0:0:240493395><>" chat "dai la vot un temple sau extreme :D dupa?"
L 02/05/2017 - 15:14:38: [slayafk.amxx] m-emo a primit slay, deoarece a fost afk mai mult de 30 secunde
L 02/05/2017 - 15:14:38: [slayafk.amxx] ssaacc. a primit slay, deoarece a fost afk mai mult de 30 secunde
L 02/05/2017 - 15:14:38: [slayafk.amxx] Hazard' a primit slay, deoarece a fost afk mai mult de 30 secunde
L 02/05/2017 - 15:16:38: [slayafk.amxx] ssaacc. a primit slay, deoarece a fost afk mai mult de 30 secunde
L 02/05/2017 - 15:16:38: [slayafk.amxx] Hazard' a primit slay, deoarece a fost afk mai mult de 30 secunde
L 02/05/2017 - 15:17:36: [admincmd.amxx] Cmd: "Dr.FioriGinal.Ro ~ Server Clasi<0><><>" slay "zivoin<1315><STEAM_0:0:582226405><>"
L 02/05/2017 - 15:17:58: [slayafk.amxx] ssaacc. a primit slay, deoarece a fost afk mai mult de 30 secunde
L 02/05/2017 - 15:17:58: [slayafk.amxx] Hazard' a primit slay, deoarece a fost afk mai mult de 30 secunde
L 02/05/2017 - 15:18:30: [comp_timer2.amxx] Error on query: You have an error in your SQL syntax; check the manual that corresponds to your MySQL server version for the right syntax to use near '' at line 1
L 02/05/2017 - 15:18:30: [comp_timer2.amxx] FailState == TQUERY_QUERY_FAILED, Query failed.
L 02/05/2017 - 15:19:08: [slayafk.amxx] m-emo a primit slay, deoarece a fost afk mai mult de 30 secunde
L 02/05/2017 - 15:19:13: [slayafk.amxx] ssaacc. a primit slay, deoarece a fost afk mai mult de 30 secunde
L 02/05/2017 - 15:19:13: [slayafk.amxx] Hazard' a primit slay, deoarece a fost afk mai mult de 30 secunde
L 02/05/2017 - 15:19:58: [slayafk.amxx] ssaacc. a primit slay, deoarece a fost afk mai mult de 30 secunde
L 02/05/2017 - 15:19:58: [slayafk.amxx] Hazard' a primit slay, deoarece a fost afk mai mult de 30 secunde
L 02/05/2017 - 15:21:27: -------- Mapchange to deathrun_expres-game --------
L 02/05/2017 - 15:21:28: [comp_timer2.amxx] Error on query: You have an error in your SQL syntax; check the manual that corresponds to your MySQL server version for the right syntax to use near '' at line 1
L 02/05/2017 - 15:21:28: [comp_timer2.amxx] FailState == TQUERY_QUERY_FAILED, Query failed.
L 02/05/2017 - 15:21:29: [admin.amxx] Login: "Hazard'<1300><STEAM_0:0:67292689><>" became an admin (account "Hazard'") (access "bi") (address "85.186.3.173")
L 02/05/2017 - 15:22:09: [slayafk.amxx] m-emo a primit slay, deoarece a fost afk mai mult de 30 secunde
L 02/05/2017 - 15:22:09: [slayafk.amxx] ssaacc. a primit slay, deoarece a fost afk mai mult de 30 secunde
L 02/05/2017 - 15:22:44: [slayafk.amxx] ssaacc. a primit slay, deoarece a fost afk mai mult de 30 secunde
L 02/05/2017 - 15:23:39: [slayafk.amxx] ssaacc. a primit slay, deoarece a fost afk mai mult de 30 secunde
L 02/05/2017 - 15:24:19: [slayafk.amxx] ssaacc. a primit slay, deoarece a fost afk mai mult de 30 secunde
L 02/05/2017 - 15:24:59: [slayafk.amxx] ssaacc. a primit slay, deoarece a fost afk mai mult de 30 secunde
L 02/05/2017 - 15:26:04: [slayafk.amxx] ssaacc. a primit slay, deoarece a fost afk mai mult de 30 secunde
L 02/05/2017 - 15:27:19: [slayafk.amxx] ssaacc. a primit slay, deoarece a fost afk mai mult de 30 secunde
L 02/05/2017 - 15:27:59: [slayafk.amxx] ssaacc. a primit slay, deoarece a fost afk mai mult de 30 secunde
L 02/05/2017 - 15:28:39: [admincmd.amxx] Cmd: "Dr.FioriGinal.Ro ~ Server Clasi<0><><>" slay "DoZe<1327><STEAM_0:0:1518108911><>"
L 02/05/2017 - 15:29:29: [slayafk.amxx] ssaacc. a primit slay, deoarece a fost afk mai mult de 30 secunde
L 02/05/2017 - 15:30:24: [slayafk.amxx] ssaacc. a primit slay, deoarece a fost afk mai mult de 30 secunde
L 02/05/2017 - 15:31:44: [slayafk.amxx] ssaacc. a primit slay, deoarece a fost afk mai mult de 30 secunde
L 02/05/2017 - 15:35:34: [slayafk.amxx] ssaacc. a primit slay, deoarece a fost afk mai mult de 30 secunde
L 02/05/2017 - 15:36:24: [slayafk.amxx] ssaacc. a primit slay, deoarece a fost afk mai mult de 30 secunde
L 02/05/2017 - 15:37:39: [slayafk.amxx] 22493.8R69 a primit slay, deoarece a fost afk mai mult de 30 secunde
L 02/05/2017 - 15:38:34: [slayafk.amxx] ssaacc. a primit slay, deoarece a fost afk mai mult de 30 secunde
L 02/05/2017 - 15:38:39: [slayafk.amxx] 22493.8R69 a primit slay, deoarece a fost afk mai mult de 30 secunde
L 02/05/2017 - 15:39:44: [slayafk.amxx] ssaacc. a primit slay, deoarece a fost afk mai mult de 30 secunde
L 02/05/2017 - 15:39:44: [slayafk.amxx] 22493.8R69 a primit slay, deoarece a fost afk mai mult de 30 secunde
L 02/05/2017 - 15:41:04: [slayafk.amxx] 22493.8R69 a primit slay, deoarece a fost afk mai mult de 30 secunde
L 02/05/2017 - 15:41:59: [slayafk.amxx] ssaacc. a primit slay, deoarece a fost afk mai mult de 30 secunde
L 02/05/2017 - 15:42:04: [slayafk.amxx] 22493.8R69 a primit slay, deoarece a fost afk mai mult de 30 secunde
L 02/05/2017 - 15:42:59: [slayafk.amxx] 22493.8R69 a primit slay, deoarece a fost afk mai mult de 30 secunde
L 02/05/2017 - 15:44:04: [slayafk.amxx] ssaacc. a primit slay, deoarece a fost afk mai mult de 30 secunde
L 02/05/2017 - 15:44:09: [slayafk.amxx] 22493.8R69 a primit slay, deoarece a fost afk mai mult de 30 secunde
L 02/05/2017 - 15:44:49: [slayafk.amxx] ssaacc. a primit slay, deoarece a fost afk mai mult de 30 secunde
L 02/05/2017 - 15:44:49: [slayafk.amxx] 22493.8R69 a primit slay, deoarece a fost afk mai mult de 30 secunde
L 02/05/2017 - 15:45:29: [slayafk.amxx] ssaacc. a primit slay, deoarece a fost afk mai mult de 30 secunde
L 02/05/2017 - 15:45:29: [slayafk.amxx] 22493.8R69 a primit slay, deoarece a fost afk mai mult de 30 secunde
L 02/05/2017 - 15:46:39: [slayafk.amxx] ssaacc. a primit slay, deoarece a fost afk mai mult de 30 secunde
L 02/05/2017 - 15:47:34: [slayafk.amxx] ssaacc. a primit slay, deoarece a fost afk mai mult de 30 secunde
L 02/05/2017 - 15:48:01: -------- Mapchange to deathrun_legendz --------
L 02/05/2017 - 15:48:02: [comp_timer2.amxx] Error on query: You have an error in your SQL syntax; check the manual that corresponds to your MySQL server version for the right syntax to use near '' at line 1
L 02/05/2017 - 15:48:02: [comp_timer2.amxx] FailState == TQUERY_QUERY_FAILED, Query failed.
L 02/05/2017 - 15:48:38: [slayafk.amxx] ssaacc. a primit slay, deoarece a fost afk mai mult de 30 secunde
L 02/05/2017 - 15:49:53: [slayafk.amxx] ssaacc. a primit slay, deoarece a fost afk mai mult de 30 secunde
L 02/05/2017 - 15:53:03: [slayafk.amxx] ssaacc. a primit slay, deoarece a fost afk mai mult de 30 secunde
L 02/05/2017 - 15:53:08: [slayafk.amxx] Spanac3l a primit slay, deoarece a fost afk mai mult de 30 secunde
L 02/05/2017 - 15:53:48: [slayafk.amxx] ssaacc. a primit slay, deoarece a fost afk mai mult de 30 secunde
L 02/05/2017 - 15:55:03: [slayafk.amxx] Spanac3l a primit slay, deoarece a fost afk mai mult de 30 secunde
L 02/05/2017 - 15:56:38: [slayafk.amxx] ssaacc. a primit slay, deoarece a fost afk mai mult de 30 secunde
L 02/05/2017 - 16:01:43: [slayafk.amxx] ssaacc. a primit slay, deoarece a fost afk mai mult de 30 secunde
L 02/05/2017 - 16:02:41: [admincmd.amxx] Cmd: "Dr.FioriGinal.Ro ~ Server Clasi<0><><>" slay "xTrusT.<1369><STEAM_0:0:363435534><>"
L 02/05/2017 - 16:03:30: [admincmd.amxx] Cmd: "Dr.FioriGinal.Ro ~ Server Clasi<0><><>" slay "ssaacc.<1371><STEAM_0:0:1844758109><>"
L 02/05/2017 - 16:08:34: [admin.amxx] Login: "joki<1377><STEAM_0:1:189984113><>" became an admin (account "joki") (access "bit") (address "82.77.168.74")
L 02/05/2017 - 16:08:35: [admin.amxx] Login: "joki<1378><STEAM_0:1:189984113><>" became an admin (account "joki") (access "bit") (address "82.77.168.74")
L 02/05/2017 - 16:09:48: [admin.amxx] Login: "deadpool<1381><STEAM_0:0:30403765><>" became an admin (account "deadpool") (access "bit") (address "82.79.251.176")
L 02/05/2017 - 16:19:13: [admin.amxx] Login: "kaka<1397><VALVE_0:4:1033726963><>" became an admin (account "kaka") (access "bi") (address "94.53.102.210")
L 02/05/2017 - 16:21:03: [slayafk.amxx] Gabitzu23 a primit slay, deoarece a fost afk mai mult de 30 secunde
L 02/05/2017 - 16:22:46: [comp_timer2.amxx] Error on query: You have an error in your SQL syntax; check the manual that corresponds to your MySQL server version for the right syntax to use near 's that69' ORDER BY Time' at line 1
L 02/05/2017 - 16:22:46: [comp_timer2.amxx] FailState == TQUERY_QUERY_FAILED, Query failed.
L 02/05/2017 - 16:27:37: [admin.amxx] Login: "deadpool<1403><STEAM_0:0:30403765><>" became an admin (account "deadpool") (access "bit") (address "82.79.251.176")
L 02/05/2017 - 16:30:09: [admin.amxx] Login: "deadpool<1410><STEAM_0:0:30403765><>" became an admin (account "deadpool") (access "bit") (address "82.79.251.176")
L 02/05/2017 - 16:33:39: -------- Mapchange to deathrun_clarion_dojo_b3 --------
L 02/05/2017 - 16:33:41: [comp_timer2.amxx] Error on query: You have an error in your SQL syntax; check the manual that corresponds to your MySQL server version for the right syntax to use near '' at line 1
L 02/05/2017 - 16:33:41: [comp_timer2.amxx] FailState == TQUERY_QUERY_FAILED, Query failed.
L 02/05/2017 - 16:51:43: [bhop.amxx] Error on query: Duplicate entry 'plAcen!IgRaCCC*Luka*' for key 'NickName'
L 02/05/2017 - 16:51:43: [bhop.amxx] FailState == TQUERY_QUERY_FAILED, Query failed.
L 02/05/2017 - 16:59:52: -------- Mapchange to deathrun_tomb_beta1 --------
L 02/05/2017 - 16:59:54: [comp_timer2.amxx] Error on query: You have an error in your SQL syntax; check the manual that corresponds to your MySQL server version for the right syntax to use near '' at line 1
L 02/05/2017 - 16:59:54: [comp_timer2.amxx] FailState == TQUERY_QUERY_FAILED, Query failed.
L 02/05/2017 - 17:04:42: [admin.amxx] Login: "SWAGGIE. XD<1448><VALVE_0:4:862961770><>" became an admin (account "SWAGGIE. XD") (access "bi") (address "109.98.131.207")
L 02/05/2017 - 17:05:22: [admincmd.amxx] Cmd: "SWAGGIE. XD<1448><VALVE_0:4:862961770><>" slay "Io Vs Tu<1408><STEAM_0:0:1132347000><>"
L 02/05/2017 - 17:09:59: [admin.amxx] Login: "SWAGGIE. XD<1453><VALVE_0:4:862961770><>" became an admin (account "SWAGGIE. XD") (access "bi") (address "109.98.131.207")
L 02/05/2017 - 17:15:16: [admin.amxx] Login: "SWAGGIE. XD<1459><VALVE_0:4:862961770><>" became an admin (account "SWAGGIE. XD") (access "bi") (address "109.98.131.207")
L 02/05/2017 - 17:22:43: [admin.amxx] Login: "cool<1464><STEAM_0:1:25922700><>" became an admin (account "cool") (access "bi") (address "5.14.100.172")
L 02/05/2017 - 17:22:46: [admin.amxx] Login: "cool<1465><STEAM_0:1:25922700><>" became an admin (account "cool") (access "bi") (address "5.14.100.172")
L 02/05/2017 - 17:22:50: [slayafk.amxx] Eduard. a primit slay, deoarece a fost afk mai mult de 30 secunde
L 02/05/2017 - 17:27:45: [slayafk.amxx] cool a primit slay, deoarece a fost afk mai mult de 30 secunde
L 02/05/2017 - 17:28:25: [slayafk.amxx] cool a primit slay, deoarece a fost afk mai mult de 30 secunde
L 02/05/2017 - 17:28:47: [admincmd.amxx] Cmd: "Dr.FioriGinal.Ro ~ Server Clasi<0><><>" slay "Daky69<1475><STEAM_0:0:523798960><>"
L 02/05/2017 - 17:29:06: [admincmd.amxx] Cmd: "cool<1465><STEAM_0:1:25922700><>" slay "Daky69<1475><STEAM_0:0:523798960><>"
L 02/05/2017 - 17:33:24: [admin.amxx] Login: "SWAGGIE. XD<1484><VALVE_0:4:862961770><>" became an admin (account "SWAGGIE. XD") (access "bi") (address "109.98.131.207")
L 02/05/2017 - 17:37:35: [slayafk.amxx] cplusplus a primit slay, deoarece a fost afk mai mult de 30 secunde
L 02/05/2017 - 17:39:39: [admin.amxx] Login: "SWAGGIE. XD<1487><VALVE_0:4:862961770><>" became an admin (account "SWAGGIE. XD") (access "bi") (address "109.98.131.207")
L 02/05/2017 - 17:42:55: [slayafk.amxx] adysialtele a primit slay, deoarece a fost afk mai mult de 30 secunde
L 02/05/2017 - 17:43:50: [slayafk.amxx] SWAGGIE. XD a primit slay, deoarece a fost afk mai mult de 30 secunde
L 02/05/2017 - 17:46:30: [slayafk.amxx] SWAGGIE. XD a primit slay, deoarece a fost afk mai mult de 30 secunde
L 02/05/2017 - 17:46:39: [mapsmenu.amxx] Vote: "cool<1465><STEAM_0:1:25922700><>" vote maps (map#1 "deathrun_sentinel_mini") (map#2 "deathrun_0mega") (map#3 "deathrun_challenge_x") (map#4 "")
L 02/05/2017 - 17:46:51: [mapsmenu.amxx] Vote: Voting successful. Map will be changed to deathrun_0mega
L 02/05/2017 - 17:47:25: [slayafk.amxx] SWAGGIE. XD a primit slay, deoarece a fost afk mai mult de 30 secunde
L 02/05/2017 - 17:49:50: [slayafk.amxx] SWAGGIE. XD a primit slay, deoarece a fost afk mai mult de 30 secunde
L 02/05/2017 - 17:51:09: -------- Mapchange to deathrun_0mega --------
L 02/05/2017 - 17:51:10: [comp_timer2.amxx] Error on query: You have an error in your SQL syntax; check the manual that corresponds to your MySQL server version for the right syntax to use near '' at line 1
L 02/05/2017 - 17:51:10: [comp_timer2.amxx] FailState == TQUERY_QUERY_FAILED, Query failed.
L 02/05/2017 - 17:51:11: [admin.amxx] Login: "SWAGGIE. XD<1487><VALVE_0:4:862961770><>" became an admin (account "SWAGGIE. XD") (access "bi") (address "109.98.131.207")
L 02/05/2017 - 17:51:12: [admin.amxx] Login: "cool<1465><STEAM_0:1:25922700><>" became an admin (account "cool") (access "bi") (address "5.14.100.172")
L 02/05/2017 - 17:51:51: [slayafk.amxx] SWAGGIE. XD a primit slay, deoarece a fost afk mai mult de 30 secunde
L 02/05/2017 - 17:55:41: [slayafk.amxx] SWAGGIE. XD a primit slay, deoarece a fost afk mai mult de 30 secunde
L 02/05/2017 - 17:56:16: [slayafk.amxx] SWAGGIE. XD a primit slay, deoarece a fost afk mai mult de 30 secunde
L 02/05/2017 - 17:56:56: [slayafk.amxx] SWAGGIE. XD a primit slay, deoarece a fost afk mai mult de 30 secunde
L 02/05/2017 - 17:57:46: [slayafk.amxx] SWAGGIE. XD a primit slay, deoarece a fost afk mai mult de 30 secunde
L 02/05/2017 - 17:59:46: [slayafk.amxx] SWAGGIE. XD a primit slay, deoarece a fost afk mai mult de 30 secunde
L 02/05/2017 - 18:00:36: [slayafk.amxx] SWAGGIE. XD a primit slay, deoarece a fost afk mai mult de 30 secunde
L 02/05/2017 - 18:01:31: [slayafk.amxx] adysialtele a primit slay, deoarece a fost afk mai mult de 30 secunde
L 02/05/2017 - 18:02:11: [slayafk.amxx] SWAGGIE. XD a primit slay, deoarece a fost afk mai mult de 30 secunde
L 02/05/2017 - 18:04:51: [slayafk.amxx] SWAGGIE. XD a primit slay, deoarece a fost afk mai mult de 30 secunde
L 02/05/2017 - 18:06:03: [admincmd.amxx] Cmd: "Dr.FioriGinal.Ro ~ Server Clasi<0><><>" slay "LEGENDZ # KlaNdEsTiN<1519><VALVE_0:4:1886935538><>"
L 02/05/2017 - 18:06:16: [slayafk.amxx] SWAGGIE. XD a primit slay, deoarece a fost afk mai mult de 30 secunde
L 02/05/2017 - 18:07:31: [slayafk.amxx] SWAGGIE. XD a primit slay, deoarece a fost afk mai mult de 30 secunde
L 02/05/2017 - 18:08:26: [slayafk.amxx] SWAGGIE. XD a primit slay, deoarece a fost afk mai mult de 30 secunde
L 02/05/2017 - 18:08:26: [slayafk.amxx] adysialtele a primit slay, deoarece a fost afk mai mult de 30 secunde
L 02/05/2017 - 18:17:19: -------- Mapchange to deathrun_finland --------
L 02/05/2017 - 18:17:20: [comp_timer2.amxx] Error on query: You have an error in your SQL syntax; check the manual that corresponds to your MySQL server version for the right syntax to use near '' at line 1
L 02/05/2017 - 18:17:20: [comp_timer2.amxx] FailState == TQUERY_QUERY_FAILED, Query failed.
L 02/05/2017 - 18:18:51: [slayafk.amxx] Hackerul a primit slay, deoarece a fost afk mai mult de 30 secunde
L 02/05/2017 - 18:22:13: [admin.amxx] Login: "SWAGGIE. XD<1559><VALVE_0:4:862961770><>" became an admin (account "SWAGGIE. XD") (access "bi") (address "109.98.131.207")
L 02/05/2017 - 18:27:31: [comp_timer2.amxx] Error on query: You have an error in your SQL syntax; check the manual that corresponds to your MySQL server version for the right syntax to use near '' at line 1
L 02/05/2017 - 18:27:31: [comp_timer2.amxx] FailState == TQUERY_QUERY_FAILED, Query failed.
L 02/05/2017 - 18:29:00: [admin.amxx] Login: "SWAGGIE. XD<1569><VALVE_0:4:862961770><>" became an admin (account "SWAGGIE. XD") (access "bi") (address "109.98.131.207")
L 02/05/2017 - 18:29:26: [slayafk.amxx] Trag3DSIMoriHD a primit slay, deoarece a fost afk mai mult de 30 secunde
L 02/05/2017 - 18:30:41: [slayafk.amxx] Trag3DSIMoriHD a primit slay, deoarece a fost afk mai mult de 30 secunde
L 02/05/2017 - 18:32:31: [slayafk.amxx] Trag3DSIMoriHD a primit slay, deoarece a fost afk mai mult de 30 secunde
L 02/05/2017 - 18:35:02: [comp_timer2.amxx] Error on query: You have an error in your SQL syntax; check the manual that corresponds to your MySQL server version for the right syntax to use near '' at line 1
L 02/05/2017 - 18:35:02: [comp_timer2.amxx] FailState == TQUERY_QUERY_FAILED, Query failed.
L 02/05/2017 - 18:35:51: [slayafk.amxx] Trag3DSIMoriHD a primit slay, deoarece a fost afk mai mult de 30 secunde
L 02/05/2017 - 18:36:51: [admin.amxx] Login: "Sol<1583><STEAM_0:1:191882096><>" became an admin (account "Sol") (access "bi") (address "79.118.24.132")
L 02/05/2017 - 18:36:54: [admin.amxx] Login: "SWAGGIE. XD<1584><VALVE_0:4:862961770><>" became an admin (account "SWAGGIE. XD") (access "bi") (address "109.98.131.207")
L 02/05/2017 - 18:37:09: [adminchat.amxx] Chat: "SWAGGIE. XD<1584><VALVE_0:4:862961770><>" chat " dai tu vot?"
L 02/05/2017 - 18:37:15: [advanced_bans_sql.amxx] Sol <STEAM_0:1:191882096> banned Tardea King <STEAM_0:0:2061304169> || Reason: "reclama" || Ban Length: 6 days, 22 hours, 39 minutes
L 02/05/2017 - 18:38:01: [slayafk.amxx] Trag3DSIMoriHD a primit slay, deoarece a fost afk mai mult de 30 secunde
L 02/05/2017 - 18:39:08: [mapsmenu.amxx] Vote: "Sol<1583><STEAM_0:1:191882096><>" vote maps (map#1 "deathrun_2h_estonia") (map#2 "deathrun_crash_future") (map#3 "deathrun_hatred") (map#4 "")
L 02/05/2017 - 18:39:20: [mapsmenu.amxx] Vote: Voting successful. Map will be changed to deathrun_hatred
L 02/05/2017 - 18:42:52: -------- Mapchange to deathrun_hatred --------
L 02/05/2017 - 18:42:54: [comp_timer2.amxx] Error on query: You have an error in your SQL syntax; check the manual that corresponds to your MySQL server version for the right syntax to use near '' at line 1
L 02/05/2017 - 18:42:54: [comp_timer2.amxx] FailState == TQUERY_QUERY_FAILED, Query failed.
L 02/05/2017 - 18:42:55: [admin.amxx] Login: "SWAGGIE. XD<1584><VALVE_0:4:862961770><>" became an admin (account "SWAGGIE. XD") (access "bi") (address "109.98.131.207")
L 02/05/2017 - 18:42:55: [admin.amxx] Login: "Sol<1583><STEAM_0:1:191882096><>" became an admin (account "Sol") (access "bi") (address "79.118.24.132")
L 02/05/2017 - 18:42:56: [admin.amxx] Login: "SWAGGIE. XD<1594><VALVE_0:4:862961770><>" became an admin (account "SWAGGIE. XD") (access "bi") (address "109.98.131.207")
L 02/05/2017 - 18:42:57: [admin.amxx] Login: "Sol<1596><STEAM_0:1:191882096><>" became an admin (account "Sol") (access "bi") (address "79.118.24.132")
L 02/05/2017 - 18:43:17: [admincmd.amxx] Cmd: "Dr.FioriGinal.Ro ~ Server Clasi<0><><>" slay "Alexandru.Dymatize#<1608><VALVE_0:4:2085868272><>"
L 02/05/2017 - 18:53:36: [admincmd.amxx] Cmd: "Sol<1596><STEAM_0:1:191882096><>" slay "Eduard.<1627><STEAM_0:0:1771070235><>"
L 02/05/2017 - 18:59:57: [admin.amxx] Login: "SWAGGIE. XD<1639><VALVE_0:4:862961770><>" became an admin (account "SWAGGIE. XD") (access "bi") (address "109.98.131.207")
L 02/05/2017 - 19:02:57: [mapsmenu.amxx] Vote: "SWAGGIE. XD<1639><VALVE_0:4:862961770><>" vote maps (map#1 "deathrun_bhopz_v2") (map#2 "deathrun_hertz") (map#3 "") (map#4 "")
L 02/05/2017 - 19:03:09: [mapsmenu.amxx] Vote: Voting successful. Map will be changed to deathrun_hertz
L 02/05/2017 - 19:03:09: [comp_timer2.amxx] Error on query: You have an error in your SQL syntax; check the manual that corresponds to your MySQL server version for the right syntax to use near 's that69' AND Map = 'deathrun_hatred'' at line 1
L 02/05/2017 - 19:03:09: [comp_timer2.amxx] FailState == TQUERY_QUERY_FAILED, Query failed.
L 02/05/2017 - 19:03:28: [admin.amxx] Login: "Sol<1646><STEAM_0:1:191882096><>" became an admin (account "Sol") (access "bi") (address "79.118.24.132")
L 02/05/2017 - 19:03:38: [admincmd.amxx] ExtendMap: "Sol<1646><STEAM_0:1:191882096><>" extended map "deathrun_hatred" for 2 minutes.
L 02/05/2017 - 19:10:59: [admin.amxx] Login: "Sol<1661><STEAM_0:1:191882096><>" became an admin (account "Sol") (access "bi") (address "79.118.24.132")
L 02/05/2017 - 19:11:08: -------- Mapchange to deathrun_hertz --------
L 02/05/2017 - 19:11:09: [comp_timer2.amxx] Error on query: You have an error in your SQL syntax; check the manual that corresponds to your MySQL server version for the right syntax to use near '' at line 1
L 02/05/2017 - 19:11:09: [comp_timer2.amxx] FailState == TQUERY_QUERY_FAILED, Query failed.
L 02/05/2017 - 19:11:10: [admin.amxx] Login: "SWAGGIE. XD<1639><VALVE_0:4:862961770><>" became an admin (account "SWAGGIE. XD") (access "bi") (address "109.98.131.207")
L 02/05/2017 - 19:11:10: [admin.amxx] Login: "Sol<1661><STEAM_0:1:191882096><>" became an admin (account "Sol") (access "bi") (address "79.118.24.132")
L 02/05/2017 - 19:11:34: [admincmd.amxx] Cmd: "Dr.FioriGinal.Ro ~ Server Clasi<0><><>" slay "Pyky<1674><VALVE_0:4:1067375474><>"
L 02/05/2017 - 19:11:48: [admincmd.amxx] Cmd: "Dr.FioriGinal.Ro ~ Server Clasi<0><><>" slay "sTr@kissfm<1675><VALVE_0:4:242056322><>"
L 02/05/2017 - 19:11:50: [slayafk.amxx] K.A.S* WAK[N]ES a primit slay, deoarece a fost afk mai mult de 30 secunde
L 02/05/2017 - 19:15:40: [slayafk.amxx] K.A.S* WAK[N]ES a primit slay, deoarece a fost afk mai mult de 30 secunde
L 02/05/2017 - 19:17:35: [slayafk.amxx] K.A.S* WAK[N]ES a primit slay, deoarece a fost afk mai mult de 30 secunde
L 02/05/2017 - 19:17:35: [slayafk.amxx] SWAGGIE. XD a primit slay, deoarece a fost afk mai mult de 30 secunde
L 02/05/2017 - 19:17:54: [admin.amxx] Login: "Stifler<1683><STEAM_0:0:970363837><>" became an admin (account "Stifler") (access "bi") (address "176.223.12.2")
L 02/05/2017 - 19:20:05: [slayafk.amxx] K.A.S* WAK[N]ES a primit slay, deoarece a fost afk mai mult de 30 secunde
L 02/05/2017 - 19:20:05: [slayafk.amxx] SWAGGIE. XD a primit slay, deoarece a fost afk mai mult de 30 secunde
L 02/05/2017 - 19:22:40: [slayafk.amxx] K.A.S* WAK[N]ES a primit slay, deoarece a fost afk mai mult de 30 secunde
L 02/05/2017 - 19:22:40: [slayafk.amxx] SWAGGIE. XD a primit slay, deoarece a fost afk mai mult de 30 secunde
L 02/05/2017 - 19:23:49: [adminchat.amxx] Chat: "Stifler<1683><STEAM_0:0:970363837><>" chat "cnad iau si eu up?"
L 02/05/2017 - 19:24:05: [adminchat.amxx] Chat: "Stifler<1683><STEAM_0:0:970363837><>" chat "cand?"
L 02/05/2017 - 19:24:07: [adminchat.amxx] Chat: "Stifler<1683><STEAM_0:0:970363837><>" chat "ca merit"
L 02/05/2017 - 19:24:10: [slayafk.amxx] K.A.S* WAK[N]ES a primit slay, deoarece a fost afk mai mult de 30 secunde
L 02/05/2017 - 19:24:18: [adminchat.amxx] Chat: "Stifler<1683><STEAM_0:0:970363837><>" chat "si cand eram cu munca tot intram"
L 02/05/2017 - 19:24:20: [adminchat.amxx] Chat: "SWAGGIE. XD<1639><VALVE_0:4:862961770><>" chat "sol"
L 02/05/2017 - 19:24:24: [adminchat.amxx] Chat: "Stifler<1683><STEAM_0:0:970363837><>" chat "2-3 zile pe sapt"
L 02/05/2017 - 19:24:31: [adminchat.amxx] Chat: "SWAGGIE. XD<1639><VALVE_0:4:862961770><>" chat " eu am peste 30 de cand am adm"
L 02/05/2017 - 19:24:36: [adminchat.amxx] Chat: "Stifler<1683><STEAM_0:0:970363837><>" chat "acum sunt mai liber dar cu treaba tot sunt"
L 02/05/2017 - 19:24:37: [adminchat.amxx] Chat: "SWAGGIE. XD<1639><VALVE_0:4:862961770><>" chat " ce facem aici.."
L 02/05/2017 - 19:24:46: [adminchat.amxx] Chat: "Stifler<1683><STEAM_0:0:970363837><>" chat "te vb"
L 02/05/2017 - 19:24:48: [adminchat.amxx] Chat: "Stifler<1683><STEAM_0:0:970363837><>" chat "de rau"
L 02/05/2017 - 19:24:51: [adminchat.amxx] Chat: "Stifler<1683><STEAM_0:0:970363837><>" chat "=))"
L 02/05/2017 - 19:25:01: [adminchat.amxx] Chat: "SWAGGIE. XD<1639><VALVE_0:4:862961770><>" chat "sol ia hai pe steam putin"
L 02/05/2017 - 19:25:17: [adminchat.amxx] Chat: "SWAGGIE. XD<1639><VALVE_0:4:862961770><>" chat "  stai sa vad daca te am"
L 02/05/2017 - 19:25:37: [adminchat.amxx] Chat: "Stifler<1683><STEAM_0:0:970363837><>" chat "sol?"
L 02/05/2017 - 19:25:39: [adminchat.amxx] Chat: "Sol<1661><STEAM_0:1:191882096><>" chat "?"
L 02/05/2017 - 19:25:46: [adminchat.amxx] Chat: "Stifler<1683><STEAM_0:0:970363837><>" chat "da-mi si mie un steam sa ma joc cs"
L 02/05/2017 - 19:26:16: [adminchat.amxx] Chat: "SWAGGIE. XD<1639><VALVE_0:4:862961770><>" chat " ti am dat msj pe steam"
L 02/05/2017 - 19:26:24: [adminchat.amxx] Chat: "SWAGGIE. XD<1639><VALVE_0:4:862961770><>" chat " nu ti am dat"
L 02/05/2017 - 19:26:28: [adminchat.amxx] Chat: "SWAGGIE. XD<1639><VALVE_0:4:862961770><>" chat " ti am dat cerere"
L 02/05/2017 - 19:26:30: [adminchat.amxx] Chat: "SWAGGIE. XD<1639><VALVE_0:4:862961770><>" chat " da mi accept"
L 02/05/2017 - 19:27:05: [adminchat.amxx] Chat: "Stifler<1683><STEAM_0:0:970363837><>" chat "pai am cont de steam"
L 02/05/2017 - 19:27:08: [adminchat.amxx] Chat: "Stifler<1683><STEAM_0:0:970363837><>" chat "dar nu am cs"
L 02/05/2017 - 19:27:24: [adminchat.amxx] Chat: "Stifler<1683><STEAM_0:0:970363837><>" chat "fa-mi si mie"
L 02/05/2017 - 19:27:34: [adminchat.amxx] Chat: "Stifler<1683><STEAM_0:0:970363837><>" chat "o jmecherie sa am cs"
L 02/05/2017 - 19:27:36: [adminchat.amxx] Chat: "Stifler<1683><STEAM_0:0:970363837><>" chat "=))"
L 02/05/2017 - 19:27:41: [adminchat.amxx] Chat: "Sol<1661><STEAM_0:1:191882096><>" chat "ba pai daca fac asta la tn"
L 02/05/2017 - 19:27:43: [adminchat.amxx] Chat: "Sol<1661><STEAM_0:1:191882096><>" chat "numai pot intra eu"
L 02/05/2017 - 19:27:44: [adminchat.amxx] Chat: "Sol<1661><STEAM_0:1:191882096><>" chat ",-q"
L 02/05/2017 - 19:27:54: [adminchat.amxx] Chat: "Stifler<1683><STEAM_0:0:970363837><>" chat "pai nu sa numai intrii tu"
L 02/05/2017 - 19:28:07: [adminchat.amxx] Chat: "Stifler<1683><STEAM_0:0:970363837><>" chat "nu ai vreun prieten care are vreun steam?"
L 02/05/2017 - 19:28:33: [adminchat.amxx] Chat: "Sol<1661><STEAM_0:1:191882096><>" chat "am un prieten"
L 02/05/2017 - 19:28:33: [adminchat.amxx] Chat: "Stifler<1683><STEAM_0:0:970363837><>" chat "aveam un cont de steam cu alert de la unu"
L 02/05/2017 - 19:28:36: [adminchat.amxx] Chat: "Sol<1661><STEAM_0:1:191882096><>" chat "dar il vinde"
L 02/05/2017 - 19:28:38: [adminchat.amxx] Chat: "Stifler<1683><STEAM_0:0:970363837><>" chat "dar nu mai dau de el"
L 02/05/2017 - 19:28:40: [adminchat.amxx] Chat: "Stifler<1683><STEAM_0:0:970363837><>" chat "cat vrea?"
L 02/05/2017 - 19:28:47: [adminchat.amxx] Chat: "Sol<1661><STEAM_0:1:191882096><>" chat "stai sa-l intreb"
L 02/05/2017 - 19:29:40: [slayafk.amxx] SWAGGIE. XD a primit slay, deoarece a fost afk mai mult de 30 secunde
L 02/05/2017 - 19:30:00: [adminchat.amxx] Chat: "Stifler<1683><STEAM_0:0:970363837><>" chat "nu as vrea"
L 02/05/2017 - 19:30:06: [adminchat.amxx] Chat: "Stifler<1683><STEAM_0:0:970363837><>" chat "sa mai dau bani pe steam"
L 02/05/2017 - 19:30:16: [adminchat.amxx] Chat: "Stifler<1683><STEAM_0:0:970363837><>" chat "pentru ca ....nu prea mai ma joc asa mult"
L 02/05/2017 - 19:30:23: [adminchat.amxx] Chat: "Stifler<1683><STEAM_0:0:970363837><>" chat "dar se misca mai misto cs pe steam"
L 02/05/2017 - 19:30:29: [adminchat.amxx] Chat: "Sol<1661><STEAM_0:1:191882096><>" chat "da unu"
L 02/05/2017 - 19:30:31: [adminchat.amxx] Chat: "Sol<1661><STEAM_0:1:191882096><>" chat "cu 5 e psfc"
L 02/05/2017 - 19:30:43: [adminchat.amxx] Chat: "Stifler<1683><STEAM_0:0:970363837><>" chat "pl ca nu am acu"
L 02/05/2017 - 19:30:48: [adminchat.amxx] Chat: "Sol<1661><STEAM_0:1:191882096><>" chat "Nu chiar acu"
L 02/05/2017 - 19:30:52: [adminchat.amxx] Chat: "Sol<1661><STEAM_0:1:191882096><>" chat "vb cu luxor ca el da"
L 02/05/2017 - 19:30:53: [adminchat.amxx] Chat: "Sol<1661><STEAM_0:1:191882096><>" chat ":))"
L 02/05/2017 - 19:30:56: [adminchat.amxx] Chat: "Stifler<1683><STEAM_0:0:970363837><>" chat "aaa"
L 02/05/2017 - 19:31:00: [slayafk.amxx] SWAGGIE. XD a primit slay, deoarece a fost afk mai mult de 30 secunde
L 02/05/2017 - 19:31:01: [adminchat.amxx] Chat: "Stifler<1683><STEAM_0:0:970363837><>" chat "pai zi ca e pnetru mine"
L 02/05/2017 - 19:31:07: [adminchat.amxx] Chat: "Sol<1661><STEAM_0:1:191882096><>" chat "10 e "
L 02/05/2017 - 19:31:11: [adminchat.amxx] Chat: "Stifler<1683><STEAM_0:0:970363837><>" chat "pl"
L 02/05/2017 - 19:31:14: [adminchat.amxx] Chat: "Stifler<1683><STEAM_0:0:970363837><>" chat "pai e nou 10"
L 02/05/2017 - 19:31:17: [adminchat.amxx] Chat: "Sol<1661><STEAM_0:1:191882096><>" chat "5 e o zis"
L 02/05/2017 - 19:31:24: [adminchat.amxx] Chat: "Sol<1661><STEAM_0:1:191882096><>" chat "dau eu vot"
L 02/05/2017 - 19:31:30: [admincmd.amxx] ExtendMap: "Sol<1661><STEAM_0:1:191882096><>" extended map "deathrun_hertz" for 3 minutes.
L 02/05/2017 - 19:31:31: [adminchat.amxx] Chat: "Stifler<1683><STEAM_0:0:970363837><>" chat "pana pe 31 martie ii dau banii"
L 02/05/2017 - 19:31:35: [adminchat.amxx] Chat: "Stifler<1683><STEAM_0:0:970363837><>" chat "ca pe 11 e ziua mea=)))"
L 02/05/2017 - 19:32:30: [slayafk.amxx] Sol a primit slay, deoarece a fost afk mai mult de 30 secunde
L 02/05/2017 - 19:33:21: [adminchat.amxx] Chat: "Sol<1661><STEAM_0:1:191882096><>" chat "Dati voi vot"
L 02/05/2017 - 19:33:23: [adminchat.amxx] Chat: "Sol<1661><STEAM_0:1:191882096><>" chat ".."
L 02/05/2017 - 19:33:45: [slayafk.amxx] SWAGGIE. XD a primit slay, deoarece a fost afk mai mult de 30 secunde
L 02/05/2017 - 19:34:30: [slayafk.amxx] SWAGGIE. XD a primit slay, deoarece a fost afk mai mult de 30 secunde
L 02/05/2017 - 19:34:38: [adminvote.amxx] Vote: "Sol<1661><STEAM_0:1:191882096><>" vote maps (map#1 "deathrun_long_run") (map#2 "deathrun_av2009_recolred_ez") (map#3 "") (map#4 "")
L 02/05/2017 - 19:34:50: [adminvote.amxx] Vote: Voting successful (got "3") (needed "2") (result "amx_nextmap deathrun_long_run")
L 02/05/2017 - 19:34:53: [adminvote.amxx] Vote: Result refused
L 02/05/2017 - 19:35:02: [adminvote.amxx] Vote: "Sol<1661><STEAM_0:1:191882096><>" vote maps (map#1 "deathrun_long_run") (map#2 "deathrun_projetocs2") (map#3 "") (map#4 "")
L 02/05/2017 - 19:35:14: [adminvote.amxx] Vote: Voting successful (got "4") (needed "2") (result "amx_nextmap deathrun_long_run")
L 02/05/2017 - 19:35:16: [adminvote.amxx] Vote: Result accepted
L 02/05/2017 - 19:39:05: [admin.amxx] Login: "Stifler<1683><STEAM_0:0:970363837><>" became an admin (account "Stifler") (access "bi") (address "176.223.12.2")
L 02/05/2017 - 19:39:10: [slayafk.amxx] urs a primit slay, deoarece a fost afk mai mult de 30 secunde
L 02/05/2017 - 19:41:27: -------- Mapchange to deathrun_long_run --------
L 02/05/2017 - 19:41:28: [comp_timer2.amxx] Error on query: You have an error in your SQL syntax; check the manual that corresponds to your MySQL server version for the right syntax to use near '' at line 1
L 02/05/2017 - 19:41:28: [comp_timer2.amxx] FailState == TQUERY_QUERY_FAILED, Query failed.
L 02/05/2017 - 19:41:29: [admin.amxx] Login: "SWAGGIE. XD<1639><VALVE_0:4:862961770><>" became an admin (account "SWAGGIE. XD") (access "bi") (address "109.98.131.207")
L 02/05/2017 - 19:41:31: [admin.amxx] Login: "SWAGGIE. XD<1701><VALVE_0:4:862961770><>" became an admin (account "SWAGGIE. XD") (access "bi") (address "109.98.131.207")
L 02/05/2017 - 19:42:49: [slayafk.amxx] markeloff <3 a primit slay, deoarece a fost afk mai mult de 30 secunde
L 02/05/2017 - 19:43:58: [admin.amxx] Login: "deadpool<1709><STEAM_0:0:30403765><>" became an admin (account "deadpool") (access "bit") (address "82.79.251.176")
L 02/05/2017 - 19:44:01: [admin.amxx] Login: "deadpool<1710><STEAM_0:0:30403765><>" became an admin (account "deadpool") (access "bit") (address "82.79.251.176")
L 02/05/2017 - 19:59:14: [slayafk.amxx] No Sound a primit slay, deoarece a fost afk mai mult de 30 secunde
L 02/05/2017 - 19:59:19: [slayafk.amxx] maketacke a primit slay, deoarece a fost afk mai mult de 30 secunde
L 02/05/2017 - 20:02:34: [slayafk.amxx] maketacke a primit slay, deoarece a fost afk mai mult de 30 secunde
L 02/05/2017 - 20:03:11: [admin.amxx] Login: "joki<1727><STEAM_0:1:189984113><>" became an admin (account "joki") (access "bit") (address "82.77.168.74")
L 02/05/2017 - 20:03:13: [admin.amxx] Login: "joki<1728><STEAM_0:1:189984113><>" became an admin (account "joki") (access "bit") (address "82.77.168.74")
L 02/05/2017 - 20:04:09: [slayafk.amxx] maketacke a primit slay, deoarece a fost afk mai mult de 30 secunde
L 02/05/2017 - 20:06:44: [slayafk.amxx] maketacke a primit slay, deoarece a fost afk mai mult de 30 secunde
L 02/05/2017 - 20:09:07: -------- Mapchange to deathrun_lies_f --------
L 02/05/2017 - 20:09:08: [comp_timer2.amxx] Error on query: You have an error in your SQL syntax; check the manual that corresponds to your MySQL server version for the right syntax to use near '' at line 1
L 02/05/2017 - 20:09:08: [comp_timer2.amxx] FailState == TQUERY_QUERY_FAILED, Query failed.
L 02/05/2017 - 20:09:09: [admin.amxx] Login: "joki<1728><STEAM_0:1:189984113><>" became an admin (account "joki") (access "bit") (address "82.77.168.74")
L 02/05/2017 - 20:09:09: [admin.amxx] Login: "deadpool<1710><STEAM_0:0:30403765><>" became an admin (account "deadpool") (access "bit") (address "82.79.251.176")
L 02/05/2017 - 20:09:11: [admin.amxx] Login: "joki<1731><STEAM_0:1:189984113><>" became an admin (account "joki") (access "bit") (address "82.77.168.74")
L 02/05/2017 - 20:13:35: [admincmd.amxx] Cmd: "Dr.FioriGinal.Ro ~ Server Clasi<0><><>" slay "Pyky<1742><VALVE_0:4:1067375474><>"
L 02/05/2017 - 20:16:53: [admincmd.amxx] Cmd: "Dr.FioriGinal.Ro ~ Server Clasi<0><><>" slay "Pyky<1744><VALVE_0:4:1067375474><>"
L 02/05/2017 - 20:38:01: [admin.amxx] Login: "Hazard'<1770><STEAM_0:0:67292689><>" became an admin (account "Hazard'") (access "bi") (address "85.186.3.173")
L 02/05/2017 - 20:39:16: [mapsmenu.amxx] Vote: "Hazard'<1770><STEAM_0:0:67292689><>" vote maps (map#1 "deathrun_heaven") (map#2 "deathrun_green_h") (map#3 "") (map#4 "")
L 02/05/2017 - 20:39:28: [mapsmenu.amxx] Vote: Voting successful. Map will be changed to deathrun_heaven
L 02/05/2017 - 20:42:57: -------- Mapchange to deathrun_heaven --------
L 02/05/2017 - 20:42:59: [comp_timer2.amxx] Error on query: You have an error in your SQL syntax; check the manual that corresponds to your MySQL server version for the right syntax to use near '' at line 1
L 02/05/2017 - 20:42:59: [comp_timer2.amxx] FailState == TQUERY_QUERY_FAILED, Query failed.
L 02/05/2017 - 20:43:00: [admin.amxx] Login: "Hazard'<1770><STEAM_0:0:67292689><>" became an admin (account "Hazard'") (access "bi") (address "85.186.3.173")
L 02/05/2017 - 20:43:03: [admin.amxx] Login: "Hazard'<1775><STEAM_0:0:67292689><>" became an admin (account "Hazard'") (access "bi") (address "85.186.3.173")
L 02/05/2017 - 21:04:43: [mapsmenu.amxx] Vote: "Hazard'<1775><STEAM_0:0:67292689><>" vote maps (map#1 "deathrun_ghosts") (map#2 "deathrun_sk_occult") (map#3 "") (map#4 "")
L 02/05/2017 - 21:04:55: [mapsmenu.amxx] Vote: Voting successful. Map will be changed to deathrun_ghosts
L 02/05/2017 - 21:08:54: -------- Mapchange to deathrun_ghosts --------
L 02/05/2017 - 21:08:55: [comp_timer2.amxx] Error on query: You have an error in your SQL syntax; check the manual that corresponds to your MySQL server version for the right syntax to use near '' at line 1
L 02/05/2017 - 21:08:55: [comp_timer2.amxx] FailState == TQUERY_QUERY_FAILED, Query failed.
L 02/05/2017 - 21:13:12: [admincmd.amxx] Cmd: "Dr.FioriGinal.Ro ~ Server Clasi<0><><>" slay "Ene[R]gy^_ FiNs0N WaRSiMpS0NpFf<1810><STEAM_0:0:947863493><>"
L 02/05/2017 - 21:13:29: [admincmd.amxx] Cmd: "Dr.FioriGinal.Ro ~ Server Clasi<0><><>" slay "DoZe<1812><STEAM_0:0:1518108911><>"
L 02/05/2017 - 21:14:15: [admincmd.amxx] Cmd: "Dr.FioriGinal.Ro ~ Server Clasi<0><><>" slay "Ene[R]gy^_ FiNs0N WaRSiMpS0NpFf<1814><STEAM_0:0:947863493><>"
L 02/05/2017 - 21:14:17: [admincmd.amxx] Cmd: "Dr.FioriGinal.Ro ~ Server Clasi<0><><>" slay "DoZe<1815><STEAM_0:0:1518108911><>"
L 02/05/2017 - 21:14:26: [admincmd.amxx] Cmd: "Dr.FioriGinal.Ro ~ Server Clasi<0><><>" slay "DoZe<1816><STEAM_0:0:1518108911><>"
L 02/05/2017 - 21:14:28: [admin.amxx] Login: "kolo1<1818><VALVE_0:4:320034930><>" became an admin (account "kolo1") (access "bi") (address "92.82.122.143")
L 02/05/2017 - 21:14:32: [admincmd.amxx] Cmd: "Dr.FioriGinal.Ro ~ Server Clasi<0><><>" slay "Ene[R]gy^_ FiNs0N WaRSiMpS0NpFf<1817><STEAM_0:0:947863493><>"
L 02/05/2017 - 21:14:38: [admin.amxx] Login: "kolo1<1819><VALVE_0:4:320034930><>" became an admin (account "kolo1") (access "bi") (address "92.82.122.143")
L 02/05/2017 - 21:18:32: [admin.amxx] Login: "Sol<1830><STEAM_0:1:191882096><>" became an admin (account "Sol") (access "bi") (address "79.118.77.63")
L 02/05/2017 - 21:18:34: [admin.amxx] Login: "Sol<1831><STEAM_0:1:191882096><>" became an admin (account "Sol") (access "bi") (address "79.118.77.63")
L 02/05/2017 - 21:18:37: [admincmd.amxx] Cmd: "Dr.FioriGinal.Ro ~ Server Clasi<0><><>" slay "DoZe<1829><STEAM_0:0:1518108911><>"
L 02/05/2017 - 21:18:46: [admincmd.amxx] Cmd: "Dr.FioriGinal.Ro ~ Server Clasi<0><><>" slay "Ene[R]gy^_ FiNs0N WaRSiMpS0NpFf<1832><STEAM_0:0:947863493><>"
L 02/05/2017 - 21:20:44: [admincmd.amxx] Cmd: "Sol<1831><STEAM_0:1:191882096><>" changelevel "deathrun_long_run"
L 02/05/2017 - 21:20:46: -------- Mapchange to deathrun_long_run --------
L 02/05/2017 - 21:20:48: [comp_timer2.amxx] Error on query: You have an error in your SQL syntax; check the manual that corresponds to your MySQL server version for the right syntax to use near '' at line 1
L 02/05/2017 - 21:20:48: [comp_timer2.amxx] FailState == TQUERY_QUERY_FAILED, Query failed.
L 02/05/2017 - 21:20:49: [admin.amxx] Login: "Sol<1831><STEAM_0:1:191882096><>" became an admin (account "Sol") (access "bi") (address "79.118.77.63")
L 02/05/2017 - 21:20:51: [admin.amxx] Login: "Sol<1835><STEAM_0:1:191882096><>" became an admin (account "Sol") (access "bi") (address "79.118.77.63")
L 02/05/2017 - 21:21:31: [admincmd.amxx] Cmd: "Dr.FioriGinal.Ro ~ Server Clasi<0><><>" slay "MiB^ @like's that69<1841><STEAM_0:0:1940015179><>"
L 02/05/2017 - 21:21:43: [slayafk.amxx] Ene[R]gy^_ FiNs0N WaRSiMpS0NpFf a primit slay, deoarece a fost afk mai mult de 30 secunde
L 02/05/2017 - 21:22:18: [slayafk.amxx] Ene[R]gy^_ FiNs0N WaRSiMpS0NpFf a primit slay, deoarece a fost afk mai mult de 30 secunde
L 02/05/2017 - 21:25:18: [slayafk.amxx] MiB^ @like's that69 a primit slay, deoarece a fost afk mai mult de 30 secunde
L 02/05/2017 - 21:26:43: [slayafk.amxx] Ene[R]gy^_ FiNs0N WaRSiMpS0NpFf a primit slay, deoarece a fost afk mai mult de 30 secunde
L 02/05/2017 - 21:26:48: [slayafk.amxx] MiB^ @like's that69 a primit slay, deoarece a fost afk mai mult de 30 secunde
L 02/05/2017 - 21:27:58: [slayafk.amxx] Ene[R]gy^_ FiNs0N WaRSiMpS0NpFf a primit slay, deoarece a fost afk mai mult de 30 secunde
L 02/05/2017 - 21:27:58: [slayafk.amxx] MiB^ @like's that69 a primit slay, deoarece a fost afk mai mult de 30 secunde
L 02/05/2017 - 21:29:43: [slayafk.amxx] Ene[R]gy^_ FiNs0N WaRSiMpS0NpFf a primit slay, deoarece a fost afk mai mult de 30 secunde
L 02/05/2017 - 21:31:29: [admin.amxx] Login: "wKn<1849><STEAM_0:0:196614190><>" kicked due to invalid password (account "wKn") (address "92.85.73.239")
L 02/05/2017 - 21:31:43: [slayafk.amxx] Ene[R]gy^_ FiNs0N WaRSiMpS0NpFf a primit slay, deoarece a fost afk mai mult de 30 secunde
L 02/05/2017 - 21:35:53: [slayafk.amxx] Ene[R]gy^_ FiNs0N WaRSiMpS0NpFf a primit slay, deoarece a fost afk mai mult de 30 secunde
L 02/05/2017 - 21:39:13: [slayafk.amxx] Ene[R]gy^_ FiNs0N WaRSiMpS0NpFf a primit slay, deoarece a fost afk mai mult de 30 secunde
L 02/05/2017 - 21:42:00: [admincmd.amxx] ExtendMap: "Sol<1835><STEAM_0:1:191882096><>" extended map "deathrun_long_run" for 20 minutes.
L 02/05/2017 - 21:42:48: [slayafk.amxx] Ene[R]gy^_ FiNs0N WaRSiMpS0NpFf a primit slay, deoarece a fost afk mai mult de 30 secunde
L 02/05/2017 - 21:43:58: [slayafk.amxx] Ene[R]gy^_ FiNs0N WaRSiMpS0NpFf a primit slay, deoarece a fost afk mai mult de 30 secunde
L 02/05/2017 - 21:45:38: [slayafk.amxx] Ene[R]gy^_ FiNs0N WaRSiMpS0NpFf a primit slay, deoarece a fost afk mai mult de 30 secunde
L 02/05/2017 - 21:47:28: [slayafk.amxx] Ene[R]gy^_ FiNs0N WaRSiMpS0NpFf a primit slay, deoarece a fost afk mai mult de 30 secunde
L 02/05/2017 - 21:48:08: [slayafk.amxx] Ene[R]gy^_ FiNs0N WaRSiMpS0NpFf a primit slay, deoarece a fost afk mai mult de 30 secunde
L 02/05/2017 - 21:49:53: [slayafk.amxx] Ene[R]gy^_ FiNs0N WaRSiMpS0NpFf a primit slay, deoarece a fost afk mai mult de 30 secunde
L 02/05/2017 - 21:49:53: [slayafk.amxx] maketacke a primit slay, deoarece a fost afk mai mult de 30 secunde
L 02/05/2017 - 21:54:53: [slayafk.amxx] Ene[R]gy^_ FiNs0N WaRSiMpS0NpFf a primit slay, deoarece a fost afk mai mult de 30 secunde
L 02/05/2017 - 21:55:48: [slayafk.amxx] Ene[R]gy^_ FiNs0N WaRSiMpS0NpFf a primit slay, deoarece a fost afk mai mult de 30 secunde
L 02/05/2017 - 22:00:18: [slayafk.amxx] Ene[R]gy^_ FiNs0N WaRSiMpS0NpFf a primit slay, deoarece a fost afk mai mult de 30 secunde
L 02/05/2017 - 22:01:28: [slayafk.amxx] Ene[R]gy^_ FiNs0N WaRSiMpS0NpFf a primit slay, deoarece a fost afk mai mult de 30 secunde
L 02/05/2017 - 22:01:35: [mapsmenu.amxx] Vote: "Sol<1835><STEAM_0:1:191882096><>" vote maps (map#1 "deathrun_hertz") (map#2 "deathrun_clarion_dojo_b3") (map#3 "") (map#4 "")
L 02/05/2017 - 22:01:47: [mapsmenu.amxx] Vote: Voting successful. Map will be changed to deathrun_hertz
L 02/05/2017 - 22:09:00: -------- Mapchange to deathrun_hertz --------
L 02/05/2017 - 22:09:01: [comp_timer2.amxx] Error on query: You have an error in your SQL syntax; check the manual that corresponds to your MySQL server version for the right syntax to use near '' at line 1
L 02/05/2017 - 22:09:01: [comp_timer2.amxx] FailState == TQUERY_QUERY_FAILED, Query failed.
L 02/05/2017 - 22:09:02: [admin.amxx] Login: "Sol<1835><STEAM_0:1:191882096><>" became an admin (account "Sol") (access "bi") (address "79.118.77.63")
L 02/05/2017 - 22:09:42: [slayafk.amxx] Ene[R]gy^_ FiNs0N WaRSiMpS0NpFf a primit slay, deoarece a fost afk mai mult de 30 secunde
L 02/05/2017 - 22:10:17: [slayafk.amxx] Ene[R]gy^_ FiNs0N WaRSiMpS0NpFf a primit slay, deoarece a fost afk mai mult de 30 secunde
L 02/05/2017 - 22:11:17: [slayafk.amxx] Ene[R]gy^_ FiNs0N WaRSiMpS0NpFf a primit slay, deoarece a fost afk mai mult de 30 secunde
L 02/05/2017 - 22:23:05: [admin.amxx] Login: "spartanC3<1890><STEAM_0:0:1219032291><>" became an admin (account "spartanC3") (access "bi") (address "109.97.98.186")
L 02/05/2017 - 22:23:38: [admincmd.amxx] Cmd: "spartanC3<1890><STEAM_0:0:1219032291><>" slay "spartanC3<1890><STEAM_0:0:1219032291><>"
L 02/05/2017 - 22:24:51: [admin.amxx] Login: "SWAGGIE. XD<1893><VALVE_0:4:862961770><>" became an admin (account "SWAGGIE. XD") (access "bi") (address "109.98.131.207")
L 02/05/2017 - 22:30:32: [slayafk.amxx] <KuPiNAAtAjS> a primit slay, deoarece a fost afk mai mult de 30 secunde
L 02/05/2017 - 22:35:03: [mapsmenu.amxx] Vote: "SWAGGIE. XD<1893><VALVE_0:4:862961770><>" vote maps (map#1 "deathrun_expres-winter") (map#2 "deathrun_expres-game") (map#3 "") (map#4 "")
L 02/05/2017 - 22:35:15: [mapsmenu.amxx] Vote: Voting successful. Map will be changed to deathrun_expres-game
L 02/05/2017 - 22:36:49: -------- Mapchange to deathrun_expres-game --------
L 02/05/2017 - 22:36:51: [comp_timer2.amxx] Error on query: You have an error in your SQL syntax; check the manual that corresponds to your MySQL server version for the right syntax to use near '' at line 1
L 02/05/2017 - 22:36:51: [comp_timer2.amxx] FailState == TQUERY_QUERY_FAILED, Query failed.
L 02/05/2017 - 22:36:52: [admin.amxx] Login: "SWAGGIE. XD<1893><VALVE_0:4:862961770><>" became an admin (account "SWAGGIE. XD") (access "bi") (address "109.98.131.207")
L 02/05/2017 - 22:43:40: [admincmd.amxx] Cmd: "Dr.FioriGinal.Ro ~ Server Clasi<0><><>" slay "sTr@kissfm<1915><VALVE_0:4:242056322><>"
L 02/05/2017 - 22:45:48: [admin.amxx] Login: "SWAGGIE. XD<1919><VALVE_0:4:862961770><>" became an admin (account "SWAGGIE. XD") (access "bi") (address "109.98.131.207")
L 02/05/2017 - 22:54:16: [slayafk.amxx] markeloff <3 a primit slay, deoarece a fost afk mai mult de 30 secunde
L 02/05/2017 - 22:57:51: [slayafk.amxx] Tr3fla a primit slay, deoarece a fost afk mai mult de 30 secunde
L 02/05/2017 - 22:58:16: [mapsmenu.amxx] Vote: "SWAGGIE. XD<1919><VALVE_0:4:862961770><>" vote maps (map#1 "deathrun_3sixty_fg_fix3") (map#2 "deathrun_laikiux_rawr") (map#3 "") (map#4 "")
L 02/05/2017 - 22:58:28: [mapsmenu.amxx] Vote: Voting successful. Map will be changed to deathrun_3sixty_fg_fix3
L 02/05/2017 - 23:00:26: [slayafk.amxx] Tr3fla a primit slay, deoarece a fost afk mai mult de 30 secunde
L 02/05/2017 - 23:03:17: -------- Mapchange to deathrun_3sixty_fg_fix3 --------
L 02/05/2017 - 23:03:19: [comp_timer2.amxx] Error on query: You have an error in your SQL syntax; check the manual that corresponds to your MySQL server version for the right syntax to use near '' at line 1
L 02/05/2017 - 23:03:19: [comp_timer2.amxx] FailState == TQUERY_QUERY_FAILED, Query failed.
L 02/05/2017 - 23:03:20: [admin.amxx] Login: "SWAGGIE. XD<1919><VALVE_0:4:862961770><>" became an admin (account "SWAGGIE. XD") (access "bi") (address "109.98.131.207")
L 02/05/2017 - 23:06:14: [slayafk.amxx] Tr3fla a primit slay, deoarece a fost afk mai mult de 30 secunde
L 02/05/2017 - 23:19:24: [slayafk.amxx] SWAGGIE. XD a primit slay, deoarece a fost afk mai mult de 30 secunde
L 02/05/2017 - 23:29:12: [mapsmenu.amxx] Vote: "SWAGGIE. XD<1919><VALVE_0:4:862961770><>" vote maps (map#1 "deathrun_bhopz_v2") (map#2 "deathrun_clarion_dojo_b3") (map#3 "") (map#4 "")
L 02/05/2017 - 23:29:24: [mapsmenu.amxx] Vote: Voting successful. Map will be changed to deathrun_bhopz_v2
L 02/05/2017 - 23:30:13: -------- Mapchange to deathrun_bhopz_v2 --------
L 02/05/2017 - 23:30:14: [comp_timer2.amxx] Error on query: You have an error in your SQL syntax; check the manual that corresponds to your MySQL server version for the right syntax to use near '' at line 1
L 02/05/2017 - 23:30:14: [comp_timer2.amxx] FailState == TQUERY_QUERY_FAILED, Query failed.
L 02/05/2017 - 23:30:15: [admin.amxx] Login: "SWAGGIE. XD<1919><VALVE_0:4:862961770><>" became an admin (account "SWAGGIE. XD") (access "bi") (address "109.98.131.207")
L 02/05/2017 - 23:48:45: [slayafk.amxx] SWAGGIE. XD a primit slay, deoarece a fost afk mai mult de 30 secunde
L 02/05/2017 - 23:58:26: [mapsmenu.amxx] Vote: "SWAGGIE. XD<1919><VALVE_0:4:862961770><>" vote maps (map#1 "deathrun_laikiux_rawr") (map#2 "deathrun_clarion_dojo_b3") (map#3 "") (map#4 "")
L 02/05/2017 - 23:58:38: [mapsmenu.amxx] Vote: Voting successful. Map will be changed to deathrun_laikiux_rawr
