L 06/28/2017 - 00:49:31: -------- Mapchange to deathrun_ghosts --------
L 06/28/2017 - 00:49:32: [AMXX] Failed to open dictionary file: cstrike/addons/amxmodx/data/lang/walkguard.txt
L 06/28/2017 - 00:49:33: [walkguard.amxx] no zone-file found
L 06/28/2017 - 01:19:01: -------- Mapchange to deathrun_sk_occult --------
L 06/28/2017 - 01:19:03: [AMXX] Failed to open dictionary file: cstrike/addons/amxmodx/data/lang/walkguard.txt
L 06/28/2017 - 01:19:04: [walkguard.amxx] no zone-file found
L 06/28/2017 - 01:21:54: -------- Mapchange to deathrun_forest --------
L 06/28/2017 - 01:22:00: [AMXX] Failed to open dictionary file: cstrike/addons/amxmodx/data/lang/walkguard.txt
L 06/28/2017 - 01:22:02: [walkguard.amxx] no zone-file found
L 06/28/2017 - 01:22:11: Invalid multi-lingual line (file "cstrike/addons/amxmodx/data/lang/rom_protect.txt" key "// *ROM-Protect// Plugin OpenSource anti-IsFlooding/bug-fix pentru orice server." lang "")
L 06/28/2017 - 01:22:11: Invalid multi-lingual line (file "cstrike/addons/amxmodx/data/lang/rom_protect.txt" key "// Versiunea : 1.0.4s-dev. Bulid : 98. Data lansarii versiunii : 03.12.2016." lang "")
L 06/28/2017 - 01:22:11: Invalid multi-lingual line (file "cstrike/addons/amxmodx/data/lang/rom_protect.txt" key "// Autor : lüxor # Dr.Fio & DR2.IND (+ eNd.) - SteamID (contact) : luxxxoor" lang "")
L 06/28/2017 - 01:22:11: Invalid multi-lingual line (file "cstrike/addons/amxmodx/data/lang/rom_protect.txt" key "// O productie FioriGinal.ro - site : www.fioriginal.ro" lang "")
L 06/28/2017 - 01:22:11: Invalid multi-lingual line (file "cstrike/addons/amxmodx/data/lang/rom_protect.txt" key "// Link forum de dezvoltare : http://forum.fioriginal.ro/amxmodx-plugins-pluginuri/rom-protect-anti-flood-bug-fix-t28292.html" lang "")
L 06/28/2017 - 01:22:11: Invalid multi-lingual line (file "cstrike/addons/amxmodx/data/lang/rom_protect.txt" key "// Link sursa : https://github.com/luxxxoor/ROM-Protect" lang "")
L 06/28/2017 - 01:22:11: Invalid multi-lingual line (file "cstrike/addons/amxmodx/data/lang/rom_protect.txt" key "// Colori : ^1 - Culoarea aleasa de jucator cu con_color." lang "")
L 06/28/2017 - 01:22:11: Invalid multi-lingual line (file "cstrike/addons/amxmodx/data/lang/rom_protect.txt" key "//          ^3 - Culoare gri." lang "")
L 06/28/2017 - 01:22:11: Invalid multi-lingual line (file "cstrike/addons/amxmodx/data/lang/rom_protect.txt" key "//          ^4 - Culoare verde." lang "")
L 06/28/2017 - 01:48:51: -------- Mapchange to deathrun_jinglebells --------
L 06/28/2017 - 01:48:52: [AMXX] Failed to open dictionary file: cstrike/addons/amxmodx/data/lang/walkguard.txt
L 06/28/2017 - 01:48:53: [walkguard.amxx] no zone-file found
L 06/28/2017 - 01:56:33: [slayafk.amxx] Nova I Jano. a primit slay, deoarece a fost afk mai mult de 30 secunde
L 06/28/2017 - 01:57:13: [slayafk.amxx] Nova I Jano. a primit slay, deoarece a fost afk mai mult de 30 secunde
L 06/28/2017 - 01:57:53: [slayafk.amxx] Nova I Jano. a primit slay, deoarece a fost afk mai mult de 30 secunde
L 06/28/2017 - 02:55:01: -------- Mapchange to deathrun_long_run --------
L 06/28/2017 - 02:55:02: [AMXX] Failed to open dictionary file: cstrike/addons/amxmodx/data/lang/walkguard.txt
L 06/28/2017 - 02:55:03: [walkguard.amxx] no zone-file found
L 06/28/2017 - 04:52:41: -------- Mapchange to deathrun_virtualstrike --------
L 06/28/2017 - 04:52:43: [AMXX] Failed to open dictionary file: cstrike/addons/amxmodx/data/lang/walkguard.txt
L 06/28/2017 - 04:52:44: [walkguard.amxx] no zone-file found
L 06/28/2017 - 09:03:17: -------- Mapchange to deathrun_nightrun_beta3 --------
L 06/28/2017 - 09:03:18: [AMXX] Failed to open dictionary file: cstrike/addons/amxmodx/data/lang/walkguard.txt
L 06/28/2017 - 09:03:19: [walkguard.amxx] no zone-file found
L 06/28/2017 - 09:28:31: -------- Mapchange to deathrun_0mega --------
L 06/28/2017 - 09:28:32: [AMXX] Failed to open dictionary file: cstrike/addons/amxmodx/data/lang/walkguard.txt
L 06/28/2017 - 09:28:33: [walkguard.amxx] no zone-file found
L 06/28/2017 - 09:32:25: [admincmd.amxx] Cmd: "Dr.FioriGinal.Ro ~ Server Clasi<0><><>" slay "MaDaFucKAm<50><STEAM_0:0:1349312840><>"
L 06/28/2017 - 09:32:44: [admincmd.amxx] Cmd: "Dr.FioriGinal.Ro ~ Server Clasi<0><><>" slay "MaDaFucKAm<51><STEAM_0:0:1349312840><>"
L 06/28/2017 - 10:23:13: -------- Mapchange to deathrun_discovery3 --------
L 06/28/2017 - 10:23:14: [AMXX] Failed to open dictionary file: cstrike/addons/amxmodx/data/lang/walkguard.txt
L 06/28/2017 - 10:23:15: [walkguard.amxx] no zone-file found
L 06/28/2017 - 10:36:31: [admincmd.amxx] Cmd: "Dr.FioriGinal.Ro ~ Server Clasi<0><><>" slay "[mr] isam ghaith<66><STEAM_0:0:997819823><>"
L 06/28/2017 - 10:55:41: -------- Mapchange to deathrun_adi_blurez --------
L 06/28/2017 - 10:55:42: [AMXX] Failed to open dictionary file: cstrike/addons/amxmodx/data/lang/walkguard.txt
L 06/28/2017 - 10:55:43: [walkguard.amxx] no zone-file found
L 06/28/2017 - 11:19:47: [admin.amxx] Login: "Stifler<78><STEAM_0:1:22458368><>" became an admin (account "Stifler") (access "b") (address "31.5.145.190")
L 06/28/2017 - 11:19:49: [admin.amxx] Login: "Stifler<79><STEAM_0:1:22458368><>" became an admin (account "Stifler") (access "b") (address "31.5.145.190")
L 06/28/2017 - 11:20:55: -------- Mapchange to deathrun_2h_estonia --------
L 06/28/2017 - 11:20:56: [AMXX] Failed to open dictionary file: cstrike/addons/amxmodx/data/lang/walkguard.txt
L 06/28/2017 - 11:20:57: [admin.amxx] Login: "Stifler<79><STEAM_0:1:22458368><>" became an admin (account "Stifler") (access "b") (address "31.5.145.190")
L 06/28/2017 - 11:20:57: [walkguard.amxx] no zone-file found
L 06/28/2017 - 11:31:35: [admincmd.amxx] Cmd: "Dr.FioriGinal.Ro ~ Server Clasi<0><><>" slay "bLackWyNNNN<89><VALVE_0:4:1010984688><>"
L 06/28/2017 - 11:40:58: [slayafk.amxx] ZoKyY a primit slay, deoarece a fost afk mai mult de 30 secunde
L 06/28/2017 - 11:57:08: -------- Mapchange to deathrun_y_underground --------
L 06/28/2017 - 11:57:09: [AMXX] Failed to open dictionary file: cstrike/addons/amxmodx/data/lang/walkguard.txt
L 06/28/2017 - 11:57:10: [walkguard.amxx] no zone-file found
L 06/28/2017 - 12:12:16: [admin.amxx] Login: "Stifler<100><STEAM_0:1:22458368><>" became an admin (account "Stifler") (access "b") (address "31.5.145.190")
L 06/28/2017 - 12:22:53: -------- Mapchange to deathrun_privateers --------
L 06/28/2017 - 12:22:54: [AMXX] Failed to open dictionary file: cstrike/addons/amxmodx/data/lang/walkguard.txt
L 06/28/2017 - 12:22:55: [walkguard.amxx] no zone-file found
L 06/28/2017 - 12:56:45: -------- Mapchange to deathrun_rizzy_x --------
L 06/28/2017 - 12:56:46: [AMXX] Failed to open dictionary file: cstrike/addons/amxmodx/data/lang/walkguard.txt
L 06/28/2017 - 12:56:47: [walkguard.amxx] no zone-file found
L 06/28/2017 - 13:36:22: -------- Mapchange to deathrun_ghosts --------
L 06/28/2017 - 13:36:23: [AMXX] Failed to open dictionary file: cstrike/addons/amxmodx/data/lang/walkguard.txt
L 06/28/2017 - 13:36:24: [walkguard.amxx] no zone-file found
L 06/28/2017 - 14:10:56: [admin.amxx] Login: "wKn<131><STEAM_0:0:196614190><>" became an admin (account "wKn") (access "bit") (address "92.80.86.52")
L 06/28/2017 - 14:11:01: [admin.amxx] Login: "wKn<132><STEAM_0:0:196614190><>" became an admin (account "wKn") (access "bit") (address "92.80.86.52")
L 06/28/2017 - 14:31:44: -------- Mapchange to deathrun_sk_occult --------
L 06/28/2017 - 14:31:46: [AMXX] Failed to open dictionary file: cstrike/addons/amxmodx/data/lang/walkguard.txt
L 06/28/2017 - 14:31:47: [walkguard.amxx] no zone-file found
L 06/28/2017 - 14:47:28: [admincmd.amxx] Cmd: "Dr.FioriGinal.Ro ~ Server Clasi<0><><>" slay "vuia vlaceanu<143><STEAM_0:0:1125805092><>"
L 06/28/2017 - 14:53:54: [admincmd.amxx] Cmd: "Dr.FioriGinal.Ro ~ Server Clasi<0><><>" slay "vuia vlaceanu<145><STEAM_0:0:1125805092><>"
L 06/28/2017 - 15:11:56: [slayafk.amxx] w1kkEd=D a primit slay, deoarece a fost afk mai mult de 30 secunde
L 06/28/2017 - 15:17:25: -------- Mapchange to deathrun_jigsaw2 --------
L 06/28/2017 - 15:17:26: [AMXX] Failed to open dictionary file: cstrike/addons/amxmodx/data/lang/walkguard.txt
L 06/28/2017 - 15:17:27: [walkguard.amxx] no zone-file found
L 06/28/2017 - 15:42:45: [admincmd.amxx] Cmd: "Dr.FioriGinal.Ro ~ Server Clasi<0><><>" slay "skydooRR#Bucharest1<168><STEAM_0:0:1842036096><>"
L 06/28/2017 - 16:16:14: -------- Mapchange to deathrun_christmas --------
L 06/28/2017 - 16:16:15: [AMXX] Failed to open dictionary file: cstrike/addons/amxmodx/data/lang/walkguard.txt
L 06/28/2017 - 16:16:16: [walkguard.amxx] no zone-file found
L 06/28/2017 - 16:54:06: -------- Mapchange to deathrun_jinglebells2 --------
L 06/28/2017 - 16:54:07: [AMXX] Failed to open dictionary file: cstrike/addons/amxmodx/data/lang/walkguard.txt
L 06/28/2017 - 16:54:08: [walkguard.amxx] no zone-file found
L 06/28/2017 - 17:12:28: [slayafk.amxx] Hide*ESW a primit slay, deoarece a fost afk mai mult de 30 secunde
L 06/28/2017 - 17:20:22: -------- Mapchange to deathrun_gb_winter_final4 --------
L 06/28/2017 - 17:20:23: [AMXX] Failed to open dictionary file: cstrike/addons/amxmodx/data/lang/walkguard.txt
L 06/28/2017 - 17:20:24: [walkguard.amxx] no zone-file found
L 06/28/2017 - 17:52:07: -------- Mapchange to deathrun_expres-winter --------
L 06/28/2017 - 17:52:09: [AMXX] Failed to open dictionary file: cstrike/addons/amxmodx/data/lang/walkguard.txt
L 06/28/2017 - 17:52:10: [walkguard.amxx] no zone-file found
L 06/28/2017 - 18:28:08: -------- Mapchange to deathrun_alleywinter --------
L 06/28/2017 - 18:28:09: [AMXX] Failed to open dictionary file: cstrike/addons/amxmodx/data/lang/walkguard.txt
L 06/28/2017 - 18:28:10: [walkguard.amxx] no zone-file found
L 06/28/2017 - 18:34:26: [admincmd.amxx] Cmd: "Dr.FioriGinal.Ro ~ Server Clasi<0><><>" slay "skydooRR# Bucharest1<220><STEAM_0:0:1842036096><>"
L 06/28/2017 - 18:37:30: [admincmd.amxx] Cmd: "Dr.FioriGinal.Ro ~ Server Clasi<0><><>" slay "[mr] isam ghaith<223><STEAM_0:0:997819823><>"
L 06/28/2017 - 18:38:25: [slayafk.amxx] [mr] isam ghaith a primit slay, deoarece a fost afk mai mult de 30 secunde
L 06/28/2017 - 18:39:35: [slayafk.amxx] [mr] isam ghaith a primit slay, deoarece a fost afk mai mult de 30 secunde
L 06/28/2017 - 19:05:34: -------- Mapchange to deathrun_trenal_lux --------
L 06/28/2017 - 19:05:36: [AMXX] Failed to open dictionary file: cstrike/addons/amxmodx/data/lang/walkguard.txt
L 06/28/2017 - 19:05:37: [walkguard.amxx] no zone-file found
L 06/28/2017 - 19:47:14: -------- Mapchange to deathrun_greyskull --------
L 06/28/2017 - 19:47:15: [AMXX] Failed to open dictionary file: cstrike/addons/amxmodx/data/lang/walkguard.txt
L 06/28/2017 - 19:47:16: [walkguard.amxx] no zone-file found
L 06/28/2017 - 20:10:11: [admincmd.amxx] Cmd: "Dr.FioriGinal.Ro ~ Server Clasi<0><><>" slay "PRO-Player-FL<259><STEAM_0:0:1778032147><>"
L 06/28/2017 - 20:36:41: -------- Mapchange to deathrun_stronghold_beta1 --------
L 06/28/2017 - 20:36:43: [AMXX] Failed to open dictionary file: cstrike/addons/amxmodx/data/lang/walkguard.txt
L 06/28/2017 - 20:36:44: [walkguard.amxx] no zone-file found
L 06/28/2017 - 21:01:58: -------- Mapchange to deathrun_aztecan_beta1 --------
L 06/28/2017 - 21:02:00: [AMXX] Failed to open dictionary file: cstrike/addons/amxmodx/data/lang/walkguard.txt
L 06/28/2017 - 21:02:01: [walkguard.amxx] no zone-file found
L 06/28/2017 - 21:19:45: [admincmd.amxx] Cmd: "Dr.FioriGinal.Ro ~ Server Clasi<0><><>" slay "Rambo<280><VALVE_0:4:685198203><>"
L 06/28/2017 - 22:19:32: -------- Mapchange to deathrun_pyramid --------
L 06/28/2017 - 22:19:33: [AMXX] Failed to open dictionary file: cstrike/addons/amxmodx/data/lang/walkguard.txt
L 06/28/2017 - 22:19:34: [walkguard.amxx] no zone-file found
L 06/28/2017 - 22:42:57: [admin.amxx] Login: "Stifler<309><STEAM_0:1:22458368><>" became an admin (account "Stifler") (access "b") (address "31.5.145.190")
L 06/28/2017 - 22:42:59: [admin.amxx] Login: "Stifler<310><STEAM_0:1:22458368><>" became an admin (account "Stifler") (access "b") (address "31.5.145.190")
L 06/28/2017 - 22:57:06: [admincmd.amxx] Cmd: "Dr.FioriGinal.Ro ~ Server Clasi<0><><>" slay "[vLK]ExTReMMe-<316><VALVE_0:4:61422824><>"
L 06/28/2017 - 23:10:04: [slayafk.amxx] Effin3k a primit slay, deoarece a fost afk mai mult de 30 secunde
L 06/28/2017 - 23:33:00: [admincmd.amxx] Cmd: "Dr.FioriGinal.Ro ~ Server Clasi<0><><>" slay "AMD64 - AwP<337><STEAM_0:0:122710780><>"
L 06/28/2017 - 23:33:15: [admincmd.amxx] Cmd: "Dr.FioriGinal.Ro ~ Server Clasi<0><><>" slay "AMD64 - AwP<338><STEAM_0:0:122710780><>"
L 06/28/2017 - 23:33:31: [admincmd.amxx] Cmd: "Dr.FioriGinal.Ro ~ Server Clasi<0><><>" slay "AMD64 - AwP<339><STEAM_0:0:122710780><>"
L 06/28/2017 - 23:33:42: [admincmd.amxx] Cmd: "Dr.FioriGinal.Ro ~ Server Clasi<0><><>" slay "AMD64 - AwP<340><STEAM_0:0:122710780><>"
L 06/28/2017 - 23:36:44: [admincmd.amxx] Cmd: "Dr.FioriGinal.Ro ~ Server Clasi<0><><>" slay "AMW69 - PVP<343><STEAM_0:0:1822460263><>"
L 06/28/2017 - 23:36:58: [admincmd.amxx] Cmd: "Dr.FioriGinal.Ro ~ Server Clasi<0><><>" slay "AMW69 - PVP<344><STEAM_0:0:1822460263><>"
