L 05/17/2017 - 00:25:32: -------- Mapchange to deathrun_rizzy_x --------
L 05/17/2017 - 00:25:34: [AMXX] Failed to open dictionary file: cstrike/addons/amxmodx/data/lang/walkguard.txt
L 05/17/2017 - 00:25:35: [walkguard.amxx] no zone-file found
L 05/17/2017 - 01:33:45: -------- Mapchange to deathrun_ghosts --------
L 05/17/2017 - 01:33:47: [AMXX] Failed to open dictionary file: cstrike/addons/amxmodx/data/lang/walkguard.txt
L 05/17/2017 - 01:33:48: [walkguard.amxx] no zone-file found
L 05/17/2017 - 01:38:19: [admincmd.amxx] Cmd: "Dr.FioriGinal.Ro ~ Server Clasi<0><><>" slay "Xzppz<310><VALVE_0:4:126809950><>"
L 05/17/2017 - 01:46:58: [admincmd.amxx] Cmd: "Dr.FioriGinal.Ro ~ Server Clasi<0><><>" slay "Leonardo.<314><VALVE_0:4:1144087536><>"
L 05/17/2017 - 01:48:10: [admincmd.amxx] Cmd: "Dr.FioriGinal.Ro ~ Server Clasi<0><><>" slay "Leonardo.<317><VALVE_0:4:1144087536><>"
L 05/17/2017 - 07:23:03: -------- Mapchange to deathrun_sk_occult --------
L 05/17/2017 - 07:23:05: [AMXX] Failed to open dictionary file: cstrike/addons/amxmodx/data/lang/walkguard.txt
L 05/17/2017 - 07:23:06: [walkguard.amxx] no zone-file found
L 05/17/2017 - 07:28:28: [admincmd.amxx] Cmd: "Dr.FioriGinal.Ro ~ Server Clasi<0><><>" slay "oFF^KillShot<336><STEAM_0:0:497727529><>"
L 05/17/2017 - 08:07:35: -------- Mapchange to deathrun_jigsaw2 --------
L 05/17/2017 - 08:07:36: [AMXX] Failed to open dictionary file: cstrike/addons/amxmodx/data/lang/walkguard.txt
L 05/17/2017 - 08:07:37: [walkguard.amxx] no zone-file found
L 05/17/2017 - 09:40:18: -------- Mapchange to deathrun_christmas --------
L 05/17/2017 - 09:40:19: [AMXX] Failed to open dictionary file: cstrike/addons/amxmodx/data/lang/walkguard.txt
L 05/17/2017 - 09:40:20: [walkguard.amxx] no zone-file found
L 05/17/2017 - 10:18:45: -------- Mapchange to deathrun_jinglebells2 --------
L 05/17/2017 - 10:18:46: [AMXX] Failed to open dictionary file: cstrike/addons/amxmodx/data/lang/walkguard.txt
L 05/17/2017 - 10:18:47: [walkguard.amxx] no zone-file found
L 05/17/2017 - 11:11:41: -------- Mapchange to deathrun_gb_winter_final4 --------
L 05/17/2017 - 11:11:42: [AMXX] Failed to open dictionary file: cstrike/addons/amxmodx/data/lang/walkguard.txt
L 05/17/2017 - 11:11:43: [walkguard.amxx] no zone-file found
L 05/17/2017 - 11:41:42: -------- Mapchange to deathrun_expres-winter --------
L 05/17/2017 - 11:41:43: [AMXX] Failed to open dictionary file: cstrike/addons/amxmodx/data/lang/walkguard.txt
L 05/17/2017 - 11:41:44: [walkguard.amxx] no zone-file found
L 05/17/2017 - 11:56:48: [slayafk.amxx] sf a primit slay, deoarece a fost afk mai mult de 30 secunde
L 05/17/2017 - 11:57:28: [slayafk.amxx] sf a primit slay, deoarece a fost afk mai mult de 30 secunde
L 05/17/2017 - 12:08:33: -------- Mapchange to deathrun_alleywinter --------
L 05/17/2017 - 12:08:34: [AMXX] Failed to open dictionary file: cstrike/addons/amxmodx/data/lang/walkguard.txt
L 05/17/2017 - 12:08:35: [walkguard.amxx] no zone-file found
L 05/17/2017 - 12:32:40: [slayafk.amxx] AwakeTuber a primit slay, deoarece a fost afk mai mult de 30 secunde
L 05/17/2017 - 12:35:20: [slayafk.amxx] AwakeTuber a primit slay, deoarece a fost afk mai mult de 30 secunde
L 05/17/2017 - 12:36:55: [slayafk.amxx] AwakeTuber a primit slay, deoarece a fost afk mai mult de 30 secunde
L 05/17/2017 - 13:17:00: [admincmd.amxx] Cmd: "Dr.FioriGinal.Ro ~ Server Clasi<0><><>" slay "mwheeldown.KeBu^<411><STEAM_0:0:1430659934><>"
L 05/17/2017 - 13:19:20: [slayafk.amxx] mwheeldown.KeBu^ a primit slay, deoarece a fost afk mai mult de 30 secunde
L 05/17/2017 - 13:20:00: [slayafk.amxx] mwheeldown.KeBu^ a primit slay, deoarece a fost afk mai mult de 30 secunde
L 05/17/2017 - 13:29:29: [admincmd.amxx] Cmd: "Dr.FioriGinal.Ro ~ Server Clasi<0><><>" slay "BoyKa<416><STEAM_0:0:407540975><>"
L 05/17/2017 - 13:29:56: [admincmd.amxx] Cmd: "Dr.FioriGinal.Ro ~ Server Clasi<0><><>" slay "BoyKa<419><STEAM_0:0:407540975><>"
L 05/17/2017 - 13:31:45: [admincmd.amxx] Cmd: "Dr.FioriGinal.Ro ~ Server Clasi<0><><>" slay "oFF^KillShot<420><STEAM_0:0:497727529><>"
L 05/17/2017 - 13:31:52: [admincmd.amxx] Cmd: "Dr.FioriGinal.Ro ~ Server Clasi<0><><>" slay "BoyKa<421><STEAM_0:0:407540975><>"
L 05/17/2017 - 13:32:02: [admincmd.amxx] Cmd: "Dr.FioriGinal.Ro ~ Server Clasi<0><><>" slay "oFF^KillShot<422><STEAM_0:0:497727529><>"
L 05/17/2017 - 13:33:09: [admincmd.amxx] Cmd: "Dr.FioriGinal.Ro ~ Server Clasi<0><><>" slay "oFF^KillShot<423><STEAM_0:0:497727529><>"
L 05/17/2017 - 14:02:16: [admincmd.amxx] Cmd: "Dr.FioriGinal.Ro ~ Server Clasi<0><><>" slay "BoyKa<435><STEAM_0:0:407540975><>"
L 05/17/2017 - 14:02:57: [admincmd.amxx] Cmd: "Dr.FioriGinal.Ro ~ Server Clasi<0><><>" slay "BoyKa<437><STEAM_0:0:407540975><>"
L 05/17/2017 - 14:16:45: [admincmd.amxx] Cmd: "Dr.FioriGinal.Ro ~ Server Clasi<0><><>" slay "Hyena<442><VALVE_0:4:429258718><>"
L 05/17/2017 - 14:41:51: -------- Mapchange to deathrun_trenal_lux --------
L 05/17/2017 - 14:41:52: [AMXX] Failed to open dictionary file: cstrike/addons/amxmodx/data/lang/walkguard.txt
L 05/17/2017 - 14:41:53: [walkguard.amxx] no zone-file found
L 05/17/2017 - 14:48:52: [admincmd.amxx] Cmd: "Dr.FioriGinal.Ro ~ Server Clasi<0><><>" slay "CR^zZCristina.<454><VALVE_0:4:932301435><>"
L 05/17/2017 - 14:55:53: [admincmd.amxx] Cmd: "Dr.FioriGinal.Ro ~ Server Clasi<0><><>" slay "Vladut2<457><STEAM_0:0:1735517759><>"
L 05/17/2017 - 15:01:03: [slayafk.amxx] Don # hollygotfayaalloverthebod a primit slay, deoarece a fost afk mai mult de 30 secunde
L 05/17/2017 - 15:26:49: -------- Mapchange to deathrun_greyskull --------
L 05/17/2017 - 15:26:50: [AMXX] Failed to open dictionary file: cstrike/addons/amxmodx/data/lang/walkguard.txt
L 05/17/2017 - 15:26:51: [walkguard.amxx] no zone-file found
L 05/17/2017 - 15:37:18: [admincmd.amxx] Cmd: "Dr.FioriGinal.Ro ~ Server Clasi<0><><>" slay "Creedy.<481><VALVE_0:4:1991528947><>"
L 05/17/2017 - 15:38:56: [slayafk.amxx] Creedy. a primit slay, deoarece a fost afk mai mult de 30 secunde
L 05/17/2017 - 15:40:51: [admincmd.amxx] Cmd: "Dr.FioriGinal.Ro ~ Server Clasi<0><><>" slay "Creedy.<483><VALVE_0:4:1991528947><>"
L 05/17/2017 - 15:41:03: [admincmd.amxx] Cmd: "Dr.FioriGinal.Ro ~ Server Clasi<0><><>" slay "Creedy.<484><VALVE_0:4:1991528947><>"
L 05/17/2017 - 15:44:10: [admincmd.amxx] Cmd: "Dr.FioriGinal.Ro ~ Server Clasi<0><><>" slay "Creedy.<487><VALVE_0:4:1991528947><>"
L 05/17/2017 - 15:44:37: [admincmd.amxx] Cmd: "Dr.FioriGinal.Ro ~ Server Clasi<0><><>" slay "Creedy.<488><VALVE_0:4:1991528947><>"
L 05/17/2017 - 15:44:51: [admincmd.amxx] Cmd: "Dr.FioriGinal.Ro ~ Server Clasi<0><><>" slay "Creedy.<489><VALVE_0:4:1991528947><>"
L 05/17/2017 - 16:08:33: [admin.amxx] Login: "Daky69<498><STEAM_0:0:1674484390><>" became an admin (account "Daky69") (access "b") (address "89.123.68.248")
L 05/17/2017 - 16:10:03: [admincmd.amxx] Cmd: "Dr.FioriGinal.Ro ~ Server Clasi<0><><>" slay "SWEQW | LOW<501><VALVE_0:4:430233970><>"
L 05/17/2017 - 16:10:36: [admincmd.amxx] Cmd: "Dr.FioriGinal.Ro ~ Server Clasi<0><><>" slay "SWEQW | LOW<502><VALVE_0:4:430233970><>"
L 05/17/2017 - 16:53:20: -------- Mapchange to deathrun_stronghold_beta1 --------
L 05/17/2017 - 16:53:22: [AMXX] Failed to open dictionary file: cstrike/addons/amxmodx/data/lang/walkguard.txt
L 05/17/2017 - 16:53:23: [walkguard.amxx] no zone-file found
L 05/17/2017 - 17:08:01: [admincmd.amxx] Cmd: "Dr.FioriGinal.Ro ~ Server Clasi<0><><>" slay "Vladut2<532><STEAM_0:0:1735517759><>"
L 05/17/2017 - 17:10:13: [admincmd.amxx] Cmd: "Dr.FioriGinal.Ro ~ Server Clasi<0><><>" slay "Vladut2<535><STEAM_0:0:1735517759><>"
L 05/17/2017 - 17:28:44: [admincmd.amxx] Cmd: "Dr.FioriGinal.Ro ~ Server Clasi<0><><>" slay "Vladut2<544><STEAM_0:0:1735517759><>"
L 05/17/2017 - 17:28:48: [admincmd.amxx] Cmd: "Dr.FioriGinal.Ro ~ Server Clasi<0><><>" slay "hollygotfayaalloverthebody<545><VALVE_0:4:425682544><>"
L 05/17/2017 - 17:28:59: [admincmd.amxx] Cmd: "Dr.FioriGinal.Ro ~ Server Clasi<0><><>" slay "Vladut2<546><STEAM_0:0:1735517759><>"
L 05/17/2017 - 17:29:01: [admincmd.amxx] Cmd: "Dr.FioriGinal.Ro ~ Server Clasi<0><><>" slay "hollygotfayaalloverthebody<547><VALVE_0:4:425682544><>"
L 05/17/2017 - 17:29:16: [admincmd.amxx] Cmd: "Dr.FioriGinal.Ro ~ Server Clasi<0><><>" slay "Vladut2<548><STEAM_0:0:1735517759><>"
L 05/17/2017 - 17:29:30: [admincmd.amxx] Cmd: "Dr.FioriGinal.Ro ~ Server Clasi<0><><>" slay "Vladut2<549><STEAM_0:0:1735517759><>"
L 05/17/2017 - 17:29:43: [admincmd.amxx] Cmd: "Dr.FioriGinal.Ro ~ Server Clasi<0><><>" slay "Vladut2<550><STEAM_0:0:1735517759><>"
L 05/17/2017 - 17:30:02: [admincmd.amxx] Cmd: "Dr.FioriGinal.Ro ~ Server Clasi<0><><>" slay "Vladut2<551><STEAM_0:0:1735517759><>"
L 05/17/2017 - 17:30:42: [admincmd.amxx] Cmd: "Dr.FioriGinal.Ro ~ Server Clasi<0><><>" slay "Vladut2<553><STEAM_0:0:1735517759><>"
L 05/17/2017 - 17:32:16: [admincmd.amxx] Cmd: "Dr.FioriGinal.Ro ~ Server Clasi<0><><>" slay "Vladut2<555><STEAM_0:0:1735517759><>"
L 05/17/2017 - 17:32:18: [admincmd.amxx] Cmd: "Dr.FioriGinal.Ro ~ Server Clasi<0><><>" slay "hollygotfayaalloverthebody<556><VALVE_0:4:425682544><>"
L 05/17/2017 - 17:32:39: [admincmd.amxx] Cmd: "Dr.FioriGinal.Ro ~ Server Clasi<0><><>" slay "Vladut2<558><STEAM_0:0:1735517759><>"
L 05/17/2017 - 17:32:40: [admincmd.amxx] Cmd: "Dr.FioriGinal.Ro ~ Server Clasi<0><><>" slay "hollygotfayaalloverthebody<559><VALVE_0:4:425682544><>"
L 05/17/2017 - 17:33:01: [admincmd.amxx] Cmd: "Dr.FioriGinal.Ro ~ Server Clasi<0><><>" slay "Vladut2<560><STEAM_0:0:1735517759><>"
L 05/17/2017 - 17:33:02: [admincmd.amxx] Cmd: "Dr.FioriGinal.Ro ~ Server Clasi<0><><>" slay "hollygotfayaalloverthebody<561><VALVE_0:4:425682544><>"
L 05/17/2017 - 17:33:10: [admincmd.amxx] Cmd: "Dr.FioriGinal.Ro ~ Server Clasi<0><><>" slay "hollygotfayaalloverthebody<565><VALVE_0:4:425682544><>"
L 05/17/2017 - 17:33:29: [admincmd.amxx] Cmd: "Dr.FioriGinal.Ro ~ Server Clasi<0><><>" slay "Vladut2<566><STEAM_0:0:1735517759><>"
L 05/17/2017 - 17:34:16: [admincmd.amxx] Cmd: "Dr.FioriGinal.Ro ~ Server Clasi<0><><>" slay "noflexzone<567><STEAM_0:0:2083951974><>"
L 05/17/2017 - 17:57:57: [slayafk.amxx] Lord a primit slay, deoarece a fost afk mai mult de 30 secunde
L 05/17/2017 - 18:02:07: [slayafk.amxx] sf a primit slay, deoarece a fost afk mai mult de 30 secunde
L 05/17/2017 - 18:37:48: -------- Mapchange to deathrun_aztecan_beta1 --------
L 05/17/2017 - 18:37:49: [AMXX] Failed to open dictionary file: cstrike/addons/amxmodx/data/lang/walkguard.txt
L 05/17/2017 - 18:37:50: [walkguard.amxx] no zone-file found
L 05/17/2017 - 19:17:59: -------- Mapchange to deathrun_pyramid --------
L 05/17/2017 - 19:18:01: [AMXX] Failed to open dictionary file: cstrike/addons/amxmodx/data/lang/walkguard.txt
L 05/17/2017 - 19:18:02: [walkguard.amxx] no zone-file found
L 05/17/2017 - 19:50:46: -------- Mapchange to deathrun_standup --------
L 05/17/2017 - 19:50:47: [AMXX] Failed to open dictionary file: cstrike/addons/amxmodx/data/lang/walkguard.txt
L 05/17/2017 - 19:50:48: [walkguard.amxx] no zone-file found
L 05/17/2017 - 20:13:49: [admincmd.amxx] Cmd: "Dr.FioriGinal.Ro ~ Server Clasi<0><><>" slay "syntynyt<611><STEAM_0:0:15949717><>"
L 05/17/2017 - 20:25:20: [admin.amxx] Login: "J.Smith<621><STEAM_0:0:2027364348><>" kicked due to invalid password (account "J.Smith") (address "109.185.5.238")
L 05/17/2017 - 20:25:32: [admin.amxx] Login: "J.Smith<622><STEAM_0:0:2027364348><>" became an admin (account "J.Smith") (access "b") (address "109.185.5.238")
L 05/17/2017 - 20:25:37: [admin.amxx] Login: "J.Smith<623><STEAM_0:0:2027364348><>" became an admin (account "J.Smith") (access "b") (address "109.185.5.238")
L 05/17/2017 - 20:26:15: [admincmd.amxx] Cmd: "Dr.FioriGinal.Ro ~ Server Clasi<0><><>" slay "SWEQW | LOW<624><VALVE_0:4:1825069426><>"
L 05/17/2017 - 20:49:25: -------- Mapchange to deathrun_sentinel --------
L 05/17/2017 - 20:49:36: -------- Mapchange to deathrun_forest --------
L 05/17/2017 - 20:49:44: [AMXX] Failed to open dictionary file: cstrike/addons/amxmodx/data/lang/walkguard.txt
L 05/17/2017 - 20:49:47: [walkguard.amxx] no zone-file found
L 05/17/2017 - 20:49:56: Invalid multi-lingual line (file "cstrike/addons/amxmodx/data/lang/rom_protect.txt" key "// *ROM-Protect// Plugin OpenSource anti-IsFlooding/bug-fix pentru orice server." lang "")
L 05/17/2017 - 20:49:56: Invalid multi-lingual line (file "cstrike/addons/amxmodx/data/lang/rom_protect.txt" key "// Versiunea : 1.0.4s-dev. Bulid : 98. Data lansarii versiunii : 03.12.2016." lang "")
L 05/17/2017 - 20:49:56: Invalid multi-lingual line (file "cstrike/addons/amxmodx/data/lang/rom_protect.txt" key "// Autor : lüxor # Dr.Fio & DR2.IND (+ eNd.) - SteamID (contact) : luxxxoor" lang "")
L 05/17/2017 - 20:49:56: Invalid multi-lingual line (file "cstrike/addons/amxmodx/data/lang/rom_protect.txt" key "// O productie FioriGinal.ro - site : www.fioriginal.ro" lang "")
L 05/17/2017 - 20:49:56: Invalid multi-lingual line (file "cstrike/addons/amxmodx/data/lang/rom_protect.txt" key "// Link forum de dezvoltare : http://forum.fioriginal.ro/amxmodx-plugins-pluginuri/rom-protect-anti-flood-bug-fix-t28292.html" lang "")
L 05/17/2017 - 20:49:56: Invalid multi-lingual line (file "cstrike/addons/amxmodx/data/lang/rom_protect.txt" key "// Link sursa : https://github.com/luxxxoor/ROM-Protect" lang "")
L 05/17/2017 - 20:49:56: Invalid multi-lingual line (file "cstrike/addons/amxmodx/data/lang/rom_protect.txt" key "// Colori : ^1 - Culoarea aleasa de jucator cu con_color." lang "")
L 05/17/2017 - 20:49:56: Invalid multi-lingual line (file "cstrike/addons/amxmodx/data/lang/rom_protect.txt" key "//          ^3 - Culoare gri." lang "")
L 05/17/2017 - 20:49:56: Invalid multi-lingual line (file "cstrike/addons/amxmodx/data/lang/rom_protect.txt" key "//          ^4 - Culoare verde." lang "")
L 05/17/2017 - 21:01:07: [admin.amxx] Login: "deadpool<10><STEAM_0:0:30403765><>" kicked due to invalid password (account "deadpool") (address "82.79.250.122")
L 05/17/2017 - 21:03:39: [admincmd.amxx] Cmd: "Dr.FioriGinal.Ro ~ Server Clasi<0><><>" slay "Tweetie<11><VALVE_0:4:1304316283><>"
L 05/17/2017 - 21:12:48: [admincmd.amxx] Cmd: "Dr.FioriGinal.Ro ~ Server Clasi<0><><>" slay "Boost-Cs.Ro<21><STEAM_0:0:1735517759><>"
L 05/17/2017 - 21:15:53: [admincmd.amxx] Cmd: "Dr.FioriGinal.Ro ~ Server Clasi<0><><>" slay "Boost-Cs.Ro<25><STEAM_0:0:1735517759><>"
L 05/17/2017 - 21:16:06: [admincmd.amxx] Cmd: "Dr.FioriGinal.Ro ~ Server Clasi<0><><>" slay "mTx # StreeTRage(denis.m)<26><STEAM_0:0:991957028><>"
L 05/17/2017 - 21:18:51: [slayafk.amxx] mTx # StreeTRage(denis.m) a primit slay, deoarece a fost afk mai mult de 30 secunde
L 05/17/2017 - 21:21:38: [admincmd.amxx] Cmd: "Dr.FioriGinal.Ro ~ Server Clasi<0><><>" slay "Boost-Cs.Ro<29><STEAM_0:0:1735517759><>"
L 05/17/2017 - 21:23:49: [admincmd.amxx] Cmd: "Dr.FioriGinal.Ro ~ Server Clasi<0><><>" slay "Boost-Cs.Ro<30><STEAM_0:0:1735517759><>"
L 05/17/2017 - 21:28:55: [admincmd.amxx] Cmd: "Dr.FioriGinal.Ro ~ Server Clasi<0><><>" slay "Boost-Cs.Ro<31><STEAM_0:0:1735517759><>"
L 05/17/2017 - 21:31:34: [admincmd.amxx] Cmd: "Dr.FioriGinal.Ro ~ Server Clasi<0><><>" slay "Boost-Cs.Ro<32><STEAM_0:0:1735517759><>"
L 05/17/2017 - 21:37:52: [admin.amxx] Login: "Scooby1^<37><VALVE_0:4:1589560042><>" kicked due to invalid password (account "Scooby1^") (address "109.103.33.20")
L 05/17/2017 - 21:41:13: -------- Mapchange to deathrun_jinglebells --------
L 05/17/2017 - 21:41:15: [AMXX] Failed to open dictionary file: cstrike/addons/amxmodx/data/lang/walkguard.txt
L 05/17/2017 - 21:41:16: [walkguard.amxx] no zone-file found
L 05/17/2017 - 21:42:09: [admin.amxx] Login: "Andreea<42><VALVE_0:4:1163577595><>" kicked due to invalid password (account "Andreea") (address "79.115.233.35")
L 05/17/2017 - 21:53:43: [admin.amxx] Login: "Xstrafers # |LOL|XXX<51><STEAM_0:1:24069958><>" became an admin (account "Xstrafers # |LOL|XXX") (access "b") (address "5.15.78.71")
L 05/17/2017 - 21:54:04: [admincmd.amxx] Cmd: "Xstrafers # |LOL|XXX<51><STEAM_0:1:24069958><>" changelevel "deathrun_projetocs2"
L 05/17/2017 - 21:54:06: -------- Mapchange to deathrun_projetocs2 --------
L 05/17/2017 - 21:54:07: [AMXX] Failed to open dictionary file: cstrike/addons/amxmodx/data/lang/walkguard.txt
L 05/17/2017 - 21:54:09: [admin.amxx] Login: "Xstrafers # |LOL|XXX<51><STEAM_0:1:24069958><>" became an admin (account "Xstrafers # |LOL|XXX") (access "b") (address "5.15.78.71")
L 05/17/2017 - 21:54:09: [walkguard.amxx] no zone-file found
L 05/17/2017 - 22:22:43: -------- Mapchange to deathrun_virtualstrike --------
L 05/17/2017 - 22:22:44: [AMXX] Failed to open dictionary file: cstrike/addons/amxmodx/data/lang/walkguard.txt
L 05/17/2017 - 22:22:45: [walkguard.amxx] no zone-file found
L 05/17/2017 - 22:22:45: [admin.amxx] Login: "Xstrafers # |LOL|XXX<51><STEAM_0:1:24069958><>" became an admin (account "Xstrafers # |LOL|XXX") (access "b") (address "5.15.78.71")
L 05/17/2017 - 22:23:35: [slayafk.amxx] Xstrafers # |LOL|XXX a primit slay, deoarece a fost afk mai mult de 30 secunde
L 05/17/2017 - 22:26:50: [slayafk.amxx] Xstrafers # |LOL|XXX a primit slay, deoarece a fost afk mai mult de 30 secunde
L 05/17/2017 - 22:28:15: [slayafk.amxx] Xstrafers # |LOL|XXX a primit slay, deoarece a fost afk mai mult de 30 secunde
L 05/17/2017 - 22:29:40: [slayafk.amxx] Xstrafers # |LOL|XXX a primit slay, deoarece a fost afk mai mult de 30 secunde
L 05/17/2017 - 22:31:23: [admincmd.amxx] Cmd: "Dr.FioriGinal.Ro ~ Server Clasi<0><><>" slay "BoyKa<83><STEAM_0:0:407540975><>"
L 05/17/2017 - 22:31:45: [slayafk.amxx] Xstrafers # |LOL|XXX a primit slay, deoarece a fost afk mai mult de 30 secunde
L 05/17/2017 - 22:34:55: [slayafk.amxx] Xstrafers # |LOL|XXX a primit slay, deoarece a fost afk mai mult de 30 secunde
L 05/17/2017 - 22:36:35: [slayafk.amxx] Xstrafers # |LOL|XXX a primit slay, deoarece a fost afk mai mult de 30 secunde
L 05/17/2017 - 22:38:10: [slayafk.amxx] Xstrafers # |LOL|XXX a primit slay, deoarece a fost afk mai mult de 30 secunde
L 05/17/2017 - 22:39:25: [slayafk.amxx] Xstrafers # |LOL|XXX a primit slay, deoarece a fost afk mai mult de 30 secunde
L 05/17/2017 - 22:45:10: [slayafk.amxx] Xstrafers # |LOL|XXX a primit slay, deoarece a fost afk mai mult de 30 secunde
L 05/17/2017 - 22:50:37: -------- Mapchange to deathrun_nightrun_beta3 --------
L 05/17/2017 - 22:50:38: [AMXX] Failed to open dictionary file: cstrike/addons/amxmodx/data/lang/walkguard.txt
L 05/17/2017 - 22:50:39: [admin.amxx] Login: "Xstrafers # |LOL|XXX<51><STEAM_0:1:24069958><>" became an admin (account "Xstrafers # |LOL|XXX") (access "b") (address "5.15.78.71")
L 05/17/2017 - 22:50:39: [walkguard.amxx] no zone-file found
L 05/17/2017 - 23:09:29: [slayafk.amxx] Hitsouka a primit slay, deoarece a fost afk mai mult de 30 secunde
L 05/17/2017 - 23:18:57: [admincmd.amxx] Cmd: "Dr.FioriGinal.Ro ~ Server Clasi<0><><>" slay "Hitsouka<100><STEAM_0:0:1095217314><>"
L 05/17/2017 - 23:29:48: [admincmd.amxx] Cmd: "Dr.FioriGinal.Ro ~ Server Clasi<0><><>" slay "Alexandra<104><VALVE_0:4:1779878002><>"
L 05/17/2017 - 23:44:07: -------- Mapchange to deathrun_0mega --------
L 05/17/2017 - 23:44:09: [AMXX] Failed to open dictionary file: cstrike/addons/amxmodx/data/lang/walkguard.txt
L 05/17/2017 - 23:44:10: [walkguard.amxx] no zone-file found
L 05/17/2017 - 23:45:30: [admincmd.amxx] Cmd: "Dr.FioriGinal.Ro ~ Server Clasi<0><><>" slay "Xzppz<114><VALVE_0:4:126809950><>"
