L 03/21/2017 - 00:21:23: -------- Mapchange to deathrun_purplez_v2_b3 --------
L 03/21/2017 - 00:21:25: [AMXX] Failed to open dictionary file: cstrike/addons/amxmodx/data/lang/walkguard.txt
L 03/21/2017 - 00:21:26: [walkguard.amxx] no zone-file found
L 03/21/2017 - 00:21:26: [admin.amxx] Login: "Xstrafers # |LOL|XXX<9><STEAM_0:1:24069958><>" became an admin (account "Xstrafers # |LOL|XXX") (access "bi") (address "5.15.80.42")
L 03/21/2017 - 00:21:37: [admincmd.amxx] Cmd: "Xstrafers # |LOL|XXX<9><STEAM_0:1:24069958><>" changelevel "deathrun_arctic"
L 03/21/2017 - 00:21:39: -------- Mapchange to deathrun_arctic --------
L 03/21/2017 - 00:21:40: [AMXX] Failed to open dictionary file: cstrike/addons/amxmodx/data/lang/walkguard.txt
L 03/21/2017 - 00:21:41: [walkguard.amxx] no zone-file found
L 03/21/2017 - 00:21:41: [admin.amxx] Login: "Xstrafers # |LOL|XXX<9><STEAM_0:1:24069958><>" became an admin (account "Xstrafers # |LOL|XXX") (access "bi") (address "5.15.80.42")
L 03/21/2017 - 00:30:21: [admincmd.amxx] Cmd: "Dr.FioriGinal.Ro ~ Server Clasi<0><><>" slay "tiganu<39><STEAM_0:0:187978272><>"
L 03/21/2017 - 00:59:03: -------- Mapchange to deathrun_kings_never_die --------
L 03/21/2017 - 00:59:04: [AMXX] Failed to open dictionary file: cstrike/addons/amxmodx/data/lang/walkguard.txt
L 03/21/2017 - 00:59:05: [walkguard.amxx] no zone-file found
L 03/21/2017 - 01:22:16: [admincmd.amxx] Cmd: "Dr.FioriGinal.Ro ~ Server Clasi<0><><>" slay "COCO<58><STEAM_0:0:312001747><>"
L 03/21/2017 - 01:22:44: [admincmd.amxx] Cmd: "Dr.FioriGinal.Ro ~ Server Clasi<0><><>" slay "COCO<59><STEAM_0:0:312001747><>"
L 03/21/2017 - 01:26:24: [admincmd.amxx] Cmd: "Dr.FioriGinal.Ro ~ Server Clasi<0><><>" slay "DeadShot<61><STEAM_0:0:1462477266><>"
L 03/21/2017 - 02:52:07: -------- Mapchange to deathrun_inferno_beta1 --------
L 03/21/2017 - 02:52:08: [AMXX] Failed to open dictionary file: cstrike/addons/amxmodx/data/lang/walkguard.txt
L 03/21/2017 - 02:52:09: [walkguard.amxx] no zone-file found
L 03/21/2017 - 03:15:21: [admincmd.amxx] Cmd: "Dr.FioriGinal.Ro ~ Server Clasi<0><><>" slay "MaWeRiK<74><VALVE_0:4:1307368434><>"
L 03/21/2017 - 04:05:42: -------- Mapchange to deathrun_coolf4 --------
L 03/21/2017 - 04:05:43: [AMXX] Failed to open dictionary file: cstrike/addons/amxmodx/data/lang/walkguard.txt
L 03/21/2017 - 04:05:44: [walkguard.amxx] no zone-file found
L 03/21/2017 - 06:57:36: -------- Mapchange to deathrun_demolish --------
L 03/21/2017 - 06:57:37: [AMXX] Failed to open dictionary file: cstrike/addons/amxmodx/data/lang/walkguard.txt
L 03/21/2017 - 06:57:38: [walkguard.amxx] no zone-file found
L 03/21/2017 - 07:34:22: -------- Mapchange to deathrun_y_snow_wind_v3 --------
L 03/21/2017 - 07:34:23: [AMXX] Failed to open dictionary file: cstrike/addons/amxmodx/data/lang/walkguard.txt
L 03/21/2017 - 07:34:24: [walkguard.amxx] no zone-file found
L 03/21/2017 - 08:14:03: [admin.amxx] Login: "cool<93><STEAM_0:1:25922700><>" became an admin (account "cool") (access "bi") (address "5.14.99.188")
L 03/21/2017 - 08:14:05: [admin.amxx] Login: "cool<94><STEAM_0:1:25922700><>" became an admin (account "cool") (access "bi") (address "5.14.99.188")
L 03/21/2017 - 08:15:20: -------- Mapchange to deathrun_adelina --------
L 03/21/2017 - 08:15:21: [AMXX] Failed to open dictionary file: cstrike/addons/amxmodx/data/lang/walkguard.txt
L 03/21/2017 - 08:15:22: [admin.amxx] Login: "cool<94><STEAM_0:1:25922700><>" became an admin (account "cool") (access "bi") (address "5.14.99.188")
L 03/21/2017 - 08:15:22: [walkguard.amxx] no zone-file found
L 03/21/2017 - 08:15:24: [admin.amxx] Login: "cool<95><STEAM_0:1:25922700><>" became an admin (account "cool") (access "bi") (address "5.14.99.188")
L 03/21/2017 - 08:21:06: [slayafk.amxx] cool a primit slay, deoarece a fost afk mai mult de 30 secunde
L 03/21/2017 - 08:28:56: [slayafk.amxx] cool a primit slay, deoarece a fost afk mai mult de 30 secunde
L 03/21/2017 - 09:37:00: -------- Mapchange to deathrun_scooby-doo --------
L 03/21/2017 - 09:37:01: [AMXX] Failed to open dictionary file: cstrike/addons/amxmodx/data/lang/walkguard.txt
L 03/21/2017 - 09:37:02: [walkguard.amxx] no zone-file found
L 03/21/2017 - 10:06:21: -------- Mapchange to deathrun_laikiux_dev --------
L 03/21/2017 - 10:06:22: [AMXX] Failed to open dictionary file: cstrike/addons/amxmodx/data/lang/walkguard.txt
L 03/21/2017 - 10:06:23: [walkguard.amxx] no zone-file found
L 03/21/2017 - 10:54:49: -------- Mapchange to deathrun_winterfg_lux --------
L 03/21/2017 - 10:54:50: [AMXX] Failed to open dictionary file: cstrike/addons/amxmodx/data/lang/walkguard.txt
L 03/21/2017 - 10:54:51: [walkguard.amxx] no zone-file found
L 03/21/2017 - 11:23:17: -------- Mapchange to deathrun_bricks_lux --------
L 03/21/2017 - 11:23:18: [AMXX] Failed to open dictionary file: cstrike/addons/amxmodx/data/lang/walkguard.txt
L 03/21/2017 - 11:23:19: [walkguard.amxx] no zone-file found
L 03/21/2017 - 11:33:17: [admin.amxx] Login: "wadafac!<136><VALVE_0:4:395594619><>" became an admin (account "wadafac!") (access "bi") (address "79.116.116.134")
L 03/21/2017 - 12:00:58: -------- Mapchange to deathrun_standup2 --------
L 03/21/2017 - 12:00:59: [AMXX] Failed to open dictionary file: cstrike/addons/amxmodx/data/lang/walkguard.txt
L 03/21/2017 - 12:01:00: [walkguard.amxx] no zone-file found
L 03/21/2017 - 12:43:55: -------- Mapchange to deathrun_xstrafers --------
L 03/21/2017 - 12:43:56: [AMXX] Failed to open dictionary file: cstrike/addons/amxmodx/data/lang/walkguard.txt
L 03/21/2017 - 12:43:57: [walkguard.amxx] no zone-file found
L 03/21/2017 - 13:01:35: [admincmd.amxx] Cmd: "Dr.FioriGinal.Ro ~ Server Clasi<0><><>" slay "Xzppz<166><VALVE_0:4:1605039966><>"
L 03/21/2017 - 13:32:54: -------- Mapchange to deathrun_holiday --------
L 03/21/2017 - 13:32:56: [AMXX] Failed to open dictionary file: cstrike/addons/amxmodx/data/lang/walkguard.txt
L 03/21/2017 - 13:32:57: [walkguard.amxx] no zone-file found
L 03/21/2017 - 13:34:41: [slayafk.amxx] nVidia E8 Player a primit slay, deoarece a fost afk mai mult de 30 secunde
L 03/21/2017 - 13:36:06: [slayafk.amxx] nVidia E8 Player a primit slay, deoarece a fost afk mai mult de 30 secunde
L 03/21/2017 - 13:38:56: [slayafk.amxx] Eduard. a primit slay, deoarece a fost afk mai mult de 30 secunde
L 03/21/2017 - 13:56:26: [admincmd.amxx] Cmd: "Dr.FioriGinal.Ro ~ Server Clasi<0><><>" slay "tiganu<191><STEAM_0:0:187978272><>"
L 03/21/2017 - 13:57:05: [admincmd.amxx] Cmd: "Dr.FioriGinal.Ro ~ Server Clasi<0><><>" slay "tiganu<192><STEAM_0:0:187978272><>"
L 03/21/2017 - 13:57:45: [admincmd.amxx] Cmd: "Dr.FioriGinal.Ro ~ Server Clasi<0><><>" slay "tiganu<193><STEAM_0:0:187978272><>"
L 03/21/2017 - 13:57:49: [admincmd.amxx] Cmd: "Dr.FioriGinal.Ro ~ Server Clasi<0><><>" slay "denis<194><VALVE_0:4:2109936500><>"
L 03/21/2017 - 13:59:25: [admincmd.amxx] Cmd: "Dr.FioriGinal.Ro ~ Server Clasi<0><><>" slay "tiganu<195><STEAM_0:0:187978272><>"
L 03/21/2017 - 13:59:34: [admincmd.amxx] Cmd: "Dr.FioriGinal.Ro ~ Server Clasi<0><><>" slay "tiganu<196><STEAM_0:0:187978272><>"
L 03/21/2017 - 14:00:55: [admincmd.amxx] Cmd: "Dr.FioriGinal.Ro ~ Server Clasi<0><><>" slay "tiganu<197><STEAM_0:0:187978272><>"
L 03/21/2017 - 14:01:07: [admincmd.amxx] Cmd: "Dr.FioriGinal.Ro ~ Server Clasi<0><><>" slay "tiganu<198><STEAM_0:0:187978272><>"
L 03/21/2017 - 14:09:55: [admincmd.amxx] Cmd: "Dr.FioriGinal.Ro ~ Server Clasi<0><><>" slay "tiganu<201><STEAM_0:0:187978272><>"
L 03/21/2017 - 14:10:28: [admincmd.amxx] Cmd: "Dr.FioriGinal.Ro ~ Server Clasi<0><><>" slay "tiganu<202><STEAM_0:0:187978272><>"
L 03/21/2017 - 14:11:38: [admincmd.amxx] Cmd: "Dr.FioriGinal.Ro ~ Server Clasi<0><><>" slay "tiganu<203><STEAM_0:0:187978272><>"
L 03/21/2017 - 14:12:15: [admincmd.amxx] Cmd: "Dr.FioriGinal.Ro ~ Server Clasi<0><><>" slay "tiganu<204><STEAM_0:0:187978272><>"
L 03/21/2017 - 14:20:52: [admincmd.amxx] Cmd: "Dr.FioriGinal.Ro ~ Server Clasi<0><><>" slay "tiganu<208><STEAM_0:0:187978272><>"
L 03/21/2017 - 14:24:27: [admin.amxx] Login: "SWAGGIE. XD<209><VALVE_0:4:862961770><>" became an admin (account "SWAGGIE. XD") (access "bi") (address "109.98.131.207")
L 03/21/2017 - 14:26:01: [slayafk.amxx] tiganu a primit slay, deoarece a fost afk mai mult de 30 secunde
L 03/21/2017 - 14:27:16: [slayafk.amxx] tiganu a primit slay, deoarece a fost afk mai mult de 30 secunde
L 03/21/2017 - 14:27:51: [slayafk.amxx] SWAGGIE. XD a primit slay, deoarece a fost afk mai mult de 30 secunde
L 03/21/2017 - 14:28:31: [slayafk.amxx] tiganu a primit slay, deoarece a fost afk mai mult de 30 secunde
L 03/21/2017 - 14:28:52: [advanced_bans_sql.amxx] Ban time is up for: seek [89.41.152.146]
L 03/21/2017 - 14:31:21: [slayafk.amxx] SWAGGIE. XD a primit slay, deoarece a fost afk mai mult de 30 secunde
L 03/21/2017 - 14:31:56: [slayafk.amxx] SWAGGIE. XD a primit slay, deoarece a fost afk mai mult de 30 secunde
L 03/21/2017 - 14:34:20: [admincmd.amxx] Cmd: "Dr.FioriGinal.Ro ~ Server Clasi<0><><>" slay "m-emo<219><STEAM_0:0:897397593><>"
L 03/21/2017 - 14:34:35: [admincmd.amxx] Cmd: "Dr.FioriGinal.Ro ~ Server Clasi<0><><>" slay "m-emo<220><STEAM_0:0:897397593><>"
L 03/21/2017 - 14:34:42: [admincmd.amxx] Cmd: "Dr.FioriGinal.Ro ~ Server Clasi<0><><>" slay "m-emo<221><STEAM_0:0:897397593><>"
L 03/21/2017 - 14:36:46: [slayafk.amxx] SWAGGIE. XD a primit slay, deoarece a fost afk mai mult de 30 secunde
L 03/21/2017 - 14:38:24: [admincmd.amxx] Cmd: "Dr.FioriGinal.Ro ~ Server Clasi<0><><>" slay "tiganu<224><STEAM_0:0:187978272><>"
L 03/21/2017 - 14:38:51: [slayafk.amxx] SWAGGIE. XD a primit slay, deoarece a fost afk mai mult de 30 secunde
L 03/21/2017 - 14:41:31: [admincmd.amxx] Cmd: "Dr.FioriGinal.Ro ~ Server Clasi<0><><>" slay "tiganu<225><STEAM_0:0:187978272><>"
L 03/21/2017 - 14:41:56: [slayafk.amxx] SWAGGIE. XD a primit slay, deoarece a fost afk mai mult de 30 secunde
L 03/21/2017 - 14:43:24: [admincmd.amxx] Cmd: "Dr.FioriGinal.Ro ~ Server Clasi<0><><>" slay "tiganu<226><STEAM_0:0:187978272><>"
L 03/21/2017 - 14:44:52: [admincmd.amxx] Cmd: "Dr.FioriGinal.Ro ~ Server Clasi<0><><>" slay "tiganu<228><STEAM_0:0:187978272><>"
L 03/21/2017 - 14:45:41: [slayafk.amxx] SWAGGIE. XD a primit slay, deoarece a fost afk mai mult de 30 secunde
L 03/21/2017 - 14:49:16: [slayafk.amxx] SWAGGIE. XD a primit slay, deoarece a fost afk mai mult de 30 secunde
L 03/21/2017 - 14:55:55: -------- Mapchange to deathrun_purplez --------
L 03/21/2017 - 14:55:56: [AMXX] Failed to open dictionary file: cstrike/addons/amxmodx/data/lang/walkguard.txt
L 03/21/2017 - 14:55:58: [walkguard.amxx] no zone-file found
L 03/21/2017 - 14:55:58: [admin.amxx] Login: "SWAGGIE. XD<209><VALVE_0:4:862961770><>" became an admin (account "SWAGGIE. XD") (access "bi") (address "109.98.131.207")
L 03/21/2017 - 14:57:57: [slayafk.amxx] SWAGGIE. XD a primit slay, deoarece a fost afk mai mult de 30 secunde
L 03/21/2017 - 15:10:51: [admincmd.amxx] Cmd: "SWAGGIE. XD<209><VALVE_0:4:862961770><>" slay "SWAGGIE. XD<209><VALVE_0:4:862961770><>"
L 03/21/2017 - 15:12:22: [admincmd.amxx] Cmd: "SWAGGIE. XD<209><VALVE_0:4:862961770><>" slay "SWAGGIE. XD<209><VALVE_0:4:862961770><>"
L 03/21/2017 - 15:12:57: [slayafk.amxx] inr a primit slay, deoarece a fost afk mai mult de 30 secunde
L 03/21/2017 - 15:13:37: [slayafk.amxx] inr a primit slay, deoarece a fost afk mai mult de 30 secunde
L 03/21/2017 - 15:15:07: [slayafk.amxx] SWAGGIE. XD a primit slay, deoarece a fost afk mai mult de 30 secunde
L 03/21/2017 - 15:16:52: [slayafk.amxx] SWAGGIE. XD a primit slay, deoarece a fost afk mai mult de 30 secunde
L 03/21/2017 - 15:18:16: [mapsmenu.amxx] Vote: "SWAGGIE. XD<209><VALVE_0:4:862961770><>" vote maps (map#1 "deathrun_bhopz_v3_ka") (map#2 "deathrun_jinglebells") (map#3 "") (map#4 "")
L 03/21/2017 - 15:18:28: [mapsmenu.amxx] Vote: Voting successful. Map will be changed to deathrun_bhopz_v3_ka
L 03/21/2017 - 15:21:32: -------- Mapchange to deathrun_bhopz_v3_ka --------
L 03/21/2017 - 15:21:34: [AMXX] Failed to open dictionary file: cstrike/addons/amxmodx/data/lang/walkguard.txt
L 03/21/2017 - 15:21:35: [walkguard.amxx] no zone-file found
L 03/21/2017 - 15:21:35: [admin.amxx] Login: "SWAGGIE. XD<209><VALVE_0:4:862961770><>" became an admin (account "SWAGGIE. XD") (access "bi") (address "109.98.131.207")
L 03/21/2017 - 15:47:14: -------- Mapchange to deathrun_abtropicano2 --------
L 03/21/2017 - 15:47:16: [AMXX] Failed to open dictionary file: cstrike/addons/amxmodx/data/lang/walkguard.txt
L 03/21/2017 - 15:47:17: [admin.amxx] Login: "SWAGGIE. XD<209><VALVE_0:4:862961770><>" became an admin (account "SWAGGIE. XD") (access "bi") (address "109.98.131.207")
L 03/21/2017 - 15:47:17: [walkguard.amxx] no zone-file found
L 03/21/2017 - 15:47:51: [slayafk.amxx] SWAGGIE. XD a primit slay, deoarece a fost afk mai mult de 30 secunde
L 03/21/2017 - 15:49:51: [slayafk.amxx] SWAGGIE. XD a primit slay, deoarece a fost afk mai mult de 30 secunde
L 03/21/2017 - 15:51:16: [slayafk.amxx] SWAGGIE. XD a primit slay, deoarece a fost afk mai mult de 30 secunde
L 03/21/2017 - 15:51:52: [admincmd.amxx] Cmd: "Dr.FioriGinal.Ro ~ Server Clasi<0><><>" slay "tiganu<271><STEAM_0:0:187978272><>"
L 03/21/2017 - 15:54:19: [admincmd.amxx] Cmd: "Dr.FioriGinal.Ro ~ Server Clasi<0><><>" slay "tiganu<272><STEAM_0:0:187978272><>"
L 03/21/2017 - 16:02:59: [admincmd.amxx] Cmd: "Dr.FioriGinal.Ro ~ Server Clasi<0><><>" slay "abc.<276><VALVE_0:4:1441287543><>"
L 03/21/2017 - 16:08:25: [admin.amxx] Login: "Scooby1^ @like's that69<281><VALVE_0:4:1597915882><>" became an admin (account "Scooby1^ @like's that69") (access "bi") (address "109.103.32.23")
L 03/21/2017 - 16:10:33: [admin.amxx] Login: "Scooby1^ @like's that69<284><VALVE_0:4:1597915882><>" became an admin (account "Scooby1^ @like's that69") (access "bi") (address "109.103.32.23")
L 03/21/2017 - 16:10:39: [admincmd.amxx] Cmd: "Dr.FioriGinal.Ro ~ Server Clasi<0><><>" slay "Scooby1^ @like's that69<284><VALVE_0:4:1597915882><>"
L 03/21/2017 - 16:45:05: -------- Mapchange to deathrun_trap_canyon --------
L 03/21/2017 - 16:45:07: [AMXX] Failed to open dictionary file: cstrike/addons/amxmodx/data/lang/walkguard.txt
L 03/21/2017 - 16:45:08: [walkguard.amxx] no zone-file found
L 03/21/2017 - 16:55:12: [admincmd.amxx] Cmd: "Dr.FioriGinal.Ro ~ Server Clasi<0><><>" slay "Bitches ain't shit<301><STEAM_0:0:991957028><>"
L 03/21/2017 - 17:06:41: [admincmd.amxx] Cmd: "Dr.FioriGinal.Ro ~ Server Clasi<0><><>" slay "Nereklamuok!<307><STEAM_0:0:2140984578><>"
L 03/21/2017 - 17:36:52: [admincmd.amxx] Cmd: "Dr.FioriGinal.Ro ~ Server Clasi<0><><>" slay "MrName<339><STEAM_0:0:626102068><>"
L 03/21/2017 - 18:17:38: -------- Mapchange to deathrun_blabla_hard --------
L 03/21/2017 - 18:17:40: [AMXX] Failed to open dictionary file: cstrike/addons/amxmodx/data/lang/walkguard.txt
L 03/21/2017 - 18:17:41: [walkguard.amxx] no zone-file found
L 03/21/2017 - 18:23:44: -------- Mapchange to deathrun_bricks_lux --------
L 03/21/2017 - 18:23:45: [AMXX] Failed to open dictionary file: cstrike/addons/amxmodx/data/lang/walkguard.txt
L 03/21/2017 - 18:23:46: [walkguard.amxx] no zone-file found
L 03/21/2017 - 18:33:34: [admincmd.amxx] Cmd: "Dr.FioriGinal.Ro ~ Server Clasi<0><><>" slay "tiganu<369><STEAM_0:0:187978272><>"
L 03/21/2017 - 18:35:48: [admincmd.amxx] Cmd: "Dr.FioriGinal.Ro ~ Server Clasi<0><><>" slay "tiganu<370><STEAM_0:0:187978272><>"
L 03/21/2017 - 18:38:48: [admincmd.amxx] Cmd: "Dr.FioriGinal.Ro ~ Server Clasi<0><><>" slay "tiganu<373><STEAM_0:0:187978272><>"
L 03/21/2017 - 18:40:33: [admincmd.amxx] Cmd: "Dr.FioriGinal.Ro ~ Server Clasi<0><><>" slay "tiganu<374><STEAM_0:0:187978272><>"
L 03/21/2017 - 18:40:42: [admincmd.amxx] Cmd: "Dr.FioriGinal.Ro ~ Server Clasi<0><><>" slay "XxX_PAPAIIIA_XxX<375><STEAM_0:0:669968232><>"
L 03/21/2017 - 18:41:17: [admincmd.amxx] Cmd: "Dr.FioriGinal.Ro ~ Server Clasi<0><><>" slay "XxX_PAPAIIIA_XxX<377><STEAM_0:0:669968232><>"
L 03/21/2017 - 18:41:23: [admincmd.amxx] Cmd: "Dr.FioriGinal.Ro ~ Server Clasi<0><><>" slay "tiganu<378><STEAM_0:0:187978272><>"
L 03/21/2017 - 18:41:29: [admincmd.amxx] Cmd: "Dr.FioriGinal.Ro ~ Server Clasi<0><><>" slay "XxX_PAPAIIIA_XxX<379><STEAM_0:0:669968232><>"
L 03/21/2017 - 18:50:17: [admin.amxx] Login: "SWAGGIE. XD<384><VALVE_0:4:862961770><>" became an admin (account "SWAGGIE. XD") (access "bi") (address "109.98.131.207")
L 03/21/2017 - 19:04:12: [admincmd.amxx] Cmd: "Dr.FioriGinal.Ro ~ Server Clasi<0><><>" slay "tiganu<389><STEAM_0:0:187978272><>"
L 03/21/2017 - 19:04:27: [mapsmenu.amxx] Vote: "SWAGGIE. XD<384><VALVE_0:4:862961770><>" vote maps (map#1 "deathrun_hybrid") (map#2 "deathrun_jinglebells") (map#3 "") (map#4 "")
L 03/21/2017 - 19:04:39: [mapsmenu.amxx] Vote: Voting successful. Map will be changed to deathrun_hybrid
L 03/21/2017 - 19:08:55: -------- Mapchange to deathrun_hybrid --------
L 03/21/2017 - 19:08:57: [AMXX] Failed to open dictionary file: cstrike/addons/amxmodx/data/lang/walkguard.txt
L 03/21/2017 - 19:08:58: [walkguard.amxx] no zone-file found
L 03/21/2017 - 19:08:58: [admin.amxx] Login: "SWAGGIE. XD<384><VALVE_0:4:862961770><>" became an admin (account "SWAGGIE. XD") (access "bi") (address "109.98.131.207")
L 03/21/2017 - 19:10:19: [admin.amxx] Login: "J.Smith<399><STEAM_0:0:59563675><>" became an admin (account "J.Smith") (access "bi") (address "109.185.5.238")
L 03/21/2017 - 19:10:24: [admin.amxx] Login: "J.Smith<400><STEAM_0:0:59563675><>" became an admin (account "J.Smith") (access "bi") (address "109.185.5.238")
L 03/21/2017 - 19:11:48: [admin.amxx] Login: "Xstrafers # |LOL|XXX<401><STEAM_0:1:24069958><>" became an admin (account "Xstrafers # |LOL|XXX") (access "bi") (address "5.15.80.42")
L 03/21/2017 - 19:14:43: [slayafk.amxx] SWAGGIE. XD a primit slay, deoarece a fost afk mai mult de 30 secunde
L 03/21/2017 - 19:17:28: [slayafk.amxx] SWAGGIE. XD a primit slay, deoarece a fost afk mai mult de 30 secunde
L 03/21/2017 - 19:20:48: [slayafk.amxx] Xstrafers # |LOL|XXX a primit slay, deoarece a fost afk mai mult de 30 secunde
L 03/21/2017 - 19:21:23: [slayafk.amxx] Xstrafers # |LOL|XXX a primit slay, deoarece a fost afk mai mult de 30 secunde
L 03/21/2017 - 19:21:58: [slayafk.amxx] Xstrafers # |LOL|XXX a primit slay, deoarece a fost afk mai mult de 30 secunde
L 03/21/2017 - 19:22:33: [slayafk.amxx] Xstrafers # |LOL|XXX a primit slay, deoarece a fost afk mai mult de 30 secunde
L 03/21/2017 - 19:23:08: [slayafk.amxx] Xstrafers # |LOL|XXX a primit slay, deoarece a fost afk mai mult de 30 secunde
L 03/21/2017 - 19:23:43: [slayafk.amxx] Xstrafers # |LOL|XXX a primit slay, deoarece a fost afk mai mult de 30 secunde
L 03/21/2017 - 19:23:48: [slayafk.amxx] SWAGGIE. XD a primit slay, deoarece a fost afk mai mult de 30 secunde
L 03/21/2017 - 19:24:18: [slayafk.amxx] Xstrafers # |LOL|XXX a primit slay, deoarece a fost afk mai mult de 30 secunde
L 03/21/2017 - 19:24:53: [slayafk.amxx] Xstrafers # |LOL|XXX a primit slay, deoarece a fost afk mai mult de 30 secunde
L 03/21/2017 - 19:25:28: [slayafk.amxx] Xstrafers # |LOL|XXX a primit slay, deoarece a fost afk mai mult de 30 secunde
L 03/21/2017 - 19:26:08: [slayafk.amxx] Xstrafers # |LOL|XXX a primit slay, deoarece a fost afk mai mult de 30 secunde
L 03/21/2017 - 19:26:13: [slayafk.amxx] SWAGGIE. XD a primit slay, deoarece a fost afk mai mult de 30 secunde
L 03/21/2017 - 19:26:43: [slayafk.amxx] Xstrafers # |LOL|XXX a primit slay, deoarece a fost afk mai mult de 30 secunde
L 03/21/2017 - 19:27:23: [slayafk.amxx] Teddy a primit slay, deoarece a fost afk mai mult de 30 secunde
L 03/21/2017 - 19:28:14: [admincmd.amxx] Cmd: "Dr.FioriGinal.Ro ~ Server Clasi<0><><>" slay "Nereklamuok!<418><STEAM_0:0:2140984578><>"
L 03/21/2017 - 19:30:58: [slayafk.amxx] Xstrafers # |LOL|XXX a primit slay, deoarece a fost afk mai mult de 30 secunde
L 03/21/2017 - 19:31:33: [slayafk.amxx] Xstrafers # |LOL|XXX a primit slay, deoarece a fost afk mai mult de 30 secunde
L 03/21/2017 - 19:32:08: [slayafk.amxx] Xstrafers # |LOL|XXX a primit slay, deoarece a fost afk mai mult de 30 secunde
L 03/21/2017 - 19:32:43: [slayafk.amxx] Xstrafers # |LOL|XXX a primit slay, deoarece a fost afk mai mult de 30 secunde
L 03/21/2017 - 19:33:18: [slayafk.amxx] Xstrafers # |LOL|XXX a primit slay, deoarece a fost afk mai mult de 30 secunde
L 03/21/2017 - 19:33:53: [slayafk.amxx] Xstrafers # |LOL|XXX a primit slay, deoarece a fost afk mai mult de 30 secunde
L 03/21/2017 - 19:34:28: [slayafk.amxx] Xstrafers # |LOL|XXX a primit slay, deoarece a fost afk mai mult de 30 secunde
L 03/21/2017 - 19:34:48: [mapsmenu.amxx] Vote: "SWAGGIE. XD<384><VALVE_0:4:862961770><>" vote maps (map#1 "deathrun_grass") (map#2 "deathrun_jinglebells") (map#3 "") (map#4 "")
L 03/21/2017 - 19:35:01: [mapsmenu.amxx] Vote: Voting successful. Map will be changed to deathrun_grass
L 03/21/2017 - 19:35:03: [slayafk.amxx] Xstrafers # |LOL|XXX a primit slay, deoarece a fost afk mai mult de 30 secunde
L 03/21/2017 - 19:35:38: [slayafk.amxx] Xstrafers # |LOL|XXX a primit slay, deoarece a fost afk mai mult de 30 secunde
L 03/21/2017 - 19:36:13: [slayafk.amxx] Xstrafers # |LOL|XXX a primit slay, deoarece a fost afk mai mult de 30 secunde
L 03/21/2017 - 19:36:48: [slayafk.amxx] Xstrafers # |LOL|XXX a primit slay, deoarece a fost afk mai mult de 30 secunde
L 03/21/2017 - 19:37:05: -------- Mapchange to deathrun_grass --------
L 03/21/2017 - 19:37:07: [AMXX] Failed to open dictionary file: cstrike/addons/amxmodx/data/lang/walkguard.txt
L 03/21/2017 - 19:37:08: [walkguard.amxx] no zone-file found
L 03/21/2017 - 19:37:08: [admin.amxx] Login: "SWAGGIE. XD<384><VALVE_0:4:862961770><>" became an admin (account "SWAGGIE. XD") (access "bi") (address "109.98.131.207")
L 03/21/2017 - 19:37:08: [admin.amxx] Login: "Xstrafers # |LOL|XXX<401><STEAM_0:1:24069958><>" became an admin (account "Xstrafers # |LOL|XXX") (access "bi") (address "5.15.80.42")
L 03/21/2017 - 19:37:09: [admin.amxx] Login: "SWAGGIE. XD<423><VALVE_0:4:862961770><>" became an admin (account "SWAGGIE. XD") (access "bi") (address "109.98.131.207")
L 03/21/2017 - 19:52:42: [admin.amxx] Login: "J.Smith<448><STEAM_0:0:59563675><>" became an admin (account "J.Smith") (access "bi") (address "109.185.5.238")
L 03/21/2017 - 19:52:50: [admin.amxx] Login: "J.Smith<450><STEAM_0:0:59563675><>" became an admin (account "J.Smith") (access "bi") (address "109.185.5.238")
L 03/21/2017 - 19:53:07: [advanced_bans_sql.amxx] SWAGGIE. XD <VALVE_0:4:862961770> banned good <STEAM_0:1:8709213> || Reason: "calm" || Ban Length: 5 minutes
L 03/21/2017 - 19:57:04: [admincmd.amxx] Cmd: "Dr.FioriGinal.Ro ~ Server Clasi<0><><>" slay "yacine<458><VALVE_0:4:1656603848><>"
L 03/21/2017 - 19:57:48: [slayafk.amxx] Na`vi | Zeus a primit slay, deoarece a fost afk mai mult de 30 secunde
L 03/21/2017 - 19:58:09: [advanced_bans_sql.amxx] Ban time is up for: good [STEAM_0:1:8709213]
L 03/21/2017 - 19:58:42: [mapsmenu.amxx] Vote: "SWAGGIE. XD<423><VALVE_0:4:862961770><>" vote maps (map#1 "deathrun_midr_csbr") (map#2 "deathrun_jinglebells") (map#3 "") (map#4 "")
L 03/21/2017 - 19:58:54: [mapsmenu.amxx] Vote: Voting successful. Map will be changed to deathrun_midr_csbr
L 03/21/2017 - 20:03:34: -------- Mapchange to deathrun_midr_csbr --------
L 03/21/2017 - 20:03:36: [AMXX] Failed to open dictionary file: cstrike/addons/amxmodx/data/lang/walkguard.txt
L 03/21/2017 - 20:03:37: [admin.amxx] Login: "J.Smith<450><STEAM_0:0:59563675><>" became an admin (account "J.Smith") (access "bi") (address "109.185.5.238")
L 03/21/2017 - 20:03:37: [walkguard.amxx] no zone-file found
L 03/21/2017 - 20:03:37: [admin.amxx] Login: "SWAGGIE. XD<423><VALVE_0:4:862961770><>" became an admin (account "SWAGGIE. XD") (access "bi") (address "109.98.131.207")
L 03/21/2017 - 20:03:37: [admin.amxx] Login: "J.Smith<461><STEAM_0:0:59563675><>" became an admin (account "J.Smith") (access "bi") (address "109.185.5.238")
L 03/21/2017 - 20:03:38: [admin.amxx] Login: "SWAGGIE. XD<462><VALVE_0:4:862961770><>" became an admin (account "SWAGGIE. XD") (access "bi") (address "109.98.131.207")
L 03/21/2017 - 20:03:51: [admin.amxx] Login: "J.Smith<470><STEAM_0:0:59563675><>" became an admin (account "J.Smith") (access "bi") (address "109.185.5.238")
L 03/21/2017 - 20:06:03: [admin.amxx] Login: "FAKE ^^<472><STEAM_0:0:272564954><>" became an admin (account "FAKE ^^") (access "bi") (address "95.76.1.240")
L 03/21/2017 - 20:25:06: [admincmd.amxx] Cmd: "SWAGGIE. XD<462><VALVE_0:4:862961770><>" slay "ReaD1nG #BEAST<495><STEAM_0:0:97362871><>"
L 03/21/2017 - 20:27:27: [admin.amxx] Login: "J.Smith<498><STEAM_0:0:59563675><>" became an admin (account "J.Smith") (access "bi") (address "109.185.5.238")
L 03/21/2017 - 20:28:50: -------- Mapchange to deathrun_coolf_3 --------
L 03/21/2017 - 20:28:52: [AMXX] Failed to open dictionary file: cstrike/addons/amxmodx/data/lang/walkguard.txt
L 03/21/2017 - 20:28:53: [walkguard.amxx] no zone-file found
L 03/21/2017 - 20:28:53: [admin.amxx] Login: "SWAGGIE. XD<462><VALVE_0:4:862961770><>" became an admin (account "SWAGGIE. XD") (access "bi") (address "109.98.131.207")
L 03/21/2017 - 20:28:53: [admin.amxx] Login: "J.Smith<498><STEAM_0:0:59563675><>" became an admin (account "J.Smith") (access "bi") (address "109.185.5.238")
L 03/21/2017 - 20:28:58: [admin.amxx] Login: "J.Smith<501><STEAM_0:0:59563675><>" became an admin (account "J.Smith") (access "bi") (address "109.185.5.238")
L 03/21/2017 - 20:29:27: [slayafk.amxx] tiganu a primit slay, deoarece a fost afk mai mult de 30 secunde
L 03/21/2017 - 20:30:02: [slayafk.amxx] tiganu a primit slay, deoarece a fost afk mai mult de 30 secunde
L 03/21/2017 - 20:30:47: [slayafk.amxx] SWAGGIE. XD a primit slay, deoarece a fost afk mai mult de 30 secunde
L 03/21/2017 - 20:30:52: [slayafk.amxx] tiganu a primit slay, deoarece a fost afk mai mult de 30 secunde
L 03/21/2017 - 20:31:22: [slayafk.amxx] SWAGGIE. XD a primit slay, deoarece a fost afk mai mult de 30 secunde
L 03/21/2017 - 20:32:32: [slayafk.amxx] tiganu a primit slay, deoarece a fost afk mai mult de 30 secunde
L 03/21/2017 - 20:32:32: [slayafk.amxx] SWAGGIE. XD a primit slay, deoarece a fost afk mai mult de 30 secunde
L 03/21/2017 - 20:33:12: [slayafk.amxx] SWAGGIE. XD a primit slay, deoarece a fost afk mai mult de 30 secunde
L 03/21/2017 - 20:33:17: [slayafk.amxx] tiganu a primit slay, deoarece a fost afk mai mult de 30 secunde
L 03/21/2017 - 20:33:47: [slayafk.amxx] SWAGGIE. XD a primit slay, deoarece a fost afk mai mult de 30 secunde
L 03/21/2017 - 20:34:27: [slayafk.amxx] SWAGGIE. XD a primit slay, deoarece a fost afk mai mult de 30 secunde
L 03/21/2017 - 20:34:42: [slayafk.amxx] adderall a primit slay, deoarece a fost afk mai mult de 30 secunde
L 03/21/2017 - 20:35:02: [slayafk.amxx] SWAGGIE. XD a primit slay, deoarece a fost afk mai mult de 30 secunde
L 03/21/2017 - 20:35:37: [slayafk.amxx] SWAGGIE. XD a primit slay, deoarece a fost afk mai mult de 30 secunde
L 03/21/2017 - 20:36:12: [slayafk.amxx] SWAGGIE. XD a primit slay, deoarece a fost afk mai mult de 30 secunde
L 03/21/2017 - 20:36:52: [slayafk.amxx] SWAGGIE. XD a primit slay, deoarece a fost afk mai mult de 30 secunde
L 03/21/2017 - 20:37:27: [slayafk.amxx] SWAGGIE. XD a primit slay, deoarece a fost afk mai mult de 30 secunde
L 03/21/2017 - 20:38:02: [slayafk.amxx] SWAGGIE. XD a primit slay, deoarece a fost afk mai mult de 30 secunde
L 03/21/2017 - 20:38:42: [slayafk.amxx] SWAGGIE. XD a primit slay, deoarece a fost afk mai mult de 30 secunde
L 03/21/2017 - 20:38:52: [slayafk.amxx] adderall a primit slay, deoarece a fost afk mai mult de 30 secunde
L 03/21/2017 - 20:39:17: [slayafk.amxx] SWAGGIE. XD a primit slay, deoarece a fost afk mai mult de 30 secunde
L 03/21/2017 - 20:39:57: [slayafk.amxx] SWAGGIE. XD a primit slay, deoarece a fost afk mai mult de 30 secunde
L 03/21/2017 - 20:40:02: [slayafk.amxx] adderall a primit slay, deoarece a fost afk mai mult de 30 secunde
L 03/21/2017 - 20:40:32: [slayafk.amxx] SWAGGIE. XD a primit slay, deoarece a fost afk mai mult de 30 secunde
L 03/21/2017 - 20:41:12: [slayafk.amxx] adderall a primit slay, deoarece a fost afk mai mult de 30 secunde
L 03/21/2017 - 20:42:57: [slayafk.amxx] SWAGGIE. XD a primit slay, deoarece a fost afk mai mult de 30 secunde
L 03/21/2017 - 20:43:32: [slayafk.amxx] SWAGGIE. XD a primit slay, deoarece a fost afk mai mult de 30 secunde
L 03/21/2017 - 20:44:07: [slayafk.amxx] SWAGGIE. XD a primit slay, deoarece a fost afk mai mult de 30 secunde
L 03/21/2017 - 20:44:42: [slayafk.amxx] SWAGGIE. XD a primit slay, deoarece a fost afk mai mult de 30 secunde
L 03/21/2017 - 20:45:12: [slayafk.amxx] adderall a primit slay, deoarece a fost afk mai mult de 30 secunde
L 03/21/2017 - 20:45:22: [slayafk.amxx] SWAGGIE. XD a primit slay, deoarece a fost afk mai mult de 30 secunde
L 03/21/2017 - 20:45:57: [slayafk.amxx] SWAGGIE. XD a primit slay, deoarece a fost afk mai mult de 30 secunde
L 03/21/2017 - 20:46:42: [slayafk.amxx] SWAGGIE. XD a primit slay, deoarece a fost afk mai mult de 30 secunde
L 03/21/2017 - 20:47:52: [slayafk.amxx] adderall a primit slay, deoarece a fost afk mai mult de 30 secunde
L 03/21/2017 - 20:48:07: [slayafk.amxx] SWAGGIE. XD a primit slay, deoarece a fost afk mai mult de 30 secunde
L 03/21/2017 - 20:48:52: [slayafk.amxx] SWAGGIE. XD a primit slay, deoarece a fost afk mai mult de 30 secunde
L 03/21/2017 - 20:48:52: [slayafk.amxx] adderall a primit slay, deoarece a fost afk mai mult de 30 secunde
L 03/21/2017 - 20:49:06: [admin.amxx] Login: "Bidi<520><STEAM_0:1:45864800><>" became an admin (account "Bidi") (access "bit") (address "89.38.171.107")
L 03/21/2017 - 20:50:12: [slayafk.amxx] adderall a primit slay, deoarece a fost afk mai mult de 30 secunde
L 03/21/2017 - 20:50:12: [slayafk.amxx] Bidi a primit slay, deoarece a fost afk mai mult de 30 secunde
L 03/21/2017 - 20:50:47: [slayafk.amxx] Bidi a primit slay, deoarece a fost afk mai mult de 30 secunde
L 03/21/2017 - 20:53:11: [mapsmenu.amxx] Vote: "SWAGGIE. XD<462><VALVE_0:4:862961770><>" vote maps (map#1 "deathrun_av2009_recolored-ez") (map#2 "deathrun_jinglebells") (map#3 "") (map#4 "")
L 03/21/2017 - 20:53:23: [mapsmenu.amxx] Vote: Voting successful. Map will be changed to deathrun_av2009_recolored-ez
L 03/21/2017 - 20:53:57: -------- Mapchange to deathrun_av2009_recolored-ez --------
L 03/21/2017 - 20:53:59: [AMXX] Failed to open dictionary file: cstrike/addons/amxmodx/data/lang/walkguard.txt
L 03/21/2017 - 20:54:00: [walkguard.amxx] no zone-file found
L 03/21/2017 - 20:54:01: [admin.amxx] Login: "SWAGGIE. XD<462><VALVE_0:4:862961770><>" became an admin (account "SWAGGIE. XD") (access "bi") (address "109.98.131.207")
L 03/21/2017 - 20:54:26: [admincmd.amxx] Cmd: "Dr.FioriGinal.Ro ~ Server Clasi<0><><>" slay "XxX_PAPAIIIA_XxX<533><STEAM_0:0:669968232><>"
L 03/21/2017 - 20:59:40: [admincmd.amxx] Cmd: "Dr.FioriGinal.Ro ~ Server Clasi<0><><>" slay "abc.<538><VALVE_0:4:1603751031><>"
L 03/21/2017 - 21:04:12: [admincmd.amxx] Cmd: "Dr.FioriGinal.Ro ~ Server Clasi<0><><>" slay "tiganu<546><STEAM_0:0:187978272><>"
L 03/21/2017 - 21:08:49: [slayafk.amxx] SWAGGIE. XD a primit slay, deoarece a fost afk mai mult de 30 secunde
L 03/21/2017 - 21:12:58: [admincmd.amxx] Cmd: "Dr.FioriGinal.Ro ~ Server Clasi<0><><>" slay "tiganu<549><STEAM_0:0:187978272><>"
L 03/21/2017 - 21:18:29: [admin.amxx] Login: "SWAGGIE. XD<558><VALVE_0:4:862961770><>" became an admin (account "SWAGGIE. XD") (access "bi") (address "109.98.131.207")
L 03/21/2017 - 21:19:19: -------- Mapchange to deathrun_cliff --------
L 03/21/2017 - 21:19:20: [AMXX] Failed to open dictionary file: cstrike/addons/amxmodx/data/lang/walkguard.txt
L 03/21/2017 - 21:19:21: [walkguard.amxx] no zone-file found
L 03/21/2017 - 21:45:21: -------- Mapchange to deathrun_arabrun_v1 --------
L 03/21/2017 - 21:45:22: [AMXX] Failed to open dictionary file: cstrike/addons/amxmodx/data/lang/walkguard.txt
L 03/21/2017 - 21:45:23: [walkguard.amxx] no zone-file found
L 03/21/2017 - 22:28:38: [slayafk.amxx] nVidia E7 Player a primit slay, deoarece a fost afk mai mult de 30 secunde
L 03/21/2017 - 22:33:24: -------- Mapchange to deathrun_surf --------
L 03/21/2017 - 22:33:25: [AMXX] Failed to open dictionary file: cstrike/addons/amxmodx/data/lang/walkguard.txt
L 03/21/2017 - 22:33:26: [walkguard.amxx] no zone-file found
L 03/21/2017 - 23:09:58: -------- Mapchange to deathrun_hard_cspgames2 --------
L 03/21/2017 - 23:09:59: [AMXX] Failed to open dictionary file: cstrike/addons/amxmodx/data/lang/walkguard.txt
L 03/21/2017 - 23:10:00: [walkguard.amxx] no zone-file found
L 03/21/2017 - 23:11:05: [admincmd.amxx] Cmd: "Dr.FioriGinal.Ro ~ Server Clasi<0><><>" slay "A[W]P_Music-Andrey[M+]<624><STEAM_0:0:294284669><>"
L 03/21/2017 - 23:16:42: [admincmd.amxx] Cmd: "Dr.FioriGinal.Ro ~ Server Clasi<0><><>" slay "Mota<630><STEAM_0:0:1425704803><>"
L 03/21/2017 - 23:31:56: [admincmd.amxx] Cmd: "Dr.FioriGinal.Ro ~ Server Clasi<0><><>" slay "syntynyt<637><STEAM_0:0:15949717><>"
L 03/21/2017 - 23:37:20: [admin.amxx] Login: "SWAGGIE. XD<639><VALVE_0:4:862961770><>" became an admin (account "SWAGGIE. XD") (access "bi") (address "109.98.131.207")
L 03/21/2017 - 23:42:34: [admin.amxx] Login: "-rTg|maEsTrOo<641><STEAM_0:1:154430568><>" kicked due to invalid password (account "-rTg|maEsTrOo") (address "109.96.111.96")
L 03/21/2017 - 23:42:41: [admin.amxx] Login: "-rTg|maEsTrOo<642><STEAM_0:1:154430568><>" became an admin (account "-rTg|maEsTrOo") (access "bit") (address "109.96.111.96")
L 03/21/2017 - 23:49:15: [admincmd.amxx] Cmd: "-rTg|maEsTrOo<642><STEAM_0:1:154430568><>" changelevel "deathrun_temple"
L 03/21/2017 - 23:49:17: -------- Mapchange to deathrun_temple --------
L 03/21/2017 - 23:49:18: [AMXX] Failed to open dictionary file: cstrike/addons/amxmodx/data/lang/walkguard.txt
L 03/21/2017 - 23:49:19: [walkguard.amxx] no zone-file found
L 03/21/2017 - 23:49:19: [admin.amxx] Login: "-rTg|maEsTrOo<642><STEAM_0:1:154430568><>" became an admin (account "-rTg|maEsTrOo") (access "bit") (address "109.96.111.96")
L 03/21/2017 - 23:50:45: [adminchat.amxx] Chat: "crazi #<646><STEAM_0:0:176678667><>" chat "gcp ma"
L 03/21/2017 - 23:51:48: [telemenu.amxx] Cmd: "-rTg|maEsTrOo<642><STEAM_0:1:154430568><>" teleport "crazi #<646><STEAM_0:0:176678667><>"
L 03/21/2017 - 23:54:03: [admin.amxx] Login: "SWAGGIE. XD<651><VALVE_0:4:862961770><>" became an admin (account "SWAGGIE. XD") (access "bi") (address "109.98.131.207")
L 03/21/2017 - 23:56:48: [adminchat.amxx] Chat: "crazi #<646><STEAM_0:0:176678667><>" chat "un vps imi dai ?"
L 03/21/2017 - 23:56:50: [adminchat.amxx] Chat: "crazi #<646><STEAM_0:0:176678667><>" chat ":))"
L 03/21/2017 - 23:56:55: [adminchat.amxx] Chat: "crazi #<646><STEAM_0:0:176678667><>" chat "dala de 1 gb"
L 03/21/2017 - 23:56:59: [adminchat.amxx] Chat: "crazi #<646><STEAM_0:0:176678667><>" chat "sa rezolv ip-uri"
L 03/21/2017 - 23:57:04: [adminchat.amxx] Chat: "crazi #<646><STEAM_0:0:176678667><>" chat "da :))"
L 03/21/2017 - 23:57:14: [adminchat.amxx] Chat: "crazi #<646><STEAM_0:0:176678667><>" chat "pai daca nu dai mai mult =]]"
L 03/21/2017 - 23:57:17: [adminchat.amxx] Chat: "crazi #<646><STEAM_0:0:176678667><>" chat "da flood"
L 03/21/2017 - 23:59:48: [admin.amxx] Login: "SWAGGIE. XD<654><VALVE_0:4:862961770><>" became an admin (account "SWAGGIE. XD") (access "bi") (address "109.98.131.207")
