L 01/24/2017 - 00:00:25: -------- Mapchange to deathrun_laikiux_pizdec --------
L 01/24/2017 - 00:00:27: [comp_timer2.amxx] Error on query: You have an error in your SQL syntax; check the manual that corresponds to your MySQL server version for the right syntax to use near '' at line 1
L 01/24/2017 - 00:00:27: [comp_timer2.amxx] FailState == TQUERY_QUERY_FAILED, Query failed.
L 01/24/2017 - 00:00:28: [admin.amxx] Login: "SWAGGIE. XD<811><VALVE_0:4:862961770><>" became an admin (account "SWAGGIE. XD") (access "bi") (address "109.98.131.207")
L 01/24/2017 - 00:01:07: [slayafk.amxx] Eduard. a primit slay, deoarece a fost afk mai mult de 30 secunde
L 01/24/2017 - 00:01:42: [slayafk.amxx] Eduard. a primit slay, deoarece a fost afk mai mult de 30 secunde
L 01/24/2017 - 00:02:32: [slayafk.amxx] Eduard. a primit slay, deoarece a fost afk mai mult de 30 secunde
L 01/24/2017 - 00:02:32: [slayafk.amxx] AmatoR a primit slay, deoarece a fost afk mai mult de 30 secunde
L 01/24/2017 - 00:05:02: [slayafk.amxx] Eduard. a primit slay, deoarece a fost afk mai mult de 30 secunde
L 01/24/2017 - 00:05:02: [slayafk.amxx] AmatoR a primit slay, deoarece a fost afk mai mult de 30 secunde
L 01/24/2017 - 00:06:12: [slayafk.amxx] Eduard. a primit slay, deoarece a fost afk mai mult de 30 secunde
L 01/24/2017 - 00:06:12: [slayafk.amxx] AmatoR a primit slay, deoarece a fost afk mai mult de 30 secunde
L 01/24/2017 - 00:07:57: [slayafk.amxx] AmatoR a primit slay, deoarece a fost afk mai mult de 30 secunde
L 01/24/2017 - 00:09:17: [slayafk.amxx] Eduard. a primit slay, deoarece a fost afk mai mult de 30 secunde
L 01/24/2017 - 00:09:32: [slayafk.amxx] AmatoR a primit slay, deoarece a fost afk mai mult de 30 secunde
L 01/24/2017 - 00:10:22: [slayafk.amxx] Eduard. a primit slay, deoarece a fost afk mai mult de 30 secunde
L 01/24/2017 - 00:14:32: [slayafk.amxx] SWAGGIE. XD a primit slay, deoarece a fost afk mai mult de 30 secunde
L 01/24/2017 - 00:15:57: [slayafk.amxx] SWAGGIE. XD a primit slay, deoarece a fost afk mai mult de 30 secunde
L 01/24/2017 - 00:16:37: [slayafk.amxx] SWAGGIE. XD a primit slay, deoarece a fost afk mai mult de 30 secunde
L 01/24/2017 - 00:16:37: [slayafk.amxx] AmatoR a primit slay, deoarece a fost afk mai mult de 30 secunde
L 01/24/2017 - 00:19:06: [admin.amxx] Login: "ZALE<841><STEAM_0:0:179153939><>" kicked due to invalid password (account "zale") (address "109.97.155.8")
L 01/24/2017 - 00:19:15: [admin.amxx] Login: "ZALE<842><STEAM_0:0:179153939><>" became an admin (account "zale") (access "bit") (address "109.97.155.8")
L 01/24/2017 - 00:21:57: [slayafk.amxx] SWAGGIE. XD a primit slay, deoarece a fost afk mai mult de 30 secunde
L 01/24/2017 - 00:23:17: [slayafk.amxx] SWAGGIE. XD a primit slay, deoarece a fost afk mai mult de 30 secunde
L 01/24/2017 - 00:24:27: [slayafk.amxx] SWAGGIE. XD a primit slay, deoarece a fost afk mai mult de 30 secunde
L 01/24/2017 - 00:26:24: -------- Mapchange to deathrun_blabla_hard --------
L 01/24/2017 - 00:26:26: [comp_timer2.amxx] Error on query: You have an error in your SQL syntax; check the manual that corresponds to your MySQL server version for the right syntax to use near '' at line 1
L 01/24/2017 - 00:26:26: [comp_timer2.amxx] FailState == TQUERY_QUERY_FAILED, Query failed.
L 01/24/2017 - 00:26:27: [admin.amxx] Login: "SWAGGIE. XD<811><VALVE_0:4:862961770><>" became an admin (account "SWAGGIE. XD") (access "bi") (address "109.98.131.207")
L 01/24/2017 - 00:26:44: [admincmd.amxx] Cmd: "Dr.FioriGinal.Ro ~ Server Clasi<0><><>" slay "Ene[R]gy^_  FiNs0N WaRSiMpS0NpF<855><STEAM_0:0:947863493><>"
L 01/24/2017 - 00:27:36: [slayafk.amxx] SWAGGIE. XD a primit slay, deoarece a fost afk mai mult de 30 secunde
L 01/24/2017 - 00:31:51: [slayafk.amxx] SWAGGIE. XD a primit slay, deoarece a fost afk mai mult de 30 secunde
L 01/24/2017 - 00:31:51: [slayafk.amxx] AmatoR a primit slay, deoarece a fost afk mai mult de 30 secunde
L 01/24/2017 - 00:33:16: [slayafk.amxx] SWAGGIE. XD a primit slay, deoarece a fost afk mai mult de 30 secunde
L 01/24/2017 - 00:33:31: [slayafk.amxx] AmatoR a primit slay, deoarece a fost afk mai mult de 30 secunde
L 01/24/2017 - 00:33:56: [admin.amxx] Login: "kaka<865><VALVE_0:4:1033726963><>" became an admin (account "kaka") (access "bi") (address "94.53.102.210")
L 01/24/2017 - 00:34:51: [slayafk.amxx] AmatoR a primit slay, deoarece a fost afk mai mult de 30 secunde
L 01/24/2017 - 00:36:46: [slayafk.amxx] SWAGGIE. XD a primit slay, deoarece a fost afk mai mult de 30 secunde
L 01/24/2017 - 00:37:01: [slayafk.amxx] AmatoR a primit slay, deoarece a fost afk mai mult de 30 secunde
L 01/24/2017 - 00:39:31: [slayafk.amxx] SWAGGIE. XD a primit slay, deoarece a fost afk mai mult de 30 secunde
L 01/24/2017 - 00:42:56: [slayafk.amxx] SWAGGIE. XD a primit slay, deoarece a fost afk mai mult de 30 secunde
L 01/24/2017 - 00:43:51: [slayafk.amxx] AmatoR a primit slay, deoarece a fost afk mai mult de 30 secunde
L 01/24/2017 - 00:44:56: [slayafk.amxx] SWAGGIE. XD a primit slay, deoarece a fost afk mai mult de 30 secunde
L 01/24/2017 - 00:45:01: [slayafk.amxx] AmatoR a primit slay, deoarece a fost afk mai mult de 30 secunde
L 01/24/2017 - 00:47:21: [slayafk.amxx] SWAGGIE. XD a primit slay, deoarece a fost afk mai mult de 30 secunde
L 01/24/2017 - 00:47:26: [slayafk.amxx] AmatoR a primit slay, deoarece a fost afk mai mult de 30 secunde
L 01/24/2017 - 00:47:37: [admincmd.amxx] Cmd: "Dr.FioriGinal.Ro ~ Server Clasi<0><><>" slay "Chrome<867><VALVE_0:4:1629047675><>"
L 01/24/2017 - 00:48:31: [slayafk.amxx] SWAGGIE. XD a primit slay, deoarece a fost afk mai mult de 30 secunde
L 01/24/2017 - 00:49:51: [slayafk.amxx] SWAGGIE. XD a primit slay, deoarece a fost afk mai mult de 30 secunde
L 01/24/2017 - 00:50:44: [admincmd.amxx] Cmd: "Dr.FioriGinal.Ro ~ Server Clasi<0><><>" slay "Chrome<868><VALVE_0:4:1629047675><>"
L 01/24/2017 - 00:51:41: [slayafk.amxx] AmatoR a primit slay, deoarece a fost afk mai mult de 30 secunde
L 01/24/2017 - 00:51:46: [slayafk.amxx] Ene[R]gy^_  FiNs0N WaRSiMpS0NpF a primit slay, deoarece a fost afk mai mult de 30 secunde
L 01/24/2017 - 00:51:49: -------- Mapchange to deathrun_massive --------
L 01/24/2017 - 00:51:51: [comp_timer2.amxx] Error on query: You have an error in your SQL syntax; check the manual that corresponds to your MySQL server version for the right syntax to use near '' at line 1
L 01/24/2017 - 00:51:51: [comp_timer2.amxx] FailState == TQUERY_QUERY_FAILED, Query failed.
L 01/24/2017 - 00:51:51: [admin.amxx] Login: "SWAGGIE. XD<811><VALVE_0:4:862961770><>" became an admin (account "SWAGGIE. XD") (access "bi") (address "109.98.131.207")
L 01/24/2017 - 01:18:43: -------- Mapchange to deathrun_green_h2_final --------
L 01/24/2017 - 01:18:44: [comp_timer2.amxx] Error on query: You have an error in your SQL syntax; check the manual that corresponds to your MySQL server version for the right syntax to use near '' at line 1
L 01/24/2017 - 01:18:44: [comp_timer2.amxx] FailState == TQUERY_QUERY_FAILED, Query failed.
L 01/24/2017 - 01:28:28: [admincmd.amxx] Cmd: "Dr.FioriGinal.Ro ~ Server Clasi<0><><>" slay "Chrome<893><VALVE_0:4:1629047675><>"
L 01/24/2017 - 01:29:00: [admin.amxx] Login: "anca<894><STEAM_0:0:58514266><>" became an admin (account "anca") (access "bi") (address "109.103.126.196")
L 01/24/2017 - 01:29:03: [admin.amxx] Login: "anca<895><STEAM_0:0:58514266><>" became an admin (account "anca") (access "bi") (address "109.103.126.196")
L 01/24/2017 - 01:39:02: [admin.amxx] Login: "SWAGGIE. XD<898><VALVE_0:4:862961770><>" became an admin (account "SWAGGIE. XD") (access "bi") (address "109.98.131.207")
L 01/24/2017 - 01:55:30: -------- Mapchange to deathrun_abstract --------
L 01/24/2017 - 01:55:31: [comp_timer2.amxx] Error on query: You have an error in your SQL syntax; check the manual that corresponds to your MySQL server version for the right syntax to use near '' at line 1
L 01/24/2017 - 01:55:31: [comp_timer2.amxx] FailState == TQUERY_QUERY_FAILED, Query failed.
L 01/24/2017 - 02:20:48: [admincmd.amxx] Cmd: "Dr.FioriGinal.Ro ~ Server Clasi<0><><>" slay "DANI3L<915><STEAM_0:0:577447995><>"
L 01/24/2017 - 02:24:02: [admin.amxx] Login: "SWAGGIE. XD<916><VALVE_0:4:862961770><>" became an admin (account "SWAGGIE. XD") (access "bi") (address "109.98.131.207")
L 01/24/2017 - 02:40:46: [admincmd.amxx] Cmd: "Dr.FioriGinal.Ro ~ Server Clasi<0><><>" slay "DANI3L<928><STEAM_0:0:577447995><>"
L 01/24/2017 - 02:49:53: -------- Mapchange to deathrun_coolf2 --------
L 01/24/2017 - 02:49:55: [comp_timer2.amxx] Error on query: You have an error in your SQL syntax; check the manual that corresponds to your MySQL server version for the right syntax to use near '' at line 1
L 01/24/2017 - 02:49:55: [comp_timer2.amxx] FailState == TQUERY_QUERY_FAILED, Query failed.
L 01/24/2017 - 03:58:46: -------- Mapchange to deathrun_coolf_3 --------
L 01/24/2017 - 03:58:48: [comp_timer2.amxx] Error on query: You have an error in your SQL syntax; check the manual that corresponds to your MySQL server version for the right syntax to use near '' at line 1
L 01/24/2017 - 03:58:48: [comp_timer2.amxx] FailState == TQUERY_QUERY_FAILED, Query failed.
L 01/24/2017 - 04:43:23: -------- Mapchange to deathrun_air_final --------
L 01/24/2017 - 04:43:25: [comp_timer2.amxx] Error on query: You have an error in your SQL syntax; check the manual that corresponds to your MySQL server version for the right syntax to use near '' at line 1
L 01/24/2017 - 04:43:25: [comp_timer2.amxx] FailState == TQUERY_QUERY_FAILED, Query failed.
L 01/24/2017 - 06:54:18: -------- Mapchange to deathrun_cliff --------
L 01/24/2017 - 06:54:20: [comp_timer2.amxx] Error on query: You have an error in your SQL syntax; check the manual that corresponds to your MySQL server version for the right syntax to use near '' at line 1
L 01/24/2017 - 06:54:20: [comp_timer2.amxx] FailState == TQUERY_QUERY_FAILED, Query failed.
L 01/24/2017 - 07:40:45: -------- Mapchange to deathrun_arabrun_v1 --------
L 01/24/2017 - 07:40:46: [comp_timer2.amxx] Error on query: You have an error in your SQL syntax; check the manual that corresponds to your MySQL server version for the right syntax to use near '' at line 1
L 01/24/2017 - 07:40:46: [comp_timer2.amxx] FailState == TQUERY_QUERY_FAILED, Query failed.
L 01/24/2017 - 08:08:11: -------- Mapchange to deathrun_surf --------
L 01/24/2017 - 08:08:12: [comp_timer2.amxx] Error on query: You have an error in your SQL syntax; check the manual that corresponds to your MySQL server version for the right syntax to use near '' at line 1
L 01/24/2017 - 08:08:12: [comp_timer2.amxx] FailState == TQUERY_QUERY_FAILED, Query failed.
L 01/24/2017 - 08:41:59: -------- Mapchange to deathrun_hard_cspgames2 --------
L 01/24/2017 - 08:42:00: [comp_timer2.amxx] Error on query: You have an error in your SQL syntax; check the manual that corresponds to your MySQL server version for the right syntax to use near '' at line 1
L 01/24/2017 - 08:42:00: [comp_timer2.amxx] FailState == TQUERY_QUERY_FAILED, Query failed.
L 01/24/2017 - 09:14:50: [slayafk.amxx] JustKILL a primit slay, deoarece a fost afk mai mult de 30 secunde
L 01/24/2017 - 09:31:17: [admin.amxx] Login: "knife<994><STEAM_0:1:118153889><>" became an admin (account "knife") (access "bi") (address "92.114.99.212")
L 01/24/2017 - 09:32:28: [admin.amxx] Login: "knife<997><STEAM_0:1:118153889><>" became an admin (account "knife") (access "bi") (address "92.114.99.212")
L 01/24/2017 - 09:33:01: [adminchat.amxx] Chat: "knife<997><STEAM_0:1:118153889><>" chat "1"
L 01/24/2017 - 09:33:50: [mapsmenu.amxx] Vote: "knife<997><STEAM_0:1:118153889><>" vote maps (map#1 "deathrun_bhopz_v2") (map#2 "deathrun_challenge_x") (map#3 "") (map#4 "")
L 01/24/2017 - 09:34:02: [mapsmenu.amxx] Vote: Voting successful. Map will be changed to deathrun_bhopz_v2
L 01/24/2017 - 09:38:47: [admin.amxx] Login: "fl0ppy<1004><STEAM_0:0:1265142720><>" became an admin (account "fl0ppy") (access "bi") (address "86.127.99.205")
L 01/24/2017 - 09:38:56: [admin.amxx] Login: "fl0ppy<1005><STEAM_0:0:1265142720><>" became an admin (account "fl0ppy") (access "bi") (address "86.127.99.205")
L 01/24/2017 - 09:40:30: [slayafk.amxx] knife a primit slay, deoarece a fost afk mai mult de 30 secunde
L 01/24/2017 - 09:45:32: [admin.amxx] Login: "Panda<1008><STEAM_0:0:126187006><>" became an admin (account "Panda") (access "bi") (address "92.82.198.233")
L 01/24/2017 - 09:46:00: [admin.amxx] Login: "kaka<1009><VALVE_0:4:1033726963><>" kicked due to invalid password (account "kaka") (address "94.53.102.210")
L 01/24/2017 - 09:46:07: [admin.amxx] Login: "kaka<1010><VALVE_0:4:1033726963><>" became an admin (account "kaka") (access "bi") (address "94.53.102.210")
L 01/24/2017 - 09:46:19: [admincmd.amxx] Cmd: "knife<997><STEAM_0:1:118153889><>" ask for players list
L 01/24/2017 - 09:47:09: [mapsmenu.amxx] Vote: "Panda<1008><STEAM_0:0:126187006><>" vote maps (map#1 "deathrun_y_underground") (map#2 "deathrun_standup") (map#3 "deathrun_expres-winter") (map#4 "")
L 01/24/2017 - 09:47:18: [admin.amxx] Login: "fl0ppy<1005><STEAM_0:0:1265142720><>" became an admin (account "fl0ppy") (access "bi") (address "86.127.99.205")
L 01/24/2017 - 09:47:21: [mapsmenu.amxx] Vote: Voting successful. Map will be changed to deathrun_standup
L 01/24/2017 - 09:50:00: [slayafk.amxx] I LoVe YoU ! <3 a primit slay, deoarece a fost afk mai mult de 30 secunde
L 01/24/2017 - 09:58:05: [mapsmenu.amxx] Vote: "kaka<1010><VALVE_0:4:1033726963><>" vote maps (map#1 "deathrun_inferno_beta1") (map#2 "deathrun_coolf4") (map#3 "") (map#4 "")
L 01/24/2017 - 09:58:17: [mapsmenu.amxx] Vote: Voting successful. Map will be changed to deathrun_inferno_beta1
L 01/24/2017 - 10:00:00: [slayafk.amxx] *SpOOKy* a primit slay, deoarece a fost afk mai mult de 30 secunde
L 01/24/2017 - 10:01:58: -------- Mapchange to deathrun_inferno_beta1 --------
L 01/24/2017 - 10:02:00: [comp_timer2.amxx] Error on query: You have an error in your SQL syntax; check the manual that corresponds to your MySQL server version for the right syntax to use near '' at line 1
L 01/24/2017 - 10:02:00: [comp_timer2.amxx] FailState == TQUERY_QUERY_FAILED, Query failed.
L 01/24/2017 - 10:02:00: [admin.amxx] Login: "knife<997><STEAM_0:1:118153889><>" became an admin (account "knife") (access "bi") (address "92.114.99.212")
L 01/24/2017 - 10:02:00: [admin.amxx] Login: "kaka<1010><VALVE_0:4:1033726963><>" became an admin (account "kaka") (access "bi") (address "94.53.102.210")
L 01/24/2017 - 10:02:01: [admin.amxx] Login: "knife<1021><STEAM_0:1:118153889><>" became an admin (account "knife") (access "bi") (address "92.114.99.212")
L 01/24/2017 - 10:02:01: [admin.amxx] Login: "fl0ppy<1005><STEAM_0:0:1265142720><>" became an admin (account "fl0ppy") (access "bi") (address "86.127.99.205")
L 01/24/2017 - 10:02:05: [admin.amxx] Login: "fl0ppy<1027><STEAM_0:0:1265142720><>" became an admin (account "fl0ppy") (access "bi") (address "86.127.99.205")
L 01/24/2017 - 10:02:24: [admincmd.amxx] Cmd: "Dr.FioriGinal.Ro ~ Server Clasi<0><><>" slay "(R)ecord<1032><VALVE_0:4:1555288960><>"
L 01/24/2017 - 10:04:06: [admincmd.amxx] Cmd: "knife<1021><STEAM_0:1:118153889><>" slap with 0 damage "knife<1021><STEAM_0:1:118153889><>"
L 01/24/2017 - 10:27:29: -------- Mapchange to deathrun_bhopz_v2 --------
L 01/24/2017 - 10:27:30: [comp_timer2.amxx] Error on query: You have an error in your SQL syntax; check the manual that corresponds to your MySQL server version for the right syntax to use near '' at line 1
L 01/24/2017 - 10:27:30: [comp_timer2.amxx] FailState == TQUERY_QUERY_FAILED, Query failed.
L 01/24/2017 - 10:27:31: [admin.amxx] Login: "fl0ppy<1027><STEAM_0:0:1265142720><>" became an admin (account "fl0ppy") (access "bi") (address "86.127.99.205")
L 01/24/2017 - 10:53:13: -------- Mapchange to deathrun_hertz --------
L 01/24/2017 - 10:53:15: [comp_timer2.amxx] Error on query: You have an error in your SQL syntax; check the manual that corresponds to your MySQL server version for the right syntax to use near '' at line 1
L 01/24/2017 - 10:53:15: [comp_timer2.amxx] FailState == TQUERY_QUERY_FAILED, Query failed.
L 01/24/2017 - 10:58:20: [slayafk.amxx] REz a primit slay, deoarece a fost afk mai mult de 30 secunde
L 01/24/2017 - 10:59:20: [slayafk.amxx] REz a primit slay, deoarece a fost afk mai mult de 30 secunde
L 01/24/2017 - 11:00:40: [slayafk.amxx] REz a primit slay, deoarece a fost afk mai mult de 30 secunde
L 01/24/2017 - 11:00:57: [admin.amxx] Login: "wadafac!<1066><VALVE_0:4:320326523><>" became an admin (account "wadafac!") (access "bi") (address "79.116.115.143")
L 01/24/2017 - 11:02:10: [slayafk.amxx] REz a primit slay, deoarece a fost afk mai mult de 30 secunde
L 01/24/2017 - 11:02:20: [slayafk.amxx] *SpOOKy* a primit slay, deoarece a fost afk mai mult de 30 secunde
L 01/24/2017 - 11:03:25: [slayafk.amxx] *SpOOKy* a primit slay, deoarece a fost afk mai mult de 30 secunde
L 01/24/2017 - 11:05:00: [slayafk.amxx] REz a primit slay, deoarece a fost afk mai mult de 30 secunde
L 01/24/2017 - 11:06:05: [slayafk.amxx] *SpOOKy* a primit slay, deoarece a fost afk mai mult de 30 secunde
L 01/24/2017 - 11:15:22: [mapsmenu.amxx] Vote: "wadafac!<1066><VALVE_0:4:320326523><>" vote maps (map#1 "deathrun_challenge_x") (map#2 "") (map#3 "") (map#4 "")
L 01/24/2017 - 11:15:34: [mapsmenu.amxx] Vote: Voting successful. Map will be changed to deathrun_challenge_x
L 01/24/2017 - 11:17:08: [admin.amxx] Login: "wadafac!<1066><VALVE_0:4:320326523><>" became an admin (account "wadafac!") (access "bi") (address "79.116.115.143")
L 01/24/2017 - 11:19:24: -------- Mapchange to deathrun_challenge_x --------
L 01/24/2017 - 11:19:26: [comp_timer2.amxx] Error on query: You have an error in your SQL syntax; check the manual that corresponds to your MySQL server version for the right syntax to use near '' at line 1
L 01/24/2017 - 11:19:26: [comp_timer2.amxx] FailState == TQUERY_QUERY_FAILED, Query failed.
L 01/24/2017 - 11:28:16: [slayafk.amxx] Syncron. a primit slay, deoarece a fost afk mai mult de 30 secunde
L 01/24/2017 - 11:29:26: [slayafk.amxx] Syncron. a primit slay, deoarece a fost afk mai mult de 30 secunde
L 01/24/2017 - 11:31:46: [slayafk.amxx] Syncron. a primit slay, deoarece a fost afk mai mult de 30 secunde
L 01/24/2017 - 11:34:43: [admin.amxx] Login: "deadpool<1101><STEAM_0:0:30403765><>" became an admin (account "deadpool") (access "bit") (address "82.79.251.176")
L 01/24/2017 - 11:35:16: [slayafk.amxx] Syncron. a primit slay, deoarece a fost afk mai mult de 30 secunde
L 01/24/2017 - 11:37:04: [admin.amxx] Login: "wadafac!<1104><VALVE_0:4:320326523><>" became an admin (account "wadafac!") (access "bi") (address "79.116.115.143")
L 01/24/2017 - 11:37:10: [admincmd.amxx] Cmd: "Dr.FioriGinal.Ro ~ Server Clasi<0><><>" slay "wadafac!<1104><VALVE_0:4:320326523><>"
L 01/24/2017 - 11:37:18: [admincmd.amxx] Cmd: "wadafac!<1104><VALVE_0:4:320326523><>" slay "InSaNe#ShOt#<1102><VALVE_0:4:1317320048><>"
L 01/24/2017 - 11:37:56: [slayafk.amxx] Syncron. a primit slay, deoarece a fost afk mai mult de 30 secunde
L 01/24/2017 - 11:41:46: [slayafk.amxx] helooo a primit slay, deoarece a fost afk mai mult de 30 secunde
L 01/24/2017 - 11:41:46: [slayafk.amxx] Syncron. a primit slay, deoarece a fost afk mai mult de 30 secunde
L 01/24/2017 - 11:44:56: [slayafk.amxx] iNTeX a primit slay, deoarece a fost afk mai mult de 30 secunde
L 01/24/2017 - 11:44:56: [slayafk.amxx] Good day freeman a primit slay, deoarece a fost afk mai mult de 30 secunde
L 01/24/2017 - 11:44:56: [slayafk.amxx] Syncron. a primit slay, deoarece a fost afk mai mult de 30 secunde
L 01/24/2017 - 11:47:14: -------- Mapchange to deathrun_pacman --------
L 01/24/2017 - 11:47:16: [comp_timer2.amxx] Error on query: You have an error in your SQL syntax; check the manual that corresponds to your MySQL server version for the right syntax to use near '' at line 1
L 01/24/2017 - 11:47:16: [comp_timer2.amxx] FailState == TQUERY_QUERY_FAILED, Query failed.
L 01/24/2017 - 11:47:17: [admin.amxx] Login: "deadpool<1101><STEAM_0:0:30403765><>" became an admin (account "deadpool") (access "bit") (address "82.79.251.176")
L 01/24/2017 - 11:48:31: [slayafk.amxx] Syncron. a primit slay, deoarece a fost afk mai mult de 30 secunde
L 01/24/2017 - 11:51:31: [slayafk.amxx] Syncron. a primit slay, deoarece a fost afk mai mult de 30 secunde
L 01/24/2017 - 11:54:48: [bhop.amxx] Error on query: Duplicate entry 'CryBeach' for key 'NickName'
L 01/24/2017 - 11:54:48: [bhop.amxx] FailState == TQUERY_QUERY_FAILED, Query failed.
L 01/24/2017 - 11:57:36: [slayafk.amxx] Syncron. a primit slay, deoarece a fost afk mai mult de 30 secunde
L 01/24/2017 - 12:00:36: [slayafk.amxx] Syncron. a primit slay, deoarece a fost afk mai mult de 30 secunde
L 01/24/2017 - 12:02:31: [slayafk.amxx] Syncron. a primit slay, deoarece a fost afk mai mult de 30 secunde
L 01/24/2017 - 12:04:16: [slayafk.amxx] Syncron. a primit slay, deoarece a fost afk mai mult de 30 secunde
L 01/24/2017 - 12:07:47: [admincmd.amxx] Cmd: "Dr.FioriGinal.Ro ~ Server Clasi<0><><>" slay "hAbsk4y.#(authority)<1145><STEAM_0:1:112936335><>"
L 01/24/2017 - 12:08:16: [slayafk.amxx] MiB^ @like's that69 a primit slay, deoarece a fost afk mai mult de 30 secunde
L 01/24/2017 - 12:09:44: [admincmd.amxx] Cmd: "Dr.FioriGinal.Ro ~ Server Clasi<0><><>" slay "CianLU<1150><VALVE_0:4:807917427><>"
L 01/24/2017 - 12:10:16: [slayafk.amxx] MiB^ @like's that69 a primit slay, deoarece a fost afk mai mult de 30 secunde
L 01/24/2017 - 12:12:27: -------- Mapchange to deathrun_snow_wind --------
L 01/24/2017 - 12:12:30: [comp_timer2.amxx] Error on query: You have an error in your SQL syntax; check the manual that corresponds to your MySQL server version for the right syntax to use near '' at line 1
L 01/24/2017 - 12:12:30: [comp_timer2.amxx] FailState == TQUERY_QUERY_FAILED, Query failed.
L 01/24/2017 - 12:12:54: [admincmd.amxx] Cmd: "Dr.FioriGinal.Ro ~ Server Clasi<0><><>" slay "Alex<1165><STEAM_0:0:528638369><>"
L 01/24/2017 - 12:13:01: [admincmd.amxx] Cmd: "Dr.FioriGinal.Ro ~ Server Clasi<0><><>" slay "MiB^ @like's that69<1166><STEAM_0:0:1940015179><>"
L 01/24/2017 - 12:13:23: [admin.amxx] Login: "deadpool<1167><STEAM_0:0:30403765><>" became an admin (account "deadpool") (access "bit") (address "82.79.251.176")
L 01/24/2017 - 12:13:25: [admin.amxx] Login: "deadpool<1168><STEAM_0:0:30403765><>" became an admin (account "deadpool") (access "bit") (address "82.79.251.176")
L 01/24/2017 - 12:34:14: [slayafk.amxx] Eduard. a primit slay, deoarece a fost afk mai mult de 30 secunde
L 01/24/2017 - 12:35:40: [admin.amxx] Login: "deadpool<1181><STEAM_0:0:30403765><>" became an admin (account "deadpool") (access "bit") (address "82.79.251.176")
L 01/24/2017 - 12:35:42: [admin.amxx] Login: "deadpool<1182><STEAM_0:0:30403765><>" became an admin (account "deadpool") (access "bit") (address "82.79.251.176")
L 01/24/2017 - 12:37:31: [admincmd.amxx] Cmd: "Dr.FioriGinal.Ro ~ Server Clasi<0><><>" slay "RuslaNNN<1183><STEAM_0:0:80262703><>"
L 01/24/2017 - 12:37:59: -------- Mapchange to deathrun_helvis --------
L 01/24/2017 - 12:38:00: [comp_timer2.amxx] Error on query: You have an error in your SQL syntax; check the manual that corresponds to your MySQL server version for the right syntax to use near '' at line 1
L 01/24/2017 - 12:38:00: [comp_timer2.amxx] FailState == TQUERY_QUERY_FAILED, Query failed.
L 01/24/2017 - 12:38:11: [admin.amxx] Login: "deadpool<1190><STEAM_0:0:30403765><>" became an admin (account "deadpool") (access "bit") (address "82.79.251.176")
L 01/24/2017 - 12:45:02: [admin.amxx] Login: "cool<1198><STEAM_0:1:25922700><>" became an admin (account "cool") (access "bi") (address "5.14.101.234")
L 01/24/2017 - 12:45:04: [admin.amxx] Login: "cool<1199><STEAM_0:1:25922700><>" kicked due to invalid password (account "cool") (address "5.14.101.234")
L 01/24/2017 - 12:45:12: [admin.amxx] Login: "cool<1200><STEAM_0:1:25922700><>" became an admin (account "cool") (access "bi") (address "5.14.101.234")
L 01/24/2017 - 12:50:02: [pistols_sql.amxx] FailState == TQUERY_QUERY_FAILED, Query failed.
L 01/24/2017 - 12:51:46: [admincmd.amxx] Cmd: "cool<1200><STEAM_0:1:25922700><>" ask for players list
L 01/24/2017 - 12:57:38: [admincmd.amxx] Cmd: "cool<1200><STEAM_0:1:25922700><>" ask for players list
L 01/24/2017 - 12:58:15: [admincmd.amxx] Cmd: "cool<1200><STEAM_0:1:25922700><>" ask for players list
L 01/24/2017 - 12:59:33: [admin.amxx] Login: "Bidi<1211><STEAM_0:1:45864800><>" became an admin (account "Bidi") (access "bit") (address "176.223.43.32")
L 01/24/2017 - 12:59:39: [mapsmenu.amxx] Vote: "cool<1200><STEAM_0:1:25922700><>" vote maps (map#1 "deathrun_0mega") (map#2 "deathrun_stronghold_beta1") (map#3 "deathrun_greyskull") (map#4 "")
L 01/24/2017 - 12:59:51: [mapsmenu.amxx] Vote: Voting successful. Map will be changed to deathrun_0mega
L 01/24/2017 - 13:03:37: -------- Mapchange to deathrun_0mega --------
L 01/24/2017 - 13:03:38: [comp_timer2.amxx] Error on query: You have an error in your SQL syntax; check the manual that corresponds to your MySQL server version for the right syntax to use near '' at line 1
L 01/24/2017 - 13:03:38: [comp_timer2.amxx] FailState == TQUERY_QUERY_FAILED, Query failed.
L 01/24/2017 - 13:03:39: [admin.amxx] Login: "cool<1200><STEAM_0:1:25922700><>" became an admin (account "cool") (access "bi") (address "5.14.101.234")
L 01/24/2017 - 13:03:41: [admin.amxx] Login: "cool<1219><STEAM_0:1:25922700><>" became an admin (account "cool") (access "bi") (address "5.14.101.234")
L 01/24/2017 - 13:15:38: [slayafk.amxx] ssaacc. a primit slay, deoarece a fost afk mai mult de 30 secunde
L 01/24/2017 - 13:23:38: [admincmd.amxx] Cmd: "Dr.FioriGinal.Ro ~ Server Clasi<0><><>" slay "alexx12<1253><STEAM_0:0:916150006><>"
L 01/24/2017 - 13:28:38: [slayafk.amxx] ssaacc. a primit slay, deoarece a fost afk mai mult de 30 secunde
L 01/24/2017 - 13:29:58: [slayafk.amxx] ssaacc. a primit slay, deoarece a fost afk mai mult de 30 secunde
L 01/24/2017 - 13:30:58: [slayafk.amxx] ssaacc. a primit slay, deoarece a fost afk mai mult de 30 secunde
L 01/24/2017 - 13:32:18: [slayafk.amxx] ssaacc. a primit slay, deoarece a fost afk mai mult de 30 secunde
L 01/24/2017 - 13:33:38: [slayafk.amxx] ssaacc. a primit slay, deoarece a fost afk mai mult de 30 secunde
L 01/24/2017 - 13:35:03: [slayafk.amxx] ssaacc. a primit slay, deoarece a fost afk mai mult de 30 secunde
L 01/24/2017 - 13:39:29: [admincmd.amxx] Cmd: "Dr.FioriGinal.Ro ~ Server Clasi<0><><>" slay "Eduard.<1265><STEAM_0:0:1771070235><>"
L 01/24/2017 - 13:39:40: [admincmd.amxx] Cmd: "Dr.FioriGinal.Ro ~ Server Clasi<0><><>" slay "Eduard.<1267><STEAM_0:0:1771070235><>"
L 01/24/2017 - 13:40:33: [slayafk.amxx] JustKILL a primit slay, deoarece a fost afk mai mult de 30 secunde
L 01/24/2017 - 13:40:58: [slayafk.amxx] ssaacc. a primit slay, deoarece a fost afk mai mult de 30 secunde
L 01/24/2017 - 13:41:38: [slayafk.amxx] ssaacc. a primit slay, deoarece a fost afk mai mult de 30 secunde
L 01/24/2017 - 13:43:55: [admincmd.amxx] Cmd: "Dr.FioriGinal.Ro ~ Server Clasi<0><><>" slay "Daky69<1269><STEAM_0:0:523798960><>"
L 01/24/2017 - 13:56:02: [admin.amxx] Login: "SWAGGIE. XD<1280><VALVE_0:4:862961770><>" became an admin (account "SWAGGIE. XD") (access "bi") (address "109.98.131.207")
L 01/24/2017 - 14:04:47: [admin.amxx] Login: "SWAGGIE. XD<1293><VALVE_0:4:862961770><>" became an admin (account "SWAGGIE. XD") (access "bi") (address "109.98.131.207")
L 01/24/2017 - 14:04:55: -------- Mapchange to deathrun_genius --------
L 01/24/2017 - 14:04:57: [comp_timer2.amxx] Error on query: You have an error in your SQL syntax; check the manual that corresponds to your MySQL server version for the right syntax to use near '' at line 1
L 01/24/2017 - 14:04:57: [comp_timer2.amxx] FailState == TQUERY_QUERY_FAILED, Query failed.
L 01/24/2017 - 14:04:58: [admin.amxx] Login: "SWAGGIE. XD<1293><VALVE_0:4:862961770><>" became an admin (account "SWAGGIE. XD") (access "bi") (address "109.98.131.207")
L 01/24/2017 - 14:05:19: [admin.amxx] Login: "fl0ppy<1300><STEAM_0:0:1265142720><>" became an admin (account "fl0ppy") (access "bi") (address "86.127.99.205")
L 01/24/2017 - 14:05:24: [admin.amxx] Login: "fl0ppy<1301><STEAM_0:0:1265142720><>" became an admin (account "fl0ppy") (access "bi") (address "86.127.99.205")
L 01/24/2017 - 14:05:45: [adminchat.amxx] Chat: "fl0ppy<1301><STEAM_0:0:1265142720><>" chat "sal"
L 01/24/2017 - 14:07:01: [adminchat.amxx] Chat: "fl0ppy<1301><STEAM_0:0:1265142720><>" chat "ba"
L 01/24/2017 - 14:07:05: [adminchat.amxx] Chat: "SWAGGIE. XD<1293><VALVE_0:4:862961770><>" chat "?"
L 01/24/2017 - 14:07:14: [adminchat.amxx] Chat: "fl0ppy<1301><STEAM_0:0:1265142720><>" chat "te bagi la un clna"
L 01/24/2017 - 14:07:17: [adminchat.amxx] Chat: "fl0ppy<1301><STEAM_0:0:1265142720><>" chat "clan"
L 01/24/2017 - 14:07:28: [adminchat.amxx] Chat: "SWAGGIE. XD<1293><VALVE_0:4:862961770><>" chat " nu ba ..raman strange"
L 01/24/2017 - 14:07:32: [adminchat.amxx] Chat: "fl0ppy<1301><STEAM_0:0:1265142720><>" chat ".."
L 01/24/2017 - 14:07:35: [adminchat.amxx] Chat: "fl0ppy<1301><STEAM_0:0:1265142720><>" chat "e  varza"
L 01/24/2017 - 14:07:37: [slayafk.amxx] ssaacc. a primit slay, deoarece a fost afk mai mult de 30 secunde
L 01/24/2017 - 14:07:43: [adminchat.amxx] Chat: "SWAGGIE. XD<1293><VALVE_0:4:862961770><>" chat " cine mai viner/"
L 01/24/2017 - 14:07:48: [adminchat.amxx] Chat: "fl0ppy<1301><STEAM_0:0:1265142720><>" chat "si mire si kaka"
L 01/24/2017 - 14:07:51: [adminchat.amxx] Chat: "fl0ppy<1301><STEAM_0:0:1265142720><>" chat "trickz"
L 01/24/2017 - 14:07:55: [adminchat.amxx] Chat: "SWAGGIE. XD<1293><VALVE_0:4:862961770><>" chat " ma mai gandesc"
L 01/24/2017 - 14:10:47: [slayafk.amxx] fl0ppy a primit slay, deoarece a fost afk mai mult de 30 secunde
L 01/24/2017 - 14:10:47: [slayafk.amxx] ssaacc. a primit slay, deoarece a fost afk mai mult de 30 secunde
L 01/24/2017 - 14:13:07: [slayafk.amxx] fl0ppy a primit slay, deoarece a fost afk mai mult de 30 secunde
L 01/24/2017 - 14:16:42: [slayafk.amxx] ssaacc. a primit slay, deoarece a fost afk mai mult de 30 secunde
L 01/24/2017 - 14:16:42: [slayafk.amxx] Ami a primit slay, deoarece a fost afk mai mult de 30 secunde
L 01/24/2017 - 14:21:07: [slayafk.amxx] Daky69 a primit slay, deoarece a fost afk mai mult de 30 secunde
L 01/24/2017 - 14:22:22: [slayafk.amxx] fl0ppy a primit slay, deoarece a fost afk mai mult de 30 secunde
L 01/24/2017 - 14:22:22: [slayafk.amxx] Ami a primit slay, deoarece a fost afk mai mult de 30 secunde
L 01/24/2017 - 14:23:42: [slayafk.amxx] fl0ppy a primit slay, deoarece a fost afk mai mult de 30 secunde
L 01/24/2017 - 14:23:42: [slayafk.amxx] Ami a primit slay, deoarece a fost afk mai mult de 30 secunde
L 01/24/2017 - 14:25:26: [mapsmenu.amxx] Vote: "SWAGGIE. XD<1293><VALVE_0:4:862961770><>" vote maps (map#1 "deathrun_clarion_dojo_b3") (map#2 "deathrun_green_X") (map#3 "") (map#4 "")
L 01/24/2017 - 14:25:38: [mapsmenu.amxx] Vote: Voting successful. Map will be changed to deathrun_green_X
L 01/24/2017 - 14:25:39: [admin.amxx] Login: ".ryder.<1313><STEAM_0:0:1179693161><>" became an admin (account ".ryder.") (access "bi") (address "92.115.204.157")
L 01/24/2017 - 14:26:33: [adminchat.amxx] Chat: "JustKILL<1302><STEAM_0:0:516949682><>" chat " nu am zis eu"
L 01/24/2017 - 14:26:37: [adminchat.amxx] Chat: "JustKILL<1302><STEAM_0:0:516949682><>" chat " a zis hackerul"
L 01/24/2017 - 14:26:53: [adminchat.amxx] Chat: "JustKILL<1302><STEAM_0:0:516949682><>" chat " ungag"
L 01/24/2017 - 14:27:13: [adminchat.amxx] Chat: "JustKILL<1302><STEAM_0:0:516949682><>" chat " pai dai acu gag"
L 01/24/2017 - 14:27:22: [adminchat.amxx] Chat: "JustKILL<1302><STEAM_0:0:516949682><>" chat " poate fac o  reclamatie"
L 01/24/2017 - 14:28:47: [slayafk.amxx] fl0ppy a primit slay, deoarece a fost afk mai mult de 30 secunde
L 01/24/2017 - 14:28:47: [slayafk.amxx] Ami a primit slay, deoarece a fost afk mai mult de 30 secunde
L 01/24/2017 - 14:29:57: [slayafk.amxx] fl0ppy a primit slay, deoarece a fost afk mai mult de 30 secunde
L 01/24/2017 - 14:29:57: [slayafk.amxx] .ryder. a primit slay, deoarece a fost afk mai mult de 30 secunde
L 01/24/2017 - 14:29:57: [slayafk.amxx] Ami a primit slay, deoarece a fost afk mai mult de 30 secunde
L 01/24/2017 - 14:30:40: -------- Mapchange to deathrun_green_X --------
L 01/24/2017 - 14:30:41: [comp_timer2.amxx] Error on query: You have an error in your SQL syntax; check the manual that corresponds to your MySQL server version for the right syntax to use near '' at line 1
L 01/24/2017 - 14:30:41: [comp_timer2.amxx] FailState == TQUERY_QUERY_FAILED, Query failed.
L 01/24/2017 - 14:30:42: [admin.amxx] Login: "SWAGGIE. XD<1293><VALVE_0:4:862961770><>" became an admin (account "SWAGGIE. XD") (access "bi") (address "109.98.131.207")
L 01/24/2017 - 14:30:42: [admin.amxx] Login: "fl0ppy<1301><STEAM_0:0:1265142720><>" became an admin (account "fl0ppy") (access "bi") (address "86.127.99.205")
L 01/24/2017 - 14:30:43: [admin.amxx] Login: ".ryder.<1313><STEAM_0:0:1179693161><>" became an admin (account ".ryder.") (access "bi") (address "92.115.204.157")
L 01/24/2017 - 14:30:45: [admin.amxx] Login: "fl0ppy<1319><STEAM_0:0:1265142720><>" became an admin (account "fl0ppy") (access "bi") (address "86.127.99.205")
L 01/24/2017 - 14:31:13: [admincmd.amxx] Cmd: "Dr.FioriGinal.Ro ~ Server Clasi<0><><>" slay "AimON | <*Pemogu95*>^<1326><STEAM_0:0:1735464161><>"
L 01/24/2017 - 14:53:14: [mapsmenu.amxx] Vote: "SWAGGIE. XD<1293><VALVE_0:4:862961770><>" vote maps (map#1 "deathrun_challenge_x") (map#2 "deathrun_bhopz_v2") (map#3 "") (map#4 "")
L 01/24/2017 - 14:53:26: [mapsmenu.amxx] Vote: Voting successful. Map will be changed to deathrun_bhopz_v2
L 01/24/2017 - 14:57:54: [admin.amxx] Login: "KingKong<1350><STEAM_0:0:179854375><>" became an admin (account "KingKong") (access "bi") (address "92.80.119.91")
L 01/24/2017 - 14:57:58: [admin.amxx] Login: "KingKong<1352><STEAM_0:0:179854375><>" became an admin (account "KingKong") (access "bi") (address "92.80.119.91")
L 01/24/2017 - 14:58:30: [adminchat.amxx] Chat: "hackerul<1318><STEAM_0:0:528638369><>" chat "!revive"
L 01/24/2017 - 14:59:07: [advanced_bans_sql.amxx] Ban time is up for: David # CuBulanulHaHaHa [STEAM_0:0:1932697494]
L 01/24/2017 - 14:59:17: -------- Mapchange to deathrun_bhopz_v2 --------
L 01/24/2017 - 14:59:19: [comp_timer2.amxx] Error on query: You have an error in your SQL syntax; check the manual that corresponds to your MySQL server version for the right syntax to use near '' at line 1
L 01/24/2017 - 14:59:19: [comp_timer2.amxx] FailState == TQUERY_QUERY_FAILED, Query failed.
L 01/24/2017 - 14:59:20: [admin.amxx] Login: "SWAGGIE. XD<1293><VALVE_0:4:862961770><>" became an admin (account "SWAGGIE. XD") (access "bi") (address "109.98.131.207")
L 01/24/2017 - 14:59:20: [admin.amxx] Login: "KingKong<1352><STEAM_0:0:179854375><>" became an admin (account "KingKong") (access "bi") (address "92.80.119.91")
L 01/24/2017 - 14:59:25: [admin.amxx] Login: "KingKong<1354><STEAM_0:0:179854375><>" became an admin (account "KingKong") (access "bi") (address "92.80.119.91")
L 01/24/2017 - 15:00:05: [admin.amxx] Login: "Dudu.- ;o!<1359><STEAM_0:0:170398926><>" became an admin (account "Dudu.- ;o!") (access "bit") (address "5.13.8.71")
L 01/24/2017 - 15:02:08: [admincmd.amxx] Cmd: "SWAGGIE. XD<1293><VALVE_0:4:862961770><>" slay "LoLz<1349><VALVE_0:4:1086933115><>"
L 01/24/2017 - 15:08:08: [admin.amxx] Login: "spartanC3<1363><STEAM_0:0:1219032291><>" kicked due to invalid password (account "spartanC3") (address "109.97.113.204")
L 01/24/2017 - 15:12:58: [admin.amxx] Login: "EvolGeniuS - ThE king#<1366><STEAM_0:1:84045719><>" became an admin (account "EvolGeniuS - ThE king#") (access "bi") (address "5.14.53.74")
L 01/24/2017 - 15:20:18: [admin.amxx] Login: "wadafac!<1361><VALVE_0:4:320326523><>" became an admin (account "wadafac!") (access "bi") (address "79.116.115.143")
L 01/24/2017 - 15:20:53: [mapsmenu.amxx] Vote: "wadafac!<1361><VALVE_0:4:320326523><>" vote maps (map#1 "deathrun_hertz") (map#2 "deathrun_expres-game") (map#3 "") (map#4 "")
L 01/24/2017 - 15:21:05: [mapsmenu.amxx] Vote: Voting successful. Map will be changed to deathrun_hertz
L 01/24/2017 - 15:26:42: -------- Mapchange to deathrun_hertz --------
L 01/24/2017 - 15:26:43: [comp_timer2.amxx] Error on query: You have an error in your SQL syntax; check the manual that corresponds to your MySQL server version for the right syntax to use near '' at line 1
L 01/24/2017 - 15:26:43: [comp_timer2.amxx] FailState == TQUERY_QUERY_FAILED, Query failed.
L 01/24/2017 - 15:26:44: [admin.amxx] Login: "wadafac!<1361><VALVE_0:4:320326523><>" became an admin (account "wadafac!") (access "bi") (address "79.116.115.143")
L 01/24/2017 - 15:26:44: [admin.amxx] Login: "SWAGGIE. XD<1293><VALVE_0:4:862961770><>" became an admin (account "SWAGGIE. XD") (access "bi") (address "109.98.131.207")
L 01/24/2017 - 15:27:24: [slayafk.amxx] SWAGGIE. XD a primit slay, deoarece a fost afk mai mult de 30 secunde
L 01/24/2017 - 15:27:59: [slayafk.amxx] SWAGGIE. XD a primit slay, deoarece a fost afk mai mult de 30 secunde
L 01/24/2017 - 15:28:30: [admincmd.amxx] Cmd: "Dr.FioriGinal.Ro ~ Server Clasi<0><><>" slay "ssaacc.<1381><STEAM_0:0:1844758109><>"
L 01/24/2017 - 15:28:59: [slayafk.amxx] SWAGGIE. XD a primit slay, deoarece a fost afk mai mult de 30 secunde
L 01/24/2017 - 15:31:14: [slayafk.amxx] SWAGGIE. XD a primit slay, deoarece a fost afk mai mult de 30 secunde
L 01/24/2017 - 15:32:42: [admin.amxx] Login: ".ryder.<1385><STEAM_0:0:1179693161><>" became an admin (account ".ryder.") (access "bi") (address "92.115.204.157")
L 01/24/2017 - 15:38:59: [slayafk.amxx] SWAGGIE. XD a primit slay, deoarece a fost afk mai mult de 30 secunde
L 01/24/2017 - 15:41:18: [admincmd.amxx] Cmd: "wadafac!<1361><VALVE_0:4:320326523><>" slap with 0 damage "MiB^ @like's that69<1394><STEAM_0:0:1940015179><>"
L 01/24/2017 - 15:41:21: [admincmd.amxx] Cmd: "wadafac!<1361><VALVE_0:4:320326523><>" slap with 0 damage "MiB^ @like's that69<1394><STEAM_0:0:1940015179><>"
L 01/24/2017 - 15:41:59: [slayafk.amxx] SWAGGIE. XD a primit slay, deoarece a fost afk mai mult de 30 secunde
L 01/24/2017 - 15:41:59: [slayafk.amxx] [vLK]ExTReMMe- a primit slay, deoarece a fost afk mai mult de 30 secunde
L 01/24/2017 - 15:45:03: [admin.amxx] Login: "cool<1400><STEAM_0:1:25922700><>" became an admin (account "cool") (access "bi") (address "5.14.101.234")
L 01/24/2017 - 15:45:04: [slayafk.amxx] SWAGGIE. XD a primit slay, deoarece a fost afk mai mult de 30 secunde
L 01/24/2017 - 15:45:04: [slayafk.amxx] [vLK]ExTReMMe- a primit slay, deoarece a fost afk mai mult de 30 secunde
L 01/24/2017 - 15:45:54: [slayafk.amxx] [vLK]ExTReMMe- a primit slay, deoarece a fost afk mai mult de 30 secunde
L 01/24/2017 - 15:46:49: [slayafk.amxx] SWAGGIE. XD a primit slay, deoarece a fost afk mai mult de 30 secunde
L 01/24/2017 - 15:46:54: [slayafk.amxx] [vLK]ExTReMMe- a primit slay, deoarece a fost afk mai mult de 30 secunde
L 01/24/2017 - 15:47:34: [slayafk.amxx] SWAGGIE. XD a primit slay, deoarece a fost afk mai mult de 30 secunde
L 01/24/2017 - 15:47:34: [slayafk.amxx] [vLK]ExTReMMe- a primit slay, deoarece a fost afk mai mult de 30 secunde
L 01/24/2017 - 15:48:14: [slayafk.amxx] SWAGGIE. XD a primit slay, deoarece a fost afk mai mult de 30 secunde
L 01/24/2017 - 15:50:04: [slayafk.amxx] [vLK]ExTReMMe- a primit slay, deoarece a fost afk mai mult de 30 secunde
L 01/24/2017 - 15:52:57: -------- Mapchange to deathrun_expres-game --------
L 01/24/2017 - 15:52:59: [comp_timer2.amxx] Error on query: You have an error in your SQL syntax; check the manual that corresponds to your MySQL server version for the right syntax to use near '' at line 1
L 01/24/2017 - 15:52:59: [comp_timer2.amxx] FailState == TQUERY_QUERY_FAILED, Query failed.
L 01/24/2017 - 15:53:33: [admincmd.amxx] Cmd: "Dr.FioriGinal.Ro ~ Server Clasi<0><><>" slay "bwin<1414><STEAM_0:1:123183210><>"
L 01/24/2017 - 16:01:52: [admin.amxx] Login: "SWAGGIE. XD<1418><VALVE_0:4:862961770><>" became an admin (account "SWAGGIE. XD") (access "bi") (address "109.98.131.207")
L 01/24/2017 - 16:05:59: [slayafk.amxx] RuslaNNN a primit slay, deoarece a fost afk mai mult de 30 secunde
L 01/24/2017 - 16:07:32: [admin.amxx] Login: "cool<1422><STEAM_0:1:25922700><>" became an admin (account "cool") (access "bi") (address "5.14.101.234")
L 01/24/2017 - 16:07:34: [slayafk.amxx] RuslaNNN a primit slay, deoarece a fost afk mai mult de 30 secunde
L 01/24/2017 - 16:13:04: [admin.amxx] Login: "EvolGeniuS - ThE king#<1428><STEAM_0:1:84045719><>" became an admin (account "EvolGeniuS - ThE king#") (access "bi") (address "5.14.53.74")
L 01/24/2017 - 16:19:23: -------- Mapchange to deathrun_legendz --------
L 01/24/2017 - 16:19:25: [comp_timer2.amxx] Error on query: You have an error in your SQL syntax; check the manual that corresponds to your MySQL server version for the right syntax to use near '' at line 1
L 01/24/2017 - 16:19:25: [comp_timer2.amxx] FailState == TQUERY_QUERY_FAILED, Query failed.
L 01/24/2017 - 16:28:09: [admin.amxx] Login: "SWAGGIE. XD<1443><VALVE_0:4:862961770><>" became an admin (account "SWAGGIE. XD") (access "bi") (address "109.98.131.207")
L 01/24/2017 - 16:30:07: [admincmd.amxx] Cmd: "Dr.FioriGinal.Ro ~ Server Clasi<0><><>" slay "ssaacc.<1446><STEAM_0:0:1844758109><>"
L 01/24/2017 - 16:40:00: [slayafk.amxx] maketacke a primit slay, deoarece a fost afk mai mult de 30 secunde
L 01/24/2017 - 16:41:05: [slayafk.amxx] m-emo a primit slay, deoarece a fost afk mai mult de 30 secunde
L 01/24/2017 - 16:41:55: [slayafk.amxx] maketacke a primit slay, deoarece a fost afk mai mult de 30 secunde
L 01/24/2017 - 16:41:55: [slayafk.amxx] m-emo a primit slay, deoarece a fost afk mai mult de 30 secunde
L 01/24/2017 - 16:47:24: [admin.amxx] Login: "cool<1455><STEAM_0:1:25922700><>" became an admin (account "cool") (access "bi") (address "5.14.101.234")
L 01/24/2017 - 16:47:26: [admin.amxx] Login: "cool<1456><STEAM_0:1:25922700><>" became an admin (account "cool") (access "bi") (address "5.14.101.234")
L 01/24/2017 - 16:48:17: -------- Mapchange to deathrun_clarion_dojo_b3 --------
L 01/24/2017 - 16:48:19: [comp_timer2.amxx] Error on query: You have an error in your SQL syntax; check the manual that corresponds to your MySQL server version for the right syntax to use near '' at line 1
L 01/24/2017 - 16:48:19: [comp_timer2.amxx] FailState == TQUERY_QUERY_FAILED, Query failed.
L 01/24/2017 - 16:48:20: [admin.amxx] Login: "cool<1456><STEAM_0:1:25922700><>" became an admin (account "cool") (access "bi") (address "5.14.101.234")
L 01/24/2017 - 16:48:21: [admin.amxx] Login: "cool<1458><STEAM_0:1:25922700><>" became an admin (account "cool") (access "bi") (address "5.14.101.234")
L 01/24/2017 - 16:56:07: [admin.amxx] Login: ".ryder.<1477><STEAM_0:0:1179693161><>" became an admin (account ".ryder.") (access "bi") (address "92.115.204.157")
L 01/24/2017 - 16:57:16: [admincmd.amxx] Cmd: ".ryder.<1477><STEAM_0:0:1179693161><>" ask for players list
L 01/24/2017 - 17:05:21: [admincmd.amxx] Cmd: "Dr.FioriGinal.Ro ~ Server Clasi<0><><>" slay "NIDAL<1481><STEAM_0:0:1369721915><>"
L 01/24/2017 - 17:07:08: [admincmd.amxx] Cmd: "Dr.FioriGinal.Ro ~ Server Clasi<0><><>" slay "NIDAL<1482><STEAM_0:0:1369721915><>"
L 01/24/2017 - 17:08:24: [admincmd.amxx] Cmd: "Dr.FioriGinal.Ro ~ Server Clasi<0><><>" slay "NIDAL<1483><STEAM_0:0:1369721915><>"
L 01/24/2017 - 17:13:46: -------- Mapchange to deathrun_tomb_beta1 --------
L 01/24/2017 - 17:13:48: [comp_timer2.amxx] Error on query: You have an error in your SQL syntax; check the manual that corresponds to your MySQL server version for the right syntax to use near '' at line 1
L 01/24/2017 - 17:13:48: [comp_timer2.amxx] FailState == TQUERY_QUERY_FAILED, Query failed.
L 01/24/2017 - 17:15:08: [slayafk.amxx] [x2K]`w` a primit slay, deoarece a fost afk mai mult de 30 secunde
L 01/24/2017 - 17:24:28: [slayafk.amxx] hackerul a primit slay, deoarece a fost afk mai mult de 30 secunde
L 01/24/2017 - 17:28:02: [admincmd.amxx] Cmd: "Dr.FioriGinal.Ro ~ Server Clasi<0><><>" slay "pRO^Sh0wT1me^w0w<1508><STEAM_0:0:1685254658><>"
L 01/24/2017 - 17:31:34: [admincmd.amxx] Cmd: "Dr.FioriGinal.Ro ~ Server Clasi<0><><>" slay "pRO^Sh0wT1me^w0w<1512><STEAM_0:0:1685254658><>"
L 01/24/2017 - 17:31:47: [admincmd.amxx] Cmd: "Dr.FioriGinal.Ro ~ Server Clasi<0><><>" slay "Default-GB<1514><STEAM_0:0:97310199><>"
L 01/24/2017 - 17:31:48: [admincmd.amxx] Cmd: "Dr.FioriGinal.Ro ~ Server Clasi<0><><>" slay "pRO^Sh0wT1me^w0w<1515><STEAM_0:0:1685254658><>"
L 01/24/2017 - 17:32:00: [admincmd.amxx] Cmd: "Dr.FioriGinal.Ro ~ Server Clasi<0><><>" slay "Default-GB<1516><STEAM_0:0:97310199><>"
L 01/24/2017 - 17:32:09: [admincmd.amxx] Cmd: "Dr.FioriGinal.Ro ~ Server Clasi<0><><>" slay "pRO^Sh0wT1me^w0w<1517><STEAM_0:0:1685254658><>"
L 01/24/2017 - 17:33:06: [admincmd.amxx] Cmd: "Dr.FioriGinal.Ro ~ Server Clasi<0><><>" slay "pRO^Sh0wT1me^w0w<1520><STEAM_0:0:1685254658><>"
L 01/24/2017 - 17:34:14: [admin.amxx] Login: "deadpool<1524><STEAM_0:0:30403765><>" became an admin (account "deadpool") (access "bit") (address "82.79.251.176")
L 01/24/2017 - 17:40:40: [admin.amxx] Login: "SWAGGIE. XD<1539><VALVE_0:4:862961770><>" became an admin (account "SWAGGIE. XD") (access "bi") (address "109.98.131.207")
L 01/24/2017 - 17:40:48: [slayafk.amxx] Default-GB a primit slay, deoarece a fost afk mai mult de 30 secunde
L 01/24/2017 - 17:40:48: [slayafk.amxx] [P@Z!] [N!s@M] [N0rM@L@N] a primit slay, deoarece a fost afk mai mult de 30 secunde
L 01/24/2017 - 17:42:23: [slayafk.amxx] Default-GB a primit slay, deoarece a fost afk mai mult de 30 secunde
L 01/24/2017 - 17:42:23: [slayafk.amxx] [P@Z!] [N!s@M] [N0rM@L@N] a primit slay, deoarece a fost afk mai mult de 30 secunde
L 01/24/2017 - 17:43:48: [slayafk.amxx] Default-GB a primit slay, deoarece a fost afk mai mult de 30 secunde
L 01/24/2017 - 17:47:10: [admincmd.amxx] Cmd: "Dr.FioriGinal.Ro ~ Server Clasi<0><><>" slay "pRO^Sh0wT1me^w0w<1550><STEAM_0:0:1685254658><>"
L 01/24/2017 - 17:47:33: [slayafk.amxx] Default-GB a primit slay, deoarece a fost afk mai mult de 30 secunde
L 01/24/2017 - 17:52:33: [slayafk.amxx] Default-GB a primit slay, deoarece a fost afk mai mult de 30 secunde
L 01/24/2017 - 17:56:57: [admin.amxx] Login: "Stifler<1556><STEAM_0:0:970363837><>" became an admin (account "Stifler") (access "bi") (address "31.14.108.124")
L 01/24/2017 - 17:57:12: [adminchat.amxx] Chat: "Stifler<1556><STEAM_0:0:970363837><>" chat "[MILF AntiCheat] Delete pressed!"
L 01/24/2017 - 17:57:22: -------- Mapchange to deathrun_isle_beta1 --------
L 01/24/2017 - 17:57:24: [comp_timer2.amxx] Error on query: You have an error in your SQL syntax; check the manual that corresponds to your MySQL server version for the right syntax to use near '' at line 1
L 01/24/2017 - 17:57:24: [comp_timer2.amxx] FailState == TQUERY_QUERY_FAILED, Query failed.
L 01/24/2017 - 17:57:25: [admin.amxx] Login: "Stifler<1556><STEAM_0:0:970363837><>" became an admin (account "Stifler") (access "bi") (address "31.14.108.124")
L 01/24/2017 - 18:06:13: [admin.amxx] Login: ".ryder.<1573><STEAM_0:0:1179693161><>" became an admin (account ".ryder.") (access "bi") (address "92.115.204.157")
L 01/24/2017 - 18:11:27: [admincmd.amxx] Cmd: "Dr.FioriGinal.Ro ~ Server Clasi<0><><>" slay "Default-GB<1576><STEAM_0:0:97310199><>"
L 01/24/2017 - 18:17:45: [admin.amxx] Login: "J.Smith<1578><STEAM_0:0:59563675><>" became an admin (account "J.Smith") (access "bi") (address "109.185.5.238")
L 01/24/2017 - 18:29:20: [slayafk.amxx] hendri opasnost a primit slay, deoarece a fost afk mai mult de 30 secunde
L 01/24/2017 - 18:30:49: [admin.amxx] Login: "Stifler<1597><STEAM_0:0:970363837><>" became an admin (account "Stifler") (access "bi") (address "31.14.108.124")
L 01/24/2017 - 18:36:29: [slayafk.amxx] Ene[R]gy^_  FiNs0N WaRSiMpS0NpF a primit slay, deoarece a fost afk mai mult de 30 secunde
L 01/24/2017 - 18:36:55: [admin.amxx] Login: "SWAGGIE. XD<1610><VALVE_0:4:862961770><>" became an admin (account "SWAGGIE. XD") (access "bi") (address "109.98.131.207")
L 01/24/2017 - 18:39:28: [admin.amxx] Login: "SWAGGIE. XD<1615><VALVE_0:4:862961770><>" became an admin (account "SWAGGIE. XD") (access "bi") (address "109.98.131.207")
L 01/24/2017 - 18:40:43: [mapsmenu.amxx] Vote: "SWAGGIE. XD<1615><VALVE_0:4:862961770><>" vote maps (map#1 "deathrun_challenge_x") (map#2 "deathrun_0mega") (map#3 "") (map#4 "")
L 01/24/2017 - 18:40:55: [mapsmenu.amxx] Vote: Voting successful. Map will be changed to deathrun_challenge_x
L 01/24/2017 - 18:45:19: [bhop.amxx] Error on query: Duplicate entry 'OvErLoRd' for key 'NickName'
L 01/24/2017 - 18:45:19: [bhop.amxx] FailState == TQUERY_QUERY_FAILED, Query failed.
L 01/24/2017 - 18:46:39: -------- Mapchange to deathrun_challenge_x --------
L 01/24/2017 - 18:46:41: [comp_timer2.amxx] Error on query: You have an error in your SQL syntax; check the manual that corresponds to your MySQL server version for the right syntax to use near '' at line 1
L 01/24/2017 - 18:46:41: [comp_timer2.amxx] FailState == TQUERY_QUERY_FAILED, Query failed.
L 01/24/2017 - 18:46:42: [admin.amxx] Login: "SWAGGIE. XD<1615><VALVE_0:4:862961770><>" became an admin (account "SWAGGIE. XD") (access "bi") (address "109.98.131.207")
L 01/24/2017 - 18:47:21: [slayafk.amxx] Furōrin * (1) a primit slay, deoarece a fost afk mai mult de 30 secunde
L 01/24/2017 - 18:51:16: [slayafk.amxx] 3rItR3O a primit slay, deoarece a fost afk mai mult de 30 secunde
L 01/24/2017 - 18:52:47: [admincmd.amxx] Cmd: "SWAGGIE. XD<1615><VALVE_0:4:862961770><>" slay "ox.- #WhySoSerious?<1643><STEAM_0:0:84612050><>"
L 01/24/2017 - 18:53:31: [slayafk.amxx] =MIRE a primit slay, deoarece a fost afk mai mult de 30 secunde
L 01/24/2017 - 18:53:31: [slayafk.amxx] 3rItR3O a primit slay, deoarece a fost afk mai mult de 30 secunde
L 01/24/2017 - 18:53:31: [bhop.amxx] Error on query: Duplicate entry '-vIv-' for key 'NickName'
L 01/24/2017 - 18:53:31: [bhop.amxx] FailState == TQUERY_QUERY_FAILED, Query failed.
L 01/24/2017 - 18:57:51: [slayafk.amxx] =MIRE a primit slay, deoarece a fost afk mai mult de 30 secunde
L 01/24/2017 - 19:02:51: [slayafk.amxx] =MIRE a primit slay, deoarece a fost afk mai mult de 30 secunde
L 01/24/2017 - 19:05:17: [admincmd.amxx] Cmd: "SWAGGIE. XD<1615><VALVE_0:4:862961770><>" slay "DeVo<1653><VALVE_0:4:1388990455><>"
L 01/24/2017 - 19:05:41: [admin.amxx] Login: "Thunder<1655><STEAM_0:0:1676344678><>" became an admin (account "Thunder") (access "bi") (address "188.241.248.70")
L 01/24/2017 - 19:05:56: [slayafk.amxx] =MIRE a primit slay, deoarece a fost afk mai mult de 30 secunde
L 01/24/2017 - 19:08:14: [mapsmenu.amxx] Vote: "Thunder<1655><STEAM_0:0:1676344678><>" vote maps (map#1 "deathrun_3sixty_fg_fix3") (map#2 "deathrun_bhopz_v2") (map#3 "") (map#4 "")
L 01/24/2017 - 19:08:26: [mapsmenu.amxx] Vote: Voting successful. Map will be changed to deathrun_3sixty_fg_fix3
L 01/24/2017 - 19:08:50: [admin.amxx] Login: "J.Smith<1661><STEAM_0:0:59563675><>" became an admin (account "J.Smith") (access "bi") (address "109.185.5.238")
L 01/24/2017 - 19:08:56: [slayafk.amxx] =MIRE a primit slay, deoarece a fost afk mai mult de 30 secunde
L 01/24/2017 - 19:14:59: -------- Mapchange to deathrun_3sixty_fg_fix3 --------
L 01/24/2017 - 19:15:00: [comp_timer2.amxx] Error on query: You have an error in your SQL syntax; check the manual that corresponds to your MySQL server version for the right syntax to use near '' at line 1
L 01/24/2017 - 19:15:00: [comp_timer2.amxx] FailState == TQUERY_QUERY_FAILED, Query failed.
L 01/24/2017 - 19:15:02: [admin.amxx] Login: "SWAGGIE. XD<1615><VALVE_0:4:862961770><>" became an admin (account "SWAGGIE. XD") (access "bi") (address "109.98.131.207")
L 01/24/2017 - 19:32:01: [admincmd.amxx] Cmd: "SWAGGIE. XD<1615><VALVE_0:4:862961770><>" slay "ERIC2.0<1690><VALVE_0:4:43207927><>"
L 01/24/2017 - 19:39:35: [admin.amxx] Login: "fl0ppy<1700><STEAM_0:0:1265142720><>" became an admin (account "fl0ppy") (access "bi") (address "86.127.99.205")
L 01/24/2017 - 19:39:40: [admin.amxx] Login: "fl0ppy<1701><STEAM_0:0:1265142720><>" became an admin (account "fl0ppy") (access "bi") (address "86.127.99.205")
L 01/24/2017 - 19:41:08: -------- Mapchange to deathrun_snow_wind_v2 --------
L 01/24/2017 - 19:41:09: [comp_timer2.amxx] Error on query: You have an error in your SQL syntax; check the manual that corresponds to your MySQL server version for the right syntax to use near '' at line 1
L 01/24/2017 - 19:41:09: [comp_timer2.amxx] FailState == TQUERY_QUERY_FAILED, Query failed.
L 01/24/2017 - 19:44:34: [admin.amxx] Login: "SWAGGIE. XD<1713><VALVE_0:4:862961770><>" became an admin (account "SWAGGIE. XD") (access "bi") (address "109.98.131.207")
L 01/24/2017 - 19:45:40: [slayafk.amxx] ssaacc. a primit slay, deoarece a fost afk mai mult de 30 secunde
L 01/24/2017 - 19:46:45: [slayafk.amxx] ssaacc. a primit slay, deoarece a fost afk mai mult de 30 secunde
L 01/24/2017 - 19:48:06: [admin.amxx] Login: "Thunder<1717><STEAM_0:0:1676344678><>" became an admin (account "Thunder") (access "bi") (address "188.241.248.70")
L 01/24/2017 - 19:50:30: [slayafk.amxx] ssaacc. a primit slay, deoarece a fost afk mai mult de 30 secunde
L 01/24/2017 - 19:50:30: [slayafk.amxx] (R)ecord a primit slay, deoarece a fost afk mai mult de 30 secunde
L 01/24/2017 - 19:59:30: [mapsmenu.amxx] Vote: "Thunder<1717><STEAM_0:0:1676344678><>" vote maps (map#1 "deathrun_y_underground") (map#2 "deathrun_aztecan_beta1") (map#3 "") (map#4 "")
L 01/24/2017 - 19:59:42: [mapsmenu.amxx] Vote: Voting successful. Map will be changed to deathrun_y_underground
L 01/24/2017 - 20:00:55: [admincmd.amxx] Cmd: "Thunder<1717><STEAM_0:0:1676344678><>" slay "AmatoR<1728><VALVE_0:4:1736432114><>"
L 01/24/2017 - 20:06:42: [admin.amxx] Login: "SWAGGIE. XD<1738><VALVE_0:4:862961770><>" became an admin (account "SWAGGIE. XD") (access "bi") (address "109.98.131.207")
L 01/24/2017 - 20:08:26: [admincmd.amxx] Cmd: "Thunder<1717><STEAM_0:0:1676344678><>" slay "bmx-<1725><STEAM_0:0:60878279><>"
L 01/24/2017 - 20:08:30: -------- Mapchange to deathrun_y_underground --------
L 01/24/2017 - 20:08:31: [comp_timer2.amxx] Error on query: You have an error in your SQL syntax; check the manual that corresponds to your MySQL server version for the right syntax to use near '' at line 1
L 01/24/2017 - 20:08:31: [comp_timer2.amxx] FailState == TQUERY_QUERY_FAILED, Query failed.
L 01/24/2017 - 20:08:32: [admin.amxx] Login: "Thunder<1717><STEAM_0:0:1676344678><>" became an admin (account "Thunder") (access "bi") (address "188.241.248.70")
L 01/24/2017 - 20:08:58: [admincmd.amxx] Cmd: "Dr.FioriGinal.Ro ~ Server Clasi<0><><>" slay "(R)ecord<1753><VALVE_0:4:1555288960><>"
L 01/24/2017 - 20:08:59: [admincmd.amxx] Cmd: "Dr.FioriGinal.Ro ~ Server Clasi<0><><>" slay "Junhasd<1754><STEAM_0:0:153507771><>"
L 01/24/2017 - 20:12:51: [slayafk.amxx] ssaacc. a primit slay, deoarece a fost afk mai mult de 30 secunde
L 01/24/2017 - 20:21:43: [admin.amxx] Login: "SWAGGIE. XD<1766><VALVE_0:4:862961770><>" became an admin (account "SWAGGIE. XD") (access "bi") (address "109.98.131.207")
L 01/24/2017 - 20:25:27: [slayafk.amxx] ssaacc. a primit slay, deoarece a fost afk mai mult de 30 secunde
L 01/24/2017 - 20:27:47: [admin.amxx] Login: "kaka<1768><VALVE_0:4:1033726963><>" kicked due to invalid password (account "kaka") (address "94.53.102.210")
L 01/24/2017 - 20:27:53: [admin.amxx] Login: "kaka<1769><VALVE_0:4:1033726963><>" became an admin (account "kaka") (access "bi") (address "94.53.102.210")
L 01/24/2017 - 20:28:43: [admin.amxx] Login: "SWAGGIE. XD<1770><VALVE_0:4:862961770><>" became an admin (account "SWAGGIE. XD") (access "bi") (address "109.98.131.207")
L 01/24/2017 - 20:30:42: [slayafk.amxx] ssaacc. a primit slay, deoarece a fost afk mai mult de 30 secunde
L 01/24/2017 - 20:33:55: -------- Mapchange to deathrun_lies_f --------
L 01/24/2017 - 20:33:57: [comp_timer2.amxx] Error on query: You have an error in your SQL syntax; check the manual that corresponds to your MySQL server version for the right syntax to use near '' at line 1
L 01/24/2017 - 20:33:57: [comp_timer2.amxx] FailState == TQUERY_QUERY_FAILED, Query failed.
L 01/24/2017 - 20:33:58: [admin.amxx] Login: "kaka<1769><VALVE_0:4:1033726963><>" became an admin (account "kaka") (access "bi") (address "94.53.102.210")
L 01/24/2017 - 20:34:24: [admincmd.amxx] Cmd: "Dr.FioriGinal.Ro ~ Server Clasi<0><><>" slay "qeeLen<1782><STEAM_0:0:148036594><>"
L 01/24/2017 - 20:37:18: [admin.amxx] Login: "SWAGGIE. XD<1784><VALVE_0:4:862961770><>" became an admin (account "SWAGGIE. XD") (access "bi") (address "109.98.131.207")
L 01/24/2017 - 20:46:07: [admin.amxx] Login: "fl0ppy<1789><STEAM_0:0:1265142720><>" became an admin (account "fl0ppy") (access "bi") (address "86.127.99.205")
L 01/24/2017 - 20:46:12: [admin.amxx] Login: "fl0ppy<1790><STEAM_0:0:1265142720><>" became an admin (account "fl0ppy") (access "bi") (address "86.127.99.205")
L 01/24/2017 - 20:51:16: [admin.amxx] Login: "trickz-<1792><STEAM_0:0:766840672><>" kicked due to invalid password (account "trickz-") (address "109.166.136.129")
L 01/24/2017 - 20:51:23: [admin.amxx] Login: "trickz-<1793><STEAM_0:0:685649288><>" became an admin (account "trickz-") (access "bi") (address "109.166.136.129")
L 01/24/2017 - 20:51:32: [admin.amxx] Login: "trickz-<1794><STEAM_0:0:47083606><>" became an admin (account "trickz-") (access "bi") (address "109.166.136.129")
L 01/24/2017 - 20:51:51: [admincmd.amxx] Cmd: "fl0ppy<1790><STEAM_0:0:1265142720><>" slay "FLVXSOW;[<1778><STEAM_0:0:77647261><>"
L 01/24/2017 - 20:51:55: [admincmd.amxx] Cmd: "fl0ppy<1790><STEAM_0:0:1265142720><>" slay "trickz-<1794><STEAM_0:0:47083606><>"
L 01/24/2017 - 20:52:32: [admin.amxx] Login: "J.Smith<1795><STEAM_0:0:59563675><>" became an admin (account "J.Smith") (access "bi") (address "109.185.5.238")
L 01/24/2017 - 20:52:41: [admin.amxx] Login: "J.Smith<1796><STEAM_0:0:59563675><>" became an admin (account "J.Smith") (access "bi") (address "109.185.5.238")
L 01/24/2017 - 20:59:29: -------- Mapchange to deathrun_minecraft_final --------
L 01/24/2017 - 20:59:31: [comp_timer2.amxx] Error on query: You have an error in your SQL syntax; check the manual that corresponds to your MySQL server version for the right syntax to use near '' at line 1
L 01/24/2017 - 20:59:31: [comp_timer2.amxx] FailState == TQUERY_QUERY_FAILED, Query failed.
L 01/24/2017 - 20:59:32: [admin.amxx] Login: "kaka<1769><VALVE_0:4:1033726963><>" became an admin (account "kaka") (access "bi") (address "94.53.102.210")
L 01/24/2017 - 21:00:47: [admin.amxx] Login: "ZALE<1812><STEAM_0:0:179153939><>" became an admin (account "zale") (access "bit") (address "109.97.155.8")
L 01/24/2017 - 21:06:22: [slayafk.amxx] kaka a primit slay, deoarece a fost afk mai mult de 30 secunde
L 01/24/2017 - 21:07:37: [slayafk.amxx] kaka a primit slay, deoarece a fost afk mai mult de 30 secunde
L 01/24/2017 - 21:08:25: [admin.amxx] Login: "FAKE ^^<1816><STEAM_0:0:334408724><>" became an admin (account "FAKE ^^") (access "bit") (address "95.76.3.205")
L 01/24/2017 - 21:08:27: [admin.amxx] Login: "FAKE ^^<1817><STEAM_0:0:334408724><>" became an admin (account "FAKE ^^") (access "bit") (address "95.76.3.205")
L 01/24/2017 - 21:12:47: [slayafk.amxx] ssaacc. a primit slay, deoarece a fost afk mai mult de 30 secunde
L 01/24/2017 - 21:13:21: [admincmd.amxx] Cmd: "Dr.FioriGinal.Ro ~ Server Clasi<0><><>" slay "AmatoR<1822><VALVE_0:4:1736432114><>"
L 01/24/2017 - 21:13:27: [admincmd.amxx] Cmd: "kaka<1769><VALVE_0:4:1033726963><>" slay "AmatoR<1822><VALVE_0:4:1736432114><>"
L 01/24/2017 - 21:13:29: [admincmd.amxx] Cmd: "kaka<1769><VALVE_0:4:1033726963><>" slay "AmatoR<1822><VALVE_0:4:1736432114><>"
L 01/24/2017 - 21:13:31: [admincmd.amxx] Cmd: "kaka<1769><VALVE_0:4:1033726963><>" slay "AmatoR<1822><VALVE_0:4:1736432114><>"
L 01/24/2017 - 21:13:32: [admincmd.amxx] Cmd: "kaka<1769><VALVE_0:4:1033726963><>" slay "AmatoR<1822><VALVE_0:4:1736432114><>"
L 01/24/2017 - 21:13:34: [admincmd.amxx] Cmd: "kaka<1769><VALVE_0:4:1033726963><>" slay "AmatoR<1822><VALVE_0:4:1736432114><>"
L 01/24/2017 - 21:13:36: [admincmd.amxx] Cmd: "kaka<1769><VALVE_0:4:1033726963><>" slay "AmatoR<1822><VALVE_0:4:1736432114><>"
L 01/24/2017 - 21:14:19: [adminchat.amxx] Chat: "kaka<1769><VALVE_0:4:1033726963><>" chat " a"
L 01/24/2017 - 21:14:20: [admin.amxx] Login: "trickz-<1825><STEAM_0:0:903155336><>" became an admin (account "trickz-") (access "bi") (address "109.166.136.129")
L 01/24/2017 - 21:14:23: [admin.amxx] Login: "trickz-<1826><STEAM_0:0:461659598><>" became an admin (account "trickz-") (access "bi") (address "109.166.136.129")
L 01/24/2017 - 21:15:01: [adminchat.amxx] Chat: "kaka<1769><VALVE_0:4:1033726963><>" chat " ."
L 01/24/2017 - 21:16:08: [admin.amxx] Login: "fl0ppy<1827><STEAM_0:0:1265142720><>" kicked due to invalid password (account "fl0ppy") (address "86.127.99.205")
L 01/24/2017 - 21:16:17: [admin.amxx] Login: "fl0ppy<1832><STEAM_0:0:1265142720><>" became an admin (account "fl0ppy") (access "bi") (address "86.127.99.205")
L 01/24/2017 - 21:19:01: [adminchat.amxx] Chat: "ssaacc.<1831><STEAM_0:0:1844758109><>" chat " ungag ba plz"
L 01/24/2017 - 21:19:07: [adminchat.amxx] Chat: "ssaacc.<1831><STEAM_0:0:1844758109><>" chat " plz fra"
L 01/24/2017 - 21:19:11: [adminchat.amxx] Chat: "ssaacc.<1831><STEAM_0:0:1844758109><>" chat " nu o arde asa"
L 01/24/2017 - 21:21:09: [mapsmenu.amxx] Vote: "fl0ppy<1832><STEAM_0:0:1265142720><>" vote maps (map#1 "deathrun_clarion_dojo_b3") (map#2 "deathrun_coolf_3") (map#3 "") (map#4 "")
L 01/24/2017 - 21:21:21: [mapsmenu.amxx] Vote: Voting successful. Map will be changed to deathrun_coolf_3
L 01/24/2017 - 21:23:40: [admincmd.amxx] Kick: "fl0ppy<1832><STEAM_0:0:1265142720><>" kick "trickz-<1826><STEAM_0:0:461659598><>" (reason "adio")
L 01/24/2017 - 21:24:26: [admin.amxx] Login: "trickz-<1835><STEAM_0:0:607035947><>" became an admin (account "trickz-") (access "bi") (address "109.166.136.129")
L 01/24/2017 - 21:24:59: [adminchat.amxx] Chat: "FLVXSOW;[<1823><STEAM_0:0:77647261><>" chat "aaaaaa"
L 01/24/2017 - 21:25:07: [admincmd.amxx] Cmd: "kaka<1769><VALVE_0:4:1033726963><>" ask for players list
L 01/24/2017 - 21:25:13: [adminchat.amxx] Chat: "trickz-<1835><STEAM_0:0:607035947><>" chat " bb"
L 01/24/2017 - 21:25:15: [adminchat.amxx] Chat: "kaka<1769><VALVE_0:4:1033726963><>" chat " ?"
L 01/24/2017 - 21:25:48: [admincmd.amxx] ExtendMap: "fl0ppy<1832><STEAM_0:0:1265142720><>" extended map "deathrun_minecraft_final" for 1 minutes.
L 01/24/2017 - 21:26:59: [mapsmenu.amxx] Vote: "kaka<1769><VALVE_0:4:1033726963><>" vote maps (map#1 "deathrun_inferno_beta1") (map#2 "") (map#3 "") (map#4 "")
L 01/24/2017 - 21:27:02: [admincmd.amxx] ExtendMap: "fl0ppy<1832><STEAM_0:0:1265142720><>" extended map "deathrun_minecraft_final" for 30 minutes.
L 01/24/2017 - 21:27:11: [mapsmenu.amxx] Vote: Voting successful. Map will be changed to deathrun_inferno_beta1
L 01/24/2017 - 21:27:13: [admincmd.amxx] ExtendMap: "fl0ppy<1832><STEAM_0:0:1265142720><>" extended map "deathrun_minecraft_final" for 300 minutes.
L 01/24/2017 - 21:27:19: [admincmd.amxx] ExtendMap: "fl0ppy<1832><STEAM_0:0:1265142720><>" extended map "deathrun_minecraft_final" for 30 minutes.
L 01/24/2017 - 21:27:25: [admincmd.amxx] ExtendMap: "fl0ppy<1832><STEAM_0:0:1265142720><>" extended map "deathrun_minecraft_final" for 1 minutes.
L 01/24/2017 - 21:27:54: [admincmd.amxx] Kick: "fl0ppy<1832><STEAM_0:0:1265142720><>" kick "ssaacc.<1837><STEAM_0:0:1844758109><>" (reason "")
L 01/24/2017 - 21:27:55: [admin.amxx] Login: "fl0ppy<1841><STEAM_0:0:1265142720><>" became an admin (account "fl0ppy") (access "bi") (address "86.127.99.205")
L 01/24/2017 - 21:28:00: [adminvote.amxx] Vote: "kaka<1769><VALVE_0:4:1033726963><>" vote custom (question "flv") (option#1 "muie") (option#2 "pula?")
L 01/24/2017 - 21:28:12: [adminvote.amxx] Vote: Voting successful (got "5") (needed "1") (result "flv - muie")
L 01/24/2017 - 21:28:12: [adminchat.amxx] Chat: "ssaacc.<1842><STEAM_0:0:1844758109><>" chat " BAA"
L 01/24/2017 - 21:28:15: [adminchat.amxx] Chat: "ssaacc.<1842><STEAM_0:0:1844758109><>" chat " CAT GA"
L 01/24/2017 - 21:28:20: [adminchat.amxx] Chat: "ssaacc.<1842><STEAM_0:0:1844758109><>" chat " DC ATAT GAG ?"
L 01/24/2017 - 21:28:31: [adminchat.amxx] Chat: "ssaacc.<1842><STEAM_0:0:1844758109><>" chat " KAKA UNGAG PLKZ !"
L 01/24/2017 - 21:29:41: [admincmd.amxx] Kick: "fl0ppy<1841><STEAM_0:0:1265142720><>" kick "am dat 77 am gag ssaacc<1843><STEAM_0:0:1844758109><>" (reason "")
L 01/24/2017 - 22:15:11: [admin.amxx] Login: "SWAGGIE. XD<1890><VALVE_0:4:862961770><>" became an admin (account "SWAGGIE. XD") (access "bi") (address "109.98.131.207")
L 01/24/2017 - 22:16:18: [admin.amxx] Login: "SWAGGIE. XD<1891><VALVE_0:4:862961770><>" became an admin (account "SWAGGIE. XD") (access "bi") (address "109.98.131.207")
L 01/24/2017 - 22:34:25: [admin.amxx] Login: "SWAGGIE. XD<1898><VALVE_0:4:862961770><>" became an admin (account "SWAGGIE. XD") (access "bi") (address "109.98.131.207")
L 01/24/2017 - 22:48:53: [admin.amxx] Login: "SWAGGIE. XD<1920><VALVE_0:4:862961770><>" became an admin (account "SWAGGIE. XD") (access "bi") (address "109.98.131.207")
L 01/24/2017 - 22:52:31: [admin.amxx] Login: "anca<1932><STEAM_0:0:58514266><>" became an admin (account "anca") (access "bi") (address "109.103.126.196")
L 01/24/2017 - 22:52:32: [admin.amxx] Login: "anca<1933><STEAM_0:0:58514266><>" became an admin (account "anca") (access "bi") (address "109.103.126.196")
L 01/24/2017 - 22:53:05: [admincmd.amxx] Cmd: "anca<1933><STEAM_0:0:58514266><>" server console (cmdline "restart")
L 01/24/2017 - 22:53:05: -------- Mapchange to deathrun_minecraft_final --------
L 01/24/2017 - 22:53:06: [comp_timer2.amxx] Error on query: You have an error in your SQL syntax; check the manual that corresponds to your MySQL server version for the right syntax to use near '' at line 1
L 01/24/2017 - 22:53:06: [comp_timer2.amxx] FailState == TQUERY_QUERY_FAILED, Query failed.
L 01/24/2017 - 22:53:07: [admin.amxx] Login: "SWAGGIE. XD<1920><VALVE_0:4:862961770><>" became an admin (account "SWAGGIE. XD") (access "bi") (address "109.98.131.207")
L 01/24/2017 - 22:53:07: [admin.amxx] Login: "anca<1933><STEAM_0:0:58514266><>" became an admin (account "anca") (access "bi") (address "109.103.126.196")
L 01/24/2017 - 23:08:27: [admin.amxx] Login: "SWAGGIE. XD<1942><VALVE_0:4:862961770><>" became an admin (account "SWAGGIE. XD") (access "bi") (address "109.98.131.207")
L 01/24/2017 - 23:31:10: [admincmd.amxx] Cmd: "Dr.FioriGinal.Ro ~ Server Clasi<0><><>" slay "LynxBest ;x<1950><VALVE_0:4:1815858299><>"
L 01/24/2017 - 23:32:26: [admincmd.amxx] Cmd: "Dr.FioriGinal.Ro ~ Server Clasi<0><><>" slay "LynxBest ;x<1951><VALVE_0:4:1815858299><>"
L 01/24/2017 - 23:39:20: [admin.amxx] Login: "SWAGGIE. XD<1955><VALVE_0:4:862961770><>" became an admin (account "SWAGGIE. XD") (access "bi") (address "109.98.131.207")
L 01/24/2017 - 23:47:43: [admincmd.amxx] Cmd: "Dr.FioriGinal.Ro ~ Server Clasi<0><><>" slay "dawood eid<1957><STEAM_0:0:662457501><>"
L 01/24/2017 - 23:48:22: [slayafk.amxx] dawood eid a primit slay, deoarece a fost afk mai mult de 30 secunde
L 01/24/2017 - 23:58:15: -------- Mapchange to deathrun_kolor_v2 --------
L 01/24/2017 - 23:58:17: [comp_timer2.amxx] Error on query: You have an error in your SQL syntax; check the manual that corresponds to your MySQL server version for the right syntax to use near '' at line 1
L 01/24/2017 - 23:58:17: [comp_timer2.amxx] FailState == TQUERY_QUERY_FAILED, Query failed.
