L 04/24/2017 - 00:10:42: -------- Mapchange to deathrun_0mega --------
L 04/24/2017 - 00:10:44: [AMXX] Failed to open dictionary file: cstrike/addons/amxmodx/data/lang/walkguard.txt
L 04/24/2017 - 00:10:45: [walkguard.amxx] no zone-file found
L 04/24/2017 - 00:10:51: [admin.amxx] Login: "tiganu<192><STEAM_0:0:187978272><>" became an admin (account "tiganu") (access "b") (address "79.117.128.134")
L 04/24/2017 - 00:35:28: [admin.amxx] Login: "tiganu<198><STEAM_0:0:187978272><>" became an admin (account "tiganu") (access "b") (address "79.117.128.134")
L 04/24/2017 - 00:36:29: -------- Mapchange to deathrun_discovery3 --------
L 04/24/2017 - 00:36:30: [AMXX] Failed to open dictionary file: cstrike/addons/amxmodx/data/lang/walkguard.txt
L 04/24/2017 - 00:36:31: [walkguard.amxx] no zone-file found
L 04/24/2017 - 00:36:34: [admin.amxx] Login: "tiganu<199><STEAM_0:0:187978272><>" became an admin (account "tiganu") (access "b") (address "79.117.128.134")
L 04/24/2017 - 00:42:47: [admin.amxx] Login: "tiganu<205><STEAM_0:0:187978272><>" became an admin (account "tiganu") (access "b") (address "79.117.128.134")
L 04/24/2017 - 00:43:49: [admin.amxx] Login: "Kemal Soydere<206><STEAM_0:1:191882096><>" kicked due to invalid password (account "Kemal Soydere") (address "79.118.31.48")
L 04/24/2017 - 00:45:13: [admin.amxx] Login: "Kemal Soydere<207><STEAM_0:1:191882096><>" became an admin (account "Kemal Soydere") (access "b") (address "79.118.31.48")
L 04/24/2017 - 00:50:07: [admin.amxx] Login: "IrreguLar<213><STEAM_0:1:101181073><>" became an admin (account "Irregular") (access "b") (address "79.119.227.29")
L 04/24/2017 - 00:54:18: [admin.amxx] Login: "tiganu<215><STEAM_0:0:187978272><>" became an admin (account "tiganu") (access "b") (address "79.117.128.134")
L 04/24/2017 - 00:54:24: [admincmd.amxx] Cmd: "Dr.FioriGinal.Ro ~ Server Clasi<0><><>" slay "tiganu<215><STEAM_0:0:187978272><>"
L 04/24/2017 - 00:55:03: [admincmd.amxx] Cmd: "Dr.FioriGinal.Ro ~ Server Clasi<0><><>" slay "syntynyt<216><STEAM_0:0:15949717><>"
L 04/24/2017 - 01:03:00: -------- Mapchange to deathrun_adi_blurez --------
L 04/24/2017 - 01:03:01: [AMXX] Failed to open dictionary file: cstrike/addons/amxmodx/data/lang/walkguard.txt
L 04/24/2017 - 01:03:02: [walkguard.amxx] no zone-file found
L 04/24/2017 - 01:08:59: [admincmd.amxx] Cmd: "Dr.FioriGinal.Ro ~ Server Clasi<0><><>" slay "syntynyt<226><STEAM_0:0:15949717><>"
L 04/24/2017 - 01:48:27: -------- Mapchange to deathrun_2h_estonia --------
L 04/24/2017 - 01:48:28: [AMXX] Failed to open dictionary file: cstrike/addons/amxmodx/data/lang/walkguard.txt
L 04/24/2017 - 01:48:29: [walkguard.amxx] no zone-file found
L 04/24/2017 - 01:49:01: [admincmd.amxx] Cmd: "Dr.FioriGinal.Ro ~ Server Clasi<0><><>" slay "Kira<239><VALVE_0:4:401384042><>"
L 04/24/2017 - 03:22:49: -------- Mapchange to deathrun_y_underground --------
L 04/24/2017 - 03:22:50: [AMXX] Failed to open dictionary file: cstrike/addons/amxmodx/data/lang/walkguard.txt
L 04/24/2017 - 03:22:51: [walkguard.amxx] no zone-file found
L 04/24/2017 - 03:25:59: [slayafk.amxx] vn a primit slay, deoarece a fost afk mai mult de 30 secunde
L 04/24/2017 - 03:26:39: [slayafk.amxx] vn a primit slay, deoarece a fost afk mai mult de 30 secunde
L 04/24/2017 - 03:27:19: [slayafk.amxx] vn a primit slay, deoarece a fost afk mai mult de 30 secunde
L 04/24/2017 - 03:27:59: [slayafk.amxx] vn a primit slay, deoarece a fost afk mai mult de 30 secunde
L 04/24/2017 - 03:28:39: [slayafk.amxx] vn a primit slay, deoarece a fost afk mai mult de 30 secunde
L 04/24/2017 - 03:29:19: [slayafk.amxx] vn a primit slay, deoarece a fost afk mai mult de 30 secunde
L 04/24/2017 - 03:29:59: [slayafk.amxx] vn a primit slay, deoarece a fost afk mai mult de 30 secunde
L 04/24/2017 - 03:30:39: [slayafk.amxx] vn a primit slay, deoarece a fost afk mai mult de 30 secunde
L 04/24/2017 - 03:31:19: [slayafk.amxx] vn a primit slay, deoarece a fost afk mai mult de 30 secunde
L 04/24/2017 - 03:31:59: [slayafk.amxx] vn a primit slay, deoarece a fost afk mai mult de 30 secunde
L 04/24/2017 - 03:32:39: [slayafk.amxx] vn a primit slay, deoarece a fost afk mai mult de 30 secunde
L 04/24/2017 - 03:33:19: [slayafk.amxx] vn a primit slay, deoarece a fost afk mai mult de 30 secunde
L 04/24/2017 - 03:33:59: [slayafk.amxx] vn a primit slay, deoarece a fost afk mai mult de 30 secunde
L 04/24/2017 - 03:34:39: [slayafk.amxx] vn a primit slay, deoarece a fost afk mai mult de 30 secunde
L 04/24/2017 - 03:35:19: [slayafk.amxx] vn a primit slay, deoarece a fost afk mai mult de 30 secunde
L 04/24/2017 - 03:35:59: [slayafk.amxx] vn a primit slay, deoarece a fost afk mai mult de 30 secunde
L 04/24/2017 - 03:36:39: [slayafk.amxx] vn a primit slay, deoarece a fost afk mai mult de 30 secunde
L 04/24/2017 - 03:37:19: [slayafk.amxx] vn a primit slay, deoarece a fost afk mai mult de 30 secunde
L 04/24/2017 - 03:37:59: [slayafk.amxx] vn a primit slay, deoarece a fost afk mai mult de 30 secunde
L 04/24/2017 - 03:38:39: [slayafk.amxx] vn a primit slay, deoarece a fost afk mai mult de 30 secunde
L 04/24/2017 - 03:39:19: [slayafk.amxx] vn a primit slay, deoarece a fost afk mai mult de 30 secunde
L 04/24/2017 - 03:39:59: [slayafk.amxx] vn a primit slay, deoarece a fost afk mai mult de 30 secunde
L 04/24/2017 - 03:40:39: [slayafk.amxx] vn a primit slay, deoarece a fost afk mai mult de 30 secunde
L 04/24/2017 - 03:41:19: [slayafk.amxx] vn a primit slay, deoarece a fost afk mai mult de 30 secunde
L 04/24/2017 - 03:41:59: [slayafk.amxx] vn a primit slay, deoarece a fost afk mai mult de 30 secunde
L 04/24/2017 - 03:42:39: [slayafk.amxx] vn a primit slay, deoarece a fost afk mai mult de 30 secunde
L 04/24/2017 - 03:43:19: [slayafk.amxx] vn a primit slay, deoarece a fost afk mai mult de 30 secunde
L 04/24/2017 - 03:55:59: -------- Mapchange to deathrun_privateers --------
L 04/24/2017 - 03:56:00: [AMXX] Failed to open dictionary file: cstrike/addons/amxmodx/data/lang/walkguard.txt
L 04/24/2017 - 03:56:01: [walkguard.amxx] no zone-file found
L 04/24/2017 - 04:09:06: [slayafk.amxx] Crowley a primit slay, deoarece a fost afk mai mult de 30 secunde
L 04/24/2017 - 05:06:37: [admin.amxx] Login: "ips<259><STEAM_0:1:173403989><>" became an admin (account "ips") (access "b") (address "82.77.178.69")
L 04/24/2017 - 05:06:46: -------- Mapchange to deathrun_rizzy_x --------
L 04/24/2017 - 05:06:48: [AMXX] Failed to open dictionary file: cstrike/addons/amxmodx/data/lang/walkguard.txt
L 04/24/2017 - 05:06:49: [walkguard.amxx] no zone-file found
L 04/24/2017 - 06:50:51: -------- Mapchange to deathrun_ghosts --------
L 04/24/2017 - 06:50:52: [AMXX] Failed to open dictionary file: cstrike/addons/amxmodx/data/lang/walkguard.txt
L 04/24/2017 - 06:50:53: [walkguard.amxx] no zone-file found
L 04/24/2017 - 07:19:24: -------- Mapchange to deathrun_sk_occult --------
L 04/24/2017 - 07:19:25: [AMXX] Failed to open dictionary file: cstrike/addons/amxmodx/data/lang/walkguard.txt
L 04/24/2017 - 07:19:26: [walkguard.amxx] no zone-file found
L 04/24/2017 - 08:01:35: -------- Mapchange to deathrun_pasable --------
L 04/24/2017 - 08:01:36: [AMXX] Failed to open dictionary file: cstrike/addons/amxmodx/data/lang/walkguard.txt
L 04/24/2017 - 08:01:37: [walkguard.amxx] no zone-file found
L 04/24/2017 - 08:10:21: [admincmd.amxx] Cmd: "Dr.FioriGinal.Ro ~ Server Clasi<0><><>" slay ">liza<<283><VALVE_0:4:1375880246><>"
L 04/24/2017 - 08:27:53: -------- Mapchange to deathrun_jigsaw2 --------
L 04/24/2017 - 08:27:54: [AMXX] Failed to open dictionary file: cstrike/addons/amxmodx/data/lang/walkguard.txt
L 04/24/2017 - 08:27:55: [walkguard.amxx] no zone-file found
L 04/24/2017 - 08:28:42: [admincmd.amxx] Cmd: "Dr.FioriGinal.Ro ~ Server Clasi<0><><>" slay "syntynyt<288><STEAM_0:0:15949717><>"
L 04/24/2017 - 08:29:17: [admincmd.amxx] Cmd: "Dr.FioriGinal.Ro ~ Server Clasi<0><><>" slay "syntynyt<289><STEAM_0:0:15949717><>"
L 04/24/2017 - 08:54:25: -------- Mapchange to deathrun_christmas --------
L 04/24/2017 - 08:54:27: [AMXX] Failed to open dictionary file: cstrike/addons/amxmodx/data/lang/walkguard.txt
L 04/24/2017 - 08:54:28: [walkguard.amxx] no zone-file found
L 04/24/2017 - 09:21:48: -------- Mapchange to deathrun_jinglebells2 --------
L 04/24/2017 - 09:21:50: [AMXX] Failed to open dictionary file: cstrike/addons/amxmodx/data/lang/walkguard.txt
L 04/24/2017 - 09:21:51: [walkguard.amxx] no zone-file found
L 04/24/2017 - 09:34:20: [admin.amxx] Login: "tiganu<303><STEAM_0:0:187978272><>" became an admin (account "tiganu") (access "b") (address "79.117.128.134")
L 04/24/2017 - 09:57:20: [slayafk.amxx] Somalia a primit slay, deoarece a fost afk mai mult de 30 secunde
L 04/24/2017 - 09:58:00: [slayafk.amxx] Somalia a primit slay, deoarece a fost afk mai mult de 30 secunde
L 04/24/2017 - 09:58:30: [admin.amxx] Login: "tiganu<309><STEAM_0:0:187978272><>" became an admin (account "tiganu") (access "b") (address "79.117.128.134")
L 04/24/2017 - 09:58:40: [slayafk.amxx] Somalia a primit slay, deoarece a fost afk mai mult de 30 secunde
L 04/24/2017 - 09:59:25: [slayafk.amxx] Somalia a primit slay, deoarece a fost afk mai mult de 30 secunde
L 04/24/2017 - 10:18:20: [slayafk.amxx] Somalia a primit slay, deoarece a fost afk mai mult de 30 secunde
L 04/24/2017 - 10:42:50: [slayafk.amxx] FuckTh!s ;] a primit slay, deoarece a fost afk mai mult de 30 secunde
L 04/24/2017 - 10:42:53: -------- Mapchange to deathrun_gb_winter_final4 --------
L 04/24/2017 - 10:42:55: [AMXX] Failed to open dictionary file: cstrike/addons/amxmodx/data/lang/walkguard.txt
L 04/24/2017 - 10:42:56: [walkguard.amxx] no zone-file found
L 04/24/2017 - 11:01:50: [slayafk.amxx] Outlawz # f0rest a primit slay, deoarece a fost afk mai mult de 30 secunde
L 04/24/2017 - 11:12:56: [admin.amxx] Login: "DoNpAkaa<333><STEAM_0:0:55531607><>" became an admin (account "DoNpAkaa") (access "b") (address "86.123.127.204")
L 04/24/2017 - 11:12:58: [admin.amxx] Login: "DoNpAkaa<334><STEAM_0:0:55531607><>" became an admin (account "DoNpAkaa") (access "b") (address "86.123.127.204")
L 04/24/2017 - 11:29:50: [adminchat.amxx] Chat: "Outlawz # f0rest<328><STEAM_0:0:1701373898><>" chat " a intrat tiganu care nu face mapa fara capcane , si ne pune noua capcane sa nu o facem"
L 04/24/2017 - 11:29:52: [adminchat.amxx] Chat: "Outlawz # f0rest<328><STEAM_0:0:1701373898><>" chat " =]"
L 04/24/2017 - 11:30:57: -------- Mapchange to deathrun_expres-winter --------
L 04/24/2017 - 11:30:59: [AMXX] Failed to open dictionary file: cstrike/addons/amxmodx/data/lang/walkguard.txt
L 04/24/2017 - 11:31:01: [walkguard.amxx] no zone-file found
L 04/24/2017 - 11:31:01: [admin.amxx] Login: "DoNpAkaa<334><STEAM_0:0:55531607><>" became an admin (account "DoNpAkaa") (access "b") (address "86.123.127.204")
L 04/24/2017 - 11:31:03: [admin.amxx] Login: "DoNpAkaa<340><STEAM_0:0:55531607><>" became an admin (account "DoNpAkaa") (access "b") (address "86.123.127.204")
L 04/24/2017 - 11:32:01: [adminchat.amxx] Chat: "Outlawz # f0rest<342><STEAM_0:0:1701373898><>" chat " si ne-a dat plus 1"
L 04/24/2017 - 11:32:02: [adminchat.amxx] Chat: "Outlawz # f0rest<342><STEAM_0:0:1701373898><>" chat " la grad"
L 04/24/2017 - 11:32:06: [adminchat.amxx] Chat: "Outlawz # f0rest<342><STEAM_0:0:1701373898><>" chat " acu sunt rank 2 pe drx!"
L 04/24/2017 - 11:33:35: [slayafk.amxx] CR^Cristina. a primit slay, deoarece a fost afk mai mult de 30 secunde
L 04/24/2017 - 11:34:48: [adminchat.amxx] Chat: "CR^Cristina.<329><VALVE_0:4:1007929979><>" chat "195 178"
L 04/24/2017 - 11:34:54: [adminchat.amxx] Chat: "CR^Cristina.<329><VALVE_0:4:1007929979><>" chat "103.16"
L 04/24/2017 - 11:35:02: [adminchat.amxx] Chat: "CR^Cristina.<329><VALVE_0:4:1007929979><>" chat "si :27015"
L 04/24/2017 - 11:35:24: [adminchat.amxx] Chat: "Outlawz # f0rest<342><STEAM_0:0:1701373898><>" chat " don"
L 04/24/2017 - 11:35:25: [adminchat.amxx] Chat: "Outlawz # f0rest<342><STEAM_0:0:1701373898><>" chat " pleci?"
L 04/24/2017 - 11:35:35: [adminchat.amxx] Chat: "DoNpAkaa<340><STEAM_0:0:55531607><>" psay "Outlawz # f0rest<342><STEAM_0:0:1701373898><>" "195.178.103.16.27015"
L 04/24/2017 - 11:35:37: [adminchat.amxx] Chat: "DoNpAkaa<340><STEAM_0:0:55531607><>" psay "Outlawz # f0rest<342><STEAM_0:0:1701373898><>" "195.178.103.16.27015"
L 04/24/2017 - 11:35:38: [adminchat.amxx] Chat: "Outlawz # f0rest<342><STEAM_0:0:1701373898><>" chat " asa"
L 04/24/2017 - 11:35:38: [adminchat.amxx] Chat: "Outlawz # f0rest<342><STEAM_0:0:1701373898><>" chat " ms"
L 04/24/2017 - 11:36:00: [slayafk.amxx] Adi a primit slay, deoarece a fost afk mai mult de 30 secunde
L 04/24/2017 - 11:36:25: [slayafk.amxx] CR^Cristina. a primit slay, deoarece a fost afk mai mult de 30 secunde
L 04/24/2017 - 11:37:20: [slayafk.amxx] Adi a primit slay, deoarece a fost afk mai mult de 30 secunde
L 04/24/2017 - 11:37:23: [adminchat.amxx] Chat: "Outlawz # f0rest<342><STEAM_0:0:1701373898><>" chat " a iesit cris"
L 04/24/2017 - 11:37:25: [adminchat.amxx] Chat: "Outlawz # f0rest<342><STEAM_0:0:1701373898><>" chat " a dat cv?"
L 04/24/2017 - 11:37:39: [adminchat.amxx] Chat: "Outlawz # f0rest<342><STEAM_0:0:1701373898><>" chat " da in logu public de pe forum"
L 04/24/2017 - 11:37:42: [adminchat.amxx] Chat: "Outlawz # f0rest<342><STEAM_0:0:1701373898><>" chat "  se vede u@?"
L 04/24/2017 - 11:37:44: [adminchat.amxx] Chat: "Outlawz # f0rest<342><STEAM_0:0:1701373898><>" chat " si psay/"
L 04/24/2017 - 11:38:00: [slayafk.amxx] Adi a primit slay, deoarece a fost afk mai mult de 30 secunde
L 04/24/2017 - 11:38:01: [adminchat.amxx] Chat: "Outlawz # f0rest<342><STEAM_0:0:1701373898><>" chat " nu de alta da daca vede cineva"
L 04/24/2017 - 11:38:50: [slayafk.amxx] Adi a primit slay, deoarece a fost afk mai mult de 30 secunde
L 04/24/2017 - 11:39:26: [adminchat.amxx] Chat: "Outlawz # f0rest<342><STEAM_0:0:1701373898><>" chat " don"
L 04/24/2017 - 11:39:29: [adminchat.amxx] Chat: "Outlawz # f0rest<342><STEAM_0:0:1701373898><>" chat " cati ani are mama ta?"
L 04/24/2017 - 11:39:34: [adminchat.amxx] Chat: "CR^Cristina.<349><VALVE_0:4:1007929979><>" chat "am gasit unu misto vr?"
L 04/24/2017 - 11:39:39: [adminchat.amxx] Chat: "Outlawz # f0rest<342><STEAM_0:0:1701373898><>" chat " intreb"
L 04/24/2017 - 11:39:43: [adminchat.amxx] Chat: "CR^Cristina.<349><VALVE_0:4:1007929979><>" chat "217"
L 04/24/2017 - 11:39:45: [slayafk.amxx] Adi a primit slay, deoarece a fost afk mai mult de 30 secunde
L 04/24/2017 - 11:39:48: [adminchat.amxx] Chat: "CR^Cristina.<349><VALVE_0:4:1007929979><>" chat "146"
L 04/24/2017 - 11:39:52: [adminchat.amxx] Chat: "CR^Cristina.<349><VALVE_0:4:1007929979><>" chat "78"
L 04/24/2017 - 11:39:55: [adminchat.amxx] Chat: "Outlawz # f0rest<342><STEAM_0:0:1701373898><>" chat " spune , nu te sfii!"
L 04/24/2017 - 11:39:55: [adminchat.amxx] Chat: "CR^Cristina.<349><VALVE_0:4:1007929979><>" chat "56"
L 04/24/2017 - 11:40:01: [adminchat.amxx] Chat: "CR^Cristina.<349><VALVE_0:4:1007929979><>" chat "27003"
L 04/24/2017 - 11:40:32: [adminchat.amxx] Chat: "CR^Cristina.<349><VALVE_0:4:1007929979><>" chat "intri tu primu hai"
L 04/24/2017 - 11:40:54: [adminchat.amxx] Chat: "CR^Cristina.<349><VALVE_0:4:1007929979><>" chat "vi sau nu?)))"
L 04/24/2017 - 11:40:56: [adminchat.amxx] Chat: "DoNpAkaa<340><STEAM_0:0:55531607><>" psay "Outlawz # f0rest<342><STEAM_0:0:1701373898><>" "217.146.78.56:27003"
L 04/24/2017 - 11:40:56: [adminchat.amxx] Chat: "DoNpAkaa<340><STEAM_0:0:55531607><>" psay "Outlawz # f0rest<342><STEAM_0:0:1701373898><>" "217.146.78.56:27003"
L 04/24/2017 - 11:40:57: [adminchat.amxx] Chat: "DoNpAkaa<340><STEAM_0:0:55531607><>" psay "Outlawz # f0rest<342><STEAM_0:0:1701373898><>" "217.146.78.56:27003"
L 04/24/2017 - 11:41:03: [adminchat.amxx] Chat: "CR^Cristina.<349><VALVE_0:4:1007929979><>" chat "pai hai"
L 04/24/2017 - 11:41:04: [adminchat.amxx] Chat: "CR^Cristina.<349><VALVE_0:4:1007929979><>" chat "intra"
L 04/24/2017 - 11:41:05: [slayafk.amxx] Adi a primit slay, deoarece a fost afk mai mult de 30 secunde
L 04/24/2017 - 11:42:05: [slayafk.amxx] Adi a primit slay, deoarece a fost afk mai mult de 30 secunde
L 04/24/2017 - 11:43:00: [slayafk.amxx] Adi a primit slay, deoarece a fost afk mai mult de 30 secunde
L 04/24/2017 - 11:44:25: [slayafk.amxx] Adi a primit slay, deoarece a fost afk mai mult de 30 secunde
L 04/24/2017 - 11:46:10: [slayafk.amxx] Adi a primit slay, deoarece a fost afk mai mult de 30 secunde
L 04/24/2017 - 11:46:50: [slayafk.amxx] Adi a primit slay, deoarece a fost afk mai mult de 30 secunde
L 04/24/2017 - 11:57:30: -------- Mapchange to deathrun_alleywinter --------
L 04/24/2017 - 11:57:32: [AMXX] Failed to open dictionary file: cstrike/addons/amxmodx/data/lang/walkguard.txt
L 04/24/2017 - 11:57:33: [walkguard.amxx] no zone-file found
L 04/24/2017 - 11:58:09: [admincmd.amxx] Cmd: "Dr.FioriGinal.Ro ~ Server Clasi<0><><>" slay "dex0n<361><VALVE_0:4:537931242><>"
L 04/24/2017 - 11:58:51: [admincmd.amxx] Cmd: "Dr.FioriGinal.Ro ~ Server Clasi<0><><>" slay "dex0n<363><VALVE_0:4:537931242><>"
L 04/24/2017 - 12:11:38: [slayafk.amxx] FaNNta a primit slay, deoarece a fost afk mai mult de 30 secunde
L 04/24/2017 - 12:13:12: [admin.amxx] Login: "DoNpAkaa<375><STEAM_0:0:55531607><>" became an admin (account "DoNpAkaa") (access "b") (address "86.123.127.204")
L 04/24/2017 - 12:13:14: [admin.amxx] Login: "DoNpAkaa<376><STEAM_0:0:55531607><>" became an admin (account "DoNpAkaa") (access "b") (address "86.123.127.204")
L 04/24/2017 - 12:33:55: [adminchat.amxx] Chat: "FaNNta<388><STEAM_0:0:638836200><>" chat " ba"
L 04/24/2017 - 12:33:59: [adminchat.amxx] Chat: "FaNNta<388><STEAM_0:0:638836200><>" chat " merg sa-mi dea ip"
L 04/24/2017 - 12:34:01: [adminchat.amxx] Chat: "FaNNta<388><STEAM_0:0:638836200><>" chat " plz nu da ban"
L 04/24/2017 - 12:35:13: [adminchat.amxx] Chat: "FaNNta<395><STEAM_0:0:638836200><>" chat " zii man sa intre"
L 04/24/2017 - 12:38:37: -------- Mapchange to deathrun_trenal_lux --------
L 04/24/2017 - 12:38:38: [AMXX] Failed to open dictionary file: cstrike/addons/amxmodx/data/lang/walkguard.txt
L 04/24/2017 - 12:38:39: [walkguard.amxx] no zone-file found
L 04/24/2017 - 12:38:39: [admin.amxx] Login: "DoNpAkaa<376><STEAM_0:0:55531607><>" became an admin (account "DoNpAkaa") (access "b") (address "86.123.127.204")
L 04/24/2017 - 12:38:41: [admin.amxx] Login: "DoNpAkaa<398><STEAM_0:0:55531607><>" became an admin (account "DoNpAkaa") (access "b") (address "86.123.127.204")
L 04/24/2017 - 12:41:28: [comp_timer2.amxx] Error on query: You have an error in your SQL syntax; check the manual that corresponds to your MySQL server version for the right syntax to use near 'deathrun_trenal_lux'' at line 1
L 04/24/2017 - 12:41:28: [comp_timer2.amxx] FailState == TQUERY_QUERY_FAILED, Query failed.
L 04/24/2017 - 12:42:55: [adminchat.amxx] Chat: "CR^Cristina.<394><VALVE_0:4:1855081083><>" chat ":)))"
L 04/24/2017 - 12:45:24: [adminchat.amxx] Chat: "CR^Cristina.<394><VALVE_0:4:1855081083><>" chat "adica asta da flood nonstop la toti"
L 04/24/2017 - 12:45:26: [adminchat.amxx] Chat: "CR^Cristina.<394><VALVE_0:4:1855081083><>" chat "si vrei limbaj?"
L 04/24/2017 - 12:46:10: [adminchat.amxx] Chat: "rYTHM.<405><VALVE_0:4:573662960><>" chat "zi ba don"
L 04/24/2017 - 12:46:12: [adminchat.amxx] Chat: "rYTHM.<405><VALVE_0:4:573662960><>" chat "te rog mult"
L 04/24/2017 - 12:56:28: [slayafk.amxx] rYTHM. a primit slay, deoarece a fost afk mai mult de 30 secunde
L 04/24/2017 - 12:58:16: [mapsmenu.amxx] Vote: "DoNpAkaa<398><STEAM_0:0:55531607><>" vote maps (map#1 "deathrun_clarion_pch") (map#2 "deathrun_crazyhop_v3_fix") (map#3 "") (map#4 "")
L 04/24/2017 - 12:58:28: [mapsmenu.amxx] Vote: Voting successful. Map will be changed to deathrun_clarion_pch
L 04/24/2017 - 13:03:16: [comp_timer2.amxx] Error on query: You have an error in your SQL syntax; check the manual that corresponds to your MySQL server version for the right syntax to use near 'deathrun_trenal_lux'' at line 1
L 04/24/2017 - 13:03:16: [comp_timer2.amxx] FailState == TQUERY_QUERY_FAILED, Query failed.
L 04/24/2017 - 13:06:47: -------- Mapchange to deathrun_clarion_pch --------
L 04/24/2017 - 13:06:48: [AMXX] Failed to open dictionary file: cstrike/addons/amxmodx/data/lang/walkguard.txt
L 04/24/2017 - 13:06:49: [walkguard.amxx] no zone-file found
L 04/24/2017 - 13:06:49: [admin.amxx] Login: "DoNpAkaa<398><STEAM_0:0:55531607><>" became an admin (account "DoNpAkaa") (access "b") (address "86.123.127.204")
L 04/24/2017 - 13:06:50: [admin.amxx] Login: "DoNpAkaa<419><STEAM_0:0:55531607><>" became an admin (account "DoNpAkaa") (access "b") (address "86.123.127.204")
L 04/24/2017 - 13:16:27: [comp_timer2.amxx] Error on query: You have an error in your SQL syntax; check the manual that corresponds to your MySQL server version for the right syntax to use near 'deathrun_clarion_pch'' at line 1
L 04/24/2017 - 13:16:27: [comp_timer2.amxx] FailState == TQUERY_QUERY_FAILED, Query failed.
L 04/24/2017 - 13:29:18: [mapsmenu.amxx] Vote: "DoNpAkaa<419><STEAM_0:0:55531607><>" vote maps (map#1 "deathrun_clarion_dojo_b3") (map#2 "deathrun_crazyhop_v3_fix") (map#3 "") (map#4 "")
L 04/24/2017 - 13:29:30: [mapsmenu.amxx] Vote: Voting successful. Map will be changed to deathrun_clarion_dojo_b3
L 04/24/2017 - 13:32:38: [slayafk.amxx] dzn a primit slay, deoarece a fost afk mai mult de 30 secunde
L 04/24/2017 - 13:32:41: -------- Mapchange to deathrun_clarion_dojo_b3 --------
L 04/24/2017 - 13:32:43: [AMXX] Failed to open dictionary file: cstrike/addons/amxmodx/data/lang/walkguard.txt
L 04/24/2017 - 13:32:44: [walkguard.amxx] no zone-file found
L 04/24/2017 - 13:34:23: [admincmd.amxx] Cmd: "Dr.FioriGinal.Ro ~ Server Clasi<0><><>" slay "RunThePooH<446><VALVE_0:4:682095571><>"
L 04/24/2017 - 13:46:37: [admincmd.amxx] Cmd: "Dr.FioriGinal.Ro ~ Server Clasi<0><><>" slay "CR^Cristina.<452><VALVE_0:4:1855081083><>"
L 04/24/2017 - 13:58:12: [admincmd.amxx] Cmd: "Dr.FioriGinal.Ro ~ Server Clasi<0><><>" slay "dzn<458><VALVE_0:4:573662960><>"
L 04/24/2017 - 13:58:18: [admincmd.amxx] Cmd: "Dr.FioriGinal.Ro ~ Server Clasi<0><><>" slay "dzn<459><VALVE_0:4:573662960><>"
L 04/24/2017 - 14:00:38: [admincmd.amxx] Cmd: "Dr.FioriGinal.Ro ~ Server Clasi<0><><>" slay "DreaM ****<461><STEAM_0:0:2100476638><>"
L 04/24/2017 - 14:13:14: [admin.amxx] Login: "Asdfq<469><VALVE_0:4:530072426><>" kicked due to invalid password (account "Asdfq") (address "109.100.108.150")
L 04/24/2017 - 14:13:20: [admin.amxx] Login: "Asdfq<470><VALVE_0:4:530072426><>" became an admin (account "Asdfq") (access "b") (address "109.100.108.150")
L 04/24/2017 - 14:19:07: [admin.amxx] Login: "EvolGeniuS - ThE king#<471><STEAM_0:1:84045719><>" kicked due to invalid password (account "EvolGeniuS - ThE king#") (address "5.14.165.95")
L 04/24/2017 - 14:19:17: [admin.amxx] Login: "EvolGeniuS - ThE king#<472><STEAM_0:1:84045719><>" became an admin (account "EvolGeniuS - ThE king#") (access "b") (address "5.14.165.95")
L 04/24/2017 - 14:22:43: [admin.amxx] Login: "EvolGeniuS - ThE king#<475><STEAM_0:1:84045719><>" became an admin (account "EvolGeniuS - ThE king#") (access "b") (address "5.14.165.95")
L 04/24/2017 - 14:23:23: [admin.amxx] Login: "EvolGeniuS - ThE king#<476><STEAM_0:1:84045719><>" became an admin (account "EvolGeniuS - ThE king#") (access "b") (address "5.14.165.95")
L 04/24/2017 - 14:31:19: [mapsmenu.amxx] Vote: "Asdfq<470><VALVE_0:4:530072426><>" vote maps (map#1 "deathrun_snow_wind") (map#2 "deathrun_pacman") (map#3 "") (map#4 "")
L 04/24/2017 - 14:31:31: [mapsmenu.amxx] Vote: Voting successful. Map will be changed to deathrun_snow_wind
L 04/24/2017 - 14:32:12: -------- Mapchange to deathrun_snow_wind --------
L 04/24/2017 - 14:32:14: [AMXX] Failed to open dictionary file: cstrike/addons/amxmodx/data/lang/walkguard.txt
L 04/24/2017 - 14:32:15: [walkguard.amxx] no zone-file found
L 04/24/2017 - 14:32:15: [admin.amxx] Login: "Asdfq<470><VALVE_0:4:530072426><>" became an admin (account "Asdfq") (access "b") (address "109.100.108.150")
L 04/24/2017 - 14:32:15: [admin.amxx] Login: "EvolGeniuS - ThE king#<476><STEAM_0:1:84045719><>" became an admin (account "EvolGeniuS - ThE king#") (access "b") (address "5.14.165.95")
L 04/24/2017 - 14:57:30: -------- Mapchange to deathrun_pyramid --------
L 04/24/2017 - 14:57:31: [AMXX] Failed to open dictionary file: cstrike/addons/amxmodx/data/lang/walkguard.txt
L 04/24/2017 - 14:57:32: [admin.amxx] Login: "EvolGeniuS - ThE king#<476><STEAM_0:1:84045719><>" became an admin (account "EvolGeniuS - ThE king#") (access "b") (address "5.14.165.95")
L 04/24/2017 - 14:57:32: [walkguard.amxx] no zone-file found
L 04/24/2017 - 14:57:32: [admin.amxx] Login: "Asdfq<470><VALVE_0:4:530072426><>" became an admin (account "Asdfq") (access "b") (address "109.100.108.150")
L 04/24/2017 - 14:58:15: [admincmd.amxx] Cmd: "Dr.FioriGinal.Ro ~ Server Clasi<0><><>" slay "Hamed<514><STEAM_0:0:389056701><>"
L 04/24/2017 - 15:01:20: [admincmd.amxx] Cmd: "Dr.FioriGinal.Ro ~ Server Clasi<0><><>" slay "YUI7YU<516><VALVE_0:4:374689840><>"
L 04/24/2017 - 15:01:59: [admincmd.amxx] Cmd: "Asdfq<470><VALVE_0:4:530072426><>" slay "YUI7YU<516><VALVE_0:4:374689840><>"
L 04/24/2017 - 15:14:47: [admin.amxx] Login: "ips<524><STEAM_0:1:173403989><>" became an admin (account "ips") (access "b") (address "79.118.229.105")
L 04/24/2017 - 15:21:57: [slayafk.amxx] Angeles a primit slay, deoarece a fost afk mai mult de 30 secunde
L 04/24/2017 - 15:23:20: -------- Mapchange to deathrun_standup --------
L 04/24/2017 - 15:23:22: [AMXX] Failed to open dictionary file: cstrike/addons/amxmodx/data/lang/walkguard.txt
L 04/24/2017 - 15:23:22: [walkguard.amxx] no zone-file found
L 04/24/2017 - 15:39:45: [admincmd.amxx] Cmd: "Dr.FioriGinal.Ro ~ Server Clasi<0><><>" slay "dNk|sCaRy<568><VALVE_0:4:833017715><>"
L 04/24/2017 - 15:49:08: -------- Mapchange to deathrun_sentinel --------
L 04/24/2017 - 15:49:19: -------- Mapchange to deathrun_forest --------
L 04/24/2017 - 15:49:27: [AMXX] Failed to open dictionary file: cstrike/addons/amxmodx/data/lang/walkguard.txt
L 04/24/2017 - 15:49:29: [walkguard.amxx] no zone-file found
L 04/24/2017 - 15:49:38: Invalid multi-lingual line (file "cstrike/addons/amxmodx/data/lang/rom_protect.txt" key "// *ROM-Protect// Plugin OpenSource anti-IsFlooding/bug-fix pentru orice server." lang "")
L 04/24/2017 - 15:49:38: Invalid multi-lingual line (file "cstrike/addons/amxmodx/data/lang/rom_protect.txt" key "// Versiunea : 1.0.4s-dev. Bulid : 98. Data lansarii versiunii : 03.12.2016." lang "")
L 04/24/2017 - 15:49:38: Invalid multi-lingual line (file "cstrike/addons/amxmodx/data/lang/rom_protect.txt" key "// Autor : lüxor # Dr.Fio & DR2.IND (+ eNd.) - SteamID (contact) : luxxxoor" lang "")
L 04/24/2017 - 15:49:38: Invalid multi-lingual line (file "cstrike/addons/amxmodx/data/lang/rom_protect.txt" key "// O productie FioriGinal.ro - site : www.fioriginal.ro" lang "")
L 04/24/2017 - 15:49:38: Invalid multi-lingual line (file "cstrike/addons/amxmodx/data/lang/rom_protect.txt" key "// Link forum de dezvoltare : http://forum.fioriginal.ro/amxmodx-plugins-pluginuri/rom-protect-anti-flood-bug-fix-t28292.html" lang "")
L 04/24/2017 - 15:49:38: Invalid multi-lingual line (file "cstrike/addons/amxmodx/data/lang/rom_protect.txt" key "// Link sursa : https://github.com/luxxxoor/ROM-Protect" lang "")
L 04/24/2017 - 15:49:38: Invalid multi-lingual line (file "cstrike/addons/amxmodx/data/lang/rom_protect.txt" key "// Colori : ^1 - Culoarea aleasa de jucator cu con_color." lang "")
L 04/24/2017 - 15:49:38: Invalid multi-lingual line (file "cstrike/addons/amxmodx/data/lang/rom_protect.txt" key "//          ^3 - Culoare gri." lang "")
L 04/24/2017 - 15:49:38: Invalid multi-lingual line (file "cstrike/addons/amxmodx/data/lang/rom_protect.txt" key "//          ^4 - Culoare verde." lang "")
L 04/24/2017 - 16:04:24: [slayafk.amxx] 0sZ a primit slay, deoarece a fost afk mai mult de 30 secunde
L 04/24/2017 - 16:05:23: [admin.amxx] Login: "cool<15><STEAM_0:1:25922700><>" became an admin (account "cool") (access "b") (address "5.14.99.188")
L 04/24/2017 - 16:05:47: [admincmd.amxx] Cmd: "cool<15><STEAM_0:1:25922700><>" ask for players list
L 04/24/2017 - 16:15:51: [admincmd.amxx] Cmd: "Dr.FioriGinal.Ro ~ Server Clasi<0><><>" slay "LM<21><VALVE_0:4:1689791618><>"
L 04/24/2017 - 16:37:15: [admin.amxx] Login: "cool<38><STEAM_0:1:25922700><>" became an admin (account "cool") (access "b") (address "5.14.99.188")
L 04/24/2017 - 16:44:33: [admin.amxx] Login: "knife<46><STEAM_0:1:118153889><>" became an admin (account "knife") (access "b") (address "92.114.99.212")
L 04/24/2017 - 16:44:34: [admin.amxx] Login: "knife<47><STEAM_0:1:118153889><>" became an admin (account "knife") (access "b") (address "92.114.99.212")
L 04/24/2017 - 17:09:04: [slayafk.amxx] corona a primit slay, deoarece a fost afk mai mult de 30 secunde
L 04/24/2017 - 17:16:49: -------- Mapchange to deathrun_jinglebells --------
L 04/24/2017 - 17:16:50: [AMXX] Failed to open dictionary file: cstrike/addons/amxmodx/data/lang/walkguard.txt
L 04/24/2017 - 17:16:51: [walkguard.amxx] no zone-file found
L 04/24/2017 - 17:22:17: [admin.amxx] Login: "Asdfq<73><VALVE_0:4:530072426><>" became an admin (account "Asdfq") (access "b") (address "109.100.108.150")
L 04/24/2017 - 17:26:52: [admin.amxx] Login: "Asdfq<77><VALVE_0:4:530072426><>" became an admin (account "Asdfq") (access "b") (address "109.100.108.150")
L 04/24/2017 - 17:26:58: [admincmd.amxx] Cmd: "Dr.FioriGinal.Ro ~ Server Clasi<0><><>" slay "Asdfq<77><VALVE_0:4:530072426><>"
L 04/24/2017 - 17:30:11: [admin.amxx] Login: "Asdfq<80><VALVE_0:4:530072426><>" became an admin (account "Asdfq") (access "b") (address "109.100.108.150")
L 04/24/2017 - 17:30:17: [admincmd.amxx] Cmd: "Dr.FioriGinal.Ro ~ Server Clasi<0><><>" slay "Asdfq<80><VALVE_0:4:530072426><>"
L 04/24/2017 - 17:42:57: [admincmd.amxx] Cmd: "Dr.FioriGinal.Ro ~ Server Clasi<0><><>" slay "dNk|sCaRy<85><VALVE_0:4:833017715><>"
L 04/24/2017 - 17:46:06: [admincmd.amxx] Cmd: "Dr.FioriGinal.Ro ~ Server Clasi<0><><>" slay "dNk|sCaRy<88><VALVE_0:4:833017715><>"
L 04/24/2017 - 17:50:41: [slayafk.amxx] dNk|sCaRy a primit slay, deoarece a fost afk mai mult de 30 secunde
L 04/24/2017 - 18:04:11: [slayafk.amxx] ta qifsha korabin a primit slay, deoarece a fost afk mai mult de 30 secunde
L 04/24/2017 - 18:15:07: [admincmd.amxx] Cmd: "Dr.FioriGinal.Ro ~ Server Clasi<0><><>" slay "Nlreb Mra Alrrih<115><STEAM_0:0:77647261><>"
L 04/24/2017 - 18:27:25: [admin.amxx] Login: "ips<118><STEAM_0:1:173403989><>" became an admin (account "ips") (access "b") (address "79.118.229.105")
L 04/24/2017 - 18:29:46: -------- Mapchange to deathrun_long_run --------
L 04/24/2017 - 18:29:48: [AMXX] Failed to open dictionary file: cstrike/addons/amxmodx/data/lang/walkguard.txt
L 04/24/2017 - 18:29:49: [admin.amxx] Login: "ips<118><STEAM_0:1:173403989><>" became an admin (account "ips") (access "b") (address "79.118.229.105")
L 04/24/2017 - 18:29:49: [walkguard.amxx] no zone-file found
L 04/24/2017 - 18:41:55: [admin.amxx] Login: "Scooby1^<129><VALVE_0:4:1589560042><>" became an admin (account "Scooby1^") (access "b") (address "109.103.33.20")
L 04/24/2017 - 18:57:55: -------- Mapchange to deathrun_virtualstrike --------
L 04/24/2017 - 18:57:56: [AMXX] Failed to open dictionary file: cstrike/addons/amxmodx/data/lang/walkguard.txt
L 04/24/2017 - 18:57:57: [walkguard.amxx] no zone-file found
L 04/24/2017 - 18:57:58: [admin.amxx] Login: "Scooby1^<129><VALVE_0:4:1589560042><>" became an admin (account "Scooby1^") (access "b") (address "109.103.33.20")
L 04/24/2017 - 19:04:25: [admin.amxx] Login: "Stifler<149><STEAM_0:0:1784836802><>" kicked due to invalid password (account "Stifler") (address "31.5.145.190")
L 04/24/2017 - 19:04:33: [admin.amxx] Login: "Stifler<150><STEAM_0:0:1784836802><>" became an admin (account "Stifler") (access "b") (address "31.5.145.190")
L 04/24/2017 - 19:04:39: [admin.amxx] Login: "Stifler<151><STEAM_0:0:1784836802><>" became an admin (account "Stifler") (access "b") (address "31.5.145.190")
L 04/24/2017 - 19:06:02: [slayafk.amxx] MiB a primit slay, deoarece a fost afk mai mult de 30 secunde
L 04/24/2017 - 19:07:57: [slayafk.amxx] MiB a primit slay, deoarece a fost afk mai mult de 30 secunde
L 04/24/2017 - 19:09:12: [admin.amxx] Login: "Scooby1^<159><VALVE_0:4:1589560042><>" became an admin (account "Scooby1^") (access "b") (address "109.103.33.20")
L 04/24/2017 - 19:10:07: [slayafk.amxx] LM a primit slay, deoarece a fost afk mai mult de 30 secunde
L 04/24/2017 - 19:12:27: [slayafk.amxx] MiB a primit slay, deoarece a fost afk mai mult de 30 secunde
L 04/24/2017 - 19:12:27: [admin.amxx] Login: "Scooby1^<166><VALVE_0:4:1589560042><>" became an admin (account "Scooby1^") (access "b") (address "109.103.33.20")
L 04/24/2017 - 19:14:22: [slayafk.amxx] MiB a primit slay, deoarece a fost afk mai mult de 30 secunde
L 04/24/2017 - 19:14:22: [slayafk.amxx] Nlreb Mra Alrrih a primit slay, deoarece a fost afk mai mult de 30 secunde
L 04/24/2017 - 19:16:22: [slayafk.amxx] MiB a primit slay, deoarece a fost afk mai mult de 30 secunde
L 04/24/2017 - 19:16:22: [slayafk.amxx] Nlreb Mra Alrrih a primit slay, deoarece a fost afk mai mult de 30 secunde
L 04/24/2017 - 19:17:27: [admin.amxx] Login: "Stifler<169><STEAM_0:0:1784836802><>" became an admin (account "Stifler") (access "b") (address "31.5.145.190")
L 04/24/2017 - 19:18:02: [slayafk.amxx] MiB a primit slay, deoarece a fost afk mai mult de 30 secunde
L 04/24/2017 - 19:18:02: [slayafk.amxx] Nlreb Mra Alrrih a primit slay, deoarece a fost afk mai mult de 30 secunde
L 04/24/2017 - 19:19:52: [slayafk.amxx] MiB a primit slay, deoarece a fost afk mai mult de 30 secunde
L 04/24/2017 - 19:20:37: [admin.amxx] Login: "Asdfq<171><VALVE_0:4:530072426><>" became an admin (account "Asdfq") (access "b") (address "109.100.108.150")
L 04/24/2017 - 19:20:45: [admin.amxx] Login: "Asdfq<172><VALVE_0:4:530072426><>" became an admin (account "Asdfq") (access "b") (address "109.100.108.150")
L 04/24/2017 - 19:21:37: [slayafk.amxx] Nlreb Mra Alrrih a primit slay, deoarece a fost afk mai mult de 30 secunde
L 04/24/2017 - 19:21:42: [slayafk.amxx] MiB a primit slay, deoarece a fost afk mai mult de 30 secunde
L 04/24/2017 - 19:23:12: [slayafk.amxx] MiB a primit slay, deoarece a fost afk mai mult de 30 secunde
L 04/24/2017 - 19:24:44: -------- Mapchange to deathrun_nightrun_beta3 --------
L 04/24/2017 - 19:24:46: [AMXX] Failed to open dictionary file: cstrike/addons/amxmodx/data/lang/walkguard.txt
L 04/24/2017 - 19:24:47: [walkguard.amxx] no zone-file found
L 04/24/2017 - 19:24:47: [admin.amxx] Login: "Asdfq<172><VALVE_0:4:530072426><>" became an admin (account "Asdfq") (access "b") (address "109.100.108.150")
L 04/24/2017 - 19:25:20: [admincmd.amxx] Cmd: "Dr.FioriGinal.Ro ~ Server Clasi<0><><>" slay "LM<185><VALVE_0:4:1689791618><>"
L 04/24/2017 - 19:26:22: [admincmd.amxx] Cmd: "Dr.FioriGinal.Ro ~ Server Clasi<0><><>" slay "MiB<186><STEAM_0:0:813078760><>"
L 04/24/2017 - 19:28:21: [admin.amxx] Login: "Stifler<188><STEAM_0:0:1784836802><>" became an admin (account "Stifler") (access "b") (address "31.5.145.190")
L 04/24/2017 - 19:28:23: [admin.amxx] Login: "Stifler<189><STEAM_0:0:1784836802><>" became an admin (account "Stifler") (access "b") (address "31.5.145.190")
L 04/24/2017 - 19:30:46: [slayafk.amxx] masina2 a primit slay, deoarece a fost afk mai mult de 30 secunde
L 04/24/2017 - 19:35:21: [slayafk.amxx] FaNaT1CS a primit slay, deoarece a fost afk mai mult de 30 secunde
L 04/24/2017 - 19:50:57: -------- Mapchange to deathrun_0mega --------
L 04/24/2017 - 19:50:58: [AMXX] Failed to open dictionary file: cstrike/addons/amxmodx/data/lang/walkguard.txt
L 04/24/2017 - 19:50:59: [walkguard.amxx] no zone-file found
L 04/24/2017 - 19:53:14: [slayafk.amxx] MiB a primit slay, deoarece a fost afk mai mult de 30 secunde
L 04/24/2017 - 19:53:44: [admin.amxx] Login: "Asdfq<223><VALVE_0:4:530072426><>" became an admin (account "Asdfq") (access "b") (address "109.100.108.150")
L 04/24/2017 - 19:53:49: [slayafk.amxx] MiB a primit slay, deoarece a fost afk mai mult de 30 secunde
L 04/24/2017 - 19:54:39: [slayafk.amxx] Nlreb Mra Alrrih a primit slay, deoarece a fost afk mai mult de 30 secunde
L 04/24/2017 - 19:54:44: [slayafk.amxx] MiB a primit slay, deoarece a fost afk mai mult de 30 secunde
L 04/24/2017 - 19:56:05: [admincmd.amxx] Cmd: "Asdfq<223><VALVE_0:4:530072426><>" slay "masina2<214><VALVE_0:4:1350320054><>"
L 04/24/2017 - 19:56:44: [slayafk.amxx] MiB a primit slay, deoarece a fost afk mai mult de 30 secunde
L 04/24/2017 - 19:56:44: [slayafk.amxx] Nlreb Mra Alrrih a primit slay, deoarece a fost afk mai mult de 30 secunde
L 04/24/2017 - 19:58:14: [slayafk.amxx] MiB a primit slay, deoarece a fost afk mai mult de 30 secunde
L 04/24/2017 - 19:58:14: [slayafk.amxx] Nlreb Mra Alrrih a primit slay, deoarece a fost afk mai mult de 30 secunde
L 04/24/2017 - 19:59:18: [admincmd.amxx] Cmd: "Asdfq<223><VALVE_0:4:530072426><>" slay "TnK<227><VALVE_0:4:1678572930><>"
L 04/24/2017 - 19:59:59: [slayafk.amxx] MiB a primit slay, deoarece a fost afk mai mult de 30 secunde
L 04/24/2017 - 19:59:59: [slayafk.amxx] Nlreb Mra Alrrih a primit slay, deoarece a fost afk mai mult de 30 secunde
L 04/24/2017 - 20:01:34: [slayafk.amxx] Nlreb Mra Alrrih a primit slay, deoarece a fost afk mai mult de 30 secunde
L 04/24/2017 - 20:01:39: [slayafk.amxx] Asdfq a primit slay, deoarece a fost afk mai mult de 30 secunde
L 04/24/2017 - 20:02:20: [admincmd.amxx] Cmd: "Asdfq<223><VALVE_0:4:530072426><>" slay "masina2<214><VALVE_0:4:1350320054><>"
L 04/24/2017 - 20:02:59: [slayafk.amxx] Nlreb Mra Alrrih a primit slay, deoarece a fost afk mai mult de 30 secunde
L 04/24/2017 - 20:05:49: [slayafk.amxx] Nlreb Mra Alrrih a primit slay, deoarece a fost afk mai mult de 30 secunde
L 04/24/2017 - 20:09:34: [slayafk.amxx] masina2 a primit slay, deoarece a fost afk mai mult de 30 secunde
L 04/24/2017 - 20:09:34: [slayafk.amxx] Nlreb Mra Alrrih a primit slay, deoarece a fost afk mai mult de 30 secunde
L 04/24/2017 - 20:10:18: [admincmd.amxx] Cmd: "Dr.FioriGinal.Ro ~ Server Clasi<0><><>" slay "kel<232><STEAM_0:0:1016541550><>"
L 04/24/2017 - 20:10:29: [admincmd.amxx] Cmd: "Asdfq<223><VALVE_0:4:530072426><>" slay "kel<232><STEAM_0:0:1016541550><>"
L 04/24/2017 - 20:10:34: [admincmd.amxx] Cmd: "Asdfq<223><VALVE_0:4:530072426><>" slay "kel<232><STEAM_0:0:1016541550><>"
L 04/24/2017 - 20:10:44: [slayafk.amxx] masina2 a primit slay, deoarece a fost afk mai mult de 30 secunde
L 04/24/2017 - 20:10:44: [slayafk.amxx] Nlreb Mra Alrrih a primit slay, deoarece a fost afk mai mult de 30 secunde
L 04/24/2017 - 20:12:33: [admincmd.amxx] Cmd: "Asdfq<223><VALVE_0:4:530072426><>" slay "COCO<219><STEAM_0:0:312001747><>"
L 04/24/2017 - 20:13:09: [slayafk.amxx] MiB a primit slay, deoarece a fost afk mai mult de 30 secunde
L 04/24/2017 - 20:15:44: [mapsmenu.amxx] Vote: "Asdfq<223><VALVE_0:4:530072426><>" vote maps (map#1 "deathrun_rizzy_x") (map#2 "deathrun_skyzzar") (map#3 "") (map#4 "")
L 04/24/2017 - 20:15:54: [slayafk.amxx] Nlreb Mra Alrrih a primit slay, deoarece a fost afk mai mult de 30 secunde
L 04/24/2017 - 20:15:56: [mapsmenu.amxx] Vote: Voting successful. Map will be changed to deathrun_rizzy_x
L 04/24/2017 - 20:15:59: [slayafk.amxx] MiB a primit slay, deoarece a fost afk mai mult de 30 secunde
L 04/24/2017 - 20:16:25: -------- Mapchange to deathrun_rizzy_x --------
L 04/24/2017 - 20:16:26: [AMXX] Failed to open dictionary file: cstrike/addons/amxmodx/data/lang/walkguard.txt
L 04/24/2017 - 20:16:27: [walkguard.amxx] no zone-file found
L 04/24/2017 - 20:16:27: [admin.amxx] Login: "Asdfq<223><VALVE_0:4:530072426><>" became an admin (account "Asdfq") (access "b") (address "109.100.108.150")
L 04/24/2017 - 20:42:44: -------- Mapchange to deathrun_adi_blurez --------
L 04/24/2017 - 20:42:45: [AMXX] Failed to open dictionary file: cstrike/addons/amxmodx/data/lang/walkguard.txt
L 04/24/2017 - 20:42:46: [walkguard.amxx] no zone-file found
L 04/24/2017 - 20:53:33: [admincmd.amxx] Cmd: "Dr.FioriGinal.Ro ~ Server Clasi<0><><>" slay "Krisz/199/<269><STEAM_0:0:934022558><>"
L 04/24/2017 - 20:54:49: [admincmd.amxx] Cmd: "Dr.FioriGinal.Ro ~ Server Clasi<0><><>" slay "masina2<271><VALVE_0:4:1350320054><>"
L 04/24/2017 - 21:18:53: [admin.amxx] Login: "Asdfq<281><VALVE_0:4:530072426><>" became an admin (account "Asdfq") (access "b") (address "109.100.108.150")
L 04/24/2017 - 21:19:00: [admin.amxx] Login: "Asdfq<282><VALVE_0:4:530072426><>" became an admin (account "Asdfq") (access "b") (address "109.100.108.150")
L 04/24/2017 - 21:20:11: [slayafk.amxx] I LoVe YoU ! <3 a primit slay, deoarece a fost afk mai mult de 30 secunde
L 04/24/2017 - 21:20:13: [admin.amxx] Login: "Asdfq<283><VALVE_0:4:530072426><>" became an admin (account "Asdfq") (access "b") (address "109.100.108.150")
L 04/24/2017 - 21:20:19: [admincmd.amxx] Cmd: "Dr.FioriGinal.Ro ~ Server Clasi<0><><>" slay "Asdfq<283><VALVE_0:4:530072426><>"
L 04/24/2017 - 21:21:19: [admin.amxx] Login: "Asdfq<285><VALVE_0:4:530072426><>" became an admin (account "Asdfq") (access "b") (address "109.100.108.150")
L 04/24/2017 - 21:21:25: [admincmd.amxx] Cmd: "Dr.FioriGinal.Ro ~ Server Clasi<0><><>" slay "Asdfq<285><VALVE_0:4:530072426><>"
L 04/24/2017 - 21:24:12: [admin.amxx] Login: "ips<288><VALVE_0:4:1616693883><>" kicked due to invalid password (account "ips") (address "79.118.229.105")
L 04/24/2017 - 21:24:23: [admin.amxx] Login: "ips<289><VALVE_0:4:1616693883><>" became an admin (account "ips") (access "b") (address "79.118.229.105")
L 04/24/2017 - 21:24:24: [admin.amxx] Login: "ips<290><VALVE_0:4:1616693883><>" became an admin (account "ips") (access "b") (address "79.118.229.105")
L 04/24/2017 - 21:30:25: [admin.amxx] Login: "Kemal Soydere<296><STEAM_0:1:191882096><>" kicked due to invalid password (account "Kemal Soydere") (address "79.114.191.252")
L 04/24/2017 - 21:30:40: [admin.amxx] Login: "Kemal Soydere<297><STEAM_0:1:191882096><>" kicked due to invalid password (account "Kemal Soydere") (address "79.114.191.252")
L 04/24/2017 - 21:30:46: [admin.amxx] Login: "Kemal Soydere<298><STEAM_0:1:191882096><>" became an admin (account "Kemal Soydere") (access "b") (address "79.114.191.252")
L 04/24/2017 - 21:37:22: [admincmd.amxx] Cmd: "Dr.FioriGinal.Ro ~ Server Clasi<0><><>" slay "CR^Cristina.<304><VALVE_0:4:1821592187><>"
L 04/24/2017 - 21:42:13: [admincmd.amxx] Cmd: "Dr.FioriGinal.Ro ~ Server Clasi<0><><>" slay "CR^Cristina.<306><VALVE_0:4:1821592187><>"
L 04/24/2017 - 21:42:28: [admincmd.amxx] Cmd: "Dr.FioriGinal.Ro ~ Server Clasi<0><><>" slay "Jumper|TryNova22<308><VALVE_0:4:1700003074><>"
L 04/24/2017 - 21:47:03: [admincmd.amxx] Cmd: "Dr.FioriGinal.Ro ~ Server Clasi<0><><>" slay "CR^Cristina.<311><VALVE_0:4:1821592187><>"
L 04/24/2017 - 21:50:42: [admin.amxx] Login: "Asdfq<316><VALVE_0:4:530072426><>" became an admin (account "Asdfq") (access "b") (address "109.100.108.150")
L 04/24/2017 - 21:50:53: [admin.amxx] Login: "ips<317><VALVE_0:4:1616693883><>" became an admin (account "ips") (access "b") (address "79.118.229.105")
L 04/24/2017 - 21:53:30: [adminvote.amxx] Vote: "ips<317><VALVE_0:4:1616693883><>" vote map (map "deathrun_anca")
L 04/24/2017 - 21:53:42: [adminvote.amxx] Vote: Voting successful (got "4") (needed "2") (result "amx_nextmap deathrun_anca")
L 04/24/2017 - 21:53:44: [adminvote.amxx] Vote: Result accepted
L 04/24/2017 - 22:12:14: -------- Mapchange to deathrun_anca --------
L 04/24/2017 - 22:12:16: [AMXX] Failed to open dictionary file: cstrike/addons/amxmodx/data/lang/walkguard.txt
L 04/24/2017 - 22:12:17: [walkguard.amxx] no zone-file found
L 04/24/2017 - 22:24:22: [admincmd.amxx] Cmd: "Dr.FioriGinal.Ro ~ Server Clasi<0><><>" slay "dezene<346><VALVE_0:4:573662960><>"
L 04/24/2017 - 22:25:44: [admincmd.amxx] Cmd: "Dr.FioriGinal.Ro ~ Server Clasi<0><><>" slay "dezene<347><VALVE_0:4:573662960><>"
L 04/24/2017 - 22:28:16: [admincmd.amxx] Cmd: "Dr.FioriGinal.Ro ~ Server Clasi<0><><>" slay "dezene<354><VALVE_0:4:573662960><>"
L 04/24/2017 - 22:34:36: [admincmd.amxx] Cmd: "Dr.FioriGinal.Ro ~ Server Clasi<0><><>" slay "dezene<358><VALVE_0:4:573662960><>"
L 04/24/2017 - 22:35:23: [admincmd.amxx] Cmd: "Dr.FioriGinal.Ro ~ Server Clasi<0><><>" slay "dezene<359><VALVE_0:4:573662960><>"
L 04/24/2017 - 22:35:32: [admincmd.amxx] Cmd: "Dr.FioriGinal.Ro ~ Server Clasi<0><><>" slay "6/49<360><STEAM_0:0:907225113><>"
L 04/24/2017 - 22:36:57: [admincmd.amxx] Cmd: "Dr.FioriGinal.Ro ~ Server Clasi<0><><>" slay "|FTW|George<363><VALVE_0:4:1282985200><>"
L 04/24/2017 - 22:37:40: [admincmd.amxx] Cmd: "Dr.FioriGinal.Ro ~ Server Clasi<0><><>" slay "dezene<365><VALVE_0:4:573662960><>"
L 04/24/2017 - 22:41:44: [admincmd.amxx] Cmd: "Dr.FioriGinal.Ro ~ Server Clasi<0><><>" slay "KZ<367><STEAM_0:0:130124966><>"
L 04/24/2017 - 23:03:37: -------- Mapchange to deathrun_y_underground --------
L 04/24/2017 - 23:03:38: [AMXX] Failed to open dictionary file: cstrike/addons/amxmodx/data/lang/walkguard.txt
L 04/24/2017 - 23:03:39: [walkguard.amxx] no zone-file found
L 04/24/2017 - 23:19:23: [admin.amxx] Login: "NebunieX<377><STEAM_0:0:53596872><>" became an admin (account "Nebuniex") (access "bit") (address "82.137.46.125")
L 04/24/2017 - 23:19:26: [admin.amxx] Login: "NebunieX<378><STEAM_0:0:53596872><>" became an admin (account "Nebuniex") (access "bit") (address "82.137.46.125")
L 04/24/2017 - 23:19:45: [admin.amxx] Login: "NebunieX<379><STEAM_0:0:53596872><>" became an admin (account "Nebuniex") (access "bit") (address "82.137.46.125")
L 04/24/2017 - 23:19:52: [admincmd.amxx] Cmd: "Dr.FioriGinal.Ro ~ Server Clasi<0><><>" slay "NebunieX<379><STEAM_0:0:53596872><>"
L 04/24/2017 - 23:23:59: [slayafk.amxx] |BoostCstrike.c0m|-G@M3R 76 a primit slay, deoarece a fost afk mai mult de 30 secunde
L 04/24/2017 - 23:24:39: [slayafk.amxx] |BoostCstrike.c0m|-G@M3R 76 a primit slay, deoarece a fost afk mai mult de 30 secunde
L 04/24/2017 - 23:25:22: [admin.amxx] Login: "Scooby1^<384><VALVE_0:4:1589560042><>" became an admin (account "Scooby1^") (access "b") (address "109.103.33.20")
L 04/24/2017 - 23:26:03: [admincmd.amxx] Cmd: "Dr.FioriGinal.Ro ~ Server Clasi<0><><>" slay "COCO<385><STEAM_0:0:312001747><>"
L 04/24/2017 - 23:34:45: [admin.amxx] Login: "tiganu<387><STEAM_0:0:187978272><>" became an admin (account "tiganu") (access "b") (address "79.117.128.134")
L 04/24/2017 - 23:49:36: [admincmd.amxx] Cmd: "Dr.FioriGinal.Ro ~ Server Clasi<0><><>" slay "dNk|RyuuKo<396><VALVE_0:4:1546472567><>"
L 04/24/2017 - 23:51:21: [admin.amxx] Login: "tiganu<397><STEAM_0:0:187978272><>" became an admin (account "tiganu") (access "b") (address "79.117.128.134")
L 04/24/2017 - 23:55:11: [admin.amxx] Login: "tiganu<400><STEAM_0:0:187978272><>" became an admin (account "tiganu") (access "b") (address "79.117.128.134")
L 04/24/2017 - 23:56:37: [admin.amxx] Login: "Scooby1^<401><VALVE_0:4:1589560042><>" became an admin (account "Scooby1^") (access "b") (address "109.103.33.20")
