L 05/20/2017 - 00:04:26: -------- Mapchange to deathrun_0mega --------
L 05/20/2017 - 00:04:28: [AMXX] Failed to open dictionary file: cstrike/addons/amxmodx/data/lang/walkguard.txt
L 05/20/2017 - 00:04:29: [walkguard.amxx] no zone-file found
L 05/20/2017 - 00:47:34: -------- Mapchange to deathrun_discovery3 --------
L 05/20/2017 - 00:47:35: [AMXX] Failed to open dictionary file: cstrike/addons/amxmodx/data/lang/walkguard.txt
L 05/20/2017 - 00:47:36: [walkguard.amxx] no zone-file found
L 05/20/2017 - 01:56:44: -------- Mapchange to deathrun_adi_blurez --------
L 05/20/2017 - 01:56:45: [AMXX] Failed to open dictionary file: cstrike/addons/amxmodx/data/lang/walkguard.txt
L 05/20/2017 - 01:56:46: [walkguard.amxx] no zone-file found
L 05/20/2017 - 05:07:43: -------- Mapchange to deathrun_2h_estonia --------
L 05/20/2017 - 05:07:44: [AMXX] Failed to open dictionary file: cstrike/addons/amxmodx/data/lang/walkguard.txt
L 05/20/2017 - 05:07:45: [walkguard.amxx] no zone-file found
L 05/20/2017 - 07:37:04: -------- Mapchange to deathrun_y_underground --------
L 05/20/2017 - 07:37:05: [AMXX] Failed to open dictionary file: cstrike/addons/amxmodx/data/lang/walkguard.txt
L 05/20/2017 - 07:37:06: [walkguard.amxx] no zone-file found
L 05/20/2017 - 08:41:38: -------- Mapchange to deathrun_privateers --------
L 05/20/2017 - 08:41:39: [AMXX] Failed to open dictionary file: cstrike/addons/amxmodx/data/lang/walkguard.txt
L 05/20/2017 - 08:41:40: [walkguard.amxx] no zone-file found
L 05/20/2017 - 09:31:04: -------- Mapchange to deathrun_rizzy_x --------
L 05/20/2017 - 09:31:05: [AMXX] Failed to open dictionary file: cstrike/addons/amxmodx/data/lang/walkguard.txt
L 05/20/2017 - 09:31:06: [walkguard.amxx] no zone-file found
L 05/20/2017 - 09:41:32: [admin.amxx] Login: "cool<175><STEAM_0:1:25922700><>" became an admin (account "cool") (access "b") (address "5.14.110.87")
L 05/20/2017 - 09:43:20: [admin.amxx] Login: "cool<177><STEAM_0:1:25922700><>" became an admin (account "cool") (access "b") (address "5.14.110.87")
L 05/20/2017 - 09:43:26: [admincmd.amxx] Cmd: "Dr.FioriGinal.Ro ~ Server Clasi<0><><>" slay "cool<177><STEAM_0:1:25922700><>"
L 05/20/2017 - 10:02:46: [admin.amxx] Login: "cool<178><STEAM_0:1:25922700><>" became an admin (account "cool") (access "b") (address "5.14.110.87")
L 05/20/2017 - 10:03:36: [mapsmenu.amxx] Vote: "cool<178><STEAM_0:1:25922700><>" vote maps (map#1 "deathrun_heaven_v2") (map#2 "") (map#3 "") (map#4 "")
L 05/20/2017 - 10:03:48: [mapsmenu.amxx] Vote: Voting successful. Map will be changed to deathrun_heaven_v2
L 05/20/2017 - 10:07:55: -------- Mapchange to deathrun_heaven_v2 --------
L 05/20/2017 - 10:07:57: [AMXX] Failed to open dictionary file: cstrike/addons/amxmodx/data/lang/walkguard.txt
L 05/20/2017 - 10:07:58: [walkguard.amxx] no zone-file found
L 05/20/2017 - 10:08:29: [admin.amxx] Login: "cool<185><STEAM_0:1:25922700><>" became an admin (account "cool") (access "b") (address "5.14.110.87")
L 05/20/2017 - 10:17:32: [admin.amxx] Login: "cool<186><STEAM_0:1:25922700><>" became an admin (account "cool") (access "b") (address "5.14.110.87")
L 05/20/2017 - 10:34:28: [admin.amxx] Login: "cool<190><STEAM_0:1:25922700><>" became an admin (account "cool") (access "b") (address "5.14.110.87")
L 05/20/2017 - 10:34:41: -------- Mapchange to deathrun_sk_occult --------
L 05/20/2017 - 10:34:43: [AMXX] Failed to open dictionary file: cstrike/addons/amxmodx/data/lang/walkguard.txt
L 05/20/2017 - 10:34:44: [walkguard.amxx] no zone-file found
L 05/20/2017 - 10:38:19: [admin.amxx] Login: "cool<195><STEAM_0:1:25922700><>" became an admin (account "cool") (access "b") (address "5.14.110.87")
L 05/20/2017 - 10:44:20: [admin.amxx] Login: "cool<198><STEAM_0:1:25922700><>" became an admin (account "cool") (access "b") (address "5.14.110.87")
L 05/20/2017 - 10:44:26: [admincmd.amxx] Cmd: "Dr.FioriGinal.Ro ~ Server Clasi<0><><>" slay "cool<198><STEAM_0:1:25922700><>"
L 05/20/2017 - 11:03:49: [slayafk.amxx] SOLDAT a primit slay, deoarece a fost afk mai mult de 30 secunde
L 05/20/2017 - 11:05:32: [admincmd.amxx] Cmd: "Dr.FioriGinal.Ro ~ Server Clasi<0><><>" slay "ae.<211><VALVE_0:4:280283515><>"
L 05/20/2017 - 11:11:43: [admincmd.amxx] Cmd: "Dr.FioriGinal.Ro ~ Server Clasi<0><><>" slay "Ro.#iNdecEnT<213><STEAM_0:0:58082199><>"
L 05/20/2017 - 11:22:26: [admincmd.amxx] Cmd: "Dr.FioriGinal.Ro ~ Server Clasi<0><><>" slay "Hyena<218><VALVE_0:4:429258718><>"
L 05/20/2017 - 11:37:04: [admincmd.amxx] Cmd: "Dr.FioriGinal.Ro ~ Server Clasi<0><><>" slay "rAiNBoW<225><VALVE_0:4:184578565><>"
L 05/20/2017 - 11:37:52: [admincmd.amxx] Cmd: "Dr.FioriGinal.Ro ~ Server Clasi<0><><>" slay "rAiNBoW<227><VALVE_0:4:184578565><>"
L 05/20/2017 - 11:53:25: [admin.amxx] Login: "cool<240><STEAM_0:1:25922700><>" became an admin (account "cool") (access "b") (address "5.14.110.87")
L 05/20/2017 - 12:03:44: [slayafk.amxx] f0rest a primit slay, deoarece a fost afk mai mult de 30 secunde
L 05/20/2017 - 12:08:08: -------- Mapchange to deathrun_jigsaw2 --------
L 05/20/2017 - 12:08:10: [AMXX] Failed to open dictionary file: cstrike/addons/amxmodx/data/lang/walkguard.txt
L 05/20/2017 - 12:08:11: [walkguard.amxx] no zone-file found
L 05/20/2017 - 12:29:24: [admin.amxx] Login: "cool<269><STEAM_0:1:25922700><>" became an admin (account "cool") (access "b") (address "5.14.110.87")
L 05/20/2017 - 12:56:48: -------- Mapchange to deathrun_christmas --------
L 05/20/2017 - 12:56:49: [AMXX] Failed to open dictionary file: cstrike/addons/amxmodx/data/lang/walkguard.txt
L 05/20/2017 - 12:56:50: [walkguard.amxx] no zone-file found
L 05/20/2017 - 12:57:49: [admincmd.amxx] Cmd: "Dr.FioriGinal.Ro ~ Server Clasi<0><><>" slay "[mr] isam ghaith<288><STEAM_0:0:997819823><>"
L 05/20/2017 - 13:26:25: [admin.amxx] Login: "OreD<301><VALVE_0:4:1997207262><>" became an admin (account "OreD") (access "b") (address "5.15.73.71")
L 05/20/2017 - 13:26:27: [admin.amxx] Login: "OreD<302><VALVE_0:4:1997207262><>" became an admin (account "OreD") (access "b") (address "5.15.73.71")
L 05/20/2017 - 13:52:41: [admincmd.amxx] Cmd: "Dr.FioriGinal.Ro ~ Server Clasi<0><><>" slay "urs<313><VALVE_0:4:93571579><>"
L 05/20/2017 - 13:52:55: [slayafk.amxx] kSt # StreeTRage a primit slay, deoarece a fost afk mai mult de 30 secunde
L 05/20/2017 - 13:53:07: [admin.amxx] Login: "FAKE ^^<314><STEAM_0:0:272564954><>" became an admin (account "FAKE ^^") (access "bit") (address "95.76.1.4")
L 05/20/2017 - 14:02:00: [slayafk.amxx] FAKE ^^ a primit slay, deoarece a fost afk mai mult de 30 secunde
L 05/20/2017 - 14:03:50: [admincmd.amxx] Cmd: "Dr.FioriGinal.Ro ~ Server Clasi<0><><>" slay ".ryder.<326><VALVE_0:4:93571579><>"
L 05/20/2017 - 14:08:17: [admincmd.amxx] Cmd: "Dr.FioriGinal.Ro ~ Server Clasi<0><><>" slay ".ryder.<328><VALVE_0:4:93571579><>"
L 05/20/2017 - 14:08:38: [admincmd.amxx] Cmd: "Dr.FioriGinal.Ro ~ Server Clasi<0><><>" slay ".ryder.<331><VALVE_0:4:93571579><>"
L 05/20/2017 - 14:11:07: [admincmd.amxx] Cmd: "Dr.FioriGinal.Ro ~ Server Clasi<0><><>" slay ".ryder.<334><VALVE_0:4:93571579><>"
L 05/20/2017 - 14:11:17: [admincmd.amxx] Cmd: "Dr.FioriGinal.Ro ~ Server Clasi<0><><>" slay ".ryder.<335><VALVE_0:4:93571579><>"
L 05/20/2017 - 14:12:44: [admin.amxx] Login: "wkN<335><VALVE_0:4:93571579><>" kicked due to invalid password (account "wKn") (address "79.113.123.162")
L 05/20/2017 - 14:13:38: [admincmd.amxx] Cmd: "Dr.FioriGinal.Ro ~ Server Clasi<0><><>" slay "FLVXSOW;[<338><VALVE_0:4:93571579><>"
L 05/20/2017 - 14:15:05: [admincmd.amxx] Cmd: "Dr.FioriGinal.Ro ~ Server Clasi<0><><>" slay "FLVXSOW;[<340><VALVE_0:4:93571579><>"
L 05/20/2017 - 14:34:05: [slayafk.amxx] Vladut2 a primit slay, deoarece a fost afk mai mult de 30 secunde
L 05/20/2017 - 14:50:18: [admincmd.amxx] Cmd: "Dr.FioriGinal.Ro ~ Server Clasi<0><><>" slay "Clabucel1<367><STEAM_0:0:881503494><>"
L 05/20/2017 - 14:53:37: [admincmd.amxx] Cmd: "Dr.FioriGinal.Ro ~ Server Clasi<0><><>" slay "mwheeldown.KeBu^<368><STEAM_0:0:1430659934><>"
L 05/20/2017 - 14:53:40: -------- Mapchange to deathrun_jinglebells2 --------
L 05/20/2017 - 14:53:42: [AMXX] Failed to open dictionary file: cstrike/addons/amxmodx/data/lang/walkguard.txt
L 05/20/2017 - 14:53:43: [walkguard.amxx] no zone-file found
L 05/20/2017 - 14:54:00: [admincmd.amxx] Cmd: "Dr.FioriGinal.Ro ~ Server Clasi<0><><>" slay "mwheeldown.KeBu^<374><STEAM_0:0:1430659934><>"
L 05/20/2017 - 15:08:12: [slayafk.amxx] Vandame a primit slay, deoarece a fost afk mai mult de 30 secunde
L 05/20/2017 - 15:33:52: [slayafk.amxx] ashd a primit slay, deoarece a fost afk mai mult de 30 secunde
L 05/20/2017 - 15:37:12: -------- Mapchange to deathrun_gb_winter_final4 --------
L 05/20/2017 - 15:37:13: [AMXX] Failed to open dictionary file: cstrike/addons/amxmodx/data/lang/walkguard.txt
L 05/20/2017 - 15:37:15: [walkguard.amxx] no zone-file found
L 05/20/2017 - 15:42:26: [admincmd.amxx] Cmd: "Dr.FioriGinal.Ro ~ Server Clasi<0><><>" slay "Ro.# iNdecEnT<415><STEAM_0:0:58082199><>"
L 05/20/2017 - 15:58:04: [admincmd.amxx] Cmd: "Dr.FioriGinal.Ro ~ Server Clasi<0><><>" slay "BaiatuAla<425><STEAM_0:0:1381428817><>"
L 05/20/2017 - 16:29:36: [admincmd.amxx] Cmd: "Dr.FioriGinal.Ro ~ Server Clasi<0><><>" slay "gF.lL[u]ck<436><STEAM_0:0:1322934216><>"
L 05/20/2017 - 16:32:12: -------- Mapchange to deathrun_expres-winter --------
L 05/20/2017 - 16:32:14: [AMXX] Failed to open dictionary file: cstrike/addons/amxmodx/data/lang/walkguard.txt
L 05/20/2017 - 16:32:15: [walkguard.amxx] no zone-file found
L 05/20/2017 - 16:43:50: [slayafk.amxx] Renjilian a primit slay, deoarece a fost afk mai mult de 30 secunde
L 05/20/2017 - 16:58:12: -------- Mapchange to deathrun_alleywinter --------
L 05/20/2017 - 16:58:14: [AMXX] Failed to open dictionary file: cstrike/addons/amxmodx/data/lang/walkguard.txt
L 05/20/2017 - 16:58:15: [walkguard.amxx] no zone-file found
L 05/20/2017 - 17:23:37: -------- Mapchange to deathrun_trenal_lux --------
L 05/20/2017 - 17:23:38: [AMXX] Failed to open dictionary file: cstrike/addons/amxmodx/data/lang/walkguard.txt
L 05/20/2017 - 17:23:40: [walkguard.amxx] no zone-file found
L 05/20/2017 - 17:33:49: [slayafk.amxx] Hava a primit slay, deoarece a fost afk mai mult de 30 secunde
L 05/20/2017 - 17:39:10: [admincmd.amxx] Cmd: "Dr.FioriGinal.Ro ~ Server Clasi<0><><>" slay "pNp #  Fetita ZuRLI Heroina<470><STEAM_0:0:850707346><>"
L 05/20/2017 - 17:40:27: [admincmd.amxx] Cmd: "Dr.FioriGinal.Ro ~ Server Clasi<0><><>" slay "pNp #  Fetita ZuRLI Heroina<471><STEAM_0:0:850707346><>"
L 05/20/2017 - 17:40:28: [admincmd.amxx] Cmd: "Dr.FioriGinal.Ro ~ Server Clasi<0><><>" slay "No Swear<472><STEAM_0:0:1458280192><>"
L 05/20/2017 - 17:46:39: [admincmd.amxx] Cmd: "Dr.FioriGinal.Ro ~ Server Clasi<0><><>" slay "KPACAB4NK<479><STEAM_0:0:604302831><>"
L 05/20/2017 - 17:57:19: [slayafk.amxx] KPACAB4NK a primit slay, deoarece a fost afk mai mult de 30 secunde
L 05/20/2017 - 18:00:42: [admincmd.amxx] Cmd: "Dr.FioriGinal.Ro ~ Server Clasi<0><><>" slay "EfFeC7<487><VALVE_0:4:1973702135><>"
L 05/20/2017 - 18:00:53: [admincmd.amxx] Cmd: "Dr.FioriGinal.Ro ~ Server Clasi<0><><>" slay "Vladut2<489><STEAM_0:0:1735517759><>"
L 05/20/2017 - 18:05:28: [admincmd.amxx] Cmd: "Dr.FioriGinal.Ro ~ Server Clasi<0><><>" slay "Vladut2<492><STEAM_0:0:1735517759><>"
L 05/20/2017 - 18:05:36: [admincmd.amxx] Cmd: "Dr.FioriGinal.Ro ~ Server Clasi<0><><>" slay "EfFeC7<494><VALVE_0:4:1973702135><>"
L 05/20/2017 - 18:05:51: [admincmd.amxx] Cmd: "Dr.FioriGinal.Ro ~ Server Clasi<0><><>" slay "EfFeC7<495><VALVE_0:4:1973702135><>"
L 05/20/2017 - 18:06:22: [admincmd.amxx] Cmd: "Dr.FioriGinal.Ro ~ Server Clasi<0><><>" slay "sf<496><STEAM_0:0:1522747117><>"
L 05/20/2017 - 18:10:44: [slayafk.amxx] Cap a primit slay, deoarece a fost afk mai mult de 30 secunde
L 05/20/2017 - 18:25:59: [admin.amxx] Login: "ips<502><VALVE_0:4:2035057469><>" kicked due to invalid password (account "ips") (address "195.228.197.91")
L 05/20/2017 - 18:30:44: -------- Mapchange to deathrun_greyskull --------
L 05/20/2017 - 18:30:45: [AMXX] Failed to open dictionary file: cstrike/addons/amxmodx/data/lang/walkguard.txt
L 05/20/2017 - 18:30:46: [walkguard.amxx] no zone-file found
L 05/20/2017 - 18:35:39: [admincmd.amxx] Cmd: "Dr.FioriGinal.Ro ~ Server Clasi<0><><>" slay "Darren<509><VALVE_0:4:2035057469><>"
L 05/20/2017 - 18:37:51: [admincmd.amxx] Cmd: "Dr.FioriGinal.Ro ~ Server Clasi<0><><>" slay "Darren<511><VALVE_0:4:2035057469><>"
L 05/20/2017 - 18:43:56: [admincmd.amxx] Cmd: "Dr.FioriGinal.Ro ~ Server Clasi<0><><>" slay "Darren<514><VALVE_0:4:2035057469><>"
L 05/20/2017 - 18:56:23: [slayafk.amxx] Hava a primit slay, deoarece a fost afk mai mult de 30 secunde
L 05/20/2017 - 18:56:43: [slayafk.amxx] Elena. a primit slay, deoarece a fost afk mai mult de 30 secunde
L 05/20/2017 - 18:58:53: [slayafk.amxx] YuMMy a primit slay, deoarece a fost afk mai mult de 30 secunde
L 05/20/2017 - 19:11:33: [slayafk.amxx] arNy a primit slay, deoarece a fost afk mai mult de 30 secunde
L 05/20/2017 - 19:27:52: -------- Mapchange to deathrun_stronghold_beta1 --------
L 05/20/2017 - 19:27:53: [AMXX] Failed to open dictionary file: cstrike/addons/amxmodx/data/lang/walkguard.txt
L 05/20/2017 - 19:27:54: [walkguard.amxx] no zone-file found
L 05/20/2017 - 19:59:17: [admincmd.amxx] Cmd: "Dr.FioriGinal.Ro ~ Server Clasi<0><><>" slay "dNk|RyuuKo<556><VALVE_0:4:741166199><>"
L 05/20/2017 - 19:59:25: [admincmd.amxx] Cmd: "Dr.FioriGinal.Ro ~ Server Clasi<0><><>" slay "fear.<557><STEAM_0:0:1803854523><>"
L 05/20/2017 - 20:09:00: [admincmd.amxx] Cmd: "Dr.FioriGinal.Ro ~ Server Clasi<0><><>" slay "dNk|RyuuKo<562><VALVE_0:4:741166199><>"
L 05/20/2017 - 20:16:27: -------- Mapchange to deathrun_aztecan_beta1 --------
L 05/20/2017 - 20:16:29: [AMXX] Failed to open dictionary file: cstrike/addons/amxmodx/data/lang/walkguard.txt
L 05/20/2017 - 20:16:30: [walkguard.amxx] no zone-file found
L 05/20/2017 - 20:24:34: [slayafk.amxx] A.$.A.P ` Benny. a primit slay, deoarece a fost afk mai mult de 30 secunde
L 05/20/2017 - 20:28:47: [admincmd.amxx] Cmd: "Dr.FioriGinal.Ro ~ Server Clasi<0><><>" slay "A.$.A.P ` Benny.<575><VALVE_0:4:1412778363><>"
L 05/20/2017 - 20:29:14: [slayafk.amxx] A.$.A.P ` Benny. a primit slay, deoarece a fost afk mai mult de 30 secunde
L 05/20/2017 - 20:29:54: [slayafk.amxx] A.$.A.P ` Benny. a primit slay, deoarece a fost afk mai mult de 30 secunde
L 05/20/2017 - 20:30:34: [slayafk.amxx] A.$.A.P ` Benny. a primit slay, deoarece a fost afk mai mult de 30 secunde
L 05/20/2017 - 20:31:14: [slayafk.amxx] A.$.A.P ` Benny. a primit slay, deoarece a fost afk mai mult de 30 secunde
L 05/20/2017 - 20:31:54: [slayafk.amxx] A.$.A.P ` Benny. a primit slay, deoarece a fost afk mai mult de 30 secunde
L 05/20/2017 - 20:34:24: [slayafk.amxx] A.$.A.P ` Benny. a primit slay, deoarece a fost afk mai mult de 30 secunde
L 05/20/2017 - 20:37:44: [slayafk.amxx] A.$.A.P ` Benny. a primit slay, deoarece a fost afk mai mult de 30 secunde
L 05/20/2017 - 20:39:09: [slayafk.amxx] A.$.A.P ` Benny. a primit slay, deoarece a fost afk mai mult de 30 secunde
L 05/20/2017 - 20:47:49: [slayafk.amxx] A.$.A.P ` Benny. a primit slay, deoarece a fost afk mai mult de 30 secunde
L 05/20/2017 - 21:01:05: [admincmd.amxx] Cmd: "Dr.FioriGinal.Ro ~ Server Clasi<0><><>" slay "A.$.A.P ` Benny.<598><VALVE_0:4:1412778363><>"
L 05/20/2017 - 21:01:48: -------- Mapchange to deathrun_pyramid --------
L 05/20/2017 - 21:01:49: [AMXX] Failed to open dictionary file: cstrike/addons/amxmodx/data/lang/walkguard.txt
L 05/20/2017 - 21:01:50: [walkguard.amxx] no zone-file found
L 05/20/2017 - 21:05:20: [admincmd.amxx] Cmd: "Dr.FioriGinal.Ro ~ Server Clasi<0><><>" slay "A.$.A.P ` Benny.<608><VALVE_0:4:1412778363><>"
L 05/20/2017 - 21:08:42: [admin.amxx] Login: "Neo.#<610><VALVE_0:4:84211422><>" kicked due to invalid password (account "Neo.#") (address "5.15.85.163")
L 05/20/2017 - 21:10:24: [admin.amxx] Login: "Neo.#<611><VALVE_0:4:84211422><>" kicked due to invalid password (account "Neo.#") (address "5.15.85.163")
L 05/20/2017 - 21:30:34: -------- Mapchange to deathrun_standup --------
L 05/20/2017 - 21:30:36: [AMXX] Failed to open dictionary file: cstrike/addons/amxmodx/data/lang/walkguard.txt
L 05/20/2017 - 21:30:37: [walkguard.amxx] no zone-file found
L 05/20/2017 - 22:04:50: -------- Mapchange to deathrun_sentinel --------
L 05/20/2017 - 22:05:01: -------- Mapchange to deathrun_forest --------
L 05/20/2017 - 22:05:09: [AMXX] Failed to open dictionary file: cstrike/addons/amxmodx/data/lang/walkguard.txt
L 05/20/2017 - 22:05:12: [walkguard.amxx] no zone-file found
L 05/20/2017 - 22:05:21: Invalid multi-lingual line (file "cstrike/addons/amxmodx/data/lang/rom_protect.txt" key "// *ROM-Protect// Plugin OpenSource anti-IsFlooding/bug-fix pentru orice server." lang "")
L 05/20/2017 - 22:05:21: Invalid multi-lingual line (file "cstrike/addons/amxmodx/data/lang/rom_protect.txt" key "// Versiunea : 1.0.4s-dev. Bulid : 98. Data lansarii versiunii : 03.12.2016." lang "")
L 05/20/2017 - 22:05:21: Invalid multi-lingual line (file "cstrike/addons/amxmodx/data/lang/rom_protect.txt" key "// Autor : lüxor # Dr.Fio & DR2.IND (+ eNd.) - SteamID (contact) : luxxxoor" lang "")
L 05/20/2017 - 22:05:21: Invalid multi-lingual line (file "cstrike/addons/amxmodx/data/lang/rom_protect.txt" key "// O productie FioriGinal.ro - site : www.fioriginal.ro" lang "")
L 05/20/2017 - 22:05:21: Invalid multi-lingual line (file "cstrike/addons/amxmodx/data/lang/rom_protect.txt" key "// Link forum de dezvoltare : http://forum.fioriginal.ro/amxmodx-plugins-pluginuri/rom-protect-anti-flood-bug-fix-t28292.html" lang "")
L 05/20/2017 - 22:05:21: Invalid multi-lingual line (file "cstrike/addons/amxmodx/data/lang/rom_protect.txt" key "// Link sursa : https://github.com/luxxxoor/ROM-Protect" lang "")
L 05/20/2017 - 22:05:21: Invalid multi-lingual line (file "cstrike/addons/amxmodx/data/lang/rom_protect.txt" key "// Colori : ^1 - Culoarea aleasa de jucator cu con_color." lang "")
L 05/20/2017 - 22:05:21: Invalid multi-lingual line (file "cstrike/addons/amxmodx/data/lang/rom_protect.txt" key "//          ^3 - Culoare gri." lang "")
L 05/20/2017 - 22:05:21: Invalid multi-lingual line (file "cstrike/addons/amxmodx/data/lang/rom_protect.txt" key "//          ^4 - Culoare verde." lang "")
L 05/20/2017 - 22:31:57: -------- Mapchange to deathrun_jinglebells --------
L 05/20/2017 - 22:31:58: [AMXX] Failed to open dictionary file: cstrike/addons/amxmodx/data/lang/walkguard.txt
L 05/20/2017 - 22:31:59: [walkguard.amxx] no zone-file found
L 05/20/2017 - 22:41:55: [admincmd.amxx] Cmd: "Dr.FioriGinal.Ro ~ Server Clasi<0><><>" slay "Smk-eDY<14><VALVE_0:4:1567979102><>"
L 05/20/2017 - 22:59:10: -------- Mapchange to deathrun_long_run --------
L 05/20/2017 - 22:59:11: [AMXX] Failed to open dictionary file: cstrike/addons/amxmodx/data/lang/walkguard.txt
L 05/20/2017 - 22:59:12: [walkguard.amxx] no zone-file found
L 05/20/2017 - 23:10:36: [admincmd.amxx] Cmd: "Dr.FioriGinal.Ro ~ Server Clasi<0><><>" slay "mwheeldown.KeBu^<20><STEAM_0:0:1430659934><>"
L 05/20/2017 - 23:40:37: -------- Mapchange to deathrun_virtualstrike --------
L 05/20/2017 - 23:40:38: [AMXX] Failed to open dictionary file: cstrike/addons/amxmodx/data/lang/walkguard.txt
L 05/20/2017 - 23:40:39: [walkguard.amxx] no zone-file found
