L 03/23/2017 - 00:28:24: -------- Mapchange to deathrun_purplez_v2_b3 --------
L 03/23/2017 - 00:28:25: [AMXX] Failed to open dictionary file: cstrike/addons/amxmodx/data/lang/walkguard.txt
L 03/23/2017 - 00:28:26: [walkguard.amxx] no zone-file found
L 03/23/2017 - 00:53:55: -------- Mapchange to deathrun_shit_v2 --------
L 03/23/2017 - 00:53:57: [AMXX] Failed to open dictionary file: cstrike/addons/amxmodx/data/lang/walkguard.txt
L 03/23/2017 - 00:53:57: [walkguard.amxx] no zone-file found
L 03/23/2017 - 01:50:30: -------- Mapchange to deathrun_kings_never_die --------
L 03/23/2017 - 01:50:32: [AMXX] Failed to open dictionary file: cstrike/addons/amxmodx/data/lang/walkguard.txt
L 03/23/2017 - 01:50:33: [walkguard.amxx] no zone-file found
L 03/23/2017 - 03:21:36: -------- Mapchange to deathrun_inferno_beta1 --------
L 03/23/2017 - 03:21:37: [AMXX] Failed to open dictionary file: cstrike/addons/amxmodx/data/lang/walkguard.txt
L 03/23/2017 - 03:21:38: [walkguard.amxx] no zone-file found
L 03/23/2017 - 05:28:57: -------- Mapchange to deathrun_coolf4 --------
L 03/23/2017 - 05:28:58: [AMXX] Failed to open dictionary file: cstrike/addons/amxmodx/data/lang/walkguard.txt
L 03/23/2017 - 05:28:59: [walkguard.amxx] no zone-file found
L 03/23/2017 - 06:29:09: -------- Mapchange to deathrun_demolish --------
L 03/23/2017 - 06:29:11: [AMXX] Failed to open dictionary file: cstrike/addons/amxmodx/data/lang/walkguard.txt
L 03/23/2017 - 06:29:11: [walkguard.amxx] no zone-file found
L 03/23/2017 - 07:17:01: -------- Mapchange to deathrun_y_snow_wind_v3 --------
L 03/23/2017 - 07:17:02: [AMXX] Failed to open dictionary file: cstrike/addons/amxmodx/data/lang/walkguard.txt
L 03/23/2017 - 07:17:03: [walkguard.amxx] no zone-file found
L 03/23/2017 - 07:30:47: [admincmd.amxx] Cmd: "Dr.FioriGinal.Ro ~ Server Clasi<0><><>" slay "Alex.<155><STEAM_0:1:101181073><>"
L 03/23/2017 - 07:34:16: [admincmd.amxx] Cmd: "Dr.FioriGinal.Ro ~ Server Clasi<0><><>" slay "Alex.<158><STEAM_0:1:101181073><>"
L 03/23/2017 - 07:41:35: [admin.amxx] Login: "irregular<158><STEAM_0:1:101181073><>" became an admin (account "Irregular") (access "bi") (address "79.119.237.113")
L 03/23/2017 - 07:44:03: [slayafk.amxx] Alex. a primit slay, deoarece a fost afk mai mult de 30 secunde
L 03/23/2017 - 07:45:21: [admin.amxx] Login: "irregular<158><STEAM_0:1:101181073><>" became an admin (account "Irregular") (access "bi") (address "79.119.237.113")
L 03/23/2017 - 08:02:50: -------- Mapchange to deathrun_adelina --------
L 03/23/2017 - 08:02:52: [AMXX] Failed to open dictionary file: cstrike/addons/amxmodx/data/lang/walkguard.txt
L 03/23/2017 - 08:02:52: [walkguard.amxx] no zone-file found
L 03/23/2017 - 08:31:44: -------- Mapchange to deathrun_scooby-doo --------
L 03/23/2017 - 08:31:45: [AMXX] Failed to open dictionary file: cstrike/addons/amxmodx/data/lang/walkguard.txt
L 03/23/2017 - 08:31:46: [walkguard.amxx] no zone-file found
L 03/23/2017 - 08:58:37: -------- Mapchange to deathrun_laikiux_dev --------
L 03/23/2017 - 08:58:39: [AMXX] Failed to open dictionary file: cstrike/addons/amxmodx/data/lang/walkguard.txt
L 03/23/2017 - 08:58:39: [walkguard.amxx] no zone-file found
L 03/23/2017 - 09:06:09: [admincmd.amxx] Cmd: "Dr.FioriGinal.Ro ~ Server Clasi<0><><>" slay "El~S3bA |# A.C.A.B<180><STEAM_0:0:62295258><>"
L 03/23/2017 - 09:42:49: [admin.amxx] Login: "cool<186><STEAM_0:1:25922700><>" became an admin (account "cool") (access "bi") (address "5.14.99.188")
L 03/23/2017 - 09:42:52: [admin.amxx] Login: "cool<187><STEAM_0:1:25922700><>" became an admin (account "cool") (access "bi") (address "5.14.99.188")
L 03/23/2017 - 10:09:34: -------- Mapchange to deathrun_winterfg_lux --------
L 03/23/2017 - 10:09:35: [AMXX] Failed to open dictionary file: cstrike/addons/amxmodx/data/lang/walkguard.txt
L 03/23/2017 - 10:09:36: [walkguard.amxx] no zone-file found
L 03/23/2017 - 10:54:49: -------- Mapchange to deathrun_bricks_lux --------
L 03/23/2017 - 10:54:50: [AMXX] Failed to open dictionary file: cstrike/addons/amxmodx/data/lang/walkguard.txt
L 03/23/2017 - 10:54:51: [walkguard.amxx] no zone-file found
L 03/23/2017 - 11:22:52: -------- Mapchange to deathrun_standup2 --------
L 03/23/2017 - 11:22:53: [AMXX] Failed to open dictionary file: cstrike/addons/amxmodx/data/lang/walkguard.txt
L 03/23/2017 - 11:22:54: [walkguard.amxx] no zone-file found
L 03/23/2017 - 11:27:52: [admin.amxx] Login: "wadafac!<220><VALVE_0:4:1200671611><>" became an admin (account "wadafac!") (access "bi") (address "79.116.125.38")
L 03/23/2017 - 11:46:08: [admin.amxx] Login: "cool<222><STEAM_0:1:25922700><>" became an admin (account "cool") (access "bi") (address "5.14.99.188")
L 03/23/2017 - 11:46:10: [admin.amxx] Login: "cool<223><STEAM_0:1:25922700><>" became an admin (account "cool") (access "bi") (address "5.14.99.188")
L 03/23/2017 - 12:21:29: -------- Mapchange to deathrun_xstrafers --------
L 03/23/2017 - 12:21:31: [AMXX] Failed to open dictionary file: cstrike/addons/amxmodx/data/lang/walkguard.txt
L 03/23/2017 - 12:21:32: [walkguard.amxx] no zone-file found
L 03/23/2017 - 12:22:17: [admin.amxx] Login: "wadafac!<235><VALVE_0:4:1200671611><>" became an admin (account "wadafac!") (access "bi") (address "79.116.125.38")
L 03/23/2017 - 13:07:29: -------- Mapchange to deathrun_holiday --------
L 03/23/2017 - 13:07:30: [AMXX] Failed to open dictionary file: cstrike/addons/amxmodx/data/lang/walkguard.txt
L 03/23/2017 - 13:07:31: [walkguard.amxx] no zone-file found
L 03/23/2017 - 13:08:41: [slayafk.amxx] XxX_PAPAIIIA_XxX a primit slay, deoarece a fost afk mai mult de 30 secunde
L 03/23/2017 - 13:09:46: [slayafk.amxx] (1)XxX_PAPAIIIA_XxX a primit slay, deoarece a fost afk mai mult de 30 secunde
L 03/23/2017 - 13:32:57: -------- Mapchange to deathrun_purplez --------
L 03/23/2017 - 13:32:59: [AMXX] Failed to open dictionary file: cstrike/addons/amxmodx/data/lang/walkguard.txt
L 03/23/2017 - 13:33:00: [walkguard.amxx] no zone-file found
L 03/23/2017 - 14:13:00: [admincmd.amxx] Cmd: "Dr.FioriGinal.Ro ~ Server Clasi<0><><>" slay "tiganu<274><STEAM_0:0:187978272><>"
L 03/23/2017 - 14:21:50: [admincmd.amxx] Cmd: "Dr.FioriGinal.Ro ~ Server Clasi<0><><>" slay "5446<281><STEAM_0:0:1705028955><>"
L 03/23/2017 - 14:27:15: [admincmd.amxx] Cmd: "Dr.FioriGinal.Ro ~ Server Clasi<0><><>" slay "5446<284><STEAM_0:0:1705028955><>"
L 03/23/2017 - 14:34:09: [slayafk.amxx] TAMADA a primit slay, deoarece a fost afk mai mult de 30 secunde
L 03/23/2017 - 14:34:13: [admin.amxx] Login: "SWAGGIE. XD<297><VALVE_0:4:862961770><>" became an admin (account "SWAGGIE. XD") (access "bi") (address "109.98.131.207")
L 03/23/2017 - 14:34:23: [admin.amxx] Login: "SWAGGIE. XD<298><VALVE_0:4:862961770><>" became an admin (account "SWAGGIE. XD") (access "bi") (address "109.98.131.207")
L 03/23/2017 - 14:34:28: [admin.amxx] Login: "SWAGGIE. XD<299><VALVE_0:4:862961770><>" became an admin (account "SWAGGIE. XD") (access "bi") (address "109.98.131.207")
L 03/23/2017 - 14:34:34: [admin.amxx] Login: "SWAGGIE. XD<300><VALVE_0:4:862961770><>" became an admin (account "SWAGGIE. XD") (access "bi") (address "109.98.131.207")
L 03/23/2017 - 14:34:38: [admin.amxx] Login: "SWAGGIE. XD<301><VALVE_0:4:862961770><>" became an admin (account "SWAGGIE. XD") (access "bi") (address "109.98.131.207")
L 03/23/2017 - 14:35:01: [admin.amxx] Login: "SWAGGIE. XD<302><VALVE_0:4:862961770><>" became an admin (account "SWAGGIE. XD") (access "bi") (address "109.98.131.207")
L 03/23/2017 - 14:37:15: [admincmd.amxx] Cmd: "Dr.FioriGinal.Ro ~ Server Clasi<0><><>" slay "ips darkside<306><VALVE_0:4:2069842555><>"
L 03/23/2017 - 14:38:59: [slayafk.amxx] Melkrom a primit slay, deoarece a fost afk mai mult de 30 secunde
L 03/23/2017 - 14:40:09: [slayafk.amxx] Melkrom a primit slay, deoarece a fost afk mai mult de 30 secunde
L 03/23/2017 - 14:41:19: [slayafk.amxx] Melkrom a primit slay, deoarece a fost afk mai mult de 30 secunde
L 03/23/2017 - 14:43:49: [slayafk.amxx] Melkrom a primit slay, deoarece a fost afk mai mult de 30 secunde
L 03/23/2017 - 14:44:54: [slayafk.amxx] Melkrom a primit slay, deoarece a fost afk mai mult de 30 secunde
L 03/23/2017 - 14:51:14: [admincmd.amxx] Cmd: "Dr.FioriGinal.Ro ~ Server Clasi<0><><>" slay "Alexa<312><STEAM_0:1:84045719><>"
L 03/23/2017 - 14:53:23: [admin.amxx] Login: "wadafac!<313><VALVE_0:4:1200671611><>" became an admin (account "wadafac!") (access "bi") (address "79.116.125.38")
L 03/23/2017 - 14:55:39: [admin.amxx] Login: "wadafac!<316><VALVE_0:4:1200671611><>" became an admin (account "wadafac!") (access "bi") (address "79.116.125.38")
L 03/23/2017 - 14:55:39: [slayafk.amxx] Melkrom a primit slay, deoarece a fost afk mai mult de 30 secunde
L 03/23/2017 - 14:55:45: [admincmd.amxx] Cmd: "Dr.FioriGinal.Ro ~ Server Clasi<0><><>" slay "wadafac!<316><VALVE_0:4:1200671611><>"
L 03/23/2017 - 14:56:14: [slayafk.amxx] Melkrom a primit slay, deoarece a fost afk mai mult de 30 secunde
L 03/23/2017 - 14:57:53: [admin.amxx] Login: "wadafac!<319><VALVE_0:4:1200671611><>" became an admin (account "wadafac!") (access "bi") (address "79.116.125.38")
L 03/23/2017 - 14:57:58: [admin.amxx] Login: "wadafac!<321><VALVE_0:4:1200671611><>" became an admin (account "wadafac!") (access "bi") (address "79.116.125.38")
L 03/23/2017 - 14:58:01: [admin.amxx] Login: "wadafac!<322><VALVE_0:4:1200671611><>" became an admin (account "wadafac!") (access "bi") (address "79.116.125.38")
L 03/23/2017 - 14:58:05: [admin.amxx] Login: "wadafac!<323><VALVE_0:4:1200671611><>" became an admin (account "wadafac!") (access "bi") (address "79.116.125.38")
L 03/23/2017 - 14:58:10: [admin.amxx] Login: "wadafac!<324><VALVE_0:4:1200671611><>" became an admin (account "wadafac!") (access "bi") (address "79.116.125.38")
L 03/23/2017 - 14:59:09: [slayafk.amxx] Melkrom a primit slay, deoarece a fost afk mai mult de 30 secunde
L 03/23/2017 - 14:59:49: [slayafk.amxx] Melkrom a primit slay, deoarece a fost afk mai mult de 30 secunde
L 03/23/2017 - 15:00:30: [slayafk.amxx] Melkrom a primit slay, deoarece a fost afk mai mult de 30 secunde
L 03/23/2017 - 15:01:35: [admin.amxx] Login: "SWAGGIE. XD<330><VALVE_0:4:862961770><>" became an admin (account "SWAGGIE. XD") (access "bi") (address "109.98.131.207")
L 03/23/2017 - 15:01:50: [slayafk.amxx] DoZe a primit slay, deoarece a fost afk mai mult de 30 secunde
L 03/23/2017 - 15:01:55: [slayafk.amxx] Melkrom a primit slay, deoarece a fost afk mai mult de 30 secunde
L 03/23/2017 - 15:02:44: -------- Mapchange to deathrun_holiday --------
L 03/23/2017 - 15:02:45: [AMXX] Failed to open dictionary file: cstrike/addons/amxmodx/data/lang/walkguard.txt
L 03/23/2017 - 15:02:46: [walkguard.amxx] no zone-file found
L 03/23/2017 - 15:02:46: [admin.amxx] Login: "SWAGGIE. XD<330><VALVE_0:4:862961770><>" became an admin (account "SWAGGIE. XD") (access "bi") (address "109.98.131.207")
L 03/23/2017 - 15:03:36: [slayafk.amxx] Melkrom a primit slay, deoarece a fost afk mai mult de 30 secunde
L 03/23/2017 - 15:03:41: [slayafk.amxx] SWAGGIE. XD a primit slay, deoarece a fost afk mai mult de 30 secunde
L 03/23/2017 - 15:05:01: [slayafk.amxx] DoZe a primit slay, deoarece a fost afk mai mult de 30 secunde
L 03/23/2017 - 15:05:16: [slayafk.amxx] Melkrom a primit slay, deoarece a fost afk mai mult de 30 secunde
L 03/23/2017 - 15:05:36: [slayafk.amxx] DoZe a primit slay, deoarece a fost afk mai mult de 30 secunde
L 03/23/2017 - 15:06:21: [slayafk.amxx] SWAGGIE. XD a primit slay, deoarece a fost afk mai mult de 30 secunde
L 03/23/2017 - 15:06:26: [slayafk.amxx] DoZe a primit slay, deoarece a fost afk mai mult de 30 secunde
L 03/23/2017 - 15:07:56: [slayafk.amxx] SWAGGIE. XD a primit slay, deoarece a fost afk mai mult de 30 secunde
L 03/23/2017 - 15:10:10: [admin.amxx] Login: "EvolGeniuS - ThE king#<338><STEAM_0:1:84045719><>" became an admin (account "EvolGeniuS - ThE king#") (access "bi") (address "5.14.42.109")
L 03/23/2017 - 15:11:28: [admin.amxx] Login: "EvolGeniuS - ThE king#<339><STEAM_0:1:84045719><>" became an admin (account "EvolGeniuS - ThE king#") (access "bi") (address "5.14.42.109")
L 03/23/2017 - 15:12:26: [slayafk.amxx] SWAGGIE. XD a primit slay, deoarece a fost afk mai mult de 30 secunde
L 03/23/2017 - 15:15:26: [slayafk.amxx] SWAGGIE. XD a primit slay, deoarece a fost afk mai mult de 30 secunde
L 03/23/2017 - 15:15:26: [slayafk.amxx] DoZe a primit slay, deoarece a fost afk mai mult de 30 secunde
L 03/23/2017 - 15:16:41: [slayafk.amxx] DoZe a primit slay, deoarece a fost afk mai mult de 30 secunde
L 03/23/2017 - 15:17:06: [slayafk.amxx] SWAGGIE. XD a primit slay, deoarece a fost afk mai mult de 30 secunde
L 03/23/2017 - 15:17:46: [slayafk.amxx] SWAGGIE. XD a primit slay, deoarece a fost afk mai mult de 30 secunde
L 03/23/2017 - 15:17:46: [slayafk.amxx] DoZe a primit slay, deoarece a fost afk mai mult de 30 secunde
L 03/23/2017 - 15:20:01: [slayafk.amxx] SWAGGIE. XD a primit slay, deoarece a fost afk mai mult de 30 secunde
L 03/23/2017 - 15:20:01: [slayafk.amxx] DoZe a primit slay, deoarece a fost afk mai mult de 30 secunde
L 03/23/2017 - 15:21:01: [slayafk.amxx] DoZe a primit slay, deoarece a fost afk mai mult de 30 secunde
L 03/23/2017 - 15:22:01: [slayafk.amxx] SWAGGIE. XD a primit slay, deoarece a fost afk mai mult de 30 secunde
L 03/23/2017 - 15:22:01: [slayafk.amxx] DoZe a primit slay, deoarece a fost afk mai mult de 30 secunde
L 03/23/2017 - 15:22:12: [admin.amxx] Login: "wadafac!<345><VALVE_0:4:1200671611><>" became an admin (account "wadafac!") (access "bi") (address "79.116.125.38")
L 03/23/2017 - 15:22:29: [adminchat.amxx] Chat: "wadafac!<345><VALVE_0:4:1200671611><>" chat "fost vot?"
L 03/23/2017 - 15:23:40: [mapsmenu.amxx] Vote: "wadafac!<345><VALVE_0:4:1200671611><>" vote maps (map#1 "deathrun_sammal_3sixty_beta1") (map#2 "deathrun_gohard_final") (map#3 "") (map#4 "")
L 03/23/2017 - 15:23:52: [mapsmenu.amxx] Vote: Voting successful. Map will be changed to deathrun_sammal_3sixty_beta1
L 03/23/2017 - 15:24:16: [slayafk.amxx] m-emo a primit slay, deoarece a fost afk mai mult de 30 secunde
L 03/23/2017 - 15:24:23: [admincmd.amxx] Cmd: "wadafac!<345><VALVE_0:4:1200671611><>" ask for players list
L 03/23/2017 - 15:25:31: [slayafk.amxx] DoZe a primit slay, deoarece a fost afk mai mult de 30 secunde
L 03/23/2017 - 15:26:58: [admincmd.amxx] Cmd: "wadafac!<345><VALVE_0:4:1200671611><>" slap with 0 damage "wadafac!<345><VALVE_0:4:1200671611><>"
L 03/23/2017 - 15:26:58: [admincmd.amxx] Cmd: "wadafac!<345><VALVE_0:4:1200671611><>" slap with 0 damage "wadafac!<345><VALVE_0:4:1200671611><>"
L 03/23/2017 - 15:26:58: [admincmd.amxx] Cmd: "wadafac!<345><VALVE_0:4:1200671611><>" slap with 0 damage "wadafac!<345><VALVE_0:4:1200671611><>"
L 03/23/2017 - 15:26:59: [admincmd.amxx] Cmd: "wadafac!<345><VALVE_0:4:1200671611><>" slap with 0 damage "wadafac!<345><VALVE_0:4:1200671611><>"
L 03/23/2017 - 15:26:59: [admincmd.amxx] Cmd: "wadafac!<345><VALVE_0:4:1200671611><>" slap with 0 damage "wadafac!<345><VALVE_0:4:1200671611><>"
L 03/23/2017 - 15:26:59: [admincmd.amxx] Cmd: "wadafac!<345><VALVE_0:4:1200671611><>" slap with 0 damage "wadafac!<345><VALVE_0:4:1200671611><>"
L 03/23/2017 - 15:26:59: [admincmd.amxx] Cmd: "wadafac!<345><VALVE_0:4:1200671611><>" slap with 0 damage "wadafac!<345><VALVE_0:4:1200671611><>"
L 03/23/2017 - 15:27:00: [admincmd.amxx] Cmd: "wadafac!<345><VALVE_0:4:1200671611><>" slap with 0 damage "wadafac!<345><VALVE_0:4:1200671611><>"
L 03/23/2017 - 15:27:00: [admincmd.amxx] Cmd: "wadafac!<345><VALVE_0:4:1200671611><>" slap with 0 damage "wadafac!<345><VALVE_0:4:1200671611><>"
L 03/23/2017 - 15:27:00: [admincmd.amxx] Cmd: "wadafac!<345><VALVE_0:4:1200671611><>" slap with 0 damage "wadafac!<345><VALVE_0:4:1200671611><>"
L 03/23/2017 - 15:27:00: [admincmd.amxx] Cmd: "wadafac!<345><VALVE_0:4:1200671611><>" slap with 0 damage "wadafac!<345><VALVE_0:4:1200671611><>"
L 03/23/2017 - 15:27:01: [admincmd.amxx] Cmd: "wadafac!<345><VALVE_0:4:1200671611><>" slap with 0 damage "wadafac!<345><VALVE_0:4:1200671611><>"
L 03/23/2017 - 15:27:01: [admincmd.amxx] Cmd: "wadafac!<345><VALVE_0:4:1200671611><>" slap with 0 damage "wadafac!<345><VALVE_0:4:1200671611><>"
L 03/23/2017 - 15:27:01: [slayafk.amxx] SWAGGIE. XD a primit slay, deoarece a fost afk mai mult de 30 secunde
L 03/23/2017 - 15:27:01: [slayafk.amxx] FLVXSOW;[ a primit slay, deoarece a fost afk mai mult de 30 secunde
L 03/23/2017 - 15:27:01: [admincmd.amxx] Cmd: "wadafac!<345><VALVE_0:4:1200671611><>" slap with 0 damage "wadafac!<345><VALVE_0:4:1200671611><>"
L 03/23/2017 - 15:27:02: [admincmd.amxx] Cmd: "wadafac!<345><VALVE_0:4:1200671611><>" slap with 0 damage "wadafac!<345><VALVE_0:4:1200671611><>"
L 03/23/2017 - 15:27:02: [admincmd.amxx] Cmd: "wadafac!<345><VALVE_0:4:1200671611><>" slap with 0 damage "wadafac!<345><VALVE_0:4:1200671611><>"
L 03/23/2017 - 15:27:03: [admincmd.amxx] Cmd: "wadafac!<345><VALVE_0:4:1200671611><>" slap with 0 damage "wadafac!<345><VALVE_0:4:1200671611><>"
L 03/23/2017 - 15:27:03: [admincmd.amxx] Cmd: "wadafac!<345><VALVE_0:4:1200671611><>" slap with 0 damage "wadafac!<345><VALVE_0:4:1200671611><>"
L 03/23/2017 - 15:27:03: [admincmd.amxx] Cmd: "wadafac!<345><VALVE_0:4:1200671611><>" slap with 0 damage "wadafac!<345><VALVE_0:4:1200671611><>"
L 03/23/2017 - 15:27:03: [admincmd.amxx] Cmd: "wadafac!<345><VALVE_0:4:1200671611><>" slap with 0 damage "wadafac!<345><VALVE_0:4:1200671611><>"
L 03/23/2017 - 15:27:04: [admincmd.amxx] Cmd: "wadafac!<345><VALVE_0:4:1200671611><>" slap with 0 damage "wadafac!<345><VALVE_0:4:1200671611><>"
L 03/23/2017 - 15:27:04: [admincmd.amxx] Cmd: "wadafac!<345><VALVE_0:4:1200671611><>" slap with 0 damage "wadafac!<345><VALVE_0:4:1200671611><>"
L 03/23/2017 - 15:27:04: [admincmd.amxx] Cmd: "wadafac!<345><VALVE_0:4:1200671611><>" slap with 0 damage "wadafac!<345><VALVE_0:4:1200671611><>"
L 03/23/2017 - 15:27:04: [admincmd.amxx] Cmd: "wadafac!<345><VALVE_0:4:1200671611><>" slap with 0 damage "wadafac!<345><VALVE_0:4:1200671611><>"
L 03/23/2017 - 15:27:05: [admincmd.amxx] Cmd: "wadafac!<345><VALVE_0:4:1200671611><>" slap with 0 damage "wadafac!<345><VALVE_0:4:1200671611><>"
L 03/23/2017 - 15:27:05: [admincmd.amxx] Cmd: "wadafac!<345><VALVE_0:4:1200671611><>" slap with 0 damage "wadafac!<345><VALVE_0:4:1200671611><>"
L 03/23/2017 - 15:27:11: [admincmd.amxx] Cmd: "wadafac!<345><VALVE_0:4:1200671611><>" slap with 0 damage "wadafac!<345><VALVE_0:4:1200671611><>"
L 03/23/2017 - 15:27:11: [admincmd.amxx] Cmd: "wadafac!<345><VALVE_0:4:1200671611><>" slap with 0 damage "wadafac!<345><VALVE_0:4:1200671611><>"
L 03/23/2017 - 15:27:11: [admincmd.amxx] Cmd: "wadafac!<345><VALVE_0:4:1200671611><>" slap with 0 damage "wadafac!<345><VALVE_0:4:1200671611><>"
L 03/23/2017 - 15:27:12: [admincmd.amxx] Cmd: "wadafac!<345><VALVE_0:4:1200671611><>" slap with 0 damage "wadafac!<345><VALVE_0:4:1200671611><>"
L 03/23/2017 - 15:27:13: [admincmd.amxx] Cmd: "wadafac!<345><VALVE_0:4:1200671611><>" slap with 0 damage "wadafac!<345><VALVE_0:4:1200671611><>"
L 03/23/2017 - 15:27:13: [admincmd.amxx] Cmd: "wadafac!<345><VALVE_0:4:1200671611><>" slap with 0 damage "wadafac!<345><VALVE_0:4:1200671611><>"
L 03/23/2017 - 15:27:14: [admincmd.amxx] Cmd: "wadafac!<345><VALVE_0:4:1200671611><>" slap with 0 damage "wadafac!<345><VALVE_0:4:1200671611><>"
L 03/23/2017 - 15:27:14: [admincmd.amxx] Cmd: "wadafac!<345><VALVE_0:4:1200671611><>" slap with 0 damage "wadafac!<345><VALVE_0:4:1200671611><>"
L 03/23/2017 - 15:27:14: [admincmd.amxx] Cmd: "wadafac!<345><VALVE_0:4:1200671611><>" slap with 0 damage "wadafac!<345><VALVE_0:4:1200671611><>"
L 03/23/2017 - 15:27:14: [admincmd.amxx] Cmd: "wadafac!<345><VALVE_0:4:1200671611><>" slap with 0 damage "wadafac!<345><VALVE_0:4:1200671611><>"
L 03/23/2017 - 15:27:15: [admincmd.amxx] Cmd: "wadafac!<345><VALVE_0:4:1200671611><>" slap with 0 damage "wadafac!<345><VALVE_0:4:1200671611><>"
L 03/23/2017 - 15:27:15: [admincmd.amxx] Cmd: "wadafac!<345><VALVE_0:4:1200671611><>" slap with 0 damage "wadafac!<345><VALVE_0:4:1200671611><>"
L 03/23/2017 - 15:27:17: [admincmd.amxx] Cmd: "wadafac!<345><VALVE_0:4:1200671611><>" slap with 0 damage "wadafac!<345><VALVE_0:4:1200671611><>"
L 03/23/2017 - 15:27:17: [admincmd.amxx] Cmd: "wadafac!<345><VALVE_0:4:1200671611><>" slap with 0 damage "wadafac!<345><VALVE_0:4:1200671611><>"
L 03/23/2017 - 15:27:17: [admincmd.amxx] Cmd: "wadafac!<345><VALVE_0:4:1200671611><>" slap with 0 damage "wadafac!<345><VALVE_0:4:1200671611><>"
L 03/23/2017 - 15:27:17: [admincmd.amxx] Cmd: "wadafac!<345><VALVE_0:4:1200671611><>" slap with 0 damage "wadafac!<345><VALVE_0:4:1200671611><>"
L 03/23/2017 - 15:27:18: [admincmd.amxx] Cmd: "wadafac!<345><VALVE_0:4:1200671611><>" slap with 0 damage "wadafac!<345><VALVE_0:4:1200671611><>"
L 03/23/2017 - 15:27:19: [admincmd.amxx] Cmd: "wadafac!<345><VALVE_0:4:1200671611><>" slap with 0 damage "wadafac!<345><VALVE_0:4:1200671611><>"
L 03/23/2017 - 15:27:19: [admincmd.amxx] Cmd: "wadafac!<345><VALVE_0:4:1200671611><>" slap with 0 damage "wadafac!<345><VALVE_0:4:1200671611><>"
L 03/23/2017 - 15:27:19: [admincmd.amxx] Cmd: "wadafac!<345><VALVE_0:4:1200671611><>" slap with 0 damage "wadafac!<345><VALVE_0:4:1200671611><>"
L 03/23/2017 - 15:27:20: [admincmd.amxx] Cmd: "wadafac!<345><VALVE_0:4:1200671611><>" slap with 0 damage "wadafac!<345><VALVE_0:4:1200671611><>"
L 03/23/2017 - 15:27:20: [admincmd.amxx] Cmd: "wadafac!<345><VALVE_0:4:1200671611><>" slap with 0 damage "wadafac!<345><VALVE_0:4:1200671611><>"
L 03/23/2017 - 15:27:20: [admincmd.amxx] Cmd: "wadafac!<345><VALVE_0:4:1200671611><>" slap with 0 damage "wadafac!<345><VALVE_0:4:1200671611><>"
L 03/23/2017 - 15:27:20: [admincmd.amxx] Cmd: "wadafac!<345><VALVE_0:4:1200671611><>" slap with 0 damage "wadafac!<345><VALVE_0:4:1200671611><>"
L 03/23/2017 - 15:27:21: [admincmd.amxx] Cmd: "wadafac!<345><VALVE_0:4:1200671611><>" slap with 0 damage "wadafac!<345><VALVE_0:4:1200671611><>"
L 03/23/2017 - 15:27:21: [admincmd.amxx] Cmd: "wadafac!<345><VALVE_0:4:1200671611><>" slap with 0 damage "wadafac!<345><VALVE_0:4:1200671611><>"
L 03/23/2017 - 15:27:21: [admincmd.amxx] Cmd: "wadafac!<345><VALVE_0:4:1200671611><>" slap with 0 damage "wadafac!<345><VALVE_0:4:1200671611><>"
L 03/23/2017 - 15:27:21: [admincmd.amxx] Cmd: "wadafac!<345><VALVE_0:4:1200671611><>" slap with 0 damage "wadafac!<345><VALVE_0:4:1200671611><>"
L 03/23/2017 - 15:27:22: [admincmd.amxx] Cmd: "wadafac!<345><VALVE_0:4:1200671611><>" slap with 0 damage "wadafac!<345><VALVE_0:4:1200671611><>"
L 03/23/2017 - 15:27:22: [admincmd.amxx] Cmd: "wadafac!<345><VALVE_0:4:1200671611><>" slap with 0 damage "wadafac!<345><VALVE_0:4:1200671611><>"
L 03/23/2017 - 15:27:22: [admincmd.amxx] Cmd: "wadafac!<345><VALVE_0:4:1200671611><>" slap with 0 damage "wadafac!<345><VALVE_0:4:1200671611><>"
L 03/23/2017 - 15:27:22: [admincmd.amxx] Cmd: "wadafac!<345><VALVE_0:4:1200671611><>" slap with 0 damage "wadafac!<345><VALVE_0:4:1200671611><>"
L 03/23/2017 - 15:27:23: [admincmd.amxx] Cmd: "wadafac!<345><VALVE_0:4:1200671611><>" slap with 0 damage "wadafac!<345><VALVE_0:4:1200671611><>"
L 03/23/2017 - 15:27:23: [admincmd.amxx] Cmd: "wadafac!<345><VALVE_0:4:1200671611><>" slap with 0 damage "wadafac!<345><VALVE_0:4:1200671611><>"
L 03/23/2017 - 15:27:23: [admincmd.amxx] Cmd: "wadafac!<345><VALVE_0:4:1200671611><>" slap with 0 damage "wadafac!<345><VALVE_0:4:1200671611><>"
L 03/23/2017 - 15:27:30: [admincmd.amxx] Cmd: "wadafac!<345><VALVE_0:4:1200671611><>" slap with 1 damage "wadafac!<345><VALVE_0:4:1200671611><>"
L 03/23/2017 - 15:27:31: [admincmd.amxx] Cmd: "wadafac!<345><VALVE_0:4:1200671611><>" slap with 1 damage "wadafac!<345><VALVE_0:4:1200671611><>"
L 03/23/2017 - 15:27:31: [admincmd.amxx] Cmd: "wadafac!<345><VALVE_0:4:1200671611><>" slap with 1 damage "wadafac!<345><VALVE_0:4:1200671611><>"
L 03/23/2017 - 15:27:32: [admincmd.amxx] Cmd: "wadafac!<345><VALVE_0:4:1200671611><>" slap with 1 damage "wadafac!<345><VALVE_0:4:1200671611><>"
L 03/23/2017 - 15:27:32: [admincmd.amxx] Cmd: "wadafac!<345><VALVE_0:4:1200671611><>" slap with 1 damage "wadafac!<345><VALVE_0:4:1200671611><>"
L 03/23/2017 - 15:27:33: [admincmd.amxx] Cmd: "wadafac!<345><VALVE_0:4:1200671611><>" slap with 1 damage "wadafac!<345><VALVE_0:4:1200671611><>"
L 03/23/2017 - 15:27:34: [admincmd.amxx] Cmd: "wadafac!<345><VALVE_0:4:1200671611><>" slap with 1 damage "wadafac!<345><VALVE_0:4:1200671611><>"
L 03/23/2017 - 15:27:35: [admincmd.amxx] Cmd: "wadafac!<345><VALVE_0:4:1200671611><>" slap with 1 damage "wadafac!<345><VALVE_0:4:1200671611><>"
L 03/23/2017 - 15:27:35: [admincmd.amxx] Cmd: "wadafac!<345><VALVE_0:4:1200671611><>" slap with 1 damage "wadafac!<345><VALVE_0:4:1200671611><>"
L 03/23/2017 - 15:27:38: [admincmd.amxx] Cmd: "wadafac!<345><VALVE_0:4:1200671611><>" slap with 1 damage "wadafac!<345><VALVE_0:4:1200671611><>"
L 03/23/2017 - 15:27:38: [admincmd.amxx] Cmd: "wadafac!<345><VALVE_0:4:1200671611><>" slap with 1 damage "wadafac!<345><VALVE_0:4:1200671611><>"
L 03/23/2017 - 15:28:05: [admincmd.amxx] Cmd: "wadafac!<345><VALVE_0:4:1200671611><>" slap with 0 damage "hackerul<347><VALVE_0:4:585122794><>"
L 03/23/2017 - 15:28:16: [admincmd.amxx] Cmd: "wadafac!<345><VALVE_0:4:1200671611><>" slap with 0 damage "hackerul<347><VALVE_0:4:585122794><>"
L 03/23/2017 - 15:28:17: [admincmd.amxx] Cmd: "wadafac!<345><VALVE_0:4:1200671611><>" slap with 0 damage "hackerul<347><VALVE_0:4:585122794><>"
L 03/23/2017 - 15:28:25: [admincmd.amxx] Cmd: "wadafac!<345><VALVE_0:4:1200671611><>" slap with 0 damage "hackerul<347><VALVE_0:4:585122794><>"
L 03/23/2017 - 15:28:44: -------- Mapchange to deathrun_sammal_3sixty_beta1 --------
L 03/23/2017 - 15:28:45: [AMXX] Failed to open dictionary file: cstrike/addons/amxmodx/data/lang/walkguard.txt
L 03/23/2017 - 15:28:46: [walkguard.amxx] no zone-file found
L 03/23/2017 - 15:28:46: [admin.amxx] Login: "EvolGeniuS - ThE king#<339><STEAM_0:1:84045719><>" became an admin (account "EvolGeniuS - ThE king#") (access "bi") (address "5.14.42.109")
L 03/23/2017 - 15:28:46: [admin.amxx] Login: "wadafac!<345><VALVE_0:4:1200671611><>" became an admin (account "wadafac!") (access "bi") (address "79.116.125.38")
L 03/23/2017 - 15:28:46: [admin.amxx] Login: "SWAGGIE. XD<330><VALVE_0:4:862961770><>" became an admin (account "SWAGGIE. XD") (access "bi") (address "109.98.131.207")
L 03/23/2017 - 15:29:21: [slayafk.amxx] SWAGGIE. XD a primit slay, deoarece a fost afk mai mult de 30 secunde
L 03/23/2017 - 15:29:21: [slayafk.amxx] EvolGeniuS - ThE king# a primit slay, deoarece a fost afk mai mult de 30 secunde
L 03/23/2017 - 15:29:21: [slayafk.amxx] DoZe a primit slay, deoarece a fost afk mai mult de 30 secunde
L 03/23/2017 - 15:29:56: [slayafk.amxx] EvolGeniuS - ThE king# a primit slay, deoarece a fost afk mai mult de 30 secunde
L 03/23/2017 - 15:29:56: [slayafk.amxx] DoZe a primit slay, deoarece a fost afk mai mult de 30 secunde
L 03/23/2017 - 15:30:46: [slayafk.amxx] SWAGGIE. XD a primit slay, deoarece a fost afk mai mult de 30 secunde
L 03/23/2017 - 15:31:01: [slayafk.amxx] FLVXSOW;[ a primit slay, deoarece a fost afk mai mult de 30 secunde
L 03/23/2017 - 15:31:01: [admincmd.amxx] Cmd: "Dr.FioriGinal.Ro ~ Server Clasi<0><><>" slay "tiganu<353><STEAM_0:0:187978272><>"
L 03/23/2017 - 15:31:31: [slayafk.amxx] SWAGGIE. XD a primit slay, deoarece a fost afk mai mult de 30 secunde
L 03/23/2017 - 15:31:31: [slayafk.amxx] EvolGeniuS - ThE king# a primit slay, deoarece a fost afk mai mult de 30 secunde
L 03/23/2017 - 15:31:36: [slayafk.amxx] FLVXSOW;[ a primit slay, deoarece a fost afk mai mult de 30 secunde
L 03/23/2017 - 15:35:01: [slayafk.amxx] DoZe a primit slay, deoarece a fost afk mai mult de 30 secunde
L 03/23/2017 - 15:35:06: [slayafk.amxx] EvolGeniuS - ThE king# a primit slay, deoarece a fost afk mai mult de 30 secunde
L 03/23/2017 - 15:38:34: [admin.amxx] Login: "irregular<340><STEAM_0:1:101181073><>" became an admin (account "Irregular") (access "bi") (address "79.119.237.113")
L 03/23/2017 - 15:42:41: [slayafk.amxx] SWAGGIE. XD a primit slay, deoarece a fost afk mai mult de 30 secunde
L 03/23/2017 - 15:42:41: [slayafk.amxx] DoZe a primit slay, deoarece a fost afk mai mult de 30 secunde
L 03/23/2017 - 15:42:41: [slayafk.amxx] FLVXSOW;[ a primit slay, deoarece a fost afk mai mult de 30 secunde
L 03/23/2017 - 15:46:11: [slayafk.amxx] DoZe a primit slay, deoarece a fost afk mai mult de 30 secunde
L 03/23/2017 - 15:46:11: [slayafk.amxx] FLVXSOW;[ a primit slay, deoarece a fost afk mai mult de 30 secunde
L 03/23/2017 - 15:47:44: [mapsmenu.amxx] Vote: "SWAGGIE. XD<330><VALVE_0:4:862961770><>" vote maps (map#1 "deathrun_gohard_final") (map#2 "deathrun_0mega") (map#3 "") (map#4 "")
L 03/23/2017 - 15:47:56: [mapsmenu.amxx] Vote: Voting successful. Map will be changed to deathrun_gohard_final
L 03/23/2017 - 15:48:21: [slayafk.amxx] DoZe a primit slay, deoarece a fost afk mai mult de 30 secunde
L 03/23/2017 - 15:51:51: [slayafk.amxx] FLVXSOW;[ a primit slay, deoarece a fost afk mai mult de 30 secunde
L 03/23/2017 - 15:51:56: [slayafk.amxx] DoZe a primit slay, deoarece a fost afk mai mult de 30 secunde
L 03/23/2017 - 15:54:11: -------- Mapchange to deathrun_gohard_final --------
L 03/23/2017 - 15:54:12: [AMXX] Failed to open dictionary file: cstrike/addons/amxmodx/data/lang/walkguard.txt
L 03/23/2017 - 15:54:13: [walkguard.amxx] no zone-file found
L 03/23/2017 - 15:54:13: [admin.amxx] Login: "SWAGGIE. XD<330><VALVE_0:4:862961770><>" became an admin (account "SWAGGIE. XD") (access "bi") (address "109.98.131.207")
L 03/23/2017 - 15:54:13: [admin.amxx] Login: "wadafac!<345><VALVE_0:4:1200671611><>" became an admin (account "wadafac!") (access "bi") (address "79.116.125.38")
L 03/23/2017 - 15:54:15: [admin.amxx] Login: "wadafac!<368><VALVE_0:4:1200671611><>" became an admin (account "wadafac!") (access "bi") (address "79.116.125.38")
L 03/23/2017 - 15:54:42: [admincmd.amxx] Cmd: "Dr.FioriGinal.Ro ~ Server Clasi<0><><>" slay "XxX_PAPAIIIA_XxX<373><STEAM_0:0:669968232><>"
L 03/23/2017 - 16:00:45: [admincmd.amxx] Cmd: "Dr.FioriGinal.Ro ~ Server Clasi<0><><>" slay "tiganu<378><STEAM_0:0:187978272><>"
L 03/23/2017 - 16:10:25: [admin.amxx] Login: "wadafac!<384><VALVE_0:4:1200671611><>" became an admin (account "wadafac!") (access "bi") (address "79.116.125.38")
L 03/23/2017 - 16:10:52: [admincmd.amxx] Cmd: "Dr.FioriGinal.Ro ~ Server Clasi<0><><>" slay "tiganu<385><STEAM_0:0:187978272><>"
L 03/23/2017 - 16:14:46: [mapsmenu.amxx] Vote: "SWAGGIE. XD<330><VALVE_0:4:862961770><>" vote maps (map#1 "deathrun_raykium_xf") (map#2 "deathrun_jinglebells") (map#3 "") (map#4 "")
L 03/23/2017 - 16:14:59: [mapsmenu.amxx] Vote: Voting successful. Map will be changed to deathrun_raykium_xf
L 03/23/2017 - 16:20:43: -------- Mapchange to deathrun_raykium_xf --------
L 03/23/2017 - 16:20:44: [AMXX] Failed to open dictionary file: cstrike/addons/amxmodx/data/lang/walkguard.txt
L 03/23/2017 - 16:20:45: [walkguard.amxx] no zone-file found
L 03/23/2017 - 16:20:45: [admin.amxx] Login: "wadafac!<384><VALVE_0:4:1200671611><>" became an admin (account "wadafac!") (access "bi") (address "79.116.125.38")
L 03/23/2017 - 16:20:45: [admin.amxx] Login: "SWAGGIE. XD<330><VALVE_0:4:862961770><>" became an admin (account "SWAGGIE. XD") (access "bi") (address "109.98.131.207")
L 03/23/2017 - 16:38:51: [admincmd.amxx] Cmd: "Dr.FioriGinal.Ro ~ Server Clasi<0><><>" slay "tiganu<409><STEAM_0:0:187978272><>"
L 03/23/2017 - 16:38:56: [admincmd.amxx] Cmd: "wadafac!<384><VALVE_0:4:1200671611><>" slay "tiganu<409><STEAM_0:0:187978272><>"
L 03/23/2017 - 16:39:01: [admincmd.amxx] Cmd: "wadafac!<384><VALVE_0:4:1200671611><>" slay "tiganu<409><STEAM_0:0:187978272><>"
L 03/23/2017 - 16:40:39: [mapsmenu.amxx] Vote: "SWAGGIE. XD<330><VALVE_0:4:862961770><>" vote maps (map#1 "deathrun_challenge_x") (map#2 "deathrun_jinglebells") (map#3 "") (map#4 "")
L 03/23/2017 - 16:40:51: [mapsmenu.amxx] Vote: Voting successful. Map will be changed to deathrun_challenge_x
L 03/23/2017 - 16:47:40: -------- Mapchange to deathrun_challenge_x --------
L 03/23/2017 - 16:47:41: [AMXX] Failed to open dictionary file: cstrike/addons/amxmodx/data/lang/walkguard.txt
L 03/23/2017 - 16:47:42: [admin.amxx] Login: "wadafac!<384><VALVE_0:4:1200671611><>" became an admin (account "wadafac!") (access "bi") (address "79.116.125.38")
L 03/23/2017 - 16:47:42: [walkguard.amxx] no zone-file found
L 03/23/2017 - 16:47:42: [admin.amxx] Login: "SWAGGIE. XD<330><VALVE_0:4:862961770><>" became an admin (account "SWAGGIE. XD") (access "bi") (address "109.98.131.207")
L 03/23/2017 - 16:48:27: [slayafk.amxx] DoZe a primit slay, deoarece a fost afk mai mult de 30 secunde
L 03/23/2017 - 16:48:27: [slayafk.amxx] FLVXSOW;[ a primit slay, deoarece a fost afk mai mult de 30 secunde
L 03/23/2017 - 16:49:02: [slayafk.amxx] DoZe a primit slay, deoarece a fost afk mai mult de 30 secunde
L 03/23/2017 - 16:49:02: [slayafk.amxx] FLVXSOW;[ a primit slay, deoarece a fost afk mai mult de 30 secunde
L 03/23/2017 - 16:52:39: [admin.amxx] Login: "SWAGGIE. XD<420><VALVE_0:4:862961770><>" became an admin (account "SWAGGIE. XD") (access "bi") (address "109.98.131.207")
L 03/23/2017 - 16:52:45: [admincmd.amxx] Cmd: "Dr.FioriGinal.Ro ~ Server Clasi<0><><>" slay "SWAGGIE. XD<420><VALVE_0:4:862961770><>"
L 03/23/2017 - 16:52:48: [admin.amxx] Login: "SWAGGIE. XD<422><VALVE_0:4:862961770><>" became an admin (account "SWAGGIE. XD") (access "bi") (address "109.98.131.207")
L 03/23/2017 - 16:52:50: [admincmd.amxx] Cmd: "Dr.FioriGinal.Ro ~ Server Clasi<0><><>" slay "Skynox<421><VALVE_0:4:327789686><>"
L 03/23/2017 - 16:52:54: [admincmd.amxx] Cmd: "Dr.FioriGinal.Ro ~ Server Clasi<0><><>" slay "SWAGGIE. XD<422><VALVE_0:4:862961770><>"
L 03/23/2017 - 16:53:02: [slayafk.amxx] DoZe a primit slay, deoarece a fost afk mai mult de 30 secunde
L 03/23/2017 - 16:53:02: [slayafk.amxx] FLVXSOW;[ a primit slay, deoarece a fost afk mai mult de 30 secunde
L 03/23/2017 - 16:53:37: [slayafk.amxx] DoZe a primit slay, deoarece a fost afk mai mult de 30 secunde
L 03/23/2017 - 16:53:37: [slayafk.amxx] FLVXSOW;[ a primit slay, deoarece a fost afk mai mult de 30 secunde
L 03/23/2017 - 16:56:32: [slayafk.amxx] DoZe a primit slay, deoarece a fost afk mai mult de 30 secunde
L 03/23/2017 - 16:56:32: [slayafk.amxx] FLVXSOW;[ a primit slay, deoarece a fost afk mai mult de 30 secunde
L 03/23/2017 - 17:01:31: [admincmd.amxx] Kick: "wadafac!<384><VALVE_0:4:1200671611><>" kick "pizda.dq<415><STEAM_0:0:187978272><>" (reason "")
L 03/23/2017 - 17:01:49: [admincmd.amxx] Kick: "wadafac!<384><VALVE_0:4:1200671611><>" kick "te.iau.si.te.invart.intr-o.mana<433><STEAM_0:0:187978272><>" (reason "")
L 03/23/2017 - 17:02:27: [slayafk.amxx] DoZe a primit slay, deoarece a fost afk mai mult de 30 secunde
L 03/23/2017 - 17:02:33: [admincmd.amxx] Kick: "wadafac!<384><VALVE_0:4:1200671611><>" kick "78<434><STEAM_0:0:187978272><>" (reason "")
L 03/23/2017 - 17:03:55: [adminchat.amxx] Chat: "wadafac!<384><VALVE_0:4:1200671611><>" chat "acces ban?la gradul tau?"
L 03/23/2017 - 17:03:59: [adminchat.amxx] Chat: "SWAGGIE. XD<422><VALVE_0:4:862961770><>" chat " da"
L 03/23/2017 - 17:04:05: [adminchat.amxx] Chat: "wadafac!<384><VALVE_0:4:1200671611><>" chat "si cad ai platit?"
L 03/23/2017 - 17:04:11: [adminchat.amxx] Chat: "wadafac!<384><VALVE_0:4:1200671611><>" chat "cat"
L 03/23/2017 - 17:04:13: [adminchat.amxx] Chat: "SWAGGIE. XD<422><VALVE_0:4:862961770><>" chat " niciun ban :))"
L 03/23/2017 - 17:04:32: [adminchat.amxx] Chat: "wadafac!<384><VALVE_0:4:1200671611><>" chat "dau 5 e"
L 03/23/2017 - 17:04:42: [adminchat.amxx] Chat: "wadafac!<384><VALVE_0:4:1200671611><>" chat "numai sa ii dau ban aluia"
L 03/23/2017 - 17:04:44: [adminchat.amxx] Chat: "wadafac!<384><VALVE_0:4:1200671611><>" chat ":))"
L 03/23/2017 - 17:04:45: [adminchat.amxx] Chat: "SWAGGIE. XD<422><VALVE_0:4:862961770><>" chat " vobeste cu mae :))"
L 03/23/2017 - 17:04:48: [adminchat.amxx] Chat: "wadafac!<384><VALVE_0:4:1200671611><>" chat "o sa vezi diseara"
L 03/23/2017 - 17:05:33: [admincmd.amxx] Kick: "wadafac!<384><VALVE_0:4:1200671611><>" kick "toti.slabanogii.smardoi<435><STEAM_0:0:187978272><>" (reason "")
L 03/23/2017 - 17:05:41: [admincmd.amxx] Kick: "wadafac!<384><VALVE_0:4:1200671611><>" kick "toti.slabanogii.smardoi<438><STEAM_0:0:187978272><>" (reason "")
L 03/23/2017 - 17:05:42: [slayafk.amxx] FLVXSOW;[ a primit slay, deoarece a fost afk mai mult de 30 secunde
L 03/23/2017 - 17:05:47: [slayafk.amxx] DoZe a primit slay, deoarece a fost afk mai mult de 30 secunde
L 03/23/2017 - 17:07:46: [admincmd.amxx] Kick: "wadafac!<384><VALVE_0:4:1200671611><>" kick "JitcaNarcis.pe.fb.iau.si.la.mui<440><STEAM_0:0:187978272><>" (reason "")
L 03/23/2017 - 17:07:53: [admincmd.amxx] Kick: "wadafac!<384><VALVE_0:4:1200671611><>" kick "JitcaNarcis.pe.fb.iau.si.la.mui<442><STEAM_0:0:187978272><>" (reason "")
L 03/23/2017 - 17:07:56: [admincmd.amxx] Kick: "wadafac!<384><VALVE_0:4:1200671611><>" kick "JitcaNarcis.pe.fb.iau.si.la.mui<443><STEAM_0:0:187978272><>" (reason "")
L 03/23/2017 - 17:08:01: [admincmd.amxx] Kick: "wadafac!<384><VALVE_0:4:1200671611><>" kick "JitcaNarcis.pe.fb.iau.si.la.mui<444><STEAM_0:0:187978272><>" (reason "")
L 03/23/2017 - 17:08:06: [admincmd.amxx] Kick: "wadafac!<384><VALVE_0:4:1200671611><>" kick "JitcaNarcis.pe.fb.iau.si.la.mui<445><STEAM_0:0:187978272><>" (reason "")
L 03/23/2017 - 17:08:12: [admincmd.amxx] Kick: "wadafac!<384><VALVE_0:4:1200671611><>" kick "JitcaNarcis.pe.fb.iau.si.la.mui<446><STEAM_0:0:187978272><>" (reason "")
L 03/23/2017 - 17:08:28: [admincmd.amxx] Kick: "wadafac!<384><VALVE_0:4:1200671611><>" kick "JitcaNarcis.pe.fb.mai.si.sug<447><STEAM_0:0:187978272><>" (reason "")
L 03/23/2017 - 17:08:29: [mapsmenu.amxx] Vote: "SWAGGIE. XD<422><VALVE_0:4:862961770><>" vote maps (map#1 "deathrun_hertz") (map#2 "deathrun_long_run") (map#3 "") (map#4 "")
L 03/23/2017 - 17:08:32: [slayafk.amxx] DoZe a primit slay, deoarece a fost afk mai mult de 30 secunde
L 03/23/2017 - 17:08:41: [mapsmenu.amxx] Vote: Voting successful. Map will be changed to deathrun_long_run
L 03/23/2017 - 17:09:15: [admincmd.amxx] Cmd: "wadafac!<384><VALVE_0:4:1200671611><>" change nick to "fan.wada" "slabanoguleee.ofticatulee<448><STEAM_0:0:187978272><>"
L 03/23/2017 - 17:13:19: [mapsmenu.amxx] Vote: "wadafac!<384><VALVE_0:4:1200671611><>" vote maps (map#1 "deathrun_hertz") (map#2 "") (map#3 "") (map#4 "")
L 03/23/2017 - 17:13:31: [mapsmenu.amxx] Vote: Voting successful. Map will be changed to deathrun_hertz
L 03/23/2017 - 17:13:36: -------- Mapchange to deathrun_hertz --------
L 03/23/2017 - 17:13:38: [AMXX] Failed to open dictionary file: cstrike/addons/amxmodx/data/lang/walkguard.txt
L 03/23/2017 - 17:13:39: [walkguard.amxx] no zone-file found
L 03/23/2017 - 17:13:39: [admin.amxx] Login: "wadafac!<384><VALVE_0:4:1200671611><>" became an admin (account "wadafac!") (access "bi") (address "79.116.125.38")
L 03/23/2017 - 17:14:13: [slayafk.amxx] DoZe a primit slay, deoarece a fost afk mai mult de 30 secunde
L 03/23/2017 - 17:14:48: [slayafk.amxx] DoZe a primit slay, deoarece a fost afk mai mult de 30 secunde
L 03/23/2017 - 17:16:46: [admin.amxx] Login: "SWAGGIE. XD<456><VALVE_0:4:862961770><>" became an admin (account "SWAGGIE. XD") (access "bi") (address "109.98.131.207")
L 03/23/2017 - 17:20:18: [slayafk.amxx] DoZe a primit slay, deoarece a fost afk mai mult de 30 secunde
L 03/23/2017 - 17:24:44: [slayafk.amxx] DoZe a primit slay, deoarece a fost afk mai mult de 30 secunde
L 03/23/2017 - 17:25:01: [adminchat.amxx] Chat: "wadafac!<384><VALVE_0:4:1200671611><>" chat "swag"
L 03/23/2017 - 17:25:07: [adminchat.amxx] Chat: "wadafac!<384><VALVE_0:4:1200671611><>" chat "dai un life numai de-al dracu  pls?"
L 03/23/2017 - 17:25:18: [adminchat.amxx] Chat: "wadafac!<384><VALVE_0:4:1200671611><>" chat "pff"
L 03/23/2017 - 17:25:22: [adminchat.amxx] Chat: "wadafac!<384><VALVE_0:4:1200671611><>" chat "voiam sa i fac in ciuda"
L 03/23/2017 - 17:25:53: [slayafk.amxx] DoZe a primit slay, deoarece a fost afk mai mult de 30 secunde
L 03/23/2017 - 17:28:39: [slayafk.amxx] DoZe a primit slay, deoarece a fost afk mai mult de 30 secunde
L 03/23/2017 - 17:31:28: [slayafk.amxx] DoZe a primit slay, deoarece a fost afk mai mult de 30 secunde
L 03/23/2017 - 17:34:02: [admin.amxx] Login: "SWAGGIE. XD<460><VALVE_0:4:862961770><>" became an admin (account "SWAGGIE. XD") (access "bi") (address "109.98.131.207")
L 03/23/2017 - 17:36:03: [admin.amxx] Login: "SWAGGIE. XD<463><VALVE_0:4:862961770><>" became an admin (account "SWAGGIE. XD") (access "bi") (address "109.98.131.207")
L 03/23/2017 - 17:38:08: [mapsmenu.amxx] Vote: "SWAGGIE. XD<463><VALVE_0:4:862961770><>" vote maps (map#1 "deathrun_badblood_v3") (map#2 "deathrun_jinglebells") (map#3 "") (map#4 "")
L 03/23/2017 - 17:38:20: [mapsmenu.amxx] Vote: Voting successful. Map will be changed to deathrun_badblood_v3
L 03/23/2017 - 17:41:19: [slayafk.amxx] SWAGGIE. XD a primit slay, deoarece a fost afk mai mult de 30 secunde
L 03/23/2017 - 17:53:12: [admincmd.amxx] Cmd: "Dr.FioriGinal.Ro ~ Server Clasi<0><><>" slay "tiganu<476><STEAM_0:0:187978272><>"
L 03/23/2017 - 17:53:19: [adminchat.amxx] Chat: "tiganu<476><STEAM_0:0:187978272><>" chat "SWAGGIE de ce am gag"
L 03/23/2017 - 17:53:27: [adminchat.amxx] Chat: "tiganu<476><STEAM_0:0:187978272><>" chat "SWAGGIE =)))"
L 03/23/2017 - 17:53:31: [adminchat.amxx] Chat: "SWAGGIE. XD<463><VALVE_0:4:862961770><>" chat "?"
L 03/23/2017 - 17:54:50: [slayafk.amxx] DoZe a primit slay, deoarece a fost afk mai mult de 30 secunde
L 03/23/2017 - 18:13:19: -------- Mapchange to deathrun_badblood_v3 --------
L 03/23/2017 - 18:13:20: [AMXX] Failed to open dictionary file: cstrike/addons/amxmodx/data/lang/walkguard.txt
L 03/23/2017 - 18:13:21: [walkguard.amxx] no zone-file found
L 03/23/2017 - 18:21:54: [admin.amxx] Login: "cool<488><STEAM_0:1:25922700><>" became an admin (account "cool") (access "bi") (address "5.14.99.188")
L 03/23/2017 - 18:21:56: [admin.amxx] Login: "cool<489><STEAM_0:1:25922700><>" became an admin (account "cool") (access "bi") (address "5.14.99.188")
L 03/23/2017 - 18:40:48: -------- Mapchange to deathrun_coolf2 --------
L 03/23/2017 - 18:40:49: [AMXX] Failed to open dictionary file: cstrike/addons/amxmodx/data/lang/walkguard.txt
L 03/23/2017 - 18:40:50: [walkguard.amxx] no zone-file found
L 03/23/2017 - 18:40:50: [admin.amxx] Login: "cool<489><STEAM_0:1:25922700><>" became an admin (account "cool") (access "bi") (address "5.14.99.188")
L 03/23/2017 - 18:40:52: [admin.amxx] Login: "cool<505><STEAM_0:1:25922700><>" became an admin (account "cool") (access "bi") (address "5.14.99.188")
L 03/23/2017 - 18:41:30: [slayafk.amxx] cool a primit slay, deoarece a fost afk mai mult de 30 secunde
L 03/23/2017 - 18:41:35: [slayafk.amxx] DoZe a primit slay, deoarece a fost afk mai mult de 30 secunde
L 03/23/2017 - 18:42:10: [slayafk.amxx] DoZe a primit slay, deoarece a fost afk mai mult de 30 secunde
L 03/23/2017 - 18:43:10: [slayafk.amxx] cool a primit slay, deoarece a fost afk mai mult de 30 secunde
L 03/23/2017 - 18:44:00: [slayafk.amxx] DoZe a primit slay, deoarece a fost afk mai mult de 30 secunde
L 03/23/2017 - 18:44:05: [slayafk.amxx] cool a primit slay, deoarece a fost afk mai mult de 30 secunde
L 03/23/2017 - 18:44:45: [slayafk.amxx] DoZe a primit slay, deoarece a fost afk mai mult de 30 secunde
L 03/23/2017 - 18:45:40: [slayafk.amxx] DoZe a primit slay, deoarece a fost afk mai mult de 30 secunde
L 03/23/2017 - 18:45:50: [slayafk.amxx] cool a primit slay, deoarece a fost afk mai mult de 30 secunde
L 03/23/2017 - 18:46:30: [slayafk.amxx] DoZe a primit slay, deoarece a fost afk mai mult de 30 secunde
L 03/23/2017 - 18:47:22: [admincmd.amxx] Cmd: "Dr.FioriGinal.Ro ~ Server Clasi<0><><>" slay "wAa # BoBo<510><STEAM_0:0:1795911850><>"
L 03/23/2017 - 18:47:40: [slayafk.amxx] cool a primit slay, deoarece a fost afk mai mult de 30 secunde
L 03/23/2017 - 18:48:15: [slayafk.amxx] DoZe a primit slay, deoarece a fost afk mai mult de 30 secunde
L 03/23/2017 - 18:48:20: [slayafk.amxx] cool a primit slay, deoarece a fost afk mai mult de 30 secunde
L 03/23/2017 - 18:50:10: [slayafk.amxx] DoZe a primit slay, deoarece a fost afk mai mult de 30 secunde
L 03/23/2017 - 18:50:45: [slayafk.amxx] cool a primit slay, deoarece a fost afk mai mult de 30 secunde
L 03/23/2017 - 18:50:50: [slayafk.amxx] DoZe a primit slay, deoarece a fost afk mai mult de 30 secunde
L 03/23/2017 - 18:51:30: [slayafk.amxx] cool a primit slay, deoarece a fost afk mai mult de 30 secunde
L 03/23/2017 - 18:52:00: [slayafk.amxx] DoZe a primit slay, deoarece a fost afk mai mult de 30 secunde
L 03/23/2017 - 18:53:00: [slayafk.amxx] DoZe a primit slay, deoarece a fost afk mai mult de 30 secunde
L 03/23/2017 - 18:55:35: [slayafk.amxx] DoZe a primit slay, deoarece a fost afk mai mult de 30 secunde
L 03/23/2017 - 18:56:30: [slayafk.amxx] DoZe a primit slay, deoarece a fost afk mai mult de 30 secunde
L 03/23/2017 - 18:57:22: [mapsmenu.amxx] Vote: "cool<505><STEAM_0:1:25922700><>" vote maps (map#1 "deathrun_adi_blurez") (map#2 "") (map#3 "") (map#4 "")
L 03/23/2017 - 18:57:30: [slayafk.amxx] DoZe a primit slay, deoarece a fost afk mai mult de 30 secunde
L 03/23/2017 - 18:57:35: [mapsmenu.amxx] Vote: Voting successful. Map will be changed to deathrun_adi_blurez
L 03/23/2017 - 18:58:10: [slayafk.amxx] DoZe a primit slay, deoarece a fost afk mai mult de 30 secunde
L 03/23/2017 - 18:58:50: [slayafk.amxx] DoZe a primit slay, deoarece a fost afk mai mult de 30 secunde
L 03/23/2017 - 19:00:15: [slayafk.amxx] DoZe a primit slay, deoarece a fost afk mai mult de 30 secunde
L 03/23/2017 - 19:01:55: [slayafk.amxx] DoZe a primit slay, deoarece a fost afk mai mult de 30 secunde
L 03/23/2017 - 19:02:12: [admin.amxx] Login: "cool<522><STEAM_0:1:25922700><>" became an admin (account "cool") (access "bi") (address "5.14.99.188")
L 03/23/2017 - 19:02:55: [slayafk.amxx] cool a primit slay, deoarece a fost afk mai mult de 30 secunde
L 03/23/2017 - 19:03:43: [admin.amxx] Login: "Bidi<523><STEAM_0:1:45864800><>" became an admin (account "Bidi") (access "bit") (address "46.102.61.200")
L 03/23/2017 - 19:04:25: [slayafk.amxx] cool a primit slay, deoarece a fost afk mai mult de 30 secunde
L 03/23/2017 - 19:04:25: [slayafk.amxx] DoZe a primit slay, deoarece a fost afk mai mult de 30 secunde
L 03/23/2017 - 19:05:20: [slayafk.amxx] cool a primit slay, deoarece a fost afk mai mult de 30 secunde
L 03/23/2017 - 19:06:30: [slayafk.amxx] DoZe a primit slay, deoarece a fost afk mai mult de 30 secunde
L 03/23/2017 - 19:06:35: [slayafk.amxx] cool a primit slay, deoarece a fost afk mai mult de 30 secunde
L 03/23/2017 - 19:08:30: [slayafk.amxx] DoZe a primit slay, deoarece a fost afk mai mult de 30 secunde
L 03/23/2017 - 19:10:12: [admincmd.amxx] Cmd: "Dr.FioriGinal.Ro ~ Server Clasi<0><><>" slay "Carolina.<530><STEAM_0:1:84045719><>"
L 03/23/2017 - 19:11:35: [slayafk.amxx] cool a primit slay, deoarece a fost afk mai mult de 30 secunde
L 03/23/2017 - 19:11:40: [slayafk.amxx] DoZe a primit slay, deoarece a fost afk mai mult de 30 secunde
L 03/23/2017 - 19:11:56: [admin.amxx] Login: "FAKE ^^<531><STEAM_0:0:272564954><>" became an admin (account "FAKE ^^") (access "bi") (address "95.76.3.18")
L 03/23/2017 - 19:12:20: [slayafk.amxx] DoZe a primit slay, deoarece a fost afk mai mult de 30 secunde
L 03/23/2017 - 19:12:55: [slayafk.amxx] cool a primit slay, deoarece a fost afk mai mult de 30 secunde
L 03/23/2017 - 19:13:00: [slayafk.amxx] DoZe a primit slay, deoarece a fost afk mai mult de 30 secunde
L 03/23/2017 - 19:14:55: [slayafk.amxx] DoZe a primit slay, deoarece a fost afk mai mult de 30 secunde
L 03/23/2017 - 19:16:41: [mapsmenu.amxx] Vote: "FAKE ^^<531><STEAM_0:0:272564954><>" vote maps (map#1 "deathrun_clarion_dojo_b3") (map#2 "deathrun_unknown-area") (map#3 "") (map#4 "")
L 03/23/2017 - 19:16:50: [slayafk.amxx] cool a primit slay, deoarece a fost afk mai mult de 30 secunde
L 03/23/2017 - 19:16:53: [mapsmenu.amxx] Vote: Voting successful. Map will be changed to deathrun_unknown-area
L 03/23/2017 - 19:16:55: [slayafk.amxx] DoZe a primit slay, deoarece a fost afk mai mult de 30 secunde
L 03/23/2017 - 19:18:10: [slayafk.amxx] cool a primit slay, deoarece a fost afk mai mult de 30 secunde
L 03/23/2017 - 19:18:10: [slayafk.amxx] DoZe a primit slay, deoarece a fost afk mai mult de 30 secunde
L 03/23/2017 - 19:19:02: [admin.amxx] Login: "SWAGGIE. XD<543><VALVE_0:4:862961770><>" became an admin (account "SWAGGIE. XD") (access "bi") (address "109.98.131.207")
L 03/23/2017 - 19:19:05: [slayafk.amxx] cool a primit slay, deoarece a fost afk mai mult de 30 secunde
L 03/23/2017 - 19:20:20: [slayafk.amxx] DoZe a primit slay, deoarece a fost afk mai mult de 30 secunde
L 03/23/2017 - 19:20:25: [slayafk.amxx] cool a primit slay, deoarece a fost afk mai mult de 30 secunde
L 03/23/2017 - 19:22:15: [slayafk.amxx] DoZe a primit slay, deoarece a fost afk mai mult de 30 secunde
L 03/23/2017 - 19:22:58: [admin.amxx] Login: "Bidi<550><STEAM_0:1:45864800><>" became an admin (account "Bidi") (access "bit") (address "46.102.61.200")
L 03/23/2017 - 19:23:40: [slayafk.amxx] Bidi a primit slay, deoarece a fost afk mai mult de 30 secunde
L 03/23/2017 - 19:25:33: -------- Mapchange to deathrun_unknown-area --------
L 03/23/2017 - 19:25:35: [AMXX] Failed to open dictionary file: cstrike/addons/amxmodx/data/lang/walkguard.txt
L 03/23/2017 - 19:25:36: [walkguard.amxx] no zone-file found
L 03/23/2017 - 19:25:36: [admin.amxx] Login: "Bidi<550><STEAM_0:1:45864800><>" became an admin (account "Bidi") (access "bit") (address "46.102.61.200")
L 03/23/2017 - 19:25:36: [admin.amxx] Login: "FAKE ^^<531><STEAM_0:0:272564954><>" became an admin (account "FAKE ^^") (access "bi") (address "95.76.3.18")
L 03/23/2017 - 19:25:39: [admin.amxx] Login: "FAKE ^^<558><STEAM_0:0:272564954><>" became an admin (account "FAKE ^^") (access "bi") (address "95.76.3.18")
L 03/23/2017 - 19:26:07: [admin.amxx] Login: "Bidi<564><STEAM_0:1:45864800><>" became an admin (account "Bidi") (access "bit") (address "46.102.61.200")
L 03/23/2017 - 19:31:27: [admincmd.amxx] Cmd: "Dr.FioriGinal.Ro ~ Server Clasi<0><><>" slay "wAa # Killutzu<568><STEAM_0:0:454785472><>"
L 03/23/2017 - 19:37:02: [admincmd.amxx] Cmd: "Dr.FioriGinal.Ro ~ Server Clasi<0><><>" slay "tiganu<571><STEAM_0:0:187978272><>"
L 03/23/2017 - 19:41:54: [admincmd.amxx] Cmd: "Dr.FioriGinal.Ro ~ Server Clasi<0><><>" slay "tiganu<576><STEAM_0:0:187978272><>"
L 03/23/2017 - 19:44:44: [admin.amxx] Login: "LinuxBENZ<581><STEAM_0:0:850336795><>" kicked due to invalid password (account "LinuxBENZ") (address "79.112.200.241")
L 03/23/2017 - 19:44:53: [admin.amxx] Login: "LinuxBENZ<582><STEAM_0:0:850336795><>" became an admin (account "LinuxBENZ") (access "bi") (address "79.112.200.241")
L 03/23/2017 - 19:44:59: [admin.amxx] Login: "LinuxBENZ<583><STEAM_0:0:850336795><>" became an admin (account "LinuxBENZ") (access "bi") (address "79.112.200.241")
L 03/23/2017 - 19:51:42: -------- Mapchange to deathrun_air_final --------
L 03/23/2017 - 19:51:43: [AMXX] Failed to open dictionary file: cstrike/addons/amxmodx/data/lang/walkguard.txt
L 03/23/2017 - 19:51:44: [walkguard.amxx] no zone-file found
L 03/23/2017 - 19:51:44: [admin.amxx] Login: "LinuxBENZ<583><STEAM_0:0:850336795><>" became an admin (account "LinuxBENZ") (access "bi") (address "79.112.200.241")
L 03/23/2017 - 19:51:48: [admin.amxx] Login: "LinuxBENZ<590><STEAM_0:0:850336795><>" became an admin (account "LinuxBENZ") (access "bi") (address "79.112.200.241")
L 03/23/2017 - 19:54:07: [admin.amxx] Login: "SWAGGIE. XD<594><VALVE_0:4:862961770><>" became an admin (account "SWAGGIE. XD") (access "bi") (address "109.98.131.207")
L 03/23/2017 - 20:01:44: [admin.amxx] Login: "FAKE ^^<599><STEAM_0:0:272564954><>" became an admin (account "FAKE ^^") (access "bi") (address "95.76.3.18")
L 03/23/2017 - 20:09:11: [mapsmenu.amxx] Vote: "FAKE ^^<599><STEAM_0:0:272564954><>" vote maps (map#1 "deathrun_clarion_dojo_b3") (map#2 "deathrun_cube") (map#3 "") (map#4 "")
L 03/23/2017 - 20:09:23: [mapsmenu.amxx] Vote: Voting successful. Map will be changed to deathrun_clarion_dojo_b3
L 03/23/2017 - 20:16:59: -------- Mapchange to deathrun_clarion_dojo_b3 --------
L 03/23/2017 - 20:17:00: [AMXX] Failed to open dictionary file: cstrike/addons/amxmodx/data/lang/walkguard.txt
L 03/23/2017 - 20:17:01: [admin.amxx] Login: "FAKE ^^<599><STEAM_0:0:272564954><>" became an admin (account "FAKE ^^") (access "bi") (address "95.76.3.18")
L 03/23/2017 - 20:17:01: [walkguard.amxx] no zone-file found
L 03/23/2017 - 20:29:58: [admin.amxx] Login: "SWAGGIE. XD<617><VALVE_0:4:862961770><>" became an admin (account "SWAGGIE. XD") (access "bi") (address "109.98.131.207")
L 03/23/2017 - 20:32:16: [mapsmenu.amxx] Vote: "SWAGGIE. XD<617><VALVE_0:4:862961770><>" vote maps (map#1 "deathrun_gohard_final") (map#2 "deathrun_long_run") (map#3 "") (map#4 "")
L 03/23/2017 - 20:32:28: [mapsmenu.amxx] Vote: Voting successful. Map will be changed to deathrun_long_run
L 03/23/2017 - 20:43:21: -------- Mapchange to deathrun_long_run --------
L 03/23/2017 - 20:43:23: [AMXX] Failed to open dictionary file: cstrike/addons/amxmodx/data/lang/walkguard.txt
L 03/23/2017 - 20:43:24: [walkguard.amxx] no zone-file found
L 03/23/2017 - 21:01:03: [admincmd.amxx] Cmd: "Dr.FioriGinal.Ro ~ Server Clasi<0><><>" slay "COCO<638><STEAM_0:0:312001747><>"
L 03/23/2017 - 21:02:04: [slayafk.amxx] DoZe a primit slay, deoarece a fost afk mai mult de 30 secunde
L 03/23/2017 - 21:02:24: [admin.amxx] Login: "SWAGGIE. XD<640><VALVE_0:4:862961770><>" became an admin (account "SWAGGIE. XD") (access "bi") (address "109.98.131.207")
L 03/23/2017 - 21:05:44: [slayafk.amxx] DoZe a primit slay, deoarece a fost afk mai mult de 30 secunde
L 03/23/2017 - 21:06:24: [slayafk.amxx] DoZe a primit slay, deoarece a fost afk mai mult de 30 secunde
L 03/23/2017 - 21:12:19: [slayafk.amxx] DoZe a primit slay, deoarece a fost afk mai mult de 30 secunde
L 03/23/2017 - 21:12:54: [slayafk.amxx] DoZe a primit slay, deoarece a fost afk mai mult de 30 secunde
L 03/23/2017 - 21:13:21: [admin.amxx] Login: "SWAGGIE. XD<652><VALVE_0:4:862961770><>" became an admin (account "SWAGGIE. XD") (access "bi") (address "109.98.131.207")
L 03/23/2017 - 21:14:28: [admincmd.amxx] Cmd: "Dr.FioriGinal.Ro ~ Server Clasi<0><><>" slay "5446<653><STEAM_0:0:1705028955><>"
L 03/23/2017 - 21:20:46: [admin.amxx] Login: "SWAGGIE. XD<658><VALVE_0:4:862961770><>" became an admin (account "SWAGGIE. XD") (access "bi") (address "109.98.131.207")
L 03/23/2017 - 21:20:52: [admincmd.amxx] Cmd: "Dr.FioriGinal.Ro ~ Server Clasi<0><><>" slay "SWAGGIE. XD<658><VALVE_0:4:862961770><>"
L 03/23/2017 - 21:21:01: [admin.amxx] Login: "SWAGGIE. XD<660><VALVE_0:4:862961770><>" became an admin (account "SWAGGIE. XD") (access "bi") (address "109.98.131.207")
L 03/23/2017 - 21:21:02: [admincmd.amxx] Cmd: "Dr.FioriGinal.Ro ~ Server Clasi<0><><>" slay "tiganu<659><STEAM_0:0:187978272><>"
L 03/23/2017 - 21:21:07: [admincmd.amxx] Cmd: "Dr.FioriGinal.Ro ~ Server Clasi<0><><>" slay "SWAGGIE. XD<660><VALVE_0:4:862961770><>"
L 03/23/2017 - 21:23:35: [mapsmenu.amxx] Vote: "SWAGGIE. XD<660><VALVE_0:4:862961770><>" vote maps (map#1 "deathrun_journey_beta3") (map#2 "deathrun_jinglebells") (map#3 "") (map#4 "")
L 03/23/2017 - 21:23:47: [mapsmenu.amxx] Vote: Voting successful. Map will be changed to deathrun_journey_beta3
L 03/23/2017 - 21:26:44: -------- Mapchange to deathrun_journey_beta3 --------
L 03/23/2017 - 21:26:46: [AMXX] Failed to open dictionary file: cstrike/addons/amxmodx/data/lang/walkguard.txt
L 03/23/2017 - 21:26:47: [walkguard.amxx] no zone-file found
L 03/23/2017 - 21:26:47: [admin.amxx] Login: "SWAGGIE. XD<660><VALVE_0:4:862961770><>" became an admin (account "SWAGGIE. XD") (access "bi") (address "109.98.131.207")
L 03/23/2017 - 21:26:49: [admin.amxx] Login: "SWAGGIE. XD<665><VALVE_0:4:862961770><>" became an admin (account "SWAGGIE. XD") (access "bi") (address "109.98.131.207")
L 03/23/2017 - 21:33:13: [admin.amxx] Login: "SWAGGIE. XD<675><VALVE_0:4:862961770><>" became an admin (account "SWAGGIE. XD") (access "bi") (address "109.98.131.207")
L 03/23/2017 - 21:40:43: [admin.amxx] Login: "SWAGGIE. XD<678><VALVE_0:4:862961770><>" became an admin (account "SWAGGIE. XD") (access "bi") (address "109.98.131.207")
L 03/23/2017 - 21:47:25: [admin.amxx] Login: "SWAGGIE. XD<680><VALVE_0:4:862961770><>" became an admin (account "SWAGGIE. XD") (access "bi") (address "109.98.131.207")
L 03/23/2017 - 21:47:31: [admincmd.amxx] Cmd: "Dr.FioriGinal.Ro ~ Server Clasi<0><><>" slay "SWAGGIE. XD<680><VALVE_0:4:862961770><>"
L 03/23/2017 - 21:48:06: [mapsmenu.amxx] Vote: "SWAGGIE. XD<680><VALVE_0:4:862961770><>" vote maps (map#1 "deathrun_nature2") (map#2 "deathrun_jinglebells") (map#3 "") (map#4 "")
L 03/23/2017 - 21:48:18: [mapsmenu.amxx] Vote: Voting successful. Map will be changed to deathrun_nature2
L 03/23/2017 - 21:48:31: [admincmd.amxx] Cmd: "Dr.FioriGinal.Ro ~ Server Clasi<0><><>" slay "syntynyt<681><STEAM_0:0:15949717><>"
L 03/23/2017 - 21:48:50: [admincmd.amxx] Cmd: "Dr.FioriGinal.Ro ~ Server Clasi<0><><>" slay "tiganu<682><STEAM_0:0:187978272><>"
L 03/23/2017 - 21:50:13: [admin.amxx] Login: "irregular<687><STEAM_0:1:101181073><>" became an admin (account "Irregular") (access "bi") (address "79.119.237.113")
L 03/23/2017 - 21:58:01: [admin.amxx] Login: "SWAGGIE. XD<689><VALVE_0:4:862961770><>" became an admin (account "SWAGGIE. XD") (access "bi") (address "109.98.131.207")
L 03/23/2017 - 21:59:21: [admin.amxx] Login: "Xstrafers # |LOL|XXX<690><STEAM_0:1:24069958><>" became an admin (account "Xstrafers # |LOL|XXX") (access "bi") (address "81.181.140.254")
L 03/23/2017 - 21:59:24: [admin.amxx] Login: "Xstrafers # |LOL|XXX<691><STEAM_0:1:24069958><>" became an admin (account "Xstrafers # |LOL|XXX") (access "bi") (address "81.181.140.254")
L 03/23/2017 - 22:13:59: -------- Mapchange to deathrun_nature2 --------
L 03/23/2017 - 22:14:01: [AMXX] Failed to open dictionary file: cstrike/addons/amxmodx/data/lang/walkguard.txt
L 03/23/2017 - 22:14:02: [walkguard.amxx] no zone-file found
L 03/23/2017 - 22:14:02: [admin.amxx] Login: "SWAGGIE. XD<689><VALVE_0:4:862961770><>" became an admin (account "SWAGGIE. XD") (access "bi") (address "109.98.131.207")
L 03/23/2017 - 22:14:02: [admin.amxx] Login: "Xstrafers # |LOL|XXX<691><STEAM_0:1:24069958><>" became an admin (account "Xstrafers # |LOL|XXX") (access "bi") (address "81.181.140.254")
L 03/23/2017 - 22:14:03: [admin.amxx] Login: "SWAGGIE. XD<696><VALVE_0:4:862961770><>" became an admin (account "SWAGGIE. XD") (access "bi") (address "109.98.131.207")
L 03/23/2017 - 22:21:42: [admincmd.amxx] Cmd: "Dr.FioriGinal.Ro ~ Server Clasi<0><><>" slay "tiganu<704><STEAM_0:0:187978272><>"
L 03/23/2017 - 22:32:57: [admincmd.amxx] Cmd: "Xstrafers # |LOL|XXX<691><STEAM_0:1:24069958><>" ask for players list
L 03/23/2017 - 22:34:56: [adminvote.amxx] Vote: "Xstrafers # |LOL|XXX<691><STEAM_0:1:24069958><>" vote maps (map#1 "deathrun_snow_wind") (map#2 "deathrun_bhopz") (map#3 "") (map#4 "")
L 03/23/2017 - 22:35:08: [adminvote.amxx] Vote: Voting successful (got "4") (needed "2") (result "amx_nextmap deathrun_snow_wind")
L 03/23/2017 - 22:35:09: [adminvote.amxx] Vote: Result accepted
L 03/23/2017 - 22:35:51: [slayafk.amxx] SWAGGIE. XD a primit slay, deoarece a fost afk mai mult de 30 secunde
L 03/23/2017 - 22:37:21: [slayafk.amxx] FLVXSOW;[ a primit slay, deoarece a fost afk mai mult de 30 secunde
L 03/23/2017 - 22:37:36: [slayafk.amxx] SWAGGIE. XD a primit slay, deoarece a fost afk mai mult de 30 secunde
L 03/23/2017 - 22:39:49: -------- Mapchange to deathrun_snow_wind --------
L 03/23/2017 - 22:39:50: [AMXX] Failed to open dictionary file: cstrike/addons/amxmodx/data/lang/walkguard.txt
L 03/23/2017 - 22:39:52: [walkguard.amxx] no zone-file found
L 03/23/2017 - 22:39:52: [admin.amxx] Login: "SWAGGIE. XD<696><VALVE_0:4:862961770><>" became an admin (account "SWAGGIE. XD") (access "bi") (address "109.98.131.207")
L 03/23/2017 - 22:39:52: [admin.amxx] Login: "Xstrafers # |LOL|XXX<691><STEAM_0:1:24069958><>" became an admin (account "Xstrafers # |LOL|XXX") (access "bi") (address "81.181.140.254")
L 03/23/2017 - 22:54:19: [admin.amxx] Login: "FAKE ^^<724><STEAM_0:0:272564954><>" became an admin (account "FAKE ^^") (access "bi") (address "95.76.16.168")
L 03/23/2017 - 22:54:22: [admin.amxx] Login: "FAKE ^^<725><STEAM_0:0:272564954><>" became an admin (account "FAKE ^^") (access "bi") (address "95.76.16.168")
L 03/23/2017 - 22:56:31: [slayafk.amxx] SWAGGIE. XD a primit slay, deoarece a fost afk mai mult de 30 secunde
L 03/23/2017 - 23:01:47: [mapsmenu.amxx] Vote: "SWAGGIE. XD<696><VALVE_0:4:862961770><>" vote maps (map#1 "deathrun_temple2") (map#2 "deathrun_jinglebells") (map#3 "") (map#4 "")
L 03/23/2017 - 23:01:59: [mapsmenu.amxx] Vote: Voting successful. Map will be changed to deathrun_temple2
L 03/23/2017 - 23:05:23: -------- Mapchange to deathrun_temple2 --------
L 03/23/2017 - 23:05:25: [AMXX] Failed to open dictionary file: cstrike/addons/amxmodx/data/lang/walkguard.txt
L 03/23/2017 - 23:05:26: [walkguard.amxx] no zone-file found
L 03/23/2017 - 23:05:26: [admin.amxx] Login: "SWAGGIE. XD<696><VALVE_0:4:862961770><>" became an admin (account "SWAGGIE. XD") (access "bi") (address "109.98.131.207")
L 03/23/2017 - 23:05:27: [admin.amxx] Login: "SWAGGIE. XD<731><VALVE_0:4:862961770><>" became an admin (account "SWAGGIE. XD") (access "bi") (address "109.98.131.207")
L 03/23/2017 - 23:11:02: [admin.amxx] Login: "FAKE ^^<738><STEAM_0:0:272564954><>" became an admin (account "FAKE ^^") (access "bi") (address "95.76.16.168")
L 03/23/2017 - 23:11:07: [admin.amxx] Login: "FAKE ^^<739><STEAM_0:0:272564954><>" became an admin (account "FAKE ^^") (access "bi") (address "95.76.16.168")
L 03/23/2017 - 23:16:04: [admincmd.amxx] Cmd: "Dr.FioriGinal.Ro ~ Server Clasi<0><><>" slay "tiganu<744><STEAM_0:0:187978272><>"
L 03/23/2017 - 23:23:07: [mapsmenu.amxx] Vote: "SWAGGIE. XD<731><VALVE_0:4:862961770><>" vote maps (map#1 "deathrun_pizdabol2") (map#2 "deathrun_jinglebells") (map#3 "") (map#4 "")
L 03/23/2017 - 23:23:19: [mapsmenu.amxx] Vote: Voting successful. Map will be changed to deathrun_pizdabol2
L 03/23/2017 - 23:25:51: [admincmd.amxx] Cmd: "SWAGGIE. XD<731><VALVE_0:4:862961770><>" slay "<Warrior> Player<751><STEAM_0:0:1324096822><>"
L 03/23/2017 - 23:26:05: [admincmd.amxx] Cmd: "SWAGGIE. XD<731><VALVE_0:4:862961770><>" slay "<Warrior> Player<751><STEAM_0:0:1324096822><>"
L 03/23/2017 - 23:26:12: [admincmd.amxx] Cmd: "SWAGGIE. XD<731><VALVE_0:4:862961770><>" slay "SxR<754><VALVE_0:4:59132667><>"
L 03/23/2017 - 23:26:20: [admin.amxx] Login: "SWAGGIE. XD<757><VALVE_0:4:862961770><>" became an admin (account "SWAGGIE. XD") (access "bi") (address "109.98.131.207")
L 03/23/2017 - 23:26:26: [admincmd.amxx] Cmd: "Dr.FioriGinal.Ro ~ Server Clasi<0><><>" slay "SWAGGIE. XD<757><VALVE_0:4:862961770><>"
L 03/23/2017 - 23:32:36: -------- Mapchange to deathrun_pizdabol2 --------
L 03/23/2017 - 23:32:38: [AMXX] Failed to open dictionary file: cstrike/addons/amxmodx/data/lang/walkguard.txt
L 03/23/2017 - 23:32:38: [walkguard.amxx] no zone-file found
L 03/23/2017 - 23:32:43: [admin.amxx] Login: "SWAGGIE. XD<762><VALVE_0:4:862961770><>" became an admin (account "SWAGGIE. XD") (access "bi") (address "109.98.131.207")
L 03/23/2017 - 23:33:13: [slayafk.amxx] SxR a primit slay, deoarece a fost afk mai mult de 30 secunde
L 03/23/2017 - 23:35:13: [slayafk.amxx] S7e7v7e7N a primit slay, deoarece a fost afk mai mult de 30 secunde
L 03/23/2017 - 23:36:03: [admincmd.amxx] Cmd: "Dr.FioriGinal.Ro ~ Server Clasi<0><><>" slay "william.<769><STEAM_0:1:123359479><>"
L 03/23/2017 - 23:36:04: [admincmd.amxx] Cmd: "Dr.FioriGinal.Ro ~ Server Clasi<0><><>" slay "tiganu<770><STEAM_0:0:187978272><>"
L 03/23/2017 - 23:36:15: [admincmd.amxx] Cmd: "SWAGGIE. XD<762><VALVE_0:4:862961770><>" slay "tiganu<770><STEAM_0:0:187978272><>"
L 03/23/2017 - 23:36:18: [admincmd.amxx] Cmd: "SWAGGIE. XD<762><VALVE_0:4:862961770><>" slay "william.<769><STEAM_0:1:123359479><>"
L 03/23/2017 - 23:36:20: [admincmd.amxx] Cmd: "SWAGGIE. XD<762><VALVE_0:4:862961770><>" slay "william.<769><STEAM_0:1:123359479><>"
L 03/23/2017 - 23:36:22: [admincmd.amxx] Cmd: "SWAGGIE. XD<762><VALVE_0:4:862961770><>" slay "william.<769><STEAM_0:1:123359479><>"
L 03/23/2017 - 23:36:24: [admincmd.amxx] Cmd: "SWAGGIE. XD<762><VALVE_0:4:862961770><>" slay "william.<769><STEAM_0:1:123359479><>"
L 03/23/2017 - 23:36:26: [admincmd.amxx] Cmd: "SWAGGIE. XD<762><VALVE_0:4:862961770><>" slay "william.<769><STEAM_0:1:123359479><>"
L 03/23/2017 - 23:36:28: [admincmd.amxx] Cmd: "SWAGGIE. XD<762><VALVE_0:4:862961770><>" slay "william.<769><STEAM_0:1:123359479><>"
L 03/23/2017 - 23:36:30: [admincmd.amxx] Cmd: "SWAGGIE. XD<762><VALVE_0:4:862961770><>" slay "william.<769><STEAM_0:1:123359479><>"
L 03/23/2017 - 23:40:28: [admincmd.amxx] Cmd: "Dr.FioriGinal.Ro ~ Server Clasi<0><><>" slay "tiganu<774><STEAM_0:0:187978272><>"
L 03/23/2017 - 23:43:02: [admincmd.amxx] Cmd: "Dr.FioriGinal.Ro ~ Server Clasi<0><><>" slay "tiganu<775><STEAM_0:0:187978272><>"
L 03/23/2017 - 23:45:58: [admincmd.amxx] Cmd: "Dr.FioriGinal.Ro ~ Server Clasi<0><><>" slay "tiganu<777><STEAM_0:0:187978272><>"
L 03/23/2017 - 23:55:15: [admincmd.amxx] Cmd: "Dr.FioriGinal.Ro ~ Server Clasi<0><><>" slay "tiganu<782><STEAM_0:0:187978272><>"
L 03/23/2017 - 23:56:35: [mapsmenu.amxx] Vote: "SWAGGIE. XD<762><VALVE_0:4:862961770><>" vote maps (map#1 "deathrun_death_hard") (map#2 "deathrun_jinglebells") (map#3 "") (map#4 "")
L 03/23/2017 - 23:56:47: [mapsmenu.amxx] Vote: Voting successful. Map will be changed to deathrun_death_hard
L 03/23/2017 - 23:58:40: -------- Mapchange to deathrun_death_hard --------
L 03/23/2017 - 23:58:42: [AMXX] Failed to open dictionary file: cstrike/addons/amxmodx/data/lang/walkguard.txt
L 03/23/2017 - 23:58:43: [walkguard.amxx] no zone-file found
L 03/23/2017 - 23:58:53: [admin.amxx] Login: "SWAGGIE. XD<788><VALVE_0:4:862961770><>" became an admin (account "SWAGGIE. XD") (access "bi") (address "109.98.131.207")
