L 05/02/2017 - 00:03:00: [admincmd.amxx] Cmd: "Dr.FioriGinal.Ro ~ Server Clasi<0><><>" slay "You.Keika<245><VALVE_0:4:1756020970><>"
L 05/02/2017 - 00:08:46: -------- Mapchange to deathrun_privateers --------
L 05/02/2017 - 00:08:47: [AMXX] Failed to open dictionary file: cstrike/addons/amxmodx/data/lang/walkguard.txt
L 05/02/2017 - 00:08:48: [walkguard.amxx] no zone-file found
L 05/02/2017 - 00:34:23: -------- Mapchange to deathrun_rizzy_x --------
L 05/02/2017 - 00:34:25: [AMXX] Failed to open dictionary file: cstrike/addons/amxmodx/data/lang/walkguard.txt
L 05/02/2017 - 00:34:26: [walkguard.amxx] no zone-file found
L 05/02/2017 - 01:06:06: -------- Mapchange to deathrun_ghosts --------
L 05/02/2017 - 01:06:07: [AMXX] Failed to open dictionary file: cstrike/addons/amxmodx/data/lang/walkguard.txt
L 05/02/2017 - 01:06:08: [walkguard.amxx] no zone-file found
L 05/02/2017 - 02:15:17: -------- Mapchange to deathrun_sk_occult --------
L 05/02/2017 - 02:15:19: [AMXX] Failed to open dictionary file: cstrike/addons/amxmodx/data/lang/walkguard.txt
L 05/02/2017 - 02:15:20: [walkguard.amxx] no zone-file found
L 05/02/2017 - 03:04:12: -------- Mapchange to deathrun_jigsaw2 --------
L 05/02/2017 - 03:04:14: [AMXX] Failed to open dictionary file: cstrike/addons/amxmodx/data/lang/walkguard.txt
L 05/02/2017 - 03:04:15: [walkguard.amxx] no zone-file found
L 05/02/2017 - 03:33:53: -------- Mapchange to deathrun_christmas --------
L 05/02/2017 - 03:33:55: [AMXX] Failed to open dictionary file: cstrike/addons/amxmodx/data/lang/walkguard.txt
L 05/02/2017 - 03:33:56: [walkguard.amxx] no zone-file found
L 05/02/2017 - 05:44:36: -------- Mapchange to deathrun_jinglebells2 --------
L 05/02/2017 - 05:44:38: [AMXX] Failed to open dictionary file: cstrike/addons/amxmodx/data/lang/walkguard.txt
L 05/02/2017 - 05:44:38: [walkguard.amxx] no zone-file found
L 05/02/2017 - 07:42:49: -------- Mapchange to deathrun_gb_winter_final4 --------
L 05/02/2017 - 07:42:50: [AMXX] Failed to open dictionary file: cstrike/addons/amxmodx/data/lang/walkguard.txt
L 05/02/2017 - 07:42:51: [walkguard.amxx] no zone-file found
L 05/02/2017 - 08:25:58: -------- Mapchange to deathrun_expres-winter --------
L 05/02/2017 - 08:25:59: [AMXX] Failed to open dictionary file: cstrike/addons/amxmodx/data/lang/walkguard.txt
L 05/02/2017 - 08:26:00: [walkguard.amxx] no zone-file found
L 05/02/2017 - 08:52:03: -------- Mapchange to deathrun_alleywinter --------
L 05/02/2017 - 08:52:04: [AMXX] Failed to open dictionary file: cstrike/addons/amxmodx/data/lang/walkguard.txt
L 05/02/2017 - 08:52:05: [walkguard.amxx] no zone-file found
L 05/02/2017 - 09:58:40: -------- Mapchange to deathrun_trenal_lux --------
L 05/02/2017 - 09:58:41: [AMXX] Failed to open dictionary file: cstrike/addons/amxmodx/data/lang/walkguard.txt
L 05/02/2017 - 09:58:42: [walkguard.amxx] no zone-file found
L 05/02/2017 - 10:06:09: [admincmd.amxx] Cmd: "Dr.FioriGinal.Ro ~ Server Clasi<0><><>" slay "[EX]dana<338><STEAM_0:0:467126468><>"
L 05/02/2017 - 10:07:01: [admincmd.amxx] Cmd: "Dr.FioriGinal.Ro ~ Server Clasi<0><><>" slay "[EX]dana<340><STEAM_0:0:467126468><>"
L 05/02/2017 - 10:14:21: [admincmd.amxx] Cmd: "Dr.FioriGinal.Ro ~ Server Clasi<0><><>" slay "[EX]dana<344><STEAM_0:0:467126468><>"
L 05/02/2017 - 10:14:24: [admincmd.amxx] Cmd: "Dr.FioriGinal.Ro ~ Server Clasi<0><><>" slay "GABY<345><VALVE_0:4:77683058><>"
L 05/02/2017 - 10:17:20: [admincmd.amxx] Cmd: "Dr.FioriGinal.Ro ~ Server Clasi<0><><>" slay "GABY<346><VALVE_0:4:77683058><>"
L 05/02/2017 - 10:17:35: [admincmd.amxx] Cmd: "Dr.FioriGinal.Ro ~ Server Clasi<0><><>" slay "GABY<347><VALVE_0:4:77683058><>"
L 05/02/2017 - 10:23:49: [admincmd.amxx] Cmd: "Dr.FioriGinal.Ro ~ Server Clasi<0><><>" slay "GABY<348><VALVE_0:4:77683058><>"
L 05/02/2017 - 10:25:31: [admincmd.amxx] Cmd: "Dr.FioriGinal.Ro ~ Server Clasi<0><><>" slay "GABY<349><VALVE_0:4:77683058><>"
L 05/02/2017 - 10:26:12: [slayafk.amxx] GABY a primit slay, deoarece a fost afk mai mult de 30 secunde
L 05/02/2017 - 10:42:31: -------- Mapchange to deathrun_greyskull --------
L 05/02/2017 - 10:42:33: [AMXX] Failed to open dictionary file: cstrike/addons/amxmodx/data/lang/walkguard.txt
L 05/02/2017 - 10:42:34: [walkguard.amxx] no zone-file found
L 05/02/2017 - 10:56:22: [admincmd.amxx] Cmd: "Dr.FioriGinal.Ro ~ Server Clasi<0><><>" slay "dNk|sCaRy<355><VALVE_0:4:10966899><>"
L 05/02/2017 - 11:23:48: -------- Mapchange to deathrun_stronghold_beta1 --------
L 05/02/2017 - 11:23:50: [AMXX] Failed to open dictionary file: cstrike/addons/amxmodx/data/lang/walkguard.txt
L 05/02/2017 - 11:23:50: [walkguard.amxx] no zone-file found
L 05/02/2017 - 12:08:08: -------- Mapchange to deathrun_aztecan_beta1 --------
L 05/02/2017 - 12:08:10: [AMXX] Failed to open dictionary file: cstrike/addons/amxmodx/data/lang/walkguard.txt
L 05/02/2017 - 12:08:11: [walkguard.amxx] no zone-file found
L 05/02/2017 - 12:22:16: [admin.amxx] Login: "Bidi<375><STEAM_0:0:1635644283><>" became an admin (account "Bidi") (access "bit") (address "93.114.123.233")
L 05/02/2017 - 12:22:18: [admin.amxx] Login: "Bidi<376><STEAM_0:0:1635644283><>" became an admin (account "Bidi") (access "bit") (address "93.114.123.233")
L 05/02/2017 - 12:51:01: -------- Mapchange to deathrun_pyramid --------
L 05/02/2017 - 12:51:03: [AMXX] Failed to open dictionary file: cstrike/addons/amxmodx/data/lang/walkguard.txt
L 05/02/2017 - 12:51:04: [walkguard.amxx] no zone-file found
L 05/02/2017 - 12:53:50: [admin.amxx] Login: "tiganu<387><STEAM_0:0:187978272><>" became an admin (account "tiganu") (access "b") (address "86.124.218.127")
L 05/02/2017 - 12:57:25: [admin.amxx] Login: "tiganu<387><STEAM_0:0:187978272><>" became an admin (account "tiganu") (access "b") (address "86.124.218.127")
L 05/02/2017 - 12:59:00: [admin.amxx] Login: "tiganu<387><STEAM_0:0:187978272><>" became an admin (account "tiganu") (access "b") (address "86.124.218.127")
L 05/02/2017 - 12:59:11: [admin.amxx] Login: "tiganu<389><STEAM_0:0:187978272><>" became an admin (account "tiganu") (access "b") (address "86.124.218.127")
L 05/02/2017 - 12:59:17: [admincmd.amxx] Cmd: "Dr.FioriGinal.Ro ~ Server Clasi<0><><>" slay "tiganu<389><STEAM_0:0:187978272><>"
L 05/02/2017 - 13:07:40: [admin.amxx] Login: "tiganu<389><STEAM_0:0:187978272><>" became an admin (account "tiganu") (access "b") (address "86.124.218.127")
L 05/02/2017 - 13:09:57: [admin.amxx] Login: "tiganu<390><STEAM_0:0:187978272><>" became an admin (account "tiganu") (access "b") (address "86.124.218.127")
L 05/02/2017 - 13:39:18: [admin.amxx] Login: "cool<391><STEAM_0:1:25922700><>" became an admin (account "cool") (access "b") (address "5.14.108.166")
L 05/02/2017 - 13:40:03: -------- Mapchange to deathrun_standup --------
L 05/02/2017 - 13:40:05: [AMXX] Failed to open dictionary file: cstrike/addons/amxmodx/data/lang/walkguard.txt
L 05/02/2017 - 13:40:05: [admin.amxx] Login: "cool<391><STEAM_0:1:25922700><>" became an admin (account "cool") (access "b") (address "5.14.108.166")
L 05/02/2017 - 13:40:05: [walkguard.amxx] no zone-file found
L 05/02/2017 - 13:48:58: [admin.amxx] Login: "tiganu<396><STEAM_0:0:187978272><>" became an admin (account "tiganu") (access "b") (address "86.124.218.127")
L 05/02/2017 - 13:57:44: [admin.amxx] Login: "cool<402><STEAM_0:1:25922700><>" became an admin (account "cool") (access "b") (address "5.14.108.166")
L 05/02/2017 - 14:17:57: [admin.amxx] Login: "tiganu<409><STEAM_0:0:187978272><>" became an admin (account "tiganu") (access "b") (address "86.124.218.127")
L 05/02/2017 - 14:18:01: -------- Mapchange to deathrun_sentinel --------
L 05/02/2017 - 14:18:12: -------- Mapchange to deathrun_forest --------
L 05/02/2017 - 14:18:19: [AMXX] Failed to open dictionary file: cstrike/addons/amxmodx/data/lang/walkguard.txt
L 05/02/2017 - 14:18:21: [walkguard.amxx] no zone-file found
L 05/02/2017 - 14:18:30: Invalid multi-lingual line (file "cstrike/addons/amxmodx/data/lang/rom_protect.txt" key "// *ROM-Protect// Plugin OpenSource anti-IsFlooding/bug-fix pentru orice server." lang "")
L 05/02/2017 - 14:18:30: Invalid multi-lingual line (file "cstrike/addons/amxmodx/data/lang/rom_protect.txt" key "// Versiunea : 1.0.4s-dev. Bulid : 98. Data lansarii versiunii : 03.12.2016." lang "")
L 05/02/2017 - 14:18:30: Invalid multi-lingual line (file "cstrike/addons/amxmodx/data/lang/rom_protect.txt" key "// Autor : lüxor # Dr.Fio & DR2.IND (+ eNd.) - SteamID (contact) : luxxxoor" lang "")
L 05/02/2017 - 14:18:30: Invalid multi-lingual line (file "cstrike/addons/amxmodx/data/lang/rom_protect.txt" key "// O productie FioriGinal.ro - site : www.fioriginal.ro" lang "")
L 05/02/2017 - 14:18:30: Invalid multi-lingual line (file "cstrike/addons/amxmodx/data/lang/rom_protect.txt" key "// Link forum de dezvoltare : http://forum.fioriginal.ro/amxmodx-plugins-pluginuri/rom-protect-anti-flood-bug-fix-t28292.html" lang "")
L 05/02/2017 - 14:18:30: Invalid multi-lingual line (file "cstrike/addons/amxmodx/data/lang/rom_protect.txt" key "// Link sursa : https://github.com/luxxxoor/ROM-Protect" lang "")
L 05/02/2017 - 14:18:30: Invalid multi-lingual line (file "cstrike/addons/amxmodx/data/lang/rom_protect.txt" key "// Colori : ^1 - Culoarea aleasa de jucator cu con_color." lang "")
L 05/02/2017 - 14:18:30: Invalid multi-lingual line (file "cstrike/addons/amxmodx/data/lang/rom_protect.txt" key "//          ^3 - Culoare gri." lang "")
L 05/02/2017 - 14:18:30: Invalid multi-lingual line (file "cstrike/addons/amxmodx/data/lang/rom_protect.txt" key "//          ^4 - Culoare verde." lang "")
L 05/02/2017 - 15:01:08: [admin.amxx] Login: "cool<12><STEAM_0:1:25922700><>" became an admin (account "cool") (access "b") (address "5.14.108.166")
L 05/02/2017 - 15:01:17: [admin.amxx] Login: "cool<13><STEAM_0:1:25922700><>" became an admin (account "cool") (access "b") (address "5.14.108.166")
L 05/02/2017 - 15:01:23: [admincmd.amxx] Cmd: "Dr.FioriGinal.Ro ~ Server Clasi<0><><>" slay "cool<13><STEAM_0:1:25922700><>"
L 05/02/2017 - 15:04:28: [mapsmenu.amxx] Vote: "cool<13><STEAM_0:1:25922700><>" vote maps (map#1 "deathrun_heaven_v2") (map#2 "") (map#3 "") (map#4 "")
L 05/02/2017 - 15:04:40: [mapsmenu.amxx] Vote: Voting successful. Map will be changed to deathrun_heaven_v2
L 05/02/2017 - 15:15:47: [admin.amxx] Login: "Kemal Soydere<18><STEAM_0:1:191882096><>" kicked due to invalid password (account "Kemal Soydere") (address "79.114.188.12")
L 05/02/2017 - 15:16:34: [admin.amxx] Login: "Kemal Soydere<19><STEAM_0:1:191882096><>" became an admin (account "Kemal Soydere") (access "b") (address "79.114.188.12")
L 05/02/2017 - 15:17:38: [mapsmenu.amxx] Vote: "Kemal Soydere<19><STEAM_0:1:191882096><>" vote maps (map#1 "deathrun_heaven_v2") (map#2 "deathrun_clarion_dojo_b3") (map#3 "") (map#4 "")
L 05/02/2017 - 15:17:50: [mapsmenu.amxx] Vote: Voting successful. Map will be changed to deathrun_heaven_v2
L 05/02/2017 - 15:18:10: [admincmd.amxx] Cmd: "Kemal Soydere<19><STEAM_0:1:191882096><>" changelevel "deathrun_heaven_v2"
L 05/02/2017 - 15:18:12: -------- Mapchange to deathrun_heaven_v2 --------
L 05/02/2017 - 15:18:13: [AMXX] Failed to open dictionary file: cstrike/addons/amxmodx/data/lang/walkguard.txt
L 05/02/2017 - 15:18:14: [walkguard.amxx] no zone-file found
L 05/02/2017 - 15:18:14: [admin.amxx] Login: "Kemal Soydere<19><STEAM_0:1:191882096><>" became an admin (account "Kemal Soydere") (access "b") (address "79.114.188.12")
L 05/02/2017 - 15:18:14: [admin.amxx] Login: "cool<13><STEAM_0:1:25922700><>" became an admin (account "cool") (access "b") (address "5.14.108.166")
L 05/02/2017 - 15:23:24: [admincmd.amxx] Cmd: "Kemal Soydere<19><STEAM_0:1:191882096><>" ask for players list
L 05/02/2017 - 15:23:25: [adminchat.amxx] Chat: "MiB<27><STEAM_0:0:813078760><>" chat "@http://www49.zippyshare.com/v/u2c5TCBL/file.html"
L 05/02/2017 - 15:23:39: [adminchat.amxx] Chat: "MiB<27><STEAM_0:0:813078760><>" chat "@http://www49.zippyshare.com/v/u2c5TCBL/file.html "
L 05/02/2017 - 15:23:45: [adminchat.amxx] Chat: "MiB<27><STEAM_0:0:813078760><>" chat "@http://www49.zippyshare.com/v/u2c5TCBL/file.html "
L 05/02/2017 - 15:23:45: [adminchat.amxx] Chat: "MiB<27><STEAM_0:0:813078760><>" chat "@http://www49.zippyshare.com/v/u2c5TCBL/file.html "
L 05/02/2017 - 15:23:47: [adminchat.amxx] Chat: "MiB<27><STEAM_0:0:813078760><>" chat "@http://www49.zippyshare.com/v/u2c5TCBL/file.html "
L 05/02/2017 - 15:23:48: [adminchat.amxx] Chat: "MiB<27><STEAM_0:0:813078760><>" chat "@http://www49.zippyshare.com/v/u2c5TCBL/file.html "
L 05/02/2017 - 15:41:27: [admin.amxx] Login: "wadafac!<41><VALVE_0:4:1629291203><>" became an admin (account "wadafac!") (access "b") (address "62.231.102.107")
L 05/02/2017 - 15:44:32: -------- Mapchange to deathrun_long_run --------
L 05/02/2017 - 15:44:33: [AMXX] Failed to open dictionary file: cstrike/addons/amxmodx/data/lang/walkguard.txt
L 05/02/2017 - 15:44:34: [walkguard.amxx] no zone-file found
L 05/02/2017 - 15:44:34: [admin.amxx] Login: "wadafac!<41><VALVE_0:4:1629291203><>" became an admin (account "wadafac!") (access "b") (address "62.231.102.107")
L 05/02/2017 - 15:44:54: [admincmd.amxx] Cmd: "wadafac!<41><VALVE_0:4:1629291203><>" ask for players list
L 05/02/2017 - 15:45:11: [adminchat.amxx] Chat: "GODforSAKEN # Harrom<44><VALVE_0:4:1889422331><>" chat ""
L 05/02/2017 - 15:58:24: [admincmd.amxx] Cmd: "Dr.FioriGinal.Ro ~ Server Clasi<0><><>" slay "MiB<55><STEAM_0:0:813078760><>"
L 05/02/2017 - 16:13:07: [admin.amxx] Login: "tiganu<61><STEAM_0:0:187978272><>" became an admin (account "tiganu") (access "b") (address "86.124.218.127")
L 05/02/2017 - 16:15:46: [admin.amxx] Login: "tiganu<65><STEAM_0:0:187978272><>" became an admin (account "tiganu") (access "b") (address "86.124.218.127")
L 05/02/2017 - 16:15:52: [admincmd.amxx] Cmd: "Dr.FioriGinal.Ro ~ Server Clasi<0><><>" slay "tiganu<65><STEAM_0:0:187978272><>"
L 05/02/2017 - 16:20:54: [slayafk.amxx] mitica a primit slay, deoarece a fost afk mai mult de 30 secunde
L 05/02/2017 - 16:27:54: [slayafk.amxx] Kira a primit slay, deoarece a fost afk mai mult de 30 secunde
L 05/02/2017 - 16:32:03: [admin.amxx] Login: "tiganu<76><STEAM_0:0:187978272><>" became an admin (account "tiganu") (access "b") (address "86.124.218.127")
L 05/02/2017 - 16:33:09: [slayafk.amxx] MiB a primit slay, deoarece a fost afk mai mult de 30 secunde
L 05/02/2017 - 16:33:44: [slayafk.amxx] tiganu a primit slay, deoarece a fost afk mai mult de 30 secunde
L 05/02/2017 - 16:34:24: [slayafk.amxx] MiB a primit slay, deoarece a fost afk mai mult de 30 secunde
L 05/02/2017 - 16:35:09: [slayafk.amxx] MiB a primit slay, deoarece a fost afk mai mult de 30 secunde
L 05/02/2017 - 16:35:55: [admin.amxx] Login: "tiganu<80><STEAM_0:0:187978272><>" became an admin (account "tiganu") (access "b") (address "86.124.218.127")
L 05/02/2017 - 16:36:01: [admincmd.amxx] Cmd: "Dr.FioriGinal.Ro ~ Server Clasi<0><><>" slay "tiganu<80><STEAM_0:0:187978272><>"
L 05/02/2017 - 16:36:24: [slayafk.amxx] MiB a primit slay, deoarece a fost afk mai mult de 30 secunde
L 05/02/2017 - 16:39:24: [slayafk.amxx] MiB a primit slay, deoarece a fost afk mai mult de 30 secunde
L 05/02/2017 - 16:39:25: [admin.amxx] Login: "NebunieX<84><STEAM_0:0:53596872><>" became an admin (account "Nebuniex") (access "bit") (address "79.116.192.95")
L 05/02/2017 - 16:39:27: [admin.amxx] Login: "NebunieX<85><STEAM_0:0:53596872><>" became an admin (account "Nebuniex") (access "bit") (address "79.116.192.95")
L 05/02/2017 - 16:40:04: [slayafk.amxx] BombilO a primit slay, deoarece a fost afk mai mult de 30 secunde
L 05/02/2017 - 16:41:19: [slayafk.amxx] MiB a primit slay, deoarece a fost afk mai mult de 30 secunde
L 05/02/2017 - 16:41:59: [slayafk.amxx] MiB a primit slay, deoarece a fost afk mai mult de 30 secunde
L 05/02/2017 - 16:42:39: [slayafk.amxx] MiB a primit slay, deoarece a fost afk mai mult de 30 secunde
L 05/02/2017 - 16:45:29: [slayafk.amxx] MiB a primit slay, deoarece a fost afk mai mult de 30 secunde
L 05/02/2017 - 16:45:40: [admin.amxx] Login: "tiganu<91><STEAM_0:0:187978272><>" became an admin (account "tiganu") (access "b") (address "86.124.218.127")
L 05/02/2017 - 16:46:54: [slayafk.amxx] MiB a primit slay, deoarece a fost afk mai mult de 30 secunde
L 05/02/2017 - 16:48:04: [slayafk.amxx] MiB a primit slay, deoarece a fost afk mai mult de 30 secunde
L 05/02/2017 - 16:48:54: [slayafk.amxx] MiB a primit slay, deoarece a fost afk mai mult de 30 secunde
L 05/02/2017 - 16:49:44: [slayafk.amxx] MiB a primit slay, deoarece a fost afk mai mult de 30 secunde
L 05/02/2017 - 16:50:39: [slayafk.amxx] MiB a primit slay, deoarece a fost afk mai mult de 30 secunde
L 05/02/2017 - 16:51:34: [slayafk.amxx] MiB a primit slay, deoarece a fost afk mai mult de 30 secunde
L 05/02/2017 - 16:52:24: [slayafk.amxx] MiB a primit slay, deoarece a fost afk mai mult de 30 secunde
L 05/02/2017 - 16:53:34: [slayafk.amxx] MiB a primit slay, deoarece a fost afk mai mult de 30 secunde
L 05/02/2017 - 16:53:37: -------- Mapchange to deathrun_virtualstrike --------
L 05/02/2017 - 16:53:38: [AMXX] Failed to open dictionary file: cstrike/addons/amxmodx/data/lang/walkguard.txt
L 05/02/2017 - 16:53:39: [walkguard.amxx] no zone-file found
L 05/02/2017 - 16:55:39: [slayafk.amxx] MiB a primit slay, deoarece a fost afk mai mult de 30 secunde
L 05/02/2017 - 16:56:14: [slayafk.amxx] MiB a primit slay, deoarece a fost afk mai mult de 30 secunde
L 05/02/2017 - 16:57:49: [slayafk.amxx] DoZe a primit slay, deoarece a fost afk mai mult de 30 secunde
L 05/02/2017 - 16:58:24: [slayafk.amxx] MiB a primit slay, deoarece a fost afk mai mult de 30 secunde
L 05/02/2017 - 16:59:09: [slayafk.amxx] DoZe a primit slay, deoarece a fost afk mai mult de 30 secunde
L 05/02/2017 - 16:59:49: [slayafk.amxx] MiB a primit slay, deoarece a fost afk mai mult de 30 secunde
L 05/02/2017 - 17:00:29: [slayafk.amxx] DoZe a primit slay, deoarece a fost afk mai mult de 30 secunde
L 05/02/2017 - 17:02:34: [slayafk.amxx] MiB a primit slay, deoarece a fost afk mai mult de 30 secunde
L 05/02/2017 - 17:03:14: [slayafk.amxx] DoZe a primit slay, deoarece a fost afk mai mult de 30 secunde
L 05/02/2017 - 17:03:54: [slayafk.amxx] DoZe a primit slay, deoarece a fost afk mai mult de 30 secunde
L 05/02/2017 - 17:03:59: [slayafk.amxx] MiB a primit slay, deoarece a fost afk mai mult de 30 secunde
L 05/02/2017 - 17:04:34: [slayafk.amxx] MiB a primit slay, deoarece a fost afk mai mult de 30 secunde
L 05/02/2017 - 17:05:14: [slayafk.amxx] DoZe a primit slay, deoarece a fost afk mai mult de 30 secunde
L 05/02/2017 - 17:05:49: [slayafk.amxx] MiB a primit slay, deoarece a fost afk mai mult de 30 secunde
L 05/02/2017 - 17:06:29: [slayafk.amxx] DoZe a primit slay, deoarece a fost afk mai mult de 30 secunde
L 05/02/2017 - 17:07:04: [slayafk.amxx] MiB a primit slay, deoarece a fost afk mai mult de 30 secunde
L 05/02/2017 - 17:07:44: [slayafk.amxx] DoZe a primit slay, deoarece a fost afk mai mult de 30 secunde
L 05/02/2017 - 17:07:44: [slayafk.amxx] MiB a primit slay, deoarece a fost afk mai mult de 30 secunde
L 05/02/2017 - 17:08:24: [slayafk.amxx] DoZe a primit slay, deoarece a fost afk mai mult de 30 secunde
L 05/02/2017 - 17:09:29: [slayafk.amxx] MiB a primit slay, deoarece a fost afk mai mult de 30 secunde
L 05/02/2017 - 17:09:34: [slayafk.amxx] DoZe a primit slay, deoarece a fost afk mai mult de 30 secunde
L 05/02/2017 - 17:10:14: [slayafk.amxx] MiB a primit slay, deoarece a fost afk mai mult de 30 secunde
L 05/02/2017 - 17:11:04: [slayafk.amxx] DoZe a primit slay, deoarece a fost afk mai mult de 30 secunde
L 05/02/2017 - 17:11:09: [slayafk.amxx] MiB a primit slay, deoarece a fost afk mai mult de 30 secunde
L 05/02/2017 - 17:11:59: [slayafk.amxx] DoZe a primit slay, deoarece a fost afk mai mult de 30 secunde
L 05/02/2017 - 17:13:29: [slayafk.amxx] leu25 a primit slay, deoarece a fost afk mai mult de 30 secunde
L 05/02/2017 - 17:13:59: [slayafk.amxx] MiB a primit slay, deoarece a fost afk mai mult de 30 secunde
L 05/02/2017 - 17:15:19: [slayafk.amxx] DoZe a primit slay, deoarece a fost afk mai mult de 30 secunde
L 05/02/2017 - 17:15:54: [slayafk.amxx] MiB a primit slay, deoarece a fost afk mai mult de 30 secunde
L 05/02/2017 - 17:16:29: [slayafk.amxx] DoZe a primit slay, deoarece a fost afk mai mult de 30 secunde
L 05/02/2017 - 17:18:24: [slayafk.amxx] MiB a primit slay, deoarece a fost afk mai mult de 30 secunde
L 05/02/2017 - 17:18:29: [slayafk.amxx] DoZe a primit slay, deoarece a fost afk mai mult de 30 secunde
L 05/02/2017 - 17:19:24: [slayafk.amxx] DoZe a primit slay, deoarece a fost afk mai mult de 30 secunde
L 05/02/2017 - 17:19:59: [slayafk.amxx] MiB a primit slay, deoarece a fost afk mai mult de 30 secunde
L 05/02/2017 - 17:20:04: [slayafk.amxx] DoZe a primit slay, deoarece a fost afk mai mult de 30 secunde
L 05/02/2017 - 17:20:49: [slayafk.amxx] DoZe a primit slay, deoarece a fost afk mai mult de 30 secunde
L 05/02/2017 - 17:20:49: [slayafk.amxx] MiB a primit slay, deoarece a fost afk mai mult de 30 secunde
L 05/02/2017 - 17:21:58: -------- Mapchange to deathrun_nightrun_beta3 --------
L 05/02/2017 - 17:21:59: [AMXX] Failed to open dictionary file: cstrike/addons/amxmodx/data/lang/walkguard.txt
L 05/02/2017 - 17:22:00: [walkguard.amxx] no zone-file found
L 05/02/2017 - 17:40:35: [slayafk.amxx] MiB a primit slay, deoarece a fost afk mai mult de 30 secunde
L 05/02/2017 - 17:41:53: [admin.amxx] Login: "cool<128><STEAM_0:1:25922700><>" became an admin (account "cool") (access "b") (address "5.14.108.166")
L 05/02/2017 - 17:42:34: [slayafk.amxx] MiB a primit slay, deoarece a fost afk mai mult de 30 secunde
L 05/02/2017 - 17:48:50: -------- Mapchange to deathrun_0mega --------
L 05/02/2017 - 17:48:51: [AMXX] Failed to open dictionary file: cstrike/addons/amxmodx/data/lang/walkguard.txt
L 05/02/2017 - 17:48:52: [walkguard.amxx] no zone-file found
L 05/02/2017 - 17:52:19: [admin.amxx] Login: "cool<137><STEAM_0:1:25922700><>" became an admin (account "cool") (access "b") (address "5.14.108.166")
L 05/02/2017 - 17:55:53: [admincmd.amxx] Cmd: "Dr.FioriGinal.Ro ~ Server Clasi<0><><>" slay "Shaorma<138><STEAM_0:0:497727529><>"
L 05/02/2017 - 18:15:35: -------- Mapchange to deathrun_discovery3 --------
L 05/02/2017 - 18:15:37: [AMXX] Failed to open dictionary file: cstrike/addons/amxmodx/data/lang/walkguard.txt
L 05/02/2017 - 18:15:38: [walkguard.amxx] no zone-file found
L 05/02/2017 - 18:24:04: [admincmd.amxx] Cmd: "Dr.FioriGinal.Ro ~ Server Clasi<0><><>" slay "RuslaNNN<153><STEAM_0:0:80262703><>"
L 05/02/2017 - 18:28:17: [admincmd.amxx] Cmd: "Dr.FioriGinal.Ro ~ Server Clasi<0><><>" slay "iRaphael<155><STEAM_0:0:1701559835><>"
L 05/02/2017 - 18:47:07: [slayafk.amxx] alex a primit slay, deoarece a fost afk mai mult de 30 secunde
L 05/02/2017 - 18:58:30: [admin.amxx] Login: "cool<172><STEAM_0:1:25922700><>" became an admin (account "cool") (access "b") (address "5.14.108.166")
L 05/02/2017 - 18:58:32: -------- Mapchange to deathrun_adi_blurez --------
L 05/02/2017 - 18:58:33: [AMXX] Failed to open dictionary file: cstrike/addons/amxmodx/data/lang/walkguard.txt
L 05/02/2017 - 18:58:34: [walkguard.amxx] no zone-file found
L 05/02/2017 - 18:59:06: [admin.amxx] Login: "cool<178><STEAM_0:1:25922700><>" became an admin (account "cool") (access "b") (address "5.14.108.166")
L 05/02/2017 - 19:11:09: [slayafk.amxx] RuslaNNN a primit slay, deoarece a fost afk mai mult de 30 secunde
L 05/02/2017 - 19:17:14: [slayafk.amxx] Somalia a primit slay, deoarece a fost afk mai mult de 30 secunde
L 05/02/2017 - 19:20:55: [admincmd.amxx] Cmd: "Dr.FioriGinal.Ro ~ Server Clasi<0><><>" slay "RuslaNNN<194><STEAM_0:0:80262703><>"
L 05/02/2017 - 19:20:59: [admincmd.amxx] Cmd: "Dr.FioriGinal.Ro ~ Server Clasi<0><><>" slay "Vincent<196><STEAM_0:1:177205481><>"
L 05/02/2017 - 19:21:05: [admincmd.amxx] Cmd: "Dr.FioriGinal.Ro ~ Server Clasi<0><><>" slay "Somalia<197><VALVE_0:4:429258718><>"
L 05/02/2017 - 19:21:50: [admincmd.amxx] Cmd: "Dr.FioriGinal.Ro ~ Server Clasi<0><><>" slay "Like<201><STEAM_0:0:9786116><>"
L 05/02/2017 - 19:24:23: -------- Mapchange to deathrun_2h_estonia --------
L 05/02/2017 - 19:24:25: [AMXX] Failed to open dictionary file: cstrike/addons/amxmodx/data/lang/walkguard.txt
L 05/02/2017 - 19:24:26: [walkguard.amxx] no zone-file found
L 05/02/2017 - 19:52:56: -------- Mapchange to deathrun_y_underground --------
L 05/02/2017 - 19:52:58: [AMXX] Failed to open dictionary file: cstrike/addons/amxmodx/data/lang/walkguard.txt
L 05/02/2017 - 19:52:59: [walkguard.amxx] no zone-file found
L 05/02/2017 - 19:54:38: [slayafk.amxx] slavik. a primit slay, deoarece a fost afk mai mult de 30 secunde
L 05/02/2017 - 19:55:18: [slayafk.amxx] slavik. a primit slay, deoarece a fost afk mai mult de 30 secunde
L 05/02/2017 - 19:55:58: [slayafk.amxx] slavik. a primit slay, deoarece a fost afk mai mult de 30 secunde
L 05/02/2017 - 19:56:38: [slayafk.amxx] slavik. a primit slay, deoarece a fost afk mai mult de 30 secunde
L 05/02/2017 - 19:57:18: [slayafk.amxx] slavik. a primit slay, deoarece a fost afk mai mult de 30 secunde
L 05/02/2017 - 19:57:58: [slayafk.amxx] slavik. a primit slay, deoarece a fost afk mai mult de 30 secunde
L 05/02/2017 - 19:58:38: [slayafk.amxx] slavik. a primit slay, deoarece a fost afk mai mult de 30 secunde
L 05/02/2017 - 19:59:18: [slayafk.amxx] slavik. a primit slay, deoarece a fost afk mai mult de 30 secunde
L 05/02/2017 - 19:59:58: [slayafk.amxx] slavik. a primit slay, deoarece a fost afk mai mult de 30 secunde
L 05/02/2017 - 20:00:38: [slayafk.amxx] slavik. a primit slay, deoarece a fost afk mai mult de 30 secunde
L 05/02/2017 - 20:01:18: [slayafk.amxx] slavik. a primit slay, deoarece a fost afk mai mult de 30 secunde
L 05/02/2017 - 20:01:58: [slayafk.amxx] slavik. a primit slay, deoarece a fost afk mai mult de 30 secunde
L 05/02/2017 - 20:02:38: [slayafk.amxx] slavik. a primit slay, deoarece a fost afk mai mult de 30 secunde
L 05/02/2017 - 20:03:18: [slayafk.amxx] slavik. a primit slay, deoarece a fost afk mai mult de 30 secunde
L 05/02/2017 - 20:03:58: [slayafk.amxx] slavik. a primit slay, deoarece a fost afk mai mult de 30 secunde
L 05/02/2017 - 20:04:38: [slayafk.amxx] slavik. a primit slay, deoarece a fost afk mai mult de 30 secunde
L 05/02/2017 - 20:05:38: [slayafk.amxx] slavik. a primit slay, deoarece a fost afk mai mult de 30 secunde
L 05/02/2017 - 20:12:28: [admincmd.amxx] Cmd: "Dr.FioriGinal.Ro ~ Server Clasi<0><><>" slay "RuslaNNN<252><STEAM_0:0:80262703><>"
L 05/02/2017 - 20:12:36: [admincmd.amxx] Cmd: "Dr.FioriGinal.Ro ~ Server Clasi<0><><>" slay "[EX]dana<253><STEAM_0:0:467126468><>"
L 05/02/2017 - 20:12:37: [admincmd.amxx] Cmd: "Dr.FioriGinal.Ro ~ Server Clasi<0><><>" slay "RuslaNNN<254><STEAM_0:0:80262703><>"
L 05/02/2017 - 20:19:49: [admincmd.amxx] Cmd: "Dr.FioriGinal.Ro ~ Server Clasi<0><><>" slay "RuslaNNN<261><STEAM_0:0:80262703><>"
L 05/02/2017 - 20:19:52: [admincmd.amxx] Cmd: "Dr.FioriGinal.Ro ~ Server Clasi<0><><>" slay "dNk|sCaRy<262><VALVE_0:4:86497139><>"
L 05/02/2017 - 20:25:33: [slayafk.amxx] dNk|sCaRy a primit slay, deoarece a fost afk mai mult de 30 secunde
L 05/02/2017 - 20:26:18: [admin.amxx] Login: "tiganu<269><STEAM_0:0:187978272><>" became an admin (account "tiganu") (access "b") (address "86.124.218.127")
L 05/02/2017 - 20:31:03: [slayafk.amxx] Kinder a primit slay, deoarece a fost afk mai mult de 30 secunde
L 05/02/2017 - 20:37:57: -------- Mapchange to deathrun_privateers --------
L 05/02/2017 - 20:37:58: [AMXX] Failed to open dictionary file: cstrike/addons/amxmodx/data/lang/walkguard.txt
L 05/02/2017 - 20:37:59: [walkguard.amxx] no zone-file found
L 05/02/2017 - 20:37:59: [admin.amxx] Login: "tiganu<269><STEAM_0:0:187978272><>" became an admin (account "tiganu") (access "b") (address "86.124.218.127")
L 05/02/2017 - 20:38:22: [admincmd.amxx] Cmd: "Dr.FioriGinal.Ro ~ Server Clasi<0><><>" slay "Bombonic<295><VALVE_0:4:1738012382><>"
L 05/02/2017 - 20:42:49: [slayafk.amxx] FLVXSOW;[ #4RUN a primit slay, deoarece a fost afk mai mult de 30 secunde
L 05/02/2017 - 20:43:59: [slayafk.amxx] FLVXSOW;[ #4RUN a primit slay, deoarece a fost afk mai mult de 30 secunde
L 05/02/2017 - 20:45:24: [slayafk.amxx] Bombonic a primit slay, deoarece a fost afk mai mult de 30 secunde
L 05/02/2017 - 20:46:39: [slayafk.amxx] Bombonic a primit slay, deoarece a fost afk mai mult de 30 secunde
L 05/02/2017 - 20:47:44: [slayafk.amxx] Bombonic a primit slay, deoarece a fost afk mai mult de 30 secunde
L 05/02/2017 - 20:49:39: [slayafk.amxx] Bombonic a primit slay, deoarece a fost afk mai mult de 30 secunde
L 05/02/2017 - 20:50:44: [slayafk.amxx] Urs a primit slay, deoarece a fost afk mai mult de 30 secunde
L 05/02/2017 - 20:51:49: [slayafk.amxx] Bombonic a primit slay, deoarece a fost afk mai mult de 30 secunde
L 05/02/2017 - 20:52:34: [slayafk.amxx] Urs a primit slay, deoarece a fost afk mai mult de 30 secunde
L 05/02/2017 - 20:52:37: [admin.amxx] Login: "NebunieX<300><STEAM_0:0:53596872><>" became an admin (account "Nebuniex") (access "bit") (address "79.116.192.95")
L 05/02/2017 - 20:52:45: [admin.amxx] Login: "NebunieX<301><STEAM_0:0:53596872><>" became an admin (account "Nebuniex") (access "bit") (address "79.116.192.95")
L 05/02/2017 - 20:54:09: [slayafk.amxx] Bombonic a primit slay, deoarece a fost afk mai mult de 30 secunde
L 05/02/2017 - 20:55:49: [slayafk.amxx] Urs a primit slay, deoarece a fost afk mai mult de 30 secunde
L 05/02/2017 - 20:56:59: [slayafk.amxx] Urs a primit slay, deoarece a fost afk mai mult de 30 secunde
L 05/02/2017 - 20:57:34: [slayafk.amxx] Bombonic a primit slay, deoarece a fost afk mai mult de 30 secunde
L 05/02/2017 - 20:57:39: [slayafk.amxx] Urs a primit slay, deoarece a fost afk mai mult de 30 secunde
L 05/02/2017 - 20:58:19: [slayafk.amxx] Urs a primit slay, deoarece a fost afk mai mult de 30 secunde
L 05/02/2017 - 20:58:49: [slayafk.amxx] Bombonic a primit slay, deoarece a fost afk mai mult de 30 secunde
L 05/02/2017 - 20:59:29: [slayafk.amxx] Urs a primit slay, deoarece a fost afk mai mult de 30 secunde
L 05/02/2017 - 21:00:34: [slayafk.amxx] Bombonic a primit slay, deoarece a fost afk mai mult de 30 secunde
L 05/02/2017 - 21:00:39: [slayafk.amxx] Urs a primit slay, deoarece a fost afk mai mult de 30 secunde
L 05/02/2017 - 21:01:01: [admincmd.amxx] Cmd: "Dr.FioriGinal.Ro ~ Server Clasi<0><><>" slay "Vincent<305><STEAM_0:1:177205481><>"
L 05/02/2017 - 21:03:04: [slayafk.amxx] Urs a primit slay, deoarece a fost afk mai mult de 30 secunde
L 05/02/2017 - 21:03:29: -------- Mapchange to deathrun_rizzy_x --------
L 05/02/2017 - 21:03:31: [AMXX] Failed to open dictionary file: cstrike/addons/amxmodx/data/lang/walkguard.txt
L 05/02/2017 - 21:03:32: [walkguard.amxx] no zone-file found
L 05/02/2017 - 21:17:07: [admin.amxx] Login: "tiganu<320><STEAM_0:0:187978272><>" became an admin (account "tiganu") (access "b") (address "86.124.218.127")
L 05/02/2017 - 21:32:30: [admin.amxx] Login: "tiganu<329><STEAM_0:0:187978272><>" became an admin (account "tiganu") (access "b") (address "86.124.218.127")
L 05/02/2017 - 21:40:11: [admin.amxx] Login: "tiganu<331><STEAM_0:0:187978272><>" became an admin (account "tiganu") (access "b") (address "86.124.218.127")
L 05/02/2017 - 21:42:26: -------- Mapchange to deathrun_ghosts --------
L 05/02/2017 - 21:42:27: [AMXX] Failed to open dictionary file: cstrike/addons/amxmodx/data/lang/walkguard.txt
L 05/02/2017 - 21:42:28: [walkguard.amxx] no zone-file found
L 05/02/2017 - 21:42:29: [admin.amxx] Login: "tiganu<331><STEAM_0:0:187978272><>" became an admin (account "tiganu") (access "b") (address "86.124.218.127")
L 05/02/2017 - 21:42:49: [admin.amxx] Login: "tiganu<336><STEAM_0:0:187978272><>" became an admin (account "tiganu") (access "b") (address "86.124.218.127")
L 05/02/2017 - 21:49:53: [admin.amxx] Login: "tiganu<341><STEAM_0:0:187978272><>" became an admin (account "tiganu") (access "b") (address "86.124.218.127")
L 05/02/2017 - 21:49:59: [admincmd.amxx] Cmd: "Dr.FioriGinal.Ro ~ Server Clasi<0><><>" slay "tiganu<341><STEAM_0:0:187978272><>"
L 05/02/2017 - 21:50:51: [admin.amxx] Login: "tiganu<344><STEAM_0:0:187978272><>" became an admin (account "tiganu") (access "b") (address "86.124.218.127")
L 05/02/2017 - 21:50:57: [admincmd.amxx] Cmd: "Dr.FioriGinal.Ro ~ Server Clasi<0><><>" slay "tiganu<344><STEAM_0:0:187978272><>"
L 05/02/2017 - 21:51:00: [admin.amxx] Login: "tiganu<345><STEAM_0:0:187978272><>" became an admin (account "tiganu") (access "b") (address "86.124.218.127")
L 05/02/2017 - 22:21:11: -------- Mapchange to deathrun_sk_occult --------
L 05/02/2017 - 22:21:12: [AMXX] Failed to open dictionary file: cstrike/addons/amxmodx/data/lang/walkguard.txt
L 05/02/2017 - 22:21:13: [walkguard.amxx] no zone-file found
L 05/02/2017 - 22:21:36: [admincmd.amxx] Cmd: "Dr.FioriGinal.Ro ~ Server Clasi<0><><>" slay "dNk|sCaRy<370><VALVE_0:4:86497139><>"
L 05/02/2017 - 22:21:47: [slayafk.amxx] Urs a primit slay, deoarece a fost afk mai mult de 30 secunde
L 05/02/2017 - 22:26:42: [slayafk.amxx] Urs a primit slay, deoarece a fost afk mai mult de 30 secunde
L 05/02/2017 - 22:28:18: [slayafk.amxx] Urs a primit slay, deoarece a fost afk mai mult de 30 secunde
L 05/02/2017 - 22:33:11: [admincmd.amxx] Cmd: "Dr.FioriGinal.Ro ~ Server Clasi<0><><>" slay "dNk|sCaRy<374><VALVE_0:4:86497139><>"
L 05/02/2017 - 22:33:33: [slayafk.amxx] Urs a primit slay, deoarece a fost afk mai mult de 30 secunde
L 05/02/2017 - 22:38:59: [admin.amxx] Login: "tiganu<377><STEAM_0:0:187978272><>" became an admin (account "tiganu") (access "b") (address "86.124.218.127")
L 05/02/2017 - 22:40:17: [slayafk.amxx] Urs a primit slay, deoarece a fost afk mai mult de 30 secunde
L 05/02/2017 - 22:40:53: [slayafk.amxx] Urs a primit slay, deoarece a fost afk mai mult de 30 secunde
L 05/02/2017 - 22:45:12: [admin.amxx] Login: "IrreguLar<376><STEAM_0:1:101181073><>" became an admin (account "Irregular") (access "b") (address "79.119.230.36")
