L 05/30/2017 - 00:02:18: -------- Mapchange to deathrun_sk_occult --------
L 05/30/2017 - 00:02:20: [AMXX] Failed to open dictionary file: cstrike/addons/amxmodx/data/lang/walkguard.txt
L 05/30/2017 - 00:02:21: [admin.amxx] Login: "tiganu<276><STEAM_0:0:187978272><>" became an admin (account "tiganu") (access "b") (address "79.117.128.134")
L 05/30/2017 - 00:02:21: [walkguard.amxx] no zone-file found
L 05/30/2017 - 01:21:31: -------- Mapchange to deathrun_jigsaw2 --------
L 05/30/2017 - 01:21:32: [AMXX] Failed to open dictionary file: cstrike/addons/amxmodx/data/lang/walkguard.txt
L 05/30/2017 - 01:21:34: [walkguard.amxx] no zone-file found
L 05/30/2017 - 02:07:54: -------- Mapchange to deathrun_christmas --------
L 05/30/2017 - 02:07:55: [AMXX] Failed to open dictionary file: cstrike/addons/amxmodx/data/lang/walkguard.txt
L 05/30/2017 - 02:07:56: [walkguard.amxx] no zone-file found
L 05/30/2017 - 02:39:26: -------- Mapchange to deathrun_jinglebells2 --------
L 05/30/2017 - 02:39:28: [AMXX] Failed to open dictionary file: cstrike/addons/amxmodx/data/lang/walkguard.txt
L 05/30/2017 - 02:39:29: [walkguard.amxx] no zone-file found
L 05/30/2017 - 03:45:49: -------- Mapchange to deathrun_gb_winter_final4 --------
L 05/30/2017 - 03:45:50: [AMXX] Failed to open dictionary file: cstrike/addons/amxmodx/data/lang/walkguard.txt
L 05/30/2017 - 03:45:51: [walkguard.amxx] no zone-file found
L 05/30/2017 - 04:11:49: -------- Mapchange to deathrun_expres-winter --------
L 05/30/2017 - 04:11:50: [AMXX] Failed to open dictionary file: cstrike/addons/amxmodx/data/lang/walkguard.txt
L 05/30/2017 - 04:11:51: [walkguard.amxx] no zone-file found
L 05/30/2017 - 07:22:14: -------- Mapchange to deathrun_alleywinter --------
L 05/30/2017 - 07:22:16: [AMXX] Failed to open dictionary file: cstrike/addons/amxmodx/data/lang/walkguard.txt
L 05/30/2017 - 07:22:17: [walkguard.amxx] no zone-file found
L 05/30/2017 - 08:31:44: -------- Mapchange to deathrun_trenal_lux --------
L 05/30/2017 - 08:31:46: [AMXX] Failed to open dictionary file: cstrike/addons/amxmodx/data/lang/walkguard.txt
L 05/30/2017 - 08:31:47: [walkguard.amxx] no zone-file found
L 05/30/2017 - 09:36:07: -------- Mapchange to deathrun_greyskull --------
L 05/30/2017 - 09:36:08: [AMXX] Failed to open dictionary file: cstrike/addons/amxmodx/data/lang/walkguard.txt
L 05/30/2017 - 09:36:09: [walkguard.amxx] no zone-file found
L 05/30/2017 - 10:11:39: -------- Mapchange to deathrun_stronghold_beta1 --------
L 05/30/2017 - 10:11:40: [AMXX] Failed to open dictionary file: cstrike/addons/amxmodx/data/lang/walkguard.txt
L 05/30/2017 - 10:11:41: [walkguard.amxx] no zone-file found
L 05/30/2017 - 10:21:53: [admincmd.amxx] Cmd: "Dr.FioriGinal.Ro ~ Server Clasi<0><><>" slay "AzOvk Kharkiv<354><STEAM_0:0:8438537><>"
L 05/30/2017 - 10:44:05: -------- Mapchange to deathrun_aztecan_beta1 --------
L 05/30/2017 - 10:44:06: [AMXX] Failed to open dictionary file: cstrike/addons/amxmodx/data/lang/walkguard.txt
L 05/30/2017 - 10:44:07: [walkguard.amxx] no zone-file found
L 05/30/2017 - 10:47:39: [admincmd.amxx] Cmd: "Dr.FioriGinal.Ro ~ Server Clasi<0><><>" slay "quIk<366><STEAM_0:0:680444409><>"
L 05/30/2017 - 10:48:14: [admincmd.amxx] Cmd: "Dr.FioriGinal.Ro ~ Server Clasi<0><><>" slay "quIk<368><STEAM_0:0:680444409><>"
L 05/30/2017 - 10:48:16: [admincmd.amxx] Cmd: "Dr.FioriGinal.Ro ~ Server Clasi<0><><>" slay "gF.lL[u]ck<369><STEAM_0:0:1322934216><>"
L 05/30/2017 - 11:09:55: [admincmd.amxx] Cmd: "Dr.FioriGinal.Ro ~ Server Clasi<0><><>" slay "gF.lL[u]ck<375><STEAM_0:0:1322934216><>"
L 05/30/2017 - 11:13:36: -------- Mapchange to deathrun_pyramid --------
L 05/30/2017 - 11:13:37: [AMXX] Failed to open dictionary file: cstrike/addons/amxmodx/data/lang/walkguard.txt
L 05/30/2017 - 11:13:38: [walkguard.amxx] no zone-file found
L 05/30/2017 - 11:41:56: -------- Mapchange to deathrun_standup --------
L 05/30/2017 - 11:41:57: [AMXX] Failed to open dictionary file: cstrike/addons/amxmodx/data/lang/walkguard.txt
L 05/30/2017 - 11:41:58: [walkguard.amxx] no zone-file found
L 05/30/2017 - 12:04:18: [slayafk.amxx] eq silvianmurgu a primit slay, deoarece a fost afk mai mult de 30 secunde
L 05/30/2017 - 12:17:32: -------- Mapchange to deathrun_sentinel --------
L 05/30/2017 - 12:17:43: -------- Mapchange to deathrun_forest --------
L 05/30/2017 - 12:17:50: [AMXX] Failed to open dictionary file: cstrike/addons/amxmodx/data/lang/walkguard.txt
L 05/30/2017 - 12:17:52: [walkguard.amxx] no zone-file found
L 05/30/2017 - 12:18:01: Invalid multi-lingual line (file "cstrike/addons/amxmodx/data/lang/rom_protect.txt" key "// *ROM-Protect// Plugin OpenSource anti-IsFlooding/bug-fix pentru orice server." lang "")
L 05/30/2017 - 12:18:01: Invalid multi-lingual line (file "cstrike/addons/amxmodx/data/lang/rom_protect.txt" key "// Versiunea : 1.0.4s-dev. Bulid : 98. Data lansarii versiunii : 03.12.2016." lang "")
L 05/30/2017 - 12:18:01: Invalid multi-lingual line (file "cstrike/addons/amxmodx/data/lang/rom_protect.txt" key "// Autor : lüxor # Dr.Fio & DR2.IND (+ eNd.) - SteamID (contact) : luxxxoor" lang "")
L 05/30/2017 - 12:18:01: Invalid multi-lingual line (file "cstrike/addons/amxmodx/data/lang/rom_protect.txt" key "// O productie FioriGinal.ro - site : www.fioriginal.ro" lang "")
L 05/30/2017 - 12:18:01: Invalid multi-lingual line (file "cstrike/addons/amxmodx/data/lang/rom_protect.txt" key "// Link forum de dezvoltare : http://forum.fioriginal.ro/amxmodx-plugins-pluginuri/rom-protect-anti-flood-bug-fix-t28292.html" lang "")
L 05/30/2017 - 12:18:01: Invalid multi-lingual line (file "cstrike/addons/amxmodx/data/lang/rom_protect.txt" key "// Link sursa : https://github.com/luxxxoor/ROM-Protect" lang "")
L 05/30/2017 - 12:18:01: Invalid multi-lingual line (file "cstrike/addons/amxmodx/data/lang/rom_protect.txt" key "// Colori : ^1 - Culoarea aleasa de jucator cu con_color." lang "")
L 05/30/2017 - 12:18:01: Invalid multi-lingual line (file "cstrike/addons/amxmodx/data/lang/rom_protect.txt" key "//          ^3 - Culoare gri." lang "")
L 05/30/2017 - 12:18:01: Invalid multi-lingual line (file "cstrike/addons/amxmodx/data/lang/rom_protect.txt" key "//          ^4 - Culoare verde." lang "")
L 05/30/2017 - 13:01:21: -------- Mapchange to deathrun_jinglebells --------
L 05/30/2017 - 13:01:23: [AMXX] Failed to open dictionary file: cstrike/addons/amxmodx/data/lang/walkguard.txt
L 05/30/2017 - 13:01:24: [walkguard.amxx] no zone-file found
L 05/30/2017 - 13:49:36: -------- Mapchange to deathrun_long_run --------
L 05/30/2017 - 13:49:38: [AMXX] Failed to open dictionary file: cstrike/addons/amxmodx/data/lang/walkguard.txt
L 05/30/2017 - 13:49:39: [walkguard.amxx] no zone-file found
L 05/30/2017 - 14:22:14: -------- Mapchange to deathrun_virtualstrike --------
L 05/30/2017 - 14:22:16: [AMXX] Failed to open dictionary file: cstrike/addons/amxmodx/data/lang/walkguard.txt
L 05/30/2017 - 14:22:17: [walkguard.amxx] no zone-file found
L 05/30/2017 - 14:45:42: [slayafk.amxx] 6AM a primit slay, deoarece a fost afk mai mult de 30 secunde
L 05/30/2017 - 14:47:27: [slayafk.amxx] 6AM a primit slay, deoarece a fost afk mai mult de 30 secunde
L 05/30/2017 - 14:47:30: -------- Mapchange to deathrun_nightrun_beta3 --------
L 05/30/2017 - 14:47:31: [AMXX] Failed to open dictionary file: cstrike/addons/amxmodx/data/lang/walkguard.txt
L 05/30/2017 - 14:47:32: [walkguard.amxx] no zone-file found
L 05/30/2017 - 14:50:17: [slayafk.amxx] 6AM a primit slay, deoarece a fost afk mai mult de 30 secunde
L 05/30/2017 - 14:55:22: [admin.amxx] Login: "-rTg|maEsTrOo<50><STEAM_0:1:154430568><>" kicked due to invalid password (account "-rTg|maEsTrOo") (address "89.123.80.74")
L 05/30/2017 - 14:55:46: [admin.amxx] Login: "-rTg|maEsTrOo<51><STEAM_0:1:154430568><>" became an admin (account "-rTg|maEsTrOo") (access "bit") (address "89.123.80.74")
L 05/30/2017 - 14:56:25: [admincmd.amxx] Cmd: "-rTg|maEsTrOo<51><STEAM_0:1:154430568><>" changelevel "deathrun_clarion_dojo_b3"
L 05/30/2017 - 14:56:27: -------- Mapchange to deathrun_clarion_dojo_b3 --------
L 05/30/2017 - 14:56:29: [AMXX] Failed to open dictionary file: cstrike/addons/amxmodx/data/lang/walkguard.txt
L 05/30/2017 - 14:56:30: [admin.amxx] Login: "-rTg|maEsTrOo<51><STEAM_0:1:154430568><>" became an admin (account "-rTg|maEsTrOo") (access "bit") (address "89.123.80.74")
L 05/30/2017 - 14:56:30: [walkguard.amxx] no zone-file found
L 05/30/2017 - 15:05:49: [admin.amxx] Login: "-rTg|maEsTrOo<61><STEAM_0:1:154430568><>" became an admin (account "-rTg|maEsTrOo") (access "bit") (address "89.123.80.74")
L 05/30/2017 - 15:06:49: [comp_timer2.amxx] Error on query: Can't connect to MySQL server on '89.40.104.2' (4)
L 05/30/2017 - 15:06:49: [comp_timer2.amxx] FailState == TQUERY_CONNECT_FAILED, Could not connect to SQL database.
L 05/30/2017 - 15:07:49: [revive2.amxx] Error on query: Can't connect to MySQL server on '89.40.104.2' (4)
L 05/30/2017 - 15:07:49: [revive2.amxx] FailState == TQUERY_CONNECT_FAILED, Could not connect to SQL database.
L 05/30/2017 - 15:43:26: -------- Mapchange to deathrun_discovery3 --------
L 05/30/2017 - 15:43:28: [AMXX] Failed to open dictionary file: cstrike/addons/amxmodx/data/lang/walkguard.txt
L 05/30/2017 - 15:43:29: [admin.amxx] Login: "-rTg|maEsTrOo<61><STEAM_0:1:154430568><>" became an admin (account "-rTg|maEsTrOo") (access "bit") (address "89.123.80.74")
L 05/30/2017 - 15:43:29: [walkguard.amxx] no zone-file found
L 05/30/2017 - 15:44:04: [slayafk.amxx] -rTg|maEsTrOo a primit slay, deoarece a fost afk mai mult de 30 secunde
L 05/30/2017 - 15:45:09: [slayafk.amxx] -rTg|maEsTrOo a primit slay, deoarece a fost afk mai mult de 30 secunde
L 05/30/2017 - 15:46:29: [slayafk.amxx] -rTg|maEsTrOo a primit slay, deoarece a fost afk mai mult de 30 secunde
L 05/30/2017 - 15:47:44: [slayafk.amxx] -rTg|maEsTrOo a primit slay, deoarece a fost afk mai mult de 30 secunde
L 05/30/2017 - 15:47:54: [admin.amxx] Login: "NebunieX<70><STEAM_0:0:53596872><>" became an admin (account "Nebuniex") (access "bit") (address "188.24.154.216")
L 05/30/2017 - 15:47:58: [admin.amxx] Login: "NebunieX<71><STEAM_0:0:53596872><>" became an admin (account "Nebuniex") (access "bit") (address "188.24.154.216")
L 05/30/2017 - 15:53:24: [slayafk.amxx] Lou1s. a primit slay, deoarece a fost afk mai mult de 30 secunde
L 05/30/2017 - 16:36:19: -------- Mapchange to deathrun_adi_blurez --------
L 05/30/2017 - 16:36:20: [AMXX] Failed to open dictionary file: cstrike/addons/amxmodx/data/lang/walkguard.txt
L 05/30/2017 - 16:36:21: [walkguard.amxx] no zone-file found
L 05/30/2017 - 17:05:41: [admin.amxx] Login: "SWAGGIE. XD<96><STEAM_0:1:120414993><>" became an admin (account "SWAGGIE. XD") (access "b") (address "109.98.131.207")
L 05/30/2017 - 17:06:33: [mapsmenu.amxx] Vote: "SWAGGIE. XD<96><STEAM_0:1:120414993><>" vote maps (map#1 "deathrun_laikiux_rawr") (map#2 "") (map#3 "") (map#4 "")
L 05/30/2017 - 17:06:45: [mapsmenu.amxx] Vote: Voting successful. Map will be changed to deathrun_laikiux_rawr
L 05/30/2017 - 17:06:54: -------- Mapchange to deathrun_laikiux_rawr --------
L 05/30/2017 - 17:06:55: [AMXX] Failed to open dictionary file: cstrike/addons/amxmodx/data/lang/walkguard.txt
L 05/30/2017 - 17:06:56: [admin.amxx] Login: "SWAGGIE. XD<96><STEAM_0:1:120414993><>" became an admin (account "SWAGGIE. XD") (access "b") (address "109.98.131.207")
L 05/30/2017 - 17:06:56: [walkguard.amxx] no zone-file found
L 05/30/2017 - 17:34:01: -------- Mapchange to deathrun_y_underground --------
L 05/30/2017 - 17:34:03: [AMXX] Failed to open dictionary file: cstrike/addons/amxmodx/data/lang/walkguard.txt
L 05/30/2017 - 17:34:04: [walkguard.amxx] no zone-file found
L 05/30/2017 - 17:43:01: [admincmd.amxx] Cmd: "Dr.FioriGinal.Ro ~ Server Clasi<0><><>" slay "zaPP<109><STEAM_0:0:910487252><>"
L 05/30/2017 - 17:44:00: [admincmd.amxx] Cmd: "Dr.FioriGinal.Ro ~ Server Clasi<0><><>" slay "zaPP<111><STEAM_0:0:910487252><>"
L 05/30/2017 - 17:44:56: [admincmd.amxx] Cmd: "Dr.FioriGinal.Ro ~ Server Clasi<0><><>" slay "Play CS<113><STEAM_0:0:1442912430><>"
L 05/30/2017 - 17:53:47: [admincmd.amxx] Cmd: "Dr.FioriGinal.Ro ~ Server Clasi<0><><>" slay "RauL<120><STEAM_0:0:1466162642><>"
L 05/30/2017 - 17:55:52: [admincmd.amxx] Cmd: "Dr.FioriGinal.Ro ~ Server Clasi<0><><>" slay "Play CS<122><STEAM_0:0:1442912430><>"
L 05/30/2017 - 18:08:10: [admincmd.amxx] Cmd: "Dr.FioriGinal.Ro ~ Server Clasi<0><><>" slay "Vladut2<129><STEAM_0:0:1735517759><>"
L 05/30/2017 - 18:13:39: [admincmd.amxx] Cmd: "Dr.FioriGinal.Ro ~ Server Clasi<0><><>" slay "CosminYT<132><STEAM_0:0:1827969387><>"
L 05/30/2017 - 18:19:43: [slayafk.amxx] MamboDadea. a primit slay, deoarece a fost afk mai mult de 30 secunde
L 05/30/2017 - 18:39:47: -------- Mapchange to deathrun_privateers --------
L 05/30/2017 - 18:39:49: [AMXX] Failed to open dictionary file: cstrike/addons/amxmodx/data/lang/walkguard.txt
L 05/30/2017 - 18:39:50: [walkguard.amxx] no zone-file found
L 05/30/2017 - 18:56:59: [slayafk.amxx] kel a primit slay, deoarece a fost afk mai mult de 30 secunde
L 05/30/2017 - 19:11:23: -------- Mapchange to deathrun_rizzy_x --------
L 05/30/2017 - 19:11:25: [AMXX] Failed to open dictionary file: cstrike/addons/amxmodx/data/lang/walkguard.txt
L 05/30/2017 - 19:11:26: [walkguard.amxx] no zone-file found
L 05/30/2017 - 19:16:43: [admin.amxx] Login: "Stifler<148><STEAM_0:0:1784836802><>" became an admin (account "Stifler") (access "b") (address "31.5.145.190")
L 05/30/2017 - 19:22:47: [admin.amxx] Login: "SWAGGIE. XD<149><STEAM_0:1:120414993><>" became an admin (account "SWAGGIE. XD") (access "b") (address "109.98.131.207")
L 05/30/2017 - 19:51:01: -------- Mapchange to deathrun_ghosts --------
L 05/30/2017 - 19:51:03: [AMXX] Failed to open dictionary file: cstrike/addons/amxmodx/data/lang/walkguard.txt
L 05/30/2017 - 19:51:04: [walkguard.amxx] no zone-file found
L 05/30/2017 - 20:09:28: [admincmd.amxx] Cmd: "Dr.FioriGinal.Ro ~ Server Clasi<0><><>" slay "CR^zZCristina.<159><VALVE_0:4:210946683><>"
L 05/30/2017 - 20:16:17: -------- Mapchange to deathrun_sk_occult --------
L 05/30/2017 - 20:16:18: [AMXX] Failed to open dictionary file: cstrike/addons/amxmodx/data/lang/walkguard.txt
L 05/30/2017 - 20:16:19: [walkguard.amxx] no zone-file found
L 05/30/2017 - 20:26:23: [admincmd.amxx] Cmd: "Dr.FioriGinal.Ro ~ Server Clasi<0><><>" slay "emY<169><VALVE_0:4:1975305463><>"
L 05/30/2017 - 20:29:07: [admincmd.amxx] Cmd: "Dr.FioriGinal.Ro ~ Server Clasi<0><><>" slay "numefain<170><STEAM_0:0:1125805092><>"
L 05/30/2017 - 20:39:29: [admincmd.amxx] Cmd: "Dr.FioriGinal.Ro ~ Server Clasi<0><><>" slay "emY<176><VALVE_0:4:1975305463><>"
L 05/30/2017 - 20:44:01: [admincmd.amxx] Cmd: "Dr.FioriGinal.Ro ~ Server Clasi<0><><>" slay "numefain<177><STEAM_0:0:1125805092><>"
L 05/30/2017 - 20:47:04: [slayafk.amxx] numefain a primit slay, deoarece a fost afk mai mult de 30 secunde
L 05/30/2017 - 20:50:56: [admincmd.amxx] Cmd: "Dr.FioriGinal.Ro ~ Server Clasi<0><><>" slay "numefain<182><STEAM_0:0:1125805092><>"
L 05/30/2017 - 21:13:50: [slayafk.amxx] noob_killer a primit slay, deoarece a fost afk mai mult de 30 secunde
L 05/30/2017 - 21:18:54: -------- Mapchange to deathrun_jigsaw2 --------
L 05/30/2017 - 21:18:56: [AMXX] Failed to open dictionary file: cstrike/addons/amxmodx/data/lang/walkguard.txt
L 05/30/2017 - 21:18:57: [walkguard.amxx] no zone-file found
L 05/30/2017 - 21:19:45: [admin.amxx] Login: "tiganu<203><STEAM_0:0:187978272><>" became an admin (account "tiganu") (access "b") (address "79.117.220.32")
L 05/30/2017 - 21:26:21: [admincmd.amxx] Cmd: "Dr.FioriGinal.Ro ~ Server Clasi<0><><>" slay "Pabu<205><VALVE_0:4:2144168907><>"
L 05/30/2017 - 21:32:19: [slayafk.amxx] emY a primit slay, deoarece a fost afk mai mult de 30 secunde
L 05/30/2017 - 21:35:04: [slayafk.amxx] numefain a primit slay, deoarece a fost afk mai mult de 30 secunde
L 05/30/2017 - 21:39:38: [admincmd.amxx] Cmd: "Dr.FioriGinal.Ro ~ Server Clasi<0><><>" slay "robin<210><STEAM_0:1:211272764><>"
L 05/30/2017 - 21:44:55: -------- Mapchange to deathrun_christmas --------
L 05/30/2017 - 21:44:57: [AMXX] Failed to open dictionary file: cstrike/addons/amxmodx/data/lang/walkguard.txt
L 05/30/2017 - 21:44:58: [walkguard.amxx] no zone-file found
L 05/30/2017 - 22:11:30: -------- Mapchange to deathrun_jinglebells2 --------
L 05/30/2017 - 22:11:32: [AMXX] Failed to open dictionary file: cstrike/addons/amxmodx/data/lang/walkguard.txt
L 05/30/2017 - 22:11:33: [walkguard.amxx] no zone-file found
L 05/30/2017 - 22:28:32: [admincmd.amxx] Cmd: "Dr.FioriGinal.Ro ~ Server Clasi<0><><>" slay "VL@D<258><VALVE_0:4:1896568946><>"
L 05/30/2017 - 22:38:13: [admincmd.amxx] Cmd: "Dr.FioriGinal.Ro ~ Server Clasi<0><><>" slay "Darren<263><VALVE_0:4:214004086><>"
L 05/30/2017 - 22:42:26: [admincmd.amxx] Cmd: "Dr.FioriGinal.Ro ~ Server Clasi<0><><>" slay "Darren<266><VALVE_0:4:214004086><>"
L 05/30/2017 - 22:43:33: [admincmd.amxx] Cmd: "Dr.FioriGinal.Ro ~ Server Clasi<0><><>" slay "Darren<268><VALVE_0:4:214004086><>"
L 05/30/2017 - 22:44:02: [admincmd.amxx] Cmd: "Dr.FioriGinal.Ro ~ Server Clasi<0><><>" slay "Darren<270><VALVE_0:4:214004086><>"
L 05/30/2017 - 22:44:44: [admincmd.amxx] Cmd: "Dr.FioriGinal.Ro ~ Server Clasi<0><><>" slay "Darren<272><VALVE_0:4:214004086><>"
L 05/30/2017 - 22:47:51: [admincmd.amxx] Cmd: "Dr.FioriGinal.Ro ~ Server Clasi<0><><>" slay "Darren<275><VALVE_0:4:214004086><>"
L 05/30/2017 - 22:55:16: [admincmd.amxx] Cmd: "Dr.FioriGinal.Ro ~ Server Clasi<0><><>" slay "Renji<280><STEAM_0:1:151302654><>"
L 05/30/2017 - 23:31:27: [slayafk.amxx] mwheeldown.KeBu^ a primit slay, deoarece a fost afk mai mult de 30 secunde
L 05/30/2017 - 23:31:31: -------- Mapchange to deathrun_gb_winter_final4 --------
L 05/30/2017 - 23:31:32: [AMXX] Failed to open dictionary file: cstrike/addons/amxmodx/data/lang/walkguard.txt
L 05/30/2017 - 23:31:33: [walkguard.amxx] no zone-file found
L 05/30/2017 - 23:59:17: [admin.amxx] Login: "Sol<293><STEAM_0:1:191882096><>" kicked due to invalid password (account "Sol") (address "86.123.237.23")
L 05/30/2017 - 23:59:23: [admin.amxx] Login: "Sol<294><STEAM_0:1:191882096><>" kicked due to invalid password (account "Sol") (address "86.123.237.23")
