L 05/15/2017 - 00:00:17: [slayafk.amxx] boyka a primit slay, deoarece a fost afk mai mult de 30 secunde
L 05/15/2017 - 00:00:57: [slayafk.amxx] boyka a primit slay, deoarece a fost afk mai mult de 30 secunde
L 05/15/2017 - 00:01:37: [slayafk.amxx] boyka a primit slay, deoarece a fost afk mai mult de 30 secunde
L 05/15/2017 - 00:03:28: [admin.amxx] Login: "J.Smith<291><STEAM_0:0:2027364348><>" became an admin (account "J.Smith") (access "b") (address "109.185.5.238")
L 05/15/2017 - 00:03:34: [admin.amxx] Login: "J.Smith<292><STEAM_0:0:2027364348><>" became an admin (account "J.Smith") (access "b") (address "109.185.5.238")
L 05/15/2017 - 00:36:53: -------- Mapchange to deathrun_2h_estonia --------
L 05/15/2017 - 00:36:55: [AMXX] Failed to open dictionary file: cstrike/addons/amxmodx/data/lang/walkguard.txt
L 05/15/2017 - 00:36:56: [walkguard.amxx] no zone-file found
L 05/15/2017 - 00:41:58: [admincmd.amxx] Cmd: "Dr.FioriGinal.Ro ~ Server Clasi<0><><>" slay "Skynox<304><VALVE_0:4:327789686><>"
L 05/15/2017 - 01:27:21: -------- Mapchange to deathrun_y_underground --------
L 05/15/2017 - 01:27:22: [AMXX] Failed to open dictionary file: cstrike/addons/amxmodx/data/lang/walkguard.txt
L 05/15/2017 - 01:27:23: [walkguard.amxx] no zone-file found
L 05/15/2017 - 01:53:46: -------- Mapchange to deathrun_privateers --------
L 05/15/2017 - 01:53:48: [AMXX] Failed to open dictionary file: cstrike/addons/amxmodx/data/lang/walkguard.txt
L 05/15/2017 - 01:53:49: [walkguard.amxx] no zone-file found
L 05/15/2017 - 02:24:03: -------- Mapchange to deathrun_rizzy_x --------
L 05/15/2017 - 02:24:04: [AMXX] Failed to open dictionary file: cstrike/addons/amxmodx/data/lang/walkguard.txt
L 05/15/2017 - 02:24:06: [walkguard.amxx] no zone-file found
L 05/15/2017 - 04:05:27: -------- Mapchange to deathrun_ghosts --------
L 05/15/2017 - 04:05:29: [AMXX] Failed to open dictionary file: cstrike/addons/amxmodx/data/lang/walkguard.txt
L 05/15/2017 - 04:05:30: [walkguard.amxx] no zone-file found
L 05/15/2017 - 08:13:45: -------- Mapchange to deathrun_sk_occult --------
L 05/15/2017 - 08:13:47: [AMXX] Failed to open dictionary file: cstrike/addons/amxmodx/data/lang/walkguard.txt
L 05/15/2017 - 08:13:48: [walkguard.amxx] no zone-file found
L 05/15/2017 - 08:42:33: [slayafk.amxx] Rampage_OwN a primit slay, deoarece a fost afk mai mult de 30 secunde
L 05/15/2017 - 08:42:36: -------- Mapchange to deathrun_jigsaw2 --------
L 05/15/2017 - 08:42:38: [AMXX] Failed to open dictionary file: cstrike/addons/amxmodx/data/lang/walkguard.txt
L 05/15/2017 - 08:42:39: [walkguard.amxx] no zone-file found
L 05/15/2017 - 09:08:01: -------- Mapchange to deathrun_christmas --------
L 05/15/2017 - 09:08:03: [AMXX] Failed to open dictionary file: cstrike/addons/amxmodx/data/lang/walkguard.txt
L 05/15/2017 - 09:08:04: [walkguard.amxx] no zone-file found
L 05/15/2017 - 09:36:55: -------- Mapchange to deathrun_jinglebells2 --------
L 05/15/2017 - 09:36:57: [AMXX] Failed to open dictionary file: cstrike/addons/amxmodx/data/lang/walkguard.txt
L 05/15/2017 - 09:36:58: [walkguard.amxx] no zone-file found
L 05/15/2017 - 10:21:41: -------- Mapchange to deathrun_gb_winter_final4 --------
L 05/15/2017 - 10:21:43: [AMXX] Failed to open dictionary file: cstrike/addons/amxmodx/data/lang/walkguard.txt
L 05/15/2017 - 10:21:44: [walkguard.amxx] no zone-file found
L 05/15/2017 - 10:41:05: [admin.amxx] Login: "cool<386><STEAM_0:1:25922700><>" became an admin (account "cool") (access "b") (address "5.14.110.87")
L 05/15/2017 - 10:43:51: [admin.amxx] Login: "cool<388><STEAM_0:1:25922700><>" became an admin (account "cool") (access "b") (address "5.14.110.87")
L 05/15/2017 - 10:43:57: [admincmd.amxx] Cmd: "Dr.FioriGinal.Ro ~ Server Clasi<0><><>" slay "cool<388><STEAM_0:1:25922700><>"
L 05/15/2017 - 10:47:13: [mapsmenu.amxx] Vote: "cool<388><STEAM_0:1:25922700><>" vote maps (map#1 "deathrun_extrem_surfhop") (map#2 "") (map#3 "") (map#4 "")
L 05/15/2017 - 10:47:25: [mapsmenu.amxx] Vote: Voting successful. Map will be changed to deathrun_extrem_surfhop
L 05/15/2017 - 10:47:32: -------- Mapchange to deathrun_extrem_surfhop --------
L 05/15/2017 - 10:47:33: [AMXX] Failed to open dictionary file: cstrike/addons/amxmodx/data/lang/walkguard.txt
L 05/15/2017 - 10:47:34: [walkguard.amxx] no zone-file found
L 05/15/2017 - 10:47:34: [admin.amxx] Login: "cool<388><STEAM_0:1:25922700><>" became an admin (account "cool") (access "b") (address "5.14.110.87")
L 05/15/2017 - 10:47:36: [admin.amxx] Login: "cool<389><STEAM_0:1:25922700><>" became an admin (account "cool") (access "b") (address "5.14.110.87")
L 05/15/2017 - 11:02:10: [slayafk.amxx] cool a primit slay, deoarece a fost afk mai mult de 30 secunde
L 05/15/2017 - 11:03:15: [admincmd.amxx] Cmd: "Dr.FioriGinal.Ro ~ Server Clasi<0><><>" slay "dNk|RyuuKo<396><VALVE_0:4:186698999><>"
L 05/15/2017 - 11:05:40: [slayafk.amxx] dNk|RyuuKo a primit slay, deoarece a fost afk mai mult de 30 secunde
L 05/15/2017 - 11:06:20: [slayafk.amxx] dNk|RyuuKo a primit slay, deoarece a fost afk mai mult de 30 secunde
L 05/15/2017 - 11:07:00: [slayafk.amxx] dNk|RyuuKo a primit slay, deoarece a fost afk mai mult de 30 secunde
L 05/15/2017 - 11:07:40: [slayafk.amxx] dNk|RyuuKo a primit slay, deoarece a fost afk mai mult de 30 secunde
L 05/15/2017 - 11:08:20: [slayafk.amxx] dNk|RyuuKo a primit slay, deoarece a fost afk mai mult de 30 secunde
L 05/15/2017 - 11:09:00: [slayafk.amxx] dNk|RyuuKo a primit slay, deoarece a fost afk mai mult de 30 secunde
L 05/15/2017 - 11:09:40: [slayafk.amxx] dNk|RyuuKo a primit slay, deoarece a fost afk mai mult de 30 secunde
L 05/15/2017 - 11:10:20: [slayafk.amxx] dNk|RyuuKo a primit slay, deoarece a fost afk mai mult de 30 secunde
L 05/15/2017 - 11:11:00: [slayafk.amxx] dNk|RyuuKo a primit slay, deoarece a fost afk mai mult de 30 secunde
L 05/15/2017 - 11:11:40: [slayafk.amxx] dNk|RyuuKo a primit slay, deoarece a fost afk mai mult de 30 secunde
L 05/15/2017 - 11:12:39: [admincmd.amxx] Cmd: "Dr.FioriGinal.Ro ~ Server Clasi<0><><>" slay "Rampage_OwN<399><VALVE_0:4:1472456432><>"
L 05/15/2017 - 11:12:40: [slayafk.amxx] dNk|RyuuKo a primit slay, deoarece a fost afk mai mult de 30 secunde
L 05/15/2017 - 11:23:43: [admincmd.amxx] Cmd: "Dr.FioriGinal.Ro ~ Server Clasi<0><><>" slay "dNk|RyuuKo<403><VALVE_0:4:186698999><>"
L 05/15/2017 - 11:45:33: -------- Mapchange to deathrun_alleywinter --------
L 05/15/2017 - 11:45:34: [AMXX] Failed to open dictionary file: cstrike/addons/amxmodx/data/lang/walkguard.txt
L 05/15/2017 - 11:45:36: [walkguard.amxx] no zone-file found
L 05/15/2017 - 12:17:47: [admin.amxx] Login: "cool<411><STEAM_0:1:25922700><>" became an admin (account "cool") (access "b") (address "5.14.110.87")
L 05/15/2017 - 12:18:34: -------- Mapchange to deathrun_trenal_lux --------
L 05/15/2017 - 12:18:36: [AMXX] Failed to open dictionary file: cstrike/addons/amxmodx/data/lang/walkguard.txt
L 05/15/2017 - 12:18:37: [walkguard.amxx] no zone-file found
L 05/15/2017 - 12:18:50: [admin.amxx] Login: "cool<415><STEAM_0:1:25922700><>" became an admin (account "cool") (access "b") (address "5.14.110.87")
L 05/15/2017 - 12:27:08: [admin.amxx] Login: "Stifler<417><STEAM_0:0:1784836802><>" became an admin (account "Stifler") (access "b") (address "31.5.145.190")
L 05/15/2017 - 12:27:45: [admin.amxx] Login: "Stifler<417><STEAM_0:0:1784836802><>" became an admin (account "Stifler") (access "b") (address "31.5.145.190")
L 05/15/2017 - 12:27:53: [admincmd.amxx] Cmd: "Dr.FioriGinal.Ro ~ Server Clasi<0><><>" slay "Stifler<417><STEAM_0:0:1784836802><>"
L 05/15/2017 - 12:35:35: [admin.amxx] Login: "cool<421><STEAM_0:1:25922700><>" became an admin (account "cool") (access "b") (address "5.14.110.87")
L 05/15/2017 - 12:58:43: [admincmd.amxx] Cmd: "Dr.FioriGinal.Ro ~ Server Clasi<0><><>" slay "TPtheBEAST<435><VALVE_0:4:1954371826><>"
L 05/15/2017 - 13:01:17: [admin.amxx] Login: "Stifler<440><STEAM_0:0:1784836802><>" became an admin (account "Stifler") (access "b") (address "31.5.145.190")
L 05/15/2017 - 13:04:38: [admin.amxx] Login: "cool<445><STEAM_0:1:25922700><>" became an admin (account "cool") (access "b") (address "5.14.110.87")
L 05/15/2017 - 13:19:24: [admincmd.amxx] Cmd: "Dr.FioriGinal.Ro ~ Server Clasi<0><><>" slay "APPROXjR<451><STEAM_0:0:1190197975><>"
L 05/15/2017 - 13:20:12: [admincmd.amxx] Cmd: "Dr.FioriGinal.Ro ~ Server Clasi<0><><>" slay "NVIDIA E6 Player<452><VALVE_0:4:548924403><>"
L 05/15/2017 - 13:44:53: [admincmd.amxx] Cmd: "Dr.FioriGinal.Ro ~ Server Clasi<0><><>" slay "NVIDIA E6 Player<470><VALVE_0:4:548924403><>"
L 05/15/2017 - 13:45:03: [admincmd.amxx] Cmd: "Dr.FioriGinal.Ro ~ Server Clasi<0><><>" slay "Xzppz<471><VALVE_0:4:126809950><>"
L 05/15/2017 - 13:46:45: [admincmd.amxx] Cmd: "Dr.FioriGinal.Ro ~ Server Clasi<0><><>" slay "Xzppz<474><VALVE_0:4:126809950><>"
L 05/15/2017 - 13:47:58: [admincmd.amxx] Cmd: "Dr.FioriGinal.Ro ~ Server Clasi<0><><>" slay "Xzppz<478><VALVE_0:4:126809950><>"
L 05/15/2017 - 13:48:44: [admincmd.amxx] Cmd: "Dr.FioriGinal.Ro ~ Server Clasi<0><><>" slay "EfFeC7<480><STEAM_0:0:1602080392><>"
L 05/15/2017 - 14:01:18: [admincmd.amxx] Cmd: "Dr.FioriGinal.Ro ~ Server Clasi<0><><>" slay "Hitsouka<485><STEAM_0:0:1095217314><>"
L 05/15/2017 - 14:06:46: [admincmd.amxx] Cmd: "Dr.FioriGinal.Ro ~ Server Clasi<0><><>" slay "Hitsouka<488><STEAM_0:0:1095217314><>"
L 05/15/2017 - 14:35:05: -------- Mapchange to deathrun_greyskull --------
L 05/15/2017 - 14:35:06: [AMXX] Failed to open dictionary file: cstrike/addons/amxmodx/data/lang/walkguard.txt
L 05/15/2017 - 14:35:08: [walkguard.amxx] no zone-file found
L 05/15/2017 - 14:35:08: [revive2.amxx] Error on query: Access denied for user 'vuser575'@'89.40.104.11' (using password: YES)
L 05/15/2017 - 14:35:08: [revive2.amxx] FailState == TQUERY_CONNECT_FAILED, Could not connect to SQL database.
L 05/15/2017 - 14:37:23: [admincmd.amxx] Cmd: "Dr.FioriGinal.Ro ~ Server Clasi<0><><>" slay "qeCe<493><STEAM_0:0:178764779><>"
L 05/15/2017 - 15:03:16: [admin.amxx] Login: "Daky69<520><STEAM_0:0:1674484390><>" became an admin (account "Daky69") (access "b") (address "89.123.77.203")
L 05/15/2017 - 15:05:13: [admincmd.amxx] Cmd: "Dr.FioriGinal.Ro ~ Server Clasi<0><><>" slay "Rosc<524><VALVE_0:4:186698999><>"
L 05/15/2017 - 15:07:56: [admincmd.amxx] Cmd: "Dr.FioriGinal.Ro ~ Server Clasi<0><><>" slay "dNk|RyuuKo<526><VALVE_0:4:186698999><>"
L 05/15/2017 - 15:09:58: [admincmd.amxx] Cmd: "Dr.FioriGinal.Ro ~ Server Clasi<0><><>" slay "dNk|RyuuKo<527><VALVE_0:4:186698999><>"
L 05/15/2017 - 15:10:02: [admincmd.amxx] Cmd: "Dr.FioriGinal.Ro ~ Server Clasi<0><><>" slay "SWEQW | LOW<528><VALVE_0:4:1834572786><>"
L 05/15/2017 - 15:12:13: [admincmd.amxx] Cmd: "Dr.FioriGinal.Ro ~ Server Clasi<0><><>" slay "dNk|RyuuKo<532><VALVE_0:4:186698999><>"
L 05/15/2017 - 15:14:43: -------- Mapchange to deathrun_stronghold_beta1 --------
L 05/15/2017 - 15:14:45: [AMXX] Failed to open dictionary file: cstrike/addons/amxmodx/data/lang/walkguard.txt
L 05/15/2017 - 15:14:46: [walkguard.amxx] no zone-file found
L 05/15/2017 - 15:14:46: [admin.amxx] Login: "Daky69<520><STEAM_0:0:1674484390><>" became an admin (account "Daky69") (access "b") (address "89.123.77.203")
L 05/15/2017 - 15:19:22: [admincmd.amxx] Cmd: "Dr.FioriGinal.Ro ~ Server Clasi<0><><>" slay "dNk|RyuuKo<543><VALVE_0:4:186698999><>"
L 05/15/2017 - 15:33:20: [slayafk.amxx] Jucator-Steam a primit slay, deoarece a fost afk mai mult de 30 secunde
L 05/15/2017 - 15:35:40: [admin.amxx] Login: "-rTg|maEsTrOo<552><STEAM_0:1:154430568><>" became an admin (account "-rTg|maEsTrOo") (access "bit") (address "89.123.123.41")
L 05/15/2017 - 15:36:13: [admincmd.amxx] Cmd: "-rTg|maEsTrOo<552><STEAM_0:1:154430568><>" changelevel "deathrun_clarion_dojo_b3"
L 05/15/2017 - 15:36:16: -------- Mapchange to deathrun_clarion_dojo_b3 --------
L 05/15/2017 - 15:36:17: [AMXX] Failed to open dictionary file: cstrike/addons/amxmodx/data/lang/walkguard.txt
L 05/15/2017 - 15:36:18: [walkguard.amxx] no zone-file found
L 05/15/2017 - 15:36:18: [admin.amxx] Login: "Daky69<520><STEAM_0:0:1674484390><>" became an admin (account "Daky69") (access "b") (address "89.123.77.203")
L 05/15/2017 - 15:36:18: [admin.amxx] Login: "-rTg|maEsTrOo<552><STEAM_0:1:154430568><>" became an admin (account "-rTg|maEsTrOo") (access "bit") (address "89.123.123.41")
L 05/15/2017 - 15:43:47: [admin.amxx] Login: "-rTg|maEsTrOo<559><STEAM_0:1:154430568><>" became an admin (account "-rTg|maEsTrOo") (access "bit") (address "89.123.123.41")
L 05/15/2017 - 16:16:15: [admin.amxx] Login: "Bidi<575><STEAM_0:1:45864800><>" became an admin (account "Bidi") (access "bit") (address "176.223.46.121")
L 05/15/2017 - 16:22:13: [admincmd.amxx] Cmd: "Dr.FioriGinal.Ro ~ Server Clasi<0><><>" slay "Urs<577><STEAM_0:0:1343297187><>"
L 05/15/2017 - 16:24:54: [admin.amxx] Login: "Alexia<578><STEAM_0:1:84045719><>" kicked due to invalid password (account "Alexia") (address "5.14.62.252")
L 05/15/2017 - 16:25:05: [admin.amxx] Login: "Alexia<579><STEAM_0:1:84045719><>" kicked due to invalid password (account "Alexia") (address "5.14.62.252")
L 05/15/2017 - 16:25:25: [admincmd.amxx] Cmd: "Dr.FioriGinal.Ro ~ Server Clasi<0><><>" slay "Urs<580><STEAM_0:0:1455528150><>"
L 05/15/2017 - 16:29:37: [admincmd.amxx] Cmd: "Dr.FioriGinal.Ro ~ Server Clasi<0><><>" slay "Urs<583><STEAM_0:0:990000596><>"
L 05/15/2017 - 16:30:50: -------- Mapchange to deathrun_pyramid --------
L 05/15/2017 - 16:30:52: [AMXX] Failed to open dictionary file: cstrike/addons/amxmodx/data/lang/walkguard.txt
L 05/15/2017 - 16:30:53: [walkguard.amxx] no zone-file found
L 05/15/2017 - 16:42:10: [admincmd.amxx] Cmd: "Dr.FioriGinal.Ro ~ Server Clasi<0><><>" slay "SWEQW | LOW<591><VALVE_0:4:1834572786><>"
L 05/15/2017 - 16:43:14: [admincmd.amxx] Cmd: "Dr.FioriGinal.Ro ~ Server Clasi<0><><>" slay "Nicu<596><STEAM_0:0:170771470><>"
L 05/15/2017 - 17:25:23: -------- Mapchange to deathrun_standup --------
L 05/15/2017 - 17:25:24: [AMXX] Failed to open dictionary file: cstrike/addons/amxmodx/data/lang/walkguard.txt
L 05/15/2017 - 17:25:25: [walkguard.amxx] no zone-file found
L 05/15/2017 - 17:31:27: [admincmd.amxx] Cmd: "Dr.FioriGinal.Ro ~ Server Clasi<0><><>" slay "markelov<609><STEAM_0:0:2092611428><>"
L 05/15/2017 - 17:33:42: [admincmd.amxx] Cmd: "Dr.FioriGinal.Ro ~ Server Clasi<0><><>" slay "markelov<613><STEAM_0:0:2092611428><>"
L 05/15/2017 - 18:02:36: -------- Mapchange to deathrun_sentinel --------
L 05/15/2017 - 18:02:47: -------- Mapchange to deathrun_forest --------
L 05/15/2017 - 18:02:55: [AMXX] Failed to open dictionary file: cstrike/addons/amxmodx/data/lang/walkguard.txt
L 05/15/2017 - 18:02:57: [walkguard.amxx] no zone-file found
L 05/15/2017 - 18:03:06: Invalid multi-lingual line (file "cstrike/addons/amxmodx/data/lang/rom_protect.txt" key "// *ROM-Protect// Plugin OpenSource anti-IsFlooding/bug-fix pentru orice server." lang "")
L 05/15/2017 - 18:03:06: Invalid multi-lingual line (file "cstrike/addons/amxmodx/data/lang/rom_protect.txt" key "// Versiunea : 1.0.4s-dev. Bulid : 98. Data lansarii versiunii : 03.12.2016." lang "")
L 05/15/2017 - 18:03:06: Invalid multi-lingual line (file "cstrike/addons/amxmodx/data/lang/rom_protect.txt" key "// Autor : lüxor # Dr.Fio & DR2.IND (+ eNd.) - SteamID (contact) : luxxxoor" lang "")
L 05/15/2017 - 18:03:06: Invalid multi-lingual line (file "cstrike/addons/amxmodx/data/lang/rom_protect.txt" key "// O productie FioriGinal.ro - site : www.fioriginal.ro" lang "")
L 05/15/2017 - 18:03:06: Invalid multi-lingual line (file "cstrike/addons/amxmodx/data/lang/rom_protect.txt" key "// Link forum de dezvoltare : http://forum.fioriginal.ro/amxmodx-plugins-pluginuri/rom-protect-anti-flood-bug-fix-t28292.html" lang "")
L 05/15/2017 - 18:03:06: Invalid multi-lingual line (file "cstrike/addons/amxmodx/data/lang/rom_protect.txt" key "// Link sursa : https://github.com/luxxxoor/ROM-Protect" lang "")
L 05/15/2017 - 18:03:06: Invalid multi-lingual line (file "cstrike/addons/amxmodx/data/lang/rom_protect.txt" key "// Colori : ^1 - Culoarea aleasa de jucator cu con_color." lang "")
L 05/15/2017 - 18:03:06: Invalid multi-lingual line (file "cstrike/addons/amxmodx/data/lang/rom_protect.txt" key "//          ^3 - Culoare gri." lang "")
L 05/15/2017 - 18:03:06: Invalid multi-lingual line (file "cstrike/addons/amxmodx/data/lang/rom_protect.txt" key "//          ^4 - Culoare verde." lang "")
L 05/15/2017 - 18:04:32: [admin.amxx] Login: "SWAGGIE. XD<7><STEAM_0:1:120414993><>" became an admin (account "SWAGGIE. XD") (access "b") (address "109.98.131.207")
L 05/15/2017 - 18:09:11: [admincmd.amxx] Cmd: "Dr.FioriGinal.Ro ~ Server Clasi<0><><>" slay "Xzppz<10><VALVE_0:4:126809950><>"
L 05/15/2017 - 18:22:22: [admin.amxx] Login: "anca<13><STEAM_0:0:58514266><>" became an admin (account "anca") (access "bit") (address "109.103.126.196")
L 05/15/2017 - 18:22:26: [admin.amxx] Login: "-rTg|maEsTrOo<14><STEAM_0:1:154430568><>" became an admin (account "-rTg|maEsTrOo") (access "bit") (address "89.123.123.41")
L 05/15/2017 - 18:25:26: [adminchat.amxx] Chat: "-rTg|maEsTrOo<14><STEAM_0:1:154430568><>" chat ":*"
L 05/15/2017 - 18:43:34: -------- Mapchange to deathrun_jinglebells --------
L 05/15/2017 - 18:43:35: [AMXX] Failed to open dictionary file: cstrike/addons/amxmodx/data/lang/walkguard.txt
L 05/15/2017 - 18:43:37: [walkguard.amxx] no zone-file found
L 05/15/2017 - 18:43:37: [admin.amxx] Login: "-rTg|maEsTrOo<14><STEAM_0:1:154430568><>" became an admin (account "-rTg|maEsTrOo") (access "bit") (address "89.123.123.41")
L 05/15/2017 - 18:43:37: [admin.amxx] Login: "anca<13><STEAM_0:0:58514266><>" became an admin (account "anca") (access "bit") (address "109.103.126.196")
L 05/15/2017 - 18:57:31: [slayafk.amxx] [mr] isam ghaith a primit slay, deoarece a fost afk mai mult de 30 secunde
L 05/15/2017 - 18:58:41: [slayafk.amxx] [mr] isam ghaith a primit slay, deoarece a fost afk mai mult de 30 secunde
L 05/15/2017 - 18:58:56: [adminchat.amxx] Chat: "-rTg|maEsTrOo<14><STEAM_0:1:154430568><>" chat ":*:*"
L 05/15/2017 - 18:59:00: [adminchat.amxx] Chat: "anca<13><STEAM_0:0:58514266><>" chat ":*:X"
L 05/15/2017 - 19:00:26: [slayafk.amxx] [mr] isam ghaith a primit slay, deoarece a fost afk mai mult de 30 secunde
L 05/15/2017 - 19:01:36: [slayafk.amxx] [mr] isam ghaith a primit slay, deoarece a fost afk mai mult de 30 secunde
L 05/15/2017 - 19:02:33: [admin.amxx] Login: "DoNpAkaa<37><STEAM_0:0:55531607><>" became an admin (account "DoNpAkaa") (access "b") (address "86.122.205.247")
L 05/15/2017 - 19:03:41: [admin.amxx] Login: "DoNpAkaa<40><STEAM_0:0:55531607><>" became an admin (account "DoNpAkaa") (access "b") (address "86.122.205.247")
L 05/15/2017 - 19:07:16: [mapsmenu.amxx] Vote: "-rTg|maEsTrOo<14><STEAM_0:1:154430568><>" vote maps (map#1 "deathrun_xstrafers") (map#2 "deathrun_laikiux7") (map#3 "") (map#4 "")
L 05/15/2017 - 19:07:28: [mapsmenu.amxx] Vote: Voting successful. Map will be changed to deathrun_xstrafers
L 05/15/2017 - 19:10:02: -------- Mapchange to deathrun_xstrafers --------
L 05/15/2017 - 19:10:04: [AMXX] Failed to open dictionary file: cstrike/addons/amxmodx/data/lang/walkguard.txt
L 05/15/2017 - 19:10:05: [walkguard.amxx] no zone-file found
L 05/15/2017 - 19:10:05: [admin.amxx] Login: "DoNpAkaa<40><STEAM_0:0:55531607><>" became an admin (account "DoNpAkaa") (access "b") (address "86.122.205.247")
L 05/15/2017 - 19:10:06: [admin.amxx] Login: "DoNpAkaa<43><STEAM_0:0:55531607><>" became an admin (account "DoNpAkaa") (access "b") (address "86.122.205.247")
L 05/15/2017 - 19:13:23: [adminchat.amxx] Chat: "fuhrer sfarmasfalci<44><VALVE_0:4:1707395698><>" chat "nab"
L 05/15/2017 - 19:13:25: [adminchat.amxx] Chat: "fuhrer sfarmasfalci<44><VALVE_0:4:1707395698><>" chat "wrong"
L 05/15/2017 - 19:31:49: [admincmd.amxx] Cmd: "Dr.FioriGinal.Ro ~ Server Clasi<0><><>" slay "fuhrer sfarmasfalci<67><VALVE_0:4:1707395698><>"
L 05/15/2017 - 19:33:45: [mapsmenu.amxx] Vote: "DoNpAkaa<43><STEAM_0:0:55531607><>" vote maps (map#1 "deathrun_heaven_v2") (map#2 "deathrun_skyzzar") (map#3 "") (map#4 "")
L 05/15/2017 - 19:33:57: [mapsmenu.amxx] Vote: Voting successful. Map will be changed to deathrun_heaven_v2
L 05/15/2017 - 19:36:09: -------- Mapchange to deathrun_heaven_v2 --------
L 05/15/2017 - 19:36:10: [AMXX] Failed to open dictionary file: cstrike/addons/amxmodx/data/lang/walkguard.txt
L 05/15/2017 - 19:36:11: [walkguard.amxx] no zone-file found
L 05/15/2017 - 19:36:11: [admin.amxx] Login: "DoNpAkaa<43><STEAM_0:0:55531607><>" became an admin (account "DoNpAkaa") (access "b") (address "86.122.205.247")
L 05/15/2017 - 19:59:10: [mapsmenu.amxx] Vote: "DoNpAkaa<43><STEAM_0:0:55531607><>" vote maps (map#1 "deathrun_heaven") (map#2 "deathrun_crazyhop_v3_fix") (map#3 "") (map#4 "")
L 05/15/2017 - 19:59:22: [mapsmenu.amxx] Vote: Voting successful. Map will be changed to deathrun_heaven
L 05/15/2017 - 20:01:53: -------- Mapchange to deathrun_heaven --------
L 05/15/2017 - 20:01:55: [AMXX] Failed to open dictionary file: cstrike/addons/amxmodx/data/lang/walkguard.txt
L 05/15/2017 - 20:01:56: [walkguard.amxx] no zone-file found
L 05/15/2017 - 20:01:56: [admin.amxx] Login: "DoNpAkaa<43><STEAM_0:0:55531607><>" became an admin (account "DoNpAkaa") (access "b") (address "86.122.205.247")
L 05/15/2017 - 20:01:58: [admin.amxx] Login: "DoNpAkaa<82><STEAM_0:0:55531607><>" became an admin (account "DoNpAkaa") (access "b") (address "86.122.205.247")
L 05/15/2017 - 20:03:18: [admin.amxx] Login: "DoNpAkaa<86><STEAM_0:0:55531607><>" became an admin (account "DoNpAkaa") (access "b") (address "86.122.205.247")
L 05/15/2017 - 20:03:24: [admincmd.amxx] Cmd: "Dr.FioriGinal.Ro ~ Server Clasi<0><><>" slay "DoNpAkaa<86><STEAM_0:0:55531607><>"
L 05/15/2017 - 20:20:23: [admincmd.amxx] Cmd: "Dr.FioriGinal.Ro ~ Server Clasi<0><><>" slay "qeCe<88><STEAM_0:0:178764779><>"
L 05/15/2017 - 20:23:29: [admincmd.amxx] Cmd: "Dr.FioriGinal.Ro ~ Server Clasi<0><><>" slay "Javis<100><VALVE_0:4:2098217962><>"
L 05/15/2017 - 20:29:57: -------- Mapchange to deathrun_0mega --------
L 05/15/2017 - 20:29:59: [AMXX] Failed to open dictionary file: cstrike/addons/amxmodx/data/lang/walkguard.txt
L 05/15/2017 - 20:30:00: [walkguard.amxx] no zone-file found
L 05/15/2017 - 20:39:59: [admincmd.amxx] Cmd: "Dr.FioriGinal.Ro ~ Server Clasi<0><><>" slay "syntynyt<113><STEAM_0:0:15949717><>"
L 05/15/2017 - 20:40:40: [slayafk.amxx] syntynyt a primit slay, deoarece a fost afk mai mult de 30 secunde
L 05/15/2017 - 20:51:41: [admincmd.amxx] Cmd: "Dr.FioriGinal.Ro ~ Server Clasi<0><><>" slay "syntynyt<116><STEAM_0:0:15949717><>"
L 05/15/2017 - 20:53:15: [slayafk.amxx] syntynyt a primit slay, deoarece a fost afk mai mult de 30 secunde
L 05/15/2017 - 20:56:03: [admincmd.amxx] Cmd: "Dr.FioriGinal.Ro ~ Server Clasi<0><><>" slay "Jumper|TryNova22<119><VALVE_0:4:1691811074><>"
L 05/15/2017 - 20:59:13: [admincmd.amxx] Cmd: "Dr.FioriGinal.Ro ~ Server Clasi<0><><>" slay "syntynyt<120><STEAM_0:0:15949717><>"
L 05/15/2017 - 21:01:00: [slayafk.amxx] syntynyt a primit slay, deoarece a fost afk mai mult de 30 secunde
L 05/15/2017 - 21:03:34: [admin.amxx] Login: "Daky69<121><STEAM_0:0:1674484390><>" became an admin (account "Daky69") (access "b") (address "89.123.84.224")
L 05/15/2017 - 21:05:34: [admincmd.amxx] Cmd: "Dr.FioriGinal.Ro ~ Server Clasi<0><><>" slay "syntynyt<122><STEAM_0:0:15949717><>"
L 05/15/2017 - 21:21:14: [admincmd.amxx] Cmd: "Dr.FioriGinal.Ro ~ Server Clasi<0><><>" slay "syntynyt<136><STEAM_0:0:15949717><>"
L 05/15/2017 - 21:23:35: [admincmd.amxx] Cmd: "Dr.FioriGinal.Ro ~ Server Clasi<0><><>" slay "cosmin_killer<139><STEAM_0:0:1591437758><>"
L 05/15/2017 - 21:29:32: [admin.amxx] Login: "tiganu<141><STEAM_0:0:187978272><>" became an admin (account "tiganu") (access "b") (address "79.117.128.134")
L 05/15/2017 - 21:30:16: [admin.amxx] Login: "tiganu<143><STEAM_0:0:187978272><>" became an admin (account "tiganu") (access "b") (address "79.117.128.134")
L 05/15/2017 - 21:30:22: [admincmd.amxx] Cmd: "Dr.FioriGinal.Ro ~ Server Clasi<0><><>" slay "tiganu<143><STEAM_0:0:187978272><>"
L 05/15/2017 - 21:39:44: [admin.amxx] Login: "cool<146><STEAM_0:1:25922700><>" became an admin (account "cool") (access "b") (address "5.14.110.87")
L 05/15/2017 - 21:48:42: -------- Mapchange to deathrun_discovery3 --------
L 05/15/2017 - 21:48:43: [AMXX] Failed to open dictionary file: cstrike/addons/amxmodx/data/lang/walkguard.txt
L 05/15/2017 - 21:48:44: [walkguard.amxx] no zone-file found
L 05/15/2017 - 21:50:51: [admincmd.amxx] Cmd: "Dr.FioriGinal.Ro ~ Server Clasi<0><><>" slay "where.is.your.daddy?<157><STEAM_0:0:187978272><>"
L 05/15/2017 - 21:51:32: [admin.amxx] Login: "Daky69<161><STEAM_0:0:1674484390><>" became an admin (account "Daky69") (access "b") (address "89.123.84.224")
L 05/15/2017 - 21:52:23: [admincmd.amxx] Cmd: "Dr.FioriGinal.Ro ~ Server Clasi<0><><>" slay "where.is.your.daddy?<163><STEAM_0:0:187978272><>"
L 05/15/2017 - 21:52:25: [admin.amxx] Login: "tiganu<163><STEAM_0:0:187978272><>" became an admin (account "tiganu") (access "b") (address "79.117.128.134")
L 05/15/2017 - 21:52:34: [admin.amxx] Login: "cool<164><STEAM_0:1:25922700><>" became an admin (account "cool") (access "b") (address "5.14.110.87")
L 05/15/2017 - 21:53:32: [adminchat.amxx] Chat: "FLVXSOW;[ #4RUN<165><STEAM_0:0:77647261><>" chat " ai uitat cine sunt eu"
L 05/15/2017 - 21:53:34: [adminchat.amxx] Chat: "FLVXSOW;[ #4RUN<165><STEAM_0:0:77647261><>" chat " pe drx"
L 05/15/2017 - 21:53:38: [adminchat.amxx] Chat: "FLVXSOW;[ #4RUN<165><STEAM_0:0:77647261><>" chat " pe dr*"
L 05/15/2017 - 21:53:52: [adminchat.amxx] Chat: "FLVXSOW;[ #4RUN<165><STEAM_0:0:77647261><>" chat " reclamatie"
L 05/15/2017 - 21:53:55: [adminchat.amxx] Chat: "FLVXSOW;[ #4RUN<165><STEAM_0:0:77647261><>" chat " si pe drx?"
L 05/15/2017 - 21:54:00: [adminchat.amxx] Chat: "FLVXSOW;[ #4RUN<165><STEAM_0:0:77647261><>" chat " ai ban"
L 05/15/2017 - 21:54:02: [adminchat.amxx] Chat: "FLVXSOW;[ #4RUN<165><STEAM_0:0:77647261><>" chat " pe drx"
L 05/15/2017 - 21:54:13: [adminchat.amxx] Chat: "FLVXSOW;[ #4RUN<165><STEAM_0:0:77647261><>" chat " m-as duce sa fac un post"
L 05/15/2017 - 21:54:18: [adminchat.amxx] Chat: "FLVXSOW;[ #4RUN<165><STEAM_0:0:77647261><>" chat " dar ramai fara admin, csf"
L 05/15/2017 - 21:54:22: [adminchat.amxx] Chat: "FLVXSOW;[ #4RUN<165><STEAM_0:0:77647261><>" chat " chear :)))))))))))))))))))))"
L 05/15/2017 - 21:54:32: [adminchat.amxx] Chat: "FLVXSOW;[ #4RUN<165><STEAM_0:0:77647261><>" chat " coaie la cine da luxor admin :)))))))))))))))))))))))))))))))))))"
L 05/15/2017 - 21:54:53: [adminchat.amxx] Chat: "FLVXSOW;[ #4RUN<165><STEAM_0:0:77647261><>" chat " da"
L 05/15/2017 - 21:54:55: [adminchat.amxx] Chat: "FLVXSOW;[ #4RUN<165><STEAM_0:0:77647261><>" chat " permanent"
L 05/15/2017 - 21:54:56: [adminchat.amxx] Chat: "FLVXSOW;[ #4RUN<165><STEAM_0:0:77647261><>" chat " da"
L 05/15/2017 - 21:54:58: [adminchat.amxx] Chat: "FLVXSOW;[ #4RUN<165><STEAM_0:0:77647261><>" chat " hai te rog"
L 05/15/2017 - 21:55:03: [adminchat.amxx] Chat: "FLVXSOW;[ #4RUN<165><STEAM_0:0:77647261><>" chat " hai ma"
L 05/15/2017 - 21:55:04: [adminchat.amxx] Chat: "FLVXSOW;[ #4RUN<165><STEAM_0:0:77647261><>" chat " da ban"
L 05/15/2017 - 21:55:17: [adminchat.amxx] Chat: "FLVXSOW;[ #4RUN<165><STEAM_0:0:77647261><>" chat " ce ban sa dai"
L 05/15/2017 - 21:55:24: [adminchat.amxx] Chat: "FLVXSOW;[ #4RUN<165><STEAM_0:0:77647261><>" chat " ca n-ai acces la map..."
L 05/15/2017 - 21:56:01: [adminchat.amxx] Chat: "FLVXSOW;[ #4RUN<165><STEAM_0:0:77647261><>" chat " oricum"
L 05/15/2017 - 21:56:03: [adminchat.amxx] Chat: "FLVXSOW;[ #4RUN<165><STEAM_0:0:77647261><>" chat " pe drx"
L 05/15/2017 - 21:56:06: [adminchat.amxx] Chat: "FLVXSOW;[ #4RUN<165><STEAM_0:0:77647261><>" chat " ai ban permanent"
L 05/15/2017 - 21:56:26: [adminchat.amxx] Chat: "FLVXSOW;[ #4RUN<165><STEAM_0:0:77647261><>" chat " stai linistit"
L 05/15/2017 - 21:59:44: [slayafk.amxx] No Swear a primit slay, deoarece a fost afk mai mult de 30 secunde
L 05/15/2017 - 22:01:56: [advanced_bans_sql.amxx] cool <STEAM_0:1:25922700> banned FLVXSOW;[ <STEAM_0:0:77647261> || Reason: "sa.vad.remove" || Ban Length: 2 hours
L 05/15/2017 - 22:04:16: [admin.amxx] Login: "tiganu<163><STEAM_0:0:187978272><>" became an admin (account "tiganu") (access "b") (address "79.117.128.134")
L 05/15/2017 - 22:07:29: [slayafk.amxx] cool a primit slay, deoarece a fost afk mai mult de 30 secunde
L 05/15/2017 - 22:09:55: [mapsmenu.amxx] Vote: "cool<164><STEAM_0:1:25922700><>" vote maps (map#1 "deathrun_rayxzen_x") (map#2 "deathrun_rizzy_x") (map#3 "") (map#4 "")
L 05/15/2017 - 22:10:07: [mapsmenu.amxx] Vote: Voting successful. Map will be changed to deathrun_rayxzen_x
L 05/15/2017 - 22:17:30: -------- Mapchange to deathrun_rayxzen_x --------
L 05/15/2017 - 22:17:32: [AMXX] Failed to open dictionary file: cstrike/addons/amxmodx/data/lang/walkguard.txt
L 05/15/2017 - 22:17:33: [walkguard.amxx] no zone-file found
L 05/15/2017 - 22:17:33: [admin.amxx] Login: "Daky69<161><STEAM_0:0:1674484390><>" became an admin (account "Daky69") (access "b") (address "89.123.84.224")
L 05/15/2017 - 22:17:57: [admin.amxx] Login: "cool<185><STEAM_0:1:25922700><>" became an admin (account "cool") (access "b") (address "5.14.110.87")
L 05/15/2017 - 22:23:37: [slayafk.amxx] boyka a primit slay, deoarece a fost afk mai mult de 30 secunde
L 05/15/2017 - 22:34:32: [admincmd.amxx] Cmd: "Dr.FioriGinal.Ro ~ Server Clasi<0><><>" slay "where.is.your.daddy?<195><STEAM_0:0:187978272><>"
L 05/15/2017 - 22:38:28: [slayafk.amxx] HaCkeR a primit slay, deoarece a fost afk mai mult de 30 secunde
L 05/15/2017 - 22:39:02: [slayafk.amxx] Hitsouka a primit slay, deoarece a fost afk mai mult de 30 secunde
L 05/15/2017 - 22:42:32: [pistols_sql.amxx] FailState == TQUERY_QUERY_FAILED, Query failed.
L 05/15/2017 - 22:43:43: -------- Mapchange to deathrun_2h_estonia --------
L 05/15/2017 - 22:43:45: [AMXX] Failed to open dictionary file: cstrike/addons/amxmodx/data/lang/walkguard.txt
L 05/15/2017 - 22:43:46: [walkguard.amxx] no zone-file found
L 05/15/2017 - 22:47:24: [admincmd.amxx] Cmd: "Dr.FioriGinal.Ro ~ Server Clasi<0><><>" slay "dNk|sCaRy<216><VALVE_0:4:187094899><>"
L 05/15/2017 - 23:11:40: -------- Mapchange to deathrun_y_underground --------
L 05/15/2017 - 23:11:41: [AMXX] Failed to open dictionary file: cstrike/addons/amxmodx/data/lang/walkguard.txt
L 05/15/2017 - 23:11:42: [walkguard.amxx] no zone-file found
L 05/15/2017 - 23:12:24: [admincmd.amxx] Cmd: "Dr.FioriGinal.Ro ~ Server Clasi<0><><>" slay "Madalin<228><VALVE_0:4:284123062><>"
L 05/15/2017 - 23:12:46: [admincmd.amxx] Cmd: "Dr.FioriGinal.Ro ~ Server Clasi<0><><>" slay "Madalin<230><VALVE_0:4:284123062><>"
L 05/15/2017 - 23:18:54: [admin.amxx] Login: "ips<236><VALVE_0:4:181947003><>" kicked due to invalid password (account "ips") (address "79.118.236.188")
L 05/15/2017 - 23:19:07: [admin.amxx] Login: "ips<237><VALVE_0:4:181947003><>" became an admin (account "ips") (access "b") (address "79.118.236.188")
L 05/15/2017 - 23:19:09: [admin.amxx] Login: "ips<238><VALVE_0:4:181947003><>" became an admin (account "ips") (access "b") (address "79.118.236.188")
L 05/15/2017 - 23:43:34: [admin.amxx] Login: "Bidi<243><STEAM_0:1:45864800><>" became an admin (account "Bidi") (access "bit") (address "176.223.46.121")
L 05/15/2017 - 23:46:15: [admincmd.amxx] Cmd: "Dr.FioriGinal.Ro ~ Server Clasi<0><><>" slay "HaCkeR<246><STEAM_0:0:407540975><>"
L 05/15/2017 - 23:48:31: [admincmd.amxx] Cmd: "Dr.FioriGinal.Ro ~ Server Clasi<0><><>" slay "HaCkeR<250><STEAM_0:0:407540975><>"
