L 03/20/2017 - 00:00:34: [slayafk.amxx] DoZe a primit slay, deoarece a fost afk mai mult de 30 secunde
L 03/20/2017 - 00:01:54: [slayafk.amxx] DoZe a primit slay, deoarece a fost afk mai mult de 30 secunde
L 03/20/2017 - 00:03:19: [slayafk.amxx] DoZe a primit slay, deoarece a fost afk mai mult de 30 secunde
L 03/20/2017 - 00:04:04: [slayafk.amxx] DoZe a primit slay, deoarece a fost afk mai mult de 30 secunde
L 03/20/2017 - 00:05:44: [slayafk.amxx] DoZe a primit slay, deoarece a fost afk mai mult de 30 secunde
L 03/20/2017 - 00:05:53: [admincmd.amxx] Cmd: "Dr.FioriGinal.Ro ~ Server Clasi<0><><>" slay "tiganu<193><STEAM_0:0:187978272><>"
L 03/20/2017 - 00:07:19: [slayafk.amxx] DoZe a primit slay, deoarece a fost afk mai mult de 30 secunde
L 03/20/2017 - 00:07:22: -------- Mapchange to deathrun_shit_v2 --------
L 03/20/2017 - 00:07:23: [AMXX] Failed to open dictionary file: cstrike/addons/amxmodx/data/lang/walkguard.txt
L 03/20/2017 - 00:07:24: [walkguard.amxx] no zone-file found
L 03/20/2017 - 00:07:59: [slayafk.amxx] DoZe a primit slay, deoarece a fost afk mai mult de 30 secunde
L 03/20/2017 - 00:08:54: [slayafk.amxx] DoZe a primit slay, deoarece a fost afk mai mult de 30 secunde
L 03/20/2017 - 00:09:54: [slayafk.amxx] DoZe a primit slay, deoarece a fost afk mai mult de 30 secunde
L 03/20/2017 - 00:11:34: [slayafk.amxx] DoZe a primit slay, deoarece a fost afk mai mult de 30 secunde
L 03/20/2017 - 00:12:24: [slayafk.amxx] DoZe a primit slay, deoarece a fost afk mai mult de 30 secunde
L 03/20/2017 - 00:13:09: [slayafk.amxx] DoZe a primit slay, deoarece a fost afk mai mult de 30 secunde
L 03/20/2017 - 00:14:39: [slayafk.amxx] DoZe a primit slay, deoarece a fost afk mai mult de 30 secunde
L 03/20/2017 - 00:16:34: [slayafk.amxx] DoZe a primit slay, deoarece a fost afk mai mult de 30 secunde
L 03/20/2017 - 00:17:34: [slayafk.amxx] DoZe a primit slay, deoarece a fost afk mai mult de 30 secunde
L 03/20/2017 - 00:17:59: [slayafk.amxx] FLVXSOW;[ a primit slay, deoarece a fost afk mai mult de 30 secunde
L 03/20/2017 - 00:18:39: [slayafk.amxx] DoZe a primit slay, deoarece a fost afk mai mult de 30 secunde
L 03/20/2017 - 00:19:44: [slayafk.amxx] DoZe a primit slay, deoarece a fost afk mai mult de 30 secunde
L 03/20/2017 - 00:20:24: [slayafk.amxx] DoZe a primit slay, deoarece a fost afk mai mult de 30 secunde
L 03/20/2017 - 00:21:54: [slayafk.amxx] DoZe a primit slay, deoarece a fost afk mai mult de 30 secunde
L 03/20/2017 - 00:30:54: [slayafk.amxx] FLVXSOW;[ a primit slay, deoarece a fost afk mai mult de 30 secunde
L 03/20/2017 - 00:31:19: [slayafk.amxx] DoZe a primit slay, deoarece a fost afk mai mult de 30 secunde
L 03/20/2017 - 00:31:59: [slayafk.amxx] FLVXSOW;[ a primit slay, deoarece a fost afk mai mult de 30 secunde
L 03/20/2017 - 00:32:34: [slayafk.amxx] DoZe a primit slay, deoarece a fost afk mai mult de 30 secunde
L 03/20/2017 - 00:33:09: [slayafk.amxx] FLVXSOW;[ a primit slay, deoarece a fost afk mai mult de 30 secunde
L 03/20/2017 - 00:33:12: -------- Mapchange to deathrun_kings_never_die --------
L 03/20/2017 - 00:33:13: [AMXX] Failed to open dictionary file: cstrike/addons/amxmodx/data/lang/walkguard.txt
L 03/20/2017 - 00:33:14: [walkguard.amxx] no zone-file found
L 03/20/2017 - 00:33:49: [slayafk.amxx] FLVXSOW;[ a primit slay, deoarece a fost afk mai mult de 30 secunde
L 03/20/2017 - 00:33:49: [slayafk.amxx] DoZe a primit slay, deoarece a fost afk mai mult de 30 secunde
L 03/20/2017 - 00:34:24: [slayafk.amxx] DoZe a primit slay, deoarece a fost afk mai mult de 30 secunde
L 03/20/2017 - 00:34:59: [slayafk.amxx] FLVXSOW;[ a primit slay, deoarece a fost afk mai mult de 30 secunde
L 03/20/2017 - 00:35:34: [slayafk.amxx] DoZe a primit slay, deoarece a fost afk mai mult de 30 secunde
L 03/20/2017 - 00:36:14: [slayafk.amxx] FLVXSOW;[ a primit slay, deoarece a fost afk mai mult de 30 secunde
L 03/20/2017 - 00:36:44: [slayafk.amxx] DoZe a primit slay, deoarece a fost afk mai mult de 30 secunde
L 03/20/2017 - 00:37:24: [slayafk.amxx] FLVXSOW;[ a primit slay, deoarece a fost afk mai mult de 30 secunde
L 03/20/2017 - 00:37:54: [slayafk.amxx] DoZe a primit slay, deoarece a fost afk mai mult de 30 secunde
L 03/20/2017 - 00:38:29: [slayafk.amxx] FLVXSOW;[ a primit slay, deoarece a fost afk mai mult de 30 secunde
L 03/20/2017 - 00:38:59: [slayafk.amxx] DoZe a primit slay, deoarece a fost afk mai mult de 30 secunde
L 03/20/2017 - 00:39:39: [slayafk.amxx] DoZe a primit slay, deoarece a fost afk mai mult de 30 secunde
L 03/20/2017 - 00:40:19: [slayafk.amxx] DoZe a primit slay, deoarece a fost afk mai mult de 30 secunde
L 03/20/2017 - 00:40:34: [slayafk.amxx] FLVXSOW;[ a primit slay, deoarece a fost afk mai mult de 30 secunde
L 03/20/2017 - 00:41:09: [slayafk.amxx] DoZe a primit slay, deoarece a fost afk mai mult de 30 secunde
L 03/20/2017 - 00:41:49: [slayafk.amxx] FLVXSOW;[ a primit slay, deoarece a fost afk mai mult de 30 secunde
L 03/20/2017 - 00:42:19: [slayafk.amxx] DoZe a primit slay, deoarece a fost afk mai mult de 30 secunde
L 03/20/2017 - 00:42:59: [slayafk.amxx] FLVXSOW;[ a primit slay, deoarece a fost afk mai mult de 30 secunde
L 03/20/2017 - 00:43:34: [slayafk.amxx] DoZe a primit slay, deoarece a fost afk mai mult de 30 secunde
L 03/20/2017 - 00:44:09: [slayafk.amxx] FLVXSOW;[ a primit slay, deoarece a fost afk mai mult de 30 secunde
L 03/20/2017 - 00:44:39: [slayafk.amxx] DoZe a primit slay, deoarece a fost afk mai mult de 30 secunde
L 03/20/2017 - 00:45:14: [slayafk.amxx] FLVXSOW;[ a primit slay, deoarece a fost afk mai mult de 30 secunde
L 03/20/2017 - 00:45:49: [slayafk.amxx] DoZe a primit slay, deoarece a fost afk mai mult de 30 secunde
L 03/20/2017 - 00:46:24: [slayafk.amxx] FLVXSOW;[ a primit slay, deoarece a fost afk mai mult de 30 secunde
L 03/20/2017 - 00:46:59: [slayafk.amxx] DoZe a primit slay, deoarece a fost afk mai mult de 30 secunde
L 03/20/2017 - 00:47:39: [slayafk.amxx] FLVXSOW;[ a primit slay, deoarece a fost afk mai mult de 30 secunde
L 03/20/2017 - 00:48:14: [slayafk.amxx] DoZe a primit slay, deoarece a fost afk mai mult de 30 secunde
L 03/20/2017 - 00:48:54: [slayafk.amxx] FLVXSOW;[ a primit slay, deoarece a fost afk mai mult de 30 secunde
L 03/20/2017 - 00:49:29: [slayafk.amxx] DoZe a primit slay, deoarece a fost afk mai mult de 30 secunde
L 03/20/2017 - 00:50:09: [slayafk.amxx] FLVXSOW;[ a primit slay, deoarece a fost afk mai mult de 30 secunde
L 03/20/2017 - 00:50:44: [slayafk.amxx] DoZe a primit slay, deoarece a fost afk mai mult de 30 secunde
L 03/20/2017 - 00:51:24: [slayafk.amxx] FLVXSOW;[ a primit slay, deoarece a fost afk mai mult de 30 secunde
L 03/20/2017 - 00:51:59: [slayafk.amxx] DoZe a primit slay, deoarece a fost afk mai mult de 30 secunde
L 03/20/2017 - 00:52:34: [slayafk.amxx] FLVXSOW;[ a primit slay, deoarece a fost afk mai mult de 30 secunde
L 03/20/2017 - 00:53:09: [slayafk.amxx] DoZe a primit slay, deoarece a fost afk mai mult de 30 secunde
L 03/20/2017 - 00:53:49: [slayafk.amxx] FLVXSOW;[ a primit slay, deoarece a fost afk mai mult de 30 secunde
L 03/20/2017 - 00:54:24: [slayafk.amxx] DoZe a primit slay, deoarece a fost afk mai mult de 30 secunde
L 03/20/2017 - 00:54:59: [slayafk.amxx] FLVXSOW;[ a primit slay, deoarece a fost afk mai mult de 30 secunde
L 03/20/2017 - 00:55:39: [slayafk.amxx] FLVXSOW;[ a primit slay, deoarece a fost afk mai mult de 30 secunde
L 03/20/2017 - 00:56:09: [slayafk.amxx] DoZe a primit slay, deoarece a fost afk mai mult de 30 secunde
L 03/20/2017 - 00:56:44: [slayafk.amxx] FLVXSOW;[ a primit slay, deoarece a fost afk mai mult de 30 secunde
L 03/20/2017 - 00:57:19: [slayafk.amxx] DoZe a primit slay, deoarece a fost afk mai mult de 30 secunde
L 03/20/2017 - 00:57:54: [slayafk.amxx] FLVXSOW;[ a primit slay, deoarece a fost afk mai mult de 30 secunde
L 03/20/2017 - 00:58:29: [slayafk.amxx] DoZe a primit slay, deoarece a fost afk mai mult de 30 secunde
L 03/20/2017 - 00:59:04: [slayafk.amxx] FLVXSOW;[ a primit slay, deoarece a fost afk mai mult de 30 secunde
L 03/20/2017 - 00:59:07: -------- Mapchange to deathrun_inferno_beta1 --------
L 03/20/2017 - 00:59:08: [AMXX] Failed to open dictionary file: cstrike/addons/amxmodx/data/lang/walkguard.txt
L 03/20/2017 - 00:59:10: [walkguard.amxx] no zone-file found
L 03/20/2017 - 01:05:59: [slayafk.amxx] FLVXSOW;[ a primit slay, deoarece a fost afk mai mult de 30 secunde
L 03/20/2017 - 01:14:59: [slayafk.amxx] DoZe a primit slay, deoarece a fost afk mai mult de 30 secunde
L 03/20/2017 - 01:46:34: -------- Mapchange to deathrun_coolf4 --------
L 03/20/2017 - 01:46:36: [AMXX] Failed to open dictionary file: cstrike/addons/amxmodx/data/lang/walkguard.txt
L 03/20/2017 - 01:46:37: [walkguard.amxx] no zone-file found
L 03/20/2017 - 02:28:32: -------- Mapchange to deathrun_demolish --------
L 03/20/2017 - 02:28:34: [AMXX] Failed to open dictionary file: cstrike/addons/amxmodx/data/lang/walkguard.txt
L 03/20/2017 - 02:28:35: [walkguard.amxx] no zone-file found
L 03/20/2017 - 03:50:58: -------- Mapchange to deathrun_y_snow_wind_v3 --------
L 03/20/2017 - 03:51:00: [AMXX] Failed to open dictionary file: cstrike/addons/amxmodx/data/lang/walkguard.txt
L 03/20/2017 - 03:51:01: [walkguard.amxx] no zone-file found
L 03/20/2017 - 07:34:51: -------- Mapchange to deathrun_adelina --------
L 03/20/2017 - 07:34:52: [AMXX] Failed to open dictionary file: cstrike/addons/amxmodx/data/lang/walkguard.txt
L 03/20/2017 - 07:34:53: [walkguard.amxx] no zone-file found
L 03/20/2017 - 07:37:17: [admincmd.amxx] Cmd: "Dr.FioriGinal.Ro ~ Server Clasi<0><><>" slay "El~S3bA |# A.C.A.B<242><STEAM_0:0:62295258><>"
L 03/20/2017 - 08:09:47: -------- Mapchange to deathrun_scooby-doo --------
L 03/20/2017 - 08:09:49: [AMXX] Failed to open dictionary file: cstrike/addons/amxmodx/data/lang/walkguard.txt
L 03/20/2017 - 08:09:50: [walkguard.amxx] no zone-file found
L 03/20/2017 - 08:56:10: -------- Mapchange to deathrun_laikiux_dev --------
L 03/20/2017 - 08:56:12: [AMXX] Failed to open dictionary file: cstrike/addons/amxmodx/data/lang/walkguard.txt
L 03/20/2017 - 08:56:13: [walkguard.amxx] no zone-file found
L 03/20/2017 - 09:25:02: -------- Mapchange to deathrun_winterfg_lux --------
L 03/20/2017 - 09:25:03: [AMXX] Failed to open dictionary file: cstrike/addons/amxmodx/data/lang/walkguard.txt
L 03/20/2017 - 09:25:04: [walkguard.amxx] no zone-file found
L 03/20/2017 - 09:28:19: [slayafk.amxx] COCO a primit slay, deoarece a fost afk mai mult de 30 secunde
L 03/20/2017 - 10:28:31: -------- Mapchange to deathrun_bricks_lux --------
L 03/20/2017 - 10:28:33: [AMXX] Failed to open dictionary file: cstrike/addons/amxmodx/data/lang/walkguard.txt
L 03/20/2017 - 10:28:34: [walkguard.amxx] no zone-file found
L 03/20/2017 - 10:57:26: -------- Mapchange to deathrun_standup2 --------
L 03/20/2017 - 10:57:28: [AMXX] Failed to open dictionary file: cstrike/addons/amxmodx/data/lang/walkguard.txt
L 03/20/2017 - 10:57:29: [walkguard.amxx] no zone-file found
L 03/20/2017 - 11:36:24: -------- Mapchange to deathrun_xstrafers --------
L 03/20/2017 - 11:36:26: [AMXX] Failed to open dictionary file: cstrike/addons/amxmodx/data/lang/walkguard.txt
L 03/20/2017 - 11:36:26: [walkguard.amxx] no zone-file found
L 03/20/2017 - 12:03:55: -------- Mapchange to deathrun_holiday --------
L 03/20/2017 - 12:03:57: [AMXX] Failed to open dictionary file: cstrike/addons/amxmodx/data/lang/walkguard.txt
L 03/20/2017 - 12:03:58: [walkguard.amxx] no zone-file found
L 03/20/2017 - 12:13:37: [slayafk.amxx] Sebastian a primit slay, deoarece a fost afk mai mult de 30 secunde
L 03/20/2017 - 12:30:19: [admincmd.amxx] Cmd: "Dr.FioriGinal.Ro ~ Server Clasi<0><><>" slay "nk3<333><VALVE_0:4:1126344578><>"
L 03/20/2017 - 12:33:13: [admincmd.amxx] Cmd: "Dr.FioriGinal.Ro ~ Server Clasi<0><><>" slay "nk3<339><VALVE_0:4:1126344578><>"
L 03/20/2017 - 12:39:09: [admincmd.amxx] Cmd: "Dr.FioriGinal.Ro ~ Server Clasi<0><><>" slay "nk3<341><VALVE_0:4:1126344578><>"
L 03/20/2017 - 12:39:42: [admincmd.amxx] Cmd: "Dr.FioriGinal.Ro ~ Server Clasi<0><><>" slay "nk3<343><VALVE_0:4:1126344578><>"
L 03/20/2017 - 12:40:28: [admincmd.amxx] Cmd: "Dr.FioriGinal.Ro ~ Server Clasi<0><><>" slay "nk3<344><VALVE_0:4:1126344578><>"
L 03/20/2017 - 12:43:22: [admincmd.amxx] Cmd: "Dr.FioriGinal.Ro ~ Server Clasi<0><><>" slay "nk3<346><VALVE_0:4:1126344578><>"
L 03/20/2017 - 13:19:56: -------- Mapchange to deathrun_purplez --------
L 03/20/2017 - 13:19:57: [AMXX] Failed to open dictionary file: cstrike/addons/amxmodx/data/lang/walkguard.txt
L 03/20/2017 - 13:19:58: [walkguard.amxx] no zone-file found
L 03/20/2017 - 13:45:33: [slayafk.amxx] denis a primit slay, deoarece a fost afk mai mult de 30 secunde
L 03/20/2017 - 13:45:36: -------- Mapchange to deathrun_cityhotel_v2 --------
L 03/20/2017 - 13:45:38: [AMXX] Failed to open dictionary file: cstrike/addons/amxmodx/data/lang/walkguard.txt
L 03/20/2017 - 13:45:39: [walkguard.amxx] no zone-file found
L 03/20/2017 - 13:46:13: [slayafk.amxx] denis a primit slay, deoarece a fost afk mai mult de 30 secunde
L 03/20/2017 - 13:56:59: [admin.amxx] Login: "Cuppy # LePatron<374><STEAM_0:1:193294027><>" became an admin (account "Cuppy # LePatron") (access "bi") (address "46.253.168.87")
L 03/20/2017 - 14:14:25: [admincmd.amxx] Cmd: "Dr.FioriGinal.Ro ~ Server Clasi<0><><>" slay "Stifler<382><STEAM_0:0:1812428664><>"
L 03/20/2017 - 14:14:28: -------- Mapchange to deathrun_abtropicano2 --------
L 03/20/2017 - 14:14:30: [AMXX] Failed to open dictionary file: cstrike/addons/amxmodx/data/lang/walkguard.txt
L 03/20/2017 - 14:14:31: [walkguard.amxx] no zone-file found
L 03/20/2017 - 14:24:06: [admincmd.amxx] Cmd: "Dr.FioriGinal.Ro ~ Server Clasi<0><><>" slay "tiganu<392><STEAM_0:0:187978272><>"
L 03/20/2017 - 14:29:49: [admincmd.amxx] Cmd: "Dr.FioriGinal.Ro ~ Server Clasi<0><><>" slay "tiganu<394><STEAM_0:0:187978272><>"
L 03/20/2017 - 14:37:22: [admincmd.amxx] Cmd: "Dr.FioriGinal.Ro ~ Server Clasi<0><><>" slay "tiganu<396><STEAM_0:0:187978272><>"
L 03/20/2017 - 14:39:24: [admincmd.amxx] Cmd: "Dr.FioriGinal.Ro ~ Server Clasi<0><><>" slay "tiganu<402><STEAM_0:0:187978272><>"
L 03/20/2017 - 14:44:01: [slayafk.amxx] Melkrom a primit slay, deoarece a fost afk mai mult de 30 secunde
L 03/20/2017 - 15:19:24: -------- Mapchange to deathrun_trap_canyon --------
L 03/20/2017 - 15:19:26: [AMXX] Failed to open dictionary file: cstrike/addons/amxmodx/data/lang/walkguard.txt
L 03/20/2017 - 15:19:27: [walkguard.amxx] no zone-file found
L 03/20/2017 - 15:39:45: [admincmd.amxx] Cmd: "Dr.FioriGinal.Ro ~ Server Clasi<0><><>" slay "miezu' # good as hell ???<424><STEAM_0:1:76767434><>"
L 03/20/2017 - 15:53:05: [admincmd.amxx] Cmd: "Dr.FioriGinal.Ro ~ Server Clasi<0><><>" slay "Vika<431><STEAM_0:0:1765999531><>"
L 03/20/2017 - 15:55:02: [admin.amxx] Login: "FAKE ^^<435><STEAM_0:0:272564954><>" became an admin (account "FAKE ^^") (access "bi") (address "95.76.2.101")
L 03/20/2017 - 16:01:11: [slayafk.amxx] ManuelSeNNN a primit slay, deoarece a fost afk mai mult de 30 secunde
L 03/20/2017 - 16:07:58: [admin.amxx] Login: "andreea<440><VALVE_0:4:2031176187><>" kicked due to invalid password (account "Andreea") (address "79.113.126.91")
L 03/20/2017 - 16:09:16: -------- Mapchange to deathrun_blabla_hard --------
L 03/20/2017 - 16:09:17: [AMXX] Failed to open dictionary file: cstrike/addons/amxmodx/data/lang/walkguard.txt
L 03/20/2017 - 16:09:18: [walkguard.amxx] no zone-file found
L 03/20/2017 - 16:11:49: [pistols_sql.amxx] FailState == TQUERY_QUERY_FAILED, Query failed.
L 03/20/2017 - 16:13:59: [admincmd.amxx] Cmd: "Dr.FioriGinal.Ro ~ Server Clasi<0><><>" slay "Foo<448><VALVE_0:4:2031176187><>"
L 03/20/2017 - 16:27:18: [admincmd.amxx] Cmd: "Dr.FioriGinal.Ro ~ Server Clasi<0><><>" slay "Lineage<454><STEAM_0:1:166549758><>"
L 03/20/2017 - 16:32:39: [advanced_bans_sql.amxx] Ban time is up for: THEassassin [STEAM_0:0:1469945951]
L 03/20/2017 - 16:43:12: -------- Mapchange to deathrun_massive --------
L 03/20/2017 - 16:43:13: [AMXX] Failed to open dictionary file: cstrike/addons/amxmodx/data/lang/walkguard.txt
L 03/20/2017 - 16:43:14: [walkguard.amxx] no zone-file found
L 03/20/2017 - 17:09:22: -------- Mapchange to deathrun_green_h2_final --------
L 03/20/2017 - 17:09:24: [AMXX] Failed to open dictionary file: cstrike/addons/amxmodx/data/lang/walkguard.txt
L 03/20/2017 - 17:09:25: [walkguard.amxx] no zone-file found
L 03/20/2017 - 17:19:10: [admin.amxx] Login: "FAKE ^^<479><STEAM_0:0:272564954><>" became an admin (account "FAKE ^^") (access "bi") (address "95.76.2.101")
L 03/20/2017 - 17:20:02: [admincmd.amxx] Cmd: "Dr.FioriGinal.Ro ~ Server Clasi<0><><>" slay "GermanPlayer123<481><VALVE_0:4:566715971><>"
L 03/20/2017 - 17:20:07: [admincmd.amxx] Cmd: "Dr.FioriGinal.Ro ~ Server Clasi<0><><>" slay "HeadShot<482><VALVE_0:4:439277427><>"
L 03/20/2017 - 17:35:24: [admin.amxx] Login: "spartanC3<493><VALVE_0:4:2031176187><>" kicked due to invalid password (account "spartanC3") (address "79.113.126.91")
L 03/20/2017 - 17:49:46: [admin.amxx] Login: "J.Smith<500><STEAM_0:0:59563675><>" became an admin (account "J.Smith") (access "bi") (address "109.185.5.238")
L 03/20/2017 - 17:51:34: [admincmd.amxx] Cmd: "Dr.FioriGinal.Ro ~ Server Clasi<0><><>" slay "inr<505><STEAM_0:0:154095842><>"
L 03/20/2017 - 17:51:36: [admincmd.amxx] Cmd: "Dr.FioriGinal.Ro ~ Server Clasi<0><><>" slay "XxX_PAPAIIIA_XxX<504><STEAM_0:0:669968232><>"
L 03/20/2017 - 17:54:33: [admincmd.amxx] Cmd: "Dr.FioriGinal.Ro ~ Server Clasi<0><><>" slay "inr<510><STEAM_0:0:154095842><>"
L 03/20/2017 - 18:11:34: [admin.amxx] Login: "J.Smith<515><STEAM_0:0:59563675><>" became an admin (account "J.Smith") (access "bi") (address "109.185.5.238")
L 03/20/2017 - 18:38:10: -------- Mapchange to deathrun_abstract --------
L 03/20/2017 - 18:38:12: [AMXX] Failed to open dictionary file: cstrike/addons/amxmodx/data/lang/walkguard.txt
L 03/20/2017 - 18:38:13: [walkguard.amxx] no zone-file found
L 03/20/2017 - 18:56:27: [admincmd.amxx] Cmd: "Dr.FioriGinal.Ro ~ Server Clasi<0><><>" slay "Nereklamuok!<540><STEAM_0:0:2140984578><>"
L 03/20/2017 - 18:59:51: [admincmd.amxx] Cmd: "Dr.FioriGinal.Ro ~ Server Clasi<0><><>" slay "Nereklamuok!<543><STEAM_0:0:2140984578><>"
L 03/20/2017 - 19:13:26: [admin.amxx] Login: "SWAGGIE. XD<550><VALVE_0:4:862961770><>" became an admin (account "SWAGGIE. XD") (access "bi") (address "109.98.131.207")
L 03/20/2017 - 19:14:20: [admin.amxx] Login: "FAKE ^^<551><STEAM_0:0:272564954><>" became an admin (account "FAKE ^^") (access "bi") (address "95.76.2.101")
L 03/20/2017 - 19:33:53: [admincmd.amxx] Cmd: "Dr.FioriGinal.Ro ~ Server Clasi<0><><>" slay "No Swear<563><STEAM_0:0:1735517759><>"
L 03/20/2017 - 19:37:08: -------- Mapchange to deathrun_coolf2 --------
L 03/20/2017 - 19:37:09: [AMXX] Failed to open dictionary file: cstrike/addons/amxmodx/data/lang/walkguard.txt
L 03/20/2017 - 19:37:10: [walkguard.amxx] no zone-file found
L 03/20/2017 - 19:52:40: [admin.amxx] Login: "SWAGGIE. XD<579><VALVE_0:4:862961770><>" became an admin (account "SWAGGIE. XD") (access "bi") (address "109.98.131.207")
L 03/20/2017 - 19:57:04: [admin.amxx] Login: "Xstrafers # |LOL|XXX<582><STEAM_0:1:24069958><>" became an admin (account "Xstrafers # |LOL|XXX") (access "bi") (address "5.15.80.42")
L 03/20/2017 - 20:01:20: [admin.amxx] Login: "FAKE ^^<583><STEAM_0:0:272564954><>" became an admin (account "FAKE ^^") (access "bi") (address "95.76.2.101")
L 03/20/2017 - 20:07:48: -------- Mapchange to deathrun_coolf_3 --------
L 03/20/2017 - 20:07:50: [AMXX] Failed to open dictionary file: cstrike/addons/amxmodx/data/lang/walkguard.txt
L 03/20/2017 - 20:07:51: [walkguard.amxx] no zone-file found
L 03/20/2017 - 20:13:37: [admin.amxx] Login: "SWAGGIE. XD<588><VALVE_0:4:862961770><>" became an admin (account "SWAGGIE. XD") (access "bi") (address "109.98.131.207")
L 03/20/2017 - 20:44:18: [admincmd.amxx] Cmd: "Dr.FioriGinal.Ro ~ Server Clasi<0><><>" slay "Nereklamuok!<611><STEAM_0:0:2140984578><>"
L 03/20/2017 - 20:50:21: [slayafk.amxx] DoZe a primit slay, deoarece a fost afk mai mult de 30 secunde
L 03/20/2017 - 20:51:16: [slayafk.amxx] DoZe a primit slay, deoarece a fost afk mai mult de 30 secunde
L 03/20/2017 - 20:52:32: [pistols_sql.amxx] FailState == TQUERY_QUERY_FAILED, Query failed.
L 03/20/2017 - 20:52:43: [pistols_sql.amxx] FailState == TQUERY_QUERY_FAILED, Query failed.
L 03/20/2017 - 20:52:43: [pistols_sql.amxx] SqlConnection == Empty_Handle, SqlError: Can't connect to MySQL server on '89.40.104.2' (4)
L 03/20/2017 - 20:52:51: [slayafk.amxx] DoZe a primit slay, deoarece a fost afk mai mult de 30 secunde
L 03/20/2017 - 20:53:28: [pistols_sql.amxx] FailState == TQUERY_QUERY_FAILED, Query failed.
L 03/20/2017 - 20:53:28: [pistols_sql.amxx] SqlConnection == Empty_Handle, SqlError: Can't connect to MySQL server on '89.40.104.2' (4)
L 03/20/2017 - 20:53:41: -------- Mapchange to deathrun_air_final --------
L 03/20/2017 - 20:53:43: [AMXX] Failed to open dictionary file: cstrike/addons/amxmodx/data/lang/walkguard.txt
L 03/20/2017 - 20:53:44: [walkguard.amxx] no zone-file found
L 03/20/2017 - 21:04:09: [admincmd.amxx] Cmd: "Dr.FioriGinal.Ro ~ Server Clasi<0><><>" slay "Nereklamuok!<629><STEAM_0:0:2140984578><>"
L 03/20/2017 - 21:20:15: -------- Mapchange to deathrun_cliff --------
L 03/20/2017 - 21:20:16: [AMXX] Failed to open dictionary file: cstrike/addons/amxmodx/data/lang/walkguard.txt
L 03/20/2017 - 21:20:17: [walkguard.amxx] no zone-file found
L 03/20/2017 - 22:24:06: [admin.amxx] Login: "SWAGGIE. XD<672><VALVE_0:4:862961770><>" became an admin (account "SWAGGIE. XD") (access "bi") (address "109.98.131.207")
L 03/20/2017 - 23:18:18: [admin.amxx] Login: "Xstrafers # |LOL|XXX<692><STEAM_0:1:24069958><>" became an admin (account "Xstrafers # |LOL|XXX") (access "bi") (address "5.15.80.42")
L 03/20/2017 - 23:18:19: [admin.amxx] Login: "Xstrafers # |LOL|XXX<693><STEAM_0:1:24069958><>" became an admin (account "Xstrafers # |LOL|XXX") (access "bi") (address "5.15.80.42")
L 03/20/2017 - 23:18:45: [admin.amxx] Login: "Xstrafers # |LOL|XXX<694><STEAM_0:1:24069958><>" became an admin (account "Xstrafers # |LOL|XXX") (access "bi") (address "5.15.80.42")
L 03/20/2017 - 23:21:18: [admin.amxx] Login: "TALINSKA<695><VALVE_0:4:1782372978><>" kicked due to invalid password (account "TALINSKA") (address "92.86.37.125")
L 03/20/2017 - 23:24:14: -------- Mapchange to deathrun_forest --------
L 03/20/2017 - 23:24:19: [AMXX] Failed to open dictionary file: cstrike/addons/amxmodx/data/lang/walkguard.txt
L 03/20/2017 - 23:24:21: [walkguard.amxx] no zone-file found
L 03/20/2017 - 23:24:30: Invalid multi-lingual line (file "cstrike/addons/amxmodx/data/lang/rom_protect.txt" key "// *ROM-Protect// Plugin OpenSource anti-IsFlooding/bug-fix pentru orice server." lang "")
L 03/20/2017 - 23:24:30: Invalid multi-lingual line (file "cstrike/addons/amxmodx/data/lang/rom_protect.txt" key "// Versiunea : 1.0.4s-dev. Bulid : 98. Data lansarii versiunii : 03.12.2016." lang "")
L 03/20/2017 - 23:24:30: Invalid multi-lingual line (file "cstrike/addons/amxmodx/data/lang/rom_protect.txt" key "// Autor : lüxor # Dr.Fio & DR2.IND (+ eNd.) - SteamID (contact) : luxxxoor" lang "")
L 03/20/2017 - 23:24:30: Invalid multi-lingual line (file "cstrike/addons/amxmodx/data/lang/rom_protect.txt" key "// O productie FioriGinal.ro - site : www.fioriginal.ro" lang "")
L 03/20/2017 - 23:24:30: Invalid multi-lingual line (file "cstrike/addons/amxmodx/data/lang/rom_protect.txt" key "// Link forum de dezvoltare : http://forum.fioriginal.ro/amxmodx-plugins-pluginuri/rom-protect-anti-flood-bug-fix-t28292.html" lang "")
L 03/20/2017 - 23:24:30: Invalid multi-lingual line (file "cstrike/addons/amxmodx/data/lang/rom_protect.txt" key "// Link sursa : https://github.com/luxxxoor/ROM-Protect" lang "")
L 03/20/2017 - 23:24:30: Invalid multi-lingual line (file "cstrike/addons/amxmodx/data/lang/rom_protect.txt" key "// Colori : ^1 - Culoarea aleasa de jucator cu con_color." lang "")
L 03/20/2017 - 23:24:30: Invalid multi-lingual line (file "cstrike/addons/amxmodx/data/lang/rom_protect.txt" key "//          ^3 - Culoare gri." lang "")
L 03/20/2017 - 23:24:30: Invalid multi-lingual line (file "cstrike/addons/amxmodx/data/lang/rom_protect.txt" key "//          ^4 - Culoare verde." lang "")
L 03/20/2017 - 23:24:52: [admincmd.amxx] Cmd: "Dr.FioriGinal.Ro ~ Server Clasi<0><><>" changelevel "deathrun_cliff"
L 03/20/2017 - 23:24:55: -------- Mapchange to deathrun_cliff --------
L 03/20/2017 - 23:24:56: [AMXX] Failed to open dictionary file: cstrike/addons/amxmodx/data/lang/walkguard.txt
L 03/20/2017 - 23:24:57: [walkguard.amxx] no zone-file found
L 03/20/2017 - 23:26:34: [admin.amxx] Login: "Xstrafers # |LOL|XXX<9><STEAM_0:1:24069958><>" became an admin (account "Xstrafers # |LOL|XXX") (access "bi") (address "5.15.80.42")
L 03/20/2017 - 23:28:06: [admincmd.amxx] Cmd: "Xstrafers # |LOL|XXX<9><STEAM_0:1:24069958><>" changelevel "deathrun_projetocs2"
L 03/20/2017 - 23:28:08: -------- Mapchange to deathrun_projetocs2 --------
L 03/20/2017 - 23:28:09: [AMXX] Failed to open dictionary file: cstrike/addons/amxmodx/data/lang/walkguard.txt
L 03/20/2017 - 23:28:10: [admin.amxx] Login: "Xstrafers # |LOL|XXX<9><STEAM_0:1:24069958><>" became an admin (account "Xstrafers # |LOL|XXX") (access "bi") (address "5.15.80.42")
L 03/20/2017 - 23:28:10: [walkguard.amxx] no zone-file found
L 03/20/2017 - 23:29:42: [admin.amxx] Login: "SWAGGIE. XD<14><VALVE_0:4:862961770><>" became an admin (account "SWAGGIE. XD") (access "bi") (address "109.98.131.207")
L 03/20/2017 - 23:30:11: [admincmd.amxx] Cmd: "Dr.FioriGinal.Ro ~ Server Clasi<0><><>" slay "E voie 1Tap? # retro<16><STEAM_0:0:104532335><>"
L 03/20/2017 - 23:48:49: [mapsmenu.amxx] Vote: "SWAGGIE. XD<14><VALVE_0:4:862961770><>" vote maps (map#1 "deathrun_supra") (map#2 "deathrun_jinglebells") (map#3 "") (map#4 "")
L 03/20/2017 - 23:49:01: [mapsmenu.amxx] Vote: Voting successful. Map will be changed to deathrun_supra
L 03/20/2017 - 23:56:18: -------- Mapchange to deathrun_supra --------
L 03/20/2017 - 23:56:19: [AMXX] Failed to open dictionary file: cstrike/addons/amxmodx/data/lang/walkguard.txt
L 03/20/2017 - 23:56:20: [walkguard.amxx] no zone-file found
L 03/20/2017 - 23:56:20: [admin.amxx] Login: "SWAGGIE. XD<14><VALVE_0:4:862961770><>" became an admin (account "SWAGGIE. XD") (access "bi") (address "109.98.131.207")
L 03/20/2017 - 23:56:20: [admin.amxx] Login: "Xstrafers # |LOL|XXX<9><STEAM_0:1:24069958><>" became an admin (account "Xstrafers # |LOL|XXX") (access "bi") (address "5.15.80.42")
