L 05/13/2017 - 12:27:00: -------- Mapchange to deathrun_forest --------
L 05/13/2017 - 12:27:06: [AMXX] Failed to open dictionary file: cstrike/addons/amxmodx/data/lang/walkguard.txt
L 05/13/2017 - 12:27:08: [walkguard.amxx] no zone-file found
L 05/13/2017 - 12:27:17: Invalid multi-lingual line (file "cstrike/addons/amxmodx/data/lang/rom_protect.txt" key "// *ROM-Protect// Plugin OpenSource anti-IsFlooding/bug-fix pentru orice server." lang "")
L 05/13/2017 - 12:27:17: Invalid multi-lingual line (file "cstrike/addons/amxmodx/data/lang/rom_protect.txt" key "// Versiunea : 1.0.4s-dev. Bulid : 98. Data lansarii versiunii : 03.12.2016." lang "")
L 05/13/2017 - 12:27:17: Invalid multi-lingual line (file "cstrike/addons/amxmodx/data/lang/rom_protect.txt" key "// Autor : lüxor # Dr.Fio & DR2.IND (+ eNd.) - SteamID (contact) : luxxxoor" lang "")
L 05/13/2017 - 12:27:17: Invalid multi-lingual line (file "cstrike/addons/amxmodx/data/lang/rom_protect.txt" key "// O productie FioriGinal.ro - site : www.fioriginal.ro" lang "")
L 05/13/2017 - 12:27:17: Invalid multi-lingual line (file "cstrike/addons/amxmodx/data/lang/rom_protect.txt" key "// Link forum de dezvoltare : http://forum.fioriginal.ro/amxmodx-plugins-pluginuri/rom-protect-anti-flood-bug-fix-t28292.html" lang "")
L 05/13/2017 - 12:27:17: Invalid multi-lingual line (file "cstrike/addons/amxmodx/data/lang/rom_protect.txt" key "// Link sursa : https://github.com/luxxxoor/ROM-Protect" lang "")
L 05/13/2017 - 12:27:17: Invalid multi-lingual line (file "cstrike/addons/amxmodx/data/lang/rom_protect.txt" key "// Colori : ^1 - Culoarea aleasa de jucator cu con_color." lang "")
L 05/13/2017 - 12:27:17: Invalid multi-lingual line (file "cstrike/addons/amxmodx/data/lang/rom_protect.txt" key "//          ^3 - Culoare gri." lang "")
L 05/13/2017 - 12:27:17: Invalid multi-lingual line (file "cstrike/addons/amxmodx/data/lang/rom_protect.txt" key "//          ^4 - Culoare verde." lang "")
L 05/13/2017 - 12:27:18: [admin.amxx] Login: "anca<5><STEAM_0:0:58514266><>" became an admin (account "anca") (access "bit") (address "109.103.126.196")
L 05/13/2017 - 12:27:34: [admin.amxx] Login: "-rTg|maEsTrOo<6><STEAM_0:1:154430568><>" became an admin (account "-rTg|maEsTrOo") (access "bit") (address "89.123.68.67")
L 05/13/2017 - 12:29:34: [admincmd.amxx] Cmd: "-rTg|maEsTrOo<6><STEAM_0:1:154430568><>" changelevel "deathrun_forest"
L 05/13/2017 - 12:29:36: -------- Mapchange to deathrun_forest --------
L 05/13/2017 - 12:29:38: [AMXX] Failed to open dictionary file: cstrike/addons/amxmodx/data/lang/walkguard.txt
L 05/13/2017 - 12:29:39: [walkguard.amxx] no zone-file found
L 05/13/2017 - 12:29:39: [admin.amxx] Login: "-rTg|maEsTrOo<6><STEAM_0:1:154430568><>" became an admin (account "-rTg|maEsTrOo") (access "bit") (address "89.123.68.67")
L 05/13/2017 - 12:29:39: [admin.amxx] Login: "anca<5><STEAM_0:0:58514266><>" became an admin (account "anca") (access "bit") (address "109.103.126.196")
L 05/13/2017 - 12:35:16: [admincmd.amxx] Cmd: "-rTg|maEsTrOo<6><STEAM_0:1:154430568><>" change nick to "Nevrozata" "Nevrozatu<9><BOT><>"
L 05/13/2017 - 12:39:36: [admin.amxx] Login: "ZALE<16><STEAM_0:0:179153939><>" became an admin (account "zale") (access "bit") (address "109.97.142.30")
L 05/13/2017 - 12:42:24: [admin.amxx] Login: "tiganu<18><STEAM_0:0:187978272><>" became an admin (account "tiganu") (access "b") (address "79.117.128.134")
L 05/13/2017 - 12:42:29: [admin.amxx] Login: "tiganu<18><STEAM_0:0:187978272><>" became an admin (account "tiganu") (access "b") (address "79.117.128.134")
L 05/13/2017 - 12:52:50: [admin.amxx] Login: "cool<20><STEAM_0:1:25922700><>" became an admin (account "cool") (access "b") (address "5.14.110.87")
L 05/13/2017 - 12:57:10: -------- Mapchange to deathrun_long_run --------
L 05/13/2017 - 12:57:12: [AMXX] Failed to open dictionary file: cstrike/addons/amxmodx/data/lang/walkguard.txt
L 05/13/2017 - 12:57:13: [walkguard.amxx] no zone-file found
L 05/13/2017 - 12:57:13: [admin.amxx] Login: "anca<5><STEAM_0:0:58514266><>" became an admin (account "anca") (access "bit") (address "109.103.126.196")
L 05/13/2017 - 12:57:13: [admin.amxx] Login: "-rTg|maEsTrOo<6><STEAM_0:1:154430568><>" became an admin (account "-rTg|maEsTrOo") (access "bit") (address "89.123.68.67")
L 05/13/2017 - 12:57:13: [admin.amxx] Login: "-rTg|maEsTrOo<23><STEAM_0:1:154430568><>" became an admin (account "-rTg|maEsTrOo") (access "bit") (address "89.123.68.67")
L 05/13/2017 - 12:58:26: [admincmd.amxx] Cmd: "Dr.FioriGinal.Ro ~ Server Clasi<0><><>" slay "ALCAPONE<28><VALVE_0:4:1944830155><>"
L 05/13/2017 - 12:58:52: [slayafk.amxx] anca a primit slay, deoarece a fost afk mai mult de 30 secunde
L 05/13/2017 - 12:59:57: [slayafk.amxx] anca a primit slay, deoarece a fost afk mai mult de 30 secunde
L 05/13/2017 - 13:00:37: [slayafk.amxx] anca a primit slay, deoarece a fost afk mai mult de 30 secunde
L 05/13/2017 - 13:02:10: [admincmd.amxx] Cmd: "Dr.FioriGinal.Ro ~ Server Clasi<0><><>" slay "ninjan<33><STEAM_0:0:104584520><>"
L 05/13/2017 - 13:02:32: [slayafk.amxx] anca a primit slay, deoarece a fost afk mai mult de 30 secunde
L 05/13/2017 - 13:03:07: [slayafk.amxx] anca a primit slay, deoarece a fost afk mai mult de 30 secunde
L 05/13/2017 - 13:03:52: [slayafk.amxx] anca a primit slay, deoarece a fost afk mai mult de 30 secunde
L 05/13/2017 - 13:09:26: [admincmd.amxx] Cmd: "Dr.FioriGinal.Ro ~ Server Clasi<0><><>" slay "AlexSugeChizda<37><STEAM_0:0:986995031><>"
L 05/13/2017 - 13:18:35: [admin.amxx] Login: "tiganu<41><STEAM_0:0:187978272><>" became an admin (account "tiganu") (access "b") (address "79.117.128.134")
L 05/13/2017 - 13:34:52: [admin.amxx] Login: "Levi99<45><STEAM_0:0:183716598><>" became an admin (account "Levi99") (access "b") (address "79.115.4.20")
L 05/13/2017 - 13:34:54: [admin.amxx] Login: "Levi99<46><STEAM_0:0:183716598><>" became an admin (account "Levi99") (access "b") (address "79.115.4.20")
L 05/13/2017 - 13:35:32: [admin.amxx] Login: "Levi99<48><STEAM_0:0:183716598><>" became an admin (account "Levi99") (access "b") (address "79.115.4.20")
L 05/13/2017 - 13:35:39: [admincmd.amxx] Cmd: "Dr.FioriGinal.Ro ~ Server Clasi<0><><>" slay "Levi99<48><STEAM_0:0:183716598><>"
L 05/13/2017 - 13:56:22: [slayafk.amxx] nVidia E9 Gamer a primit slay, deoarece a fost afk mai mult de 30 secunde
L 05/13/2017 - 14:00:26: [admincmd.amxx] Cmd: "Dr.FioriGinal.Ro ~ Server Clasi<0><><>" slay "flk6u<60><STEAM_0:0:1587556571><>"
L 05/13/2017 - 14:13:42: [slayafk.amxx] flk6u a primit slay, deoarece a fost afk mai mult de 30 secunde
L 05/13/2017 - 14:26:09: -------- Mapchange to deathrun_virtualstrike --------
L 05/13/2017 - 14:26:11: [AMXX] Failed to open dictionary file: cstrike/addons/amxmodx/data/lang/walkguard.txt
L 05/13/2017 - 14:26:12: [walkguard.amxx] no zone-file found
L 05/13/2017 - 14:51:57: [slayafk.amxx] DoZe a primit slay, deoarece a fost afk mai mult de 30 secunde
L 05/13/2017 - 14:54:17: [slayafk.amxx] DoZe a primit slay, deoarece a fost afk mai mult de 30 secunde
L 05/13/2017 - 14:55:31: [admin.amxx] Login: "cool<92><STEAM_0:1:25922700><>" became an admin (account "cool") (access "b") (address "5.14.110.87")
L 05/13/2017 - 14:56:07: [slayafk.amxx] DoZe a primit slay, deoarece a fost afk mai mult de 30 secunde
L 05/13/2017 - 14:57:32: [slayafk.amxx] DoZe a primit slay, deoarece a fost afk mai mult de 30 secunde
L 05/13/2017 - 14:58:52: [slayafk.amxx] DoZe a primit slay, deoarece a fost afk mai mult de 30 secunde
L 05/13/2017 - 14:59:32: [slayafk.amxx] DoZe a primit slay, deoarece a fost afk mai mult de 30 secunde
L 05/13/2017 - 15:03:42: [slayafk.amxx] cool a primit slay, deoarece a fost afk mai mult de 30 secunde
L 05/13/2017 - 15:13:27: [slayafk.amxx] POLAR a primit slay, deoarece a fost afk mai mult de 30 secunde
L 05/13/2017 - 15:13:56: [admincmd.amxx] Cmd: "Dr.FioriGinal.Ro ~ Server Clasi<0><><>" slay "Ro.#iNdecEnT<103><STEAM_0:0:58082199><>"
L 05/13/2017 - 15:19:12: [admin.amxx] Login: "Asdfq<106><VALVE_0:4:754925674><>" became an admin (account "Asdfq") (access "b") (address "109.98.162.240")
L 05/13/2017 - 15:19:33: [adminchat.amxx] Chat: "Asdfq<106><VALVE_0:4:754925674><>" chat "s"
L 05/13/2017 - 15:20:02: [slayafk.amxx] CsFree Info - Clean Version a primit slay, deoarece a fost afk mai mult de 30 secunde
L 05/13/2017 - 15:24:12: [slayafk.amxx] Asdfq a primit slay, deoarece a fost afk mai mult de 30 secunde
L 05/13/2017 - 15:35:52: [admincmd.amxx] Cmd: "Dr.FioriGinal.Ro ~ Server Clasi<0><><>" slay "LynxBest<115><VALVE_0:4:391799390><>"
L 05/13/2017 - 15:56:27: [admincmd.amxx] Cmd: "Dr.FioriGinal.Ro ~ Server Clasi<0><><>" slay "LynxBest<134><VALVE_0:4:391799390><>"
L 05/13/2017 - 15:56:27: [admincmd.amxx] Cmd: "Dr.FioriGinal.Ro ~ Server Clasi<0><><>" slay ".ryder.<135><VALVE_0:4:93571579><>"
L 05/13/2017 - 15:59:28: [admincmd.amxx] Cmd: "Dr.FioriGinal.Ro ~ Server Clasi<0><><>" slay ".ryder.<136><VALVE_0:4:93571579><>"
L 05/13/2017 - 16:29:52: [admincmd.amxx] Cmd: "Dr.FioriGinal.Ro ~ Server Clasi<0><><>" slay "ALCAPONE<157><VALVE_0:4:1944830155><>"
L 05/13/2017 - 16:48:50: -------- Mapchange to deathrun_nightrun_beta3 --------
L 05/13/2017 - 16:48:51: [AMXX] Failed to open dictionary file: cstrike/addons/amxmodx/data/lang/walkguard.txt
L 05/13/2017 - 16:48:53: [walkguard.amxx] no zone-file found
L 05/13/2017 - 16:48:53: [admin.amxx] Login: "J.Smith<160><STEAM_0:0:2027364348><>" kicked due to invalid password (account "J.Smith") (address "109.185.5.238")
L 05/13/2017 - 16:49:03: [admin.amxx] Login: "J.Smith<165><STEAM_0:0:2027364348><>" became an admin (account "J.Smith") (access "b") (address "109.185.5.238")
L 05/13/2017 - 16:49:14: [admin.amxx] Login: "J.Smith<167><STEAM_0:0:2027364348><>" became an admin (account "J.Smith") (access "b") (address "109.185.5.238")
L 05/13/2017 - 16:49:18: [admincmd.amxx] Cmd: "Dr.FioriGinal.Ro ~ Server Clasi<0><><>" slay "LR.HaTe<166><VALVE_0:4:340478715><>"
L 05/13/2017 - 17:10:58: [admin.amxx] Login: "cool<176><STEAM_0:1:25922700><>" became an admin (account "cool") (access "b") (address "5.14.110.87")
L 05/13/2017 - 17:16:08: [admincmd.amxx] Cmd: "Dr.FioriGinal.Ro ~ Server Clasi<0><><>" slay ".ryder.<177><VALVE_0:4:93571579><>"
L 05/13/2017 - 17:37:18: [admin.amxx] Login: "OreD<184><VALVE_0:4:1997207262><>" became an admin (account "OreD") (access "b") (address "5.15.73.71")
L 05/13/2017 - 17:46:13: [admin.amxx] Login: "cool<190><STEAM_0:1:25922700><>" became an admin (account "cool") (access "b") (address "5.14.110.87")
L 05/13/2017 - 17:50:02: [slayafk.amxx] OreD a primit slay, deoarece a fost afk mai mult de 30 secunde
L 05/13/2017 - 18:21:03: -------- Mapchange to deathrun_0mega --------
L 05/13/2017 - 18:21:05: [AMXX] Failed to open dictionary file: cstrike/addons/amxmodx/data/lang/walkguard.txt
L 05/13/2017 - 18:21:06: [walkguard.amxx] no zone-file found
L 05/13/2017 - 18:29:35: [admincmd.amxx] Cmd: "Dr.FioriGinal.Ro ~ Server Clasi<0><><>" slay "gF.lL[u]ck<207><STEAM_0:0:1322934216><>"
L 05/13/2017 - 18:36:37: [admincmd.amxx] Cmd: "Dr.FioriGinal.Ro ~ Server Clasi<0><><>" slay "KeNNy.<217><VALVE_0:4:1646656770><>"
L 05/13/2017 - 18:41:29: [admincmd.amxx] Cmd: "Dr.FioriGinal.Ro ~ Server Clasi<0><><>" slay "Killer1800<221><VALVE_0:4:1734671746><>"
L 05/13/2017 - 18:41:45: [admincmd.amxx] Cmd: "Dr.FioriGinal.Ro ~ Server Clasi<0><><>" slay "Killer1800<224><VALVE_0:4:1734671746><>"
L 05/13/2017 - 18:55:33: [admincmd.amxx] Cmd: "Dr.FioriGinal.Ro ~ Server Clasi<0><><>" slay "syntynyt<235><STEAM_0:0:15949717><>"
L 05/13/2017 - 19:08:02: -------- Mapchange to deathrun_discovery3 --------
L 05/13/2017 - 19:08:03: [AMXX] Failed to open dictionary file: cstrike/addons/amxmodx/data/lang/walkguard.txt
L 05/13/2017 - 19:08:04: [walkguard.amxx] no zone-file found
L 05/13/2017 - 19:08:15: [admincmd.amxx] Cmd: "Dr.FioriGinal.Ro ~ Server Clasi<0><><>" slay "Madalin<254><VALVE_0:4:479579767><>"
L 05/13/2017 - 19:14:03: [admincmd.amxx] Cmd: "Dr.FioriGinal.Ro ~ Server Clasi<0><><>" slay "fuhrer sfarmasfalci<269><VALVE_0:4:1707395698><>"
L 05/13/2017 - 19:14:14: [admincmd.amxx] Cmd: "Dr.FioriGinal.Ro ~ Server Clasi<0><><>" slay "fuhrer sfarmasfalci<270><VALVE_0:4:1707395698><>"
L 05/13/2017 - 19:22:45: [admincmd.amxx] Cmd: "Dr.FioriGinal.Ro ~ Server Clasi<0><><>" slay "KruZZ.LothbroK<274><STEAM_0:0:1874484181><>"
L 05/13/2017 - 19:43:15: [admincmd.amxx] Cmd: "Dr.FioriGinal.Ro ~ Server Clasi<0><><>" slay "qeCe<281><STEAM_0:0:178764779><>"
L 05/13/2017 - 19:51:49: [slayafk.amxx] DoZe a primit slay, deoarece a fost afk mai mult de 30 secunde
L 05/13/2017 - 19:52:34: [slayafk.amxx] DoZe a primit slay, deoarece a fost afk mai mult de 30 secunde
L 05/13/2017 - 19:53:09: [slayafk.amxx] DoZe a primit slay, deoarece a fost afk mai mult de 30 secunde
L 05/13/2017 - 20:01:39: [slayafk.amxx] Melkrom a primit slay, deoarece a fost afk mai mult de 30 secunde
L 05/13/2017 - 20:02:49: [slayafk.amxx] Melkrom a primit slay, deoarece a fost afk mai mult de 30 secunde
L 05/13/2017 - 20:05:04: [slayafk.amxx] goosebumps a primit slay, deoarece a fost afk mai mult de 30 secunde
L 05/13/2017 - 20:12:49: [slayafk.amxx] DoZe a primit slay, deoarece a fost afk mai mult de 30 secunde
L 05/13/2017 - 20:14:24: [slayafk.amxx] DoZe a primit slay, deoarece a fost afk mai mult de 30 secunde
L 05/13/2017 - 20:15:44: [slayafk.amxx] DoZe a primit slay, deoarece a fost afk mai mult de 30 secunde
L 05/13/2017 - 20:16:54: [slayafk.amxx] DoZe a primit slay, deoarece a fost afk mai mult de 30 secunde
L 05/13/2017 - 20:18:19: [slayafk.amxx] DoZe a primit slay, deoarece a fost afk mai mult de 30 secunde
L 05/13/2017 - 20:22:19: [slayafk.amxx] DoZe a primit slay, deoarece a fost afk mai mult de 30 secunde
L 05/13/2017 - 20:26:19: [slayafk.amxx] DoZe a primit slay, deoarece a fost afk mai mult de 30 secunde
L 05/13/2017 - 20:55:49: -------- Mapchange to deathrun_adi_blurez --------
L 05/13/2017 - 20:55:50: [AMXX] Failed to open dictionary file: cstrike/addons/amxmodx/data/lang/walkguard.txt
L 05/13/2017 - 20:55:51: [walkguard.amxx] no zone-file found
L 05/13/2017 - 21:02:24: [admincmd.amxx] Cmd: "Dr.FioriGinal.Ro ~ Server Clasi<0><><>" slay "LynxBest<320><VALVE_0:4:391799390><>"
L 05/13/2017 - 21:20:17: [slayafk.amxx] I LoVe YoU ! <3 a primit slay, deoarece a fost afk mai mult de 30 secunde
L 05/13/2017 - 21:39:47: [admincmd.amxx] Cmd: "Dr.FioriGinal.Ro ~ Server Clasi<0><><>" slay "syntynyt<349><STEAM_0:0:15949717><>"
L 05/13/2017 - 22:10:47: -------- Mapchange to deathrun_2h_estonia --------
L 05/13/2017 - 22:10:48: [AMXX] Failed to open dictionary file: cstrike/addons/amxmodx/data/lang/walkguard.txt
L 05/13/2017 - 22:10:49: [walkguard.amxx] no zone-file found
L 05/13/2017 - 22:12:50: [admincmd.amxx] Cmd: "Dr.FioriGinal.Ro ~ Server Clasi<0><><>" slay "tiganu #4RUN<367><STEAM_0:0:187978272><>"
L 05/13/2017 - 22:16:50: [admincmd.amxx] Cmd: "Dr.FioriGinal.Ro ~ Server Clasi<0><><>" slay "COCO<368><STEAM_0:0:312001747><>"
L 05/13/2017 - 22:51:25: [admincmd.amxx] Cmd: "Dr.FioriGinal.Ro ~ Server Clasi<0><><>" slay "COCO<387><STEAM_0:0:312001747><>"
L 05/13/2017 - 23:27:53: [admincmd.amxx] Cmd: "Dr.FioriGinal.Ro ~ Server Clasi<0><><>" slay "RunThePooH<402><VALVE_0:4:682095571><>"
L 05/13/2017 - 23:35:53: [admincmd.amxx] Cmd: "Dr.FioriGinal.Ro ~ Server Clasi<0><><>" slay "RunThePooH<408><VALVE_0:4:682095571><>"
