L 06/05/2017 - 00:07:25: -------- Mapchange to deathrun_gb_winter_final4 --------
L 06/05/2017 - 00:07:26: [AMXX] Failed to open dictionary file: cstrike/addons/amxmodx/data/lang/walkguard.txt
L 06/05/2017 - 00:07:27: [walkguard.amxx] no zone-file found
L 06/05/2017 - 00:41:11: [slayafk.amxx] UFO.onsh a primit slay, deoarece a fost afk mai mult de 30 secunde
L 06/05/2017 - 01:11:12: -------- Mapchange to deathrun_expres-winter --------
L 06/05/2017 - 01:11:14: [AMXX] Failed to open dictionary file: cstrike/addons/amxmodx/data/lang/walkguard.txt
L 06/05/2017 - 01:11:14: [walkguard.amxx] no zone-file found
L 06/05/2017 - 01:32:16: [admincmd.amxx] Cmd: "Dr.FioriGinal.Ro ~ Server Clasi<0><><>" slay "mwheeldown.KeBu^<402><STEAM_0:0:1430659934><>"
L 06/05/2017 - 01:36:31: -------- Mapchange to deathrun_alleywinter --------
L 06/05/2017 - 01:36:32: [AMXX] Failed to open dictionary file: cstrike/addons/amxmodx/data/lang/walkguard.txt
L 06/05/2017 - 01:36:33: [walkguard.amxx] no zone-file found
L 06/05/2017 - 02:32:22: -------- Mapchange to deathrun_trenal_lux --------
L 06/05/2017 - 02:32:24: [AMXX] Failed to open dictionary file: cstrike/addons/amxmodx/data/lang/walkguard.txt
L 06/05/2017 - 02:32:25: [walkguard.amxx] no zone-file found
L 06/05/2017 - 02:45:59: [slayafk.amxx] nVidia E7 Player a primit slay, deoarece a fost afk mai mult de 30 secunde
L 06/05/2017 - 02:57:39: -------- Mapchange to deathrun_greyskull --------
L 06/05/2017 - 02:57:40: [AMXX] Failed to open dictionary file: cstrike/addons/amxmodx/data/lang/walkguard.txt
L 06/05/2017 - 02:57:41: [walkguard.amxx] no zone-file found
L 06/05/2017 - 02:59:11: [slayafk.amxx] nVidia E7 Player a primit slay, deoarece a fost afk mai mult de 30 secunde
L 06/05/2017 - 02:59:51: [slayafk.amxx] nVidia E7 Player a primit slay, deoarece a fost afk mai mult de 30 secunde
L 06/05/2017 - 03:00:31: [slayafk.amxx] nVidia E7 Player a primit slay, deoarece a fost afk mai mult de 30 secunde
L 06/05/2017 - 03:01:11: [slayafk.amxx] nVidia E7 Player a primit slay, deoarece a fost afk mai mult de 30 secunde
L 06/05/2017 - 03:01:51: [slayafk.amxx] nVidia E7 Player a primit slay, deoarece a fost afk mai mult de 30 secunde
L 06/05/2017 - 03:02:31: [slayafk.amxx] nVidia E7 Player a primit slay, deoarece a fost afk mai mult de 30 secunde
L 06/05/2017 - 03:03:11: [slayafk.amxx] nVidia E7 Player a primit slay, deoarece a fost afk mai mult de 30 secunde
L 06/05/2017 - 03:03:51: [slayafk.amxx] nVidia E7 Player a primit slay, deoarece a fost afk mai mult de 30 secunde
L 06/05/2017 - 03:04:31: [slayafk.amxx] nVidia E7 Player a primit slay, deoarece a fost afk mai mult de 30 secunde
L 06/05/2017 - 03:05:11: [slayafk.amxx] nVidia E7 Player a primit slay, deoarece a fost afk mai mult de 30 secunde
L 06/05/2017 - 03:05:51: [slayafk.amxx] nVidia E7 Player a primit slay, deoarece a fost afk mai mult de 30 secunde
L 06/05/2017 - 03:06:31: [slayafk.amxx] nVidia E7 Player a primit slay, deoarece a fost afk mai mult de 30 secunde
L 06/05/2017 - 03:07:11: [slayafk.amxx] nVidia E7 Player a primit slay, deoarece a fost afk mai mult de 30 secunde
L 06/05/2017 - 03:07:51: [slayafk.amxx] nVidia E7 Player a primit slay, deoarece a fost afk mai mult de 30 secunde
L 06/05/2017 - 03:08:31: [slayafk.amxx] nVidia E7 Player a primit slay, deoarece a fost afk mai mult de 30 secunde
L 06/05/2017 - 03:09:11: [slayafk.amxx] nVidia E7 Player a primit slay, deoarece a fost afk mai mult de 30 secunde
L 06/05/2017 - 03:09:51: [slayafk.amxx] nVidia E7 Player a primit slay, deoarece a fost afk mai mult de 30 secunde
L 06/05/2017 - 03:10:31: [slayafk.amxx] nVidia E7 Player a primit slay, deoarece a fost afk mai mult de 30 secunde
L 06/05/2017 - 03:11:11: [slayafk.amxx] nVidia E7 Player a primit slay, deoarece a fost afk mai mult de 30 secunde
L 06/05/2017 - 03:11:51: [slayafk.amxx] nVidia E7 Player a primit slay, deoarece a fost afk mai mult de 30 secunde
L 06/05/2017 - 03:12:31: [slayafk.amxx] nVidia E7 Player a primit slay, deoarece a fost afk mai mult de 30 secunde
L 06/05/2017 - 03:13:11: [slayafk.amxx] nVidia E7 Player a primit slay, deoarece a fost afk mai mult de 30 secunde
L 06/05/2017 - 03:13:51: [slayafk.amxx] nVidia E7 Player a primit slay, deoarece a fost afk mai mult de 30 secunde
L 06/05/2017 - 03:14:31: [slayafk.amxx] nVidia E7 Player a primit slay, deoarece a fost afk mai mult de 30 secunde
L 06/05/2017 - 03:15:11: [slayafk.amxx] nVidia E7 Player a primit slay, deoarece a fost afk mai mult de 30 secunde
L 06/05/2017 - 03:15:51: [slayafk.amxx] nVidia E7 Player a primit slay, deoarece a fost afk mai mult de 30 secunde
L 06/05/2017 - 03:16:31: [slayafk.amxx] nVidia E7 Player a primit slay, deoarece a fost afk mai mult de 30 secunde
L 06/05/2017 - 03:17:18: -------- Mapchange to deathrun_forest --------
L 06/05/2017 - 03:17:25: [AMXX] Failed to open dictionary file: cstrike/addons/amxmodx/data/lang/walkguard.txt
L 06/05/2017 - 03:17:27: [walkguard.amxx] no zone-file found
L 06/05/2017 - 03:17:36: Invalid multi-lingual line (file "cstrike/addons/amxmodx/data/lang/rom_protect.txt" key "// *ROM-Protect// Plugin OpenSource anti-IsFlooding/bug-fix pentru orice server." lang "")
L 06/05/2017 - 03:17:36: Invalid multi-lingual line (file "cstrike/addons/amxmodx/data/lang/rom_protect.txt" key "// Versiunea : 1.0.4s-dev. Bulid : 98. Data lansarii versiunii : 03.12.2016." lang "")
L 06/05/2017 - 03:17:36: Invalid multi-lingual line (file "cstrike/addons/amxmodx/data/lang/rom_protect.txt" key "// Autor : lüxor # Dr.Fio & DR2.IND (+ eNd.) - SteamID (contact) : luxxxoor" lang "")
L 06/05/2017 - 03:17:36: Invalid multi-lingual line (file "cstrike/addons/amxmodx/data/lang/rom_protect.txt" key "// O productie FioriGinal.ro - site : www.fioriginal.ro" lang "")
L 06/05/2017 - 03:17:36: Invalid multi-lingual line (file "cstrike/addons/amxmodx/data/lang/rom_protect.txt" key "// Link forum de dezvoltare : http://forum.fioriginal.ro/amxmodx-plugins-pluginuri/rom-protect-anti-flood-bug-fix-t28292.html" lang "")
L 06/05/2017 - 03:17:36: Invalid multi-lingual line (file "cstrike/addons/amxmodx/data/lang/rom_protect.txt" key "// Link sursa : https://github.com/luxxxoor/ROM-Protect" lang "")
L 06/05/2017 - 03:17:36: Invalid multi-lingual line (file "cstrike/addons/amxmodx/data/lang/rom_protect.txt" key "// Colori : ^1 - Culoarea aleasa de jucator cu con_color." lang "")
L 06/05/2017 - 03:17:36: Invalid multi-lingual line (file "cstrike/addons/amxmodx/data/lang/rom_protect.txt" key "//          ^3 - Culoare gri." lang "")
L 06/05/2017 - 03:17:36: Invalid multi-lingual line (file "cstrike/addons/amxmodx/data/lang/rom_protect.txt" key "//          ^4 - Culoare verde." lang "")
L 06/05/2017 - 03:27:18: [admincmd.amxx] Cmd: "Dr.FioriGinal.Ro ~ Server Clasi<0><><>" slay "gF.lL[u]ck<8><STEAM_0:0:1322934216><>"
L 06/05/2017 - 03:28:09: [admincmd.amxx] Cmd: "Dr.FioriGinal.Ro ~ Server Clasi<0><><>" slay "gF.lL[u]ck<9><STEAM_0:0:1322934216><>"
L 06/05/2017 - 03:29:51: [admincmd.amxx] Cmd: "Dr.FioriGinal.Ro ~ Server Clasi<0><><>" slay "gF.lL[u]ck<10><STEAM_0:0:1322934216><>"
L 06/05/2017 - 03:30:09: [admincmd.amxx] Cmd: "Dr.FioriGinal.Ro ~ Server Clasi<0><><>" slay "gF.lL[u]ck<11><STEAM_0:0:1322934216><>"
L 06/05/2017 - 03:30:29: [admincmd.amxx] Cmd: "Dr.FioriGinal.Ro ~ Server Clasi<0><><>" slay "gF.lL[u]ck<12><STEAM_0:0:1322934216><>"
L 06/05/2017 - 04:07:39: -------- Mapchange to deathrun_jinglebells --------
L 06/05/2017 - 04:07:40: [AMXX] Failed to open dictionary file: cstrike/addons/amxmodx/data/lang/walkguard.txt
L 06/05/2017 - 04:07:41: [walkguard.amxx] no zone-file found
L 06/05/2017 - 06:42:22: -------- Mapchange to deathrun_long_run --------
L 06/05/2017 - 06:42:23: [AMXX] Failed to open dictionary file: cstrike/addons/amxmodx/data/lang/walkguard.txt
L 06/05/2017 - 06:42:24: [walkguard.amxx] no zone-file found
L 06/05/2017 - 06:51:29: [slayafk.amxx] zloba a primit slay, deoarece a fost afk mai mult de 30 secunde
L 06/05/2017 - 06:52:09: [slayafk.amxx] zloba a primit slay, deoarece a fost afk mai mult de 30 secunde
L 06/05/2017 - 06:53:29: [slayafk.amxx] zloba a primit slay, deoarece a fost afk mai mult de 30 secunde
L 06/05/2017 - 06:54:09: [slayafk.amxx] zloba a primit slay, deoarece a fost afk mai mult de 30 secunde
L 06/05/2017 - 06:54:49: [slayafk.amxx] zloba a primit slay, deoarece a fost afk mai mult de 30 secunde
L 06/05/2017 - 06:55:29: [slayafk.amxx] zloba a primit slay, deoarece a fost afk mai mult de 30 secunde
L 06/05/2017 - 06:56:09: [slayafk.amxx] zloba a primit slay, deoarece a fost afk mai mult de 30 secunde
L 06/05/2017 - 06:56:49: [slayafk.amxx] zloba a primit slay, deoarece a fost afk mai mult de 30 secunde
L 06/05/2017 - 06:57:29: [slayafk.amxx] zloba a primit slay, deoarece a fost afk mai mult de 30 secunde
L 06/05/2017 - 06:58:09: [slayafk.amxx] zloba a primit slay, deoarece a fost afk mai mult de 30 secunde
L 06/05/2017 - 07:24:20: -------- Mapchange to deathrun_virtualstrike --------
L 06/05/2017 - 07:24:22: [AMXX] Failed to open dictionary file: cstrike/addons/amxmodx/data/lang/walkguard.txt
L 06/05/2017 - 07:24:23: [walkguard.amxx] no zone-file found
L 06/05/2017 - 07:50:09: -------- Mapchange to deathrun_nightrun_beta3 --------
L 06/05/2017 - 07:50:10: [AMXX] Failed to open dictionary file: cstrike/addons/amxmodx/data/lang/walkguard.txt
L 06/05/2017 - 07:50:11: [walkguard.amxx] no zone-file found
L 06/05/2017 - 08:27:25: -------- Mapchange to deathrun_0mega --------
L 06/05/2017 - 08:27:26: [AMXX] Failed to open dictionary file: cstrike/addons/amxmodx/data/lang/walkguard.txt
L 06/05/2017 - 08:27:27: [walkguard.amxx] no zone-file found
L 06/05/2017 - 09:25:46: -------- Mapchange to deathrun_discovery3 --------
L 06/05/2017 - 09:25:48: [AMXX] Failed to open dictionary file: cstrike/addons/amxmodx/data/lang/walkguard.txt
L 06/05/2017 - 09:25:48: [walkguard.amxx] no zone-file found
L 06/05/2017 - 09:33:28: [admincmd.amxx] Cmd: "Dr.FioriGinal.Ro ~ Server Clasi<0><><>" slay "cristi<62><VALVE_0:4:128210805><>"
L 06/05/2017 - 09:50:58: [slayafk.amxx] VASIL a primit slay, deoarece a fost afk mai mult de 30 secunde
L 06/05/2017 - 09:51:18: [slayafk.amxx] TG.BOGDAN #STT1 a primit slay, deoarece a fost afk mai mult de 30 secunde
L 06/05/2017 - 10:38:00: -------- Mapchange to deathrun_adi_blurez --------
L 06/05/2017 - 10:38:01: [AMXX] Failed to open dictionary file: cstrike/addons/amxmodx/data/lang/walkguard.txt
L 06/05/2017 - 10:38:02: [walkguard.amxx] no zone-file found
L 06/05/2017 - 11:13:09: -------- Mapchange to deathrun_2h_estonia --------
L 06/05/2017 - 11:13:10: [AMXX] Failed to open dictionary file: cstrike/addons/amxmodx/data/lang/walkguard.txt
L 06/05/2017 - 11:13:11: [walkguard.amxx] no zone-file found
L 06/05/2017 - 11:46:09: -------- Mapchange to deathrun_y_underground --------
L 06/05/2017 - 11:46:10: [AMXX] Failed to open dictionary file: cstrike/addons/amxmodx/data/lang/walkguard.txt
L 06/05/2017 - 11:46:11: [walkguard.amxx] no zone-file found
L 06/05/2017 - 11:56:31: [slayafk.amxx] FARSH a primit slay, deoarece a fost afk mai mult de 30 secunde
L 06/05/2017 - 11:57:11: [slayafk.amxx] FARSH a primit slay, deoarece a fost afk mai mult de 30 secunde
L 06/05/2017 - 11:57:51: [slayafk.amxx] FARSH a primit slay, deoarece a fost afk mai mult de 30 secunde
L 06/05/2017 - 12:09:01: [slayafk.amxx] SheiKh a primit slay, deoarece a fost afk mai mult de 30 secunde
L 06/05/2017 - 12:13:35: -------- Mapchange to deathrun_privateers --------
L 06/05/2017 - 12:13:36: [AMXX] Failed to open dictionary file: cstrike/addons/amxmodx/data/lang/walkguard.txt
L 06/05/2017 - 12:13:37: [walkguard.amxx] no zone-file found
L 06/05/2017 - 12:40:10: -------- Mapchange to deathrun_rizzy_x --------
L 06/05/2017 - 12:40:12: [AMXX] Failed to open dictionary file: cstrike/addons/amxmodx/data/lang/walkguard.txt
L 06/05/2017 - 12:40:13: [walkguard.amxx] no zone-file found
L 06/05/2017 - 13:00:48: [admincmd.amxx] Cmd: "Dr.FioriGinal.Ro ~ Server Clasi<0><><>" slay "sNk*VaDiMm<141><VALVE_0:4:212376322><>"
L 06/05/2017 - 13:12:04: [admincmd.amxx] Cmd: "Dr.FioriGinal.Ro ~ Server Clasi<0><><>" slay "Kenvelo #4RUN<151><VALVE_0:4:488721911><>"
L 06/05/2017 - 13:15:13: [admincmd.amxx] Cmd: "Dr.FioriGinal.Ro ~ Server Clasi<0><><>" slay "Kenvelo #4RUN<153><VALVE_0:4:488721911><>"
L 06/05/2017 - 13:38:24: -------- Mapchange to deathrun_ghosts --------
L 06/05/2017 - 13:38:25: [AMXX] Failed to open dictionary file: cstrike/addons/amxmodx/data/lang/walkguard.txt
L 06/05/2017 - 13:38:26: [walkguard.amxx] no zone-file found
L 06/05/2017 - 13:39:16: [admin.amxx] Login: "Stifler<164><STEAM_0:0:1784836802><>" became an admin (account "Stifler") (access "b") (address "31.5.145.190")
L 06/05/2017 - 13:39:45: [admin.amxx] Login: "Stifler<164><STEAM_0:0:1784836802><>" became an admin (account "Stifler") (access "b") (address "31.5.145.190")
L 06/05/2017 - 13:39:52: [admincmd.amxx] Cmd: "Dr.FioriGinal.Ro ~ Server Clasi<0><><>" slay "Stifler<164><STEAM_0:0:1784836802><>"
L 06/05/2017 - 13:54:43: [admin.amxx] Login: "-rTg|maEsTrOo<171><STEAM_0:1:154430568><>" kicked due to invalid password (account "-rTg|maEsTrOo") (address "89.123.80.74")
L 06/05/2017 - 13:54:49: [admin.amxx] Login: "-rTg|maEsTrOo<172><STEAM_0:1:154430568><>" kicked due to invalid password (account "-rTg|maEsTrOo") (address "89.123.80.74")
L 06/05/2017 - 13:54:56: [admin.amxx] Login: "-rTg|maEsTrOo<173><STEAM_0:1:154430568><>" became an admin (account "-rTg|maEsTrOo") (access "bit") (address "89.123.80.74")
L 06/05/2017 - 13:59:05: [admin.amxx] Login: "-rTg|maEsTrOo<174><STEAM_0:1:154430568><>" became an admin (account "-rTg|maEsTrOo") (access "bit") (address "89.123.80.74")
L 06/05/2017 - 13:59:17: [admin.amxx] Login: "Stifler<175><STEAM_0:0:1784836802><>" became an admin (account "Stifler") (access "b") (address "31.5.145.190")
L 06/05/2017 - 14:00:08: [admin.amxx] Login: "-rTg|maEsTrOo<176><STEAM_0:1:154430568><>" kicked due to invalid password (account "-rTg|maEsTrOo") (address "89.123.80.74")
L 06/05/2017 - 14:00:11: [admin.amxx] Login: "-rTg|maEsTrOo<177><STEAM_0:1:154430568><>" became an admin (account "-rTg|maEsTrOo") (access "bit") (address "89.123.80.74")
L 06/05/2017 - 14:00:32: [admincmd.amxx] Cmd: "-rTg|maEsTrOo<177><STEAM_0:1:154430568><>" changelevel "deathrun_surf"
L 06/05/2017 - 14:00:34: -------- Mapchange to deathrun_surf --------
L 06/05/2017 - 14:00:36: [AMXX] Failed to open dictionary file: cstrike/addons/amxmodx/data/lang/walkguard.txt
L 06/05/2017 - 14:00:37: [admin.amxx] Login: "-rTg|maEsTrOo<177><STEAM_0:1:154430568><>" became an admin (account "-rTg|maEsTrOo") (access "bit") (address "89.123.80.74")
L 06/05/2017 - 14:00:37: [walkguard.amxx] no zone-file found
L 06/05/2017 - 14:01:39: [admincmd.amxx] Cmd: "-rTg|maEsTrOo<177><STEAM_0:1:154430568><>" set cvar (name "sv_restart") (value "1")
L 06/05/2017 - 14:04:31: [admin.amxx] Login: "-rTg|maEsTrOo<187><STEAM_0:1:154430568><>" kicked due to invalid password (account "-rTg|maEsTrOo") (address "89.123.80.74")
L 06/05/2017 - 14:04:35: [admin.amxx] Login: "-rTg|maEsTrOo<188><STEAM_0:1:154430568><>" became an admin (account "-rTg|maEsTrOo") (access "bit") (address "89.123.80.74")
L 06/05/2017 - 14:06:54: [admincmd.amxx] Cmd: "Dr.FioriGinal.Ro ~ Server Clasi<0><><>" slay "K3nT<8[CsR]<195><VALVE_0:4:726562526><>"
L 06/05/2017 - 14:07:37: [admin.amxx] Login: "tiganu<196><STEAM_0:0:187978272><>" kicked due to invalid password (account "tiganu") (address "86.124.212.182")
L 06/05/2017 - 14:07:50: [admin.amxx] Login: "tiganu<197><STEAM_0:0:187978272><>" kicked due to invalid password (account "tiganu") (address "86.124.212.182")
L 06/05/2017 - 14:08:38: [admin.amxx] Login: "tiganu<198><STEAM_0:0:187978272><>" became an admin (account "tiganu") (access "b") (address "86.124.212.182")
L 06/05/2017 - 14:10:46: [slayafk.amxx] Hitsouka a primit slay, deoarece a fost afk mai mult de 30 secunde
L 06/05/2017 - 14:21:34: [admincmd.amxx] Cmd: "-rTg|maEsTrOo<188><STEAM_0:1:154430568><>" slay "EPV' -ToTo -yrd-<202><VALVE_0:4:800458864><>"
L 06/05/2017 - 14:30:20: [admin.amxx] Login: "Stifler<207><STEAM_0:0:1784836802><>" became an admin (account "Stifler") (access "b") (address "31.5.145.190")
L 06/05/2017 - 14:30:22: [admin.amxx] Login: "Stifler<208><STEAM_0:0:1784836802><>" became an admin (account "Stifler") (access "b") (address "31.5.145.190")
L 06/05/2017 - 14:31:12: -------- Mapchange to deathrun_jigsaw2 --------
L 06/05/2017 - 14:31:13: [AMXX] Failed to open dictionary file: cstrike/addons/amxmodx/data/lang/walkguard.txt
L 06/05/2017 - 14:31:15: [walkguard.amxx] no zone-file found
L 06/05/2017 - 14:31:15: [admin.amxx] Login: "-rTg|maEsTrOo<188><STEAM_0:1:154430568><>" became an admin (account "-rTg|maEsTrOo") (access "bit") (address "89.123.80.74")
L 06/05/2017 - 14:31:18: [admin.amxx] Login: "Stifler<209><STEAM_0:0:1784836802><>" became an admin (account "Stifler") (access "b") (address "31.5.145.190")
L 06/05/2017 - 14:40:30: [admin.amxx] Login: "Stifler<216><STEAM_0:0:1784836802><>" became an admin (account "Stifler") (access "b") (address "31.5.145.190")
L 06/05/2017 - 15:01:56: -------- Mapchange to deathrun_christmas --------
L 06/05/2017 - 15:01:58: [AMXX] Failed to open dictionary file: cstrike/addons/amxmodx/data/lang/walkguard.txt
L 06/05/2017 - 15:01:59: [walkguard.amxx] no zone-file found
L 06/05/2017 - 15:36:16: -------- Mapchange to deathrun_jinglebells2 --------
L 06/05/2017 - 15:36:18: [AMXX] Failed to open dictionary file: cstrike/addons/amxmodx/data/lang/walkguard.txt
L 06/05/2017 - 15:36:19: [walkguard.amxx] no zone-file found
L 06/05/2017 - 16:01:54: -------- Mapchange to deathrun_gb_winter_final4 --------
L 06/05/2017 - 16:01:56: [AMXX] Failed to open dictionary file: cstrike/addons/amxmodx/data/lang/walkguard.txt
L 06/05/2017 - 16:01:57: [walkguard.amxx] no zone-file found
L 06/05/2017 - 16:10:22: [admincmd.amxx] Cmd: "Dr.FioriGinal.Ro ~ Server Clasi<0><><>" slay "Shikamaru<250><STEAM_0:0:183716598><>"
L 06/05/2017 - 16:15:40: [admincmd.amxx] Cmd: "Dr.FioriGinal.Ro ~ Server Clasi<0><><>" slay "228<257><STEAM_0:0:1377928674><>"
L 06/05/2017 - 16:16:15: [admincmd.amxx] Cmd: "Dr.FioriGinal.Ro ~ Server Clasi<0><><>" slay "Blond@<258><VALVE_0:4:1067079285><>"
L 06/05/2017 - 16:16:33: [admincmd.amxx] Cmd: "Dr.FioriGinal.Ro ~ Server Clasi<0><><>" slay "Blond@<259><VALVE_0:4:1067079285><>"
L 06/05/2017 - 16:16:51: [admincmd.amxx] Cmd: "Dr.FioriGinal.Ro ~ Server Clasi<0><><>" slay "Blond@<260><VALVE_0:4:1067079285><>"
L 06/05/2017 - 16:17:14: [admincmd.amxx] Cmd: "Dr.FioriGinal.Ro ~ Server Clasi<0><><>" slay "Blond@<263><VALVE_0:4:1067079285><>"
L 06/05/2017 - 16:47:46: -------- Mapchange to deathrun_expres-winter --------
L 06/05/2017 - 16:47:48: [AMXX] Failed to open dictionary file: cstrike/addons/amxmodx/data/lang/walkguard.txt
L 06/05/2017 - 16:47:49: [walkguard.amxx] no zone-file found
L 06/05/2017 - 16:56:03: -------- Mapchange to deathrun_forest --------
L 06/05/2017 - 16:56:11: [AMXX] Failed to open dictionary file: cstrike/addons/amxmodx/data/lang/walkguard.txt
L 06/05/2017 - 16:56:14: [walkguard.amxx] no zone-file found
L 06/05/2017 - 16:56:23: Invalid multi-lingual line (file "cstrike/addons/amxmodx/data/lang/rom_protect.txt" key "// *ROM-Protect// Plugin OpenSource anti-IsFlooding/bug-fix pentru orice server." lang "")
L 06/05/2017 - 16:56:23: Invalid multi-lingual line (file "cstrike/addons/amxmodx/data/lang/rom_protect.txt" key "// Versiunea : 1.0.4s-dev. Bulid : 98. Data lansarii versiunii : 03.12.2016." lang "")
L 06/05/2017 - 16:56:23: Invalid multi-lingual line (file "cstrike/addons/amxmodx/data/lang/rom_protect.txt" key "// Autor : lüxor # Dr.Fio & DR2.IND (+ eNd.) - SteamID (contact) : luxxxoor" lang "")
L 06/05/2017 - 16:56:23: Invalid multi-lingual line (file "cstrike/addons/amxmodx/data/lang/rom_protect.txt" key "// O productie FioriGinal.ro - site : www.fioriginal.ro" lang "")
L 06/05/2017 - 16:56:23: Invalid multi-lingual line (file "cstrike/addons/amxmodx/data/lang/rom_protect.txt" key "// Link forum de dezvoltare : http://forum.fioriginal.ro/amxmodx-plugins-pluginuri/rom-protect-anti-flood-bug-fix-t28292.html" lang "")
L 06/05/2017 - 16:56:23: Invalid multi-lingual line (file "cstrike/addons/amxmodx/data/lang/rom_protect.txt" key "// Link sursa : https://github.com/luxxxoor/ROM-Protect" lang "")
L 06/05/2017 - 16:56:23: Invalid multi-lingual line (file "cstrike/addons/amxmodx/data/lang/rom_protect.txt" key "// Colori : ^1 - Culoarea aleasa de jucator cu con_color." lang "")
L 06/05/2017 - 16:56:23: Invalid multi-lingual line (file "cstrike/addons/amxmodx/data/lang/rom_protect.txt" key "//          ^3 - Culoare gri." lang "")
L 06/05/2017 - 16:56:23: Invalid multi-lingual line (file "cstrike/addons/amxmodx/data/lang/rom_protect.txt" key "//          ^4 - Culoare verde." lang "")
L 06/05/2017 - 16:58:04: [admincmd.amxx] Cmd: "Dr.FioriGinal.Ro ~ Server Clasi<0><><>" slay "nVidia E7 Player<9><VALVE_0:4:1069620853><>"
L 06/05/2017 - 17:23:14: -------- Mapchange to deathrun_jinglebells --------
L 06/05/2017 - 17:23:15: [AMXX] Failed to open dictionary file: cstrike/addons/amxmodx/data/lang/walkguard.txt
L 06/05/2017 - 17:23:16: [walkguard.amxx] no zone-file found
L 06/05/2017 - 17:58:29: -------- Mapchange to deathrun_long_run --------
L 06/05/2017 - 17:58:30: [AMXX] Failed to open dictionary file: cstrike/addons/amxmodx/data/lang/walkguard.txt
L 06/05/2017 - 17:58:31: [walkguard.amxx] no zone-file found
L 06/05/2017 - 18:33:32: -------- Mapchange to deathrun_virtualstrike --------
L 06/05/2017 - 18:33:33: [AMXX] Failed to open dictionary file: cstrike/addons/amxmodx/data/lang/walkguard.txt
L 06/05/2017 - 18:33:34: [walkguard.amxx] no zone-file found
L 06/05/2017 - 18:59:05: -------- Mapchange to deathrun_nightrun_beta3 --------
L 06/05/2017 - 18:59:06: [AMXX] Failed to open dictionary file: cstrike/addons/amxmodx/data/lang/walkguard.txt
L 06/05/2017 - 18:59:07: [walkguard.amxx] no zone-file found
L 06/05/2017 - 19:15:19: [admincmd.amxx] Cmd: "Dr.FioriGinal.Ro ~ Server Clasi<0><><>" slay "Nope<74><VALVE_0:4:1384053302><>"
L 06/05/2017 - 19:17:41: [admin.amxx] Login: "Stifler<76><STEAM_0:0:1784836802><>" became an admin (account "Stifler") (access "b") (address "31.5.145.190")
L 06/05/2017 - 19:44:15: [admin.amxx] Login: "Stifler<89><STEAM_0:0:1784836802><>" became an admin (account "Stifler") (access "b") (address "31.5.145.190")
L 06/05/2017 - 19:44:31: -------- Mapchange to deathrun_0mega --------
L 06/05/2017 - 19:44:32: [AMXX] Failed to open dictionary file: cstrike/addons/amxmodx/data/lang/walkguard.txt
L 06/05/2017 - 19:44:33: [admin.amxx] Login: "Stifler<89><STEAM_0:0:1784836802><>" became an admin (account "Stifler") (access "b") (address "31.5.145.190")
L 06/05/2017 - 19:44:33: [walkguard.amxx] no zone-file found
L 06/05/2017 - 19:50:52: [admin.amxx] Login: "OreD<95><VALVE_0:4:1997207262><>" became an admin (account "OreD") (access "b") (address "5.15.73.71")
L 06/05/2017 - 19:51:53: [admin.amxx] Login: "Daky69<96><STEAM_0:0:1674484390><>" became an admin (account "Daky69") (access "b") (address "89.123.84.240")
L 06/05/2017 - 20:19:56: -------- Mapchange to deathrun_discovery3 --------
L 06/05/2017 - 20:19:57: [AMXX] Failed to open dictionary file: cstrike/addons/amxmodx/data/lang/walkguard.txt
L 06/05/2017 - 20:19:58: [walkguard.amxx] no zone-file found
L 06/05/2017 - 20:22:31: [admincmd.amxx] Cmd: "Dr.FioriGinal.Ro ~ Server Clasi<0><><>" slay "L.R.HaTe<111><VALVE_0:4:1086311543><>"
L 06/05/2017 - 20:55:11: -------- Mapchange to deathrun_adi_blurez --------
L 06/05/2017 - 20:55:12: [AMXX] Failed to open dictionary file: cstrike/addons/amxmodx/data/lang/walkguard.txt
L 06/05/2017 - 20:55:13: [walkguard.amxx] no zone-file found
L 06/05/2017 - 21:39:32: -------- Mapchange to deathrun_2h_estonia --------
L 06/05/2017 - 21:39:33: [AMXX] Failed to open dictionary file: cstrike/addons/amxmodx/data/lang/walkguard.txt
L 06/05/2017 - 21:39:34: [walkguard.amxx] no zone-file found
L 06/05/2017 - 22:30:45: -------- Mapchange to deathrun_y_underground --------
L 06/05/2017 - 22:30:46: [AMXX] Failed to open dictionary file: cstrike/addons/amxmodx/data/lang/walkguard.txt
L 06/05/2017 - 22:30:47: [walkguard.amxx] no zone-file found
L 06/05/2017 - 22:58:45: -------- Mapchange to deathrun_privateers --------
L 06/05/2017 - 22:58:47: [AMXX] Failed to open dictionary file: cstrike/addons/amxmodx/data/lang/walkguard.txt
L 06/05/2017 - 22:58:48: [walkguard.amxx] no zone-file found
L 06/05/2017 - 23:07:15: [admincmd.amxx] Cmd: "Dr.FioriGinal.Ro ~ Server Clasi<0><><>" slay "gF.lL[u]ck<163><STEAM_0:0:1322934216><>"
L 06/05/2017 - 23:09:07: [admincmd.amxx] Cmd: "Dr.FioriGinal.Ro ~ Server Clasi<0><><>" slay "gF.lL[u]ck<165><STEAM_0:0:1322934216><>"
L 06/05/2017 - 23:29:17: [slayafk.amxx] LoLz a primit slay, deoarece a fost afk mai mult de 30 secunde
L 06/05/2017 - 23:31:44: [admincmd.amxx] Cmd: "Dr.FioriGinal.Ro ~ Server Clasi<0><><>" slay "mamaliguta<173><VALVE_0:4:806860144><>"
L 06/05/2017 - 23:36:02: [slayafk.amxx] nVidia E7 Player a primit slay, deoarece a fost afk mai mult de 30 secunde
L 06/05/2017 - 23:39:18: [admincmd.amxx] Cmd: "Dr.FioriGinal.Ro ~ Server Clasi<0><><>" slay "mamaliguta<180><VALVE_0:4:806860144><>"
L 06/05/2017 - 23:42:58: [slayafk.amxx] IrreguLar #4RUN a primit slay, deoarece a fost afk mai mult de 30 secunde
L 06/05/2017 - 23:50:38: [admincmd.amxx] Cmd: "Dr.FioriGinal.Ro ~ Server Clasi<0><><>" slay "LoLz<191><VALVE_0:4:1314835575><>"
L 06/05/2017 - 23:52:21: [admincmd.amxx] Cmd: "Dr.FioriGinal.Ro ~ Server Clasi<0><><>" slay "Kadima<192><STEAM_0:1:33158870><>"
