L 06/23/2017 - 00:27:06: -------- Mapchange to deathrun_adi_blurez --------
L 06/23/2017 - 00:27:08: [AMXX] Failed to open dictionary file: cstrike/addons/amxmodx/data/lang/walkguard.txt
L 06/23/2017 - 00:27:08: [walkguard.amxx] no zone-file found
L 06/23/2017 - 00:59:29: -------- Mapchange to deathrun_2h_estonia --------
L 06/23/2017 - 00:59:30: [AMXX] Failed to open dictionary file: cstrike/addons/amxmodx/data/lang/walkguard.txt
L 06/23/2017 - 00:59:31: [walkguard.amxx] no zone-file found
L 06/23/2017 - 01:51:01: -------- Mapchange to deathrun_y_underground --------
L 06/23/2017 - 01:51:02: [AMXX] Failed to open dictionary file: cstrike/addons/amxmodx/data/lang/walkguard.txt
L 06/23/2017 - 01:51:03: [walkguard.amxx] no zone-file found
L 06/23/2017 - 01:55:29: [admincmd.amxx] Cmd: "Dr.FioriGinal.Ro ~ Server Clasi<0><><>" slay "LLoWeR<107><STEAM_0:0:596171904><>"
L 06/23/2017 - 01:59:59: [admincmd.amxx] Cmd: "Dr.FioriGinal.Ro ~ Server Clasi<0><><>" slay "LLoWeR<110><STEAM_0:0:596171904><>"
L 06/23/2017 - 03:02:26: -------- Mapchange to deathrun_privateers --------
L 06/23/2017 - 03:02:28: [AMXX] Failed to open dictionary file: cstrike/addons/amxmodx/data/lang/walkguard.txt
L 06/23/2017 - 03:02:29: [walkguard.amxx] no zone-file found
L 06/23/2017 - 03:08:23: [slayafk.amxx] nVidia E9 Gamer a primit slay, deoarece a fost afk mai mult de 30 secunde
L 06/23/2017 - 03:09:03: [slayafk.amxx] nVidia E9 Gamer a primit slay, deoarece a fost afk mai mult de 30 secunde
L 06/23/2017 - 03:40:16: -------- Mapchange to deathrun_rizzy_x --------
L 06/23/2017 - 03:40:17: [AMXX] Failed to open dictionary file: cstrike/addons/amxmodx/data/lang/walkguard.txt
L 06/23/2017 - 03:40:18: [walkguard.amxx] no zone-file found
L 06/23/2017 - 05:22:48: [admin.amxx] Login: "SWAGGIE. XD<129><STEAM_0:1:120414993><>" became an admin (account "SWAGGIE. XD") (access "b") (address "109.98.131.207")
L 06/23/2017 - 05:23:04: -------- Mapchange to deathrun_ghosts --------
L 06/23/2017 - 05:23:05: [AMXX] Failed to open dictionary file: cstrike/addons/amxmodx/data/lang/walkguard.txt
L 06/23/2017 - 05:23:06: [admin.amxx] Login: "SWAGGIE. XD<129><STEAM_0:1:120414993><>" became an admin (account "SWAGGIE. XD") (access "b") (address "109.98.131.207")
L 06/23/2017 - 05:23:06: [walkguard.amxx] no zone-file found
L 06/23/2017 - 09:05:58: -------- Mapchange to deathrun_sk_occult --------
L 06/23/2017 - 09:05:59: [AMXX] Failed to open dictionary file: cstrike/addons/amxmodx/data/lang/walkguard.txt
L 06/23/2017 - 09:06:00: [walkguard.amxx] no zone-file found
L 06/23/2017 - 09:38:11: -------- Mapchange to deathrun_jigsaw2 --------
L 06/23/2017 - 09:38:12: [AMXX] Failed to open dictionary file: cstrike/addons/amxmodx/data/lang/walkguard.txt
L 06/23/2017 - 09:38:13: [walkguard.amxx] no zone-file found
L 06/23/2017 - 10:09:18: -------- Mapchange to deathrun_christmas --------
L 06/23/2017 - 10:09:19: [AMXX] Failed to open dictionary file: cstrike/addons/amxmodx/data/lang/walkguard.txt
L 06/23/2017 - 10:09:20: [walkguard.amxx] no zone-file found
L 06/23/2017 - 10:55:23: -------- Mapchange to deathrun_jinglebells2 --------
L 06/23/2017 - 10:55:24: [AMXX] Failed to open dictionary file: cstrike/addons/amxmodx/data/lang/walkguard.txt
L 06/23/2017 - 10:55:25: [walkguard.amxx] no zone-file found
L 06/23/2017 - 10:56:00: [slayafk.amxx] Pedo a primit slay, deoarece a fost afk mai mult de 30 secunde
L 06/23/2017 - 10:56:35: [slayafk.amxx] Pedo a primit slay, deoarece a fost afk mai mult de 30 secunde
L 06/23/2017 - 10:57:14: [slayafk.amxx] Pedo a primit slay, deoarece a fost afk mai mult de 30 secunde
L 06/23/2017 - 11:30:18: -------- Mapchange to deathrun_gb_winter_final4 --------
L 06/23/2017 - 11:30:20: [AMXX] Failed to open dictionary file: cstrike/addons/amxmodx/data/lang/walkguard.txt
L 06/23/2017 - 11:30:21: [walkguard.amxx] no zone-file found
L 06/23/2017 - 12:00:57: -------- Mapchange to deathrun_expres-winter --------
L 06/23/2017 - 12:00:58: [AMXX] Failed to open dictionary file: cstrike/addons/amxmodx/data/lang/walkguard.txt
L 06/23/2017 - 12:00:59: [walkguard.amxx] no zone-file found
L 06/23/2017 - 12:10:37: [admin.amxx] Login: "Stifler<199><STEAM_0:1:22458368><>" became an admin (account "Stifler") (access "b") (address "31.5.145.190")
L 06/23/2017 - 12:10:40: [admin.amxx] Login: "Stifler<200><STEAM_0:1:22458368><>" became an admin (account "Stifler") (access "b") (address "31.5.145.190")
L 06/23/2017 - 12:11:09: [admincmd.amxx] Cmd: "Stifler<200><STEAM_0:1:22458368><>" ask for players list
L 06/23/2017 - 12:13:33: [admincmd.amxx] Cmd: "Dr.FioriGinal.Ro ~ Server Clasi<0><><>" slay "Eduard.<203><STEAM_0:0:562426053><>"
L 06/23/2017 - 12:32:22: [admincmd.amxx] Cmd: "Dr.FioriGinal.Ro ~ Server Clasi<0><><>" slay "CelAmiSmecher<207><STEAM_0:0:1518212793><>"
L 06/23/2017 - 12:32:54: [slayafk.amxx] CelAmiSmecher a primit slay, deoarece a fost afk mai mult de 30 secunde
L 06/23/2017 - 12:33:22: [admincmd.amxx] Cmd: "Dr.FioriGinal.Ro ~ Server Clasi<0><><>" slay "CelAmiSmecher<210><STEAM_0:0:1518212793><>"
L 06/23/2017 - 12:54:39: [admincmd.amxx] Cmd: "Dr.FioriGinal.Ro ~ Server Clasi<0><><>" slay "mop<215><STEAM_0:0:1125805092><>"
L 06/23/2017 - 13:01:48: [admincmd.amxx] Cmd: "Dr.FioriGinal.Ro ~ Server Clasi<0><><>" slay "mop<217><STEAM_0:0:1125805092><>"
L 06/23/2017 - 13:26:31: -------- Mapchange to deathrun_alleywinter --------
L 06/23/2017 - 13:26:33: [AMXX] Failed to open dictionary file: cstrike/addons/amxmodx/data/lang/walkguard.txt
L 06/23/2017 - 13:26:34: [walkguard.amxx] no zone-file found
L 06/23/2017 - 13:55:17: [admin.amxx] Login: "Stifler<233><STEAM_0:1:22458368><>" became an admin (account "Stifler") (access "b") (address "31.5.145.190")
L 06/23/2017 - 13:55:30: -------- Mapchange to deathrun_trenal_lux --------
L 06/23/2017 - 13:55:31: [AMXX] Failed to open dictionary file: cstrike/addons/amxmodx/data/lang/walkguard.txt
L 06/23/2017 - 13:55:32: [admin.amxx] Login: "Stifler<233><STEAM_0:1:22458368><>" became an admin (account "Stifler") (access "b") (address "31.5.145.190")
L 06/23/2017 - 13:55:32: [walkguard.amxx] no zone-file found
L 06/23/2017 - 14:14:52: [admin.amxx] Login: "wKn<247><STEAM_0:0:196614190><>" became an admin (account "wKn") (access "bit") (address "92.80.106.3")
L 06/23/2017 - 14:15:11: [admincmd.amxx] Cmd: "Dr.FioriGinal.Ro ~ Server Clasi<0><><>" slay "GeantFusee<248><STEAM_0:0:684702832><>"
L 06/23/2017 - 14:21:27: [admin.amxx] Login: "SWAGGIE. XD<251><STEAM_0:1:120414993><>" became an admin (account "SWAGGIE. XD") (access "b") (address "109.98.131.207")
L 06/23/2017 - 14:22:47: [admin.amxx] Login: "SWAGGIE. XD<252><STEAM_0:1:120414993><>" became an admin (account "SWAGGIE. XD") (access "b") (address "109.98.131.207")
L 06/23/2017 - 14:22:54: [admincmd.amxx] Cmd: "Dr.FioriGinal.Ro ~ Server Clasi<0><><>" slay "SWAGGIE. XD<252><STEAM_0:1:120414993><>"
L 06/23/2017 - 14:51:12: -------- Mapchange to deathrun_greyskull --------
L 06/23/2017 - 14:51:13: [AMXX] Failed to open dictionary file: cstrike/addons/amxmodx/data/lang/walkguard.txt
L 06/23/2017 - 14:51:14: [walkguard.amxx] no zone-file found
L 06/23/2017 - 15:42:53: -------- Mapchange to deathrun_stronghold_beta1 --------
L 06/23/2017 - 15:42:54: [AMXX] Failed to open dictionary file: cstrike/addons/amxmodx/data/lang/walkguard.txt
L 06/23/2017 - 15:42:55: [walkguard.amxx] no zone-file found
L 06/23/2017 - 15:54:45: [admincmd.amxx] Cmd: "Dr.FioriGinal.Ro ~ Server Clasi<0><><>" slay "Hawkeye<279><STEAM_0:0:233794238><>"
L 06/23/2017 - 16:17:40: -------- Mapchange to deathrun_aztecan_beta1 --------
L 06/23/2017 - 16:17:41: [AMXX] Failed to open dictionary file: cstrike/addons/amxmodx/data/lang/walkguard.txt
L 06/23/2017 - 16:17:42: [walkguard.amxx] no zone-file found
L 06/23/2017 - 16:19:09: [admincmd.amxx] Cmd: "Dr.FioriGinal.Ro ~ Server Clasi<0><><>" slay "xRay<292><STEAM_0:1:94184986><>"
L 06/23/2017 - 16:20:10: [admincmd.amxx] Cmd: "Dr.FioriGinal.Ro ~ Server Clasi<0><><>" slay "xRay<293><STEAM_0:1:94184986><>"
L 06/23/2017 - 16:44:36: [admincmd.amxx] Cmd: "Dr.FioriGinal.Ro ~ Server Clasi<0><><>" slay "[mr] isam ghaith<303><STEAM_0:0:997819823><>"
L 06/23/2017 - 16:45:48: -------- Mapchange to deathrun_pyramid --------
L 06/23/2017 - 16:45:49: [AMXX] Failed to open dictionary file: cstrike/addons/amxmodx/data/lang/walkguard.txt
L 06/23/2017 - 16:45:50: [walkguard.amxx] no zone-file found
L 06/23/2017 - 18:03:24: [slayafk.amxx] LimitBreaker a primit slay, deoarece a fost afk mai mult de 30 secunde
L 06/23/2017 - 19:25:21: -------- Mapchange to deathrun_standup --------
L 06/23/2017 - 19:25:23: [AMXX] Failed to open dictionary file: cstrike/addons/amxmodx/data/lang/walkguard.txt
L 06/23/2017 - 19:25:23: [walkguard.amxx] no zone-file found
L 06/23/2017 - 19:28:30: [admincmd.amxx] Cmd: "Dr.FioriGinal.Ro ~ Server Clasi<0><><>" slay "tiganu #4RUN<350><STEAM_0:0:187978272><>"
L 06/23/2017 - 20:06:06: -------- Mapchange to deathrun_sentinel --------
L 06/23/2017 - 20:06:17: -------- Mapchange to deathrun_forest --------
L 06/23/2017 - 20:06:25: [AMXX] Failed to open dictionary file: cstrike/addons/amxmodx/data/lang/walkguard.txt
L 06/23/2017 - 20:06:27: [walkguard.amxx] no zone-file found
L 06/23/2017 - 20:06:36: Invalid multi-lingual line (file "cstrike/addons/amxmodx/data/lang/rom_protect.txt" key "// *ROM-Protect// Plugin OpenSource anti-IsFlooding/bug-fix pentru orice server." lang "")
L 06/23/2017 - 20:06:36: Invalid multi-lingual line (file "cstrike/addons/amxmodx/data/lang/rom_protect.txt" key "// Versiunea : 1.0.4s-dev. Bulid : 98. Data lansarii versiunii : 03.12.2016." lang "")
L 06/23/2017 - 20:06:36: Invalid multi-lingual line (file "cstrike/addons/amxmodx/data/lang/rom_protect.txt" key "// Autor : lüxor # Dr.Fio & DR2.IND (+ eNd.) - SteamID (contact) : luxxxoor" lang "")
L 06/23/2017 - 20:06:36: Invalid multi-lingual line (file "cstrike/addons/amxmodx/data/lang/rom_protect.txt" key "// O productie FioriGinal.ro - site : www.fioriginal.ro" lang "")
L 06/23/2017 - 20:06:36: Invalid multi-lingual line (file "cstrike/addons/amxmodx/data/lang/rom_protect.txt" key "// Link forum de dezvoltare : http://forum.fioriginal.ro/amxmodx-plugins-pluginuri/rom-protect-anti-flood-bug-fix-t28292.html" lang "")
L 06/23/2017 - 20:06:36: Invalid multi-lingual line (file "cstrike/addons/amxmodx/data/lang/rom_protect.txt" key "// Link sursa : https://github.com/luxxxoor/ROM-Protect" lang "")
L 06/23/2017 - 20:06:36: Invalid multi-lingual line (file "cstrike/addons/amxmodx/data/lang/rom_protect.txt" key "// Colori : ^1 - Culoarea aleasa de jucator cu con_color." lang "")
L 06/23/2017 - 20:06:36: Invalid multi-lingual line (file "cstrike/addons/amxmodx/data/lang/rom_protect.txt" key "//          ^3 - Culoare gri." lang "")
L 06/23/2017 - 20:06:36: Invalid multi-lingual line (file "cstrike/addons/amxmodx/data/lang/rom_protect.txt" key "//          ^4 - Culoare verde." lang "")
L 06/23/2017 - 20:23:31: [comp_timer2.amxx] Error on query: You have an error in your SQL syntax; check the manual that corresponds to your MySQL server version for the right syntax to use near 'deathrun_forest'' at line 1
L 06/23/2017 - 20:23:31: [comp_timer2.amxx] FailState == TQUERY_QUERY_FAILED, Query failed.
L 06/23/2017 - 20:37:12: -------- Mapchange to deathrun_jinglebells --------
L 06/23/2017 - 20:37:14: [AMXX] Failed to open dictionary file: cstrike/addons/amxmodx/data/lang/walkguard.txt
L 06/23/2017 - 20:37:15: [walkguard.amxx] no zone-file found
L 06/23/2017 - 21:08:04: -------- Mapchange to deathrun_long_run --------
L 06/23/2017 - 21:08:06: [AMXX] Failed to open dictionary file: cstrike/addons/amxmodx/data/lang/walkguard.txt
L 06/23/2017 - 21:08:07: [walkguard.amxx] no zone-file found
L 06/23/2017 - 21:51:04: -------- Mapchange to deathrun_virtualstrike --------
L 06/23/2017 - 21:51:05: [AMXX] Failed to open dictionary file: cstrike/addons/amxmodx/data/lang/walkguard.txt
L 06/23/2017 - 21:51:06: [walkguard.amxx] no zone-file found
L 06/23/2017 - 22:13:16: [slayafk.amxx] Prime a primit slay, deoarece a fost afk mai mult de 30 secunde
L 06/23/2017 - 22:13:41: [admin.amxx] Login: "Stifler<44><STEAM_0:1:22458368><>" became an admin (account "Stifler") (access "b") (address "31.5.145.190")
L 06/23/2017 - 22:13:42: [admin.amxx] Login: "Stifler<45><STEAM_0:1:22458368><>" became an admin (account "Stifler") (access "b") (address "31.5.145.190")
L 06/23/2017 - 22:13:56: [slayafk.amxx] Prime a primit slay, deoarece a fost afk mai mult de 30 secunde
L 06/23/2017 - 22:19:36: [admin.amxx] Login: "Stifler<47><STEAM_0:1:22458368><>" became an admin (account "Stifler") (access "b") (address "31.5.145.190")
L 06/23/2017 - 22:31:02: [admincmd.amxx] Cmd: "Dr.FioriGinal.Ro ~ Server Clasi<0><><>" slay "shto<55><STEAM_0:0:3385128><>"
L 06/23/2017 - 22:37:36: [slayafk.amxx] shto a primit slay, deoarece a fost afk mai mult de 30 secunde
L 06/23/2017 - 22:43:41: [admincmd.amxx] Cmd: "Dr.FioriGinal.Ro ~ Server Clasi<0><><>" slay "Dan<65><VALVE_0:4:797217792><>"
L 06/23/2017 - 22:52:08: -------- Mapchange to deathrun_nightrun_beta3 --------
L 06/23/2017 - 22:52:09: [AMXX] Failed to open dictionary file: cstrike/addons/amxmodx/data/lang/walkguard.txt
L 06/23/2017 - 22:52:10: [walkguard.amxx] no zone-file found
L 06/23/2017 - 23:26:48: -------- Mapchange to deathrun_0mega --------
L 06/23/2017 - 23:26:49: [AMXX] Failed to open dictionary file: cstrike/addons/amxmodx/data/lang/walkguard.txt
L 06/23/2017 - 23:26:50: [walkguard.amxx] no zone-file found
L 06/23/2017 - 23:52:40: -------- Mapchange to deathrun_discovery3 --------
L 06/23/2017 - 23:52:41: [AMXX] Failed to open dictionary file: cstrike/addons/amxmodx/data/lang/walkguard.txt
L 06/23/2017 - 23:52:42: [walkguard.amxx] no zone-file found
