L 06/25/2017 - 11:33:16: [admin.amxx] Login: "-rTg|maEsTrOo<549><STEAM_0:1:154430568><>" became an admin (account "-rTg|maEsTrOo") (access "bit") (address "89.123.105.93")
L 06/25/2017 - 11:33:17: [admin.amxx] Login: "-rTg|maEsTrOo<550><STEAM_0:1:154430568><>" became an admin (account "-rTg|maEsTrOo") (access "bit") (address "89.123.105.93")
L 06/25/2017 - 11:33:24: [admin.amxx] Login: "-rTg|maEsTrOo<551><STEAM_0:1:154430568><>" became an admin (account "-rTg|maEsTrOo") (access "bit") (address "89.123.105.93")
L 06/25/2017 - 11:33:47: -------- Mapchange to deathrun_forest --------
L 06/25/2017 - 11:33:53: [AMXX] Failed to open dictionary file: cstrike/addons/amxmodx/data/lang/walkguard.txt
L 06/25/2017 - 11:33:55: [walkguard.amxx] no zone-file found
L 06/25/2017 - 11:33:56: [admin.amxx] Login: "-rTg|maEsTrOo<1><STEAM_0:1:154430568><>" became an admin (account "-rTg|maEsTrOo") (access "bit") (address "89.123.105.93")
L 06/25/2017 - 11:34:04: Invalid multi-lingual line (file "cstrike/addons/amxmodx/data/lang/rom_protect.txt" key "// *ROM-Protect// Plugin OpenSource anti-IsFlooding/bug-fix pentru orice server." lang "")
L 06/25/2017 - 11:34:04: Invalid multi-lingual line (file "cstrike/addons/amxmodx/data/lang/rom_protect.txt" key "// Versiunea : 1.0.4s-dev. Bulid : 98. Data lansarii versiunii : 03.12.2016." lang "")
L 06/25/2017 - 11:34:04: Invalid multi-lingual line (file "cstrike/addons/amxmodx/data/lang/rom_protect.txt" key "// Autor : lüxor # Dr.Fio & DR2.IND (+ eNd.) - SteamID (contact) : luxxxoor" lang "")
L 06/25/2017 - 11:34:04: Invalid multi-lingual line (file "cstrike/addons/amxmodx/data/lang/rom_protect.txt" key "// O productie FioriGinal.ro - site : www.fioriginal.ro" lang "")
L 06/25/2017 - 11:34:04: Invalid multi-lingual line (file "cstrike/addons/amxmodx/data/lang/rom_protect.txt" key "// Link forum de dezvoltare : http://forum.fioriginal.ro/amxmodx-plugins-pluginuri/rom-protect-anti-flood-bug-fix-t28292.html" lang "")
L 06/25/2017 - 11:34:04: Invalid multi-lingual line (file "cstrike/addons/amxmodx/data/lang/rom_protect.txt" key "// Link sursa : https://github.com/luxxxoor/ROM-Protect" lang "")
L 06/25/2017 - 11:34:04: Invalid multi-lingual line (file "cstrike/addons/amxmodx/data/lang/rom_protect.txt" key "// Colori : ^1 - Culoarea aleasa de jucator cu con_color." lang "")
L 06/25/2017 - 11:34:04: Invalid multi-lingual line (file "cstrike/addons/amxmodx/data/lang/rom_protect.txt" key "//          ^3 - Culoare gri." lang "")
L 06/25/2017 - 11:34:04: Invalid multi-lingual line (file "cstrike/addons/amxmodx/data/lang/rom_protect.txt" key "//          ^4 - Culoare verde." lang "")
L 06/25/2017 - 11:34:26: [admin.amxx] Login: "Stifler<5><STEAM_0:1:22458368><>" became an admin (account "Stifler") (access "b") (address "31.5.145.190")
L 06/25/2017 - 11:34:28: [admin.amxx] Login: "Stifler<6><STEAM_0:1:22458368><>" became an admin (account "Stifler") (access "b") (address "31.5.145.190")
L 06/25/2017 - 11:44:34: [slayafk.amxx] -rTg|maEsTrOo a primit slay, deoarece a fost afk mai mult de 30 secunde
L 06/25/2017 - 11:57:10: [admin.amxx] Login: "wKn<12><STEAM_0:0:196614190><>" became an admin (account "wKn") (access "bit") (address "92.80.84.197")
L 06/25/2017 - 11:59:24: [admin.amxx] Login: "wKn<13><STEAM_0:0:196614190><>" became an admin (account "wKn") (access "bit") (address "92.80.84.197")
L 06/25/2017 - 11:59:30: [admincmd.amxx] Cmd: "Dr.FioriGinal.Ro ~ Server Clasi<0><><>" slay "wKn<13><STEAM_0:0:196614190><>"
L 06/25/2017 - 12:00:25: -------- Mapchange to deathrun_jinglebells --------
L 06/25/2017 - 12:00:27: [AMXX] Failed to open dictionary file: cstrike/addons/amxmodx/data/lang/walkguard.txt
L 06/25/2017 - 12:00:28: [walkguard.amxx] no zone-file found
L 06/25/2017 - 12:00:28: [admin.amxx] Login: "-rTg|maEsTrOo<1><STEAM_0:1:154430568><>" became an admin (account "-rTg|maEsTrOo") (access "bit") (address "89.123.105.93")
L 06/25/2017 - 12:00:28: [admin.amxx] Login: "wKn<13><STEAM_0:0:196614190><>" became an admin (account "wKn") (access "bit") (address "92.80.84.197")
L 06/25/2017 - 12:00:38: [admin.amxx] Login: "wKn<22><STEAM_0:0:196614190><>" became an admin (account "wKn") (access "bit") (address "92.80.84.197")
L 06/25/2017 - 12:01:02: [slayafk.amxx] -rTg|maEsTrOo a primit slay, deoarece a fost afk mai mult de 30 secunde
L 06/25/2017 - 12:01:37: [slayafk.amxx] -rTg|maEsTrOo a primit slay, deoarece a fost afk mai mult de 30 secunde
L 06/25/2017 - 12:04:02: [slayafk.amxx] -rTg|maEsTrOo a primit slay, deoarece a fost afk mai mult de 30 secunde
L 06/25/2017 - 12:06:32: [slayafk.amxx] -rTg|maEsTrOo a primit slay, deoarece a fost afk mai mult de 30 secunde
L 06/25/2017 - 12:07:12: [slayafk.amxx] -rTg|maEsTrOo a primit slay, deoarece a fost afk mai mult de 30 secunde
L 06/25/2017 - 12:07:52: [slayafk.amxx] -rTg|maEsTrOo a primit slay, deoarece a fost afk mai mult de 30 secunde
L 06/25/2017 - 12:09:12: [slayafk.amxx] -rTg|maEsTrOo a primit slay, deoarece a fost afk mai mult de 30 secunde
L 06/25/2017 - 12:12:14: [comp_timer2.amxx] Error on query: You have an error in your SQL syntax; check the manual that corresponds to your MySQL server version for the right syntax to use near 'peeps' AND Map = 'deathrun_jinglebells'' at line 1
L 06/25/2017 - 12:12:14: [comp_timer2.amxx] FailState == TQUERY_QUERY_FAILED, Query failed.
L 06/25/2017 - 12:13:47: [slayafk.amxx] -rTg|maEsTrOo a primit slay, deoarece a fost afk mai mult de 30 secunde
L 06/25/2017 - 12:14:42: [slayafk.amxx] -rTg|maEsTrOo a primit slay, deoarece a fost afk mai mult de 30 secunde
L 06/25/2017 - 12:16:17: [slayafk.amxx] -rTg|maEsTrOo a primit slay, deoarece a fost afk mai mult de 30 secunde
L 06/25/2017 - 12:32:42: [slayafk.amxx] -rTg|maEsTrOo a primit slay, deoarece a fost afk mai mult de 30 secunde
L 06/25/2017 - 12:34:12: [slayafk.amxx] -rTg|maEsTrOo a primit slay, deoarece a fost afk mai mult de 30 secunde
L 06/25/2017 - 12:41:37: [slayafk.amxx] -rTg|maEsTrOo a primit slay, deoarece a fost afk mai mult de 30 secunde
L 06/25/2017 - 12:43:12: [admincmd.amxx] Cmd: "Dr.FioriGinal.Ro ~ Server Clasi<0><><>" slay "SxA # S3rGiu<39><VALVE_0:4:525785330><>"
L 06/25/2017 - 12:59:42: [admin.amxx] Login: "-rTg|maEsTrOo<44><STEAM_0:1:154430568><>" became an admin (account "-rTg|maEsTrOo") (access "bit") (address "89.123.105.93")
L 06/25/2017 - 12:59:50: [admin.amxx] Login: "anca<45><STEAM_0:0:58514266><>" became an admin (account "anca") (access "bit") (address "109.103.126.196")
L 06/25/2017 - 13:00:27: [slayafk.amxx] -rTg|maEsTrOo a primit slay, deoarece a fost afk mai mult de 30 secunde
L 06/25/2017 - 13:00:42: [slayafk.amxx] anca a primit slay, deoarece a fost afk mai mult de 30 secunde
L 06/25/2017 - 13:02:15: [mapsmenu.amxx] Vote: "-rTg|maEsTrOo<44><STEAM_0:1:154430568><>" vote maps (map#1 "deathrun_pacman") (map#2 "deathrun_genius") (map#3 "") (map#4 "")
L 06/25/2017 - 13:02:27: [mapsmenu.amxx] Vote: Voting successful. Map will be changed to deathrun_genius
L 06/25/2017 - 13:03:03: [admincmd.amxx] Cmd: "-rTg|maEsTrOo<44><STEAM_0:1:154430568><>" changelevel "deathrun_genius"
L 06/25/2017 - 13:03:05: -------- Mapchange to deathrun_genius --------
L 06/25/2017 - 13:03:07: [AMXX] Failed to open dictionary file: cstrike/addons/amxmodx/data/lang/walkguard.txt
L 06/25/2017 - 13:03:08: [walkguard.amxx] no zone-file found
L 06/25/2017 - 13:03:08: [admin.amxx] Login: "-rTg|maEsTrOo<44><STEAM_0:1:154430568><>" became an admin (account "-rTg|maEsTrOo") (access "bit") (address "89.123.105.93")
L 06/25/2017 - 13:03:08: [admin.amxx] Login: "anca<45><STEAM_0:0:58514266><>" became an admin (account "anca") (access "bit") (address "109.103.126.196")
L 06/25/2017 - 13:08:32: [adminchat.amxx] Chat: "-rTg|maEsTrOo<44><STEAM_0:1:154430568><>" chat "la mine"
L 06/25/2017 - 13:08:36: [adminchat.amxx] Chat: "anca<45><STEAM_0:0:58514266><>" chat ":X"
L 06/25/2017 - 13:10:57: [adminchat.amxx] Chat: "-rTg|maEsTrOo<44><STEAM_0:1:154430568><>" chat "cu placere :*("
L 06/25/2017 - 13:10:58: [adminchat.amxx] Chat: "-rTg|maEsTrOo<44><STEAM_0:1:154430568><>" chat ":-w"
L 06/25/2017 - 13:11:07: [adminchat.amxx] Chat: "-rTg|maEsTrOo<44><STEAM_0:1:154430568><>" chat "ti-am luat tero"
L 06/25/2017 - 13:11:09: [adminchat.amxx] Chat: "-rTg|maEsTrOo<44><STEAM_0:1:154430568><>" chat ":))"
L 06/25/2017 - 13:19:02: [adminchat.amxx] Chat: "-rTg|maEsTrOo<44><STEAM_0:1:154430568><>" chat ":*"
L 06/25/2017 - 13:19:07: [adminchat.amxx] Chat: "anca<45><STEAM_0:0:58514266><>" chat ":*:D"
L 06/25/2017 - 13:19:10: [admincmd.amxx] Cmd: "-rTg|maEsTrOo<44><STEAM_0:1:154430568><>" ask for players list
L 06/25/2017 - 13:19:10: [admincmd.amxx] Cmd: "anca<45><STEAM_0:0:58514266><>" ask for players list
L 06/25/2017 - 13:20:57: [slayafk.amxx] Kix a primit slay, deoarece a fost afk mai mult de 30 secunde
L 06/25/2017 - 13:30:25: -------- Mapchange to deathrun_virtualstrike --------
L 06/25/2017 - 13:30:26: [AMXX] Failed to open dictionary file: cstrike/addons/amxmodx/data/lang/walkguard.txt
L 06/25/2017 - 13:30:27: [walkguard.amxx] no zone-file found
L 06/25/2017 - 13:30:27: [admin.amxx] Login: "-rTg|maEsTrOo<44><STEAM_0:1:154430568><>" became an admin (account "-rTg|maEsTrOo") (access "bit") (address "89.123.105.93")
L 06/25/2017 - 13:30:27: [admin.amxx] Login: "anca<45><STEAM_0:0:58514266><>" became an admin (account "anca") (access "bit") (address "109.103.126.196")
L 06/25/2017 - 13:36:12: [slayafk.amxx] anca a primit slay, deoarece a fost afk mai mult de 30 secunde
L 06/25/2017 - 13:37:42: [slayafk.amxx] -rTg|maEsTrOo a primit slay, deoarece a fost afk mai mult de 30 secunde
L 06/25/2017 - 13:39:17: [slayafk.amxx] -rTg|maEsTrOo a primit slay, deoarece a fost afk mai mult de 30 secunde
L 06/25/2017 - 13:39:17: [slayafk.amxx] anca a primit slay, deoarece a fost afk mai mult de 30 secunde
L 06/25/2017 - 13:40:27: [slayafk.amxx] -rTg|maEsTrOo a primit slay, deoarece a fost afk mai mult de 30 secunde
L 06/25/2017 - 13:42:02: [slayafk.amxx] anca a primit slay, deoarece a fost afk mai mult de 30 secunde
L 06/25/2017 - 13:42:42: [slayafk.amxx] anca a primit slay, deoarece a fost afk mai mult de 30 secunde
L 06/25/2017 - 13:43:22: [slayafk.amxx] -rTg|maEsTrOo a primit slay, deoarece a fost afk mai mult de 30 secunde
L 06/25/2017 - 13:44:12: [slayafk.amxx] anca a primit slay, deoarece a fost afk mai mult de 30 secunde
L 06/25/2017 - 13:45:12: [slayafk.amxx] -rTg|maEsTrOo a primit slay, deoarece a fost afk mai mult de 30 secunde
L 06/25/2017 - 13:45:17: [slayafk.amxx] anca a primit slay, deoarece a fost afk mai mult de 30 secunde
L 06/25/2017 - 13:47:07: [slayafk.amxx] -rTg|maEsTrOo a primit slay, deoarece a fost afk mai mult de 30 secunde
L 06/25/2017 - 13:48:02: [slayafk.amxx] anca a primit slay, deoarece a fost afk mai mult de 30 secunde
L 06/25/2017 - 13:48:07: [slayafk.amxx] mornin' peeps a primit slay, deoarece a fost afk mai mult de 30 secunde
L 06/25/2017 - 13:48:07: [slayafk.amxx] -rTg|maEsTrOo a primit slay, deoarece a fost afk mai mult de 30 secunde
L 06/25/2017 - 13:49:32: [slayafk.amxx] anca a primit slay, deoarece a fost afk mai mult de 30 secunde
L 06/25/2017 - 13:52:12: [adminvote.amxx] Vote: "-rTg|maEsTrOo<44><STEAM_0:1:154430568><>" vote maps (map#1 "deathrun_pacman") (map#2 "deathrun_dojo") (map#3 "") (map#4 "")
L 06/25/2017 - 13:52:24: [adminvote.amxx] Vote: Voting successful (got "3") (needed "2") (result "amx_nextmap deathrun_pacman")
L 06/25/2017 - 13:52:25: [adminvote.amxx] Vote: Result accepted
L 06/25/2017 - 13:52:43: [admincmd.amxx] Cmd: "-rTg|maEsTrOo<44><STEAM_0:1:154430568><>" changelevel "deathrun_pacman"
L 06/25/2017 - 13:52:45: -------- Mapchange to deathrun_pacman --------
L 06/25/2017 - 13:52:46: [AMXX] Failed to open dictionary file: cstrike/addons/amxmodx/data/lang/walkguard.txt
L 06/25/2017 - 13:52:47: [walkguard.amxx] no zone-file found
L 06/25/2017 - 13:52:47: [admin.amxx] Login: "anca<45><STEAM_0:0:58514266><>" became an admin (account "anca") (access "bit") (address "109.103.126.196")
L 06/25/2017 - 13:52:47: [admin.amxx] Login: "-rTg|maEsTrOo<44><STEAM_0:1:154430568><>" became an admin (account "-rTg|maEsTrOo") (access "bit") (address "89.123.105.93")
L 06/25/2017 - 13:58:47: [slayafk.amxx] anca a primit slay, deoarece a fost afk mai mult de 30 secunde
L 06/25/2017 - 14:02:57: [slayafk.amxx] -rTg|maEsTrOo a primit slay, deoarece a fost afk mai mult de 30 secunde
L 06/25/2017 - 14:12:07: [slayafk.amxx] anca a primit slay, deoarece a fost afk mai mult de 30 secunde
L 06/25/2017 - 14:14:07: [slayafk.amxx] anca a primit slay, deoarece a fost afk mai mult de 30 secunde
L 06/25/2017 - 14:14:35: [admincmd.amxx] Cmd: "-rTg|maEsTrOo<44><STEAM_0:1:154430568><>" slay counter-terrorists team
L 06/25/2017 - 14:15:12: [slayafk.amxx] anca a primit slay, deoarece a fost afk mai mult de 30 secunde
L 06/25/2017 - 14:16:37: [slayafk.amxx] anca a primit slay, deoarece a fost afk mai mult de 30 secunde
L 06/25/2017 - 14:17:07: [slayafk.amxx] -rTg|maEsTrOo a primit slay, deoarece a fost afk mai mult de 30 secunde
L 06/25/2017 - 14:18:05: -------- Mapchange to deathrun_0mega --------
L 06/25/2017 - 14:18:06: [AMXX] Failed to open dictionary file: cstrike/addons/amxmodx/data/lang/walkguard.txt
L 06/25/2017 - 14:18:07: [walkguard.amxx] no zone-file found
L 06/25/2017 - 14:18:07: [admin.amxx] Login: "-rTg|maEsTrOo<44><STEAM_0:1:154430568><>" became an admin (account "-rTg|maEsTrOo") (access "bit") (address "89.123.105.93")
L 06/25/2017 - 14:18:07: [admin.amxx] Login: "anca<45><STEAM_0:0:58514266><>" became an admin (account "anca") (access "bit") (address "109.103.126.196")
L 06/25/2017 - 14:18:28: [admincmd.amxx] Cmd: "anca<45><STEAM_0:0:58514266><>" changelevel "deathrun_dojo"
L 06/25/2017 - 14:18:30: -------- Mapchange to deathrun_dojo --------
L 06/25/2017 - 14:18:31: [AMXX] Failed to open dictionary file: cstrike/addons/amxmodx/data/lang/walkguard.txt
L 06/25/2017 - 14:18:32: [walkguard.amxx] no zone-file found
L 06/25/2017 - 14:18:32: [admin.amxx] Login: "anca<45><STEAM_0:0:58514266><>" became an admin (account "anca") (access "bit") (address "109.103.126.196")
L 06/25/2017 - 14:18:35: [admin.amxx] Login: "anca<124><STEAM_0:0:58514266><>" became an admin (account "anca") (access "bit") (address "109.103.126.196")
L 06/25/2017 - 14:20:51: [admin.amxx] Login: "LoV3<117><STEAM_0:0:137776089><>" became an admin (account "LoV3") (access "b") (address "109.102.38.10")
L 06/25/2017 - 14:21:46: [admincmd.amxx] Cmd: "Dr.FioriGinal.Ro ~ Server Clasi<0><><>" slay "LJN # dRue<129><VALVE_0:4:238564853><>"
L 06/25/2017 - 14:25:57: [slayafk.amxx] LJN # dRue a primit slay, deoarece a fost afk mai mult de 30 secunde
L 06/25/2017 - 15:02:09: -------- Mapchange to deathrun_adi_blurez --------
L 06/25/2017 - 15:02:10: [AMXX] Failed to open dictionary file: cstrike/addons/amxmodx/data/lang/walkguard.txt
L 06/25/2017 - 15:02:11: [walkguard.amxx] no zone-file found
L 06/25/2017 - 15:27:39: -------- Mapchange to deathrun_2h_estonia --------
L 06/25/2017 - 15:27:40: [AMXX] Failed to open dictionary file: cstrike/addons/amxmodx/data/lang/walkguard.txt
L 06/25/2017 - 15:27:41: [walkguard.amxx] no zone-file found
L 06/25/2017 - 15:53:46: -------- Mapchange to deathrun_y_underground --------
L 06/25/2017 - 15:53:47: [AMXX] Failed to open dictionary file: cstrike/addons/amxmodx/data/lang/walkguard.txt
L 06/25/2017 - 15:53:48: [walkguard.amxx] no zone-file found
L 06/25/2017 - 16:06:18: [slayafk.amxx] Kix a primit slay, deoarece a fost afk mai mult de 30 secunde
L 06/25/2017 - 16:13:31: [admin.amxx] Login: "deadpool<180><STEAM_0:0:30403765><>" kicked due to invalid password (account "deadpool") (address "81.18.95.180")
L 06/25/2017 - 16:13:39: [admin.amxx] Login: "deadpool<182><STEAM_0:0:30403765><>" became an admin (account "deadpool") (access "bit") (address "81.18.95.180")
L 06/25/2017 - 16:23:15: -------- Mapchange to deathrun_privateers --------
L 06/25/2017 - 16:23:16: [AMXX] Failed to open dictionary file: cstrike/addons/amxmodx/data/lang/walkguard.txt
L 06/25/2017 - 16:23:17: [walkguard.amxx] no zone-file found
L 06/25/2017 - 16:27:14: [admincmd.amxx] Cmd: "Dr.FioriGinal.Ro ~ Server Clasi<0><><>" slay "GeantFusee<190><STEAM_0:0:684702832><>"
L 06/25/2017 - 16:32:12: [slayafk.amxx] Kix a primit slay, deoarece a fost afk mai mult de 30 secunde
L 06/25/2017 - 16:34:49: [admincmd.amxx] Cmd: "Dr.FioriGinal.Ro ~ Server Clasi<0><><>" slay "vuia valceanu<197><STEAM_0:0:1125805092><>"
L 06/25/2017 - 16:38:07: [slayafk.amxx] vuia valceanu a primit slay, deoarece a fost afk mai mult de 30 secunde
L 06/25/2017 - 16:38:47: [slayafk.amxx] vuia valceanu a primit slay, deoarece a fost afk mai mult de 30 secunde
L 06/25/2017 - 16:39:47: [slayafk.amxx] vuia valceanu a primit slay, deoarece a fost afk mai mult de 30 secunde
L 06/25/2017 - 16:40:52: [slayafk.amxx] vuia valceanu a primit slay, deoarece a fost afk mai mult de 30 secunde
L 06/25/2017 - 16:42:17: [slayafk.amxx] vuia valceanu a primit slay, deoarece a fost afk mai mult de 30 secunde
L 06/25/2017 - 16:44:27: [slayafk.amxx] vuia valceanu a primit slay, deoarece a fost afk mai mult de 30 secunde
L 06/25/2017 - 16:45:32: [slayafk.amxx] vuia valceanu a primit slay, deoarece a fost afk mai mult de 30 secunde
L 06/25/2017 - 16:47:22: [slayafk.amxx] vuia valceanu a primit slay, deoarece a fost afk mai mult de 30 secunde
L 06/25/2017 - 16:48:57: [slayafk.amxx] vuia valceanu a primit slay, deoarece a fost afk mai mult de 30 secunde
L 06/25/2017 - 16:49:57: [slayafk.amxx] vuia valceanu a primit slay, deoarece a fost afk mai mult de 30 secunde
L 06/25/2017 - 16:51:17: [slayafk.amxx] vuia valceanu a primit slay, deoarece a fost afk mai mult de 30 secunde
L 06/25/2017 - 16:53:12: [slayafk.amxx] vuia valceanu a primit slay, deoarece a fost afk mai mult de 30 secunde
L 06/25/2017 - 16:54:19: -------- Mapchange to deathrun_rizzy_x --------
L 06/25/2017 - 16:54:20: [AMXX] Failed to open dictionary file: cstrike/addons/amxmodx/data/lang/walkguard.txt
L 06/25/2017 - 16:54:21: [walkguard.amxx] no zone-file found
L 06/25/2017 - 17:43:58: -------- Mapchange to deathrun_ghosts --------
L 06/25/2017 - 17:43:59: [AMXX] Failed to open dictionary file: cstrike/addons/amxmodx/data/lang/walkguard.txt
L 06/25/2017 - 17:44:00: [walkguard.amxx] no zone-file found
L 06/25/2017 - 18:26:08: -------- Mapchange to deathrun_sk_occult --------
L 06/25/2017 - 18:26:09: [AMXX] Failed to open dictionary file: cstrike/addons/amxmodx/data/lang/walkguard.txt
L 06/25/2017 - 18:26:10: [walkguard.amxx] no zone-file found
L 06/25/2017 - 18:34:55: [slayafk.amxx] Kix a primit slay, deoarece a fost afk mai mult de 30 secunde
L 06/25/2017 - 18:38:15: [slayafk.amxx] Kix a primit slay, deoarece a fost afk mai mult de 30 secunde
L 06/25/2017 - 18:53:42: -------- Mapchange to deathrun_jigsaw2 --------
L 06/25/2017 - 18:53:43: [AMXX] Failed to open dictionary file: cstrike/addons/amxmodx/data/lang/walkguard.txt
L 06/25/2017 - 18:53:44: [walkguard.amxx] no zone-file found
L 06/25/2017 - 18:59:19: [slayafk.amxx] GeantFusee a primit slay, deoarece a fost afk mai mult de 30 secunde
L 06/25/2017 - 19:09:19: [slayafk.amxx] Kix a primit slay, deoarece a fost afk mai mult de 30 secunde
L 06/25/2017 - 19:14:25: [admincmd.amxx] Cmd: "Dr.FioriGinal.Ro ~ Server Clasi<0><><>" slay "GeantFusee<276><STEAM_0:0:684702832><>"
L 06/25/2017 - 20:15:39: -------- Mapchange to deathrun_christmas --------
L 06/25/2017 - 20:15:41: [AMXX] Failed to open dictionary file: cstrike/addons/amxmodx/data/lang/walkguard.txt
L 06/25/2017 - 20:15:42: [walkguard.amxx] no zone-file found
L 06/25/2017 - 20:48:26: [slayafk.amxx] Kix a primit slay, deoarece a fost afk mai mult de 30 secunde
L 06/25/2017 - 20:52:47: -------- Mapchange to deathrun_jinglebells2 --------
L 06/25/2017 - 20:52:49: [AMXX] Failed to open dictionary file: cstrike/addons/amxmodx/data/lang/walkguard.txt
L 06/25/2017 - 20:52:50: [walkguard.amxx] no zone-file found
L 06/25/2017 - 20:54:54: [slayafk.amxx] Kix a primit slay, deoarece a fost afk mai mult de 30 secunde
L 06/25/2017 - 21:33:37: -------- Mapchange to deathrun_gb_winter_final4 --------
L 06/25/2017 - 21:33:39: [AMXX] Failed to open dictionary file: cstrike/addons/amxmodx/data/lang/walkguard.txt
L 06/25/2017 - 21:33:39: [walkguard.amxx] no zone-file found
L 06/25/2017 - 21:42:09: [slayafk.amxx] GeantFusee a primit slay, deoarece a fost afk mai mult de 30 secunde
L 06/25/2017 - 21:57:24: [slayafk.amxx] Kix a primit slay, deoarece a fost afk mai mult de 30 secunde
L 06/25/2017 - 22:01:14: -------- Mapchange to deathrun_expres-winter --------
L 06/25/2017 - 22:01:15: [AMXX] Failed to open dictionary file: cstrike/addons/amxmodx/data/lang/walkguard.txt
L 06/25/2017 - 22:01:16: [walkguard.amxx] no zone-file found
L 06/25/2017 - 22:16:41: [slayafk.amxx] [mr] isam ghaith a primit slay, deoarece a fost afk mai mult de 30 secunde
L 06/25/2017 - 22:17:21: [slayafk.amxx] [mr] isam ghaith a primit slay, deoarece a fost afk mai mult de 30 secunde
L 06/25/2017 - 22:36:47: [admincmd.amxx] Cmd: "Dr.FioriGinal.Ro ~ Server Clasi<0><><>" slay "TG.Bogdan #STT1<362><VALVE_0:4:70011122><>"
L 06/25/2017 - 22:45:16: -------- Mapchange to deathrun_alleywinter --------
L 06/25/2017 - 22:45:17: [AMXX] Failed to open dictionary file: cstrike/addons/amxmodx/data/lang/walkguard.txt
L 06/25/2017 - 22:45:19: [walkguard.amxx] no zone-file found
L 06/25/2017 - 23:05:28: [slayafk.amxx] iiNeo a primit slay, deoarece a fost afk mai mult de 30 secunde
L 06/25/2017 - 23:08:18: [slayafk.amxx] LcT a primit slay, deoarece a fost afk mai mult de 30 secunde
L 06/25/2017 - 23:13:25: [admincmd.amxx] Cmd: "Dr.FioriGinal.Ro ~ Server Clasi<0><><>" slay "LcT<381><VALVE_0:4:217499771><>"
L 06/25/2017 - 23:17:57: [admincmd.amxx] Cmd: "Dr.FioriGinal.Ro ~ Server Clasi<0><><>" slay "STO<382><STEAM_0:0:1778032147><>"
L 06/25/2017 - 23:21:58: -------- Mapchange to deathrun_trenal_lux --------
L 06/25/2017 - 23:21:59: [AMXX] Failed to open dictionary file: cstrike/addons/amxmodx/data/lang/walkguard.txt
L 06/25/2017 - 23:22:00: [walkguard.amxx] no zone-file found
L 06/25/2017 - 23:35:02: [admincmd.amxx] Cmd: "Dr.FioriGinal.Ro ~ Server Clasi<0><><>" slay "PGL#SideWays<395><STEAM_0:0:1963219118><>"
L 06/25/2017 - 23:38:39: [admincmd.amxx] Cmd: "Dr.FioriGinal.Ro ~ Server Clasi<0><><>" slay "PGL#SideWays<396><STEAM_0:0:1963219118><>"
L 06/25/2017 - 23:38:58: [admincmd.amxx] Cmd: "Dr.FioriGinal.Ro ~ Server Clasi<0><><>" slay "PGL#SideWays<398><STEAM_0:0:1963219118><>"
L 06/25/2017 - 23:43:20: [admincmd.amxx] Cmd: "Dr.FioriGinal.Ro ~ Server Clasi<0><><>" slay "s1mple<400><VALVE_0:4:558288503><>"
L 06/25/2017 - 23:43:24: [admincmd.amxx] Cmd: "Dr.FioriGinal.Ro ~ Server Clasi<0><><>" slay "PGL#SideWays<401><STEAM_0:0:1963219118><>"
L 06/25/2017 - 23:48:26: [admincmd.amxx] Cmd: "Dr.FioriGinal.Ro ~ Server Clasi<0><><>" slay "s1mple<402><VALVE_0:4:558288503><>"
