L 02/27/2017 - 00:10:39: [mapsmenu.amxx] Vote: "SWAGGIE. XD<1049><VALVE_0:4:862961770><>" vote maps (map#1 "deathrun_av2009_recolored-ez") (map#2 "deathrun_forest") (map#3 "") (map#4 "")
L 02/27/2017 - 00:10:45: [mapsmenu.amxx] Vote: Cancel vote session
L 02/27/2017 - 00:11:03: [mapsmenu.amxx] Vote: "SWAGGIE. XD<1049><VALVE_0:4:862961770><>" vote maps (map#1 "deathrun_dojo") (map#2 "deathrun_jinglebells") (map#3 "") (map#4 "")
L 02/27/2017 - 00:11:15: [mapsmenu.amxx] Vote: Voting successful. Map will be changed to deathrun_dojo
L 02/27/2017 - 00:14:41: [admin.amxx] Login: "SWAGGIE. XD<1060><VALVE_0:4:862961770><>" became an admin (account "SWAGGIE. XD") (access "bi") (address "109.98.131.207")
L 02/27/2017 - 00:15:28: [slayafk.amxx] wyskey a primit slay, deoarece a fost afk mai mult de 30 secunde
L 02/27/2017 - 00:17:15: -------- Mapchange to deathrun_dojo --------
L 02/27/2017 - 00:17:16: [AMXX] Failed to open dictionary file: cstrike/addons/amxmodx/data/lang/walkguard.txt
L 02/27/2017 - 00:17:17: [walkguard.amxx] no zone-file found
L 02/27/2017 - 00:17:17: [admin.amxx] Login: "SWAGGIE. XD<1060><VALVE_0:4:862961770><>" became an admin (account "SWAGGIE. XD") (access "bi") (address "109.98.131.207")
L 02/27/2017 - 00:25:47: [slayafk.amxx] SWAGGIE. XD a primit slay, deoarece a fost afk mai mult de 30 secunde
L 02/27/2017 - 00:36:47: [slayafk.amxx] SWAGGIE. XD a primit slay, deoarece a fost afk mai mult de 30 secunde
L 02/27/2017 - 00:43:10: -------- Mapchange to deathrun_coolf2 --------
L 02/27/2017 - 00:43:11: [AMXX] Failed to open dictionary file: cstrike/addons/amxmodx/data/lang/walkguard.txt
L 02/27/2017 - 00:43:12: [admin.amxx] Login: "SWAGGIE. XD<1060><VALVE_0:4:862961770><>" became an admin (account "SWAGGIE. XD") (access "bi") (address "109.98.131.207")
L 02/27/2017 - 00:43:12: [walkguard.amxx] no zone-file found
L 02/27/2017 - 00:43:13: [admin.amxx] Login: "SWAGGIE. XD<1075><VALVE_0:4:862961770><>" became an admin (account "SWAGGIE. XD") (access "bi") (address "109.98.131.207")
L 02/27/2017 - 00:43:47: [slayafk.amxx] SWAGGIE. XD a primit slay, deoarece a fost afk mai mult de 30 secunde
L 02/27/2017 - 00:44:57: [slayafk.amxx] SWAGGIE. XD a primit slay, deoarece a fost afk mai mult de 30 secunde
L 02/27/2017 - 00:45:02: [slayafk.amxx] wyskey a primit slay, deoarece a fost afk mai mult de 30 secunde
L 02/27/2017 - 00:45:42: [slayafk.amxx] wyskey a primit slay, deoarece a fost afk mai mult de 30 secunde
L 02/27/2017 - 00:48:12: [slayafk.amxx] SWAGGIE. XD a primit slay, deoarece a fost afk mai mult de 30 secunde
L 02/27/2017 - 00:49:47: [slayafk.amxx] SWAGGIE. XD a primit slay, deoarece a fost afk mai mult de 30 secunde
L 02/27/2017 - 00:50:47: [slayafk.amxx] SWAGGIE. XD a primit slay, deoarece a fost afk mai mult de 30 secunde
L 02/27/2017 - 00:51:02: [slayafk.amxx] Morocoo a primit slay, deoarece a fost afk mai mult de 30 secunde
L 02/27/2017 - 00:52:57: [slayafk.amxx] SWAGGIE. XD a primit slay, deoarece a fost afk mai mult de 30 secunde
L 02/27/2017 - 00:53:37: [slayafk.amxx] Morocoo a primit slay, deoarece a fost afk mai mult de 30 secunde
L 02/27/2017 - 00:53:37: [slayafk.amxx] SWAGGIE. XD a primit slay, deoarece a fost afk mai mult de 30 secunde
L 02/27/2017 - 00:54:12: [slayafk.amxx] DeVo a primit slay, deoarece a fost afk mai mult de 30 secunde
L 02/27/2017 - 00:54:17: [slayafk.amxx] Morocoo a primit slay, deoarece a fost afk mai mult de 30 secunde
L 02/27/2017 - 00:54:17: [slayafk.amxx] SWAGGIE. XD a primit slay, deoarece a fost afk mai mult de 30 secunde
L 02/27/2017 - 00:55:10: [admincmd.amxx] Cmd: "Dr.FioriGinal.Ro ~ Server Clasi<0><><>" slay "Morocoo<1083><VALVE_0:4:1198503624><>"
L 02/27/2017 - 01:05:23: [admincmd.amxx] Cmd: "Dr.FioriGinal.Ro ~ Server Clasi<0><><>" slay "DETRONIK<1089><STEAM_0:0:582226405><>"
L 02/27/2017 - 02:04:08: -------- Mapchange to deathrun_coolf_3 --------
L 02/27/2017 - 02:04:10: [AMXX] Failed to open dictionary file: cstrike/addons/amxmodx/data/lang/walkguard.txt
L 02/27/2017 - 02:04:11: [walkguard.amxx] no zone-file found
L 02/27/2017 - 02:06:51: [admincmd.amxx] Cmd: "Dr.FioriGinal.Ro ~ Server Clasi<0><><>" slay "Alexandru.Dymatize#<1098><VALVE_0:4:46843650><>"
L 02/27/2017 - 02:10:30: [slayafk.amxx] Alexandru.Dymatize# a primit slay, deoarece a fost afk mai mult de 30 secunde
L 02/27/2017 - 02:11:10: [slayafk.amxx] Alexandru.Dymatize# a primit slay, deoarece a fost afk mai mult de 30 secunde
L 02/27/2017 - 02:13:45: [slayafk.amxx] Alexandru.Dymatize# a primit slay, deoarece a fost afk mai mult de 30 secunde
L 02/27/2017 - 02:14:25: [slayafk.amxx] Alexandru.Dymatize# a primit slay, deoarece a fost afk mai mult de 30 secunde
L 02/27/2017 - 02:15:05: [slayafk.amxx] Alexandru.Dymatize# a primit slay, deoarece a fost afk mai mult de 30 secunde
L 02/27/2017 - 02:15:45: [slayafk.amxx] Alexandru.Dymatize# a primit slay, deoarece a fost afk mai mult de 30 secunde
L 02/27/2017 - 02:16:25: [slayafk.amxx] Alexandru.Dymatize# a primit slay, deoarece a fost afk mai mult de 30 secunde
L 02/27/2017 - 02:17:05: [slayafk.amxx] Alexandru.Dymatize# a primit slay, deoarece a fost afk mai mult de 30 secunde
L 02/27/2017 - 02:17:45: [slayafk.amxx] Alexandru.Dymatize# a primit slay, deoarece a fost afk mai mult de 30 secunde
L 02/27/2017 - 02:18:30: [slayafk.amxx] Alexandru.Dymatize# a primit slay, deoarece a fost afk mai mult de 30 secunde
L 02/27/2017 - 02:19:15: [slayafk.amxx] Alexandru.Dymatize# a primit slay, deoarece a fost afk mai mult de 30 secunde
L 02/27/2017 - 02:19:55: [slayafk.amxx] Alexandru.Dymatize# a primit slay, deoarece a fost afk mai mult de 30 secunde
L 02/27/2017 - 02:20:35: [slayafk.amxx] Alexandru.Dymatize# a primit slay, deoarece a fost afk mai mult de 30 secunde
L 02/27/2017 - 02:21:15: [slayafk.amxx] Alexandru.Dymatize# a primit slay, deoarece a fost afk mai mult de 30 secunde
L 02/27/2017 - 02:21:55: [slayafk.amxx] Alexandru.Dymatize# a primit slay, deoarece a fost afk mai mult de 30 secunde
L 02/27/2017 - 02:22:35: [slayafk.amxx] Alexandru.Dymatize# a primit slay, deoarece a fost afk mai mult de 30 secunde
L 02/27/2017 - 02:23:15: [slayafk.amxx] Alexandru.Dymatize# a primit slay, deoarece a fost afk mai mult de 30 secunde
L 02/27/2017 - 03:12:19: -------- Mapchange to deathrun_air_final --------
L 02/27/2017 - 03:12:20: [AMXX] Failed to open dictionary file: cstrike/addons/amxmodx/data/lang/walkguard.txt
L 02/27/2017 - 03:12:21: [walkguard.amxx] no zone-file found
L 02/27/2017 - 03:19:30: [admincmd.amxx] Cmd: "Dr.FioriGinal.Ro ~ Server Clasi<0><><>" slay "KlaNdEsTiN<1107><STEAM_0:1:161408205><>"
L 02/27/2017 - 03:31:42: [admincmd.amxx] Cmd: "Dr.FioriGinal.Ro ~ Server Clasi<0><><>" slay "DeVo<1110><VALVE_0:4:8342139><>"
L 02/27/2017 - 03:40:11: [slayafk.amxx] DeVo a primit slay, deoarece a fost afk mai mult de 30 secunde
L 02/27/2017 - 03:40:14: -------- Mapchange to deathrun_cliff --------
L 02/27/2017 - 03:40:15: [AMXX] Failed to open dictionary file: cstrike/addons/amxmodx/data/lang/walkguard.txt
L 02/27/2017 - 03:40:16: [walkguard.amxx] no zone-file found
L 02/27/2017 - 07:47:31: -------- Mapchange to deathrun_arabrun_v1 --------
L 02/27/2017 - 07:47:33: [AMXX] Failed to open dictionary file: cstrike/addons/amxmodx/data/lang/walkguard.txt
L 02/27/2017 - 07:47:33: [walkguard.amxx] no zone-file found
L 02/27/2017 - 08:17:44: -------- Mapchange to deathrun_surf --------
L 02/27/2017 - 08:17:45: [AMXX] Failed to open dictionary file: cstrike/addons/amxmodx/data/lang/walkguard.txt
L 02/27/2017 - 08:17:46: [walkguard.amxx] no zone-file found
L 02/27/2017 - 08:28:22: [admincmd.amxx] Cmd: "Dr.FioriGinal.Ro ~ Server Clasi<0><><>" slay "xQzmee<1129><VALVE_0:4:1403768183><>"
L 02/27/2017 - 09:16:31: -------- Mapchange to deathrun_hard_cspgames2 --------
L 02/27/2017 - 09:16:32: [AMXX] Failed to open dictionary file: cstrike/addons/amxmodx/data/lang/walkguard.txt
L 02/27/2017 - 09:16:33: [walkguard.amxx] no zone-file found
L 02/27/2017 - 09:43:32: -------- Mapchange to deathrun_bom2 --------
L 02/27/2017 - 09:43:33: [AMXX] Failed to open dictionary file: cstrike/addons/amxmodx/data/lang/walkguard.txt
L 02/27/2017 - 09:43:34: [walkguard.amxx] no zone-file found
L 02/27/2017 - 10:01:20: [admin.amxx] Login: "cool<1139><STEAM_0:1:25922700><>" became an admin (account "cool") (access "bi") (address "5.14.100.218")
L 02/27/2017 - 10:01:47: [admin.amxx] Login: "Pyky<1140><VALVE_0:4:1494801266><>" became an admin (account "Pyky") (access "bi") (address "92.84.109.27")
L 02/27/2017 - 10:02:29: [slayafk.amxx] cool a primit slay, deoarece a fost afk mai mult de 30 secunde
L 02/27/2017 - 10:03:15: [admincmd.amxx] Cmd: "cool<1139><STEAM_0:1:25922700><>" ask for players list
L 02/27/2017 - 10:03:59: [admin.amxx] Login: "Levi99<1141><STEAM_0:0:183716598><>" became an admin (account "Levi99") (access "bi") (address "79.113.143.149")
L 02/27/2017 - 10:04:03: [admin.amxx] Login: "Levi99<1142><STEAM_0:0:183716598><>" became an admin (account "Levi99") (access "bi") (address "79.113.143.149")
L 02/27/2017 - 10:27:30: [admin.amxx] Login: "cool<1147><STEAM_0:1:25922700><>" became an admin (account "cool") (access "bi") (address "5.14.100.218")
L 02/27/2017 - 10:28:00: [admincmd.amxx] Cmd: "Dr.FioriGinal.Ro ~ Server Clasi<0><><>" slay "xQzmee<1148><VALVE_0:4:1403768183><>"
L 02/27/2017 - 10:29:12: -------- Mapchange to deathrun_bhopz_v2 --------
L 02/27/2017 - 10:29:13: [AMXX] Failed to open dictionary file: cstrike/addons/amxmodx/data/lang/walkguard.txt
L 02/27/2017 - 10:29:14: [walkguard.amxx] no zone-file found
L 02/27/2017 - 10:38:10: [admincmd.amxx] Cmd: "Dr.FioriGinal.Ro ~ Server Clasi<0><><>" slay "NOOB<1153><STEAM_0:0:854973727><>"
L 02/27/2017 - 10:39:32: [admin.amxx] Login: "Pyky<1154><VALVE_0:4:1494801266><>" kicked due to invalid password (account "Pyky") (address "92.84.109.27")
L 02/27/2017 - 10:39:54: [admincmd.amxx] Cmd: "Dr.FioriGinal.Ro ~ Server Clasi<0><><>" slay "NOOB<1155><STEAM_0:0:854973727><>"
L 02/27/2017 - 10:49:30: [admincmd.amxx] Cmd: "Dr.FioriGinal.Ro ~ Server Clasi<0><><>" slay "NOOB<1159><STEAM_0:0:854973727><>"
L 02/27/2017 - 10:54:49: [slayafk.amxx] NOOB a primit slay, deoarece a fost afk mai mult de 30 secunde
L 02/27/2017 - 11:08:12: -------- Mapchange to deathrun_hertz --------
L 02/27/2017 - 11:08:13: [AMXX] Failed to open dictionary file: cstrike/addons/amxmodx/data/lang/walkguard.txt
L 02/27/2017 - 11:08:14: [walkguard.amxx] no zone-file found
L 02/27/2017 - 11:25:20: [admin.amxx] Login: "Levi99<1165><STEAM_0:0:183716598><>" became an admin (account "Levi99") (access "bi") (address "79.113.143.149")
L 02/27/2017 - 11:29:13: [admin.amxx] Login: "Levi99<1167><STEAM_0:0:183716598><>" became an admin (account "Levi99") (access "bi") (address "79.113.143.149")
L 02/27/2017 - 11:29:20: [admincmd.amxx] Cmd: "Dr.FioriGinal.Ro ~ Server Clasi<0><><>" slay "Levi99<1167><STEAM_0:0:183716598><>"
L 02/27/2017 - 11:30:07: [admincmd.amxx] Cmd: "Dr.FioriGinal.Ro ~ Server Clasi<0><><>" slay "Creedy.<1170><VALVE_0:4:1991528947><>"
L 02/27/2017 - 11:32:03: [admincmd.amxx] Cmd: "Dr.FioriGinal.Ro ~ Server Clasi<0><><>" slay "NOOB<1172><STEAM_0:0:854973727><>"
L 02/27/2017 - 11:40:30: [admincmd.amxx] Cmd: "Dr.FioriGinal.Ro ~ Server Clasi<0><><>" slay "NOOB<1174><STEAM_0:0:854973727><>"
L 02/27/2017 - 11:49:33: [admin.amxx] Login: "leet<1176><STEAM_0:0:67562713><>" became an admin (account "leet") (access "bi") (address "79.114.177.51")
L 02/27/2017 - 11:49:36: [admin.amxx] Login: "leet<1177><STEAM_0:0:67562713><>" became an admin (account "leet") (access "bi") (address "79.114.177.51")
L 02/27/2017 - 11:53:44: [slayafk.amxx] leet a primit slay, deoarece a fost afk mai mult de 30 secunde
L 02/27/2017 - 11:55:06: [admincmd.amxx] Cmd: "Dr.FioriGinal.Ro ~ Server Clasi<0><><>" slay "NOOB<1178><STEAM_0:0:854973727><>"
L 02/27/2017 - 12:03:27: [admincmd.amxx] Cmd: "Dr.FioriGinal.Ro ~ Server Clasi<0><><>" slay "NOOB<1181><STEAM_0:0:854973727><>"
L 02/27/2017 - 12:04:16: [admincmd.amxx] Cmd: "Dr.FioriGinal.Ro ~ Server Clasi<0><><>" slay "skepsisss<1183><VALVE_0:4:308333943><>"
L 02/27/2017 - 12:04:19: [admincmd.amxx] Cmd: "Dr.FioriGinal.Ro ~ Server Clasi<0><><>" slay "NOOB<1182><STEAM_0:0:854973727><>"
L 02/27/2017 - 12:04:35: [admincmd.amxx] Cmd: "Dr.FioriGinal.Ro ~ Server Clasi<0><><>" slay "skepsisss<1184><VALVE_0:4:308333943><>"
L 02/27/2017 - 12:04:43: [admincmd.amxx] Cmd: "Dr.FioriGinal.Ro ~ Server Clasi<0><><>" slay "skepsisss<1185><VALVE_0:4:308333943><>"
L 02/27/2017 - 12:05:11: [admincmd.amxx] Cmd: "Dr.FioriGinal.Ro ~ Server Clasi<0><><>" slay "NOOB<1186><STEAM_0:0:854973727><>"
L 02/27/2017 - 12:05:24: [admin.amxx] Login: "ZALE<1189><STEAM_0:0:179153939><>" became an admin (account "zale") (access "bit") (address "109.97.17.174")
L 02/27/2017 - 12:15:32: [admin.amxx] Login: "ZALE<1190><STEAM_0:0:179153939><>" became an admin (account "zale") (access "bit") (address "109.97.17.174")
L 02/27/2017 - 12:16:44: [slayafk.amxx] ZALE a primit slay, deoarece a fost afk mai mult de 30 secunde
L 02/27/2017 - 12:17:24: [slayafk.amxx] ZALE a primit slay, deoarece a fost afk mai mult de 30 secunde
L 02/27/2017 - 12:18:04: [slayafk.amxx] ZALE a primit slay, deoarece a fost afk mai mult de 30 secunde
L 02/27/2017 - 12:18:44: [slayafk.amxx] ZALE a primit slay, deoarece a fost afk mai mult de 30 secunde
L 02/27/2017 - 12:19:24: [slayafk.amxx] ZALE a primit slay, deoarece a fost afk mai mult de 30 secunde
L 02/27/2017 - 12:20:04: [slayafk.amxx] ZALE a primit slay, deoarece a fost afk mai mult de 30 secunde
L 02/27/2017 - 12:20:44: [slayafk.amxx] ZALE a primit slay, deoarece a fost afk mai mult de 30 secunde
L 02/27/2017 - 12:21:24: [slayafk.amxx] ZALE a primit slay, deoarece a fost afk mai mult de 30 secunde
L 02/27/2017 - 12:22:04: [slayafk.amxx] ZALE a primit slay, deoarece a fost afk mai mult de 30 secunde
L 02/27/2017 - 12:22:44: [slayafk.amxx] ZALE a primit slay, deoarece a fost afk mai mult de 30 secunde
L 02/27/2017 - 12:23:33: [admincmd.amxx] Cmd: "Dr.FioriGinal.Ro ~ Server Clasi<0><><>" slay "PuMa<1193><STEAM_0:0:1419453936><>"
L 02/27/2017 - 12:23:59: [slayafk.amxx] ZALE a primit slay, deoarece a fost afk mai mult de 30 secunde
L 02/27/2017 - 12:48:53: -------- Mapchange to deathrun_minimalism_beta2 --------
L 02/27/2017 - 12:48:55: [AMXX] Failed to open dictionary file: cstrike/addons/amxmodx/data/lang/walkguard.txt
L 02/27/2017 - 12:48:56: [walkguard.amxx] no zone-file found
L 02/27/2017 - 12:48:56: [admin.amxx] Login: "ZALE<1190><STEAM_0:0:179153939><>" became an admin (account "zale") (access "bit") (address "109.97.17.174")
L 02/27/2017 - 13:20:18: -------- Mapchange to deathrun_pacman --------
L 02/27/2017 - 13:20:20: [AMXX] Failed to open dictionary file: cstrike/addons/amxmodx/data/lang/walkguard.txt
L 02/27/2017 - 13:20:21: [walkguard.amxx] no zone-file found
L 02/27/2017 - 13:43:15: [slayafk.amxx] dawood eid a primit slay, deoarece a fost afk mai mult de 30 secunde
L 02/27/2017 - 13:43:55: [slayafk.amxx] dawood eid a primit slay, deoarece a fost afk mai mult de 30 secunde
L 02/27/2017 - 13:44:35: [slayafk.amxx] dawood eid a primit slay, deoarece a fost afk mai mult de 30 secunde
L 02/27/2017 - 13:45:39: -------- Mapchange to deathrun_snow_wind --------
L 02/27/2017 - 13:45:40: [AMXX] Failed to open dictionary file: cstrike/addons/amxmodx/data/lang/walkguard.txt
L 02/27/2017 - 13:45:41: [walkguard.amxx] no zone-file found
L 02/27/2017 - 14:02:27: -------- Mapchange to deathrun_forest --------
L 02/27/2017 - 14:02:33: [AMXX] Failed to open dictionary file: cstrike/addons/amxmodx/data/lang/walkguard.txt
L 02/27/2017 - 14:02:35: [walkguard.amxx] no zone-file found
L 02/27/2017 - 14:02:44: Invalid multi-lingual line (file "cstrike/addons/amxmodx/data/lang/rom_protect.txt" key "// *ROM-Protect// Plugin OpenSource anti-IsFlooding/bug-fix pentru orice server." lang "")
L 02/27/2017 - 14:02:44: Invalid multi-lingual line (file "cstrike/addons/amxmodx/data/lang/rom_protect.txt" key "// Versiunea : 1.0.4s-dev. Bulid : 98. Data lansarii versiunii : 03.12.2016." lang "")
L 02/27/2017 - 14:02:44: Invalid multi-lingual line (file "cstrike/addons/amxmodx/data/lang/rom_protect.txt" key "// Autor : lüxor # Dr.Fio & DR2.IND (+ eNd.) - SteamID (contact) : luxxxoor" lang "")
L 02/27/2017 - 14:02:44: Invalid multi-lingual line (file "cstrike/addons/amxmodx/data/lang/rom_protect.txt" key "// O productie FioriGinal.ro - site : www.fioriginal.ro" lang "")
L 02/27/2017 - 14:02:44: Invalid multi-lingual line (file "cstrike/addons/amxmodx/data/lang/rom_protect.txt" key "// Link forum de dezvoltare : http://forum.fioriginal.ro/amxmodx-plugins-pluginuri/rom-protect-anti-flood-bug-fix-t28292.html" lang "")
L 02/27/2017 - 14:02:44: Invalid multi-lingual line (file "cstrike/addons/amxmodx/data/lang/rom_protect.txt" key "// Link sursa : https://github.com/luxxxoor/ROM-Protect" lang "")
L 02/27/2017 - 14:02:44: Invalid multi-lingual line (file "cstrike/addons/amxmodx/data/lang/rom_protect.txt" key "// Colori : ^1 - Culoarea aleasa de jucator cu con_color." lang "")
L 02/27/2017 - 14:02:44: Invalid multi-lingual line (file "cstrike/addons/amxmodx/data/lang/rom_protect.txt" key "//          ^3 - Culoare gri." lang "")
L 02/27/2017 - 14:02:44: Invalid multi-lingual line (file "cstrike/addons/amxmodx/data/lang/rom_protect.txt" key "//          ^4 - Culoare verde." lang "")
L 02/27/2017 - 14:10:31: [admincmd.amxx] Cmd: "Dr.FioriGinal.Ro ~ Server Clasi<0><><>" slay "RuslaNNN<11><STEAM_0:0:80262703><>"
L 02/27/2017 - 14:28:51: -------- Mapchange to deathrun_green_X --------
L 02/27/2017 - 14:28:52: [AMXX] Failed to open dictionary file: cstrike/addons/amxmodx/data/lang/walkguard.txt
L 02/27/2017 - 14:28:53: [walkguard.amxx] no zone-file found
L 02/27/2017 - 14:58:20: -------- Mapchange to deathrun_mici_f --------
L 02/27/2017 - 14:58:21: [AMXX] Failed to open dictionary file: cstrike/addons/amxmodx/data/lang/walkguard.txt
L 02/27/2017 - 14:58:22: [walkguard.amxx] no zone-file found
L 02/27/2017 - 15:22:33: [admincmd.amxx] Cmd: "Dr.FioriGinal.Ro ~ Server Clasi<0><><>" slay "Ultima*MKS<38><STEAM_0:0:1088164935><>"
L 02/27/2017 - 15:23:58: [admin.amxx] Login: "d@rc@ # VANDALIZM<39><STEAM_0:1:63870684><>" became an admin (account "d@rc@ # VANDALIZM") (access "bi") (address "109.101.22.139")
L 02/27/2017 - 15:24:03: [admin.amxx] Login: "d@rc@ # VANDALIZM<40><STEAM_0:1:63870684><>" became an admin (account "d@rc@ # VANDALIZM") (access "bi") (address "109.101.22.139")
L 02/27/2017 - 15:24:20: -------- Mapchange to deathrun_pacman_v2 --------
L 02/27/2017 - 15:24:22: [AMXX] Failed to open dictionary file: cstrike/addons/amxmodx/data/lang/walkguard.txt
L 02/27/2017 - 15:24:23: [admin.amxx] Login: "d@rc@ # VANDALIZM<40><STEAM_0:1:63870684><>" became an admin (account "d@rc@ # VANDALIZM") (access "bi") (address "109.101.22.139")
L 02/27/2017 - 15:24:23: [walkguard.amxx] no zone-file found
L 02/27/2017 - 15:35:41: [admin.amxx] Login: "default.<45><VALVE_0:4:556750707><>" became an admin (account "default.") (access "bi") (address "95.76.2.235")
L 02/27/2017 - 15:35:44: [admin.amxx] Login: "default.<46><VALVE_0:4:556750707><>" became an admin (account "default.") (access "bi") (address "95.76.2.235")
L 02/27/2017 - 15:37:58: [admincmd.amxx] Cmd: "Dr.FioriGinal.Ro ~ Server Clasi<0><><>" slay "DoZe<47><STEAM_0:0:1518108911><>"
L 02/27/2017 - 15:38:35: [admincmd.amxx] Cmd: "Dr.FioriGinal.Ro ~ Server Clasi<0><><>" slay "DoZe<50><STEAM_0:0:1518108911><>"
L 02/27/2017 - 15:38:51: [admincmd.amxx] Cmd: "Dr.FioriGinal.Ro ~ Server Clasi<0><><>" slay "Ultima*MKS<52><STEAM_0:0:1088164935><>"
L 02/27/2017 - 15:38:53: [admincmd.amxx] Cmd: "Dr.FioriGinal.Ro ~ Server Clasi<0><><>" slay "DoZe<53><STEAM_0:0:1518108911><>"
L 02/27/2017 - 15:39:01: [admincmd.amxx] Cmd: "Dr.FioriGinal.Ro ~ Server Clasi<0><><>" slay "DoZe<54><STEAM_0:0:1518108911><>"
L 02/27/2017 - 15:39:08: [admincmd.amxx] Cmd: "Dr.FioriGinal.Ro ~ Server Clasi<0><><>" slay "Ultima*MKS<57><STEAM_0:0:1088164935><>"
L 02/27/2017 - 15:40:02: [admincmd.amxx] Cmd: "Dr.FioriGinal.Ro ~ Server Clasi<0><><>" slay "<Warrior> Player<58><STEAM_0:0:354274850><>"
L 02/27/2017 - 15:40:27: [slayafk.amxx] DoZe a primit slay, deoarece a fost afk mai mult de 30 secunde
L 02/27/2017 - 15:44:22: [slayafk.amxx] DoZe a primit slay, deoarece a fost afk mai mult de 30 secunde
L 02/27/2017 - 15:45:02: [slayafk.amxx] DoZe a primit slay, deoarece a fost afk mai mult de 30 secunde
L 02/27/2017 - 15:45:42: [slayafk.amxx] DoZe a primit slay, deoarece a fost afk mai mult de 30 secunde
L 02/27/2017 - 15:49:52: [slayafk.amxx] DoZe a primit slay, deoarece a fost afk mai mult de 30 secunde
L 02/27/2017 - 15:59:17: [slayafk.amxx] DoZe a primit slay, deoarece a fost afk mai mult de 30 secunde
L 02/27/2017 - 16:05:32: [slayafk.amxx] DeVo a primit slay, deoarece a fost afk mai mult de 30 secunde
L 02/27/2017 - 16:06:07: [slayafk.amxx] DoZe a primit slay, deoarece a fost afk mai mult de 30 secunde
L 02/27/2017 - 16:08:52: [slayafk.amxx] DeVo a primit slay, deoarece a fost afk mai mult de 30 secunde
L 02/27/2017 - 16:09:27: [slayafk.amxx] DoZe a primit slay, deoarece a fost afk mai mult de 30 secunde
L 02/27/2017 - 16:09:57: [slayafk.amxx] DeVo a primit slay, deoarece a fost afk mai mult de 30 secunde
L 02/27/2017 - 16:10:32: [slayafk.amxx] DoZe a primit slay, deoarece a fost afk mai mult de 30 secunde
L 02/27/2017 - 16:11:57: [slayafk.amxx] DoZe a primit slay, deoarece a fost afk mai mult de 30 secunde
L 02/27/2017 - 16:15:22: [slayafk.amxx] DoZe a primit slay, deoarece a fost afk mai mult de 30 secunde
L 02/27/2017 - 16:20:02: [slayafk.amxx] DoZe a primit slay, deoarece a fost afk mai mult de 30 secunde
L 02/27/2017 - 16:23:17: [slayafk.amxx] m-emo a primit slay, deoarece a fost afk mai mult de 30 secunde
L 02/27/2017 - 16:26:46: -------- Mapchange to deathrun_purplez_v2_b3 --------
L 02/27/2017 - 16:26:48: [AMXX] Failed to open dictionary file: cstrike/addons/amxmodx/data/lang/walkguard.txt
L 02/27/2017 - 16:26:49: [walkguard.amxx] no zone-file found
L 02/27/2017 - 16:27:23: [slayafk.amxx] DoZe a primit slay, deoarece a fost afk mai mult de 30 secunde
L 02/27/2017 - 16:32:08: [slayafk.amxx] DoZe a primit slay, deoarece a fost afk mai mult de 30 secunde
L 02/27/2017 - 16:32:43: [slayafk.amxx] DoZe a primit slay, deoarece a fost afk mai mult de 30 secunde
L 02/27/2017 - 16:32:51: [admincmd.amxx] Cmd: "Dr.FioriGinal.Ro ~ Server Clasi<0><><>" slay "Rusu<93><STEAM_0:0:1134474968><>"
L 02/27/2017 - 16:33:58: [slayafk.amxx] DoZe a primit slay, deoarece a fost afk mai mult de 30 secunde
L 02/27/2017 - 16:35:28: [slayafk.amxx] DoZe a primit slay, deoarece a fost afk mai mult de 30 secunde
L 02/27/2017 - 16:35:37: [admincmd.amxx] Cmd: "Dr.FioriGinal.Ro ~ Server Clasi<0><><>" slay "Rusu<94><STEAM_0:0:1134474968><>"
L 02/27/2017 - 16:36:08: [slayafk.amxx] DoZe a primit slay, deoarece a fost afk mai mult de 30 secunde
L 02/27/2017 - 16:37:33: [slayafk.amxx] DoZe a primit slay, deoarece a fost afk mai mult de 30 secunde
L 02/27/2017 - 16:42:48: [slayafk.amxx] DoZe a primit slay, deoarece a fost afk mai mult de 30 secunde
L 02/27/2017 - 16:43:43: [slayafk.amxx] DoZe a primit slay, deoarece a fost afk mai mult de 30 secunde
L 02/27/2017 - 16:45:48: [slayafk.amxx] DoZe a primit slay, deoarece a fost afk mai mult de 30 secunde
L 02/27/2017 - 16:46:38: [slayafk.amxx] DoZe a primit slay, deoarece a fost afk mai mult de 30 secunde
L 02/27/2017 - 16:47:48: [slayafk.amxx] DoZe a primit slay, deoarece a fost afk mai mult de 30 secunde
L 02/27/2017 - 16:49:13: [slayafk.amxx] DoZe a primit slay, deoarece a fost afk mai mult de 30 secunde
L 02/27/2017 - 16:49:53: [slayafk.amxx] DoZe a primit slay, deoarece a fost afk mai mult de 30 secunde
L 02/27/2017 - 16:50:33: [slayafk.amxx] DoZe a primit slay, deoarece a fost afk mai mult de 30 secunde
L 02/27/2017 - 16:51:43: [slayafk.amxx] Old-Player a primit slay, deoarece a fost afk mai mult de 30 secunde
L 02/27/2017 - 16:52:18: [slayafk.amxx] DoZe a primit slay, deoarece a fost afk mai mult de 30 secunde
L 02/27/2017 - 16:53:03: [slayafk.amxx] DoZe a primit slay, deoarece a fost afk mai mult de 30 secunde
L 02/27/2017 - 16:53:53: [slayafk.amxx] DoZe a primit slay, deoarece a fost afk mai mult de 30 secunde
L 02/27/2017 - 16:54:33: [slayafk.amxx] DoZe a primit slay, deoarece a fost afk mai mult de 30 secunde
L 02/27/2017 - 16:55:53: [slayafk.amxx] DoZe a primit slay, deoarece a fost afk mai mult de 30 secunde
L 02/27/2017 - 16:56:43: [slayafk.amxx] DoZe a primit slay, deoarece a fost afk mai mult de 30 secunde
L 02/27/2017 - 16:57:43: [slayafk.amxx] DoZe a primit slay, deoarece a fost afk mai mult de 30 secunde
L 02/27/2017 - 16:58:53: [slayafk.amxx] DoZe a primit slay, deoarece a fost afk mai mult de 30 secunde
L 02/27/2017 - 17:00:18: [slayafk.amxx] DoZe a primit slay, deoarece a fost afk mai mult de 30 secunde
L 02/27/2017 - 17:02:03: [slayafk.amxx] DoZe a primit slay, deoarece a fost afk mai mult de 30 secunde
L 02/27/2017 - 17:04:03: [slayafk.amxx] DoZe a primit slay, deoarece a fost afk mai mult de 30 secunde
L 02/27/2017 - 17:05:23: [slayafk.amxx] DoZe a primit slay, deoarece a fost afk mai mult de 30 secunde
L 02/27/2017 - 17:06:13: [slayafk.amxx] DoZe a primit slay, deoarece a fost afk mai mult de 30 secunde
L 02/27/2017 - 17:07:00: [admincmd.amxx] Cmd: "Dr.FioriGinal.Ro ~ Server Clasi<0><><>" slay "Deagle<123><STEAM_0:0:196277238><>"
L 02/27/2017 - 17:07:28: [slayafk.amxx] DoZe a primit slay, deoarece a fost afk mai mult de 30 secunde
L 02/27/2017 - 17:08:06: -------- Mapchange to deathrun_shit_v2 --------
L 02/27/2017 - 17:08:08: [AMXX] Failed to open dictionary file: cstrike/addons/amxmodx/data/lang/walkguard.txt
L 02/27/2017 - 17:08:09: [walkguard.amxx] no zone-file found
L 02/27/2017 - 17:08:48: [slayafk.amxx] DoZe a primit slay, deoarece a fost afk mai mult de 30 secunde
L 02/27/2017 - 17:10:08: [slayafk.amxx] DoZe a primit slay, deoarece a fost afk mai mult de 30 secunde
L 02/27/2017 - 17:11:23: [slayafk.amxx] DoZe a primit slay, deoarece a fost afk mai mult de 30 secunde
L 02/27/2017 - 17:12:38: [slayafk.amxx] DoZe a primit slay, deoarece a fost afk mai mult de 30 secunde
L 02/27/2017 - 17:14:08: [slayafk.amxx] DoZe a primit slay, deoarece a fost afk mai mult de 30 secunde
L 02/27/2017 - 17:15:53: [slayafk.amxx] DoZe a primit slay, deoarece a fost afk mai mult de 30 secunde
L 02/27/2017 - 17:16:58: [slayafk.amxx] DoZe a primit slay, deoarece a fost afk mai mult de 30 secunde
L 02/27/2017 - 17:23:18: [slayafk.amxx] DoZe a primit slay, deoarece a fost afk mai mult de 30 secunde
L 02/27/2017 - 17:24:13: [slayafk.amxx] DoZe a primit slay, deoarece a fost afk mai mult de 30 secunde
L 02/27/2017 - 17:24:59: [admin.amxx] Login: "Spectru<137><STEAM_0:1:191882096><>" kicked due to invalid password (account "Spectru") (address "86.123.237.164")
L 02/27/2017 - 17:33:28: [slayafk.amxx] DoZe a primit slay, deoarece a fost afk mai mult de 30 secunde
L 02/27/2017 - 17:34:38: [slayafk.amxx] DoZe a primit slay, deoarece a fost afk mai mult de 30 secunde
L 02/27/2017 - 17:35:28: [slayafk.amxx] DoZe a primit slay, deoarece a fost afk mai mult de 30 secunde
L 02/27/2017 - 17:37:03: [slayafk.amxx] DoZe a primit slay, deoarece a fost afk mai mult de 30 secunde
L 02/27/2017 - 17:39:03: [slayafk.amxx] DoZe a primit slay, deoarece a fost afk mai mult de 30 secunde
L 02/27/2017 - 17:40:43: [slayafk.amxx] DoZe a primit slay, deoarece a fost afk mai mult de 30 secunde
L 02/27/2017 - 17:41:43: [slayafk.amxx] DoZe a primit slay, deoarece a fost afk mai mult de 30 secunde
L 02/27/2017 - 17:42:48: [slayafk.amxx] DoZe a primit slay, deoarece a fost afk mai mult de 30 secunde
L 02/27/2017 - 17:44:08: [slayafk.amxx] The^Cryss a primit slay, deoarece a fost afk mai mult de 30 secunde
L 02/27/2017 - 17:45:58: [slayafk.amxx] DoZe a primit slay, deoarece a fost afk mai mult de 30 secunde
L 02/27/2017 - 17:45:58: [slayafk.amxx] The^Cryss a primit slay, deoarece a fost afk mai mult de 30 secunde
L 02/27/2017 - 17:46:38: [slayafk.amxx] The^Cryss a primit slay, deoarece a fost afk mai mult de 30 secunde
L 02/27/2017 - 17:47:53: [slayafk.amxx] The^Cryss a primit slay, deoarece a fost afk mai mult de 30 secunde
L 02/27/2017 - 17:48:33: [slayafk.amxx] The^Cryss a primit slay, deoarece a fost afk mai mult de 30 secunde
L 02/27/2017 - 17:48:48: [slayafk.amxx] DoZe a primit slay, deoarece a fost afk mai mult de 30 secunde
L 02/27/2017 - 17:49:23: [slayafk.amxx] The^Cryss a primit slay, deoarece a fost afk mai mult de 30 secunde
L 02/27/2017 - 17:49:58: [slayafk.amxx] DoZe a primit slay, deoarece a fost afk mai mult de 30 secunde
L 02/27/2017 - 17:52:53: [admin.amxx] Login: "SWAGGIE. XD<151><VALVE_0:4:862961770><>" became an admin (account "SWAGGIE. XD") (access "bi") (address "109.98.131.207")
L 02/27/2017 - 17:53:06: [adminchat.amxx] Chat: "SWAGGIE. XD<151><VALVE_0:4:862961770><>" chat ""
L 02/27/2017 - 17:53:53: [slayafk.amxx] DoZe a primit slay, deoarece a fost afk mai mult de 30 secunde
L 02/27/2017 - 17:55:13: [slayafk.amxx] DoZe a primit slay, deoarece a fost afk mai mult de 30 secunde
L 02/27/2017 - 18:01:30: [admin.amxx] Login: "default.<153><VALVE_0:4:556750707><>" became an admin (account "default.") (access "bi") (address "95.76.2.235")
L 02/27/2017 - 18:02:03: [slayafk.amxx] DoZe a primit slay, deoarece a fost afk mai mult de 30 secunde
L 02/27/2017 - 18:02:06: -------- Mapchange to deathrun_kings_never_die --------
L 02/27/2017 - 18:02:08: [AMXX] Failed to open dictionary file: cstrike/addons/amxmodx/data/lang/walkguard.txt
L 02/27/2017 - 18:02:09: [admin.amxx] Login: "default.<153><VALVE_0:4:556750707><>" became an admin (account "default.") (access "bi") (address "95.76.2.235")
L 02/27/2017 - 18:02:09: [walkguard.amxx] no zone-file found
L 02/27/2017 - 18:02:10: [admin.amxx] Login: "default.<154><VALVE_0:4:556750707><>" became an admin (account "default.") (access "bi") (address "95.76.2.235")
L 02/27/2017 - 18:02:43: [slayafk.amxx] DoZe a primit slay, deoarece a fost afk mai mult de 30 secunde
L 02/27/2017 - 18:02:54: [admin.amxx] Login: "SWAGGIE. XD<158><VALVE_0:4:862961770><>" became an admin (account "SWAGGIE. XD") (access "bi") (address "109.98.131.207")
L 02/27/2017 - 18:03:23: [slayafk.amxx] DoZe a primit slay, deoarece a fost afk mai mult de 30 secunde
L 02/27/2017 - 18:08:50: [admin.amxx] Login: "SWAGGIE. XD<160><VALVE_0:4:862961770><>" became an admin (account "SWAGGIE. XD") (access "bi") (address "109.98.131.207")
L 02/27/2017 - 18:11:33: [slayafk.amxx] DoZe a primit slay, deoarece a fost afk mai mult de 30 secunde
L 02/27/2017 - 18:12:23: [slayafk.amxx] DoZe a primit slay, deoarece a fost afk mai mult de 30 secunde
L 02/27/2017 - 18:13:08: [slayafk.amxx] DoZe a primit slay, deoarece a fost afk mai mult de 30 secunde
L 02/27/2017 - 18:13:53: [slayafk.amxx] DoZe a primit slay, deoarece a fost afk mai mult de 30 secunde
L 02/27/2017 - 18:15:43: [slayafk.amxx] DoZe a primit slay, deoarece a fost afk mai mult de 30 secunde
L 02/27/2017 - 18:17:03: [slayafk.amxx] DoZe a primit slay, deoarece a fost afk mai mult de 30 secunde
L 02/27/2017 - 18:17:43: [slayafk.amxx] DoZe a primit slay, deoarece a fost afk mai mult de 30 secunde
L 02/27/2017 - 18:20:18: [slayafk.amxx] DoZe a primit slay, deoarece a fost afk mai mult de 30 secunde
L 02/27/2017 - 18:22:13: [slayafk.amxx] DoZe a primit slay, deoarece a fost afk mai mult de 30 secunde
L 02/27/2017 - 18:24:03: [slayafk.amxx] DoZe a primit slay, deoarece a fost afk mai mult de 30 secunde
L 02/27/2017 - 18:25:42: [admincmd.amxx] Cmd: "Dr.FioriGinal.Ro ~ Server Clasi<0><><>" slay "DoZe<170><STEAM_0:0:1518108911><>"
L 02/27/2017 - 18:27:56: [admincmd.amxx] Cmd: "Dr.FioriGinal.Ro ~ Server Clasi<0><><>" slay "DoZe<171><STEAM_0:0:1518108911><>"
L 02/27/2017 - 18:28:15: [admincmd.amxx] Cmd: "Dr.FioriGinal.Ro ~ Server Clasi<0><><>" slay "DoZe<173><STEAM_0:0:1518108911><>"
L 02/27/2017 - 18:28:48: [admincmd.amxx] Cmd: "Dr.FioriGinal.Ro ~ Server Clasi<0><><>" slay "DoZe<174><STEAM_0:0:1518108911><>"
L 02/27/2017 - 18:28:58: [admin.amxx] Login: "Pyky<176><VALVE_0:4:1494801266><>" became an admin (account "Pyky") (access "bi") (address "92.84.109.27")
L 02/27/2017 - 18:29:04: [admincmd.amxx] Cmd: "Dr.FioriGinal.Ro ~ Server Clasi<0><><>" slay "Intru-n chyper ca un bombardier<175><VALVE_0:4:1997982587><>"
L 02/27/2017 - 18:30:36: [admin.amxx] Login: "SWAGGIE. XD<178><VALVE_0:4:862961770><>" became an admin (account "SWAGGIE. XD") (access "bi") (address "109.98.131.207")
L 02/27/2017 - 18:30:48: [slayafk.amxx] Pyky a primit slay, deoarece a fost afk mai mult de 30 secunde
L 02/27/2017 - 18:31:08: [admincmd.amxx] Cmd: "Dr.FioriGinal.Ro ~ Server Clasi<0><><>" slay "DoZe<179><STEAM_0:0:1518108911><>"
L 02/27/2017 - 18:31:21: [admincmd.amxx] Cmd: "Dr.FioriGinal.Ro ~ Server Clasi<0><><>" slay "xTrusT.<182><STEAM_0:0:363435534><>"
L 02/27/2017 - 18:32:04: [admin.amxx] Login: "SWAGGIE. XD<183><VALVE_0:4:862961770><>" became an admin (account "SWAGGIE. XD") (access "bi") (address "109.98.131.207")
L 02/27/2017 - 18:33:43: [admin.amxx] Login: "SWAGGIE. XD<185><VALVE_0:4:862961770><>" became an admin (account "SWAGGIE. XD") (access "bi") (address "109.98.131.207")
L 02/27/2017 - 18:59:31: -------- Mapchange to deathrun_inferno_beta1 --------
L 02/27/2017 - 18:59:33: [AMXX] Failed to open dictionary file: cstrike/addons/amxmodx/data/lang/walkguard.txt
L 02/27/2017 - 18:59:34: [walkguard.amxx] no zone-file found
L 02/27/2017 - 19:04:02: [admincmd.amxx] Cmd: "Dr.FioriGinal.Ro ~ Server Clasi<0><><>" slay "shaun.q<195><STEAM_0:0:830046509><>"
L 02/27/2017 - 19:06:04: [admin.amxx] Login: "Bidi<196><STEAM_0:1:45864800><>" became an admin (account "Bidi") (access "bit") (address "93.118.198.17")
L 02/27/2017 - 19:12:56: [admincmd.amxx] Cmd: "Dr.FioriGinal.Ro ~ Server Clasi<0><><>" slay "HATER<201><STEAM_0:0:1088164935><>"
L 02/27/2017 - 19:26:09: [slayafk.amxx] DoZe a primit slay, deoarece a fost afk mai mult de 30 secunde
L 02/27/2017 - 19:31:29: [slayafk.amxx] DoZe a primit slay, deoarece a fost afk mai mult de 30 secunde
L 02/27/2017 - 19:39:24: [slayafk.amxx] andrei2000flight a primit slay, deoarece a fost afk mai mult de 30 secunde
L 02/27/2017 - 19:40:14: [slayafk.amxx] DoZe a primit slay, deoarece a fost afk mai mult de 30 secunde
L 02/27/2017 - 19:41:49: [slayafk.amxx] DoZe a primit slay, deoarece a fost afk mai mult de 30 secunde
L 02/27/2017 - 19:49:41: -------- Mapchange to deathrun_coolf4 --------
L 02/27/2017 - 19:49:43: [AMXX] Failed to open dictionary file: cstrike/addons/amxmodx/data/lang/walkguard.txt
L 02/27/2017 - 19:49:44: [walkguard.amxx] no zone-file found
L 02/27/2017 - 20:04:58: [slayafk.amxx] DoZe a primit slay, deoarece a fost afk mai mult de 30 secunde
L 02/27/2017 - 20:05:53: [slayafk.amxx] DoZe a primit slay, deoarece a fost afk mai mult de 30 secunde
L 02/27/2017 - 20:06:48: [slayafk.amxx] DoZe a primit slay, deoarece a fost afk mai mult de 30 secunde
L 02/27/2017 - 20:07:28: [slayafk.amxx] DoZe a primit slay, deoarece a fost afk mai mult de 30 secunde
L 02/27/2017 - 20:09:40: [admincmd.amxx] Cmd: "Dr.FioriGinal.Ro ~ Server Clasi<0><><>" slay "tiganu<231><STEAM_0:0:1715760849><>"
L 02/27/2017 - 20:09:58: [slayafk.amxx] DoZe a primit slay, deoarece a fost afk mai mult de 30 secunde
L 02/27/2017 - 20:10:08: [slayafk.amxx] tiganu a primit slay, deoarece a fost afk mai mult de 30 secunde
L 02/27/2017 - 20:10:53: [slayafk.amxx] DoZe a primit slay, deoarece a fost afk mai mult de 30 secunde
L 02/27/2017 - 20:11:48: [slayafk.amxx] DoZe a primit slay, deoarece a fost afk mai mult de 30 secunde
L 02/27/2017 - 20:12:58: [slayafk.amxx] DoZe a primit slay, deoarece a fost afk mai mult de 30 secunde
L 02/27/2017 - 20:14:03: [slayafk.amxx] DoZe a primit slay, deoarece a fost afk mai mult de 30 secunde
L 02/27/2017 - 20:14:58: [slayafk.amxx] DoZe a primit slay, deoarece a fost afk mai mult de 30 secunde
L 02/27/2017 - 20:15:26: -------- Mapchange to deathrun_demolish --------
L 02/27/2017 - 20:15:28: [AMXX] Failed to open dictionary file: cstrike/addons/amxmodx/data/lang/walkguard.txt
L 02/27/2017 - 20:15:29: [walkguard.amxx] no zone-file found
L 02/27/2017 - 20:17:08: [slayafk.amxx] DoZe a primit slay, deoarece a fost afk mai mult de 30 secunde
L 02/27/2017 - 20:17:43: [slayafk.amxx] DoZe a primit slay, deoarece a fost afk mai mult de 30 secunde
L 02/27/2017 - 20:18:23: [slayafk.amxx] DoZe a primit slay, deoarece a fost afk mai mult de 30 secunde
L 02/27/2017 - 20:21:28: [slayafk.amxx] DoZe a primit slay, deoarece a fost afk mai mult de 30 secunde
L 02/27/2017 - 20:22:38: [slayafk.amxx] DoZe a primit slay, deoarece a fost afk mai mult de 30 secunde
L 02/27/2017 - 20:23:48: [slayafk.amxx] DoZe a primit slay, deoarece a fost afk mai mult de 30 secunde
L 02/27/2017 - 20:24:22: [admincmd.amxx] Cmd: "Dr.FioriGinal.Ro ~ Server Clasi<0><><>" slay "tiganu<248><STEAM_0:0:1715760849><>"
L 02/27/2017 - 20:24:53: [slayafk.amxx] DoZe a primit slay, deoarece a fost afk mai mult de 30 secunde
L 02/27/2017 - 20:25:48: [slayafk.amxx] DoZe a primit slay, deoarece a fost afk mai mult de 30 secunde
L 02/27/2017 - 20:26:38: [slayafk.amxx] DoZe a primit slay, deoarece a fost afk mai mult de 30 secunde
L 02/27/2017 - 20:28:08: [slayafk.amxx] DoZe a primit slay, deoarece a fost afk mai mult de 30 secunde
L 02/27/2017 - 20:28:08: [slayafk.amxx] Freezmen a primit slay, deoarece a fost afk mai mult de 30 secunde
L 02/27/2017 - 20:33:43: [admin.amxx] Login: "Joker$*<269><VALVE_0:4:39737458><>" became an admin (account "Joker$*") (access "bi") (address "92.82.224.173")
L 02/27/2017 - 20:33:48: [admin.amxx] Login: "Joker$*<270><VALVE_0:4:39737458><>" became an admin (account "Joker$*") (access "bi") (address "92.82.224.173")
L 02/27/2017 - 20:35:06: [admin.amxx] Login: "|LOL|XXX<272><STEAM_0:1:24069958><>" became an admin (account "|LOL|XXX") (access "bi") (address "5.15.243.9")
L 02/27/2017 - 20:38:35: [adminchat.amxx] Chat: "Joker$*<270><VALVE_0:4:39737458><>" say "oooo ! hi lol"
L 02/27/2017 - 20:38:59: [mapsmenu.amxx] Vote: "Joker$*<270><VALVE_0:4:39737458><>" vote maps (map#1 "deathrun_3sixty_fg_fix3") (map#2 "deathrun_0mega") (map#3 "deathrun_gb_winter_final4") (map#4 "")
L 02/27/2017 - 20:39:11: [mapsmenu.amxx] Vote: Voting successful. Map will be changed to deathrun_3sixty_fg_fix3
L 02/27/2017 - 20:39:32: [adminchat.amxx] Chat: "Joker$*<270><VALVE_0:4:39737458><>" say "daca e bag-o tu cu amx_map.. eu n-am acces la votemap / amx_map"
L 02/27/2017 - 20:39:48: [slayafk.amxx] DoZe a primit slay, deoarece a fost afk mai mult de 30 secunde
L 02/27/2017 - 20:39:50: [adminchat.amxx] Chat: "Joker$*<270><VALVE_0:4:39737458><>" say "la votemapmenu nu e.."
L 02/27/2017 - 20:40:04: [adminchat.amxx] Chat: "Joker$*<270><VALVE_0:4:39737458><>" say "ok"
L 02/27/2017 - 20:42:34: [adminchat.amxx] Chat: "Joker$*<270><VALVE_0:4:39737458><>" say "bag-o.."
L 02/27/2017 - 20:42:38: [admincmd.amxx] Cmd: "|LOL|XXX<272><STEAM_0:1:24069958><>" changelevel "deathrun_3sixty_beta4"
L 02/27/2017 - 20:42:40: -------- Mapchange to deathrun_3sixty_beta4 --------
L 02/27/2017 - 20:42:42: [AMXX] Failed to open dictionary file: cstrike/addons/amxmodx/data/lang/walkguard.txt
L 02/27/2017 - 20:42:43: [admin.amxx] Login: "Joker$*<270><VALVE_0:4:39737458><>" became an admin (account "Joker$*") (access "bi") (address "92.82.224.173")
L 02/27/2017 - 20:42:43: [walkguard.amxx] no zone-file found
L 02/27/2017 - 20:42:43: [admin.amxx] Login: "|LOL|XXX<272><STEAM_0:1:24069958><>" became an admin (account "|LOL|XXX") (access "bi") (address "5.15.243.9")
L 02/27/2017 - 20:43:00: [adminchat.amxx] Chat: "Joker$*<270><VALVE_0:4:39737458><>" say "nice map"
L 02/27/2017 - 20:43:17: [slayafk.amxx] DoZe a primit slay, deoarece a fost afk mai mult de 30 secunde
L 02/27/2017 - 20:43:39: [adminchat.amxx] Chat: "Joker$*<270><VALVE_0:4:39737458><>" say "tu ai inceput sa intri mai des.. sau mai dai si tu pe aici ?"
L 02/27/2017 - 20:43:52: [slayafk.amxx] DoZe a primit slay, deoarece a fost afk mai mult de 30 secunde
L 02/27/2017 - 20:44:55: [adminchat.amxx] Chat: "Joker$*<270><VALVE_0:4:39737458><>" say "de soly ai mai auzit ceva ?"
L 02/27/2017 - 20:47:31: [adminchat.amxx] Chat: "Joker$*<270><VALVE_0:4:39737458><>" say "in ce sens ?"
L 02/27/2017 - 20:47:40: [adminchat.amxx] Chat: "Joker$*<270><VALVE_0:4:39737458><>" say "mda.."
L 02/27/2017 - 20:47:50: [adminchat.amxx] Chat: "Joker$*<270><VALVE_0:4:39737458><>" say "ce frumos era inainte.."
L 02/27/2017 - 20:48:04: [adminchat.amxx] Chat: "Joker$*<270><VALVE_0:4:39737458><>" say "cand era frumos rau jucam ca o cizma.. dar era frumos"
L 02/27/2017 - 20:48:52: [adminchat.amxx] Chat: "Joker$*<270><VALVE_0:4:39737458><>" say "death sau ala 800 cu parasuta ?"
L 02/27/2017 - 20:49:34: [adminchat.amxx] Chat: "Joker$*<270><VALVE_0:4:39737458><>" say "jucam mai mult pe al lui cooper. Pe ala mai intram din cand in cand"
L 02/27/2017 - 20:55:01: [adminchat.amxx] Chat: "Joker$*<270><VALVE_0:4:39737458><>" say "oo yeahhh"
L 02/27/2017 - 20:55:26: [adminchat.amxx] Chat: "Joker$*<270><VALVE_0:4:39737458><>" say "gata sefa.."
L 02/27/2017 - 20:56:16: [adminchat.amxx] Chat: "Joker$*<270><VALVE_0:4:39737458><>" say "!swaptero"
L 02/27/2017 - 20:57:03: [admin.amxx] Login: "spartanC3<288><STEAM_0:0:1219032291><>" became an admin (account "spartanC3") (access "bi") (address "92.81.198.67")
L 02/27/2017 - 20:59:25: [adminchat.amxx] Chat: "Joker$*<270><VALVE_0:4:39737458><>" say "!talent"
L 02/27/2017 - 21:00:07: [adminchat.amxx] Chat: "Joker$*<270><VALVE_0:4:39737458><>" say "with pleasure :D"
L 02/27/2017 - 21:00:25: [adminchat.amxx] Chat: "Joker$*<270><VALVE_0:4:39737458><>" say "si mie imi merge.."
L 02/27/2017 - 21:00:50: [adminchat.amxx] Chat: "Joker$*<270><VALVE_0:4:39737458><>" say "nu se vede.."
L 02/27/2017 - 21:00:54: [adminchat.amxx] Chat: "Joker$*<270><VALVE_0:4:39737458><>" say "joci hns ?"
L 02/27/2017 - 21:01:01: [adminchat.amxx] Chat: "Joker$*<270><VALVE_0:4:39737458><>" say "..."
L 02/27/2017 - 21:01:06: [adminchat.amxx] Chat: "Joker$*<270><VALVE_0:4:39737458><>" say "ai puta ?"
L 02/27/2017 - 21:01:12: [adminchat.amxx] Chat: "Joker$*<270><VALVE_0:4:39737458><>" say "joci binisor"
L 02/27/2017 - 21:01:24: [adminchat.amxx] Chat: "|LOL|XXX<272><STEAM_0:1:24069958><>" chat " ba"
L 02/27/2017 - 21:01:28: [adminchat.amxx] Chat: "Joker$*<270><VALVE_0:4:39737458><>" say "am zis BINISOR..."
L 02/27/2017 - 21:02:26: [adminchat.amxx] Chat: "Joker$*<270><VALVE_0:4:39737458><>" say "e bine atunci"
L 02/27/2017 - 21:02:36: [adminchat.amxx] Chat: "Joker$*<270><VALVE_0:4:39737458><>" say "dar chestia e ca nu prea mai joc"
L 02/27/2017 - 21:02:56: [admin.amxx] Login: "Scooby1^ @like's that69<291><VALVE_0:4:1597915882><>" became an admin (account "Scooby1^ @like's that69") (access "bi") (address "109.103.32.23")
L 02/27/2017 - 21:03:13: [adminchat.amxx] Chat: "Joker$*<270><VALVE_0:4:39737458><>" say "intra Shaggy si Scooby-Doooo !"
L 02/27/2017 - 21:03:21: [adminchat.amxx] Chat: "Joker$*<270><VALVE_0:4:39737458><>" say "am dat no.."
L 02/27/2017 - 21:03:30: [adminchat.amxx] Chat: "Joker$*<270><VALVE_0:4:39737458><>" say "voiam si eu revive.."
L 02/27/2017 - 21:03:57: [slayafk.amxx] |LOL|XXX a primit slay, deoarece a fost afk mai mult de 30 secunde
L 02/27/2017 - 21:04:10: [adminchat.amxx] Chat: "Joker$*<270><VALVE_0:4:39737458><>" say "sa, sa, sa"
L 02/27/2017 - 21:04:23: [adminchat.amxx] Chat: "Joker$*<270><VALVE_0:4:39737458><>" say "Salam.. sa"
L 02/27/2017 - 21:05:51: [adminchat.amxx] Chat: "Joker$*<270><VALVE_0:4:39737458><>" say "te-am facut. 5 lei"
L 02/27/2017 - 21:07:22: [adminchat.amxx] Chat: "Joker$*<270><VALVE_0:4:39737458><>" say "eu astept sa treci sa nu se lase alea si tu te intorci intr-una ?"
L 02/27/2017 - 21:08:32: [mapsmenu.amxx] Vote: "Joker$*<270><VALVE_0:4:39737458><>" vote maps (map#1 "deathrun_0mega") (map#2 "deathrun_long_run") (map#3 "deathrun_standup") (map#4 "deathrun_y_underground")
L 02/27/2017 - 21:08:37: -------- Mapchange to deathrun_adelina --------
L 02/27/2017 - 21:08:38: [AMXX] Failed to open dictionary file: cstrike/addons/amxmodx/data/lang/walkguard.txt
L 02/27/2017 - 21:08:39: [admin.amxx] Login: "Joker$*<270><VALVE_0:4:39737458><>" became an admin (account "Joker$*") (access "bi") (address "92.82.224.173")
L 02/27/2017 - 21:08:39: [walkguard.amxx] no zone-file found
L 02/27/2017 - 21:08:39: [admin.amxx] Login: "Scooby1^ @like's that69<291><VALVE_0:4:1597915882><>" became an admin (account "Scooby1^ @like's that69") (access "bi") (address "109.103.32.23")
L 02/27/2017 - 21:08:39: [admin.amxx] Login: "|LOL|XXX<272><STEAM_0:1:24069958><>" became an admin (account "|LOL|XXX") (access "bi") (address "5.15.243.9")
L 02/27/2017 - 21:08:41: [admin.amxx] Login: "|LOL|XXX<295><STEAM_0:1:24069958><>" became an admin (account "|LOL|XXX") (access "bi") (address "5.15.243.9")
L 02/27/2017 - 21:09:16: [adminchat.amxx] Chat: "Joker$*<270><VALVE_0:4:39737458><>" say "daca ai fi asteptat 5 secunde.."
L 02/27/2017 - 21:09:19: [slayafk.amxx] |LOL|XXX a primit slay, deoarece a fost afk mai mult de 30 secunde
L 02/27/2017 - 21:09:37: [adminchat.amxx] Chat: "Joker$*<270><VALVE_0:4:39737458><>" say "okapa"
L 02/27/2017 - 21:09:51: [adminchat.amxx] Chat: "Joker$*<270><VALVE_0:4:39737458><>" say "pai.... pai"
L 02/27/2017 - 21:10:24: [adminchat.amxx] Chat: "Joker$*<270><VALVE_0:4:39737458><>" say "dupa ce ca abia intru.. si cand o fac dau doar pe aici"
L 02/27/2017 - 21:10:30: [adminchat.amxx] Chat: "Joker$*<270><VALVE_0:4:39737458><>" say "vrei sa am si admin ?"
L 02/27/2017 - 21:11:33: [adminchat.amxx] Chat: "Joker$*<270><VALVE_0:4:39737458><>" say "era o strafa care puteai trece prin ea"
L 02/27/2017 - 21:11:54: [slayafk.amxx] |LOL|XXX a primit slay, deoarece a fost afk mai mult de 30 secunde
L 02/27/2017 - 21:13:21: [adminchat.amxx] Chat: "Joker$*<270><VALVE_0:4:39737458><>" say "sa, sa, sa "
L 02/27/2017 - 21:13:29: [admin.amxx] Login: "Sol<287><STEAM_0:1:191882096><>" kicked due to invalid password (account "Sol") (address "86.123.167.243")
L 02/27/2017 - 21:13:31: [adminchat.amxx] Chat: "Joker$*<270><VALVE_0:4:39737458><>" say "nu joc ..."
L 02/27/2017 - 21:13:33: [admin.amxx] Login: "Sol<306><STEAM_0:1:191882096><>" kicked due to invalid password (account "Sol") (address "86.123.167.243")
L 02/27/2017 - 21:13:34: [slayafk.amxx] Scooby1^ @like's that69 a primit slay, deoarece a fost afk mai mult de 30 secunde
L 02/27/2017 - 21:13:34: [slayafk.amxx] |LOL|XXX a primit slay, deoarece a fost afk mai mult de 30 secunde
L 02/27/2017 - 21:13:37: [admin.amxx] Login: "Spectru<307><STEAM_0:1:191882096><>" became an admin (account "Spectru") (access "bi") (address "86.123.167.243")
L 02/27/2017 - 21:14:19: [slayafk.amxx] Scooby1^ @like's that69 a primit slay, deoarece a fost afk mai mult de 30 secunde
L 02/27/2017 - 21:14:19: [slayafk.amxx] |LOL|XXX a primit slay, deoarece a fost afk mai mult de 30 secunde
L 02/27/2017 - 21:14:53: [adminchat.amxx] Chat: "Joker$*<270><VALVE_0:4:39737458><>" say "sunt aici pentru tine. Poti sa-mi spui ce ai pe suflet. plangi"
L 02/27/2017 - 21:15:28: [adminchat.amxx] Chat: "Joker$*<270><VALVE_0:4:39737458><>" say "zi-mi mie :D"
L 02/27/2017 - 21:15:49: [slayafk.amxx] Scooby1^ @like's that69 a primit slay, deoarece a fost afk mai mult de 30 secunde
L 02/27/2017 - 21:15:49: [slayafk.amxx] |LOL|XXX a primit slay, deoarece a fost afk mai mult de 30 secunde
L 02/27/2017 - 21:16:22: [adminchat.amxx] Chat: "Player<307><STEAM_0:1:191882096><>" chat "cs ifo"
L 02/27/2017 - 21:16:34: [adminchat.amxx] Chat: "Joker$*<270><VALVE_0:4:39737458><>" say "chat de .."
L 02/27/2017 - 21:17:09: [slayafk.amxx] Scooby1^ @like's that69 a primit slay, deoarece a fost afk mai mult de 30 secunde
L 02/27/2017 - 21:17:09: [slayafk.amxx] |LOL|XXX a primit slay, deoarece a fost afk mai mult de 30 secunde
L 02/27/2017 - 21:17:31: [adminchat.amxx] Chat: "Joker$*<270><VALVE_0:4:39737458><>" say "nu schimbi si tu ?"
L 02/27/2017 - 21:17:53: [adminchat.amxx] Chat: "Joker$*<270><VALVE_0:4:39737458><>" say "standup ?"
L 02/27/2017 - 21:18:54: [slayafk.amxx] Scooby1^ @like's that69 a primit slay, deoarece a fost afk mai mult de 30 secunde
L 02/27/2017 - 21:19:11: [adminchat.amxx] Chat: "Joker$*<270><VALVE_0:4:39737458><>" say "sunt rrrau"
L 02/27/2017 - 21:20:14: [slayafk.amxx] Scooby1^ @like's that69 a primit slay, deoarece a fost afk mai mult de 30 secunde
L 02/27/2017 - 21:20:14: [slayafk.amxx] |LOL|XXX a primit slay, deoarece a fost afk mai mult de 30 secunde
L 02/27/2017 - 21:22:24: [slayafk.amxx] |LOL|XXX a primit slay, deoarece a fost afk mai mult de 30 secunde
L 02/27/2017 - 21:22:34: [slayafk.amxx] calutz.fericit a primit slay, deoarece a fost afk mai mult de 30 secunde
L 02/27/2017 - 21:23:19: [slayafk.amxx] Scooby1^ @like's that69 a primit slay, deoarece a fost afk mai mult de 30 secunde
L 02/27/2017 - 21:23:24: [slayafk.amxx] |LOL|XXX a primit slay, deoarece a fost afk mai mult de 30 secunde
L 02/27/2017 - 21:24:33: [admin.amxx] Login: "Scooby1^ @like's that69<321><VALVE_0:4:1597915882><>" became an admin (account "Scooby1^ @like's that69") (access "bi") (address "109.103.32.23")
L 02/27/2017 - 21:25:01: [adminchat.amxx] Chat: "Joker$*<270><VALVE_0:4:39737458><>" say "eu am 15412413"
L 02/27/2017 - 21:26:29: [slayafk.amxx] |LOL|XXX a primit slay, deoarece a fost afk mai mult de 30 secunde
L 02/27/2017 - 21:26:43: [adminchat.amxx] Chat: "Joker$*<270><VALVE_0:4:39737458><>" say "calut"
L 02/27/2017 - 21:26:54: [adminchat.amxx] Chat: "Joker$*<270><VALVE_0:4:39737458><>" say "dai putin life?.."
L 02/27/2017 - 21:28:20: [adminchat.amxx] Chat: "Joker$*<270><VALVE_0:4:39737458><>" say "scrieti !swaptero"
L 02/27/2017 - 21:28:39: [slayafk.amxx] |LOL|XXX a primit slay, deoarece a fost afk mai mult de 30 secunde
L 02/27/2017 - 21:29:05: [admin.amxx] Login: "SWAGGIE. XD<322><VALVE_0:4:862961770><>" became an admin (account "SWAGGIE. XD") (access "bi") (address "109.98.131.207")
L 02/27/2017 - 21:29:42: [adminchat.amxx] Chat: "Joker$*<270><VALVE_0:4:39737458><>" say "Sa traiti domn Gabitu"
L 02/27/2017 - 21:29:43: [pistols_sql.amxx] FailState == TQUERY_QUERY_FAILED, Query failed.
L 02/27/2017 - 21:30:15: [adminchat.amxx] Chat: "Joker$*<270><VALVE_0:4:39737458><>" say "Gabiiiiiiiiii"
L 02/27/2017 - 21:30:21: [adminchat.amxx] Chat: "Joker$*<270><VALVE_0:4:39737458><>" say "dau eu"
L 02/27/2017 - 21:30:47: [mapsmenu.amxx] Vote: "Joker$*<270><VALVE_0:4:39737458><>" vote maps (map#1 "deathrun_challenge_x") (map#2 "deathrun_standup") (map#3 "deathrun_gb_winter_final4") (map#4 "")
L 02/27/2017 - 21:31:00: [mapsmenu.amxx] Vote: Voting successful. Map will be changed to deathrun_challenge_x
L 02/27/2017 - 21:31:16: [adminchat.amxx] Chat: "Joker$*<270><VALVE_0:4:39737458><>" say "daca nu faci mapa ne supyx.."
L 02/27/2017 - 21:31:34: [slayafk.amxx] |LOL|XXX a primit slay, deoarece a fost afk mai mult de 30 secunde
L 02/27/2017 - 21:32:22: [adminchat.amxx] Chat: "Joker$*<270><VALVE_0:4:39737458><>" say "care face reclama imi da 5 lei"
L 02/27/2017 - 21:32:49: [plmenu.amxx] Cmd: "Joker$*<270><VALVE_0:4:39737458><>" slap with 0 damage "SWAGGIE. XD<322><VALVE_0:4:862961770><>"
L 02/27/2017 - 21:32:49: [plmenu.amxx] Cmd: "Joker$*<270><VALVE_0:4:39737458><>" slap with 0 damage "SWAGGIE. XD<322><VALVE_0:4:862961770><>"
L 02/27/2017 - 21:32:49: [plmenu.amxx] Cmd: "Joker$*<270><VALVE_0:4:39737458><>" slap with 0 damage "SWAGGIE. XD<322><VALVE_0:4:862961770><>"
L 02/27/2017 - 21:34:07: [plmenu.amxx] Cmd: "Joker$*<270><VALVE_0:4:39737458><>" slap with 0 damage "jESER <out of sync><328><VALVE_0:4:975161595><>"
L 02/27/2017 - 21:34:07: [plmenu.amxx] Cmd: "Joker$*<270><VALVE_0:4:39737458><>" slap with 0 damage "jESER <out of sync><328><VALVE_0:4:975161595><>"
L 02/27/2017 - 21:34:10: -------- Mapchange to deathrun_challenge_x --------
L 02/27/2017 - 21:34:12: [AMXX] Failed to open dictionary file: cstrike/addons/amxmodx/data/lang/walkguard.txt
L 02/27/2017 - 21:34:13: [admin.amxx] Login: "Joker$*<270><VALVE_0:4:39737458><>" became an admin (account "Joker$*") (access "bi") (address "92.82.224.173")
L 02/27/2017 - 21:34:13: [admin.amxx] Login: "|LOL|XXX<295><STEAM_0:1:24069958><>" became an admin (account "|LOL|XXX") (access "bi") (address "5.15.243.9")
L 02/27/2017 - 21:34:13: [walkguard.amxx] no zone-file found
L 02/27/2017 - 21:34:13: [admin.amxx] Login: "SWAGGIE. XD<322><VALVE_0:4:862961770><>" became an admin (account "SWAGGIE. XD") (access "bi") (address "109.98.131.207")
L 02/27/2017 - 21:34:47: [slayafk.amxx] |LOL|XXX a primit slay, deoarece a fost afk mai mult de 30 secunde
L 02/27/2017 - 21:34:50: [adminchat.amxx] Chat: "Joker$*<270><VALVE_0:4:39737458><>" say "care termina mapa are admin"
L 02/27/2017 - 21:35:22: [slayafk.amxx] |LOL|XXX a primit slay, deoarece a fost afk mai mult de 30 secunde
L 02/27/2017 - 21:36:37: [adminchat.amxx] Chat: "Joker$*<270><VALVE_0:4:39737458><>" say "numai scrieti lol ca e LOLXXX prezent si asta va f**e"
L 02/27/2017 - 21:37:17: [adminchat.amxx] Chat: "Joker$*<270><VALVE_0:4:39737458><>" say "swaggye"
L 02/27/2017 - 21:37:32: [adminchat.amxx] Chat: "Joker$*<270><VALVE_0:4:39737458><>" say "daca faci mapa iti dau parola de la clan si sl.."
L 02/27/2017 - 21:38:09: [adminchat.amxx] Chat: "Joker$*<270><VALVE_0:4:39737458><>" say "dupa gravity nu e sbj... e wj"
L 02/27/2017 - 21:39:06: [adminchat.amxx] Chat: "Joker$*<270><VALVE_0:4:39737458><>" say "Folosesc Joker.Cfg v2! Hack activated !"
L 02/27/2017 - 21:39:17: [slayafk.amxx] |LOL|XXX a primit slay, deoarece a fost afk mai mult de 30 secunde
L 02/27/2017 - 21:40:00: [adminchat.amxx] Chat: "Joker$*<270><VALVE_0:4:39737458><>" say "cand apesi space sari intr-una ?"
L 02/27/2017 - 21:41:01: [adminchat.amxx] Chat: "Joker$*<270><VALVE_0:4:39737458><>" say "Gabi"
L 02/27/2017 - 21:41:42: [adminchat.amxx] Chat: "Joker$*<270><VALVE_0:4:39737458><>" say "hai emotii ?"
L 02/27/2017 - 21:41:55: [adminchat.amxx] Chat: "Joker$*<270><VALVE_0:4:39737458><>" say "zi-mi... hai ?"
L 02/27/2017 - 21:42:09: [adminchat.amxx] Chat: "Joker$*<270><VALVE_0:4:39737458><>" say "Folosesc Joker.Cfg v2! Hack activated !"
L 02/27/2017 - 21:42:42: [slayafk.amxx] |LOL|XXX a primit slay, deoarece a fost afk mai mult de 30 secunde
L 02/27/2017 - 21:43:43: [adminchat.amxx] Chat: "Joker$*<270><VALVE_0:4:39737458><>" say "ia sa fac mapa ca la urma zice Gabi ca n-o fac.. si ma iau de el"
L 02/27/2017 - 21:44:29: [admincmd.amxx] Cmd: "Dr.FioriGinal.Ro ~ Server Clasi<0><><>" slay "Alin Barosanu<339><STEAM_0:0:1777716819><>"
L 02/27/2017 - 21:46:19: [adminchat.amxx] Chat: "Joker$*<270><VALVE_0:4:39737458><>" say "Gabi"
L 02/27/2017 - 21:46:44: [adminchat.amxx] Chat: "Joker$*<270><VALVE_0:4:39737458><>" say "am zis ca runda asta e a mea.. next incep sa-ti dau dupa gravitate life"
L 02/27/2017 - 21:49:41: [adminchat.amxx] Chat: "Joker$*<270><VALVE_0:4:39737458><>" say "hi ami ! mai ma cunosti ?"
L 02/27/2017 - 21:49:42: [slayafk.amxx] Alin Barosanu a primit slay, deoarece a fost afk mai mult de 30 secunde
L 02/27/2017 - 21:49:42: [slayafk.amxx] |LOL|XXX a primit slay, deoarece a fost afk mai mult de 30 secunde
L 02/27/2017 - 21:50:41: [adminchat.amxx] Chat: "Joker$*<270><VALVE_0:4:39737458><>" say "chestia e ca equal rupe tot.."
L 02/27/2017 - 21:51:32: [adminchat.amxx] Chat: "Joker$*<270><VALVE_0:4:39737458><>" say "cati ani ai ?"
L 02/27/2017 - 21:51:48: [adminchat.amxx] Chat: "Joker$*<270><VALVE_0:4:39737458><>" say "noi vorbim de dr acum. chiar de nu mai joc.."
L 02/27/2017 - 21:52:38: [bhop.amxx] Error on query: Duplicate entry 'Kenvelo' for key 'NickName'
L 02/27/2017 - 21:52:38: [bhop.amxx] FailState == TQUERY_QUERY_FAILED, Query failed.
L 02/27/2017 - 21:54:48: [adminchat.amxx] Chat: "Joker$*<270><VALVE_0:4:39737458><>" say "mda.. iti mai dau odata Gabi.."
L 02/27/2017 - 21:54:52: [adminchat.amxx] Chat: "Joker$*<270><VALVE_0:4:39737458><>" say "sper sa treci acum"
L 02/27/2017 - 21:55:02: [adminchat.amxx] Chat: "Joker$*<270><VALVE_0:4:39737458><>" say "life"
L 02/27/2017 - 21:55:02: [slayafk.amxx] |LOL|XXX a primit slay, deoarece a fost afk mai mult de 30 secunde
L 02/27/2017 - 21:55:13: [adminchat.amxx] Chat: "Joker$*<270><VALVE_0:4:39737458><>" say "ma uitam la telefon si am cazut.."
L 02/27/2017 - 21:56:54: [adminchat.amxx] Chat: "Joker$*<270><VALVE_0:4:39737458><>" say "standup / hertz / express"
L 02/27/2017 - 21:57:17: [mapsmenu.amxx] Vote: "SWAGGIE. XD<322><VALVE_0:4:862961770><>" vote maps (map#1 "deathrun_hertz") (map#2 "deathrun_standup") (map#3 "") (map#4 "")
L 02/27/2017 - 21:57:29: [mapsmenu.amxx] Vote: Voting successful. Map will be changed to deathrun_standup
L 02/27/2017 - 21:57:44: [adminchat.amxx] Chat: "Joker$*<270><VALVE_0:4:39737458><>" say "iti dau acum Gabi"
L 02/27/2017 - 21:58:12: [slayafk.amxx] |LOL|XXX a primit slay, deoarece a fost afk mai mult de 30 secunde
L 02/27/2017 - 22:01:35: -------- Mapchange to deathrun_standup --------
L 02/27/2017 - 22:01:36: [AMXX] Failed to open dictionary file: cstrike/addons/amxmodx/data/lang/walkguard.txt
L 02/27/2017 - 22:01:37: [walkguard.amxx] no zone-file found
L 02/27/2017 - 22:01:37: [admin.amxx] Login: "Joker$*<270><VALVE_0:4:39737458><>" became an admin (account "Joker$*") (access "bi") (address "92.82.224.173")
L 02/27/2017 - 22:01:38: [admin.amxx] Login: "|LOL|XXX<295><STEAM_0:1:24069958><>" became an admin (account "|LOL|XXX") (access "bi") (address "5.15.243.9")
L 02/27/2017 - 22:01:43: [admin.amxx] Login: "Joker$*<358><VALVE_0:4:39737458><>" became an admin (account "Joker$*") (access "bi") (address "92.82.224.173")
L 02/27/2017 - 22:01:45: [admin.amxx] Login: "SWAGGIE. XD<360><VALVE_0:4:862961770><>" became an admin (account "SWAGGIE. XD") (access "bi") (address "109.98.131.207")
L 02/27/2017 - 22:01:48: [admin.amxx] Login: "SWAGGIE. XD<364><VALVE_0:4:862961770><>" became an admin (account "SWAGGIE. XD") (access "bi") (address "109.98.131.207")
L 02/27/2017 - 22:06:54: [adminchat.amxx] Chat: "Joker$*<358><VALVE_0:4:39737458><>" say "flux"
L 02/27/2017 - 22:07:04: [adminchat.amxx] Chat: "Joker$*<358><VALVE_0:4:39737458><>" say "rias te f**e si te rupe"
L 02/27/2017 - 22:07:57: [adminchat.amxx] Chat: "Joker$*<358><VALVE_0:4:39737458><>" say "vezi ca intru tot in jur... dupa 18.."
L 02/27/2017 - 22:10:03: [adminchat.amxx] Chat: "Joker$*<358><VALVE_0:4:39737458><>" say "tigane"
L 02/27/2017 - 22:10:17: [adminchat.amxx] Chat: "Joker$*<358><VALVE_0:4:39737458><>" say "esti make tiganu ?"
L 02/27/2017 - 22:10:36: [adminchat.amxx] Chat: "FLVXSOW;[ <strange><374><STEAM_0:0:77647261><>" chat " swaggie ce ai patit fra?"
L 02/27/2017 - 22:10:40: [adminchat.amxx] Chat: "Joker$*<358><VALVE_0:4:39737458><>" say "nu.. iti mai dau unu"
L 02/27/2017 - 22:11:33: [adminchat.amxx] Chat: "Joker$*<358><VALVE_0:4:39737458><>" say "sulivan - logitech - rias"
L 02/27/2017 - 22:13:53: [adminchat.amxx] Chat: "Joker$*<358><VALVE_0:4:39737458><>" say "de la tine nu vreau"
L 02/27/2017 - 22:14:46: [adminchat.amxx] Chat: "FLVXSOW;[<374><STEAM_0:0:77647261><>" chat " PFFFF"
L 02/27/2017 - 22:14:48: [adminchat.amxx] Chat: "FLVXSOW;[<374><STEAM_0:0:77647261><>" chat " esti rau"
L 02/27/2017 - 22:14:53: [adminchat.amxx] Chat: "Joker$*<358><VALVE_0:4:39737458><>" say "sunt rrrau"
L 02/27/2017 - 22:14:53: [adminchat.amxx] Chat: "FLVXSOW;[<374><STEAM_0:0:77647261><>" chat " dar eu te iert"
L 02/27/2017 - 22:15:03: [adminchat.amxx] Chat: "FLVXSOW;[<374><STEAM_0:0:77647261><>" chat " se ia make de tine haha"
L 02/27/2017 - 22:15:07: [adminchat.amxx] Chat: "Joker$*<358><VALVE_0:4:39737458><>" say "ma simt mai bine.. stiu ca nu te poti supara pe mine"
L 02/27/2017 - 22:15:18: [adminchat.amxx] Chat: "Joker$*<358><VALVE_0:4:39737458><>" say "make"
L 02/27/2017 - 22:15:27: [adminchat.amxx] Chat: "FLVXSOW;[<374><STEAM_0:0:77647261><>" chat " joker dam cw?"
L 02/27/2017 - 22:15:27: [adminchat.amxx] Chat: "Joker$*<358><VALVE_0:4:39737458><>" say "care mai e viata ta ?"
L 02/27/2017 - 22:15:34: [adminchat.amxx] Chat: "FLVXSOW;[<374><STEAM_0:0:77647261><>" chat " :)))))"
L 02/27/2017 - 22:15:47: [adminchat.amxx] Chat: "FLVXSOW;[<374><STEAM_0:0:77647261><>" chat " joker"
L 02/27/2017 - 22:15:49: [adminchat.amxx] Chat: "FLVXSOW;[<374><STEAM_0:0:77647261><>" chat " ma iubi?"
L 02/27/2017 - 22:15:56: [adminchat.amxx] Chat: "FLVXSOW;[<374><STEAM_0:0:77647261><>" chat " <3"
L 02/27/2017 - 22:16:29: [adminchat.amxx] Chat: "Joker$*<358><VALVE_0:4:39737458><>" say "de ce te prostesti ?"
L 02/27/2017 - 22:16:37: [adminchat.amxx] Chat: "Joker$*<358><VALVE_0:4:39737458><>" say "hai s-o facem"
L 02/27/2017 - 22:16:40: [adminchat.amxx] Chat: "M4STER.<374><STEAM_0:0:77647261><>" chat " eu?"
L 02/27/2017 - 22:16:59: [adminchat.amxx] Chat: "M4STER.<374><STEAM_0:0:77647261><>" chat " 48 de secunde"
L 02/27/2017 - 22:17:03: [adminchat.amxx] Chat: "M4STER.<374><STEAM_0:0:77647261><>" chat " si imi expira gag-ul"
L 02/27/2017 - 22:17:09: [adminchat.amxx] Chat: "Joker$*<358><VALVE_0:4:39737458><>" say "Gabi"
L 02/27/2017 - 22:17:19: [adminchat.amxx] Chat: "Joker$*<358><VALVE_0:4:39737458><>" say "urmeaza partea cand iei mut de la jokerino"
L 02/27/2017 - 22:17:33: [adminchat.amxx] Chat: "M4STER.<374><STEAM_0:0:77647261><>" chat " ti-a facut-o hahaha"
L 02/27/2017 - 22:17:38: [adminchat.amxx] Chat: "M4STER.<374><STEAM_0:0:77647261><>" chat " iau eu?"
L 02/27/2017 - 22:17:53: [adminchat.amxx] Chat: "Joker$*<358><VALVE_0:4:39737458><>" say "sug, sug"
L 02/27/2017 - 22:19:51: [adminchat.amxx] Chat: "Joker$*<358><VALVE_0:4:39737458><>" say "are admin.. nu pot sa ii dau"
L 02/27/2017 - 22:20:12: [adminchat.amxx] Chat: "Joker$*<358><VALVE_0:4:39737458><>" say "azi ma prefac ca nu vad.. daca nu intervine lolica puteti sa va faceti poftele"
L 02/27/2017 - 22:22:18: [mapsmenu.amxx] Vote: "SWAGGIE. XD<364><VALVE_0:4:862961770><>" vote maps (map#1 "deathrun_clarion_dojo_b3") (map#2 "deathrun_hertz") (map#3 "") (map#4 "")
L 02/27/2017 - 22:22:30: [mapsmenu.amxx] Vote: Voting successful. Map will be changed to deathrun_hertz
L 02/27/2017 - 22:22:41: [adminchat.amxx] Chat: "Joker$*<358><VALVE_0:4:39737458><>" say "lol"
L 02/27/2017 - 22:22:59: [adminchat.amxx] Chat: "Joker$*<358><VALVE_0:4:39737458><>" say "pana s-o faci de cate ori ai murit la final.... aproape de final"
L 02/27/2017 - 22:23:42: [adminchat.amxx] Chat: "Joker$*<358><VALVE_0:4:39737458><>" say "ok"
L 02/27/2017 - 22:24:07: [adminchat.amxx] Chat: "Joker$*<358><VALVE_0:4:39737458><>" say "nu-mi merge a-ul si folosesc consola.. copy paste la a"
L 02/27/2017 - 22:24:21: [adminchat.amxx] Chat: "Joker$*<358><VALVE_0:4:39737458><>" say "draw"
L 02/27/2017 - 22:24:28: [adminchat.amxx] Chat: "Joker$*<358><VALVE_0:4:39737458><>" say "e un plugin si nu merge say..."
L 02/27/2017 - 22:24:50: [adminchat.amxx] Chat: "FLVXSOW;[<374><STEAM_0:0:77647261><>" chat " da cu roxy ce ai?"
L 02/27/2017 - 22:24:55: [adminchat.amxx] Chat: "FLVXSOW;[<374><STEAM_0:0:77647261><>" chat " idk"
L 02/27/2017 - 22:24:58: [adminchat.amxx] Chat: "FLVXSOW;[<374><STEAM_0:0:77647261><>" chat " esti suppi pe ea"
L 02/27/2017 - 22:25:02: [adminchat.amxx] Chat: "FLVXSOW;[<374><STEAM_0:0:77647261><>" chat "?"
L 02/27/2017 - 22:25:10: [adminchat.amxx] Chat: "FLVXSOW;[<374><STEAM_0:0:77647261><>" chat " pai?"
L 02/27/2017 - 22:25:23: [adminchat.amxx] Chat: "SWAGGIE. XD<364><VALVE_0:4:862961770><>" say "cf"
L 02/27/2017 - 22:25:33: [adminchat.amxx] Chat: "FLVXSOW;[<374><STEAM_0:0:77647261><>" chat " da psay :))"
L 02/27/2017 - 22:25:42: [adminchat.amxx] Chat: "SWAGGIE. XD<364><VALVE_0:4:862961770><>" say "forza steaua"
L 02/27/2017 - 22:26:02: [adminchat.amxx] Chat: "SWAGGIE. XD<364><VALVE_0:4:862961770><>" say "nu mai plange fa si adu mi suc "
L 02/27/2017 - 22:27:48: [admin.amxx] Login: "Scooby1^ @like's that69<384><VALVE_0:4:1597915882><>" became an admin (account "Scooby1^ @like's that69") (access "bi") (address "109.103.32.23")
L 02/27/2017 - 22:27:58: [admin.amxx] Login: "Scooby1^ @like's that69<385><VALVE_0:4:1597915882><>" became an admin (account "Scooby1^ @like's that69") (access "bi") (address "109.103.32.23")
L 02/27/2017 - 22:28:40: -------- Mapchange to deathrun_hertz --------
L 02/27/2017 - 22:28:42: [AMXX] Failed to open dictionary file: cstrike/addons/amxmodx/data/lang/walkguard.txt
L 02/27/2017 - 22:28:43: [admin.amxx] Login: "Joker$*<358><VALVE_0:4:39737458><>" became an admin (account "Joker$*") (access "bi") (address "92.82.224.173")
L 02/27/2017 - 22:28:43: [admin.amxx] Login: "Scooby1^ @like's that69<385><VALVE_0:4:1597915882><>" became an admin (account "Scooby1^ @like's that69") (access "bi") (address "109.103.32.23")
L 02/27/2017 - 22:28:43: [admin.amxx] Login: "SWAGGIE. XD<364><VALVE_0:4:862961770><>" became an admin (account "SWAGGIE. XD") (access "bi") (address "109.98.131.207")
L 02/27/2017 - 22:28:43: [walkguard.amxx] no zone-file found
L 02/27/2017 - 22:28:43: [admin.amxx] Login: "|LOL|XXX<295><STEAM_0:1:24069958><>" became an admin (account "|LOL|XXX") (access "bi") (address "5.15.243.9")
L 02/27/2017 - 22:29:33: [slayafk.amxx] |LOL|XXX a primit slay, deoarece a fost afk mai mult de 30 secunde
L 02/27/2017 - 22:29:48: [slayafk.amxx] Joker$* a primit slay, deoarece a fost afk mai mult de 30 secunde
L 02/27/2017 - 22:30:23: [slayafk.amxx] Joker$* a primit slay, deoarece a fost afk mai mult de 30 secunde
L 02/27/2017 - 22:31:33: [slayafk.amxx] Joker$* a primit slay, deoarece a fost afk mai mult de 30 secunde
L 02/27/2017 - 22:36:18: [admin.amxx] Login: "Levi99<396><STEAM_0:0:183716598><>" became an admin (account "Levi99") (access "bi") (address "86.123.49.48")
L 02/27/2017 - 22:37:27: [admin.amxx] Login: "wadafac!<397><VALVE_0:4:1326697339><>" became an admin (account "wadafac!") (access "bi") (address "79.116.123.55")
L 02/27/2017 - 22:37:57: [admin.amxx] Login: "SWAGGIE. XD<364><VALVE_0:4:862961770><>" became an admin (account "SWAGGIE. XD") (access "bi") (address "109.98.131.207")
L 02/27/2017 - 22:37:57: [admin.amxx] Login: "Scooby1^ @like's that69<385><VALVE_0:4:1597915882><>" became an admin (account "Scooby1^ @like's that69") (access "bi") (address "109.103.32.23")
L 02/27/2017 - 22:37:57: [admin.amxx] Login: "Levi99<396><STEAM_0:0:183716598><>" became an admin (account "Levi99") (access "bi") (address "86.123.49.48")
L 02/27/2017 - 22:37:57: [admin.amxx] Login: "wadafac!<397><VALVE_0:4:1326697339><>" became an admin (account "wadafac!") (access "bi") (address "79.116.123.55")
L 02/27/2017 - 22:37:57: [admin.amxx] Login: "Joker$*<358><VALVE_0:4:39737458><>" became an admin (account "Joker$*") (access "bi") (address "92.82.224.173")
L 02/27/2017 - 22:37:57: [admin.amxx] Login: "|LOL|XXX<295><STEAM_0:1:24069958><>" became an admin (account "|LOL|XXX") (access "bi") (address "5.15.243.9")
L 02/27/2017 - 22:38:36: [adminchat.amxx] Chat: "Joker$*<358><VALVE_0:4:39737458><>" say "swagy"
L 02/27/2017 - 22:38:41: [adminchat.amxx] Chat: "Joker$*<358><VALVE_0:4:39737458><>" say "life?"
L 02/27/2017 - 22:39:36: [adminchat.amxx] Chat: "tiganu<338><STEAM_0:0:1715760849><>" chat " sa moara mama"
L 02/27/2017 - 22:39:47: [adminchat.amxx] Chat: "tiganu<338><STEAM_0:0:1715760849><>" chat "ba"
L 02/27/2017 - 22:39:51: [adminchat.amxx] Chat: "tiganu<338><STEAM_0:0:1715760849><>" chat " tu dai gag ma"
L 02/27/2017 - 22:40:02: [adminchat.amxx] Chat: "tiganu<338><STEAM_0:0:1715760849><>" chat "flux imi da ala gag ca sparg calculatoru"
L 02/27/2017 - 22:40:18: [adminchat.amxx] Chat: "Joker$*<358><VALVE_0:4:39737458><>" say "cine ti-a dat make ?"
L 02/27/2017 - 22:40:55: [adminchat.amxx] Chat: "tiganu<338><STEAM_0:0:1715760849><>" chat "joker , wada fac mi-a dat"
L 02/27/2017 - 22:41:23: [adminchat.amxx] Chat: "tiganu<338><STEAM_0:0:1715760849><>" chat " imi dai pe plm"
L 02/27/2017 - 22:45:27: [adminchat.amxx] Chat: "Joker$*<358><VALVE_0:4:39737458><>" say "tganii"
L 02/27/2017 - 22:51:22: [adminchat.amxx] Chat: "wadafac!<397><VALVE_0:4:1326697339><>" chat "jokers dai tu vot?"
L 02/27/2017 - 22:51:37: [admin.amxx] Login: "-rTg|maEsTrOo<401><STEAM_0:1:154430568><>" became an admin (account "-rTg|maEsTrOo") (access "bit") (address "109.96.112.28")
L 02/27/2017 - 22:51:55: [mapsmenu.amxx] Vote: "wadafac!<397><VALVE_0:4:1326697339><>" vote maps (map#1 "deathrun_adi_blurez") (map#2 "deathrun_temple") (map#3 "") (map#4 "")
L 02/27/2017 - 22:52:00: [adminchat.amxx] Chat: "Joker$*<358><VALVE_0:4:39737458><>" say "simularile poate"
L 02/27/2017 - 22:52:07: [mapsmenu.amxx] Vote: Voting successful. Map will be changed to deathrun_temple
L 02/27/2017 - 22:52:10: [adminchat.amxx] Chat: "Joker$*<358><VALVE_0:4:39737458><>" say "dai tu lol"
L 02/27/2017 - 22:52:17: [adminchat.amxx] Chat: "Joker$*<358><VALVE_0:4:39737458><>" say "sunt a 11-a scooby"
L 02/27/2017 - 22:52:54: [admin.amxx] Login: "IrreguLar<402><STEAM_0:1:101181073><>" became an admin (account "Irregular") (access "bi") (address "79.119.224.61")
L 02/27/2017 - 22:53:24: [adminchat.amxx] Chat: "Joker$*<358><VALVE_0:4:39737458><>" say "fac 18 in martie acum... am drepturi si obligatii"
L 02/27/2017 - 22:53:56: [admincmd.amxx] Cmd: "Dr.FioriGinal.Ro ~ Server Clasi<0><><>" slay "Roxy<403><STEAM_0:0:1813566134><>"
L 02/27/2017 - 22:54:23: [slayafk.amxx] SWAGGIE. XD a primit slay, deoarece a fost afk mai mult de 30 secunde
L 02/27/2017 - 22:56:17: [adminchat.amxx] Chat: "Scooby1^ @like's that69<385><VALVE_0:4:1597915882><>" chat " e8 are cod"
L 02/27/2017 - 22:58:30: -------- Mapchange to deathrun_temple --------
L 02/27/2017 - 22:58:32: [AMXX] Failed to open dictionary file: cstrike/addons/amxmodx/data/lang/walkguard.txt
L 02/27/2017 - 22:58:33: [admin.amxx] Login: "Joker$*<358><VALVE_0:4:39737458><>" became an admin (account "Joker$*") (access "bi") (address "92.82.224.173")
L 02/27/2017 - 22:58:33: [walkguard.amxx] no zone-file found
L 02/27/2017 - 22:58:33: [admin.amxx] Login: "SWAGGIE. XD<364><VALVE_0:4:862961770><>" became an admin (account "SWAGGIE. XD") (access "bi") (address "109.98.131.207")
L 02/27/2017 - 22:58:33: [admin.amxx] Login: "wadafac!<397><VALVE_0:4:1326697339><>" became an admin (account "wadafac!") (access "bi") (address "79.116.123.55")
L 02/27/2017 - 22:58:33: [admin.amxx] Login: "Scooby1^ @like's that69<385><VALVE_0:4:1597915882><>" became an admin (account "Scooby1^ @like's that69") (access "bi") (address "109.103.32.23")
L 02/27/2017 - 22:58:33: [admin.amxx] Login: "-rTg|maEsTrOo<401><STEAM_0:1:154430568><>" became an admin (account "-rTg|maEsTrOo") (access "bit") (address "109.96.112.28")
L 02/27/2017 - 22:58:34: [admin.amxx] Login: "SWAGGIE. XD<406><VALVE_0:4:862961770><>" became an admin (account "SWAGGIE. XD") (access "bi") (address "109.98.131.207")
L 02/27/2017 - 22:58:41: [admin.amxx] Login: "IrreguLar<408><STEAM_0:1:101181073><>" became an admin (account "Irregular") (access "bi") (address "79.119.224.61")
L 02/27/2017 - 22:58:44: [admin.amxx] Login: "IrreguLar<412><STEAM_0:1:101181073><>" became an admin (account "Irregular") (access "bi") (address "79.119.224.61")
L 02/27/2017 - 22:58:51: [admin.amxx] Login: "IrreguLar<413><STEAM_0:1:101181073><>" became an admin (account "Irregular") (access "bi") (address "79.119.224.61")
L 02/27/2017 - 22:58:58: [admincmd.amxx] Cmd: "Dr.FioriGinal.Ro ~ Server Clasi<0><><>" slay "IrreguLar<413><STEAM_0:1:101181073><>"
L 02/27/2017 - 22:59:47: [adminchat.amxx] Chat: "Joker$*<358><VALVE_0:4:39737458><>" say "si pe soly"
L 02/27/2017 - 23:00:17: [adminchat.amxx] Chat: "Joker$*<358><VALVE_0:4:39737458><>" say "scoob"
L 02/27/2017 - 23:00:30: [adminchat.amxx] Chat: "Joker$*<358><VALVE_0:4:39737458><>" say "cand eram in clanul lui rebele"
L 02/27/2017 - 23:00:51: [adminchat.amxx] Chat: "Joker$*<358><VALVE_0:4:39737458><>" say "a anuntat baiatu ca face un video si sa facem noi demo.."
L 02/27/2017 - 23:01:17: [adminchat.amxx] Chat: "Joker$*<358><VALVE_0:4:39737458><>" say "ii dau alea si pe urma numai stiu de ce.. am iesit din mw"
L 02/27/2017 - 23:01:31: [adminchat.amxx] Chat: "Joker$*<358><VALVE_0:4:39737458><>" say "si muia a bagat demourile mele lui b1nder"
L 02/27/2017 - 23:02:20: [adminchat.amxx] Chat: "Joker$*<358><VALVE_0:4:39737458><>" say "a vrut race pe snow wind full sw..."
L 02/27/2017 - 23:02:43: [adminchat.amxx] Chat: "Joker$*<358><VALVE_0:4:39737458><>" say "am facut un demo perfect si nebunu cand intra nu vorbea / nu a mai intrat la urma"
L 02/27/2017 - 23:02:53: [adminchat.amxx] Chat: "Joker$*<358><VALVE_0:4:39737458><>" say "cred ca nu reusea sa termine mapa"
L 02/27/2017 - 23:05:12: [pistols_sql.amxx] FailState == TQUERY_QUERY_FAILED, Query failed.
L 02/27/2017 - 23:06:27: [adminchat.amxx] Chat: "Joker$*<358><VALVE_0:4:39737458><>" say "face ce ii zice femeia"
L 02/27/2017 - 23:12:53: [adminchat.amxx] Chat: "Joker$*<358><VALVE_0:4:39737458><>" say "ce teapa"
L 02/27/2017 - 23:13:47: [admin.amxx] Login: "J.Smith<422><STEAM_0:0:59563675><>" became an admin (account "J.Smith") (access "bi") (address "109.185.5.238")
L 02/27/2017 - 23:15:05: [admin.amxx] Login: "default.<425><VALVE_0:4:1680824179><>" became an admin (account "default.") (access "bi") (address "95.76.2.97")
L 02/27/2017 - 23:15:48: [admin.amxx] Login: "default.<426><VALVE_0:4:1680824179><>" became an admin (account "default.") (access "bi") (address "95.76.2.97")
L 02/27/2017 - 23:16:39: [adminchat.amxx] Chat: "Joker$*<358><VALVE_0:4:39737458><>" say "esti rrrea"
L 02/27/2017 - 23:17:52: [adminchat.amxx] Chat: "Joker$*<358><VALVE_0:4:39737458><>" say "stai cuminte scooby.. suna dragut"
L 02/27/2017 - 23:19:31: [admincmd.amxx] Cmd: "Joker$*<358><VALVE_0:4:39737458><>" slap with 71 damage "SWAGGIE. XD<406><VALVE_0:4:862961770><>"
L 02/27/2017 - 23:21:46: [adminchat.amxx] Chat: "Joker$*<358><VALVE_0:4:39737458><>" say "i leave now.. cya"
L 02/27/2017 - 23:22:39: [mapsmenu.amxx] Vote: "SWAGGIE. XD<406><VALVE_0:4:862961770><>" vote maps (map#1 "deathrun_projetocs2") (map#2 "deathrun_darkside") (map#3 "") (map#4 "")
L 02/27/2017 - 23:22:51: [mapsmenu.amxx] Vote: Voting successful. Map will be changed to deathrun_darkside
L 02/27/2017 - 23:23:55: [admin.amxx] Login: "FAKE ^^<427><STEAM_0:0:334408724><>" became an admin (account "FAKE ^^") (access "bi") (address "95.76.2.98")
L 02/27/2017 - 23:23:58: [admin.amxx] Login: "FAKE ^^<428><STEAM_0:0:334408724><>" became an admin (account "FAKE ^^") (access "bi") (address "95.76.2.98")
L 02/27/2017 - 23:25:19: -------- Mapchange to deathrun_darkside --------
L 02/27/2017 - 23:25:20: [AMXX] Failed to open dictionary file: cstrike/addons/amxmodx/data/lang/walkguard.txt
L 02/27/2017 - 23:25:21: [admin.amxx] Login: "FAKE ^^<428><STEAM_0:0:334408724><>" became an admin (account "FAKE ^^") (access "bi") (address "95.76.2.98")
L 02/27/2017 - 23:25:21: [walkguard.amxx] no zone-file found
L 02/27/2017 - 23:25:21: [admin.amxx] Login: "Scooby1^ @like's that69<385><VALVE_0:4:1597915882><>" became an admin (account "Scooby1^ @like's that69") (access "bi") (address "109.103.32.23")
L 02/27/2017 - 23:25:24: [admin.amxx] Login: "FAKE ^^<429><STEAM_0:0:334408724><>" became an admin (account "FAKE ^^") (access "bi") (address "95.76.2.98")
L 02/27/2017 - 23:25:26: [admin.amxx] Login: "Scooby1^ @like's that69<432><VALVE_0:4:1597915882><>" became an admin (account "Scooby1^ @like's that69") (access "bi") (address "109.103.32.23")
L 02/27/2017 - 23:28:04: [admin.amxx] Login: "trysz<438><STEAM_0:0:151659743><>" became an admin (account "trysz") (access "bit") (address "89.120.5.180")
L 02/27/2017 - 23:28:17: [admin.amxx] Login: "trysz<440><STEAM_0:0:151659743><>" became an admin (account "trysz") (access "bit") (address "89.120.5.180")
L 02/27/2017 - 23:28:50: [admin.amxx] Login: "-rTg|maEsTrOo<441><STEAM_0:1:154430568><>" kicked due to invalid password (account "-rTg|maEsTrOo") (address "109.96.112.28")
L 02/27/2017 - 23:28:54: [admin.amxx] Login: "-rTg|maEsTrOo<442><STEAM_0:1:154430568><>" became an admin (account "-rTg|maEsTrOo") (access "bit") (address "109.96.112.28")
L 02/27/2017 - 23:28:56: [admin.amxx] Login: "-rTg|maEsTrOo<443><STEAM_0:1:154430568><>" became an admin (account "-rTg|maEsTrOo") (access "bit") (address "109.96.112.28")
L 02/27/2017 - 23:33:14: [admincmd.amxx] Cmd: "Scooby1^ @like's that69<432><VALVE_0:4:1597915882><>" ask for players list
L 02/27/2017 - 23:38:57: [telemenu.amxx] Cmd: "-rTg|maEsTrOo<443><STEAM_0:1:154430568><>" teleport "Rusu<437><STEAM_0:0:1134474968><>"
L 02/27/2017 - 23:44:25: [admin.amxx] Login: "J.Smith<446><STEAM_0:0:59563675><>" became an admin (account "J.Smith") (access "bi") (address "109.185.5.238")
L 02/27/2017 - 23:44:33: [admin.amxx] Login: "J.Smith<447><STEAM_0:0:59563675><>" became an admin (account "J.Smith") (access "bi") (address "109.185.5.238")
L 02/27/2017 - 23:51:00: -------- Mapchange to deathrun_xstrafers --------
L 02/27/2017 - 23:51:02: [AMXX] Failed to open dictionary file: cstrike/addons/amxmodx/data/lang/walkguard.txt
L 02/27/2017 - 23:51:02: [walkguard.amxx] no zone-file found
L 02/27/2017 - 23:51:02: [admin.amxx] Login: "J.Smith<447><STEAM_0:0:59563675><>" became an admin (account "J.Smith") (access "bi") (address "109.185.5.238")
L 02/27/2017 - 23:51:03: [admin.amxx] Login: "-rTg|maEsTrOo<443><STEAM_0:1:154430568><>" became an admin (account "-rTg|maEsTrOo") (access "bit") (address "109.96.112.28")
L 02/27/2017 - 23:51:48: [admin.amxx] Login: "default.<452><VALVE_0:4:1680824179><>" became an admin (account "default.") (access "bi") (address "95.76.2.97")
L 02/27/2017 - 23:51:50: [admin.amxx] Login: "default.<453><VALVE_0:4:1680824179><>" became an admin (account "default.") (access "bi") (address "95.76.2.97")
