L 05/19/2017 - 00:11:02: [admincmd.amxx] Cmd: "Dr.FioriGinal.Ro ~ Server Clasi<0><><>" slay "RuslaNNN<269><STEAM_0:0:80262703><>"
L 05/19/2017 - 01:15:27: -------- Mapchange to deathrun_discovery3 --------
L 05/19/2017 - 01:15:28: [AMXX] Failed to open dictionary file: cstrike/addons/amxmodx/data/lang/walkguard.txt
L 05/19/2017 - 01:15:29: [walkguard.amxx] no zone-file found
L 05/19/2017 - 01:16:07: [admin.amxx] Login: "tiganu<275><STEAM_0:0:187978272><>" became an admin (account "tiganu") (access "b") (address "79.117.128.134")
L 05/19/2017 - 01:42:24: -------- Mapchange to deathrun_adi_blurez --------
L 05/19/2017 - 01:42:25: [AMXX] Failed to open dictionary file: cstrike/addons/amxmodx/data/lang/walkguard.txt
L 05/19/2017 - 01:42:26: [walkguard.amxx] no zone-file found
L 05/19/2017 - 03:25:49: -------- Mapchange to deathrun_2h_estonia --------
L 05/19/2017 - 03:25:50: [AMXX] Failed to open dictionary file: cstrike/addons/amxmodx/data/lang/walkguard.txt
L 05/19/2017 - 03:25:52: [walkguard.amxx] no zone-file found
L 05/19/2017 - 05:58:27: -------- Mapchange to deathrun_y_underground --------
L 05/19/2017 - 05:58:29: [AMXX] Failed to open dictionary file: cstrike/addons/amxmodx/data/lang/walkguard.txt
L 05/19/2017 - 05:58:30: [walkguard.amxx] no zone-file found
L 05/19/2017 - 06:23:47: -------- Mapchange to deathrun_privateers --------
L 05/19/2017 - 06:23:49: [AMXX] Failed to open dictionary file: cstrike/addons/amxmodx/data/lang/walkguard.txt
L 05/19/2017 - 06:23:50: [walkguard.amxx] no zone-file found
L 05/19/2017 - 06:24:35: [slayafk.amxx] [mr] isam ghaith a primit slay, deoarece a fost afk mai mult de 30 secunde
L 05/19/2017 - 07:21:28: -------- Mapchange to deathrun_rizzy_x --------
L 05/19/2017 - 07:21:29: [AMXX] Failed to open dictionary file: cstrike/addons/amxmodx/data/lang/walkguard.txt
L 05/19/2017 - 07:21:30: [walkguard.amxx] no zone-file found
L 05/19/2017 - 07:51:17: -------- Mapchange to deathrun_ghosts --------
L 05/19/2017 - 07:51:18: [AMXX] Failed to open dictionary file: cstrike/addons/amxmodx/data/lang/walkguard.txt
L 05/19/2017 - 07:51:19: [walkguard.amxx] no zone-file found
L 05/19/2017 - 08:32:12: -------- Mapchange to deathrun_sk_occult --------
L 05/19/2017 - 08:32:14: [AMXX] Failed to open dictionary file: cstrike/addons/amxmodx/data/lang/walkguard.txt
L 05/19/2017 - 08:32:15: [walkguard.amxx] no zone-file found
L 05/19/2017 - 09:01:11: -------- Mapchange to deathrun_jigsaw2 --------
L 05/19/2017 - 09:01:12: [AMXX] Failed to open dictionary file: cstrike/addons/amxmodx/data/lang/walkguard.txt
L 05/19/2017 - 09:01:14: [walkguard.amxx] no zone-file found
L 05/19/2017 - 09:11:13: [slayafk.amxx] SaMo JaKo | FANTA Milos a primit slay, deoarece a fost afk mai mult de 30 secunde
L 05/19/2017 - 09:26:03: [slayafk.amxx] SaMo JaKo | FANTA Milos a primit slay, deoarece a fost afk mai mult de 30 secunde
L 05/19/2017 - 09:37:18: [slayafk.amxx] SaMo JaKo | FANTA Milos a primit slay, deoarece a fost afk mai mult de 30 secunde
L 05/19/2017 - 09:38:43: [slayafk.amxx] SaMo JaKo | FANTA Milos a primit slay, deoarece a fost afk mai mult de 30 secunde
L 05/19/2017 - 09:40:58: [slayafk.amxx] SaMo JaKo | FANTA Milos a primit slay, deoarece a fost afk mai mult de 30 secunde
L 05/19/2017 - 09:42:18: [slayafk.amxx] SaMo JaKo | FANTA Milos a primit slay, deoarece a fost afk mai mult de 30 secunde
L 05/19/2017 - 09:43:13: [slayafk.amxx] SaMo JaKo | FANTA Milos a primit slay, deoarece a fost afk mai mult de 30 secunde
L 05/19/2017 - 09:44:13: [slayafk.amxx] SaMo JaKo | FANTA Milos a primit slay, deoarece a fost afk mai mult de 30 secunde
L 05/19/2017 - 09:50:03: [slayafk.amxx] SaMo JaKo | FANTA Milos a primit slay, deoarece a fost afk mai mult de 30 secunde
L 05/19/2017 - 10:50:33: [slayafk.amxx] SaMo JaKo | FANTA Milos a primit slay, deoarece a fost afk mai mult de 30 secunde
L 05/19/2017 - 10:50:36: -------- Mapchange to deathrun_christmas --------
L 05/19/2017 - 10:50:38: [AMXX] Failed to open dictionary file: cstrike/addons/amxmodx/data/lang/walkguard.txt
L 05/19/2017 - 10:50:39: [walkguard.amxx] no zone-file found
L 05/19/2017 - 10:51:18: [slayafk.amxx] SaMo JaKo | FANTA Milos a primit slay, deoarece a fost afk mai mult de 30 secunde
L 05/19/2017 - 10:51:28: [slayafk.amxx] fararsss a primit slay, deoarece a fost afk mai mult de 30 secunde
L 05/19/2017 - 10:52:08: [slayafk.amxx] SaMo JaKo | FANTA Milos a primit slay, deoarece a fost afk mai mult de 30 secunde
L 05/19/2017 - 10:54:03: [slayafk.amxx] SaMo JaKo | FANTA Milos a primit slay, deoarece a fost afk mai mult de 30 secunde
L 05/19/2017 - 10:56:13: [slayafk.amxx] SaMo JaKo | FANTA Milos a primit slay, deoarece a fost afk mai mult de 30 secunde
L 05/19/2017 - 11:14:08: [slayafk.amxx] SaMo JaKo | FANTA Milos a primit slay, deoarece a fost afk mai mult de 30 secunde
L 05/19/2017 - 11:17:33: [slayafk.amxx] SaMo JaKo | FANTA Milos a primit slay, deoarece a fost afk mai mult de 30 secunde
L 05/19/2017 - 11:20:18: [slayafk.amxx] 24710.2YVV a primit slay, deoarece a fost afk mai mult de 30 secunde
L 05/19/2017 - 11:20:58: [slayafk.amxx] SaMo JaKo | FANTA Milos a primit slay, deoarece a fost afk mai mult de 30 secunde
L 05/19/2017 - 11:21:58: [slayafk.amxx] KeNNy. a primit slay, deoarece a fost afk mai mult de 30 secunde
L 05/19/2017 - 11:24:08: [slayafk.amxx] SaMo JaKo | FANTA Milos a primit slay, deoarece a fost afk mai mult de 30 secunde
L 05/19/2017 - 11:24:38: [slayafk.amxx] KeNNy. a primit slay, deoarece a fost afk mai mult de 30 secunde
L 05/19/2017 - 11:25:13: [slayafk.amxx] SaMo JaKo | FANTA Milos a primit slay, deoarece a fost afk mai mult de 30 secunde
L 05/19/2017 - 11:25:43: [slayafk.amxx] KeNNy. a primit slay, deoarece a fost afk mai mult de 30 secunde
L 05/19/2017 - 11:26:23: [slayafk.amxx] SaMo JaKo | FANTA Milos a primit slay, deoarece a fost afk mai mult de 30 secunde
L 05/19/2017 - 11:26:53: [slayafk.amxx] KeNNy. a primit slay, deoarece a fost afk mai mult de 30 secunde
L 05/19/2017 - 11:27:28: [slayafk.amxx] SaMo JaKo | FANTA Milos a primit slay, deoarece a fost afk mai mult de 30 secunde
L 05/19/2017 - 11:27:58: [slayafk.amxx] KeNNy. a primit slay, deoarece a fost afk mai mult de 30 secunde
L 05/19/2017 - 11:28:33: [slayafk.amxx] SaMo JaKo | FANTA Milos a primit slay, deoarece a fost afk mai mult de 30 secunde
L 05/19/2017 - 11:29:38: [slayafk.amxx] KeNNy. a primit slay, deoarece a fost afk mai mult de 30 secunde
L 05/19/2017 - 11:30:23: [slayafk.amxx] SaMo JaKo | FANTA Milos a primit slay, deoarece a fost afk mai mult de 30 secunde
L 05/19/2017 - 11:31:03: [slayafk.amxx] SaMo JaKo | FANTA Milos a primit slay, deoarece a fost afk mai mult de 30 secunde
L 05/19/2017 - 11:31:38: [slayafk.amxx] KeNNy. a primit slay, deoarece a fost afk mai mult de 30 secunde
L 05/19/2017 - 11:32:18: [slayafk.amxx] SaMo JaKo | FANTA Milos a primit slay, deoarece a fost afk mai mult de 30 secunde
L 05/19/2017 - 11:32:53: [slayafk.amxx] KeNNy. a primit slay, deoarece a fost afk mai mult de 30 secunde
L 05/19/2017 - 11:33:33: [slayafk.amxx] SaMo JaKo | FANTA Milos a primit slay, deoarece a fost afk mai mult de 30 secunde
L 05/19/2017 - 11:34:08: [slayafk.amxx] KeNNy. a primit slay, deoarece a fost afk mai mult de 30 secunde
L 05/19/2017 - 11:34:43: [slayafk.amxx] SaMo JaKo | FANTA Milos a primit slay, deoarece a fost afk mai mult de 30 secunde
L 05/19/2017 - 11:35:13: [slayafk.amxx] KeNNy. a primit slay, deoarece a fost afk mai mult de 30 secunde
L 05/19/2017 - 11:35:48: [slayafk.amxx] SaMo JaKo | FANTA Milos a primit slay, deoarece a fost afk mai mult de 30 secunde
L 05/19/2017 - 11:37:28: [slayafk.amxx] KeNNy. a primit slay, deoarece a fost afk mai mult de 30 secunde
L 05/19/2017 - 11:37:40: [admincmd.amxx] Cmd: "Dr.FioriGinal.Ro ~ Server Clasi<0><><>" slay "arome mich muller;<365><STEAM_0:0:53596872><>"
L 05/19/2017 - 11:38:08: [slayafk.amxx] KeNNy. a primit slay, deoarece a fost afk mai mult de 30 secunde
L 05/19/2017 - 11:38:39: -------- Mapchange to deathrun_jinglebells2 --------
L 05/19/2017 - 11:38:40: [AMXX] Failed to open dictionary file: cstrike/addons/amxmodx/data/lang/walkguard.txt
L 05/19/2017 - 11:38:41: [walkguard.amxx] no zone-file found
L 05/19/2017 - 11:39:46: [slayafk.amxx] KeNNy. a primit slay, deoarece a fost afk mai mult de 30 secunde
L 05/19/2017 - 11:41:01: [slayafk.amxx] Loading ;x a primit slay, deoarece a fost afk mai mult de 30 secunde
L 05/19/2017 - 11:44:16: [slayafk.amxx] SaMo JaKo | FANTA Milos a primit slay, deoarece a fost afk mai mult de 30 secunde
L 05/19/2017 - 11:44:51: [slayafk.amxx] KeNNy. a primit slay, deoarece a fost afk mai mult de 30 secunde
L 05/19/2017 - 11:45:26: [slayafk.amxx] SaMo JaKo | FANTA Milos a primit slay, deoarece a fost afk mai mult de 30 secunde
L 05/19/2017 - 11:46:16: [slayafk.amxx] KeNNy. a primit slay, deoarece a fost afk mai mult de 30 secunde
L 05/19/2017 - 11:47:21: [slayafk.amxx] SaMo JaKo | FANTA Milos a primit slay, deoarece a fost afk mai mult de 30 secunde
L 05/19/2017 - 11:47:26: [slayafk.amxx] KeNNy. a primit slay, deoarece a fost afk mai mult de 30 secunde
L 05/19/2017 - 11:49:01: [slayafk.amxx] KeNNy. a primit slay, deoarece a fost afk mai mult de 30 secunde
L 05/19/2017 - 11:52:11: [slayafk.amxx] SaMo JaKo | FANTA Milos a primit slay, deoarece a fost afk mai mult de 30 secunde
L 05/19/2017 - 11:54:31: [slayafk.amxx] KeNNy. a primit slay, deoarece a fost afk mai mult de 30 secunde
L 05/19/2017 - 11:55:31: [slayafk.amxx] SaMo JaKo | FANTA Milos a primit slay, deoarece a fost afk mai mult de 30 secunde
L 05/19/2017 - 11:55:36: [slayafk.amxx] KeNNy. a primit slay, deoarece a fost afk mai mult de 30 secunde
L 05/19/2017 - 11:55:41: [slayafk.amxx] sf a primit slay, deoarece a fost afk mai mult de 30 secunde
L 05/19/2017 - 11:56:21: [slayafk.amxx] SaMo JaKo | FANTA Milos a primit slay, deoarece a fost afk mai mult de 30 secunde
L 05/19/2017 - 11:57:01: [slayafk.amxx] SaMo JaKo | FANTA Milos a primit slay, deoarece a fost afk mai mult de 30 secunde
L 05/19/2017 - 11:57:46: [slayafk.amxx] SaMo JaKo | FANTA Milos a primit slay, deoarece a fost afk mai mult de 30 secunde
L 05/19/2017 - 11:57:46: [slayafk.amxx] KeNNy. a primit slay, deoarece a fost afk mai mult de 30 secunde
L 05/19/2017 - 11:58:26: [slayafk.amxx] KeNNy. a primit slay, deoarece a fost afk mai mult de 30 secunde
L 05/19/2017 - 11:59:11: [slayafk.amxx] SaMo JaKo | FANTA Milos a primit slay, deoarece a fost afk mai mult de 30 secunde
L 05/19/2017 - 11:59:51: [slayafk.amxx] SaMo JaKo | FANTA Milos a primit slay, deoarece a fost afk mai mult de 30 secunde
L 05/19/2017 - 12:00:21: [slayafk.amxx] KeNNy. a primit slay, deoarece a fost afk mai mult de 30 secunde
L 05/19/2017 - 12:00:56: [slayafk.amxx] SaMo JaKo | FANTA Milos a primit slay, deoarece a fost afk mai mult de 30 secunde
L 05/19/2017 - 12:01:31: [slayafk.amxx] KeNNy. a primit slay, deoarece a fost afk mai mult de 30 secunde
L 05/19/2017 - 12:02:11: [slayafk.amxx] SaMo JaKo | FANTA Milos a primit slay, deoarece a fost afk mai mult de 30 secunde
L 05/19/2017 - 12:02:46: [slayafk.amxx] KeNNy. a primit slay, deoarece a fost afk mai mult de 30 secunde
L 05/19/2017 - 12:02:51: [slayafk.amxx] SaMo JaKo | FANTA Milos a primit slay, deoarece a fost afk mai mult de 30 secunde
L 05/19/2017 - 12:03:31: [slayafk.amxx] SaMo JaKo | FANTA Milos a primit slay, deoarece a fost afk mai mult de 30 secunde
L 05/19/2017 - 12:04:06: [slayafk.amxx] KeNNy. a primit slay, deoarece a fost afk mai mult de 30 secunde
L 05/19/2017 - 12:04:46: [slayafk.amxx] KeNNy. a primit slay, deoarece a fost afk mai mult de 30 secunde
L 05/19/2017 - 12:04:49: -------- Mapchange to deathrun_gb_winter_final4 --------
L 05/19/2017 - 12:04:50: [AMXX] Failed to open dictionary file: cstrike/addons/amxmodx/data/lang/walkguard.txt
L 05/19/2017 - 12:04:51: [walkguard.amxx] no zone-file found
L 05/19/2017 - 12:06:06: [slayafk.amxx] SaMo JaKo | FANTA Milos a primit slay, deoarece a fost afk mai mult de 30 secunde
L 05/19/2017 - 12:08:11: [admincmd.amxx] Cmd: "Dr.FioriGinal.Ro ~ Server Clasi<0><><>" slay "Abdo<391><VALVE_0:4:2084426430><>"
L 05/19/2017 - 12:12:09: [admincmd.amxx] Cmd: "Dr.FioriGinal.Ro ~ Server Clasi<0><><>" slay "SaMo JaKo | FANTA Milos<394><STEAM_0:0:1539025401><>"
L 05/19/2017 - 12:20:31: [slayafk.amxx] SaMo JaKo | FANTA Milos a primit slay, deoarece a fost afk mai mult de 30 secunde
L 05/19/2017 - 12:21:41: [slayafk.amxx] SaMo JaKo | FANTA Milos a primit slay, deoarece a fost afk mai mult de 30 secunde
L 05/19/2017 - 12:22:31: [slayafk.amxx] SaMo JaKo | FANTA Milos a primit slay, deoarece a fost afk mai mult de 30 secunde
L 05/19/2017 - 12:23:21: [slayafk.amxx] SaMo JaKo | FANTA Milos a primit slay, deoarece a fost afk mai mult de 30 secunde
L 05/19/2017 - 12:24:16: [slayafk.amxx] SaMo JaKo | FANTA Milos a primit slay, deoarece a fost afk mai mult de 30 secunde
L 05/19/2017 - 12:25:26: [slayafk.amxx] SaMo JaKo | FANTA Milos a primit slay, deoarece a fost afk mai mult de 30 secunde
L 05/19/2017 - 12:27:16: [slayafk.amxx] SaMo JaKo | FANTA Milos a primit slay, deoarece a fost afk mai mult de 30 secunde
L 05/19/2017 - 12:28:06: [slayafk.amxx] SaMo JaKo | FANTA Milos a primit slay, deoarece a fost afk mai mult de 30 secunde
L 05/19/2017 - 12:43:36: [admin.amxx] Login: "TALINSKA<397><STEAM_0:0:95233985><>" kicked due to invalid password (account "TALINSKA") (address "92.86.37.119")
L 05/19/2017 - 12:43:39: [admin.amxx] Login: "TALINSKA<398><STEAM_0:0:95233985><>" became an admin (account "TALINSKA") (access "b") (address "92.86.37.119")
L 05/19/2017 - 12:45:02: [admin.amxx] Login: "tiganu<399><STEAM_0:0:187978272><>" became an admin (account "tiganu") (access "b") (address "79.117.128.134")
L 05/19/2017 - 12:45:10: -------- Mapchange to deathrun_expres-winter --------
L 05/19/2017 - 12:45:11: [AMXX] Failed to open dictionary file: cstrike/addons/amxmodx/data/lang/walkguard.txt
L 05/19/2017 - 12:45:12: [walkguard.amxx] no zone-file found
L 05/19/2017 - 12:45:12: [admin.amxx] Login: "tiganu<399><STEAM_0:0:187978272><>" became an admin (account "tiganu") (access "b") (address "79.117.128.134")
L 05/19/2017 - 12:45:12: [admin.amxx] Login: "TALINSKA<398><STEAM_0:0:95233985><>" became an admin (account "TALINSKA") (access "b") (address "92.86.37.119")
L 05/19/2017 - 12:46:04: [admin.amxx] Login: "tiganu<403><STEAM_0:0:187978272><>" became an admin (account "tiganu") (access "b") (address "79.117.128.134")
L 05/19/2017 - 12:46:10: [admincmd.amxx] Cmd: "Dr.FioriGinal.Ro ~ Server Clasi<0><><>" slay "tiganu<403><STEAM_0:0:187978272><>"
L 05/19/2017 - 13:34:02: [slayafk.amxx] LGProfessional @ leaveeeee a primit slay, deoarece a fost afk mai mult de 30 secunde
L 05/19/2017 - 13:34:42: [slayafk.amxx] HP. a primit slay, deoarece a fost afk mai mult de 30 secunde
L 05/19/2017 - 13:38:21: [admincmd.amxx] Cmd: "Dr.FioriGinal.Ro ~ Server Clasi<0><><>" slay "Jumper!<430><STEAM_0:0:386497254><>"
L 05/19/2017 - 14:06:08: -------- Mapchange to deathrun_alleywinter --------
L 05/19/2017 - 14:06:10: [AMXX] Failed to open dictionary file: cstrike/addons/amxmodx/data/lang/walkguard.txt
L 05/19/2017 - 14:06:11: [walkguard.amxx] no zone-file found
L 05/19/2017 - 14:11:18: [admincmd.amxx] Cmd: "Dr.FioriGinal.Ro ~ Server Clasi<0><><>" slay "Hazzard.<3<443><VALVE_0:4:2144324210><>"
L 05/19/2017 - 14:33:24: [admincmd.amxx] Cmd: "Dr.FioriGinal.Ro ~ Server Clasi<0><><>" slay "Skynox<457><VALVE_0:4:327789686><>"
L 05/19/2017 - 14:38:27: [admincmd.amxx] Cmd: "Dr.FioriGinal.Ro ~ Server Clasi<0><><>" slay "Stalone<460><VALVE_0:4:512084603><>"
L 05/19/2017 - 14:40:30: [admincmd.amxx] Cmd: "Dr.FioriGinal.Ro ~ Server Clasi<0><><>" slay "Stalone<461><VALVE_0:4:512084603><>"
L 05/19/2017 - 14:55:52: [admincmd.amxx] Cmd: "Dr.FioriGinal.Ro ~ Server Clasi<0><><>" slay "Hyena<469><VALVE_0:4:429258718><>"
L 05/19/2017 - 15:05:45: [admincmd.amxx] Cmd: "Dr.FioriGinal.Ro ~ Server Clasi<0><><>" slay "SWEQW | LOW<473><VALVE_0:4:1825069426><>"
L 05/19/2017 - 15:24:17: -------- Mapchange to deathrun_trenal_lux --------
L 05/19/2017 - 15:24:18: [AMXX] Failed to open dictionary file: cstrike/addons/amxmodx/data/lang/walkguard.txt
L 05/19/2017 - 15:24:19: [walkguard.amxx] no zone-file found
L 05/19/2017 - 16:09:58: -------- Mapchange to deathrun_greyskull --------
L 05/19/2017 - 16:10:00: [AMXX] Failed to open dictionary file: cstrike/addons/amxmodx/data/lang/walkguard.txt
L 05/19/2017 - 16:10:01: [walkguard.amxx] no zone-file found
L 05/19/2017 - 16:19:51: [admincmd.amxx] Cmd: "Dr.FioriGinal.Ro ~ Server Clasi<0><><>" slay "SWEQW | LOW<503><VALVE_0:4:1825069426><>"
L 05/19/2017 - 16:43:13: [admincmd.amxx] Cmd: "Dr.FioriGinal.Ro ~ Server Clasi<0><><>" slay "sf<523><STEAM_0:0:1522747117><>"
L 05/19/2017 - 16:44:36: [admincmd.amxx] Cmd: "Dr.FioriGinal.Ro ~ Server Clasi<0><><>" slay "hody<524><STEAM_0:0:1016541550><>"
L 05/19/2017 - 16:45:32: -------- Mapchange to deathrun_stronghold_beta1 --------
L 05/19/2017 - 16:45:33: [AMXX] Failed to open dictionary file: cstrike/addons/amxmodx/data/lang/walkguard.txt
L 05/19/2017 - 16:45:34: [walkguard.amxx] no zone-file found
L 05/19/2017 - 17:27:29: -------- Mapchange to deathrun_aztecan_beta1 --------
L 05/19/2017 - 17:27:31: [AMXX] Failed to open dictionary file: cstrike/addons/amxmodx/data/lang/walkguard.txt
L 05/19/2017 - 17:27:32: [walkguard.amxx] no zone-file found
L 05/19/2017 - 17:28:40: [admincmd.amxx] Cmd: "Dr.FioriGinal.Ro ~ Server Clasi<0><><>" slay "Hitsouka<542><STEAM_0:0:1095217314><>"
L 05/19/2017 - 17:29:50: [admincmd.amxx] Cmd: "Dr.FioriGinal.Ro ~ Server Clasi<0><><>" slay "sf<545><STEAM_0:0:1522747117><>"
L 05/19/2017 - 17:31:12: [admincmd.amxx] Cmd: "Dr.FioriGinal.Ro ~ Server Clasi<0><><>" slay "sf<548><STEAM_0:0:1522747117><>"
L 05/19/2017 - 17:36:23: [admincmd.amxx] Cmd: "Dr.FioriGinal.Ro ~ Server Clasi<0><><>" slay "sf<555><STEAM_0:0:1522747117><>"
L 05/19/2017 - 17:38:21: [slayafk.amxx] chocolate a primit slay, deoarece a fost afk mai mult de 30 secunde
L 05/19/2017 - 17:39:04: [admincmd.amxx] Cmd: "Dr.FioriGinal.Ro ~ Server Clasi<0><><>" slay "sf<560><STEAM_0:0:1522747117><>"
L 05/19/2017 - 17:39:06: [admincmd.amxx] Cmd: "Dr.FioriGinal.Ro ~ Server Clasi<0><><>" slay "beas<561><STEAM_0:0:1016541550><>"
L 05/19/2017 - 17:40:56: [admincmd.amxx] Cmd: "Dr.FioriGinal.Ro ~ Server Clasi<0><><>" slay "booo<562><VALVE_0:4:171622987><>"
L 05/19/2017 - 17:44:28: [admincmd.amxx] Cmd: "Dr.FioriGinal.Ro ~ Server Clasi<0><><>" slay "beas<566><STEAM_0:0:1016541550><>"
L 05/19/2017 - 18:01:02: [admincmd.amxx] Cmd: "Dr.FioriGinal.Ro ~ Server Clasi<0><><>" slay "alexx12<579><STEAM_0:0:1759788244><>"
L 05/19/2017 - 18:11:46: [slayafk.amxx] !ZeuS! a primit slay, deoarece a fost afk mai mult de 30 secunde
L 05/19/2017 - 18:19:41: [slayafk.amxx] sf a primit slay, deoarece a fost afk mai mult de 30 secunde
L 05/19/2017 - 18:36:26: [admincmd.amxx] Cmd: "Dr.FioriGinal.Ro ~ Server Clasi<0><><>" slay "TratamenT<599><VALVE_0:4:756665591><>"
L 05/19/2017 - 18:39:50: [admincmd.amxx] Cmd: "Dr.FioriGinal.Ro ~ Server Clasi<0><><>" slay "sfdfa<602><STEAM_0:0:1016541550><>"
L 05/19/2017 - 18:43:28: [admin.amxx] Login: "Alex.<606><VALVE_0:4:357813362><>" kicked due to invalid password (account "Alex.") (address "93.122.251.131")
L 05/19/2017 - 18:43:37: [admin.amxx] Login: "Alex.<607><VALVE_0:4:357813362><>" kicked due to invalid password (account "Alex.") (address "93.122.251.131")
L 05/19/2017 - 18:44:15: [admincmd.amxx] Cmd: "Dr.FioriGinal.Ro ~ Server Clasi<0><><>" slay "sfdfa<608><STEAM_0:0:1016541550><>"
L 05/19/2017 - 18:44:16: [admincmd.amxx] Cmd: "Dr.FioriGinal.Ro ~ Server Clasi<0><><>" slay "booo<609><VALVE_0:4:171622987><>"
L 05/19/2017 - 18:47:57: [admincmd.amxx] Cmd: "Dr.FioriGinal.Ro ~ Server Clasi<0><><>" slay "booo<611><VALVE_0:4:171622987><>"
L 05/19/2017 - 18:48:41: [admincmd.amxx] Cmd: "Dr.FioriGinal.Ro ~ Server Clasi<0><><>" slay "sfdfa<613><STEAM_0:0:1016541550><>"
L 05/19/2017 - 18:49:10: [admin.amxx] Login: "Alex.<614><VALVE_0:4:357813362><>" kicked due to invalid password (account "Alex.") (address "93.122.251.131")
L 05/19/2017 - 18:49:31: [admin.amxx] Login: "Alex.<615><VALVE_0:4:357813362><>" kicked due to invalid password (account "Alex.") (address "93.122.251.131")
L 05/19/2017 - 18:51:32: [admin.amxx] Login: "Alex.<620><VALVE_0:4:357813362><>" kicked due to invalid password (account "Alex.") (address "93.122.251.131")
L 05/19/2017 - 18:52:28: [admincmd.amxx] Cmd: "Dr.FioriGinal.Ro ~ Server Clasi<0><><>" slay "sfdfa<621><STEAM_0:0:1016541550><>"
L 05/19/2017 - 18:58:11: [admincmd.amxx] Cmd: "Dr.FioriGinal.Ro ~ Server Clasi<0><><>" slay "sfdfa<623><STEAM_0:0:1016541550><>"
L 05/19/2017 - 19:01:09: -------- Mapchange to deathrun_pyramid --------
L 05/19/2017 - 19:01:11: [AMXX] Failed to open dictionary file: cstrike/addons/amxmodx/data/lang/walkguard.txt
L 05/19/2017 - 19:01:12: [walkguard.amxx] no zone-file found
L 05/19/2017 - 19:08:00: [admincmd.amxx] Cmd: "Dr.FioriGinal.Ro ~ Server Clasi<0><><>" slay "sfdfa<630><STEAM_0:0:1016541550><>"
L 05/19/2017 - 19:09:59: [admincmd.amxx] Cmd: "Dr.FioriGinal.Ro ~ Server Clasi<0><><>" slay "Tud0r<632><STEAM_0:0:1100480979><>"
L 05/19/2017 - 19:27:23: [admincmd.amxx] Cmd: "Dr.FioriGinal.Ro ~ Server Clasi<0><><>" slay "oFF^KillShot<637><STEAM_0:0:497727529><>"
L 05/19/2017 - 19:58:55: -------- Mapchange to deathrun_standup --------
L 05/19/2017 - 19:58:57: [AMXX] Failed to open dictionary file: cstrike/addons/amxmodx/data/lang/walkguard.txt
L 05/19/2017 - 19:58:58: [walkguard.amxx] no zone-file found
L 05/19/2017 - 20:24:55: -------- Mapchange to deathrun_sentinel --------
L 05/19/2017 - 20:25:06: -------- Mapchange to deathrun_forest --------
L 05/19/2017 - 20:25:14: [AMXX] Failed to open dictionary file: cstrike/addons/amxmodx/data/lang/walkguard.txt
L 05/19/2017 - 20:25:16: [walkguard.amxx] no zone-file found
L 05/19/2017 - 20:25:25: Invalid multi-lingual line (file "cstrike/addons/amxmodx/data/lang/rom_protect.txt" key "// *ROM-Protect// Plugin OpenSource anti-IsFlooding/bug-fix pentru orice server." lang "")
L 05/19/2017 - 20:25:25: Invalid multi-lingual line (file "cstrike/addons/amxmodx/data/lang/rom_protect.txt" key "// Versiunea : 1.0.4s-dev. Bulid : 98. Data lansarii versiunii : 03.12.2016." lang "")
L 05/19/2017 - 20:25:25: Invalid multi-lingual line (file "cstrike/addons/amxmodx/data/lang/rom_protect.txt" key "// Autor : lüxor # Dr.Fio & DR2.IND (+ eNd.) - SteamID (contact) : luxxxoor" lang "")
L 05/19/2017 - 20:25:25: Invalid multi-lingual line (file "cstrike/addons/amxmodx/data/lang/rom_protect.txt" key "// O productie FioriGinal.ro - site : www.fioriginal.ro" lang "")
L 05/19/2017 - 20:25:25: Invalid multi-lingual line (file "cstrike/addons/amxmodx/data/lang/rom_protect.txt" key "// Link forum de dezvoltare : http://forum.fioriginal.ro/amxmodx-plugins-pluginuri/rom-protect-anti-flood-bug-fix-t28292.html" lang "")
L 05/19/2017 - 20:25:25: Invalid multi-lingual line (file "cstrike/addons/amxmodx/data/lang/rom_protect.txt" key "// Link sursa : https://github.com/luxxxoor/ROM-Protect" lang "")
L 05/19/2017 - 20:25:25: Invalid multi-lingual line (file "cstrike/addons/amxmodx/data/lang/rom_protect.txt" key "// Colori : ^1 - Culoarea aleasa de jucator cu con_color." lang "")
L 05/19/2017 - 20:25:25: Invalid multi-lingual line (file "cstrike/addons/amxmodx/data/lang/rom_protect.txt" key "//          ^3 - Culoare gri." lang "")
L 05/19/2017 - 20:25:25: Invalid multi-lingual line (file "cstrike/addons/amxmodx/data/lang/rom_protect.txt" key "//          ^4 - Culoare verde." lang "")
L 05/19/2017 - 20:29:16: [admincmd.amxx] Cmd: "Dr.FioriGinal.Ro ~ Server Clasi<0><><>" slay "Stalone<6><VALVE_0:4:512084603><>"
L 05/19/2017 - 20:43:55: [admincmd.amxx] Cmd: "Dr.FioriGinal.Ro ~ Server Clasi<0><><>" slay "Ciprian<17><VALVE_0:4:530491763><>"
L 05/19/2017 - 20:46:32: [admin.amxx] Login: "Xstrafers # |LOL|XXX<18><STEAM_0:1:24069958><>" became an admin (account "Xstrafers # |LOL|XXX") (access "b") (address "5.15.84.31")
L 05/19/2017 - 20:48:04: [admin.amxx] Login: "Xstrafers # |LOL|XXX<19><STEAM_0:1:24069958><>" became an admin (account "Xstrafers # |LOL|XXX") (access "b") (address "5.15.84.31")
L 05/19/2017 - 20:48:14: [admincmd.amxx] Cmd: "Xstrafers # |LOL|XXX<19><STEAM_0:1:24069958><>" changelevel "deathrun_standup"
L 05/19/2017 - 20:48:16: -------- Mapchange to deathrun_standup --------
L 05/19/2017 - 20:48:18: [AMXX] Failed to open dictionary file: cstrike/addons/amxmodx/data/lang/walkguard.txt
L 05/19/2017 - 20:48:19: [admin.amxx] Login: "Xstrafers # |LOL|XXX<19><STEAM_0:1:24069958><>" became an admin (account "Xstrafers # |LOL|XXX") (access "b") (address "5.15.84.31")
L 05/19/2017 - 20:48:19: [walkguard.amxx] no zone-file found
L 05/19/2017 - 20:48:19: [admin.amxx] Login: "Cuppy # LePatron<20><STEAM_0:0:126723296><>" became an admin (account "Cuppy # LePatron") (access "b") (address "46.253.168.87")
L 05/19/2017 - 21:14:24: -------- Mapchange to deathrun_long_run --------
L 05/19/2017 - 21:14:26: [AMXX] Failed to open dictionary file: cstrike/addons/amxmodx/data/lang/walkguard.txt
L 05/19/2017 - 21:14:27: [walkguard.amxx] no zone-file found
L 05/19/2017 - 21:54:31: [slayafk.amxx] qSpace a primit slay, deoarece a fost afk mai mult de 30 secunde
L 05/19/2017 - 22:24:21: [slayafk.amxx] mwheeldown.KeBu^ a primit slay, deoarece a fost afk mai mult de 30 secunde
L 05/19/2017 - 22:25:11: [slayafk.amxx] mwheeldown.KeBu^ a primit slay, deoarece a fost afk mai mult de 30 secunde
L 05/19/2017 - 22:47:31: [slayafk.amxx] mwheeldown.KeBu^ a primit slay, deoarece a fost afk mai mult de 30 secunde
L 05/19/2017 - 22:48:48: [admincmd.amxx] Cmd: "Dr.FioriGinal.Ro ~ Server Clasi<0><><>" slay "Puffy.<84><VALVE_0:4:798251250><>"
L 05/19/2017 - 22:51:56: [slayafk.amxx] Puffy. a primit slay, deoarece a fost afk mai mult de 30 secunde
L 05/19/2017 - 23:00:07: -------- Mapchange to deathrun_virtualstrike --------
L 05/19/2017 - 23:00:09: [AMXX] Failed to open dictionary file: cstrike/addons/amxmodx/data/lang/walkguard.txt
L 05/19/2017 - 23:00:10: [walkguard.amxx] no zone-file found
L 05/19/2017 - 23:00:41: [admincmd.amxx] Cmd: "Dr.FioriGinal.Ro ~ Server Clasi<0><><>" slay "Ro.# iNdecEnT<93><STEAM_0:0:58082199><>"
L 05/19/2017 - 23:37:48: -------- Mapchange to deathrun_nightrun_beta3 --------
L 05/19/2017 - 23:37:49: [AMXX] Failed to open dictionary file: cstrike/addons/amxmodx/data/lang/walkguard.txt
L 05/19/2017 - 23:37:50: [walkguard.amxx] no zone-file found
L 05/19/2017 - 23:39:22: [admincmd.amxx] Cmd: "Dr.FioriGinal.Ro ~ Server Clasi<0><><>" slay "kel<111><STEAM_0:0:1016541550><>"
