L 02/03/2017 - 00:07:15: [admin.amxx] Login: "EvolGeniuS - ThE king#<1821><STEAM_0:1:84045719><>" became an admin (account "EvolGeniuS - ThE king#") (access "bi") (address "5.14.38.200")
L 02/03/2017 - 00:09:20: [plmenu.amxx] Cmd: "EvolGeniuS - ThE king#<1821><STEAM_0:1:84045719><>" slap with 0 damage "GreenDemon<1819><STEAM_0:0:1441446622><>"
L 02/03/2017 - 00:13:21: -------- Mapchange to deathrun_hell1337_final --------
L 02/03/2017 - 00:13:23: [comp_timer2.amxx] Error on query: You have an error in your SQL syntax; check the manual that corresponds to your MySQL server version for the right syntax to use near '' at line 1
L 02/03/2017 - 00:13:23: [comp_timer2.amxx] FailState == TQUERY_QUERY_FAILED, Query failed.
L 02/03/2017 - 00:13:23: [admin.amxx] Login: "EvolGeniuS - ThE king#<1821><STEAM_0:1:84045719><>" became an admin (account "EvolGeniuS - ThE king#") (access "bi") (address "5.14.38.200")
L 02/03/2017 - 00:13:25: [admin.amxx] Login: "EvolGeniuS - ThE king#<1824><STEAM_0:1:84045719><>" became an admin (account "EvolGeniuS - ThE king#") (access "bi") (address "5.14.38.200")
L 02/03/2017 - 00:15:48: [slayafk.amxx] IrreguLar a primit slay, deoarece a fost afk mai mult de 30 secunde
L 02/03/2017 - 00:17:03: [admin.amxx] Login: "SWAGGIE. XD<1832><VALVE_0:4:862961770><>" became an admin (account "SWAGGIE. XD") (access "bi") (address "109.98.131.207")
L 02/03/2017 - 00:17:04: [admin.amxx] Login: "SWAGGIE. XD<1833><VALVE_0:4:862961770><>" became an admin (account "SWAGGIE. XD") (access "bi") (address "109.98.131.207")
L 02/03/2017 - 00:17:23: [slayafk.amxx] IrreguLar a primit slay, deoarece a fost afk mai mult de 30 secunde
L 02/03/2017 - 00:17:28: [admin.amxx] Login: "SWAGGIE. XD<1834><VALVE_0:4:862961770><>" became an admin (account "SWAGGIE. XD") (access "bi") (address "109.98.131.207")
L 02/03/2017 - 00:17:34: [admincmd.amxx] Cmd: "Dr.FioriGinal.Ro ~ Server Clasi<0><><>" slay "SWAGGIE. XD<1834><VALVE_0:4:862961770><>"
L 02/03/2017 - 00:19:57: [admin.amxx] Login: "SWAGGIE. XD<1837><VALVE_0:4:862961770><>" became an admin (account "SWAGGIE. XD") (access "bi") (address "109.98.131.207")
L 02/03/2017 - 00:22:14: [admin.amxx] Login: "EvolGeniuS - ThE king#<1840><STEAM_0:1:84045719><>" became an admin (account "EvolGeniuS - ThE king#") (access "bi") (address "5.14.38.200")
L 02/03/2017 - 00:40:32: [mapsmenu.amxx] Vote: "EvolGeniuS - ThE king#<1840><STEAM_0:1:84045719><>" vote maps (map#1 "deathrun_bhopz_v2") (map#2 "") (map#3 "") (map#4 "")
L 02/03/2017 - 00:40:44: [mapsmenu.amxx] Vote: Voting successful. Map will be changed to deathrun_bhopz_v2
L 02/03/2017 - 00:42:48: [slayafk.amxx] Alexandru.pRo.cLaN-Nexon a primit slay, deoarece a fost afk mai mult de 30 secunde
L 02/03/2017 - 00:45:09: -------- Mapchange to deathrun_bhopz_v2 --------
L 02/03/2017 - 00:45:11: [comp_timer2.amxx] Error on query: You have an error in your SQL syntax; check the manual that corresponds to your MySQL server version for the right syntax to use near '' at line 1
L 02/03/2017 - 00:45:11: [comp_timer2.amxx] FailState == TQUERY_QUERY_FAILED, Query failed.
L 02/03/2017 - 00:45:52: [admincmd.amxx] Cmd: "Dr.FioriGinal.Ro ~ Server Clasi<0><><>" slay "Alexandru.pRo.cLaN-Nexon<1853><VALVE_0:4:1264603760><>"
L 02/03/2017 - 00:45:58: [admincmd.amxx] Cmd: "Dr.FioriGinal.Ro ~ Server Clasi<0><><>" slay "markeloff <3<1854><STEAM_0:0:519573258><>"
L 02/03/2017 - 00:46:04: [admincmd.amxx] Cmd: "Dr.FioriGinal.Ro ~ Server Clasi<0><><>" slay "AirRfaNs<1855><VALVE_0:4:443753456><>"
L 02/03/2017 - 01:05:23: [admincmd.amxx] Cmd: "Dr.FioriGinal.Ro ~ Server Clasi<0><><>" slay "maketacke<1864><STEAM_0:0:1715760849><>"
L 02/03/2017 - 01:07:58: [admincmd.amxx] Cmd: "Dr.FioriGinal.Ro ~ Server Clasi<0><><>" slay "markeloff <3<1872><STEAM_0:0:519573258><>"
L 02/03/2017 - 01:19:46: [admincmd.amxx] Cmd: "Dr.FioriGinal.Ro ~ Server Clasi<0><><>" slay "urs<1880><STEAM_0:0:617221731><>"
L 02/03/2017 - 01:20:07: [admincmd.amxx] Cmd: "Dr.FioriGinal.Ro ~ Server Clasi<0><><>" slay "urs<1881><STEAM_0:0:1713978533><>"
L 02/03/2017 - 01:32:06: -------- Mapchange to deathrun_hell1337_final --------
L 02/03/2017 - 01:32:08: [comp_timer2.amxx] Error on query: You have an error in your SQL syntax; check the manual that corresponds to your MySQL server version for the right syntax to use near '' at line 1
L 02/03/2017 - 01:32:08: [comp_timer2.amxx] FailState == TQUERY_QUERY_FAILED, Query failed.
L 02/03/2017 - 01:57:12: -------- Mapchange to deathrun_toony_beta1 --------
L 02/03/2017 - 01:57:14: [comp_timer2.amxx] Error on query: You have an error in your SQL syntax; check the manual that corresponds to your MySQL server version for the right syntax to use near '' at line 1
L 02/03/2017 - 01:57:14: [comp_timer2.amxx] FailState == TQUERY_QUERY_FAILED, Query failed.
L 02/03/2017 - 01:59:49: [admincmd.amxx] Cmd: "Dr.FioriGinal.Ro ~ Server Clasi<0><><>" slay "urs<1902><STEAM_0:0:991282005><>"
L 02/03/2017 - 02:07:29: [admincmd.amxx] Cmd: "Dr.FioriGinal.Ro ~ Server Clasi<0><><>" slay "urs<1905><STEAM_0:0:1060533706><>"
L 02/03/2017 - 02:08:24: [slayafk.amxx] urs a primit slay, deoarece a fost afk mai mult de 30 secunde
L 02/03/2017 - 02:09:04: [slayafk.amxx] urs a primit slay, deoarece a fost afk mai mult de 30 secunde
L 02/03/2017 - 02:09:44: [slayafk.amxx] urs a primit slay, deoarece a fost afk mai mult de 30 secunde
L 02/03/2017 - 02:10:29: [slayafk.amxx] urs a primit slay, deoarece a fost afk mai mult de 30 secunde
L 02/03/2017 - 02:10:59: [slayafk.amxx] [PRO_KINFE]_Sexy Skiler a primit slay, deoarece a fost afk mai mult de 30 secunde
L 02/03/2017 - 02:11:39: [slayafk.amxx] urs a primit slay, deoarece a fost afk mai mult de 30 secunde
L 02/03/2017 - 02:12:09: [slayafk.amxx] [PRO_KINFE]_Sexy Skiler a primit slay, deoarece a fost afk mai mult de 30 secunde
L 02/03/2017 - 02:12:44: [slayafk.amxx] urs a primit slay, deoarece a fost afk mai mult de 30 secunde
L 02/03/2017 - 02:13:14: [slayafk.amxx] [PRO_KINFE]_Sexy Skiler a primit slay, deoarece a fost afk mai mult de 30 secunde
L 02/03/2017 - 02:13:54: [slayafk.amxx] urs a primit slay, deoarece a fost afk mai mult de 30 secunde
L 02/03/2017 - 02:14:24: [slayafk.amxx] [PRO_KINFE]_Sexy Skiler a primit slay, deoarece a fost afk mai mult de 30 secunde
L 02/03/2017 - 02:14:59: [slayafk.amxx] urs a primit slay, deoarece a fost afk mai mult de 30 secunde
L 02/03/2017 - 02:15:29: [slayafk.amxx] [PRO_KINFE]_Sexy Skiler a primit slay, deoarece a fost afk mai mult de 30 secunde
L 02/03/2017 - 02:16:04: [slayafk.amxx] urs a primit slay, deoarece a fost afk mai mult de 30 secunde
L 02/03/2017 - 02:16:34: [slayafk.amxx] [PRO_KINFE]_Sexy Skiler a primit slay, deoarece a fost afk mai mult de 30 secunde
L 02/03/2017 - 02:17:09: [slayafk.amxx] urs a primit slay, deoarece a fost afk mai mult de 30 secunde
L 02/03/2017 - 02:17:44: [slayafk.amxx] [PRO_KINFE]_Sexy Skiler a primit slay, deoarece a fost afk mai mult de 30 secunde
L 02/03/2017 - 02:18:24: [slayafk.amxx] urs a primit slay, deoarece a fost afk mai mult de 30 secunde
L 02/03/2017 - 02:18:59: [slayafk.amxx] [PRO_KINFE]_Sexy Skiler a primit slay, deoarece a fost afk mai mult de 30 secunde
L 02/03/2017 - 02:19:34: [slayafk.amxx] urs a primit slay, deoarece a fost afk mai mult de 30 secunde
L 02/03/2017 - 02:20:09: [slayafk.amxx] [PRO_KINFE]_Sexy Skiler a primit slay, deoarece a fost afk mai mult de 30 secunde
L 02/03/2017 - 02:20:54: [slayafk.amxx] urs a primit slay, deoarece a fost afk mai mult de 30 secunde
L 02/03/2017 - 02:20:59: [slayafk.amxx] [PRO_KINFE]_Sexy Skiler a primit slay, deoarece a fost afk mai mult de 30 secunde
L 02/03/2017 - 02:21:39: [slayafk.amxx] [PRO_KINFE]_Sexy Skiler a primit slay, deoarece a fost afk mai mult de 30 secunde
L 02/03/2017 - 02:22:39: [slayafk.amxx] [PRO_KINFE]_Sexy Skiler a primit slay, deoarece a fost afk mai mult de 30 secunde
L 02/03/2017 - 02:23:44: [slayafk.amxx] [PRO_KINFE]_Sexy Skiler a primit slay, deoarece a fost afk mai mult de 30 secunde
L 02/03/2017 - 02:24:39: [slayafk.amxx] [PRO_KINFE]_Sexy Skiler a primit slay, deoarece a fost afk mai mult de 30 secunde
L 02/03/2017 - 02:25:49: [slayafk.amxx] [PRO_KINFE]_Sexy Skiler a primit slay, deoarece a fost afk mai mult de 30 secunde
L 02/03/2017 - 02:26:59: [slayafk.amxx] [PRO_KINFE]_Sexy Skiler a primit slay, deoarece a fost afk mai mult de 30 secunde
L 02/03/2017 - 02:27:34: [slayafk.amxx] urs a primit slay, deoarece a fost afk mai mult de 30 secunde
L 02/03/2017 - 02:28:09: [slayafk.amxx] [PRO_KINFE]_Sexy Skiler a primit slay, deoarece a fost afk mai mult de 30 secunde
L 02/03/2017 - 02:28:59: [slayafk.amxx] [PRO_KINFE]_Sexy Skiler a primit slay, deoarece a fost afk mai mult de 30 secunde
L 02/03/2017 - 02:29:39: [slayafk.amxx] urs a primit slay, deoarece a fost afk mai mult de 30 secunde
L 02/03/2017 - 02:30:14: [slayafk.amxx] [PRO_KINFE]_Sexy Skiler a primit slay, deoarece a fost afk mai mult de 30 secunde
L 02/03/2017 - 02:30:54: [slayafk.amxx] urs a primit slay, deoarece a fost afk mai mult de 30 secunde
L 02/03/2017 - 02:31:29: [slayafk.amxx] [PRO_KINFE]_Sexy Skiler a primit slay, deoarece a fost afk mai mult de 30 secunde
L 02/03/2017 - 02:32:04: [slayafk.amxx] urs a primit slay, deoarece a fost afk mai mult de 30 secunde
L 02/03/2017 - 02:32:34: [slayafk.amxx] [PRO_KINFE]_Sexy Skiler a primit slay, deoarece a fost afk mai mult de 30 secunde
L 02/03/2017 - 02:33:14: [slayafk.amxx] urs a primit slay, deoarece a fost afk mai mult de 30 secunde
L 02/03/2017 - 02:33:44: [slayafk.amxx] [PRO_KINFE]_Sexy Skiler a primit slay, deoarece a fost afk mai mult de 30 secunde
L 02/03/2017 - 02:34:24: [slayafk.amxx] urs a primit slay, deoarece a fost afk mai mult de 30 secunde
L 02/03/2017 - 02:34:54: [slayafk.amxx] [PRO_KINFE]_Sexy Skiler a primit slay, deoarece a fost afk mai mult de 30 secunde
L 02/03/2017 - 02:35:29: [slayafk.amxx] urs a primit slay, deoarece a fost afk mai mult de 30 secunde
L 02/03/2017 - 02:35:32: -------- Mapchange to deathrun_3sixty_fg_fix2 --------
L 02/03/2017 - 02:35:33: [comp_timer2.amxx] Error on query: You have an error in your SQL syntax; check the manual that corresponds to your MySQL server version for the right syntax to use near '' at line 1
L 02/03/2017 - 02:35:33: [comp_timer2.amxx] FailState == TQUERY_QUERY_FAILED, Query failed.
L 02/03/2017 - 03:00:19: [slayafk.amxx] urs a primit slay, deoarece a fost afk mai mult de 30 secunde
L 02/03/2017 - 03:09:44: -------- Mapchange to deathrun_army_blue_beta1 --------
L 02/03/2017 - 03:09:46: [comp_timer2.amxx] Error on query: You have an error in your SQL syntax; check the manual that corresponds to your MySQL server version for the right syntax to use near '' at line 1
L 02/03/2017 - 03:09:46: [comp_timer2.amxx] FailState == TQUERY_QUERY_FAILED, Query failed.
L 02/03/2017 - 03:39:38: -------- Mapchange to deathrun_expres-winter --------
L 02/03/2017 - 03:39:39: [comp_timer2.amxx] Error on query: You have an error in your SQL syntax; check the manual that corresponds to your MySQL server version for the right syntax to use near '' at line 1
L 02/03/2017 - 03:39:39: [comp_timer2.amxx] FailState == TQUERY_QUERY_FAILED, Query failed.
L 02/03/2017 - 04:37:12: -------- Mapchange to deathrun_laikiux7 --------
L 02/03/2017 - 04:37:13: [comp_timer2.amxx] Error on query: You have an error in your SQL syntax; check the manual that corresponds to your MySQL server version for the right syntax to use near '' at line 1
L 02/03/2017 - 04:37:13: [comp_timer2.amxx] FailState == TQUERY_QUERY_FAILED, Query failed.
L 02/03/2017 - 05:02:30: -------- Mapchange to deathrun_aventure --------
L 02/03/2017 - 05:02:31: [comp_timer2.amxx] Error on query: You have an error in your SQL syntax; check the manual that corresponds to your MySQL server version for the right syntax to use near '' at line 1
L 02/03/2017 - 05:02:31: [comp_timer2.amxx] FailState == TQUERY_QUERY_FAILED, Query failed.
L 02/03/2017 - 05:27:01: [admincmd.amxx] Cmd: "Dr.FioriGinal.Ro ~ Server Clasi<0><><>" slay "LoLz<1932><VALVE_0:4:739298935><>"
L 02/03/2017 - 05:28:57: -------- Mapchange to deathrun_neon --------
L 02/03/2017 - 05:28:59: [comp_timer2.amxx] Error on query: You have an error in your SQL syntax; check the manual that corresponds to your MySQL server version for the right syntax to use near '' at line 1
L 02/03/2017 - 05:28:59: [comp_timer2.amxx] FailState == TQUERY_QUERY_FAILED, Query failed.
L 02/03/2017 - 06:00:45: -------- Mapchange to deathrun_c00l_f --------
L 02/03/2017 - 06:00:46: [comp_timer2.amxx] Error on query: You have an error in your SQL syntax; check the manual that corresponds to your MySQL server version for the right syntax to use near '' at line 1
L 02/03/2017 - 06:00:46: [comp_timer2.amxx] FailState == TQUERY_QUERY_FAILED, Query failed.
L 02/03/2017 - 07:24:01: -------- Mapchange to deathrun_bhopz --------
L 02/03/2017 - 07:24:03: [comp_timer2.amxx] Error on query: You have an error in your SQL syntax; check the manual that corresponds to your MySQL server version for the right syntax to use near '' at line 1
L 02/03/2017 - 07:24:03: [comp_timer2.amxx] FailState == TQUERY_QUERY_FAILED, Query failed.
L 02/03/2017 - 08:17:31: -------- Mapchange to deathrun_unreal_air --------
L 02/03/2017 - 08:17:33: [comp_timer2.amxx] Error on query: You have an error in your SQL syntax; check the manual that corresponds to your MySQL server version for the right syntax to use near '' at line 1
L 02/03/2017 - 08:17:33: [comp_timer2.amxx] FailState == TQUERY_QUERY_FAILED, Query failed.
L 02/03/2017 - 09:00:45: [admin.amxx] Login: "Levi99<1964><STEAM_0:0:183716598><>" became an admin (account "Levi99") (access "bi") (address "79.115.8.58")
L 02/03/2017 - 09:04:32: -------- Mapchange to deathrun_mc_nwk --------
L 02/03/2017 - 09:04:33: [comp_timer2.amxx] Error on query: You have an error in your SQL syntax; check the manual that corresponds to your MySQL server version for the right syntax to use near '' at line 1
L 02/03/2017 - 09:04:33: [comp_timer2.amxx] FailState == TQUERY_QUERY_FAILED, Query failed.
L 02/03/2017 - 09:04:34: [admin.amxx] Login: "Levi99<1964><STEAM_0:0:183716598><>" became an admin (account "Levi99") (access "bi") (address "79.115.8.58")
L 02/03/2017 - 09:04:36: [admin.amxx] Login: "Levi99<1965><STEAM_0:0:183716598><>" became an admin (account "Levi99") (access "bi") (address "79.115.8.58")
L 02/03/2017 - 09:14:50: [admincmd.amxx] Cmd: "Dr.FioriGinal.Ro ~ Server Clasi<0><><>" slay "JustKILL<1973><STEAM_0:0:516949682><>"
L 02/03/2017 - 09:24:04: [admin.amxx] Login: "d@rc@ # VANDALIZM<1975><STEAM_0:1:63870684><>" became an admin (account "d@rc@ # VANDALIZM") (access "bi") (address "109.97.27.219")
L 02/03/2017 - 09:42:17: -------- Mapchange to deathrun_gb_winter_final4 --------
L 02/03/2017 - 09:42:18: [comp_timer2.amxx] Error on query: You have an error in your SQL syntax; check the manual that corresponds to your MySQL server version for the right syntax to use near '' at line 1
L 02/03/2017 - 09:42:18: [comp_timer2.amxx] FailState == TQUERY_QUERY_FAILED, Query failed.
L 02/03/2017 - 09:48:39: [slayafk.amxx] kNIFE. SEries a primit slay, deoarece a fost afk mai mult de 30 secunde
L 02/03/2017 - 10:01:38: [admincmd.amxx] Cmd: "Dr.FioriGinal.Ro ~ Server Clasi<0><><>" slay "*HS*RuNNNeR<1990><STEAM_0:0:1306896318><>"
L 02/03/2017 - 10:27:37: -------- Mapchange to deathrun_death --------
L 02/03/2017 - 10:27:39: [comp_timer2.amxx] Error on query: You have an error in your SQL syntax; check the manual that corresponds to your MySQL server version for the right syntax to use near '' at line 1
L 02/03/2017 - 10:27:39: [comp_timer2.amxx] FailState == TQUERY_QUERY_FAILED, Query failed.
L 02/03/2017 - 10:55:21: -------- Mapchange to deathrun_atacama_beta2 --------
L 02/03/2017 - 10:55:22: [comp_timer2.amxx] Error on query: You have an error in your SQL syntax; check the manual that corresponds to your MySQL server version for the right syntax to use near '' at line 1
L 02/03/2017 - 10:55:22: [comp_timer2.amxx] FailState == TQUERY_QUERY_FAILED, Query failed.
L 02/03/2017 - 10:57:47: [admin.amxx] Login: "wKn<2024><STEAM_0:0:196614190><>" became an admin (account "wKn") (access "bit") (address "92.80.78.114")
L 02/03/2017 - 10:59:37: [admin.amxx] Login: "wKn<2026><STEAM_0:0:196614190><>" became an admin (account "wKn") (access "bit") (address "92.80.78.114")
L 02/03/2017 - 11:02:05: [admincmd.amxx] Cmd: "Dr.FioriGinal.Ro ~ Server Clasi<0><><>" slay "seconD ;HNSk<2028><STEAM_0:1:39271980><>"
L 02/03/2017 - 11:04:37: [admincmd.amxx] Cmd: "Dr.FioriGinal.Ro ~ Server Clasi<0><><>" slay "seconD ;HNSk<2033><STEAM_0:1:39271980><>"
L 02/03/2017 - 11:08:13: [admincmd.amxx] Cmd: "Dr.FioriGinal.Ro ~ Server Clasi<0><><>" slay "seconD ;HNSk<2036><STEAM_0:1:39271980><>"
L 02/03/2017 - 11:08:22: [admin.amxx] Login: "wKn<2037><STEAM_0:0:196614190><>" became an admin (account "wKn") (access "bit") (address "92.80.78.114")
L 02/03/2017 - 11:11:42: [slayafk.amxx] seconD ;HNSk a primit slay, deoarece a fost afk mai mult de 30 secunde
L 02/03/2017 - 11:12:10: [bhop.amxx] Error on query: Duplicate entry 'Cosmin]' for key 'NickName'
L 02/03/2017 - 11:12:10: [bhop.amxx] FailState == TQUERY_QUERY_FAILED, Query failed.
L 02/03/2017 - 11:16:11: [admin.amxx] Login: "deadpool<2049><STEAM_0:0:30403765><>" became an admin (account "deadpool") (access "bit") (address "82.79.251.176")
L 02/03/2017 - 11:21:15: [admin.amxx] Login: "kolo1<2058><STEAM_0:0:156924429><>" became an admin (account "kolo1") (access "bi") (address "92.82.122.143")
L 02/03/2017 - 11:21:22: [admin.amxx] Login: "kolo1<2059><STEAM_0:0:156924429><>" became an admin (account "kolo1") (access "bi") (address "92.82.122.143")
L 02/03/2017 - 11:27:05: [admincmd.amxx] Cmd: "Dr.FioriGinal.Ro ~ Server Clasi<0><><>" slay "RTRF<2069><STEAM_0:0:744655790><>"
L 02/03/2017 - 11:28:00: [admin.amxx] Login: "NevA.<2073><VALVE_0:4:569264242><>" became an admin (account "NevA.") (access "bit") (address "93.114.128.234")
L 02/03/2017 - 11:28:02: [admin.amxx] Login: "NevA.<2074><VALVE_0:4:569264242><>" became an admin (account "NevA.") (access "bit") (address "93.114.128.234")
L 02/03/2017 - 11:28:47: [admincmd.amxx] Cmd: "Dr.FioriGinal.Ro ~ Server Clasi<0><><>" slay "RTRF<2075><STEAM_0:0:744655790><>"
L 02/03/2017 - 11:35:16: -------- Mapchange to deathrun_silence --------
L 02/03/2017 - 11:35:19: [comp_timer2.amxx] Error on query: You have an error in your SQL syntax; check the manual that corresponds to your MySQL server version for the right syntax to use near '' at line 1
L 02/03/2017 - 11:35:19: [comp_timer2.amxx] FailState == TQUERY_QUERY_FAILED, Query failed.
L 02/03/2017 - 11:35:19: [admin.amxx] Login: "NevA.<2074><VALVE_0:4:569264242><>" became an admin (account "NevA.") (access "bit") (address "93.114.128.234")
L 02/03/2017 - 11:35:22: [admin.amxx] Login: "NevA.<2085><VALVE_0:4:569264242><>" became an admin (account "NevA.") (access "bit") (address "93.114.128.234")
L 02/03/2017 - 11:44:58: [slayafk.amxx] RTRF a primit slay, deoarece a fost afk mai mult de 30 secunde
L 02/03/2017 - 11:56:25: [admin.amxx] Login: "kolo1<2099><VALVE_0:4:320034930><>" kicked due to invalid password (account "kolo1") (address "92.82.122.143")
L 02/03/2017 - 11:56:35: [admin.amxx] Login: "kolo1<2100><VALVE_0:4:320034930><>" kicked due to invalid password (account "kolo1") (address "92.82.122.143")
L 02/03/2017 - 11:56:39: [admin.amxx] Login: "kolo1<2101><VALVE_0:4:320034930><>" became an admin (account "kolo1") (access "bi") (address "92.82.122.143")
L 02/03/2017 - 11:56:52: [admin.amxx] Login: "kolo1<2102><VALVE_0:4:320034930><>" became an admin (account "kolo1") (access "bi") (address "92.82.122.143")
L 02/03/2017 - 12:01:27: [comp_timer2.amxx] Error on query: You have an error in your SQL syntax; check the manual that corresponds to your MySQL server version for the right syntax to use near 's that69' AND Map = 'deathrun_silence'' at line 1
L 02/03/2017 - 12:01:27: [comp_timer2.amxx] FailState == TQUERY_QUERY_FAILED, Query failed.
L 02/03/2017 - 12:01:59: [admin.amxx] Login: "deadpool<2109><STEAM_0:0:30403765><>" became an admin (account "deadpool") (access "bit") (address "82.79.251.176")
L 02/03/2017 - 12:02:04: -------- Mapchange to deathrun_death_hard --------
L 02/03/2017 - 12:02:06: [comp_timer2.amxx] Error on query: You have an error in your SQL syntax; check the manual that corresponds to your MySQL server version for the right syntax to use near '' at line 1
L 02/03/2017 - 12:02:06: [comp_timer2.amxx] FailState == TQUERY_QUERY_FAILED, Query failed.
L 02/03/2017 - 12:02:07: [admin.amxx] Login: "deadpool<2109><STEAM_0:0:30403765><>" became an admin (account "deadpool") (access "bit") (address "82.79.251.176")
L 02/03/2017 - 12:02:10: [admin.amxx] Login: "deadpool<2112><STEAM_0:0:30403765><>" became an admin (account "deadpool") (access "bit") (address "82.79.251.176")
L 02/03/2017 - 12:06:13: [admin.amxx] Login: "wKn<2120><STEAM_0:0:196614190><>" became an admin (account "wKn") (access "bit") (address "92.85.73.239")
L 02/03/2017 - 12:06:25: [admin.amxx] Login: "wKn<2121><STEAM_0:0:196614190><>" became an admin (account "wKn") (access "bit") (address "92.85.73.239")
L 02/03/2017 - 12:12:18: [admin.amxx] Login: "kolo1<2129><VALVE_0:4:320034930><>" kicked due to invalid password (account "kolo1") (address "92.82.122.143")
L 02/03/2017 - 12:12:32: [admin.amxx] Login: "kolo1<2130><VALVE_0:4:320034930><>" became an admin (account "kolo1") (access "bi") (address "92.82.122.143")
L 02/03/2017 - 12:14:57: [admin.amxx] Login: "fl0ppy<2135><VALVE_0:4:69193463><>" became an admin (account "fl0ppy") (access "bi") (address "86.127.99.161")
L 02/03/2017 - 12:15:03: [admin.amxx] Login: "fl0ppy<2136><VALVE_0:4:69193463><>" became an admin (account "fl0ppy") (access "bi") (address "86.127.99.161")
L 02/03/2017 - 12:15:14: [admincmd.amxx] Cmd: "Dr.FioriGinal.Ro ~ Server Clasi<0><><>" slay "K.A.S* WAKNES<2138><STEAM_0:0:1315499095><>"
L 02/03/2017 - 12:27:49: -------- Mapchange to deathrun_green_X --------
L 02/03/2017 - 12:27:50: [comp_timer2.amxx] Error on query: You have an error in your SQL syntax; check the manual that corresponds to your MySQL server version for the right syntax to use near '' at line 1
L 02/03/2017 - 12:27:50: [comp_timer2.amxx] FailState == TQUERY_QUERY_FAILED, Query failed.
L 02/03/2017 - 12:27:51: [admin.amxx] Login: "kolo1<2130><VALVE_0:4:320034930><>" became an admin (account "kolo1") (access "bi") (address "92.82.122.143")
L 02/03/2017 - 12:28:04: [admin.amxx] Login: "kolo1<2153><VALVE_0:4:320034930><>" became an admin (account "kolo1") (access "bi") (address "92.82.122.143")
L 02/03/2017 - 12:29:13: [admincmd.amxx] Cmd: "Dr.FioriGinal.Ro ~ Server Clasi<0><><>" slay "Vlad<2155><STEAM_0:0:507818967><>"
L 02/03/2017 - 12:29:30: [admin.amxx] Login: "wadafac!<2156><VALVE_0:4:1628556155><>" became an admin (account "wadafac!") (access "bi") (address "79.116.127.107")
L 02/03/2017 - 12:29:38: [admin.amxx] Login: "wadafac!<2157><VALVE_0:4:1628556155><>" became an admin (account "wadafac!") (access "bi") (address "79.116.127.107")
L 02/03/2017 - 12:29:55: [admin.amxx] Login: "Hazard'<2158><STEAM_0:0:67292689><>" became an admin (account "Hazard'") (access "bi") (address "85.186.3.173")
L 02/03/2017 - 12:33:21: [admin.amxx] Login: "deadpool<2159><STEAM_0:0:30403765><>" became an admin (account "deadpool") (access "bit") (address "82.79.251.176")
L 02/03/2017 - 12:36:15: [slayafk.amxx] deadpool a primit slay, deoarece a fost afk mai mult de 30 secunde
L 02/03/2017 - 12:48:39: [admin.amxx] Login: "joki<2174><STEAM_0:1:189984113><>" became an admin (account "joki") (access "bit") (address "82.77.168.74")
L 02/03/2017 - 12:48:41: [admin.amxx] Login: "joki<2175><STEAM_0:1:189984113><>" became an admin (account "joki") (access "bit") (address "82.77.168.74")
L 02/03/2017 - 13:18:44: -------- Mapchange to deathrun_mici_f --------
L 02/03/2017 - 13:18:45: [comp_timer2.amxx] Error on query: You have an error in your SQL syntax; check the manual that corresponds to your MySQL server version for the right syntax to use near '' at line 1
L 02/03/2017 - 13:18:45: [comp_timer2.amxx] FailState == TQUERY_QUERY_FAILED, Query failed.
L 02/03/2017 - 13:25:26: [slayafk.amxx] ! a primit slay, deoarece a fost afk mai mult de 30 secunde
L 02/03/2017 - 13:26:14: [admin.amxx] Login: "SWAGGIE. XD<2201><VALVE_0:4:862961770><>" became an admin (account "SWAGGIE. XD") (access "bi") (address "109.98.131.207")
L 02/03/2017 - 13:26:46: [slayafk.amxx] ! a primit slay, deoarece a fost afk mai mult de 30 secunde
L 02/03/2017 - 13:29:36: [comp_timer2.amxx] Error on query: Access denied for user 'vuser575'@'89.40.104.11' (using password: YES)
L 02/03/2017 - 13:29:36: [comp_timer2.amxx] FailState == TQUERY_CONNECT_FAILED, Could not connect to SQL database.
L 02/03/2017 - 13:29:37: [comp_timer2.amxx] Error on query: You have an error in your SQL syntax; check the manual that corresponds to your MySQL server version for the right syntax to use near '' at line 1
L 02/03/2017 - 13:29:37: [comp_timer2.amxx] FailState == TQUERY_QUERY_FAILED, Query failed.
L 02/03/2017 - 13:29:45: [admincmd.amxx] Cmd: "Dr.FioriGinal.Ro ~ Server Clasi<0><><>" slay "RTRF<2220><STEAM_0:0:744655790><>"
L 02/03/2017 - 13:29:46: [admincmd.amxx] Cmd: "Dr.FioriGinal.Ro ~ Server Clasi<0><><>" slay "kNIFE. SEries<2219><STEAM_0:0:2043915654><>"
L 02/03/2017 - 13:30:06: [slayafk.amxx] (1)kNIFE. SEries a primit slay, deoarece a fost afk mai mult de 30 secunde
L 02/03/2017 - 13:30:45: [admin.amxx] Login: "SWAGGIE. XD<2222><VALVE_0:4:862961770><>" became an admin (account "SWAGGIE. XD") (access "bi") (address "109.98.131.207")
L 02/03/2017 - 13:31:57: [admincmd.amxx] Cmd: "Dr.FioriGinal.Ro ~ Server Clasi<0><><>" slay "RTRF<2226><STEAM_0:0:744655790><>"
L 02/03/2017 - 13:44:10: -------- Mapchange to deathrun_pacman_v2 --------
L 02/03/2017 - 13:44:11: [comp_timer2.amxx] Error on query: You have an error in your SQL syntax; check the manual that corresponds to your MySQL server version for the right syntax to use near '' at line 1
L 02/03/2017 - 13:44:11: [comp_timer2.amxx] FailState == TQUERY_QUERY_FAILED, Query failed.
L 02/03/2017 - 13:44:46: [slayafk.amxx] DoZe a primit slay, deoarece a fost afk mai mult de 30 secunde
L 02/03/2017 - 13:45:21: [slayafk.amxx] DoZe a primit slay, deoarece a fost afk mai mult de 30 secunde
L 02/03/2017 - 13:49:01: [slayafk.amxx] DoZe a primit slay, deoarece a fost afk mai mult de 30 secunde
L 02/03/2017 - 13:49:01: [slayafk.amxx] adysialtele a primit slay, deoarece a fost afk mai mult de 30 secunde
L 02/03/2017 - 13:50:51: [slayafk.amxx] DoZe a primit slay, deoarece a fost afk mai mult de 30 secunde
L 02/03/2017 - 13:53:51: [slayafk.amxx] DoZe a primit slay, deoarece a fost afk mai mult de 30 secunde
L 02/03/2017 - 13:55:06: [slayafk.amxx] DoZe a primit slay, deoarece a fost afk mai mult de 30 secunde
L 02/03/2017 - 13:56:45: [admin.amxx] Login: "Joker$*<2244><VALVE_0:4:2104377450><>" kicked due to invalid password (account "Joker$*") (address "109.98.128.83")
L 02/03/2017 - 13:57:09: [admin.amxx] Login: "Joker$*<2245><VALVE_0:4:2104377450><>" became an admin (account "Joker$*") (access "bi") (address "109.98.128.83")
L 02/03/2017 - 13:57:12: [admin.amxx] Login: "Joker$*<2246><VALVE_0:4:2104377450><>" became an admin (account "Joker$*") (access "bi") (address "109.98.128.83")
L 02/03/2017 - 13:58:11: [slayafk.amxx] DoZe a primit slay, deoarece a fost afk mai mult de 30 secunde
L 02/03/2017 - 14:00:36: [slayafk.amxx] DoZe a primit slay, deoarece a fost afk mai mult de 30 secunde
L 02/03/2017 - 14:01:16: [slayafk.amxx] DoZe a primit slay, deoarece a fost afk mai mult de 30 secunde
L 02/03/2017 - 14:09:27: [admin.amxx] Login: "wadafac!<2247><VALVE_0:4:1628556155><>" became an admin (account "wadafac!") (access "bi") (address "79.116.127.107")
L 02/03/2017 - 14:09:37: -------- Mapchange to deathrun_purplez_v2_b3 --------
L 02/03/2017 - 14:09:39: [comp_timer2.amxx] Error on query: You have an error in your SQL syntax; check the manual that corresponds to your MySQL server version for the right syntax to use near '' at line 1
L 02/03/2017 - 14:09:39: [comp_timer2.amxx] FailState == TQUERY_QUERY_FAILED, Query failed.
L 02/03/2017 - 14:09:40: [admin.amxx] Login: "wadafac!<2247><VALVE_0:4:1628556155><>" became an admin (account "wadafac!") (access "bi") (address "79.116.127.107")
L 02/03/2017 - 14:09:44: [admin.amxx] Login: "wadafac!<2248><VALVE_0:4:1628556155><>" became an admin (account "wadafac!") (access "bi") (address "79.116.127.107")
L 02/03/2017 - 14:10:44: [slayafk.amxx] DoZe a primit slay, deoarece a fost afk mai mult de 30 secunde
L 02/03/2017 - 14:11:12: [admincmd.amxx] Cmd: "wadafac!<2248><VALVE_0:4:1628556155><>" slay "DoZe<2179><STEAM_0:0:1518108911><>"
L 02/03/2017 - 14:12:17: [admincmd.amxx] Cmd: "wadafac!<2248><VALVE_0:4:1628556155><>" slay "DoZe<2179><STEAM_0:0:1518108911><>"
L 02/03/2017 - 14:18:44: [slayafk.amxx] DoZe a primit slay, deoarece a fost afk mai mult de 30 secunde
L 02/03/2017 - 14:19:19: [slayafk.amxx] DoZe a primit slay, deoarece a fost afk mai mult de 30 secunde
L 02/03/2017 - 14:21:09: [slayafk.amxx] DoZe a primit slay, deoarece a fost afk mai mult de 30 secunde
L 02/03/2017 - 14:21:16: [admin.amxx] Login: "d@rc@ # VANDALIZM<2258><STEAM_0:1:63870684><>" became an admin (account "d@rc@ # VANDALIZM") (access "bi") (address "109.97.27.219")
L 02/03/2017 - 14:22:14: [slayafk.amxx] DoZe a primit slay, deoarece a fost afk mai mult de 30 secunde
L 02/03/2017 - 14:23:29: [slayafk.amxx] DoZe a primit slay, deoarece a fost afk mai mult de 30 secunde
L 02/03/2017 - 14:24:09: [slayafk.amxx] adysialtele a primit slay, deoarece a fost afk mai mult de 30 secunde
L 02/03/2017 - 14:24:49: [slayafk.amxx] DoZe a primit slay, deoarece a fost afk mai mult de 30 secunde
L 02/03/2017 - 14:25:39: [slayafk.amxx] DoZe a primit slay, deoarece a fost afk mai mult de 30 secunde
L 02/03/2017 - 14:26:24: [slayafk.amxx] DoZe a primit slay, deoarece a fost afk mai mult de 30 secunde
L 02/03/2017 - 14:27:04: [slayafk.amxx] DoZe a primit slay, deoarece a fost afk mai mult de 30 secunde
L 02/03/2017 - 14:27:54: [slayafk.amxx] DoZe a primit slay, deoarece a fost afk mai mult de 30 secunde
L 02/03/2017 - 14:28:34: [slayafk.amxx] DoZe a primit slay, deoarece a fost afk mai mult de 30 secunde
L 02/03/2017 - 14:29:00: [admin.amxx] Login: "kolo1<2266><VALVE_0:4:320034930><>" became an admin (account "kolo1") (access "bi") (address "92.82.122.143")
L 02/03/2017 - 14:29:09: [bhop.amxx] Error on query: Duplicate entry 'LSD' for key 'NickName'
L 02/03/2017 - 14:29:09: [bhop.amxx] FailState == TQUERY_QUERY_FAILED, Query failed.
L 02/03/2017 - 14:29:11: [admin.amxx] Login: "kolo1<2267><VALVE_0:4:320034930><>" became an admin (account "kolo1") (access "bi") (address "92.82.122.143")
L 02/03/2017 - 14:29:39: [slayafk.amxx] DoZe a primit slay, deoarece a fost afk mai mult de 30 secunde
L 02/03/2017 - 14:29:52: [admin.amxx] Login: "d@rc@ # VANDALIZM<2268><STEAM_0:1:63870684><>" became an admin (account "d@rc@ # VANDALIZM") (access "bi") (address "109.97.27.219")
L 02/03/2017 - 14:30:24: [slayafk.amxx] DoZe a primit slay, deoarece a fost afk mai mult de 30 secunde
L 02/03/2017 - 14:32:19: [slayafk.amxx] DoZe a primit slay, deoarece a fost afk mai mult de 30 secunde
L 02/03/2017 - 14:33:09: [slayafk.amxx] DoZe a primit slay, deoarece a fost afk mai mult de 30 secunde
L 02/03/2017 - 14:33:09: [slayafk.amxx] adysialtele a primit slay, deoarece a fost afk mai mult de 30 secunde
L 02/03/2017 - 14:35:09: [slayafk.amxx] DoZe a primit slay, deoarece a fost afk mai mult de 30 secunde
L 02/03/2017 - 14:36:01: -------- Mapchange to deathrun_shit_v2 --------
L 02/03/2017 - 14:36:02: [comp_timer2.amxx] Error on query: You have an error in your SQL syntax; check the manual that corresponds to your MySQL server version for the right syntax to use near '' at line 1
L 02/03/2017 - 14:36:02: [comp_timer2.amxx] FailState == TQUERY_QUERY_FAILED, Query failed.
L 02/03/2017 - 14:36:03: [admin.amxx] Login: "kolo1<2267><VALVE_0:4:320034930><>" became an admin (account "kolo1") (access "bi") (address "92.82.122.143")
L 02/03/2017 - 14:36:06: [admin.amxx] Login: "kolo1<2274><VALVE_0:4:320034930><>" became an admin (account "kolo1") (access "bi") (address "92.82.122.143")
L 02/03/2017 - 14:36:23: [admincmd.amxx] Cmd: "Dr.FioriGinal.Ro ~ Server Clasi<0><><>" slay "markeloff <3<2282><STEAM_0:0:519573258><>"
L 02/03/2017 - 14:36:25: [admincmd.amxx] Cmd: "Dr.FioriGinal.Ro ~ Server Clasi<0><><>" slay "adysialtele<2283><STEAM_0:0:1006633258><>"
L 02/03/2017 - 14:41:48: [admincmd.amxx] Cmd: "Dr.FioriGinal.Ro ~ Server Clasi<0><><>" slay "psycho<2293><VALVE_0:4:548268016><>"
L 02/03/2017 - 14:42:04: [adminchat.amxx] Chat: "6AM<2292><VALVE_0:4:1717292919><>" chat " slay leu2"
L 02/03/2017 - 14:42:28: [admincmd.amxx] Cmd: "Dr.FioriGinal.Ro ~ Server Clasi<0><><>" slay "psycho<2295><VALVE_0:4:548268016><>"
L 02/03/2017 - 14:44:58: [slayafk.amxx] DoZe a primit slay, deoarece a fost afk mai mult de 30 secunde
L 02/03/2017 - 14:46:58: [slayafk.amxx] DoZe a primit slay, deoarece a fost afk mai mult de 30 secunde
L 02/03/2017 - 14:46:58: [slayafk.amxx] adysialtele a primit slay, deoarece a fost afk mai mult de 30 secunde
L 02/03/2017 - 14:48:05: [admincmd.amxx] Cmd: "Dr.FioriGinal.Ro ~ Server Clasi<0><><>" slay "psycho<2297><VALVE_0:4:548268016><>"
L 02/03/2017 - 14:48:28: [slayafk.amxx] DoZe a primit slay, deoarece a fost afk mai mult de 30 secunde
L 02/03/2017 - 14:49:48: [slayafk.amxx] DoZe a primit slay, deoarece a fost afk mai mult de 30 secunde
L 02/03/2017 - 14:50:53: [slayafk.amxx] DoZe a primit slay, deoarece a fost afk mai mult de 30 secunde
L 02/03/2017 - 14:50:53: [slayafk.amxx] David a primit slay, deoarece a fost afk mai mult de 30 secunde
L 02/03/2017 - 14:52:23: [slayafk.amxx] David a primit slay, deoarece a fost afk mai mult de 30 secunde
L 02/03/2017 - 14:53:48: [slayafk.amxx] DoZe a primit slay, deoarece a fost afk mai mult de 30 secunde
L 02/03/2017 - 14:53:48: [slayafk.amxx] David a primit slay, deoarece a fost afk mai mult de 30 secunde
L 02/03/2017 - 14:54:43: [slayafk.amxx] DoZe a primit slay, deoarece a fost afk mai mult de 30 secunde
L 02/03/2017 - 14:54:43: [slayafk.amxx] markeloff <3 a primit slay, deoarece a fost afk mai mult de 30 secunde
L 02/03/2017 - 14:55:28: [slayafk.amxx] David a primit slay, deoarece a fost afk mai mult de 30 secunde
L 02/03/2017 - 14:55:33: [slayafk.amxx] DoZe a primit slay, deoarece a fost afk mai mult de 30 secunde
L 02/03/2017 - 14:56:38: [slayafk.amxx] markeloff <3 a primit slay, deoarece a fost afk mai mult de 30 secunde
L 02/03/2017 - 14:56:43: [slayafk.amxx] DoZe a primit slay, deoarece a fost afk mai mult de 30 secunde
L 02/03/2017 - 14:57:38: [slayafk.amxx] DoZe a primit slay, deoarece a fost afk mai mult de 30 secunde
L 02/03/2017 - 14:58:18: [slayafk.amxx] markeloff <3 a primit slay, deoarece a fost afk mai mult de 30 secunde
L 02/03/2017 - 14:58:20: [admin.amxx] Login: "dEz<2311><STEAM_0:0:2136574392><>" kicked due to invalid password (account "dEz") (address "109.96.62.12")
L 02/03/2017 - 14:58:53: [slayafk.amxx] DoZe a primit slay, deoarece a fost afk mai mult de 30 secunde
L 02/03/2017 - 14:59:38: [slayafk.amxx] markeloff <3 a primit slay, deoarece a fost afk mai mult de 30 secunde
L 02/03/2017 - 14:59:43: [slayafk.amxx] DoZe a primit slay, deoarece a fost afk mai mult de 30 secunde
L 02/03/2017 - 15:00:23: [slayafk.amxx] DoZe a primit slay, deoarece a fost afk mai mult de 30 secunde
L 02/03/2017 - 15:00:23: [slayafk.amxx] markeloff <3 a primit slay, deoarece a fost afk mai mult de 30 secunde
L 02/03/2017 - 15:01:03: [slayafk.amxx] markeloff <3 a primit slay, deoarece a fost afk mai mult de 30 secunde
L 02/03/2017 - 15:01:19: -------- Mapchange to deathrun_kings_never_die --------
L 02/03/2017 - 15:01:20: [comp_timer2.amxx] Error on query: You have an error in your SQL syntax; check the manual that corresponds to your MySQL server version for the right syntax to use near '' at line 1
L 02/03/2017 - 15:01:20: [comp_timer2.amxx] FailState == TQUERY_QUERY_FAILED, Query failed.
L 02/03/2017 - 15:01:56: [slayafk.amxx] markeloff <3 a primit slay, deoarece a fost afk mai mult de 30 secunde
L 02/03/2017 - 15:02:01: [slayafk.amxx] DoZe a primit slay, deoarece a fost afk mai mult de 30 secunde
L 02/03/2017 - 15:02:30: [slayafk.amxx] markeloff <3 a primit slay, deoarece a fost afk mai mult de 30 secunde
L 02/03/2017 - 15:02:36: [slayafk.amxx] DoZe a primit slay, deoarece a fost afk mai mult de 30 secunde
L 02/03/2017 - 15:03:16: [slayafk.amxx] markeloff <3 a primit slay, deoarece a fost afk mai mult de 30 secunde
L 02/03/2017 - 15:04:10: [slayafk.amxx] DoZe a primit slay, deoarece a fost afk mai mult de 30 secunde
L 02/03/2017 - 15:04:16: [slayafk.amxx] markeloff <3 a primit slay, deoarece a fost afk mai mult de 30 secunde
L 02/03/2017 - 15:04:56: [slayafk.amxx] DoZe a primit slay, deoarece a fost afk mai mult de 30 secunde
L 02/03/2017 - 15:05:18: [comp_timer2.amxx] Error on query: You have an error in your SQL syntax; check the manual that corresponds to your MySQL server version for the right syntax to use near 's that69' AND Map = 'deathrun_kings_never_die'' at line 1
L 02/03/2017 - 15:05:18: [comp_timer2.amxx] FailState == TQUERY_QUERY_FAILED, Query failed.
L 02/03/2017 - 15:06:06: [slayafk.amxx] markeloff <3 a primit slay, deoarece a fost afk mai mult de 30 secunde
L 02/03/2017 - 15:06:51: [slayafk.amxx] DoZe a primit slay, deoarece a fost afk mai mult de 30 secunde
L 02/03/2017 - 15:06:56: [slayafk.amxx] markeloff <3 a primit slay, deoarece a fost afk mai mult de 30 secunde
L 02/03/2017 - 15:07:36: [slayafk.amxx] DoZe a primit slay, deoarece a fost afk mai mult de 30 secunde
L 02/03/2017 - 15:07:36: [slayafk.amxx] markeloff <3 a primit slay, deoarece a fost afk mai mult de 30 secunde
L 02/03/2017 - 15:08:16: [slayafk.amxx] DoZe a primit slay, deoarece a fost afk mai mult de 30 secunde
L 02/03/2017 - 15:08:16: [slayafk.amxx] markeloff <3 a primit slay, deoarece a fost afk mai mult de 30 secunde
L 02/03/2017 - 15:08:22: [admin.amxx] Login: "cool<2324><STEAM_0:1:25922700><>" became an admin (account "cool") (access "bi") (address "5.14.104.229")
L 02/03/2017 - 15:09:06: [slayafk.amxx] MiB^ @like's that69 a primit slay, deoarece a fost afk mai mult de 30 secunde
L 02/03/2017 - 15:09:11: [slayafk.amxx] markeloff <3 a primit slay, deoarece a fost afk mai mult de 30 secunde
L 02/03/2017 - 15:10:06: [slayafk.amxx] DoZe a primit slay, deoarece a fost afk mai mult de 30 secunde
L 02/03/2017 - 15:10:11: [slayafk.amxx] MiB^ @like's that69 a primit slay, deoarece a fost afk mai mult de 30 secunde
L 02/03/2017 - 15:10:11: [slayafk.amxx] markeloff <3 a primit slay, deoarece a fost afk mai mult de 30 secunde
L 02/03/2017 - 15:11:41: [slayafk.amxx] DoZe a primit slay, deoarece a fost afk mai mult de 30 secunde
L 02/03/2017 - 15:11:41: [slayafk.amxx] markeloff <3 a primit slay, deoarece a fost afk mai mult de 30 secunde
L 02/03/2017 - 15:12:45: [slayafk.amxx] MiB^ @like's that69 a primit slay, deoarece a fost afk mai mult de 30 secunde
L 02/03/2017 - 15:12:51: [slayafk.amxx] DoZe a primit slay, deoarece a fost afk mai mult de 30 secunde
L 02/03/2017 - 15:12:51: [slayafk.amxx] markeloff <3 a primit slay, deoarece a fost afk mai mult de 30 secunde
L 02/03/2017 - 15:13:31: [slayafk.amxx] MiB^ @like's that69 a primit slay, deoarece a fost afk mai mult de 30 secunde
L 02/03/2017 - 15:13:31: [slayafk.amxx] markeloff <3 a primit slay, deoarece a fost afk mai mult de 30 secunde
L 02/03/2017 - 15:14:56: [slayafk.amxx] DoZe a primit slay, deoarece a fost afk mai mult de 30 secunde
L 02/03/2017 - 15:15:00: [slayafk.amxx] MiB^ @like's that69 a primit slay, deoarece a fost afk mai mult de 30 secunde
L 02/03/2017 - 15:15:00: [slayafk.amxx] markeloff <3 a primit slay, deoarece a fost afk mai mult de 30 secunde
L 02/03/2017 - 15:15:41: [slayafk.amxx] Fortlessica. a primit slay, deoarece a fost afk mai mult de 30 secunde
L 02/03/2017 - 15:15:41: [slayafk.amxx] DoZe a primit slay, deoarece a fost afk mai mult de 30 secunde
L 02/03/2017 - 15:15:41: [slayafk.amxx] markeloff <3 a primit slay, deoarece a fost afk mai mult de 30 secunde
L 02/03/2017 - 15:16:20: [slayafk.amxx] Fortlessica. a primit slay, deoarece a fost afk mai mult de 30 secunde
L 02/03/2017 - 15:16:20: [slayafk.amxx] markeloff <3 a primit slay, deoarece a fost afk mai mult de 30 secunde
L 02/03/2017 - 15:17:01: [slayafk.amxx] DoZe a primit slay, deoarece a fost afk mai mult de 30 secunde
L 02/03/2017 - 15:17:10: [admin.amxx] Login: "cool<2326><STEAM_0:1:25922700><>" became an admin (account "cool") (access "bi") (address "5.14.104.229")
L 02/03/2017 - 15:17:32: [admincmd.amxx] Cmd: "cool<2326><STEAM_0:1:25922700><>" ask for players list
L 02/03/2017 - 15:17:56: [slayafk.amxx] markeloff <3 a primit slay, deoarece a fost afk mai mult de 30 secunde
L 02/03/2017 - 15:19:00: [slayafk.amxx] DoZe a primit slay, deoarece a fost afk mai mult de 30 secunde
L 02/03/2017 - 15:19:41: [slayafk.amxx] markeloff <3 a primit slay, deoarece a fost afk mai mult de 30 secunde
L 02/03/2017 - 15:21:07: [admincmd.amxx] Cmd: "cool<2326><STEAM_0:1:25922700><>" ask for players list
L 02/03/2017 - 15:21:56: [slayafk.amxx] DoZe a primit slay, deoarece a fost afk mai mult de 30 secunde
L 02/03/2017 - 15:22:01: [slayafk.amxx] markeloff <3 a primit slay, deoarece a fost afk mai mult de 30 secunde
L 02/03/2017 - 15:23:00: [mapsmenu.amxx] Vote: "cool<2326><STEAM_0:1:25922700><>" vote maps (map#1 "deathrun_av2009_recolored-ez") (map#2 "deathrun_0mega") (map#3 "") (map#4 "")
L 02/03/2017 - 15:23:06: [slayafk.amxx] DoZe a primit slay, deoarece a fost afk mai mult de 30 secunde
L 02/03/2017 - 15:23:06: [slayafk.amxx] markeloff <3 a primit slay, deoarece a fost afk mai mult de 30 secunde
L 02/03/2017 - 15:23:12: [mapsmenu.amxx] Vote: Voting successful. Map will be changed to deathrun_0mega
L 02/03/2017 - 15:23:16: [slayafk.amxx] xTrusT. a primit slay, deoarece a fost afk mai mult de 30 secunde
L 02/03/2017 - 15:23:55: [slayafk.amxx] DoZe a primit slay, deoarece a fost afk mai mult de 30 secunde
L 02/03/2017 - 15:24:31: [slayafk.amxx] markeloff <3 a primit slay, deoarece a fost afk mai mult de 30 secunde
L 02/03/2017 - 15:25:31: [slayafk.amxx] DoZe a primit slay, deoarece a fost afk mai mult de 30 secunde
L 02/03/2017 - 15:27:36: -------- Mapchange to deathrun_0mega --------
L 02/03/2017 - 15:27:37: [comp_timer2.amxx] Error on query: You have an error in your SQL syntax; check the manual that corresponds to your MySQL server version for the right syntax to use near '' at line 1
L 02/03/2017 - 15:27:37: [comp_timer2.amxx] FailState == TQUERY_QUERY_FAILED, Query failed.
L 02/03/2017 - 15:27:39: [admin.amxx] Login: "cool<2326><STEAM_0:1:25922700><>" became an admin (account "cool") (access "bi") (address "5.14.104.229")
L 02/03/2017 - 15:29:18: [plmenu.amxx] Cmd: "cool<2326><STEAM_0:1:25922700><>" slay "Fortlessica.<2333><VALVE_0:4:1379257211><>"
L 02/03/2017 - 15:29:31: [plmenu.amxx] Cmd: "cool<2326><STEAM_0:1:25922700><>" slay "DoZe<2332><STEAM_0:0:1518108911><>"
L 02/03/2017 - 15:29:31: [admin.amxx] Login: "joki<2339><STEAM_0:1:189984113><>" became an admin (account "joki") (access "bit") (address "82.77.168.74")
L 02/03/2017 - 15:29:33: [admin.amxx] Login: "joki<2340><STEAM_0:1:189984113><>" became an admin (account "joki") (access "bit") (address "82.77.168.74")
L 02/03/2017 - 15:31:24: [plmenu.amxx] Cmd: "cool<2326><STEAM_0:1:25922700><>" slap with 0 damage "Fortlessica.<2333><VALVE_0:4:1379257211><>"
L 02/03/2017 - 15:31:25: [plmenu.amxx] Cmd: "cool<2326><STEAM_0:1:25922700><>" slap with 0 damage "Fortlessica.<2333><VALVE_0:4:1379257211><>"
L 02/03/2017 - 15:31:25: [plmenu.amxx] Cmd: "cool<2326><STEAM_0:1:25922700><>" slap with 0 damage "Fortlessica.<2333><VALVE_0:4:1379257211><>"
L 02/03/2017 - 15:31:25: [plmenu.amxx] Cmd: "cool<2326><STEAM_0:1:25922700><>" slap with 0 damage "Fortlessica.<2333><VALVE_0:4:1379257211><>"
L 02/03/2017 - 15:31:25: [plmenu.amxx] Cmd: "cool<2326><STEAM_0:1:25922700><>" slap with 0 damage "Fortlessica.<2333><VALVE_0:4:1379257211><>"
L 02/03/2017 - 15:31:26: [plmenu.amxx] Cmd: "cool<2326><STEAM_0:1:25922700><>" slap with 0 damage "Fortlessica.<2333><VALVE_0:4:1379257211><>"
L 02/03/2017 - 15:31:27: [plmenu.amxx] Cmd: "cool<2326><STEAM_0:1:25922700><>" slap with 0 damage "Fortlessica.<2333><VALVE_0:4:1379257211><>"
L 02/03/2017 - 15:31:28: [plmenu.amxx] Cmd: "cool<2326><STEAM_0:1:25922700><>" slap with 0 damage "Fortlessica.<2333><VALVE_0:4:1379257211><>"
L 02/03/2017 - 15:31:28: [plmenu.amxx] Cmd: "cool<2326><STEAM_0:1:25922700><>" slap with 0 damage "Fortlessica.<2333><VALVE_0:4:1379257211><>"
L 02/03/2017 - 15:31:28: [plmenu.amxx] Cmd: "cool<2326><STEAM_0:1:25922700><>" slap with 0 damage "Fortlessica.<2333><VALVE_0:4:1379257211><>"
L 02/03/2017 - 15:31:28: [plmenu.amxx] Cmd: "cool<2326><STEAM_0:1:25922700><>" slap with 0 damage "Fortlessica.<2333><VALVE_0:4:1379257211><>"
L 02/03/2017 - 15:31:28: [plmenu.amxx] Cmd: "cool<2326><STEAM_0:1:25922700><>" slap with 0 damage "Fortlessica.<2333><VALVE_0:4:1379257211><>"
L 02/03/2017 - 15:31:28: [plmenu.amxx] Cmd: "cool<2326><STEAM_0:1:25922700><>" slap with 0 damage "Fortlessica.<2333><VALVE_0:4:1379257211><>"
L 02/03/2017 - 15:32:10: [admincmd.amxx] Cmd: "cool<2326><STEAM_0:1:25922700><>" slay "DoZe<2332><STEAM_0:0:1518108911><>"
L 02/03/2017 - 15:34:27: [plmenu.amxx] Cmd: "cool<2326><STEAM_0:1:25922700><>" slap with 0 damage "Fortlessica.<2333><VALVE_0:4:1379257211><>"
L 02/03/2017 - 15:34:31: [plmenu.amxx] Cmd: "cool<2326><STEAM_0:1:25922700><>" slap with 0 damage "Fortlessica.<2333><VALVE_0:4:1379257211><>"
L 02/03/2017 - 15:34:31: [plmenu.amxx] Cmd: "cool<2326><STEAM_0:1:25922700><>" slap with 0 damage "Fortlessica.<2333><VALVE_0:4:1379257211><>"
L 02/03/2017 - 15:34:32: [plmenu.amxx] Cmd: "cool<2326><STEAM_0:1:25922700><>" slap with 0 damage "Fortlessica.<2333><VALVE_0:4:1379257211><>"
L 02/03/2017 - 15:34:32: [plmenu.amxx] Cmd: "cool<2326><STEAM_0:1:25922700><>" slap with 0 damage "Fortlessica.<2333><VALVE_0:4:1379257211><>"
L 02/03/2017 - 15:34:32: [plmenu.amxx] Cmd: "cool<2326><STEAM_0:1:25922700><>" slap with 0 damage "Fortlessica.<2333><VALVE_0:4:1379257211><>"
L 02/03/2017 - 15:34:32: [plmenu.amxx] Cmd: "cool<2326><STEAM_0:1:25922700><>" slap with 0 damage "Fortlessica.<2333><VALVE_0:4:1379257211><>"
L 02/03/2017 - 15:34:32: [plmenu.amxx] Cmd: "cool<2326><STEAM_0:1:25922700><>" slap with 0 damage "Fortlessica.<2333><VALVE_0:4:1379257211><>"
L 02/03/2017 - 15:34:32: [plmenu.amxx] Cmd: "cool<2326><STEAM_0:1:25922700><>" slap with 0 damage "Fortlessica.<2333><VALVE_0:4:1379257211><>"
L 02/03/2017 - 15:36:11: [admin.amxx] Login: "joki<2346><STEAM_0:1:189984113><>" became an admin (account "joki") (access "bit") (address "82.77.168.74")
L 02/03/2017 - 15:44:37: [admincmd.amxx] Cmd: "Dr.FioriGinal.Ro ~ Server Clasi<0><><>" slay "RTRF<2354><STEAM_0:0:744655790><>"
L 02/03/2017 - 15:52:28: [slayafk.amxx] Ibracadabra a primit slay, deoarece a fost afk mai mult de 30 secunde
L 02/03/2017 - 15:53:23: [admin.amxx] Login: "joki<2359><STEAM_0:1:189984113><>" became an admin (account "joki") (access "bit") (address "82.77.168.74")
L 02/03/2017 - 16:14:54: [admincmd.amxx] Cmd: "Dr.FioriGinal.Ro ~ Server Clasi<0><><>" slay "Massive<2395><STEAM_0:1:113032163><>"
L 02/03/2017 - 16:19:29: -------- Mapchange to deathrun_coolf4 --------
L 02/03/2017 - 16:19:30: [comp_timer2.amxx] Error on query: You have an error in your SQL syntax; check the manual that corresponds to your MySQL server version for the right syntax to use near '' at line 1
L 02/03/2017 - 16:19:30: [comp_timer2.amxx] FailState == TQUERY_QUERY_FAILED, Query failed.
L 02/03/2017 - 16:20:10: [admincmd.amxx] Cmd: "Dr.FioriGinal.Ro ~ Server Clasi<0><><>" slay "IrreguLar<2407><STEAM_0:0:740700675><>"
L 02/03/2017 - 16:30:25: [admin.amxx] Login: "wadafac!<2423><VALVE_0:4:1628556155><>" became an admin (account "wadafac!") (access "bi") (address "79.116.127.107")
L 02/03/2017 - 16:30:45: [admincmd.amxx] Cmd: "wadafac!<2423><VALVE_0:4:1628556155><>" ask for players list
L 02/03/2017 - 16:31:16: [slayafk.amxx] MiB^ @like's that69 a primit slay, deoarece a fost afk mai mult de 30 secunde
L 02/03/2017 - 16:31:34: [admincmd.amxx] Kick: "wadafac!<2423><VALVE_0:4:1628556155><>" kick "DeVo<2422><VALVE_0:4:726257655><>" (reason "")
L 02/03/2017 - 16:33:08: [admin.amxx] Login: "cool<2433><STEAM_0:1:25922700><>" became an admin (account "cool") (access "bi") (address "5.14.104.229")
L 02/03/2017 - 16:33:10: [admin.amxx] Login: "cool<2434><STEAM_0:1:25922700><>" became an admin (account "cool") (access "bi") (address "5.14.104.229")
L 02/03/2017 - 16:34:14: [admincmd.amxx] Cmd: "Dr.FioriGinal.Ro ~ Server Clasi<0><><>" slay "Furōrin * (1)<2436><STEAM_0:0:54023227><>"
L 02/03/2017 - 16:36:36: [slayafk.amxx] cool a primit slay, deoarece a fost afk mai mult de 30 secunde
L 02/03/2017 - 16:36:58: [mapsmenu.amxx] Vote: "wadafac!<2423><VALVE_0:4:1628556155><>" vote maps (map#1 "deathrun_hertz") (map#2 "deathrun_expres-game") (map#3 "") (map#4 "")
L 02/03/2017 - 16:37:10: [mapsmenu.amxx] Vote: Voting successful. Map will be changed to deathrun_hertz
L 02/03/2017 - 16:38:17: [admincmd.amxx] Cmd: "Dr.FioriGinal.Ro ~ Server Clasi<0><><>" slay "urs<2445><STEAM_0:0:1820406398><>"
L 02/03/2017 - 16:38:32: [admincmd.amxx] Cmd: "Dr.FioriGinal.Ro ~ Server Clasi<0><><>" slay "urs<2446><STEAM_0:0:1770376098><>"
L 02/03/2017 - 16:39:41: [slayafk.amxx] cool a primit slay, deoarece a fost afk mai mult de 30 secunde
L 02/03/2017 - 16:40:44: [admincmd.amxx] Cmd: "Dr.FioriGinal.Ro ~ Server Clasi<0><><>" slay "urs<2447><STEAM_0:0:1230104745><>"
L 02/03/2017 - 16:41:11: [slayafk.amxx] cool a primit slay, deoarece a fost afk mai mult de 30 secunde
L 02/03/2017 - 16:42:06: [slayafk.amxx] cool a primit slay, deoarece a fost afk mai mult de 30 secunde
L 02/03/2017 - 16:43:36: [slayafk.amxx] cool a primit slay, deoarece a fost afk mai mult de 30 secunde
L 02/03/2017 - 16:43:36: [slayafk.amxx] wadafac! a primit slay, deoarece a fost afk mai mult de 30 secunde
L 02/03/2017 - 16:45:11: [slayafk.amxx] cool a primit slay, deoarece a fost afk mai mult de 30 secunde
L 02/03/2017 - 16:45:11: [admin.amxx] Login: "kaka<2457><VALVE_0:4:1033726963><>" became an admin (account "kaka") (access "bi") (address "94.53.102.210")
L 02/03/2017 - 16:46:10: -------- Mapchange to deathrun_hertz --------
L 02/03/2017 - 16:46:11: [comp_timer2.amxx] Error on query: You have an error in your SQL syntax; check the manual that corresponds to your MySQL server version for the right syntax to use near '' at line 1
L 02/03/2017 - 16:46:11: [comp_timer2.amxx] FailState == TQUERY_QUERY_FAILED, Query failed.
L 02/03/2017 - 16:46:12: [admin.amxx] Login: "kaka<2457><VALVE_0:4:1033726963><>" kicked due to invalid password (account "kaka") (address "94.53.102.210")
L 02/03/2017 - 16:46:12: [admin.amxx] Login: "wadafac!<2423><VALVE_0:4:1628556155><>" became an admin (account "wadafac!") (access "bi") (address "79.116.127.107")
L 02/03/2017 - 16:46:12: [admin.amxx] Login: "cool<2434><STEAM_0:1:25922700><>" became an admin (account "cool") (access "bi") (address "5.14.104.229")
L 02/03/2017 - 16:46:19: [admin.amxx] Login: "wadafac!<2458><VALVE_0:4:1628556155><>" became an admin (account "wadafac!") (access "bi") (address "79.116.127.107")
L 02/03/2017 - 16:46:25: [admin.amxx] Login: "kaka<2462><VALVE_0:4:1033726963><>" became an admin (account "kaka") (access "bi") (address "94.53.102.210")
L 02/03/2017 - 16:46:52: [slayafk.amxx] cool a primit slay, deoarece a fost afk mai mult de 30 secunde
L 02/03/2017 - 16:47:27: [slayafk.amxx] cool a primit slay, deoarece a fost afk mai mult de 30 secunde
L 02/03/2017 - 16:50:02: [slayafk.amxx] cool a primit slay, deoarece a fost afk mai mult de 30 secunde
L 02/03/2017 - 16:50:02: [slayafk.amxx] w1kkEd=D a primit slay, deoarece a fost afk mai mult de 30 secunde
L 02/03/2017 - 16:58:52: [admincmd.amxx] Cmd: "Dr.FioriGinal.Ro ~ Server Clasi<0><><>" slay "asdat0r<2469><VALVE_0:4:1628556155><>"
L 02/03/2017 - 16:59:22: [slayafk.amxx] psycho a primit slay, deoarece a fost afk mai mult de 30 secunde
L 02/03/2017 - 17:00:54: [admin.amxx] Login: "dEz<2472><STEAM_0:0:2136574392><>" kicked due to invalid password (account "dEz") (address "109.96.62.12")
L 02/03/2017 - 17:08:24: [admin.amxx] Login: "cool<2481><STEAM_0:1:25922700><>" became an admin (account "cool") (access "bi") (address "5.14.104.229")
L 02/03/2017 - 17:21:01: [admincmd.amxx] Cmd: "Dr.FioriGinal.Ro ~ Server Clasi<0><><>" slay "RTRF<2499><STEAM_0:0:744655790><>"
L 02/03/2017 - 17:22:42: [admincmd.amxx] Cmd: "Dr.FioriGinal.Ro ~ Server Clasi<0><><>" slay "RTRF<2506><STEAM_0:0:744655790><>"
L 02/03/2017 - 17:23:11: [admin.amxx] Login: "cool<2508><STEAM_0:1:25922700><>" became an admin (account "cool") (access "bi") (address "5.14.104.229")
L 02/03/2017 - 17:24:25: [admincmd.amxx] Cmd: "Dr.FioriGinal.Ro ~ Server Clasi<0><><>" slay "RTRF<2514><STEAM_0:0:744655790><>"
L 02/03/2017 - 17:26:16: [admincmd.amxx] Cmd: "Dr.FioriGinal.Ro ~ Server Clasi<0><><>" slay "RTRF<2515><STEAM_0:0:744655790><>"
L 02/03/2017 - 17:35:57: [admin.amxx] Login: "cool<2523><STEAM_0:1:25922700><>" became an admin (account "cool") (access "bi") (address "5.14.104.229")
L 02/03/2017 - 17:37:11: [mapsmenu.amxx] Vote: "cool<2523><STEAM_0:1:25922700><>" vote maps (map#1 "deathrun_stronghold_beta1") (map#2 "deathrun_av2009_recolored-ez") (map#3 "") (map#4 "")
L 02/03/2017 - 17:37:23: [mapsmenu.amxx] Vote: Voting successful. Map will be changed to deathrun_av2009_recolored-ez
L 02/03/2017 - 17:40:02: -------- Mapchange to deathrun_av2009_recolored-ez --------
L 02/03/2017 - 17:40:04: [comp_timer2.amxx] Error on query: You have an error in your SQL syntax; check the manual that corresponds to your MySQL server version for the right syntax to use near '' at line 1
L 02/03/2017 - 17:40:04: [comp_timer2.amxx] FailState == TQUERY_QUERY_FAILED, Query failed.
L 02/03/2017 - 17:40:06: [admin.amxx] Login: "wKn<2532><STEAM_0:0:196614190><>" became an admin (account "wKn") (access "bit") (address "92.85.73.239")
L 02/03/2017 - 17:40:13: [admin.amxx] Login: "wKn<2534><STEAM_0:0:196614190><>" became an admin (account "wKn") (access "bit") (address "92.85.73.239")
L 02/03/2017 - 17:40:25: [admin.amxx] Login: "SWAGGIE. XD<2539><VALVE_0:4:862961770><>" became an admin (account "SWAGGIE. XD") (access "bi") (address "109.98.131.207")
L 02/03/2017 - 17:41:17: [admin.amxx] Login: "knife<2542><STEAM_0:1:118153889><>" became an admin (account "knife") (access "bi") (address "92.114.99.212")
L 02/03/2017 - 17:42:08: [adminchat.amxx] Chat: "knife<2542><STEAM_0:1:118153889><>" chat "1"
L 02/03/2017 - 17:43:15: [admincmd.amxx] Cmd: "knife<2542><STEAM_0:1:118153889><>" ask for players list
L 02/03/2017 - 17:58:34: [admin.amxx] Login: "J.Smith<2565><STEAM_0:0:59563675><>" became an admin (account "J.Smith") (access "bi") (address "109.185.5.238")
L 02/03/2017 - 17:58:38: [admin.amxx] Login: "SWAGGIE. XD<2566><VALVE_0:4:862961770><>" became an admin (account "SWAGGIE. XD") (access "bi") (address "109.98.131.207")
L 02/03/2017 - 17:58:40: [admin.amxx] Login: "J.Smith<2567><STEAM_0:0:59563675><>" became an admin (account "J.Smith") (access "bi") (address "109.185.5.238")
L 02/03/2017 - 17:59:23: [admin.amxx] Login: "wadafac!<2569><VALVE_0:4:1628556155><>" became an admin (account "wadafac!") (access "bi") (address "79.116.127.107")
L 02/03/2017 - 18:01:23: [mapsmenu.amxx] Vote: "SWAGGIE. XD<2566><VALVE_0:4:862961770><>" vote maps (map#1 "deathrun_bhopz_v2") (map#2 "deathrun_3sixty_fg_fix3") (map#3 "") (map#4 "")
L 02/03/2017 - 18:01:35: [mapsmenu.amxx] Vote: Voting successful. Map will be changed to deathrun_bhopz_v2
L 02/03/2017 - 18:01:54: [slayafk.amxx] ◣ ◢ ◥ ▲ ▼ △ ▽ ⊿ a primit slay, deoarece a fost afk mai mult de 30 secunde
L 02/03/2017 - 18:05:24: [slayafk.amxx] ◣ ◢ ◥ ▲ ▼ △ ▽ ⊿ a primit slay, deoarece a fost afk mai mult de 30 secunde
L 02/03/2017 - 18:05:38: -------- Mapchange to deathrun_bhopz_v2 --------
L 02/03/2017 - 18:05:40: [comp_timer2.amxx] Error on query: You have an error in your SQL syntax; check the manual that corresponds to your MySQL server version for the right syntax to use near '' at line 1
L 02/03/2017 - 18:05:40: [comp_timer2.amxx] FailState == TQUERY_QUERY_FAILED, Query failed.
L 02/03/2017 - 18:05:41: [admin.amxx] Login: "SWAGGIE. XD<2566><VALVE_0:4:862961770><>" became an admin (account "SWAGGIE. XD") (access "bi") (address "109.98.131.207")
L 02/03/2017 - 18:05:41: [admin.amxx] Login: "wadafac!<2569><VALVE_0:4:1628556155><>" became an admin (account "wadafac!") (access "bi") (address "79.116.127.107")
L 02/03/2017 - 18:09:15: [admincmd.amxx] Cmd: "wadafac!<2569><VALVE_0:4:1628556155><>" slay "JucatoR-GO<2590><STEAM_0:0:1265546085><>"
L 02/03/2017 - 18:09:18: [admincmd.amxx] Cmd: "Dr.FioriGinal.Ro ~ Server Clasi<0><><>" slay "hola<2591><STEAM_0:0:30919799><>"
L 02/03/2017 - 18:13:58: [admin.amxx] Login: "wadafac!<2592><VALVE_0:4:1628556155><>" became an admin (account "wadafac!") (access "bi") (address "79.116.127.107")
L 02/03/2017 - 18:14:50: [admin.amxx] Login: "joki<2593><STEAM_0:1:189984113><>" became an admin (account "joki") (access "bit") (address "82.77.168.74")
L 02/03/2017 - 18:16:51: [admin.amxx] Login: "J.Smith<2596><STEAM_0:0:59563675><>" became an admin (account "J.Smith") (access "bi") (address "109.185.5.238")
L 02/03/2017 - 18:18:32: [admin.amxx] Login: "d@rc@ # VANDALIZM<2598><STEAM_0:1:63870684><>" became an admin (account "d@rc@ # VANDALIZM") (access "bi") (address "109.97.27.219")
L 02/03/2017 - 18:24:09: [mapsmenu.amxx] Vote: "wadafac!<2592><VALVE_0:4:1628556155><>" vote maps (map#1 "deathrun_y_underground") (map#2 "deathrun_3sixty_fg_fix3") (map#3 "") (map#4 "")
L 02/03/2017 - 18:24:21: [mapsmenu.amxx] Vote: Voting successful. Map will be changed to deathrun_3sixty_fg_fix3
L 02/03/2017 - 18:24:42: [admin.amxx] Login: "wadafac!<2601><VALVE_0:4:1628556155><>" became an admin (account "wadafac!") (access "bi") (address "79.116.127.107")
L 02/03/2017 - 18:24:49: [admincmd.amxx] Cmd: "Dr.FioriGinal.Ro ~ Server Clasi<0><><>" slay "wadafac!<2601><VALVE_0:4:1628556155><>"
L 02/03/2017 - 18:32:00: -------- Mapchange to deathrun_3sixty_fg_fix3 --------
L 02/03/2017 - 18:32:02: [comp_timer2.amxx] Error on query: You have an error in your SQL syntax; check the manual that corresponds to your MySQL server version for the right syntax to use near '' at line 1
L 02/03/2017 - 18:32:02: [comp_timer2.amxx] FailState == TQUERY_QUERY_FAILED, Query failed.
L 02/03/2017 - 18:32:03: [admin.amxx] Login: "wadafac!<2601><VALVE_0:4:1628556155><>" became an admin (account "wadafac!") (access "bi") (address "79.116.127.107")
L 02/03/2017 - 18:32:03: [admin.amxx] Login: "joki<2593><STEAM_0:1:189984113><>" became an admin (account "joki") (access "bit") (address "82.77.168.74")
L 02/03/2017 - 18:32:24: [admincmd.amxx] Cmd: "Dr.FioriGinal.Ro ~ Server Clasi<0><><>" slay "Scooby1^ @like's that69<2625><VALVE_0:4:1597915882><>"
L 02/03/2017 - 18:34:51: [admin.amxx] Login: "cool<2633><STEAM_0:1:25922700><>" became an admin (account "cool") (access "bi") (address "5.14.104.229")
L 02/03/2017 - 18:34:53: [admin.amxx] Login: "cool<2634><STEAM_0:1:25922700><>" became an admin (account "cool") (access "bi") (address "5.14.104.229")
L 02/03/2017 - 18:50:13: [admin.amxx] Login: "SWAGGIE. XD<2655><VALVE_0:4:862961770><>" became an admin (account "SWAGGIE. XD") (access "bi") (address "109.98.131.207")
L 02/03/2017 - 18:51:44: [adminchat.amxx] Chat: "Zetox<2650><STEAM_0:0:1321687310><>" chat " MARS NATIA MA_TI DE ORFAN INFECT"
L 02/03/2017 - 18:51:50: [admincmd.amxx] Kick: "wadafac!<2601><VALVE_0:4:1628556155><>" kick "Zetox<2650><STEAM_0:0:1321687310><>" (reason "")
L 02/03/2017 - 18:52:00: [admincmd.amxx] Cmd: "Dr.FioriGinal.Ro ~ Server Clasi<0><><>" slay "Zetox<2658><STEAM_0:0:1321687310><>"
L 02/03/2017 - 18:52:08: [adminchat.amxx] Chat: "Zetox<2658><STEAM_0:0:1321687310><>" chat " sa ti-l scap in gaoaza"
L 02/03/2017 - 18:52:20: [admincmd.amxx] Kick: "wadafac!<2601><VALVE_0:4:1628556155><>" kick "Zetox<2658><STEAM_0:0:1321687310><>" (reason "")
L 02/03/2017 - 18:52:37: [adminchat.amxx] Chat: "Zetox<2659><STEAM_0:0:1321687310><>" chat " nu ai voie"
L 02/03/2017 - 18:52:39: [admincmd.amxx] Kick: "wadafac!<2601><VALVE_0:4:1628556155><>" kick "Zetox<2659><STEAM_0:0:1321687310><>" (reason "")
L 02/03/2017 - 18:52:49: [adminchat.amxx] Chat: "Zetox<2662><STEAM_0:0:1321687310><>" chat " ai reclamatie"
L 02/03/2017 - 18:52:53: [adminchat.amxx] Chat: "Zetox<2662><STEAM_0:0:1321687310><>" chat " nu ai voie sa dai kick"
L 02/03/2017 - 18:52:58: [admincmd.amxx] Kick: "wadafac!<2601><VALVE_0:4:1628556155><>" kick "Zetox<2662><STEAM_0:0:1321687310><>" (reason "")
L 02/03/2017 - 18:53:05: [admincmd.amxx] Kick: "wadafac!<2601><VALVE_0:4:1628556155><>" kick "Zetox<2663><STEAM_0:0:1321687310><>" (reason "")
L 02/03/2017 - 18:53:10: [admincmd.amxx] Kick: "wadafac!<2601><VALVE_0:4:1628556155><>" kick "Zetox<2664><STEAM_0:0:1321687310><>" (reason "")
L 02/03/2017 - 18:53:16: [admincmd.amxx] Kick: "wadafac!<2601><VALVE_0:4:1628556155><>" kick "Zetox<2665><STEAM_0:0:1321687310><>" (reason "")
L 02/03/2017 - 18:53:22: [adminchat.amxx] Chat: "SWAGGIE. XD<2655><VALVE_0:4:862961770><>" chat " ba"
L 02/03/2017 - 18:53:22: [admincmd.amxx] Kick: "wadafac!<2601><VALVE_0:4:1628556155><>" kick "Zetox<2666><STEAM_0:0:1321687310><>" (reason "")
L 02/03/2017 - 18:53:24: [adminchat.amxx] Chat: "SWAGGIE. XD<2655><VALVE_0:4:862961770><>" chat " lasa-l "
L 02/03/2017 - 18:53:30: [admincmd.amxx] Cmd: "Dr.FioriGinal.Ro ~ Server Clasi<0><><>" slay "Zetox<2667><STEAM_0:0:1321687310><>"
L 02/03/2017 - 18:53:49: [adminchat.amxx] Chat: "Zetox<2667><STEAM_0:0:1321687310><>" chat " ai reclamatie pisamas pe ma-ta "
L 02/03/2017 - 18:53:56: [admincmd.amxx] Kick: "wadafac!<2601><VALVE_0:4:1628556155><>" kick "Zetox<2667><STEAM_0:0:1321687310><>" (reason "")
L 02/03/2017 - 18:56:17: [mapsmenu.amxx] Vote: "SWAGGIE. XD<2655><VALVE_0:4:862961770><>" vote maps (map#1 "deathrun_atacama_beta2") (map#2 "deathrun_0mega") (map#3 "") (map#4 "")
L 02/03/2017 - 18:56:29: [mapsmenu.amxx] Vote: Voting successful. Map will be changed to deathrun_atacama_beta2
L 02/03/2017 - 18:57:18: -------- Mapchange to deathrun_atacama_beta2 --------
L 02/03/2017 - 18:57:20: [comp_timer2.amxx] Error on query: You have an error in your SQL syntax; check the manual that corresponds to your MySQL server version for the right syntax to use near '' at line 1
L 02/03/2017 - 18:57:20: [comp_timer2.amxx] FailState == TQUERY_QUERY_FAILED, Query failed.
L 02/03/2017 - 18:57:21: [admin.amxx] Login: "wadafac!<2601><VALVE_0:4:1628556155><>" became an admin (account "wadafac!") (access "bi") (address "79.116.127.107")
L 02/03/2017 - 18:57:21: [admin.amxx] Login: "SWAGGIE. XD<2655><VALVE_0:4:862961770><>" became an admin (account "SWAGGIE. XD") (access "bi") (address "109.98.131.207")
L 02/03/2017 - 18:57:21: [admin.amxx] Login: "cool<2634><STEAM_0:1:25922700><>" became an admin (account "cool") (access "bi") (address "5.14.104.229")
L 02/03/2017 - 18:57:22: [admin.amxx] Login: "wadafac!<2670><VALVE_0:4:1628556155><>" became an admin (account "wadafac!") (access "bi") (address "79.116.127.107")
L 02/03/2017 - 18:57:47: [admincmd.amxx] Cmd: "Dr.FioriGinal.Ro ~ Server Clasi<0><><>" slay "David<2678><VALVE_0:4:1115471978><>"
L 02/03/2017 - 18:58:02: [admin.amxx] Login: "Hazard'<2679><STEAM_0:0:67292689><>" became an admin (account "Hazard'") (access "bi") (address "85.186.3.173")
L 02/03/2017 - 18:58:20: [slayafk.amxx] Eduard. a primit slay, deoarece a fost afk mai mult de 30 secunde
L 02/03/2017 - 19:04:14: [admincmd.amxx] Cmd: "SWAGGIE. XD<2655><VALVE_0:4:862961770><>" slay "RTRF<2687><STEAM_0:0:744655790><>"
L 02/03/2017 - 19:10:27: [admin.amxx] Login: "-rTg|maEsTrOo<2692><STEAM_0:1:154430568><>" became an admin (account "-rTg|maEsTrOo") (access "bit") (address "89.123.112.201")
L 02/03/2017 - 19:10:30: [admin.amxx] Login: "Andreea<2693><STEAM_0:0:189341027><>" became an admin (account "Andreea") (access "bit") (address "2.35.160.48")
L 02/03/2017 - 19:10:42: [admin.amxx] Login: "Andreea<2694><STEAM_0:0:189341027><>" became an admin (account "Andreea") (access "bit") (address "2.35.160.48")
L 02/03/2017 - 19:13:24: [adminchat.amxx] Chat: "-rTg|maEsTrOo<2692><STEAM_0:1:154430568><>" psay "Andreea<2694><STEAM_0:0:189341027><>" "nici pe steam nu ma mai ai? :("
L 02/03/2017 - 19:14:15: [comp_timer2.amxx] Error on query: You have an error in your SQL syntax; check the manual that corresponds to your MySQL server version for the right syntax to use near 's that69' AND Map = 'deathrun_atacama_beta2'' at line 1
L 02/03/2017 - 19:14:15: [comp_timer2.amxx] FailState == TQUERY_QUERY_FAILED, Query failed.
L 02/03/2017 - 19:16:12: [mapsmenu.amxx] Vote: "SWAGGIE. XD<2655><VALVE_0:4:862961770><>" vote maps (map#1 "deathrun_raykium_xf") (map#2 "deathrun_laikiux_pizdec") (map#3 "") (map#4 "")
L 02/03/2017 - 19:16:24: [mapsmenu.amxx] Vote: Voting successful. Map will be changed to deathrun_laikiux_pizdec
L 02/03/2017 - 19:23:41: [comp_timer2.amxx] Error on query: You have an error in your SQL syntax; check the manual that corresponds to your MySQL server version for the right syntax to use near 's that69' AND Map = 'deathrun_atacama_beta2'' at line 1
L 02/03/2017 - 19:23:41: [comp_timer2.amxx] FailState == TQUERY_QUERY_FAILED, Query failed.
L 02/03/2017 - 19:24:01: -------- Mapchange to deathrun_laikiux_pizdec --------
L 02/03/2017 - 19:24:03: [comp_timer2.amxx] Error on query: You have an error in your SQL syntax; check the manual that corresponds to your MySQL server version for the right syntax to use near '' at line 1
L 02/03/2017 - 19:24:03: [comp_timer2.amxx] FailState == TQUERY_QUERY_FAILED, Query failed.
L 02/03/2017 - 19:24:04: [admin.amxx] Login: "SWAGGIE. XD<2655><VALVE_0:4:862961770><>" became an admin (account "SWAGGIE. XD") (access "bi") (address "109.98.131.207")
L 02/03/2017 - 19:24:04: [admin.amxx] Login: "Andreea<2694><STEAM_0:0:189341027><>" became an admin (account "Andreea") (access "bit") (address "2.35.160.48")
L 02/03/2017 - 19:24:04: [admin.amxx] Login: "-rTg|maEsTrOo<2692><STEAM_0:1:154430568><>" became an admin (account "-rTg|maEsTrOo") (access "bit") (address "89.123.112.201")
L 02/03/2017 - 19:24:13: [admin.amxx] Login: "Andreea<2702><STEAM_0:0:189341027><>" became an admin (account "Andreea") (access "bit") (address "2.35.160.48")
L 02/03/2017 - 19:24:38: [slayafk.amxx] urs a primit slay, deoarece a fost afk mai mult de 30 secunde
L 02/03/2017 - 19:25:13: [slayafk.amxx] urs a primit slay, deoarece a fost afk mai mult de 30 secunde
L 02/03/2017 - 19:26:33: [slayafk.amxx] urs a primit slay, deoarece a fost afk mai mult de 30 secunde
L 02/03/2017 - 19:28:38: [slayafk.amxx] urs a primit slay, deoarece a fost afk mai mult de 30 secunde
L 02/03/2017 - 19:30:48: [slayafk.amxx] urs a primit slay, deoarece a fost afk mai mult de 30 secunde
L 02/03/2017 - 19:34:08: [slayafk.amxx] urs a primit slay, deoarece a fost afk mai mult de 30 secunde
L 02/03/2017 - 19:35:17: [comp_timer2.amxx] Error on query: You have an error in your SQL syntax; check the manual that corresponds to your MySQL server version for the right syntax to use near 's that69' AND Map = 'deathrun_laikiux_pizdec'' at line 1
L 02/03/2017 - 19:35:17: [comp_timer2.amxx] FailState == TQUERY_QUERY_FAILED, Query failed.
L 02/03/2017 - 19:36:45: [admincmd.amxx] Cmd: "-rTg|maEsTrOo<2692><STEAM_0:1:154430568><>" slay "Ms-Player<2721><STEAM_0:0:1263848044><>"
L 02/03/2017 - 19:37:23: [slayafk.amxx] urs a primit slay, deoarece a fost afk mai mult de 30 secunde
L 02/03/2017 - 19:39:33: [slayafk.amxx] urs a primit slay, deoarece a fost afk mai mult de 30 secunde
L 02/03/2017 - 19:40:56: [admin.amxx] Login: "Andreea<2729><STEAM_0:0:189341027><>" became an admin (account "Andreea") (access "bit") (address "2.35.160.48")
L 02/03/2017 - 19:41:13: [slayafk.amxx] urs a primit slay, deoarece a fost afk mai mult de 30 secunde
L 02/03/2017 - 19:42:26: [mapsmenu.amxx] Vote: "-rTg|maEsTrOo<2692><STEAM_0:1:154430568><>" vote maps (map#1 "deathrun_arctic") (map#2 "") (map#3 "") (map#4 "")
L 02/03/2017 - 19:42:38: [mapsmenu.amxx] Vote: Voting successful. Map will be changed to deathrun_arctic
L 02/03/2017 - 19:42:58: [slayafk.amxx] urs a primit slay, deoarece a fost afk mai mult de 30 secunde
L 02/03/2017 - 19:43:09: [mapsmenu.amxx] Vote: "-rTg|maEsTrOo<2692><STEAM_0:1:154430568><>" vote maps (map#1 "deathrun_arctic") (map#2 "deathrun_aventure") (map#3 "") (map#4 "")
L 02/03/2017 - 19:43:21: [mapsmenu.amxx] Vote: Voting successful. Map will be changed to deathrun_arctic
L 02/03/2017 - 19:45:00: [admincmd.amxx] Cmd: "-rTg|maEsTrOo<2692><STEAM_0:1:154430568><>" changelevel "deathrun_Arctic"
L 02/03/2017 - 19:45:03: -------- Mapchange to deathrun_Arctic --------
L 02/03/2017 - 19:45:04: [comp_timer2.amxx] Error on query: You have an error in your SQL syntax; check the manual that corresponds to your MySQL server version for the right syntax to use near '' at line 1
L 02/03/2017 - 19:45:04: [comp_timer2.amxx] FailState == TQUERY_QUERY_FAILED, Query failed.
L 02/03/2017 - 19:45:05: [admin.amxx] Login: "-rTg|maEsTrOo<2692><STEAM_0:1:154430568><>" became an admin (account "-rTg|maEsTrOo") (access "bit") (address "89.123.112.201")
L 02/03/2017 - 19:45:09: [admin.amxx] Login: "Andreea<2735><STEAM_0:0:189341027><>" became an admin (account "Andreea") (access "bit") (address "2.35.160.48")
L 02/03/2017 - 19:46:47: [admin.amxx] Login: "EvolGeniuS - ThE king#<2745><STEAM_0:1:84045719><>" became an admin (account "EvolGeniuS - ThE king#") (access "bi") (address "5.14.132.0")
L 02/03/2017 - 19:49:10: [admin.amxx] Login: "SWAGGIE. XD<2748><VALVE_0:4:862961770><>" became an admin (account "SWAGGIE. XD") (access "bi") (address "109.98.131.207")
L 02/03/2017 - 19:49:22: [plmenu.amxx] Cmd: "-rTg|maEsTrOo<2692><STEAM_0:1:154430568><>" transfer "Andreea<2735><STEAM_0:0:189341027><>" (team "TERRORIST")
L 02/03/2017 - 19:49:41: [admin.amxx] Login: "Andreea<2749><STEAM_0:0:189341027><>" became an admin (account "Andreea") (access "bit") (address "2.35.160.48")
L 02/03/2017 - 19:49:49: [admincmd.amxx] Cmd: "Dr.FioriGinal.Ro ~ Server Clasi<0><><>" slay "Andreea<2749><STEAM_0:0:189341027><>"
L 02/03/2017 - 19:51:00: [slayafk.amxx] Ibracadabra a primit slay, deoarece a fost afk mai mult de 30 secunde
L 02/03/2017 - 19:57:31: [admin.amxx] Login: "EvolGeniuS - ThE king#<2757><STEAM_0:1:84045719><>" became an admin (account "EvolGeniuS - ThE king#") (access "bi") (address "5.14.132.0")
L 02/03/2017 - 20:01:08: [bhop.amxx] Error on query: Duplicate entry 'cplusplus' for key 'NickName'
L 02/03/2017 - 20:01:08: [bhop.amxx] FailState == TQUERY_QUERY_FAILED, Query failed.
L 02/03/2017 - 20:11:18: -------- Mapchange to deathrun_standup2 --------
L 02/03/2017 - 20:11:19: [comp_timer2.amxx] Error on query: You have an error in your SQL syntax; check the manual that corresponds to your MySQL server version for the right syntax to use near '' at line 1
L 02/03/2017 - 20:11:19: [comp_timer2.amxx] FailState == TQUERY_QUERY_FAILED, Query failed.
L 02/03/2017 - 20:11:20: [admin.amxx] Login: "-rTg|maEsTrOo<2692><STEAM_0:1:154430568><>" became an admin (account "-rTg|maEsTrOo") (access "bit") (address "89.123.112.201")
L 02/03/2017 - 20:11:21: [admin.amxx] Login: "Andreea<2749><STEAM_0:0:189341027><>" became an admin (account "Andreea") (access "bit") (address "2.35.160.48")
L 02/03/2017 - 20:14:38: [admin.amxx] Login: "SWAGGIE. XD<2777><VALVE_0:4:862961770><>" became an admin (account "SWAGGIE. XD") (access "bi") (address "109.98.131.207")
L 02/03/2017 - 20:22:14: [admin.amxx] Login: "SWAGGIE. XD<2794><VALVE_0:4:862961770><>" became an admin (account "SWAGGIE. XD") (access "bi") (address "109.98.131.207")
L 02/03/2017 - 20:26:49: [admin.amxx] Login: "wKn<2800><STEAM_0:0:196614190><>" became an admin (account "wKn") (access "bit") (address "92.85.73.239")
L 02/03/2017 - 20:28:37: [admincmd.amxx] Cmd: "-rTg|maEsTrOo<2692><STEAM_0:1:154430568><>" changelevel "deathrun_clarion_dojo_b3"
L 02/03/2017 - 20:28:39: -------- Mapchange to deathrun_clarion_dojo_b3 --------
L 02/03/2017 - 20:28:41: [comp_timer2.amxx] Error on query: You have an error in your SQL syntax; check the manual that corresponds to your MySQL server version for the right syntax to use near '' at line 1
L 02/03/2017 - 20:28:41: [comp_timer2.amxx] FailState == TQUERY_QUERY_FAILED, Query failed.
L 02/03/2017 - 20:28:42: [admin.amxx] Login: "wKn<2800><STEAM_0:0:196614190><>" became an admin (account "wKn") (access "bit") (address "92.85.73.239")
L 02/03/2017 - 20:28:42: [admin.amxx] Login: "-rTg|maEsTrOo<2692><STEAM_0:1:154430568><>" became an admin (account "-rTg|maEsTrOo") (access "bit") (address "89.123.112.201")
L 02/03/2017 - 20:30:52: [slayafk.amxx] -rTg|maEsTrOo a primit slay, deoarece a fost afk mai mult de 30 secunde
L 02/03/2017 - 20:45:54: [admin.amxx] Login: "SWAGGIE. XD<2816><VALVE_0:4:862961770><>" became an admin (account "SWAGGIE. XD") (access "bi") (address "109.98.131.207")
L 02/03/2017 - 20:55:25: -------- Mapchange to deathrun_holiday --------
L 02/03/2017 - 20:55:27: [comp_timer2.amxx] Error on query: You have an error in your SQL syntax; check the manual that corresponds to your MySQL server version for the right syntax to use near '' at line 1
L 02/03/2017 - 20:55:27: [comp_timer2.amxx] FailState == TQUERY_QUERY_FAILED, Query failed.
L 02/03/2017 - 20:55:28: [admin.amxx] Login: "-rTg|maEsTrOo<2692><STEAM_0:1:154430568><>" became an admin (account "-rTg|maEsTrOo") (access "bit") (address "89.123.112.201")
L 02/03/2017 - 20:56:03: [slayafk.amxx] -rTg|maEsTrOo a primit slay, deoarece a fost afk mai mult de 30 secunde
L 02/03/2017 - 20:56:13: [slayafk.amxx] adysialtele a primit slay, deoarece a fost afk mai mult de 30 secunde
L 02/03/2017 - 20:56:38: [slayafk.amxx] -rTg|maEsTrOo a primit slay, deoarece a fost afk mai mult de 30 secunde
L 02/03/2017 - 20:56:39: [admin.amxx] Login: "SWAGGIE. XD<2828><VALVE_0:4:862961770><>" became an admin (account "SWAGGIE. XD") (access "bi") (address "109.98.131.207")
L 02/03/2017 - 20:56:48: [slayafk.amxx] adysialtele a primit slay, deoarece a fost afk mai mult de 30 secunde
L 02/03/2017 - 20:57:03: [slayafk.amxx] omer a primit slay, deoarece a fost afk mai mult de 30 secunde
L 02/03/2017 - 20:57:28: [slayafk.amxx] -rTg|maEsTrOo a primit slay, deoarece a fost afk mai mult de 30 secunde
L 02/03/2017 - 20:57:38: [slayafk.amxx] omer a primit slay, deoarece a fost afk mai mult de 30 secunde
L 02/03/2017 - 20:58:48: [slayafk.amxx] omer a primit slay, deoarece a fost afk mai mult de 30 secunde
L 02/03/2017 - 20:59:48: [slayafk.amxx] -rTg|maEsTrOo a primit slay, deoarece a fost afk mai mult de 30 secunde
L 02/03/2017 - 20:59:53: [slayafk.amxx] adysialtele a primit slay, deoarece a fost afk mai mult de 30 secunde
L 02/03/2017 - 21:03:03: [slayafk.amxx] adysialtele a primit slay, deoarece a fost afk mai mult de 30 secunde
L 02/03/2017 - 21:03:03: [slayafk.amxx] omer a primit slay, deoarece a fost afk mai mult de 30 secunde
L 02/03/2017 - 21:03:58: [slayafk.amxx] -rTg|maEsTrOo a primit slay, deoarece a fost afk mai mult de 30 secunde
L 02/03/2017 - 21:04:03: [slayafk.amxx] omer a primit slay, deoarece a fost afk mai mult de 30 secunde
L 02/03/2017 - 21:04:38: [slayafk.amxx] adysialtele a primit slay, deoarece a fost afk mai mult de 30 secunde
L 02/03/2017 - 21:04:43: [slayafk.amxx] omer a primit slay, deoarece a fost afk mai mult de 30 secunde
L 02/03/2017 - 21:05:23: [slayafk.amxx] -rTg|maEsTrOo a primit slay, deoarece a fost afk mai mult de 30 secunde
L 02/03/2017 - 21:05:23: [slayafk.amxx] adysialtele a primit slay, deoarece a fost afk mai mult de 30 secunde
L 02/03/2017 - 21:05:23: [slayafk.amxx] omer a primit slay, deoarece a fost afk mai mult de 30 secunde
L 02/03/2017 - 21:06:03: [slayafk.amxx] -rTg|maEsTrOo a primit slay, deoarece a fost afk mai mult de 30 secunde
L 02/03/2017 - 21:06:03: [slayafk.amxx] adysialtele a primit slay, deoarece a fost afk mai mult de 30 secunde
L 02/03/2017 - 21:06:13: [slayafk.amxx] S.W.A.T a primit slay, deoarece a fost afk mai mult de 30 secunde
L 02/03/2017 - 21:06:48: [slayafk.amxx] omer a primit slay, deoarece a fost afk mai mult de 30 secunde
L 02/03/2017 - 21:06:53: [slayafk.amxx] -rTg|maEsTrOo a primit slay, deoarece a fost afk mai mult de 30 secunde
L 02/03/2017 - 21:07:41: [admin.amxx] Login: "SWAGGIE. XD<2834><VALVE_0:4:862961770><>" became an admin (account "SWAGGIE. XD") (access "bi") (address "109.98.131.207")
L 02/03/2017 - 21:07:43: [slayafk.amxx] -rTg|maEsTrOo a primit slay, deoarece a fost afk mai mult de 30 secunde
L 02/03/2017 - 21:07:43: [slayafk.amxx] omer a primit slay, deoarece a fost afk mai mult de 30 secunde
L 02/03/2017 - 21:08:48: [slayafk.amxx] -rTg|maEsTrOo a primit slay, deoarece a fost afk mai mult de 30 secunde
L 02/03/2017 - 21:09:48: [slayafk.amxx] omer a primit slay, deoarece a fost afk mai mult de 30 secunde
L 02/03/2017 - 21:09:53: [slayafk.amxx] -rTg|maEsTrOo a primit slay, deoarece a fost afk mai mult de 30 secunde
L 02/03/2017 - 21:12:53: [slayafk.amxx] -rTg|maEsTrOo a primit slay, deoarece a fost afk mai mult de 30 secunde
L 02/03/2017 - 21:12:53: [slayafk.amxx] omer a primit slay, deoarece a fost afk mai mult de 30 secunde
L 02/03/2017 - 21:13:38: [slayafk.amxx] adysialtele a primit slay, deoarece a fost afk mai mult de 30 secunde
L 02/03/2017 - 21:16:28: [slayafk.amxx] -rTg|maEsTrOo a primit slay, deoarece a fost afk mai mult de 30 secunde
L 02/03/2017 - 21:18:33: [slayafk.amxx] omer a primit slay, deoarece a fost afk mai mult de 30 secunde
L 02/03/2017 - 21:21:15: -------- Mapchange to deathrun_purplez --------
L 02/03/2017 - 21:21:16: [comp_timer2.amxx] Error on query: You have an error in your SQL syntax; check the manual that corresponds to your MySQL server version for the right syntax to use near '' at line 1
L 02/03/2017 - 21:21:16: [comp_timer2.amxx] FailState == TQUERY_QUERY_FAILED, Query failed.
L 02/03/2017 - 21:21:18: [admin.amxx] Login: "-rTg|maEsTrOo<2692><STEAM_0:1:154430568><>" became an admin (account "-rTg|maEsTrOo") (access "bit") (address "89.123.112.201")
L 02/03/2017 - 21:22:36: [admin.amxx] Login: "Andreea<2867><STEAM_0:0:189341027><>" became an admin (account "Andreea") (access "bit") (address "2.35.160.48")
L 02/03/2017 - 21:22:46: [admin.amxx] Login: "Andreea<2868><STEAM_0:0:189341027><>" became an admin (account "Andreea") (access "bit") (address "2.35.160.48")
L 02/03/2017 - 21:23:02: [slayafk.amxx] -rTg|maEsTrOo a primit slay, deoarece a fost afk mai mult de 30 secunde
L 02/03/2017 - 21:23:51: [admin.amxx] Login: "SWAGGIE. XD<2872><VALVE_0:4:862961770><>" became an admin (account "SWAGGIE. XD") (access "bi") (address "109.98.131.207")
L 02/03/2017 - 21:27:26: [adminchat.amxx] Chat: "G7<2860><VALVE_0:4:1677482994><>" chat "dau in asta mica cum dadea stefan cel mare cu sabia in turci"
L 02/03/2017 - 21:27:50: [adminchat.amxx] Chat: "G7<2860><VALVE_0:4:1677482994><>" chat "d-acolo din corasom"
L 02/03/2017 - 21:31:17: [slayafk.amxx] urs a primit slay, deoarece a fost afk mai mult de 30 secunde
L 02/03/2017 - 21:32:47: [slayafk.amxx] urs a primit slay, deoarece a fost afk mai mult de 30 secunde
L 02/03/2017 - 21:33:03: [adminchat.amxx] Chat: "G7<2860><VALVE_0:4:1677482994><>" chat "dam un gang-bang la tine andreeaa?"
L 02/03/2017 - 21:33:09: [adminchat.amxx] Chat: "G7<2860><VALVE_0:4:1677482994><>" chat "vin mai multi\"
L 02/03/2017 - 21:33:47: [slayafk.amxx] urs a primit slay, deoarece a fost afk mai mult de 30 secunde
L 02/03/2017 - 21:34:08: [adminchat.amxx] Chat: "G7<2860><VALVE_0:4:1677482994><>" chat "ma numai fete pe fete"
L 02/03/2017 - 21:34:12: [slayafk.amxx] PaRcHeT. a primit slay, deoarece a fost afk mai mult de 30 secunde
L 02/03/2017 - 21:34:17: [adminchat.amxx] Chat: "G7<2860><VALVE_0:4:1677482994><>" chat "hai cu un gang-bang ne bagam"
L 02/03/2017 - 21:34:32: [adminchat.amxx] Chat: "G7<2860><VALVE_0:4:1677482994><>" chat "hai ca va place da-va dq:)))"
L 02/03/2017 - 21:34:44: [adminchat.amxx] Chat: "G7<2860><VALVE_0:4:1677482994><>" chat "si ce daca e fata cu pula :))"
L 02/03/2017 - 21:35:04: [adminchat.amxx] Chat: "G7<2860><VALVE_0:4:1677482994><>" chat "pai nu mai imi da gag "
L 02/03/2017 - 21:35:07: [slayafk.amxx] urs a primit slay, deoarece a fost afk mai mult de 30 secunde
L 02/03/2017 - 21:35:07: [slayafk.amxx] PaRcHeT. a primit slay, deoarece a fost afk mai mult de 30 secunde
L 02/03/2017 - 21:35:10: [adminchat.amxx] Chat: "G7<2860><VALVE_0:4:1677482994><>" chat "si vorbesc normal"
L 02/03/2017 - 21:35:55: [admin.amxx] Login: "wKn<2892><STEAM_0:0:196614190><>" became an admin (account "wKn") (access "bit") (address "92.85.73.239")
L 02/03/2017 - 21:36:06: [adminchat.amxx] Chat: "G7<2860><VALVE_0:4:1677482994><>" chat "Andreea promit ca dau in tine precum Eminescu anu asta la bac:*"
L 02/03/2017 - 21:37:02: [slayafk.amxx] -rTg|maEsTrOo a primit slay, deoarece a fost afk mai mult de 30 secunde
L 02/03/2017 - 21:38:53: [adminchat.amxx] Chat: "G7<2860><VALVE_0:4:1677482994><>" chat "S"
L 02/03/2017 - 21:39:05: [adminchat.amxx] Chat: "G7<2860><VALVE_0:4:1677482994><>" chat "ce pizda ma-tii vrei ma"
L 02/03/2017 - 21:39:14: [admincmd.amxx] Kick: "SWAGGIE. XD<2872><VALVE_0:4:862961770><>" kick "G7<2860><VALVE_0:4:1677482994><>" (reason "")
L 02/03/2017 - 21:39:19: [adminchat.amxx] Chat: "wKn<2892><STEAM_0:0:196614190><>" chat "fara kick ma"
L 02/03/2017 - 21:39:25: [adminchat.amxx] Chat: "wKn<2892><STEAM_0:0:196614190><>" chat "te mananca?"
L 02/03/2017 - 21:39:29: [adminchat.amxx] Chat: "SWAGGIE. XD<2872><VALVE_0:4:862961770><>" chat " cum fara kick ma?"
L 02/03/2017 - 21:39:34: [adminchat.amxx] Chat: "SWAGGIE. XD<2872><VALVE_0:4:862961770><>" chat " m-a injurat,."
L 02/03/2017 - 21:39:39: [adminchat.amxx] Chat: "wKn<2892><STEAM_0:0:196614190><>" chat "ii dai gag"
L 02/03/2017 - 21:39:43: [adminchat.amxx] Chat: "wKn<2892><STEAM_0:0:196614190><>" chat "pe u@"
L 02/03/2017 - 21:39:47: [adminchat.amxx] Chat: "G7<2896><VALVE_0:4:1677482994><>" chat "normal daca imi permit"
L 02/03/2017 - 21:39:57: [adminchat.amxx] Chat: "wKn<2892><STEAM_0:0:196614190><>" chat "na"
L 02/03/2017 - 21:40:01: [adminchat.amxx] Chat: "wKn<2892><STEAM_0:0:196614190><>" chat "sa vedem"
L 02/03/2017 - 21:40:05: [adminchat.amxx] Chat: "wKn<2892><STEAM_0:0:196614190><>" chat "daca mai vorbeste"
L 02/03/2017 - 21:40:10: [adminchat.amxx] Chat: "SWAGGIE. XD<2872><VALVE_0:4:862961770><>" chat "ARE GAG"
L 02/03/2017 - 21:40:14: [adminchat.amxx] Chat: "wKn<2892><STEAM_0:0:196614190><>" chat "pe U@"
L 02/03/2017 - 21:40:17: [adminchat.amxx] Chat: "wKn<2892><STEAM_0:0:196614190><>" chat "doamne"
L 02/03/2017 - 21:41:02: [slayafk.amxx] -rTg|maEsTrOo a primit slay, deoarece a fost afk mai mult de 30 secunde
L 02/03/2017 - 21:42:27: [slayafk.amxx] G7 a primit slay, deoarece a fost afk mai mult de 30 secunde
L 02/03/2017 - 21:44:07: [admin.amxx] Login: "SWAGGIE. XD<2901><VALVE_0:4:862961770><>" became an admin (account "SWAGGIE. XD") (access "bi") (address "109.98.131.207")
L 02/03/2017 - 21:44:47: [slayafk.amxx] -rTg|maEsTrOo a primit slay, deoarece a fost afk mai mult de 30 secunde
L 02/03/2017 - 21:44:47: [slayafk.amxx] G7 a primit slay, deoarece a fost afk mai mult de 30 secunde
L 02/03/2017 - 21:46:07: [slayafk.amxx] -rTg|maEsTrOo a primit slay, deoarece a fost afk mai mult de 30 secunde
L 02/03/2017 - 21:46:07: [slayafk.amxx] G7 a primit slay, deoarece a fost afk mai mult de 30 secunde
L 02/03/2017 - 21:46:55: -------- Mapchange to deathrun_cityhotel_v2 --------
L 02/03/2017 - 21:46:57: [comp_timer2.amxx] Error on query: You have an error in your SQL syntax; check the manual that corresponds to your MySQL server version for the right syntax to use near '' at line 1
L 02/03/2017 - 21:46:57: [comp_timer2.amxx] FailState == TQUERY_QUERY_FAILED, Query failed.
L 02/03/2017 - 21:46:58: [admin.amxx] Login: "-rTg|maEsTrOo<2692><STEAM_0:1:154430568><>" became an admin (account "-rTg|maEsTrOo") (access "bit") (address "89.123.112.201")
L 02/03/2017 - 21:47:10: [admin.amxx] Login: "Levi99<2911><STEAM_0:0:183716598><>" became an admin (account "Levi99") (access "bi") (address "79.113.143.22")
L 02/03/2017 - 21:47:13: [admin.amxx] Login: "Levi99<2913><STEAM_0:0:183716598><>" became an admin (account "Levi99") (access "bi") (address "79.113.143.22")
L 02/03/2017 - 21:47:29: [admincmd.amxx] Cmd: "Dr.FioriGinal.Ro ~ Server Clasi<0><><>" slay "urs<2915><STEAM_0:0:1844581320><>"
L 02/03/2017 - 21:47:43: [slayafk.amxx] omer a primit slay, deoarece a fost afk mai mult de 30 secunde
L 02/03/2017 - 21:47:58: [slayafk.amxx] G7 a primit slay, deoarece a fost afk mai mult de 30 secunde
L 02/03/2017 - 21:48:57: [admin.amxx] Login: "trickz-<2918><VALVE_0:4:1793827434><>" kicked due to invalid password (account "trickz-") (address "109.166.139.124")
L 02/03/2017 - 21:49:20: [admin.amxx] Login: "trickz-<2919><VALVE_0:4:1793827434><>" became an admin (account "trickz-") (access "bi") (address "109.166.139.124")
L 02/03/2017 - 21:49:26: [admin.amxx] Login: "trickz-<2920><VALVE_0:4:1793827434><>" became an admin (account "trickz-") (access "bi") (address "109.166.139.124")
L 02/03/2017 - 21:49:33: [slayafk.amxx] -rTg|maEsTrOo a primit slay, deoarece a fost afk mai mult de 30 secunde
L 02/03/2017 - 21:49:38: [slayafk.amxx] omer a primit slay, deoarece a fost afk mai mult de 30 secunde
L 02/03/2017 - 21:50:58: [slayafk.amxx] -rTg|maEsTrOo a primit slay, deoarece a fost afk mai mult de 30 secunde
L 02/03/2017 - 21:50:58: [slayafk.amxx] omer a primit slay, deoarece a fost afk mai mult de 30 secunde
L 02/03/2017 - 21:50:58: [slayafk.amxx] G7 a primit slay, deoarece a fost afk mai mult de 30 secunde
L 02/03/2017 - 21:53:48: [slayafk.amxx] -rTg|maEsTrOo a primit slay, deoarece a fost afk mai mult de 30 secunde
L 02/03/2017 - 21:53:48: [slayafk.amxx] omer a primit slay, deoarece a fost afk mai mult de 30 secunde
L 02/03/2017 - 21:56:18: [slayafk.amxx] -rTg|maEsTrOo a primit slay, deoarece a fost afk mai mult de 30 secunde
L 02/03/2017 - 21:56:18: [slayafk.amxx] omer a primit slay, deoarece a fost afk mai mult de 30 secunde
L 02/03/2017 - 21:56:24: [admin.amxx] Login: "SWAGGIE. XD<2928><VALVE_0:4:862961770><>" became an admin (account "SWAGGIE. XD") (access "bi") (address "109.98.131.207")
L 02/03/2017 - 21:57:55: [admin.amxx] Login: "SWAGGIE. XD<2930><VALVE_0:4:862961770><>" became an admin (account "SWAGGIE. XD") (access "bi") (address "109.98.131.207")
L 02/03/2017 - 21:58:01: [admincmd.amxx] Cmd: "Dr.FioriGinal.Ro ~ Server Clasi<0><><>" slay "SWAGGIE. XD<2930><VALVE_0:4:862961770><>"
L 02/03/2017 - 21:59:13: [slayafk.amxx] -rTg|maEsTrOo a primit slay, deoarece a fost afk mai mult de 30 secunde
L 02/03/2017 - 21:59:13: [slayafk.amxx] omer a primit slay, deoarece a fost afk mai mult de 30 secunde
L 02/03/2017 - 22:00:08: [slayafk.amxx] omer a primit slay, deoarece a fost afk mai mult de 30 secunde
L 02/03/2017 - 22:00:10: [admin.amxx] Login: "SWAGGIE. XD<2933><VALVE_0:4:862961770><>" became an admin (account "SWAGGIE. XD") (access "bi") (address "109.98.131.207")
L 02/03/2017 - 22:03:23: [slayafk.amxx] -rTg|maEsTrOo a primit slay, deoarece a fost afk mai mult de 30 secunde
L 02/03/2017 - 22:03:23: [slayafk.amxx] omer a primit slay, deoarece a fost afk mai mult de 30 secunde
L 02/03/2017 - 22:03:23: [slayafk.amxx] TPB # Diamonds a primit slay, deoarece a fost afk mai mult de 30 secunde
L 02/03/2017 - 22:04:53: [slayafk.amxx] -rTg|maEsTrOo a primit slay, deoarece a fost afk mai mult de 30 secunde
L 02/03/2017 - 22:07:43: [slayafk.amxx] omer a primit slay, deoarece a fost afk mai mult de 30 secunde
L 02/03/2017 - 22:07:48: [slayafk.amxx] -rTg|maEsTrOo a primit slay, deoarece a fost afk mai mult de 30 secunde
L 02/03/2017 - 22:08:43: [slayafk.amxx] -rTg|maEsTrOo a primit slay, deoarece a fost afk mai mult de 30 secunde
L 02/03/2017 - 22:08:43: [slayafk.amxx] omer a primit slay, deoarece a fost afk mai mult de 30 secunde
L 02/03/2017 - 22:09:23: [slayafk.amxx] -rTg|maEsTrOo a primit slay, deoarece a fost afk mai mult de 30 secunde
L 02/03/2017 - 22:10:53: [slayafk.amxx] -rTg|maEsTrOo a primit slay, deoarece a fost afk mai mult de 30 secunde
L 02/03/2017 - 22:11:33: [slayafk.amxx] -rTg|maEsTrOo a primit slay, deoarece a fost afk mai mult de 30 secunde
L 02/03/2017 - 22:11:43: [slayafk.amxx] omer a primit slay, deoarece a fost afk mai mult de 30 secunde
L 02/03/2017 - 22:12:23: [slayafk.amxx] -rTg|maEsTrOo a primit slay, deoarece a fost afk mai mult de 30 secunde
L 02/03/2017 - 22:12:26: -------- Mapchange to deathrun_abtropicano2 --------
L 02/03/2017 - 22:12:28: [comp_timer2.amxx] Error on query: You have an error in your SQL syntax; check the manual that corresponds to your MySQL server version for the right syntax to use near '' at line 1
L 02/03/2017 - 22:12:28: [comp_timer2.amxx] FailState == TQUERY_QUERY_FAILED, Query failed.
L 02/03/2017 - 22:12:29: [admin.amxx] Login: "-rTg|maEsTrOo<2692><STEAM_0:1:154430568><>" became an admin (account "-rTg|maEsTrOo") (access "bit") (address "89.123.112.201")
L 02/03/2017 - 22:13:03: [slayafk.amxx] -rTg|maEsTrOo a primit slay, deoarece a fost afk mai mult de 30 secunde
L 02/03/2017 - 22:13:08: [slayafk.amxx] omer a primit slay, deoarece a fost afk mai mult de 30 secunde
L 02/03/2017 - 22:13:43: [slayafk.amxx] omer a primit slay, deoarece a fost afk mai mult de 30 secunde
L 02/03/2017 - 22:14:48: [slayafk.amxx] -rTg|maEsTrOo a primit slay, deoarece a fost afk mai mult de 30 secunde
L 02/03/2017 - 22:14:53: [slayafk.amxx] omer a primit slay, deoarece a fost afk mai mult de 30 secunde
L 02/03/2017 - 22:15:33: [slayafk.amxx] omer a primit slay, deoarece a fost afk mai mult de 30 secunde
L 02/03/2017 - 22:15:46: [admin.amxx] Login: "trickz-<2945><STEAM_0:0:449269657><>" became an admin (account "trickz-") (access "bi") (address "109.166.139.124")
L 02/03/2017 - 22:15:50: [admin.amxx] Login: "trickz-<2946><STEAM_0:0:449269657><>" became an admin (account "trickz-") (access "bi") (address "109.166.139.124")
L 02/03/2017 - 22:16:47: [adminchat.amxx] Chat: "trickz-<2946><STEAM_0:0:449269657><>" chat " ceawless"
L 02/03/2017 - 22:18:18: [slayafk.amxx] -rTg|maEsTrOo a primit slay, deoarece a fost afk mai mult de 30 secunde
L 02/03/2017 - 22:18:18: [slayafk.amxx] omer a primit slay, deoarece a fost afk mai mult de 30 secunde
L 02/03/2017 - 22:19:43: [slayafk.amxx] omer a primit slay, deoarece a fost afk mai mult de 30 secunde
L 02/03/2017 - 22:20:19: [admincmd.amxx] Cmd: "Dr.FioriGinal.Ro ~ Server Clasi<0><><>" slay "R4z0R<2953><STEAM_0:0:59917040><>"
L 02/03/2017 - 22:20:38: [slayafk.amxx] -rTg|maEsTrOo a primit slay, deoarece a fost afk mai mult de 30 secunde
L 02/03/2017 - 22:22:33: [slayafk.amxx] -rTg|maEsTrOo a primit slay, deoarece a fost afk mai mult de 30 secunde
L 02/03/2017 - 22:22:33: [slayafk.amxx] omer a primit slay, deoarece a fost afk mai mult de 30 secunde
L 02/03/2017 - 22:23:38: [slayafk.amxx] -rTg|maEsTrOo a primit slay, deoarece a fost afk mai mult de 30 secunde
L 02/03/2017 - 22:23:38: [slayafk.amxx] R4z0R a primit slay, deoarece a fost afk mai mult de 30 secunde
L 02/03/2017 - 22:25:13: [slayafk.amxx] -rTg|maEsTrOo a primit slay, deoarece a fost afk mai mult de 30 secunde
L 02/03/2017 - 22:25:13: [slayafk.amxx] omer a primit slay, deoarece a fost afk mai mult de 30 secunde
L 02/03/2017 - 22:26:33: [slayafk.amxx] R4z0R a primit slay, deoarece a fost afk mai mult de 30 secunde
L 02/03/2017 - 22:26:38: [slayafk.amxx] -rTg|maEsTrOo a primit slay, deoarece a fost afk mai mult de 30 secunde
L 02/03/2017 - 22:27:23: [slayafk.amxx] omer a primit slay, deoarece a fost afk mai mult de 30 secunde
L 02/03/2017 - 22:27:58: [slayafk.amxx] -rTg|maEsTrOo a primit slay, deoarece a fost afk mai mult de 30 secunde
L 02/03/2017 - 22:28:28: [slayafk.amxx] omer a primit slay, deoarece a fost afk mai mult de 30 secunde
L 02/03/2017 - 22:29:03: [slayafk.amxx] -rTg|maEsTrOo a primit slay, deoarece a fost afk mai mult de 30 secunde
L 02/03/2017 - 22:29:33: [slayafk.amxx] omer a primit slay, deoarece a fost afk mai mult de 30 secunde
L 02/03/2017 - 22:30:08: [slayafk.amxx] -rTg|maEsTrOo a primit slay, deoarece a fost afk mai mult de 30 secunde
L 02/03/2017 - 22:30:38: [slayafk.amxx] omer a primit slay, deoarece a fost afk mai mult de 30 secunde
L 02/03/2017 - 22:31:28: [slayafk.amxx] -rTg|maEsTrOo a primit slay, deoarece a fost afk mai mult de 30 secunde
L 02/03/2017 - 22:31:58: [slayafk.amxx] omer a primit slay, deoarece a fost afk mai mult de 30 secunde
L 02/03/2017 - 22:33:08: [slayafk.amxx] omer a primit slay, deoarece a fost afk mai mult de 30 secunde
L 02/03/2017 - 22:33:53: [slayafk.amxx] omer a primit slay, deoarece a fost afk mai mult de 30 secunde
L 02/03/2017 - 22:35:18: [slayafk.amxx] omer a primit slay, deoarece a fost afk mai mult de 30 secunde
L 02/03/2017 - 22:38:28: -------- Mapchange to deathrun_trap_canyon --------
L 02/03/2017 - 22:38:29: [comp_timer2.amxx] Error on query: You have an error in your SQL syntax; check the manual that corresponds to your MySQL server version for the right syntax to use near '' at line 1
L 02/03/2017 - 22:38:29: [comp_timer2.amxx] FailState == TQUERY_QUERY_FAILED, Query failed.
L 02/03/2017 - 22:47:17: [admin.amxx] Login: "SWAGGIE. XD<2972><VALVE_0:4:862961770><>" became an admin (account "SWAGGIE. XD") (access "bi") (address "109.98.131.207")
L 02/03/2017 - 23:03:26: [admin.amxx] Login: "fl0ppy<2992><VALVE_0:4:69193463><>" became an admin (account "fl0ppy") (access "bi") (address "86.127.99.161")
L 02/03/2017 - 23:03:59: [admin.amxx] Login: "fl0ppy<2993><VALVE_0:4:69193463><>" became an admin (account "fl0ppy") (access "bi") (address "86.127.99.161")
L 02/03/2017 - 23:04:06: [admincmd.amxx] Cmd: "Dr.FioriGinal.Ro ~ Server Clasi<0><><>" slay "fl0ppy<2993><VALVE_0:4:69193463><>"
L 02/03/2017 - 23:06:00: [admin.amxx] Login: "fl0ppy<2994><VALVE_0:4:69193463><>" became an admin (account "fl0ppy") (access "bi") (address "86.127.99.161")
L 02/03/2017 - 23:06:06: [admincmd.amxx] Cmd: "Dr.FioriGinal.Ro ~ Server Clasi<0><><>" slay "fl0ppy<2994><VALVE_0:4:69193463><>"
L 02/03/2017 - 23:06:22: [admincmd.amxx] Cmd: "fl0ppy<2994><VALVE_0:4:69193463><>" slay "C9 Yijox<2961><STEAM_0:0:660503307><>"
L 02/03/2017 - 23:06:25: -------- Mapchange to deathrun_blabla_hard --------
L 02/03/2017 - 23:06:27: [comp_timer2.amxx] Error on query: You have an error in your SQL syntax; check the manual that corresponds to your MySQL server version for the right syntax to use near '' at line 1
L 02/03/2017 - 23:06:27: [comp_timer2.amxx] FailState == TQUERY_QUERY_FAILED, Query failed.
L 02/03/2017 - 23:06:28: [admin.amxx] Login: "fl0ppy<2994><VALVE_0:4:69193463><>" became an admin (account "fl0ppy") (access "bi") (address "86.127.99.161")
L 02/03/2017 - 23:07:41: [admin.amxx] Login: "EvolGeniuS - ThE king#<3006><STEAM_0:1:84045719><>" became an admin (account "EvolGeniuS - ThE king#") (access "bi") (address "5.14.132.0")
L 02/03/2017 - 23:07:52: [slayafk.amxx] omer a primit slay, deoarece a fost afk mai mult de 30 secunde
L 02/03/2017 - 23:09:57: [slayafk.amxx] omer a primit slay, deoarece a fost afk mai mult de 30 secunde
L 02/03/2017 - 23:12:37: [slayafk.amxx] omer a primit slay, deoarece a fost afk mai mult de 30 secunde
L 02/03/2017 - 23:14:04: [admin.amxx] Login: "SWAGGIE. XD<3012><VALVE_0:4:862961770><>" became an admin (account "SWAGGIE. XD") (access "bi") (address "109.98.131.207")
L 02/03/2017 - 23:14:27: [slayafk.amxx] omer a primit slay, deoarece a fost afk mai mult de 30 secunde
L 02/03/2017 - 23:16:12: [slayafk.amxx] omer a primit slay, deoarece a fost afk mai mult de 30 secunde
L 02/03/2017 - 23:18:07: [slayafk.amxx] omer a primit slay, deoarece a fost afk mai mult de 30 secunde
L 02/03/2017 - 23:20:42: [slayafk.amxx] omer a primit slay, deoarece a fost afk mai mult de 30 secunde
L 02/03/2017 - 23:23:21: [admin.amxx] Login: "EvolGeniuS - ThE king#<3017><STEAM_0:1:84045719><>" became an admin (account "EvolGeniuS - ThE king#") (access "bi") (address "5.14.132.0")
L 02/03/2017 - 23:23:50: [admin.amxx] Login: "SWAGGIE. XD<3018><VALVE_0:4:862961770><>" became an admin (account "SWAGGIE. XD") (access "bi") (address "109.98.131.207")
L 02/03/2017 - 23:25:32: [slayafk.amxx] omer a primit slay, deoarece a fost afk mai mult de 30 secunde
L 02/03/2017 - 23:29:37: [slayafk.amxx] omer a primit slay, deoarece a fost afk mai mult de 30 secunde
L 02/03/2017 - 23:29:37: [slayafk.amxx] Daky69 a primit slay, deoarece a fost afk mai mult de 30 secunde
L 02/03/2017 - 23:31:12: [slayafk.amxx] omer a primit slay, deoarece a fost afk mai mult de 30 secunde
L 02/03/2017 - 23:31:39: -------- Mapchange to deathrun_massive --------
L 02/03/2017 - 23:31:42: [comp_timer2.amxx] Error on query: You have an error in your SQL syntax; check the manual that corresponds to your MySQL server version for the right syntax to use near '' at line 1
L 02/03/2017 - 23:31:42: [comp_timer2.amxx] FailState == TQUERY_QUERY_FAILED, Query failed.
L 02/03/2017 - 23:47:43: [admin.amxx] Login: "SWAGGIE. XD<3037><VALVE_0:4:862961770><>" became an admin (account "SWAGGIE. XD") (access "bi") (address "109.98.131.207")
L 02/03/2017 - 23:57:20: -------- Mapchange to deathrun_green_h2_final --------
L 02/03/2017 - 23:57:21: [comp_timer2.amxx] Error on query: You have an error in your SQL syntax; check the manual that corresponds to your MySQL server version for the right syntax to use near '' at line 1
L 02/03/2017 - 23:57:21: [comp_timer2.amxx] FailState == TQUERY_QUERY_FAILED, Query failed.
L 02/03/2017 - 23:59:31: [admin.amxx] Login: "wadafac!<3058><VALVE_0:4:1628556155><>" became an admin (account "wadafac!") (access "bi") (address "79.116.127.107")
L 02/03/2017 - 23:59:37: [admin.amxx] Login: "wadafac!<3059><VALVE_0:4:1628556155><>" became an admin (account "wadafac!") (access "bi") (address "79.116.127.107")
