L 06/03/2017 - 00:05:04: [admin.amxx] Login: "Stifler<294><STEAM_0:0:1784836802><>" became an admin (account "Stifler") (access "b") (address "31.5.145.190")
L 06/03/2017 - 00:09:11: -------- Mapchange to deathrun_jigsaw2 --------
L 06/03/2017 - 00:09:13: [AMXX] Failed to open dictionary file: cstrike/addons/amxmodx/data/lang/walkguard.txt
L 06/03/2017 - 00:09:14: [walkguard.amxx] no zone-file found
L 06/03/2017 - 00:09:14: [admin.amxx] Login: "Stifler<294><STEAM_0:0:1784836802><>" became an admin (account "Stifler") (access "b") (address "31.5.145.190")
L 06/03/2017 - 00:12:56: [admin.amxx] Login: "Stifler<298><STEAM_0:0:1784836802><>" became an admin (account "Stifler") (access "b") (address "31.5.145.190")
L 06/03/2017 - 00:18:46: [admincmd.amxx] Cmd: "Dr.FioriGinal.Ro ~ Server Clasi<0><><>" slay "shto<302><STEAM_0:0:3385128><>"
L 06/03/2017 - 00:20:39: [slayafk.amxx] shto a primit slay, deoarece a fost afk mai mult de 30 secunde
L 06/03/2017 - 00:21:22: [admincmd.amxx] Cmd: "Dr.FioriGinal.Ro ~ Server Clasi<0><><>" slay "RauL<304><STEAM_0:0:1466162642><>"
L 06/03/2017 - 00:52:31: [admincmd.amxx] Cmd: "Dr.FioriGinal.Ro ~ Server Clasi<0><><>" slay "insane strafes<314><STEAM_0:1:182939447><>"
L 06/03/2017 - 01:09:43: -------- Mapchange to deathrun_christmas --------
L 06/03/2017 - 01:09:45: [AMXX] Failed to open dictionary file: cstrike/addons/amxmodx/data/lang/walkguard.txt
L 06/03/2017 - 01:09:46: [walkguard.amxx] no zone-file found
L 06/03/2017 - 02:00:35: [admin.amxx] Login: "wKn<326><STEAM_0:0:196614190><>" became an admin (account "wKn") (access "bit") (address "92.80.126.81")
L 06/03/2017 - 02:01:49: -------- Mapchange to deathrun_jinglebells2 --------
L 06/03/2017 - 02:01:50: [AMXX] Failed to open dictionary file: cstrike/addons/amxmodx/data/lang/walkguard.txt
L 06/03/2017 - 02:01:52: [walkguard.amxx] no zone-file found
L 06/03/2017 - 02:01:52: [admin.amxx] Login: "wKn<326><STEAM_0:0:196614190><>" became an admin (account "wKn") (access "bit") (address "92.80.126.81")
L 06/03/2017 - 02:49:49: -------- Mapchange to deathrun_gb_winter_final4 --------
L 06/03/2017 - 02:49:51: [AMXX] Failed to open dictionary file: cstrike/addons/amxmodx/data/lang/walkguard.txt
L 06/03/2017 - 02:49:52: [walkguard.amxx] no zone-file found
L 06/03/2017 - 07:13:45: -------- Mapchange to deathrun_expres-winter --------
L 06/03/2017 - 07:13:47: [AMXX] Failed to open dictionary file: cstrike/addons/amxmodx/data/lang/walkguard.txt
L 06/03/2017 - 07:13:48: [walkguard.amxx] no zone-file found
L 06/03/2017 - 08:24:08: [admin.amxx] Login: "wKn<352><STEAM_0:0:196614190><>" became an admin (account "wKn") (access "bit") (address "92.85.64.7")
L 06/03/2017 - 08:24:43: [slayafk.amxx] Eduard. a primit slay, deoarece a fost afk mai mult de 30 secunde
L 06/03/2017 - 08:24:46: -------- Mapchange to deathrun_alleywinter --------
L 06/03/2017 - 08:24:48: [AMXX] Failed to open dictionary file: cstrike/addons/amxmodx/data/lang/walkguard.txt
L 06/03/2017 - 08:24:49: [walkguard.amxx] no zone-file found
L 06/03/2017 - 08:24:49: [admin.amxx] Login: "wKn<352><STEAM_0:0:196614190><>" became an admin (account "wKn") (access "bit") (address "92.85.64.7")
L 06/03/2017 - 09:32:09: -------- Mapchange to deathrun_trenal_lux --------
L 06/03/2017 - 09:32:11: [AMXX] Failed to open dictionary file: cstrike/addons/amxmodx/data/lang/walkguard.txt
L 06/03/2017 - 09:32:12: [walkguard.amxx] no zone-file found
L 06/03/2017 - 10:06:26: -------- Mapchange to deathrun_greyskull --------
L 06/03/2017 - 10:06:28: [AMXX] Failed to open dictionary file: cstrike/addons/amxmodx/data/lang/walkguard.txt
L 06/03/2017 - 10:06:29: [walkguard.amxx] no zone-file found
L 06/03/2017 - 10:31:40: -------- Mapchange to deathrun_stronghold_beta1 --------
L 06/03/2017 - 10:31:42: [AMXX] Failed to open dictionary file: cstrike/addons/amxmodx/data/lang/walkguard.txt
L 06/03/2017 - 10:31:43: [walkguard.amxx] no zone-file found
L 06/03/2017 - 10:51:48: [admincmd.amxx] Cmd: "Dr.FioriGinal.Ro ~ Server Clasi<0><><>" slay "Cuza<393><VALVE_0:4:236048375><>"
L 06/03/2017 - 10:58:58: -------- Mapchange to deathrun_aztecan_beta1 --------
L 06/03/2017 - 10:59:00: [AMXX] Failed to open dictionary file: cstrike/addons/amxmodx/data/lang/walkguard.txt
L 06/03/2017 - 10:59:01: [walkguard.amxx] no zone-file found
L 06/03/2017 - 11:01:20: [admincmd.amxx] Cmd: "Dr.FioriGinal.Ro ~ Server Clasi<0><><>" slay "booo<406><VALVE_0:4:2133350906><>"
L 06/03/2017 - 11:06:31: [slayafk.amxx] booo a primit slay, deoarece a fost afk mai mult de 30 secunde
L 06/03/2017 - 11:07:11: [slayafk.amxx] booo a primit slay, deoarece a fost afk mai mult de 30 secunde
L 06/03/2017 - 11:07:51: [slayafk.amxx] booo a primit slay, deoarece a fost afk mai mult de 30 secunde
L 06/03/2017 - 11:08:31: [slayafk.amxx] booo a primit slay, deoarece a fost afk mai mult de 30 secunde
L 06/03/2017 - 11:09:11: [slayafk.amxx] booo a primit slay, deoarece a fost afk mai mult de 30 secunde
L 06/03/2017 - 11:09:51: [slayafk.amxx] booo a primit slay, deoarece a fost afk mai mult de 30 secunde
L 06/03/2017 - 11:36:28: -------- Mapchange to deathrun_pyramid --------
L 06/03/2017 - 11:36:29: [AMXX] Failed to open dictionary file: cstrike/addons/amxmodx/data/lang/walkguard.txt
L 06/03/2017 - 11:36:31: [walkguard.amxx] no zone-file found
L 06/03/2017 - 12:01:44: -------- Mapchange to deathrun_standup --------
L 06/03/2017 - 12:01:46: [AMXX] Failed to open dictionary file: cstrike/addons/amxmodx/data/lang/walkguard.txt
L 06/03/2017 - 12:01:47: [walkguard.amxx] no zone-file found
L 06/03/2017 - 12:09:21: [admincmd.amxx] Cmd: "Dr.FioriGinal.Ro ~ Server Clasi<0><><>" slay "i'm just unique<453><VALVE_0:4:1589560042><>"
L 06/03/2017 - 13:11:33: -------- Mapchange to deathrun_sentinel --------
L 06/03/2017 - 13:11:44: -------- Mapchange to deathrun_forest --------
L 06/03/2017 - 13:11:52: [AMXX] Failed to open dictionary file: cstrike/addons/amxmodx/data/lang/walkguard.txt
L 06/03/2017 - 13:11:55: [walkguard.amxx] no zone-file found
L 06/03/2017 - 13:12:04: Invalid multi-lingual line (file "cstrike/addons/amxmodx/data/lang/rom_protect.txt" key "// *ROM-Protect// Plugin OpenSource anti-IsFlooding/bug-fix pentru orice server." lang "")
L 06/03/2017 - 13:12:04: Invalid multi-lingual line (file "cstrike/addons/amxmodx/data/lang/rom_protect.txt" key "// Versiunea : 1.0.4s-dev. Bulid : 98. Data lansarii versiunii : 03.12.2016." lang "")
L 06/03/2017 - 13:12:04: Invalid multi-lingual line (file "cstrike/addons/amxmodx/data/lang/rom_protect.txt" key "// Autor : lüxor # Dr.Fio & DR2.IND (+ eNd.) - SteamID (contact) : luxxxoor" lang "")
L 06/03/2017 - 13:12:04: Invalid multi-lingual line (file "cstrike/addons/amxmodx/data/lang/rom_protect.txt" key "// O productie FioriGinal.ro - site : www.fioriginal.ro" lang "")
L 06/03/2017 - 13:12:04: Invalid multi-lingual line (file "cstrike/addons/amxmodx/data/lang/rom_protect.txt" key "// Link forum de dezvoltare : http://forum.fioriginal.ro/amxmodx-plugins-pluginuri/rom-protect-anti-flood-bug-fix-t28292.html" lang "")
L 06/03/2017 - 13:12:04: Invalid multi-lingual line (file "cstrike/addons/amxmodx/data/lang/rom_protect.txt" key "// Link sursa : https://github.com/luxxxoor/ROM-Protect" lang "")
L 06/03/2017 - 13:12:04: Invalid multi-lingual line (file "cstrike/addons/amxmodx/data/lang/rom_protect.txt" key "// Colori : ^1 - Culoarea aleasa de jucator cu con_color." lang "")
L 06/03/2017 - 13:12:04: Invalid multi-lingual line (file "cstrike/addons/amxmodx/data/lang/rom_protect.txt" key "//          ^3 - Culoare gri." lang "")
L 06/03/2017 - 13:12:04: Invalid multi-lingual line (file "cstrike/addons/amxmodx/data/lang/rom_protect.txt" key "//          ^4 - Culoare verde." lang "")
L 06/03/2017 - 13:21:10: [admincmd.amxx] Cmd: "Dr.FioriGinal.Ro ~ Server Clasi<0><><>" slay "[mr] isam ghaith<9><STEAM_0:0:997819823><>"
L 06/03/2017 - 13:22:32: [admin.amxx] Login: "Stifler<11><STEAM_0:0:1784836802><>" became an admin (account "Stifler") (access "b") (address "31.5.145.190")
L 06/03/2017 - 13:27:05: [admin.amxx] Login: "Stifler<16><STEAM_0:0:1784836802><>" became an admin (account "Stifler") (access "b") (address "31.5.145.190")
L 06/03/2017 - 13:48:30: -------- Mapchange to deathrun_jinglebells --------
L 06/03/2017 - 13:48:32: [AMXX] Failed to open dictionary file: cstrike/addons/amxmodx/data/lang/walkguard.txt
L 06/03/2017 - 13:48:34: [walkguard.amxx] no zone-file found
L 06/03/2017 - 14:15:32: -------- Mapchange to deathrun_long_run --------
L 06/03/2017 - 14:15:34: [AMXX] Failed to open dictionary file: cstrike/addons/amxmodx/data/lang/walkguard.txt
L 06/03/2017 - 14:15:35: [walkguard.amxx] no zone-file found
L 06/03/2017 - 14:23:18: [admincmd.amxx] Cmd: "Dr.FioriGinal.Ro ~ Server Clasi<0><><>" slay "mamaliguta<46><VALVE_0:4:1869437170><>"
L 06/03/2017 - 14:54:15: -------- Mapchange to deathrun_virtualstrike --------
L 06/03/2017 - 14:54:17: [AMXX] Failed to open dictionary file: cstrike/addons/amxmodx/data/lang/walkguard.txt
L 06/03/2017 - 14:54:18: [walkguard.amxx] no zone-file found
L 06/03/2017 - 15:22:22: -------- Mapchange to deathrun_nightrun_beta3 --------
L 06/03/2017 - 15:22:24: [AMXX] Failed to open dictionary file: cstrike/addons/amxmodx/data/lang/walkguard.txt
L 06/03/2017 - 15:22:25: [walkguard.amxx] no zone-file found
L 06/03/2017 - 15:45:28: [admincmd.amxx] Cmd: "Dr.FioriGinal.Ro ~ Server Clasi<0><><>" slay "Vladut2<73><STEAM_0:0:1735517759><>"
L 06/03/2017 - 16:18:22: -------- Mapchange to deathrun_0mega --------
L 06/03/2017 - 16:18:23: [AMXX] Failed to open dictionary file: cstrike/addons/amxmodx/data/lang/walkguard.txt
L 06/03/2017 - 16:18:25: [walkguard.amxx] no zone-file found
L 06/03/2017 - 16:20:44: [admin.amxx] Login: "tiganu<81><STEAM_0:0:187978272><>" kicked due to invalid password (account "tiganu") (address "86.124.212.182")
L 06/03/2017 - 16:20:47: [admin.amxx] Login: "tiganu<82><STEAM_0:0:187978272><>" kicked due to invalid password (account "tiganu") (address "86.124.212.182")
L 06/03/2017 - 16:20:48: [admin.amxx] Login: "tiganu<83><STEAM_0:0:187978272><>" kicked due to invalid password (account "tiganu") (address "86.124.212.182")
L 06/03/2017 - 16:21:01: [admin.amxx] Login: "tiganu<85><STEAM_0:0:187978272><>" kicked due to invalid password (account "tiganu") (address "86.124.212.182")
L 06/03/2017 - 16:21:02: [admincmd.amxx] Cmd: "Dr.FioriGinal.Ro ~ Server Clasi<0><><>" slay "Ro.# iNdecEnT<84><STEAM_0:0:58082199><>"
L 06/03/2017 - 16:21:15: [admincmd.amxx] Cmd: "Dr.FioriGinal.Ro ~ Server Clasi<0><><>" slay "Ro.#iNdecEnT<86><STEAM_0:0:58082199><>"
L 06/03/2017 - 16:21:44: [admin.amxx] Login: "tiganu<87><STEAM_0:0:187978272><>" kicked due to invalid password (account "tiganu") (address "86.124.212.182")
L 06/03/2017 - 16:22:05: [admin.amxx] Login: "tiganu<88><STEAM_0:0:187978272><>" became an admin (account "tiganu") (access "b") (address "86.124.212.182")
L 06/03/2017 - 16:24:58: [admin.amxx] Login: "tiganu<89><STEAM_0:0:187978272><>" became an admin (account "tiganu") (access "b") (address "86.124.212.182")
L 06/03/2017 - 16:25:04: [admincmd.amxx] Cmd: "Dr.FioriGinal.Ro ~ Server Clasi<0><><>" slay "tiganu<89><STEAM_0:0:187978272><>"
L 06/03/2017 - 16:36:09: [admincmd.amxx] Cmd: "Dr.FioriGinal.Ro ~ Server Clasi<0><><>" slay "dekly-<94><STEAM_0:1:126478837><>"
L 06/03/2017 - 16:58:20: -------- Mapchange to deathrun_discovery3 --------
L 06/03/2017 - 16:58:22: [AMXX] Failed to open dictionary file: cstrike/addons/amxmodx/data/lang/walkguard.txt
L 06/03/2017 - 16:58:23: [walkguard.amxx] no zone-file found
L 06/03/2017 - 17:39:46: -------- Mapchange to deathrun_adi_blurez --------
L 06/03/2017 - 17:39:48: [AMXX] Failed to open dictionary file: cstrike/addons/amxmodx/data/lang/walkguard.txt
L 06/03/2017 - 17:39:49: [walkguard.amxx] no zone-file found
L 06/03/2017 - 17:42:09: [slayafk.amxx] Maksat a primit slay, deoarece a fost afk mai mult de 30 secunde
L 06/03/2017 - 18:03:50: [admin.amxx] Login: "SWAGGIE. XD<128><STEAM_0:1:120414993><>" became an admin (account "SWAGGIE. XD") (access "b") (address "109.98.131.207")
L 06/03/2017 - 18:04:32: [admincmd.amxx] Cmd: "SWAGGIE. XD<128><STEAM_0:1:120414993><>" changelevel "deathrun_long_run"
L 06/03/2017 - 18:04:35: -------- Mapchange to deathrun_long_run --------
L 06/03/2017 - 18:04:36: [AMXX] Failed to open dictionary file: cstrike/addons/amxmodx/data/lang/walkguard.txt
L 06/03/2017 - 18:04:37: [admin.amxx] Login: "SWAGGIE. XD<128><STEAM_0:1:120414993><>" became an admin (account "SWAGGIE. XD") (access "b") (address "109.98.131.207")
L 06/03/2017 - 18:04:37: [walkguard.amxx] no zone-file found
L 06/03/2017 - 18:06:07: [slayafk.amxx] SWAGGIE. XD a primit slay, deoarece a fost afk mai mult de 30 secunde
L 06/03/2017 - 18:06:47: [slayafk.amxx] SWAGGIE. XD a primit slay, deoarece a fost afk mai mult de 30 secunde
L 06/03/2017 - 18:08:57: [slayafk.amxx] Senzorel a primit slay, deoarece a fost afk mai mult de 30 secunde
L 06/03/2017 - 18:33:43: -------- Mapchange to deathrun_y_underground --------
L 06/03/2017 - 18:33:45: [AMXX] Failed to open dictionary file: cstrike/addons/amxmodx/data/lang/walkguard.txt
L 06/03/2017 - 18:33:46: [walkguard.amxx] no zone-file found
L 06/03/2017 - 18:36:29: [admin.amxx] Login: "Stifler<147><STEAM_0:0:1784836802><>" became an admin (account "Stifler") (access "b") (address "31.5.145.190")
L 06/03/2017 - 18:37:04: [admin.amxx] Login: "Stifler<147><STEAM_0:0:1784836802><>" became an admin (account "Stifler") (access "b") (address "31.5.145.190")
L 06/03/2017 - 18:37:11: [admincmd.amxx] Cmd: "Dr.FioriGinal.Ro ~ Server Clasi<0><><>" slay "Stifler<147><STEAM_0:0:1784836802><>"
L 06/03/2017 - 18:49:23: [admincmd.amxx] Cmd: "Dr.FioriGinal.Ro ~ Server Clasi<0><><>" slay "99fps ; yahwaw.<155><STEAM_0:0:148036594><>"
L 06/03/2017 - 18:51:31: [slayafk.amxx] BombilO a primit slay, deoarece a fost afk mai mult de 30 secunde
L 06/03/2017 - 18:54:45: [admincmd.amxx] Cmd: "Dr.FioriGinal.Ro ~ Server Clasi<0><><>" slay "gF.lL[u]ck<160><STEAM_0:0:1322934216><>"
L 06/03/2017 - 18:56:51: [admincmd.amxx] Cmd: "Dr.FioriGinal.Ro ~ Server Clasi<0><><>" slay "-wAa- TryNova22<170><VALVE_0:4:877001986><>"
L 06/03/2017 - 18:56:55: [admincmd.amxx] Cmd: "Dr.FioriGinal.Ro ~ Server Clasi<0><><>" slay "gF.lL[u]ck<171><STEAM_0:0:1322934216><>"
L 06/03/2017 - 18:57:32: [admincmd.amxx] Cmd: "Dr.FioriGinal.Ro ~ Server Clasi<0><><>" slay "-wAa- TryNova22<177><VALVE_0:4:877001986><>"
L 06/03/2017 - 19:06:18: [admin.amxx] Login: "cool<178><STEAM_0:1:25922700><>" became an admin (account "cool") (access "b") (address "5.14.96.61")
L 06/03/2017 - 19:24:02: [admincmd.amxx] Cmd: "Dr.FioriGinal.Ro ~ Server Clasi<0><><>" slay "i'm just unique<185><VALVE_0:4:1589560042><>"
L 06/03/2017 - 20:01:28: [admin.amxx] Login: "Stifler<200><STEAM_0:0:1784836802><>" became an admin (account "Stifler") (access "b") (address "31.5.145.190")
L 06/03/2017 - 20:10:33: [admincmd.amxx] Cmd: "Dr.FioriGinal.Ro ~ Server Clasi<0><><>" slay "kel<205><STEAM_0:0:1016541550><>"
L 06/03/2017 - 20:10:38: [admincmd.amxx] Cmd: "Dr.FioriGinal.Ro ~ Server Clasi<0><><>" slay "Mudrik<206><VALVE_0:4:1185768176><>"
L 06/03/2017 - 20:17:05: -------- Mapchange to deathrun_privateers --------
L 06/03/2017 - 20:17:07: [AMXX] Failed to open dictionary file: cstrike/addons/amxmodx/data/lang/walkguard.txt
L 06/03/2017 - 20:17:08: [walkguard.amxx] no zone-file found
L 06/03/2017 - 20:52:38: -------- Mapchange to deathrun_rizzy_x --------
L 06/03/2017 - 20:52:39: [AMXX] Failed to open dictionary file: cstrike/addons/amxmodx/data/lang/walkguard.txt
L 06/03/2017 - 20:52:40: [walkguard.amxx] no zone-file found
L 06/03/2017 - 21:49:46: -------- Mapchange to deathrun_ghosts --------
L 06/03/2017 - 21:49:47: [AMXX] Failed to open dictionary file: cstrike/addons/amxmodx/data/lang/walkguard.txt
L 06/03/2017 - 21:49:49: [walkguard.amxx] no zone-file found
L 06/03/2017 - 22:01:02: [admincmd.amxx] Cmd: "Dr.FioriGinal.Ro ~ Server Clasi<0><><>" slay "3njjgv<246><STEAM_0:0:753080395><>"
L 06/03/2017 - 22:39:49: -------- Mapchange to deathrun_sk_occult --------
L 06/03/2017 - 22:39:50: [AMXX] Failed to open dictionary file: cstrike/addons/amxmodx/data/lang/walkguard.txt
L 06/03/2017 - 22:39:52: [walkguard.amxx] no zone-file found
L 06/03/2017 - 22:41:53: [admincmd.amxx] Cmd: "Dr.FioriGinal.Ro ~ Server Clasi<0><><>" slay "rebel<258><STEAM_0:0:69535170><>"
L 06/03/2017 - 22:43:15: [admincmd.amxx] Cmd: "Dr.FioriGinal.Ro ~ Server Clasi<0><><>" slay "rebel<260><STEAM_0:0:69535170><>"
L 06/03/2017 - 22:49:07: [admin.amxx] Login: "anca<267><STEAM_0:0:58514266><>" became an admin (account "anca") (access "bit") (address "109.103.126.196")
L 06/03/2017 - 22:49:12: [admin.amxx] Login: "-rTg|maEsTrOo<268><STEAM_0:1:154430568><>" became an admin (account "-rTg|maEsTrOo") (access "bit") (address "89.123.80.74")
L 06/03/2017 - 23:00:51: [slayafk.amxx] anca a primit slay, deoarece a fost afk mai mult de 30 secunde
L 06/03/2017 - 23:01:41: [slayafk.amxx] -rTg|maEsTrOo a primit slay, deoarece a fost afk mai mult de 30 secunde
L 06/03/2017 - 23:06:41: [slayafk.amxx] anca a primit slay, deoarece a fost afk mai mult de 30 secunde
L 06/03/2017 - 23:26:35: -------- Mapchange to deathrun_jigsaw2 --------
L 06/03/2017 - 23:26:37: [AMXX] Failed to open dictionary file: cstrike/addons/amxmodx/data/lang/walkguard.txt
L 06/03/2017 - 23:26:38: [walkguard.amxx] no zone-file found
L 06/03/2017 - 23:45:22: [admin.amxx] Login: "NebunieX<276><STEAM_0:0:53596872><>" became an admin (account "Nebuniex") (access "bit") (address "86.123.21.57")
