L 06/30/2017 - 00:37:47: -------- Mapchange to deathrun_aztecan_beta1 --------
L 06/30/2017 - 00:37:48: [AMXX] Failed to open dictionary file: cstrike/addons/amxmodx/data/lang/walkguard.txt
L 06/30/2017 - 00:37:49: [walkguard.amxx] no zone-file found
L 06/30/2017 - 00:52:17: [admincmd.amxx] Cmd: "Dr.FioriGinal.Ro ~ Server Clasi<0><><>" slay "gF.lL[u]ck<409><STEAM_0:0:1322934216><>"
L 06/30/2017 - 01:03:31: -------- Mapchange to deathrun_pyramid --------
L 06/30/2017 - 01:03:32: [AMXX] Failed to open dictionary file: cstrike/addons/amxmodx/data/lang/walkguard.txt
L 06/30/2017 - 01:03:33: [walkguard.amxx] no zone-file found
L 06/30/2017 - 02:39:45: -------- Mapchange to deathrun_standup --------
L 06/30/2017 - 02:39:47: [AMXX] Failed to open dictionary file: cstrike/addons/amxmodx/data/lang/walkguard.txt
L 06/30/2017 - 02:39:48: [walkguard.amxx] no zone-file found
L 06/30/2017 - 03:10:41: -------- Mapchange to deathrun_sentinel --------
L 06/30/2017 - 03:10:51: -------- Mapchange to deathrun_forest --------
L 06/30/2017 - 03:10:59: [AMXX] Failed to open dictionary file: cstrike/addons/amxmodx/data/lang/walkguard.txt
L 06/30/2017 - 03:11:01: [walkguard.amxx] no zone-file found
L 06/30/2017 - 03:11:13: Invalid multi-lingual line (file "cstrike/addons/amxmodx/data/lang/rom_protect.txt" key "// *ROM-Protect// Plugin OpenSource anti-IsFlooding/bug-fix pentru orice server." lang "")
L 06/30/2017 - 03:11:13: Invalid multi-lingual line (file "cstrike/addons/amxmodx/data/lang/rom_protect.txt" key "// Versiunea : 1.0.4s-dev. Bulid : 98. Data lansarii versiunii : 03.12.2016." lang "")
L 06/30/2017 - 03:11:13: Invalid multi-lingual line (file "cstrike/addons/amxmodx/data/lang/rom_protect.txt" key "// Autor : lüxor # Dr.Fio & DR2.IND (+ eNd.) - SteamID (contact) : luxxxoor" lang "")
L 06/30/2017 - 03:11:13: Invalid multi-lingual line (file "cstrike/addons/amxmodx/data/lang/rom_protect.txt" key "// O productie FioriGinal.ro - site : www.fioriginal.ro" lang "")
L 06/30/2017 - 03:11:13: Invalid multi-lingual line (file "cstrike/addons/amxmodx/data/lang/rom_protect.txt" key "// Link forum de dezvoltare : http://forum.fioriginal.ro/amxmodx-plugins-pluginuri/rom-protect-anti-flood-bug-fix-t28292.html" lang "")
L 06/30/2017 - 03:11:13: Invalid multi-lingual line (file "cstrike/addons/amxmodx/data/lang/rom_protect.txt" key "// Link sursa : https://github.com/luxxxoor/ROM-Protect" lang "")
L 06/30/2017 - 03:11:13: Invalid multi-lingual line (file "cstrike/addons/amxmodx/data/lang/rom_protect.txt" key "// Colori : ^1 - Culoarea aleasa de jucator cu con_color." lang "")
L 06/30/2017 - 03:11:13: Invalid multi-lingual line (file "cstrike/addons/amxmodx/data/lang/rom_protect.txt" key "//          ^3 - Culoare gri." lang "")
L 06/30/2017 - 03:11:13: Invalid multi-lingual line (file "cstrike/addons/amxmodx/data/lang/rom_protect.txt" key "//          ^4 - Culoare verde." lang "")
L 06/30/2017 - 03:42:08: -------- Mapchange to deathrun_jinglebells --------
L 06/30/2017 - 03:42:09: [AMXX] Failed to open dictionary file: cstrike/addons/amxmodx/data/lang/walkguard.txt
L 06/30/2017 - 03:42:10: [walkguard.amxx] no zone-file found
L 06/30/2017 - 05:28:13: -------- Mapchange to deathrun_long_run --------
L 06/30/2017 - 05:28:15: [AMXX] Failed to open dictionary file: cstrike/addons/amxmodx/data/lang/walkguard.txt
L 06/30/2017 - 05:28:15: [walkguard.amxx] no zone-file found
L 06/30/2017 - 05:32:21: [admincmd.amxx] Cmd: "Dr.FioriGinal.Ro ~ Server Clasi<0><><>" slay "NVIDIA E6 Player<16><VALVE_0:4:1887742725><>"
L 06/30/2017 - 05:34:00: [slayafk.amxx] NVIDIA E6 Player a primit slay, deoarece a fost afk mai mult de 30 secunde
L 06/30/2017 - 08:34:52: -------- Mapchange to deathrun_virtualstrike --------
L 06/30/2017 - 08:34:53: [AMXX] Failed to open dictionary file: cstrike/addons/amxmodx/data/lang/walkguard.txt
L 06/30/2017 - 08:34:54: [walkguard.amxx] no zone-file found
L 06/30/2017 - 09:03:33: [slayafk.amxx] FREDI a primit slay, deoarece a fost afk mai mult de 30 secunde
L 06/30/2017 - 09:21:38: -------- Mapchange to deathrun_nightrun_beta3 --------
L 06/30/2017 - 09:21:40: [AMXX] Failed to open dictionary file: cstrike/addons/amxmodx/data/lang/walkguard.txt
L 06/30/2017 - 09:21:40: [walkguard.amxx] no zone-file found
L 06/30/2017 - 10:08:37: -------- Mapchange to deathrun_0mega --------
L 06/30/2017 - 10:08:39: [AMXX] Failed to open dictionary file: cstrike/addons/amxmodx/data/lang/walkguard.txt
L 06/30/2017 - 10:08:39: [walkguard.amxx] no zone-file found
L 06/30/2017 - 10:59:00: -------- Mapchange to deathrun_discovery3 --------
L 06/30/2017 - 10:59:02: [AMXX] Failed to open dictionary file: cstrike/addons/amxmodx/data/lang/walkguard.txt
L 06/30/2017 - 10:59:03: [walkguard.amxx] no zone-file found
L 06/30/2017 - 11:06:59: [admincmd.amxx] Cmd: "Dr.FioriGinal.Ro ~ Server Clasi<0><><>" slay "ZoKyY<59><VALVE_0:4:1570045314><>"
L 06/30/2017 - 11:12:45: [admincmd.amxx] Cmd: "Dr.FioriGinal.Ro ~ Server Clasi<0><><>" slay "Rambo<64><VALVE_0:4:685198203><>"
L 06/30/2017 - 11:27:06: [admincmd.amxx] Cmd: "Dr.FioriGinal.Ro ~ Server Clasi<0><><>" slay "ZoKyY<72><VALVE_0:4:1570045314><>"
L 06/30/2017 - 11:33:12: [admincmd.amxx] Cmd: "Dr.FioriGinal.Ro ~ Server Clasi<0><><>" slay "ZoKyY<73><VALVE_0:4:1570045314><>"
L 06/30/2017 - 12:27:59: -------- Mapchange to deathrun_adi_blurez --------
L 06/30/2017 - 12:28:00: [AMXX] Failed to open dictionary file: cstrike/addons/amxmodx/data/lang/walkguard.txt
L 06/30/2017 - 12:28:01: [walkguard.amxx] no zone-file found
L 06/30/2017 - 13:14:40: -------- Mapchange to deathrun_2h_estonia --------
L 06/30/2017 - 13:14:41: [AMXX] Failed to open dictionary file: cstrike/addons/amxmodx/data/lang/walkguard.txt
L 06/30/2017 - 13:14:42: [walkguard.amxx] no zone-file found
L 06/30/2017 - 13:29:02: [slayafk.amxx] shto a primit slay, deoarece a fost afk mai mult de 30 secunde
L 06/30/2017 - 13:43:39: -------- Mapchange to deathrun_y_underground --------
L 06/30/2017 - 13:43:40: [AMXX] Failed to open dictionary file: cstrike/addons/amxmodx/data/lang/walkguard.txt
L 06/30/2017 - 13:43:41: [walkguard.amxx] no zone-file found
L 06/30/2017 - 14:32:15: [slayafk.amxx] LaurR. a primit slay, deoarece a fost afk mai mult de 30 secunde
L 06/30/2017 - 14:32:19: -------- Mapchange to deathrun_privateers --------
L 06/30/2017 - 14:32:20: [AMXX] Failed to open dictionary file: cstrike/addons/amxmodx/data/lang/walkguard.txt
L 06/30/2017 - 14:32:21: [walkguard.amxx] no zone-file found
L 06/30/2017 - 14:52:07: [admincmd.amxx] Cmd: "Dr.FioriGinal.Ro ~ Server Clasi<0><><>" slay "Gregory<126><STEAM_0:0:1354368539><>"
L 06/30/2017 - 14:56:47: [admin.amxx] Login: "Stifler<127><STEAM_0:1:22458368><>" became an admin (account "Stifler") (access "b") (address "31.5.145.190")
L 06/30/2017 - 14:56:52: [admin.amxx] Login: "Stifler<128><STEAM_0:1:22458368><>" became an admin (account "Stifler") (access "b") (address "31.5.145.190")
L 06/30/2017 - 15:01:22: [slayafk.amxx] Akif a primit slay, deoarece a fost afk mai mult de 30 secunde
L 06/30/2017 - 15:02:02: [slayafk.amxx] Akif a primit slay, deoarece a fost afk mai mult de 30 secunde
L 06/30/2017 - 15:07:12: -------- Mapchange to deathrun_rizzy_x --------
L 06/30/2017 - 15:07:13: [AMXX] Failed to open dictionary file: cstrike/addons/amxmodx/data/lang/walkguard.txt
L 06/30/2017 - 15:07:14: [walkguard.amxx] no zone-file found
L 06/30/2017 - 15:20:10: [admin.amxx] Login: "tiganu<140><STEAM_0:0:187978272><>" kicked due to invalid password (account "tiganu") (address "79.117.196.127")
L 06/30/2017 - 15:20:19: [admin.amxx] Login: "tiganu<141><STEAM_0:0:187978272><>" kicked due to invalid password (account "tiganu") (address "79.117.196.127")
L 06/30/2017 - 15:20:49: [admin.amxx] Login: "tiganu<142><STEAM_0:0:187978272><>" became an admin (account "tiganu") (access "b") (address "79.117.196.127")
L 06/30/2017 - 15:36:32: [admin.amxx] Login: "FAKE ^^<151><STEAM_0:0:272564954><>" became an admin (account "FAKE ^^") (access "bit") (address "95.76.1.177")
L 06/30/2017 - 15:41:08: [admincmd.amxx] Cmd: "Dr.FioriGinal.Ro ~ Server Clasi<0><><>" slay "b1nder<152><STEAM_0:0:138091538><>"
L 06/30/2017 - 15:59:43: -------- Mapchange to deathrun_ghosts --------
L 06/30/2017 - 15:59:44: [AMXX] Failed to open dictionary file: cstrike/addons/amxmodx/data/lang/walkguard.txt
L 06/30/2017 - 15:59:45: [walkguard.amxx] no zone-file found
L 06/30/2017 - 16:39:47: -------- Mapchange to deathrun_sk_occult --------
L 06/30/2017 - 16:39:48: [AMXX] Failed to open dictionary file: cstrike/addons/amxmodx/data/lang/walkguard.txt
L 06/30/2017 - 16:39:49: [walkguard.amxx] no zone-file found
L 06/30/2017 - 17:05:23: -------- Mapchange to deathrun_jigsaw2 --------
L 06/30/2017 - 17:05:24: [AMXX] Failed to open dictionary file: cstrike/addons/amxmodx/data/lang/walkguard.txt
L 06/30/2017 - 17:05:25: [walkguard.amxx] no zone-file found
L 06/30/2017 - 17:59:01: -------- Mapchange to deathrun_christmas --------
L 06/30/2017 - 17:59:02: [AMXX] Failed to open dictionary file: cstrike/addons/amxmodx/data/lang/walkguard.txt
L 06/30/2017 - 17:59:03: [walkguard.amxx] no zone-file found
L 06/30/2017 - 18:11:04: [admin.amxx] Login: "NebunieX<206><STEAM_0:0:53596872><>" became an admin (account "Nebuniex") (access "bit") (address "94.176.220.156")
L 06/30/2017 - 18:11:10: [admin.amxx] Login: "NebunieX<207><STEAM_0:0:53596872><>" became an admin (account "Nebuniex") (access "bit") (address "94.176.220.156")
L 06/30/2017 - 18:26:49: -------- Mapchange to deathrun_jinglebells2 --------
L 06/30/2017 - 18:26:51: [AMXX] Failed to open dictionary file: cstrike/addons/amxmodx/data/lang/walkguard.txt
L 06/30/2017 - 18:26:52: [walkguard.amxx] no zone-file found
L 06/30/2017 - 19:07:39: -------- Mapchange to deathrun_gb_winter_final4 --------
L 06/30/2017 - 19:07:41: [AMXX] Failed to open dictionary file: cstrike/addons/amxmodx/data/lang/walkguard.txt
L 06/30/2017 - 19:07:41: [walkguard.amxx] no zone-file found
L 06/30/2017 - 19:16:21: [admincmd.amxx] Cmd: "Dr.FioriGinal.Ro ~ Server Clasi<0><><>" slay "cosmina<234><VALVE_0:4:528614838><>"
L 06/30/2017 - 19:17:41: [slayafk.amxx] cosmina a primit slay, deoarece a fost afk mai mult de 30 secunde
L 06/30/2017 - 19:18:26: [slayafk.amxx] cosmina a primit slay, deoarece a fost afk mai mult de 30 secunde
L 06/30/2017 - 19:20:21: [slayafk.amxx] cosmina a primit slay, deoarece a fost afk mai mult de 30 secunde
L 06/30/2017 - 19:21:49: [admin.amxx] Login: "wKn<237><STEAM_0:0:196614190><>" became an admin (account "wKn") (access "bit") (address "92.80.86.52")
L 06/30/2017 - 19:59:41: [slayafk.amxx] BASS a primit slay, deoarece a fost afk mai mult de 30 secunde
L 06/30/2017 - 19:59:44: -------- Mapchange to deathrun_expres-winter --------
L 06/30/2017 - 19:59:46: [AMXX] Failed to open dictionary file: cstrike/addons/amxmodx/data/lang/walkguard.txt
L 06/30/2017 - 19:59:46: [walkguard.amxx] no zone-file found
L 06/30/2017 - 20:00:36: [slayafk.amxx] BASS a primit slay, deoarece a fost afk mai mult de 30 secunde
L 06/30/2017 - 20:25:13: -------- Mapchange to deathrun_alleywinter --------
L 06/30/2017 - 20:25:14: [AMXX] Failed to open dictionary file: cstrike/addons/amxmodx/data/lang/walkguard.txt
L 06/30/2017 - 20:25:15: [walkguard.amxx] no zone-file found
L 06/30/2017 - 20:52:00: [slayafk.amxx] sebi    atmin      VIP a primit slay, deoarece a fost afk mai mult de 30 secunde
L 06/30/2017 - 20:56:53: [admin.amxx] Login: "Tiganu<272><VALVE_0:4:1543490935><>" kicked due to invalid password (account "tiganu") (address "86.120.163.30")
L 06/30/2017 - 20:56:56: [admin.amxx] Login: "Tiganu<273><VALVE_0:4:1543490935><>" kicked due to invalid password (account "tiganu") (address "86.120.163.30")
L 06/30/2017 - 20:58:35: [slayafk.amxx] protibian a primit slay, deoarece a fost afk mai mult de 30 secunde
L 06/30/2017 - 20:59:06: -------- Mapchange to deathrun_trenal_lux --------
L 06/30/2017 - 20:59:08: [AMXX] Failed to open dictionary file: cstrike/addons/amxmodx/data/lang/walkguard.txt
L 06/30/2017 - 20:59:09: [walkguard.amxx] no zone-file found
L 06/30/2017 - 20:59:39: [admincmd.amxx] Cmd: "Dr.FioriGinal.Ro ~ Server Clasi<0><><>" slay "K3nT.<285><STEAM_0:0:1614826449><>"
L 06/30/2017 - 21:00:11: [admincmd.amxx] Cmd: "Dr.FioriGinal.Ro ~ Server Clasi<0><><>" slay "maha<286><VALVE_0:4:1746515528><>"
L 06/30/2017 - 21:08:35: [admincmd.amxx] Cmd: "Dr.FioriGinal.Ro ~ Server Clasi<0><><>" slay "-Hvitserk.<290><VALVE_0:4:2018689514><>"
L 06/30/2017 - 21:39:06: -------- Mapchange to deathrun_greyskull --------
L 06/30/2017 - 21:39:07: [AMXX] Failed to open dictionary file: cstrike/addons/amxmodx/data/lang/walkguard.txt
L 06/30/2017 - 21:39:08: [walkguard.amxx] no zone-file found
L 06/30/2017 - 21:39:47: [admincmd.amxx] Cmd: "Dr.FioriGinal.Ro ~ Server Clasi<0><><>" slay "Fiora<308><STEAM_0:0:1875743988><>"
L 06/30/2017 - 21:40:02: [admincmd.amxx] Cmd: "Dr.FioriGinal.Ro ~ Server Clasi<0><><>" slay "Fiora<309><STEAM_0:0:1875743988><>"
L 06/30/2017 - 22:01:14: [admin.amxx] Login: "Stifler<315><STEAM_0:1:22458368><>" became an admin (account "Stifler") (access "b") (address "31.5.145.190")
L 06/30/2017 - 22:17:09: -------- Mapchange to deathrun_stronghold_beta1 --------
L 06/30/2017 - 22:17:10: [AMXX] Failed to open dictionary file: cstrike/addons/amxmodx/data/lang/walkguard.txt
L 06/30/2017 - 22:17:11: [walkguard.amxx] no zone-file found
L 06/30/2017 - 22:50:24: [admin.amxx] Login: "Stifler<327><STEAM_0:1:22458368><>" became an admin (account "Stifler") (access "b") (address "31.5.145.190")
L 06/30/2017 - 22:52:48: -------- Mapchange to deathrun_aztecan_beta1 --------
L 06/30/2017 - 22:52:49: [AMXX] Failed to open dictionary file: cstrike/addons/amxmodx/data/lang/walkguard.txt
L 06/30/2017 - 22:52:50: [admin.amxx] Login: "Stifler<327><STEAM_0:1:22458368><>" became an admin (account "Stifler") (access "b") (address "31.5.145.190")
L 06/30/2017 - 22:52:50: [walkguard.amxx] no zone-file found
L 06/30/2017 - 23:21:02: -------- Mapchange to deathrun_pyramid --------
L 06/30/2017 - 23:21:03: [AMXX] Failed to open dictionary file: cstrike/addons/amxmodx/data/lang/walkguard.txt
L 06/30/2017 - 23:21:04: [walkguard.amxx] no zone-file found
L 06/30/2017 - 23:36:28: [admin.amxx] Login: "Stifler<345><STEAM_0:1:22458368><>" became an admin (account "Stifler") (access "b") (address "31.5.145.190")
L 06/30/2017 - 23:36:52: [admin.amxx] Login: "Stifler<347><STEAM_0:1:22458368><>" became an admin (account "Stifler") (access "b") (address "31.5.145.190")
L 06/30/2017 - 23:36:58: [admincmd.amxx] Cmd: "Dr.FioriGinal.Ro ~ Server Clasi<0><><>" slay "Stifler<347><STEAM_0:1:22458368><>"
L 06/30/2017 - 23:50:19: -------- Mapchange to deathrun_standup --------
L 06/30/2017 - 23:50:20: [AMXX] Failed to open dictionary file: cstrike/addons/amxmodx/data/lang/walkguard.txt
L 06/30/2017 - 23:50:21: [walkguard.amxx] no zone-file found
