L 05/18/2017 - 00:10:53: -------- Mapchange to deathrun_discovery3 --------
L 05/18/2017 - 00:10:54: [AMXX] Failed to open dictionary file: cstrike/addons/amxmodx/data/lang/walkguard.txt
L 05/18/2017 - 00:10:55: [walkguard.amxx] no zone-file found
L 05/18/2017 - 00:35:26: [admincmd.amxx] Cmd: "Dr.FioriGinal.Ro ~ Server Clasi<0><><>" slay "x.<123><STEAM_0:0:985635619><>"
L 05/18/2017 - 00:36:08: -------- Mapchange to deathrun_adi_blurez --------
L 05/18/2017 - 00:36:09: [AMXX] Failed to open dictionary file: cstrike/addons/amxmodx/data/lang/walkguard.txt
L 05/18/2017 - 00:36:10: [walkguard.amxx] no zone-file found
L 05/18/2017 - 00:53:25: [slayafk.amxx] x. a primit slay, deoarece a fost afk mai mult de 30 secunde
L 05/18/2017 - 00:54:05: [slayafk.amxx] x. a primit slay, deoarece a fost afk mai mult de 30 secunde
L 05/18/2017 - 00:54:45: [slayafk.amxx] x. a primit slay, deoarece a fost afk mai mult de 30 secunde
L 05/18/2017 - 01:15:16: -------- Mapchange to deathrun_2h_estonia --------
L 05/18/2017 - 01:15:18: [AMXX] Failed to open dictionary file: cstrike/addons/amxmodx/data/lang/walkguard.txt
L 05/18/2017 - 01:15:19: [walkguard.amxx] no zone-file found
L 05/18/2017 - 01:40:35: -------- Mapchange to deathrun_y_underground --------
L 05/18/2017 - 01:40:37: [AMXX] Failed to open dictionary file: cstrike/addons/amxmodx/data/lang/walkguard.txt
L 05/18/2017 - 01:40:38: [walkguard.amxx] no zone-file found
L 05/18/2017 - 02:15:18: -------- Mapchange to deathrun_privateers --------
L 05/18/2017 - 02:15:19: [AMXX] Failed to open dictionary file: cstrike/addons/amxmodx/data/lang/walkguard.txt
L 05/18/2017 - 02:15:20: [walkguard.amxx] no zone-file found
L 05/18/2017 - 04:02:20: -------- Mapchange to deathrun_rizzy_x --------
L 05/18/2017 - 04:02:22: [AMXX] Failed to open dictionary file: cstrike/addons/amxmodx/data/lang/walkguard.txt
L 05/18/2017 - 04:02:23: [walkguard.amxx] no zone-file found
L 05/18/2017 - 07:12:16: -------- Mapchange to deathrun_ghosts --------
L 05/18/2017 - 07:12:18: [AMXX] Failed to open dictionary file: cstrike/addons/amxmodx/data/lang/walkguard.txt
L 05/18/2017 - 07:12:19: [walkguard.amxx] no zone-file found
L 05/18/2017 - 09:32:23: -------- Mapchange to deathrun_sk_occult --------
L 05/18/2017 - 09:32:25: [AMXX] Failed to open dictionary file: cstrike/addons/amxmodx/data/lang/walkguard.txt
L 05/18/2017 - 09:32:26: [walkguard.amxx] no zone-file found
L 05/18/2017 - 10:08:40: -------- Mapchange to deathrun_jigsaw2 --------
L 05/18/2017 - 10:08:42: [AMXX] Failed to open dictionary file: cstrike/addons/amxmodx/data/lang/walkguard.txt
L 05/18/2017 - 10:08:43: [walkguard.amxx] no zone-file found
L 05/18/2017 - 10:33:54: -------- Mapchange to deathrun_christmas --------
L 05/18/2017 - 10:33:56: [AMXX] Failed to open dictionary file: cstrike/addons/amxmodx/data/lang/walkguard.txt
L 05/18/2017 - 10:33:57: [walkguard.amxx] no zone-file found
L 05/18/2017 - 10:44:12: [slayafk.amxx] T.H.C#Reso Tupeu. a primit slay, deoarece a fost afk mai mult de 30 secunde
L 05/18/2017 - 11:08:28: -------- Mapchange to deathrun_jinglebells2 --------
L 05/18/2017 - 11:08:30: [AMXX] Failed to open dictionary file: cstrike/addons/amxmodx/data/lang/walkguard.txt
L 05/18/2017 - 11:08:31: [walkguard.amxx] no zone-file found
L 05/18/2017 - 11:44:02: -------- Mapchange to deathrun_gb_winter_final4 --------
L 05/18/2017 - 11:44:03: [AMXX] Failed to open dictionary file: cstrike/addons/amxmodx/data/lang/walkguard.txt
L 05/18/2017 - 11:44:04: [walkguard.amxx] no zone-file found
L 05/18/2017 - 12:14:13: -------- Mapchange to deathrun_expres-winter --------
L 05/18/2017 - 12:14:15: [AMXX] Failed to open dictionary file: cstrike/addons/amxmodx/data/lang/walkguard.txt
L 05/18/2017 - 12:14:17: [walkguard.amxx] no zone-file found
L 05/18/2017 - 12:59:54: -------- Mapchange to deathrun_alleywinter --------
L 05/18/2017 - 12:59:55: [AMXX] Failed to open dictionary file: cstrike/addons/amxmodx/data/lang/walkguard.txt
L 05/18/2017 - 12:59:56: [walkguard.amxx] no zone-file found
L 05/18/2017 - 13:28:54: -------- Mapchange to deathrun_trenal_lux --------
L 05/18/2017 - 13:28:55: [AMXX] Failed to open dictionary file: cstrike/addons/amxmodx/data/lang/walkguard.txt
L 05/18/2017 - 13:28:57: [walkguard.amxx] no zone-file found
L 05/18/2017 - 13:56:45: -------- Mapchange to deathrun_greyskull --------
L 05/18/2017 - 13:56:46: [AMXX] Failed to open dictionary file: cstrike/addons/amxmodx/data/lang/walkguard.txt
L 05/18/2017 - 13:56:47: [walkguard.amxx] no zone-file found
L 05/18/2017 - 14:23:09: -------- Mapchange to deathrun_stronghold_beta1 --------
L 05/18/2017 - 14:23:11: [AMXX] Failed to open dictionary file: cstrike/addons/amxmodx/data/lang/walkguard.txt
L 05/18/2017 - 14:23:12: [walkguard.amxx] no zone-file found
L 05/18/2017 - 14:31:38: [admincmd.amxx] Cmd: "Dr.FioriGinal.Ro ~ Server Clasi<0><><>" slay "[mr] isam ghaith<258><STEAM_0:0:997819823><>"
L 05/18/2017 - 15:04:18: -------- Mapchange to deathrun_aztecan_beta1 --------
L 05/18/2017 - 15:04:20: [AMXX] Failed to open dictionary file: cstrike/addons/amxmodx/data/lang/walkguard.txt
L 05/18/2017 - 15:04:21: [walkguard.amxx] no zone-file found
L 05/18/2017 - 15:12:41: [admincmd.amxx] Cmd: "Dr.FioriGinal.Ro ~ Server Clasi<0><><>" slay "dNk|sCaRy<279><VALVE_0:4:187094899><>"
L 05/18/2017 - 15:16:21: [admin.amxx] Login: "Cuppy # LePatron<286><STEAM_0:1:193294027><>" became an admin (account "Cuppy # LePatron") (access "b") (address "46.253.168.87")
L 05/18/2017 - 15:16:38: [admincmd.amxx] Cmd: "Dr.FioriGinal.Ro ~ Server Clasi<0><><>" slay "Creedy.<287><VALVE_0:4:1991528947><>"
L 05/18/2017 - 15:16:42: [admincmd.amxx] Cmd: "Dr.FioriGinal.Ro ~ Server Clasi<0><><>" slay "qwe<288><VALVE_0:4:1388989042><>"
L 05/18/2017 - 15:18:02: [admin.amxx] Login: "Cuppy # LePatron<289><STEAM_0:1:193294027><>" became an admin (account "Cuppy # LePatron") (access "b") (address "46.253.168.87")
L 05/18/2017 - 15:18:19: [admincmd.amxx] Cmd: "Cuppy # LePatron<289><STEAM_0:1:193294027><>" ask for players list
L 05/18/2017 - 15:18:31: [adminchat.amxx] Chat: "Cuppy # LePatron<289><STEAM_0:1:193294027><>" say "care scurteaza slay /kick ban"
L 05/18/2017 - 15:18:34: [adminchat.amxx] Chat: "Cuppy # LePatron<289><STEAM_0:1:193294027><>" say "care scurteaza slay /kick ban"
L 05/18/2017 - 15:18:50: [admincmd.amxx] Cmd: "Cuppy # LePatron<289><STEAM_0:1:193294027><>" slay "Creedy.<287><VALVE_0:4:1991528947><>"
L 05/18/2017 - 15:19:28: [mapsmenu.amxx] Vote: "Cuppy # LePatron<289><STEAM_0:1:193294027><>" vote maps (map#1 "deathrun_expres-winter") (map#2 "deathrun_gb_winter_final4") (map#3 "") (map#4 "")
L 05/18/2017 - 15:19:40: [mapsmenu.amxx] Vote: Voting successful. Map will be changed to deathrun_gb_winter_final4
L 05/18/2017 - 15:28:01: [slayafk.amxx] Tweetie a primit slay, deoarece a fost afk mai mult de 30 secunde
L 05/18/2017 - 15:30:01: [slayafk.amxx] Tweetie a primit slay, deoarece a fost afk mai mult de 30 secunde
L 05/18/2017 - 15:30:11: -------- Mapchange to deathrun_gb_winter_final4 --------
L 05/18/2017 - 15:30:13: [AMXX] Failed to open dictionary file: cstrike/addons/amxmodx/data/lang/walkguard.txt
L 05/18/2017 - 15:30:14: [walkguard.amxx] no zone-file found
L 05/18/2017 - 15:31:24: [slayafk.amxx] Tweetie a primit slay, deoarece a fost afk mai mult de 30 secunde
L 05/18/2017 - 15:32:34: [slayafk.amxx] Tweetie a primit slay, deoarece a fost afk mai mult de 30 secunde
L 05/18/2017 - 15:33:24: [slayafk.amxx] Tweetie a primit slay, deoarece a fost afk mai mult de 30 secunde
L 05/18/2017 - 15:34:09: [slayafk.amxx] Tweetie a primit slay, deoarece a fost afk mai mult de 30 secunde
L 05/18/2017 - 15:35:03: [slayafk.amxx] Tweetie a primit slay, deoarece a fost afk mai mult de 30 secunde
L 05/18/2017 - 15:35:58: [slayafk.amxx] Tweetie a primit slay, deoarece a fost afk mai mult de 30 secunde
L 05/18/2017 - 15:37:04: [slayafk.amxx] Tweetie a primit slay, deoarece a fost afk mai mult de 30 secunde
L 05/18/2017 - 15:39:39: [slayafk.amxx] Tweetie a primit slay, deoarece a fost afk mai mult de 30 secunde
L 05/18/2017 - 15:40:44: [slayafk.amxx] Tweetie a primit slay, deoarece a fost afk mai mult de 30 secunde
L 05/18/2017 - 15:41:53: [slayafk.amxx] Tweetie a primit slay, deoarece a fost afk mai mult de 30 secunde
L 05/18/2017 - 16:06:38: -------- Mapchange to deathrun_standup --------
L 05/18/2017 - 16:06:39: [AMXX] Failed to open dictionary file: cstrike/addons/amxmodx/data/lang/walkguard.txt
L 05/18/2017 - 16:06:40: [walkguard.amxx] no zone-file found
L 05/18/2017 - 16:07:09: [admincmd.amxx] Cmd: "Dr.FioriGinal.Ro ~ Server Clasi<0><><>" slay "Hitsouka<308><STEAM_0:0:1095217314><>"
L 05/18/2017 - 16:32:05: -------- Mapchange to deathrun_sentinel --------
L 05/18/2017 - 16:32:16: -------- Mapchange to deathrun_forest --------
L 05/18/2017 - 16:32:24: [AMXX] Failed to open dictionary file: cstrike/addons/amxmodx/data/lang/walkguard.txt
L 05/18/2017 - 16:32:26: [walkguard.amxx] no zone-file found
L 05/18/2017 - 16:32:35: Invalid multi-lingual line (file "cstrike/addons/amxmodx/data/lang/rom_protect.txt" key "// *ROM-Protect// Plugin OpenSource anti-IsFlooding/bug-fix pentru orice server." lang "")
L 05/18/2017 - 16:32:35: Invalid multi-lingual line (file "cstrike/addons/amxmodx/data/lang/rom_protect.txt" key "// Versiunea : 1.0.4s-dev. Bulid : 98. Data lansarii versiunii : 03.12.2016." lang "")
L 05/18/2017 - 16:32:35: Invalid multi-lingual line (file "cstrike/addons/amxmodx/data/lang/rom_protect.txt" key "// Autor : lüxor # Dr.Fio & DR2.IND (+ eNd.) - SteamID (contact) : luxxxoor" lang "")
L 05/18/2017 - 16:32:35: Invalid multi-lingual line (file "cstrike/addons/amxmodx/data/lang/rom_protect.txt" key "// O productie FioriGinal.ro - site : www.fioriginal.ro" lang "")
L 05/18/2017 - 16:32:35: Invalid multi-lingual line (file "cstrike/addons/amxmodx/data/lang/rom_protect.txt" key "// Link forum de dezvoltare : http://forum.fioriginal.ro/amxmodx-plugins-pluginuri/rom-protect-anti-flood-bug-fix-t28292.html" lang "")
L 05/18/2017 - 16:32:35: Invalid multi-lingual line (file "cstrike/addons/amxmodx/data/lang/rom_protect.txt" key "// Link sursa : https://github.com/luxxxoor/ROM-Protect" lang "")
L 05/18/2017 - 16:32:35: Invalid multi-lingual line (file "cstrike/addons/amxmodx/data/lang/rom_protect.txt" key "// Colori : ^1 - Culoarea aleasa de jucator cu con_color." lang "")
L 05/18/2017 - 16:32:35: Invalid multi-lingual line (file "cstrike/addons/amxmodx/data/lang/rom_protect.txt" key "//          ^3 - Culoare gri." lang "")
L 05/18/2017 - 16:32:35: Invalid multi-lingual line (file "cstrike/addons/amxmodx/data/lang/rom_protect.txt" key "//          ^4 - Culoare verde." lang "")
L 05/18/2017 - 16:42:48: [admincmd.amxx] Cmd: "Dr.FioriGinal.Ro ~ Server Clasi<0><><>" slay "DOPA<7><STEAM_0:0:1875743988><>"
L 05/18/2017 - 17:06:11: [admincmd.amxx] Cmd: "Dr.FioriGinal.Ro ~ Server Clasi<0><><>" slay "wwwwwwwwwwwwnVidia E7 Player<15><VALVE_0:4:551548894><>"
L 05/18/2017 - 17:06:21: [admincmd.amxx] Cmd: "Dr.FioriGinal.Ro ~ Server Clasi<0><><>" slay "sf<16><STEAM_0:0:1522747117><>"
L 05/18/2017 - 17:20:50: [admincmd.amxx] Cmd: "Dr.FioriGinal.Ro ~ Server Clasi<0><><>" slay "qwe<25><VALVE_0:4:1388989042><>"
L 05/18/2017 - 17:20:56: [admincmd.amxx] Cmd: "Dr.FioriGinal.Ro ~ Server Clasi<0><><>" slay "sf<26><STEAM_0:0:1522747117><>"
L 05/18/2017 - 17:21:04: [admincmd.amxx] Cmd: "Dr.FioriGinal.Ro ~ Server Clasi<0><><>" slay "qwe<29><VALVE_0:4:1388989042><>"
L 05/18/2017 - 17:21:22: [admincmd.amxx] Cmd: "Dr.FioriGinal.Ro ~ Server Clasi<0><><>" slay "sf<30><STEAM_0:0:1522747117><>"
L 05/18/2017 - 17:21:34: [admincmd.amxx] Cmd: "Dr.FioriGinal.Ro ~ Server Clasi<0><><>" slay "sf<31><STEAM_0:0:1522747117><>"
L 05/18/2017 - 17:21:50: [admincmd.amxx] Cmd: "Dr.FioriGinal.Ro ~ Server Clasi<0><><>" slay "qwe<32><VALVE_0:4:1388989042><>"
L 05/18/2017 - 17:21:54: [admincmd.amxx] Cmd: "Dr.FioriGinal.Ro ~ Server Clasi<0><><>" slay "sf<33><STEAM_0:0:1522747117><>"
L 05/18/2017 - 17:22:04: [admincmd.amxx] Cmd: "Dr.FioriGinal.Ro ~ Server Clasi<0><><>" slay "qwe<34><VALVE_0:4:1388989042><>"
L 05/18/2017 - 17:22:09: [admincmd.amxx] Cmd: "Dr.FioriGinal.Ro ~ Server Clasi<0><><>" slay "sf<35><STEAM_0:0:1522747117><>"
L 05/18/2017 - 17:22:22: [admincmd.amxx] Cmd: "Dr.FioriGinal.Ro ~ Server Clasi<0><><>" slay "sf<39><STEAM_0:0:1522747117><>"
L 05/18/2017 - 17:25:16: [slayafk.amxx] Jumper! a primit slay, deoarece a fost afk mai mult de 30 secunde
L 05/18/2017 - 17:47:15: -------- Mapchange to deathrun_jinglebells --------
L 05/18/2017 - 17:47:17: [AMXX] Failed to open dictionary file: cstrike/addons/amxmodx/data/lang/walkguard.txt
L 05/18/2017 - 17:47:18: [walkguard.amxx] no zone-file found
L 05/18/2017 - 18:04:48: [admincmd.amxx] Cmd: "Dr.FioriGinal.Ro ~ Server Clasi<0><><>" slay "[mr] isam ghaith<55><STEAM_0:0:997819823><>"
L 05/18/2017 - 18:05:13: [admin.amxx] Login: "cool<56><STEAM_0:1:25922700><>" became an admin (account "cool") (access "b") (address "5.14.110.87")
L 05/18/2017 - 18:14:28: [admincmd.amxx] Cmd: "Dr.FioriGinal.Ro ~ Server Clasi<0><><>" slay "[mr] isam ghaith<59><STEAM_0:0:997819823><>"
L 05/18/2017 - 18:27:52: [admincmd.amxx] Cmd: "Dr.FioriGinal.Ro ~ Server Clasi<0><><>" slay "Hitsouka<64><STEAM_0:0:1095217314><>"
L 05/18/2017 - 18:30:16: [admincmd.amxx] Cmd: "Dr.FioriGinal.Ro ~ Server Clasi<0><><>" slay "Hitsouka<67><STEAM_0:0:1095217314><>"
L 05/18/2017 - 18:55:13: -------- Mapchange to deathrun_long_run --------
L 05/18/2017 - 18:55:15: [AMXX] Failed to open dictionary file: cstrike/addons/amxmodx/data/lang/walkguard.txt
L 05/18/2017 - 18:55:16: [walkguard.amxx] no zone-file found
L 05/18/2017 - 18:59:51: [admincmd.amxx] Cmd: "Dr.FioriGinal.Ro ~ Server Clasi<0><><>" slay "CR^zZCristina.<81><VALVE_0:4:59984507><>"
L 05/18/2017 - 19:03:22: [admincmd.amxx] Cmd: "Dr.FioriGinal.Ro ~ Server Clasi<0><><>" slay "ALCAPONE<84><VALVE_0:4:1928052939><>"
L 05/18/2017 - 19:03:52: [admincmd.amxx] Cmd: "Dr.FioriGinal.Ro ~ Server Clasi<0><><>" slay "CR^zZCristina.<85><VALVE_0:4:59984507><>"
L 05/18/2017 - 19:07:32: [admincmd.amxx] Cmd: "Dr.FioriGinal.Ro ~ Server Clasi<0><><>" slay "CR^zZCristina.<87><VALVE_0:4:59984507><>"
L 05/18/2017 - 19:08:15: [admincmd.amxx] Cmd: "Dr.FioriGinal.Ro ~ Server Clasi<0><><>" slay "CR^zZCristina.<90><VALVE_0:4:59984507><>"
L 05/18/2017 - 19:08:52: [admincmd.amxx] Cmd: "Dr.FioriGinal.Ro ~ Server Clasi<0><><>" slay "CR^zZCristina.<91><VALVE_0:4:59984507><>"
L 05/18/2017 - 19:10:52: [admincmd.amxx] Cmd: "Dr.FioriGinal.Ro ~ Server Clasi<0><><>" slay "CR^zZCristina.<93><VALVE_0:4:59984507><>"
L 05/18/2017 - 19:11:50: [slayafk.amxx] LGProfessionalTeam @ leaveee a primit slay, deoarece a fost afk mai mult de 30 secunde
L 05/18/2017 - 19:12:40: [slayafk.amxx] LGProfessionalTeam @ leaveee a primit slay, deoarece a fost afk mai mult de 30 secunde
L 05/18/2017 - 19:14:51: [admincmd.amxx] Cmd: "Dr.FioriGinal.Ro ~ Server Clasi<0><><>" slay "th3#Like<96><STEAM_0:0:9786116><>"
L 05/18/2017 - 19:23:04: [admincmd.amxx] Cmd: "Dr.FioriGinal.Ro ~ Server Clasi<0><><>" slay "Hitsouka<103><STEAM_0:0:1095217314><>"
L 05/18/2017 - 19:37:31: [admincmd.amxx] Cmd: "Dr.FioriGinal.Ro ~ Server Clasi<0><><>" slay "mwheeldown.KeBu^<106><STEAM_0:0:1430659934><>"
L 05/18/2017 - 19:38:39: [admincmd.amxx] Cmd: "Dr.FioriGinal.Ro ~ Server Clasi<0><><>" slay "Tweetie<109><VALVE_0:4:512084603><>"
L 05/18/2017 - 19:41:25: [slayafk.amxx] mwheeldown.KeBu^ a primit slay, deoarece a fost afk mai mult de 30 secunde
L 05/18/2017 - 19:42:20: [slayafk.amxx] mwheeldown.KeBu^ a primit slay, deoarece a fost afk mai mult de 30 secunde
L 05/18/2017 - 19:43:05: [slayafk.amxx] mwheeldown.KeBu^ a primit slay, deoarece a fost afk mai mult de 30 secunde
L 05/18/2017 - 19:43:50: [slayafk.amxx] mwheeldown.KeBu^ a primit slay, deoarece a fost afk mai mult de 30 secunde
L 05/18/2017 - 19:45:54: [admincmd.amxx] Cmd: "Dr.FioriGinal.Ro ~ Server Clasi<0><><>" slay "CR^zZCristina.<113><VALVE_0:4:59984507><>"
L 05/18/2017 - 19:46:39: [admincmd.amxx] Cmd: "Dr.FioriGinal.Ro ~ Server Clasi<0><><>" slay "CR^zZCristina.<114><VALVE_0:4:59984507><>"
L 05/18/2017 - 19:47:34: [admincmd.amxx] Cmd: "Dr.FioriGinal.Ro ~ Server Clasi<0><><>" slay "CR^zZCristina.<115><VALVE_0:4:59984507><>"
L 05/18/2017 - 19:47:56: [admincmd.amxx] Cmd: "Dr.FioriGinal.Ro ~ Server Clasi<0><><>" slay "CR^zZCristina.<116><VALVE_0:4:59984507><>"
L 05/18/2017 - 19:48:37: [admincmd.amxx] Cmd: "Dr.FioriGinal.Ro ~ Server Clasi<0><><>" slay "CR^zZCristina.<118><VALVE_0:4:59984507><>"
L 05/18/2017 - 19:48:40: [slayafk.amxx] mwheeldown.KeBu^ a primit slay, deoarece a fost afk mai mult de 30 secunde
L 05/18/2017 - 19:50:10: [admincmd.amxx] Cmd: "Dr.FioriGinal.Ro ~ Server Clasi<0><><>" slay "CR^zZCristina.<119><VALVE_0:4:59984507><>"
L 05/18/2017 - 19:51:16: [admincmd.amxx] Cmd: "Dr.FioriGinal.Ro ~ Server Clasi<0><><>" slay "CR^zZCristina.<121><VALVE_0:4:59984507><>"
L 05/18/2017 - 19:51:29: [admincmd.amxx] Cmd: "Dr.FioriGinal.Ro ~ Server Clasi<0><><>" slay "CR^zZCristina.<122><VALVE_0:4:59984507><>"
L 05/18/2017 - 19:51:47: [admincmd.amxx] Cmd: "Dr.FioriGinal.Ro ~ Server Clasi<0><><>" slay "CR^zZCristina.<123><VALVE_0:4:59984507><>"
L 05/18/2017 - 19:52:47: [admincmd.amxx] Cmd: "Dr.FioriGinal.Ro ~ Server Clasi<0><><>" slay "CR^zZCristina.<124><VALVE_0:4:59984507><>"
L 05/18/2017 - 19:53:12: [admincmd.amxx] Cmd: "Dr.FioriGinal.Ro ~ Server Clasi<0><><>" slay "CR^zZCristina.<126><VALVE_0:4:59984507><>"
L 05/18/2017 - 19:54:55: [slayafk.amxx] mwheeldown.KeBu^ a primit slay, deoarece a fost afk mai mult de 30 secunde
L 05/18/2017 - 19:55:30: [slayafk.amxx] mwheeldown.KeBu^ a primit slay, deoarece a fost afk mai mult de 30 secunde
L 05/18/2017 - 19:57:30: [slayafk.amxx] mwheeldown.KeBu^ a primit slay, deoarece a fost afk mai mult de 30 secunde
L 05/18/2017 - 19:58:31: [admincmd.amxx] Cmd: "Dr.FioriGinal.Ro ~ Server Clasi<0><><>" slay "sww<128><STEAM_0:0:104584520><>"
L 05/18/2017 - 19:59:10: [admincmd.amxx] Cmd: "Dr.FioriGinal.Ro ~ Server Clasi<0><><>" slay "sww<129><STEAM_0:0:104584520><>"
L 05/18/2017 - 19:59:35: [admincmd.amxx] Cmd: "Dr.FioriGinal.Ro ~ Server Clasi<0><><>" slay "sww<130><STEAM_0:0:104584520><>"
L 05/18/2017 - 19:59:49: [admincmd.amxx] Cmd: "Dr.FioriGinal.Ro ~ Server Clasi<0><><>" slay "sww<132><STEAM_0:0:104584520><>"
L 05/18/2017 - 20:00:05: [slayafk.amxx] mwheeldown.KeBu^ a primit slay, deoarece a fost afk mai mult de 30 secunde
L 05/18/2017 - 20:01:40: [slayafk.amxx] mwheeldown.KeBu^ a primit slay, deoarece a fost afk mai mult de 30 secunde
L 05/18/2017 - 20:08:41: [admin.amxx] Login: "Bidi<142><STEAM_0:1:45864800><>" became an admin (account "Bidi") (access "bit") (address "176.223.46.121")
L 05/18/2017 - 20:08:48: [admin.amxx] Login: "Bidi<143><STEAM_0:1:45864800><>" became an admin (account "Bidi") (access "bit") (address "176.223.46.121")
L 05/18/2017 - 20:08:54: [admincmd.amxx] Cmd: "Dr.FioriGinal.Ro ~ Server Clasi<0><><>" slay "Bidi<143><STEAM_0:1:45864800><>"
L 05/18/2017 - 20:09:18: [admin.amxx] Login: "Bidi<144><STEAM_0:1:45864800><>" became an admin (account "Bidi") (access "bit") (address "176.223.46.121")
L 05/18/2017 - 20:09:25: [admincmd.amxx] Cmd: "Dr.FioriGinal.Ro ~ Server Clasi<0><><>" slay "Bidi<144><STEAM_0:1:45864800><>"
L 05/18/2017 - 20:10:30: [slayafk.amxx] mwheeldown.KeBu^ a primit slay, deoarece a fost afk mai mult de 30 secunde
L 05/18/2017 - 20:21:18: [admincmd.amxx] Cmd: "Dr.FioriGinal.Ro ~ Server Clasi<0><><>" slay "NaShU^<150><VALVE_0:4:1736211842><>"
L 05/18/2017 - 20:21:39: [admincmd.amxx] Cmd: "Dr.FioriGinal.Ro ~ Server Clasi<0><><>" slay "NaShU^<151><VALVE_0:4:1736211842><>"
L 05/18/2017 - 20:31:48: [admincmd.amxx] Cmd: "Dr.FioriGinal.Ro ~ Server Clasi<0><><>" slay "samgsx<154><VALVE_0:4:1736211842><>"
L 05/18/2017 - 20:32:10: [admincmd.amxx] Cmd: "Dr.FioriGinal.Ro ~ Server Clasi<0><><>" slay "samgsx<155><VALVE_0:4:1736211842><>"
L 05/18/2017 - 20:40:09: [admincmd.amxx] Cmd: "Dr.FioriGinal.Ro ~ Server Clasi<0><><>" slay "CR^zZCristina.<160><VALVE_0:4:59984507><>"
L 05/18/2017 - 20:41:57: [admincmd.amxx] Cmd: "Dr.FioriGinal.Ro ~ Server Clasi<0><><>" slay "[mr] isam ghaith<162><STEAM_0:0:997819823><>"
L 05/18/2017 - 20:44:41: [admincmd.amxx] Cmd: "Dr.FioriGinal.Ro ~ Server Clasi<0><><>" slay "CR^zZCristina.<166><VALVE_0:4:59984507><>"
L 05/18/2017 - 20:49:18: [admincmd.amxx] Cmd: "Dr.FioriGinal.Ro ~ Server Clasi<0><><>" slay "fear.<170><STEAM_0:0:1803854523><>"
L 05/18/2017 - 20:53:35: [slayafk.amxx] death a primit slay, deoarece a fost afk mai mult de 30 secunde
L 05/18/2017 - 20:54:05: [slayafk.amxx] SheiKh a primit slay, deoarece a fost afk mai mult de 30 secunde
L 05/18/2017 - 20:55:20: [slayafk.amxx] SheiKh a primit slay, deoarece a fost afk mai mult de 30 secunde
L 05/18/2017 - 20:56:00: [slayafk.amxx] SheiKh a primit slay, deoarece a fost afk mai mult de 30 secunde
L 05/18/2017 - 20:56:12: [admincmd.amxx] Cmd: "Dr.FioriGinal.Ro ~ Server Clasi<0><><>" slay "mwheeldown.KeBu^<180><STEAM_0:0:1430659934><>"
L 05/18/2017 - 20:57:03: [admincmd.amxx] Cmd: "Dr.FioriGinal.Ro ~ Server Clasi<0><><>" slay "mwheeldown.KeBu^<182><STEAM_0:0:1430659934><>"
L 05/18/2017 - 20:57:16: [admincmd.amxx] Cmd: "Dr.FioriGinal.Ro ~ Server Clasi<0><><>" slay "mwheeldown.KeBu^<183><STEAM_0:0:1430659934><>"
L 05/18/2017 - 20:57:48: [admincmd.amxx] Cmd: "Dr.FioriGinal.Ro ~ Server Clasi<0><><>" slay "mwheeldown.KeBu^<184><STEAM_0:0:1430659934><>"
L 05/18/2017 - 20:58:25: [admincmd.amxx] Cmd: "Dr.FioriGinal.Ro ~ Server Clasi<0><><>" slay "mwheeldown.KeBu^<185><STEAM_0:0:1430659934><>"
L 05/18/2017 - 20:58:49: [admincmd.amxx] Cmd: "Dr.FioriGinal.Ro ~ Server Clasi<0><><>" slay "mwheeldown.KeBu^<186><STEAM_0:0:1430659934><>"
L 05/18/2017 - 20:59:16: [admincmd.amxx] Cmd: "Dr.FioriGinal.Ro ~ Server Clasi<0><><>" slay "mwheeldown.KeBu^<187><STEAM_0:0:1430659934><>"
L 05/18/2017 - 21:15:18: [admincmd.amxx] Cmd: "Dr.FioriGinal.Ro ~ Server Clasi<0><><>" slay "YuMMy<197><STEAM_0:0:733114391><>"
L 05/18/2017 - 21:15:30: [admincmd.amxx] Cmd: "Dr.FioriGinal.Ro ~ Server Clasi<0><><>" slay "YuMMy<199><STEAM_0:0:733114391><>"
L 05/18/2017 - 21:15:47: [admincmd.amxx] Cmd: "Dr.FioriGinal.Ro ~ Server Clasi<0><><>" slay "YuMMy<200><STEAM_0:0:733114391><>"
L 05/18/2017 - 21:18:13: [admincmd.amxx] Cmd: "Dr.FioriGinal.Ro ~ Server Clasi<0><><>" slay "YuMMy<201><STEAM_0:0:733114391><>"
L 05/18/2017 - 21:19:41: [admincmd.amxx] Cmd: "Dr.FioriGinal.Ro ~ Server Clasi<0><><>" slay "YuMMy<202><STEAM_0:0:733114391><>"
L 05/18/2017 - 21:20:36: [admincmd.amxx] Cmd: "Dr.FioriGinal.Ro ~ Server Clasi<0><><>" slay "YuMMy<203><STEAM_0:0:733114391><>"
L 05/18/2017 - 21:20:59: [admincmd.amxx] Cmd: "Dr.FioriGinal.Ro ~ Server Clasi<0><><>" slay "YuMMy<205><STEAM_0:0:733114391><>"
L 05/18/2017 - 21:21:55: [admincmd.amxx] Cmd: "Dr.FioriGinal.Ro ~ Server Clasi<0><><>" slay "YuMMy<206><STEAM_0:0:733114391><>"
L 05/18/2017 - 21:22:39: [admincmd.amxx] Cmd: "Dr.FioriGinal.Ro ~ Server Clasi<0><><>" slay "YuMMy<207><STEAM_0:0:733114391><>"
L 05/18/2017 - 21:23:11: [admincmd.amxx] Cmd: "Dr.FioriGinal.Ro ~ Server Clasi<0><><>" slay "YuMMy<208><STEAM_0:0:733114391><>"
L 05/18/2017 - 21:57:05: [slayafk.amxx] unnamed a primit slay, deoarece a fost afk mai mult de 30 secunde
L 05/18/2017 - 21:57:45: [slayafk.amxx] unnamed a primit slay, deoarece a fost afk mai mult de 30 secunde
L 05/18/2017 - 22:19:00: [admincmd.amxx] Cmd: "Dr.FioriGinal.Ro ~ Server Clasi<0><><>" slay "Ro.#iNdecEnT<227><STEAM_0:0:58082199><>"
L 05/18/2017 - 22:55:10: -------- Mapchange to deathrun_virtualstrike --------
L 05/18/2017 - 22:55:12: [AMXX] Failed to open dictionary file: cstrike/addons/amxmodx/data/lang/walkguard.txt
L 05/18/2017 - 22:55:13: [walkguard.amxx] no zone-file found
L 05/18/2017 - 22:55:49: [admincmd.amxx] Cmd: "Dr.FioriGinal.Ro ~ Server Clasi<0><><>" slay "SWEQW | LOW<236><VALVE_0:4:1825069426><>"
L 05/18/2017 - 23:28:03: -------- Mapchange to deathrun_nightrun_beta3 --------
L 05/18/2017 - 23:28:05: [AMXX] Failed to open dictionary file: cstrike/addons/amxmodx/data/lang/walkguard.txt
L 05/18/2017 - 23:28:06: [walkguard.amxx] no zone-file found
L 05/18/2017 - 23:30:20: [admincmd.amxx] Cmd: "Dr.FioriGinal.Ro ~ Server Clasi<0><><>" slay "alexx12<253><STEAM_0:0:1759788244><>"
L 05/18/2017 - 23:55:24: -------- Mapchange to deathrun_0mega --------
L 05/18/2017 - 23:55:26: [AMXX] Failed to open dictionary file: cstrike/addons/amxmodx/data/lang/walkguard.txt
L 05/18/2017 - 23:55:27: [walkguard.amxx] no zone-file found
